[0.906s] Invoking command in '/home/mscrobotics2425laptop11/interbotix_ws/build/moveit_visual_tools': CMAKE_PREFIX_PATH=${CMAKE_PREFIX_PATH}:/home/mscrobotics2425laptop11/interbotix_ws/install/interbotix_xs_modules:/home/mscrobotics2425laptop11/interbotix_ws/install/interbotix_perception_modules:/home/mscrobotics2425laptop11/interbotix_ws/install/interbotix_common_modules:/opt/ros/humble /usr/bin/cmake --build /home/mscrobotics2425laptop11/interbotix_ws/build/moveit_visual_tools -- -j12 -l12
[1.805s] [ 66%] Built target moveit_visual_tools
[2.136s] [100%] Built target moveit_visual_tools_demo
[2.241s] Invoked command in '/home/mscrobotics2425laptop11/interbotix_ws/build/moveit_visual_tools' returned '0': CMAKE_PREFIX_PATH=${CMAKE_PREFIX_PATH}:/home/mscrobotics2425laptop11/interbotix_ws/install/interbotix_xs_modules:/home/mscrobotics2425laptop11/interbotix_ws/install/interbotix_perception_modules:/home/mscrobotics2425laptop11/interbotix_ws/install/interbotix_common_modules:/opt/ros/humble /usr/bin/cmake --build /home/mscrobotics2425laptop11/interbotix_ws/build/moveit_visual_tools -- -j12 -l12
[2.251s] Invoking command in '/home/mscrobotics2425laptop11/interbotix_ws/build/moveit_visual_tools': CMAKE_PREFIX_PATH=${CMAKE_PREFIX_PATH}:/home/mscrobotics2425laptop11/interbotix_ws/install/interbotix_xs_modules:/home/mscrobotics2425laptop11/interbotix_ws/install/interbotix_perception_modules:/home/mscrobotics2425laptop11/interbotix_ws/install/interbotix_common_modules:/opt/ros/humble /usr/bin/cmake --install /home/mscrobotics2425laptop11/interbotix_ws/build/moveit_visual_tools
[2.282s] -- Install configuration: "Release"
[2.283s] -- Up-to-date: /home/mscrobotics2425laptop11/interbotix_ws/install/moveit_visual_tools/share/moveit_visual_tools/environment/library_path.sh
[2.283s] -- Up-to-date: /home/mscrobotics2425laptop11/interbotix_ws/install/moveit_visual_tools/share/moveit_visual_tools/environment/library_path.dsv
[2.283s] -- Up-to-date: /home/mscrobotics2425laptop11/interbotix_ws/install/moveit_visual_tools/lib/libmoveit_visual_tools.so
[2.285s] -- Up-to-date: /home/mscrobotics2425laptop11/interbotix_ws/install/moveit_visual_tools/lib/moveit_visual_tools/moveit_visual_tools_demo
[2.285s] -- Up-to-date: /home/mscrobotics2425laptop11/interbotix_ws/install/moveit_visual_tools/include
[2.285s] -- Up-to-date: /home/mscrobotics2425laptop11/interbotix_ws/install/moveit_visual_tools/include/moveit_visual_tools
[2.285s] -- Up-to-date: /home/mscrobotics2425laptop11/interbotix_ws/install/moveit_visual_tools/include/moveit_visual_tools/moveit_visual_tools.h
[2.286s] -- Up-to-date: /home/mscrobotics2425laptop11/interbotix_ws/install/moveit_visual_tools/include/moveit_visual_tools/imarker_end_effector.h
[2.286s] -- Up-to-date: /home/mscrobotics2425laptop11/interbotix_ws/install/moveit_visual_tools/include/moveit_visual_tools/imarker_robot_state.h
[2.286s] -- Up-to-date: /home/mscrobotics2425laptop11/interbotix_ws/install/moveit_visual_tools/share/moveit_visual_tools/launch
[2.286s] -- Up-to-date: /home/mscrobotics2425laptop11/interbotix_ws/install/moveit_visual_tools/share/moveit_visual_tools/launch/demo_rviz.launch.py
[2.286s] -- Up-to-date: /home/mscrobotics2425laptop11/interbotix_ws/install/moveit_visual_tools/share/moveit_visual_tools/launch/demo.rviz
[2.286s] -- Up-to-date: /home/mscrobotics2425laptop11/interbotix_ws/install/moveit_visual_tools/share/moveit_visual_tools/resources
[2.286s] -- Up-to-date: /home/mscrobotics2425laptop11/interbotix_ws/install/moveit_visual_tools/share/moveit_visual_tools/resources/demo.png
[2.286s] -- Up-to-date: /home/mscrobotics2425laptop11/interbotix_ws/install/moveit_visual_tools/share/moveit_visual_tools/resources/rrbot.srdf
[2.286s] -- Up-to-date: /home/mscrobotics2425laptop11/interbotix_ws/install/moveit_visual_tools/share/moveit_visual_tools/resources/screenshot.png
[2.287s] -- Up-to-date: /home/mscrobotics2425laptop11/interbotix_ws/install/moveit_visual_tools/share/moveit_visual_tools/resources/demo_mesh.stl
[2.287s] -- Up-to-date: /home/mscrobotics2425laptop11/interbotix_ws/install/moveit_visual_tools/share/moveit_visual_tools/resources/rrbot.urdf
[2.287s] -- Up-to-date: /home/mscrobotics2425laptop11/interbotix_ws/install/moveit_visual_tools/share/ament_index/resource_index/package_run_dependencies/moveit_visual_tools
[2.287s] -- Up-to-date: /home/mscrobotics2425laptop11/interbotix_ws/install/moveit_visual_tools/share/ament_index/resource_index/parent_prefix_path/moveit_visual_tools
[2.287s] -- Up-to-date: /home/mscrobotics2425laptop11/interbotix_ws/install/moveit_visual_tools/share/moveit_visual_tools/environment/ament_prefix_path.sh
[2.287s] -- Up-to-date: /home/mscrobotics2425laptop11/interbotix_ws/install/moveit_visual_tools/share/moveit_visual_tools/environment/ament_prefix_path.dsv
[2.287s] -- Up-to-date: /home/mscrobotics2425laptop11/interbotix_ws/install/moveit_visual_tools/share/moveit_visual_tools/environment/path.sh
[2.287s] -- Up-to-date: /home/mscrobotics2425laptop11/interbotix_ws/install/moveit_visual_tools/share/moveit_visual_tools/environment/path.dsv
[2.287s] -- Up-to-date: /home/mscrobotics2425laptop11/interbotix_ws/install/moveit_visual_tools/share/moveit_visual_tools/local_setup.bash
[2.287s] -- Up-to-date: /home/mscrobotics2425laptop11/interbotix_ws/install/moveit_visual_tools/share/moveit_visual_tools/local_setup.sh
[2.287s] -- Up-to-date: /home/mscrobotics2425laptop11/interbotix_ws/install/moveit_visual_tools/share/moveit_visual_tools/local_setup.zsh
[2.287s] -- Up-to-date: /home/mscrobotics2425laptop11/interbotix_ws/install/moveit_visual_tools/share/moveit_visual_tools/local_setup.dsv
[2.288s] -- Installing: /home/mscrobotics2425laptop11/interbotix_ws/install/moveit_visual_tools/share/moveit_visual_tools/package.dsv
[2.290s] -- Up-to-date: /home/mscrobotics2425laptop11/interbotix_ws/install/moveit_visual_tools/share/ament_index/resource_index/packages/moveit_visual_tools
[2.293s] -- Up-to-date: /home/mscrobotics2425laptop11/interbotix_ws/install/moveit_visual_tools/share/moveit_visual_tools/cmake/export_moveit_visual_toolsExport.cmake
[2.295s] -- Up-to-date: /home/mscrobotics2425laptop11/interbotix_ws/install/moveit_visual_tools/share/moveit_visual_tools/cmake/export_moveit_visual_toolsExport-release.cmake
[2.296s] -- Up-to-date: /home/mscrobotics2425laptop11/interbotix_ws/install/moveit_visual_tools/share/moveit_visual_tools/cmake/ament_cmake_export_targets-extras.cmake
[2.296s] -- Up-to-date: /home/mscrobotics2425laptop11/interbotix_ws/install/moveit_visual_tools/share/moveit_visual_tools/cmake/ament_cmake_export_dependencies-extras.cmake
[2.297s] -- Up-to-date: /home/mscrobotics2425laptop11/interbotix_ws/install/moveit_visual_tools/share/moveit_visual_tools/cmake/moveit_visual_toolsConfig.cmake
[2.297s] -- Up-to-date: /home/mscrobotics2425laptop11/interbotix_ws/install/moveit_visual_tools/share/moveit_visual_tools/cmake/moveit_visual_toolsConfig-version.cmake
[2.298s] -- Up-to-date: /home/mscrobotics2425laptop11/interbotix_ws/install/moveit_visual_tools/share/moveit_visual_tools/package.xml
[2.303s] Invoked command in '/home/mscrobotics2425laptop11/interbotix_ws/build/moveit_visual_tools' returned '0': CMAKE_PREFIX_PATH=${CMAKE_PREFIX_PATH}:/home/mscrobotics2425laptop11/interbotix_ws/install/interbotix_xs_modules:/home/mscrobotics2425laptop11/interbotix_ws/install/interbotix_perception_modules:/home/mscrobotics2425laptop11/interbotix_ws/install/interbotix_common_modules:/opt/ros/humble /usr/bin/cmake --install /home/mscrobotics2425laptop11/interbotix_ws/build/moveit_visual_tools
