[0.732s] Invoking command in '/home/mscrobotics2425laptop5/yolox_pose_estimator': PYTHONPATH=/home/mscrobotics2425laptop5/yolox_pose_estimator/build/yolox_pose_estimator/prefix_override:/usr/lib/python3/dist-packages/colcon_core/task/python/colcon_distutils_commands:/home/mscrobotics2425laptop5/yolox_pose_estimator/install/yolox_pose_estimator/lib/python3.10/site-packages:${PYTHONPATH} /usr/bin/python3 -W ignore:setup.py install is deprecated setup.py egg_info --egg-base build/yolox_pose_estimator build --build-base /home/mscrobotics2425laptop5/yolox_pose_estimator/build/yolox_pose_estimator/build install --record /home/mscrobotics2425laptop5/yolox_pose_estimator/build/yolox_pose_estimator/install.log --single-version-externally-managed install_data
[0.999s] running egg_info
[1.000s] creating build/yolox_pose_estimator/yolox_pose_estimator.egg-info
[1.000s] writing build/yolox_pose_estimator/yolox_pose_estimator.egg-info/PKG-INFO
[1.000s] writing dependency_links to build/yolox_pose_estimator/yolox_pose_estimator.egg-info/dependency_links.txt
[1.001s] writing entry points to build/yolox_pose_estimator/yolox_pose_estimator.egg-info/entry_points.txt
[1.001s] writing requirements to build/yolox_pose_estimator/yolox_pose_estimator.egg-info/requires.txt
[1.001s] writing top-level names to build/yolox_pose_estimator/yolox_pose_estimator.egg-info/top_level.txt
[1.001s] writing manifest file 'build/yolox_pose_estimator/yolox_pose_estimator.egg-info/SOURCES.txt'
[1.009s] reading manifest file 'build/yolox_pose_estimator/yolox_pose_estimator.egg-info/SOURCES.txt'
[1.011s] writing manifest file 'build/yolox_pose_estimator/yolox_pose_estimator.egg-info/SOURCES.txt'
[1.011s] running build
[1.011s] running build_py
[1.012s] creating /home/mscrobotics2425laptop5/yolox_pose_estimator/build/yolox_pose_estimator/build
[1.012s] creating /home/mscrobotics2425laptop5/yolox_pose_estimator/build/yolox_pose_estimator/build/lib
[1.012s] creating /home/mscrobotics2425laptop5/yolox_pose_estimator/build/yolox_pose_estimator/build/lib/yolox_pose_estimator
[1.012s] copying yolox_pose_estimator/__init__.py -> /home/mscrobotics2425laptop5/yolox_pose_estimator/build/yolox_pose_estimator/build/lib/yolox_pose_estimator
[1.012s] copying yolox_pose_estimator/estimator_node.py -> /home/mscrobotics2425laptop5/yolox_pose_estimator/build/yolox_pose_estimator/build/lib/yolox_pose_estimator
[1.013s] running install
[1.014s] running install_lib
[1.016s] creating /home/mscrobotics2425laptop5/yolox_pose_estimator/install/yolox_pose_estimator/lib/python3.10/site-packages/yolox_pose_estimator
[1.017s] copying /home/mscrobotics2425laptop5/yolox_pose_estimator/build/yolox_pose_estimator/build/lib/yolox_pose_estimator/__init__.py -> /home/mscrobotics2425laptop5/yolox_pose_estimator/install/yolox_pose_estimator/lib/python3.10/site-packages/yolox_pose_estimator
[1.017s] copying /home/mscrobotics2425laptop5/yolox_pose_estimator/build/yolox_pose_estimator/build/lib/yolox_pose_estimator/estimator_node.py -> /home/mscrobotics2425laptop5/yolox_pose_estimator/install/yolox_pose_estimator/lib/python3.10/site-packages/yolox_pose_estimator
[1.018s] byte-compiling /home/mscrobotics2425laptop5/yolox_pose_estimator/install/yolox_pose_estimator/lib/python3.10/site-packages/yolox_pose_estimator/__init__.py to __init__.cpython-310.pyc
[1.019s] byte-compiling /home/mscrobotics2425laptop5/yolox_pose_estimator/install/yolox_pose_estimator/lib/python3.10/site-packages/yolox_pose_estimator/estimator_node.py to estimator_node.cpython-310.pyc
[1.023s] running install_data
[1.024s] creating /home/mscrobotics2425laptop5/yolox_pose_estimator/install/yolox_pose_estimator/share/ament_index
[1.024s] creating /home/mscrobotics2425laptop5/yolox_pose_estimator/install/yolox_pose_estimator/share/ament_index/resource_index
[1.024s] creating /home/mscrobotics2425laptop5/yolox_pose_estimator/install/yolox_pose_estimator/share/ament_index/resource_index/packages
[1.025s] copying resource/yolox_pose_estimator -> /home/mscrobotics2425laptop5/yolox_pose_estimator/install/yolox_pose_estimator/share/ament_index/resource_index/packages
[1.025s] copying package.xml -> /home/mscrobotics2425laptop5/yolox_pose_estimator/install/yolox_pose_estimator/share/yolox_pose_estimator
[1.025s] running install_egg_info
[1.030s] Copying build/yolox_pose_estimator/yolox_pose_estimator.egg-info to /home/mscrobotics2425laptop5/yolox_pose_estimator/install/yolox_pose_estimator/lib/python3.10/site-packages/yolox_pose_estimator-0.0.0-py3.10.egg-info
[1.030s] running install_scripts
[1.064s] writing list of installed files to '/home/mscrobotics2425laptop5/yolox_pose_estimator/build/yolox_pose_estimator/install.log'
[1.096s] Invoked command in '/home/mscrobotics2425laptop5/yolox_pose_estimator' returned '0': PYTHONPATH=/home/mscrobotics2425laptop5/yolox_pose_estimator/build/yolox_pose_estimator/prefix_override:/usr/lib/python3/dist-packages/colcon_core/task/python/colcon_distutils_commands:/home/mscrobotics2425laptop5/yolox_pose_estimator/install/yolox_pose_estimator/lib/python3.10/site-packages:${PYTHONPATH} /usr/bin/python3 -W ignore:setup.py install is deprecated setup.py egg_info --egg-base build/yolox_pose_estimator build --build-base /home/mscrobotics2425laptop5/yolox_pose_estimator/build/yolox_pose_estimator/build install --record /home/mscrobotics2425laptop5/yolox_pose_estimator/build/yolox_pose_estimator/install.log --single-version-externally-managed install_data
