[0.058s] Invoking command in '/home/group4/ros2_ws/build/leo_gz_plugins': CMAKE_PREFIX_PATH=${CMAKE_PREFIX_PATH}:/home/group4/ros2_ws/install/teleop_leo:/home/group4/ros2_ws/install/real_leo:/home/group4/ros2_ws/install/my_leo:/home/group4/ros2_ws/install/gz_example_robot_description:/home/group4/ros2_ws/install/bt_demos:/home/group4/ros2_ws/install/autonomous_exploration:/home/group4/interbotix_ws/install/interbotix_xs_modules:/home/group4/interbotix_ws/install/interbotix_perception_modules:/home/group4/interbotix_ws/install/interbotix_common_modules:/opt/ros/humble /usr/bin/cmake --build /home/group4/ros2_ws/build/leo_gz_plugins -- -j16 -l16
[0.704s] [100%] Built target leo_gz_differential_plugin
[0.861s] Invoked command in '/home/group4/ros2_ws/build/leo_gz_plugins' returned '0': CMAKE_PREFIX_PATH=${CMAKE_PREFIX_PATH}:/home/group4/ros2_ws/install/teleop_leo:/home/group4/ros2_ws/install/real_leo:/home/group4/ros2_ws/install/my_leo:/home/group4/ros2_ws/install/gz_example_robot_description:/home/group4/ros2_ws/install/bt_demos:/home/group4/ros2_ws/install/autonomous_exploration:/home/group4/interbotix_ws/install/interbotix_xs_modules:/home/group4/interbotix_ws/install/interbotix_perception_modules:/home/group4/interbotix_ws/install/interbotix_common_modules:/opt/ros/humble /usr/bin/cmake --build /home/group4/ros2_ws/build/leo_gz_plugins -- -j16 -l16
[0.892s] Invoking command in '/home/group4/ros2_ws/build/leo_gz_plugins': CMAKE_PREFIX_PATH=${CMAKE_PREFIX_PATH}:/home/group4/ros2_ws/install/teleop_leo:/home/group4/ros2_ws/install/real_leo:/home/group4/ros2_ws/install/my_leo:/home/group4/ros2_ws/install/gz_example_robot_description:/home/group4/ros2_ws/install/bt_demos:/home/group4/ros2_ws/install/autonomous_exploration:/home/group4/interbotix_ws/install/interbotix_xs_modules:/home/group4/interbotix_ws/install/interbotix_perception_modules:/home/group4/interbotix_ws/install/interbotix_common_modules:/opt/ros/humble /usr/bin/cmake --install /home/group4/ros2_ws/build/leo_gz_plugins
[0.901s] -- Install configuration: ""
[0.905s] -- Up-to-date: /home/group4/ros2_ws/install/leo_gz_plugins/lib/libleo_gz_differential_plugin.so
[0.906s] -- Up-to-date: /home/group4/ros2_ws/install/leo_gz_plugins/share/leo_gz_plugins/environment/gz_sim_system_plugin_path.dsv
[0.906s] -- Up-to-date: /home/group4/ros2_ws/install/leo_gz_plugins/share/ament_index/resource_index/package_run_dependencies/leo_gz_plugins
[0.906s] -- Up-to-date: /home/group4/ros2_ws/install/leo_gz_plugins/share/ament_index/resource_index/parent_prefix_path/leo_gz_plugins
[0.906s] -- Up-to-date: /home/group4/ros2_ws/install/leo_gz_plugins/share/leo_gz_plugins/environment/ament_prefix_path.sh
[0.906s] -- Up-to-date: /home/group4/ros2_ws/install/leo_gz_plugins/share/leo_gz_plugins/environment/ament_prefix_path.dsv
[0.906s] -- Up-to-date: /home/group4/ros2_ws/install/leo_gz_plugins/share/leo_gz_plugins/environment/path.sh
[0.906s] -- Up-to-date: /home/group4/ros2_ws/install/leo_gz_plugins/share/leo_gz_plugins/environment/path.dsv
[0.906s] -- Up-to-date: /home/group4/ros2_ws/install/leo_gz_plugins/share/leo_gz_plugins/local_setup.bash
[0.906s] -- Up-to-date: /home/group4/ros2_ws/install/leo_gz_plugins/share/leo_gz_plugins/local_setup.sh
[0.906s] -- Up-to-date: /home/group4/ros2_ws/install/leo_gz_plugins/share/leo_gz_plugins/local_setup.zsh
[0.906s] -- Up-to-date: /home/group4/ros2_ws/install/leo_gz_plugins/share/leo_gz_plugins/local_setup.dsv
[0.906s] -- Installing: /home/group4/ros2_ws/install/leo_gz_plugins/share/leo_gz_plugins/package.dsv
[0.906s] -- Up-to-date: /home/group4/ros2_ws/install/leo_gz_plugins/share/ament_index/resource_index/packages/leo_gz_plugins
[0.906s] -- Up-to-date: /home/group4/ros2_ws/install/leo_gz_plugins/share/leo_gz_plugins/cmake/leo_gz_pluginsConfig.cmake
[0.906s] -- Up-to-date: /home/group4/ros2_ws/install/leo_gz_plugins/share/leo_gz_plugins/cmake/leo_gz_pluginsConfig-version.cmake
[0.906s] -- Up-to-date: /home/group4/ros2_ws/install/leo_gz_plugins/share/leo_gz_plugins/package.xml
[0.925s] Invoked command in '/home/group4/ros2_ws/build/leo_gz_plugins' returned '0': CMAKE_PREFIX_PATH=${CMAKE_PREFIX_PATH}:/home/group4/ros2_ws/install/teleop_leo:/home/group4/ros2_ws/install/real_leo:/home/group4/ros2_ws/install/my_leo:/home/group4/ros2_ws/install/gz_example_robot_description:/home/group4/ros2_ws/install/bt_demos:/home/group4/ros2_ws/install/autonomous_exploration:/home/group4/interbotix_ws/install/interbotix_xs_modules:/home/group4/interbotix_ws/install/interbotix_perception_modules:/home/group4/interbotix_ws/install/interbotix_common_modules:/opt/ros/humble /usr/bin/cmake --install /home/group4/ros2_ws/build/leo_gz_plugins
