[1.605s] Invoking command in '/home/mscrobotics2425laptop28/sim_ws/build/my_leo': PYTHONPATH=/home/mscrobotics2425laptop28/sim_ws/build/my_leo/prefix_override:/usr/lib/python3/dist-packages/colcon_core/task/python/colcon_distutils_commands:/home/mscrobotics2425laptop28/sim_ws/install/my_leo/lib/python3.10/site-packages:${PYTHONPATH} /usr/bin/python3 -W ignore:setup.py install is deprecated -W ignore:easy_install command is deprecated setup.py develop --editable --build-directory /home/mscrobotics2425laptop28/sim_ws/build/my_leo/build --no-deps symlink_data
[1.920s] /home/mscrobotics2425laptop28/.local/lib/python3.10/site-packages/setuptools/_distutils/dist.py:261: UserWarning: Unknown distribution option: 'tests_require'
[1.920s]   warnings.warn(msg)
[2.304s] running develop
[2.697s] running egg_info
[2.727s] creating my_leo.egg-info
[2.728s] writing my_leo.egg-info/PKG-INFO
[2.728s] writing dependency_links to my_leo.egg-info/dependency_links.txt
[2.729s] writing requirements to my_leo.egg-info/requires.txt
[2.729s] writing top-level names to my_leo.egg-info/top_level.txt
[2.729s] writing manifest file 'my_leo.egg-info/SOURCES.txt'
[2.816s] reading manifest file 'my_leo.egg-info/SOURCES.txt'
[2.817s] writing manifest file 'my_leo.egg-info/SOURCES.txt'
[2.834s] running build_ext
[2.834s] Creating /home/mscrobotics2425laptop28/sim_ws/install/my_leo/lib/python3.10/site-packages/my-leo.egg-link (link to .)
[2.835s] 
[2.835s] Installed /home/mscrobotics2425laptop28/sim_ws/build/my_leo
[2.835s] running symlink_data
[2.835s] creating /home/mscrobotics2425laptop28/sim_ws/install/my_leo/share/ament_index/resource_index/packages
[2.835s] symbolically linking /home/mscrobotics2425laptop28/sim_ws/build/my_leo/resource/my_leo -> /home/mscrobotics2425laptop28/sim_ws/install/my_leo/share/ament_index/resource_index/packages
[2.836s] symbolically linking /home/mscrobotics2425laptop28/sim_ws/build/my_leo/package.xml -> /home/mscrobotics2425laptop28/sim_ws/install/my_leo/share/my_leo
[2.836s] creating /home/mscrobotics2425laptop28/sim_ws/install/my_leo/share/my_leo/launch
[2.836s] symbolically linking /home/mscrobotics2425laptop28/sim_ws/build/my_leo/launch/rviz_leo.launch.py -> /home/mscrobotics2425laptop28/sim_ws/install/my_leo/share/my_leo/launch
[2.836s] symbolically linking /home/mscrobotics2425laptop28/sim_ws/build/my_leo/launch/my_leo.launch.py -> /home/mscrobotics2425laptop28/sim_ws/install/my_leo/share/my_leo/launch
[2.836s] symbolically linking /home/mscrobotics2425laptop28/sim_ws/build/my_leo/launch/navigation.launch.py -> /home/mscrobotics2425laptop28/sim_ws/install/my_leo/share/my_leo/launch
[2.836s] symbolically linking /home/mscrobotics2425laptop28/sim_ws/build/my_leo/launch/teleop_joy.launch.py -> /home/mscrobotics2425laptop28/sim_ws/install/my_leo/share/my_leo/launch
[2.836s] creating /home/mscrobotics2425laptop28/sim_ws/install/my_leo/share/my_leo/urdf
[2.836s] symbolically linking /home/mscrobotics2425laptop28/sim_ws/build/my_leo/urdf/leo_sim.urdf.xacro -> /home/mscrobotics2425laptop28/sim_ws/install/my_leo/share/my_leo/urdf
[2.836s] symbolically linking /home/mscrobotics2425laptop28/sim_ws/build/my_leo/urdf/laser.urdf.xacro -> /home/mscrobotics2425laptop28/sim_ws/install/my_leo/share/my_leo/urdf
[2.836s] symbolically linking /home/mscrobotics2425laptop28/sim_ws/build/my_leo/urdf/macros.xacro -> /home/mscrobotics2425laptop28/sim_ws/install/my_leo/share/my_leo/urdf
[2.837s] symbolically linking /home/mscrobotics2425laptop28/sim_ws/build/my_leo/urdf/arm.urdf.xacro -> /home/mscrobotics2425laptop28/sim_ws/install/my_leo/share/my_leo/urdf
[2.837s] creating /home/mscrobotics2425laptop28/sim_ws/install/my_leo/share/my_leo/behavior_tree_xml
[2.837s] symbolically linking /home/mscrobotics2425laptop28/sim_ws/build/my_leo/behavior_tree_xml/bt_example_0.xml -> /home/mscrobotics2425laptop28/sim_ws/install/my_leo/share/my_leo/behavior_tree_xml
[2.837s] creating /home/mscrobotics2425laptop28/sim_ws/install/my_leo/share/my_leo/rviz
[2.837s] symbolically linking /home/mscrobotics2425laptop28/sim_ws/build/my_leo/rviz/slam.rviz -> /home/mscrobotics2425laptop28/sim_ws/install/my_leo/share/my_leo/rviz
[2.838s] symbolically linking /home/mscrobotics2425laptop28/sim_ws/build/my_leo/rviz/nav2.rviz -> /home/mscrobotics2425laptop28/sim_ws/install/my_leo/share/my_leo/rviz
[2.838s] symbolically linking /home/mscrobotics2425laptop28/sim_ws/build/my_leo/rviz/robot.rviz -> /home/mscrobotics2425laptop28/sim_ws/install/my_leo/share/my_leo/rviz
[2.838s] creating /home/mscrobotics2425laptop28/sim_ws/install/my_leo/share/my_leo/worlds
[2.838s] symbolically linking /home/mscrobotics2425laptop28/sim_ws/build/my_leo/worlds/tb3.sdf -> /home/mscrobotics2425laptop28/sim_ws/install/my_leo/share/my_leo/worlds
[2.838s] symbolically linking /home/mscrobotics2425laptop28/sim_ws/build/my_leo/worlds/marsyard2022.sdf -> /home/mscrobotics2425laptop28/sim_ws/install/my_leo/share/my_leo/worlds
[2.838s] symbolically linking /home/mscrobotics2425laptop28/sim_ws/build/my_leo/worlds/zxj.sdf -> /home/mscrobotics2425laptop28/sim_ws/install/my_leo/share/my_leo/worlds
[2.838s] symbolically linking /home/mscrobotics2425laptop28/sim_ws/build/my_leo/worlds/meshes/wall.dae -> /home/mscrobotics2425laptop28/sim_ws/install/my_leo/share/my_leo/worlds
[2.838s] symbolically linking /home/mscrobotics2425laptop28/sim_ws/build/my_leo/worlds/meshes/starting_pen.dae -> /home/mscrobotics2425laptop28/sim_ws/install/my_leo/share/my_leo/worlds
[2.839s] symbolically linking /home/mscrobotics2425laptop28/sim_ws/build/my_leo/worlds/meshes/hexagon.dae -> /home/mscrobotics2425laptop28/sim_ws/install/my_leo/share/my_leo/worlds
[2.839s] creating /home/mscrobotics2425laptop28/sim_ws/install/my_leo/share/my_leo/models
[2.839s] symbolically linking /home/mscrobotics2425laptop28/sim_ws/build/my_leo/models/px150_5_wrist.stl -> /home/mscrobotics2425laptop28/sim_ws/install/my_leo/share/my_leo/models
[2.839s] symbolically linking /home/mscrobotics2425laptop28/sim_ws/build/my_leo/models/px150_8_gripper_bar.stl -> /home/mscrobotics2425laptop28/sim_ws/install/my_leo/share/my_leo/models
[2.839s] symbolically linking /home/mscrobotics2425laptop28/sim_ws/build/my_leo/models/WheelMecanumA.dae -> /home/mscrobotics2425laptop28/sim_ws/install/my_leo/share/my_leo/models
[2.839s] symbolically linking /home/mscrobotics2425laptop28/sim_ws/build/my_leo/models/Chassis_outline.stl -> /home/mscrobotics2425laptop28/sim_ws/install/my_leo/share/my_leo/models
[2.839s] symbolically linking /home/mscrobotics2425laptop28/sim_ws/build/my_leo/models/Wheel_outline.stl -> /home/mscrobotics2425laptop28/sim_ws/install/my_leo/share/my_leo/models
[2.840s] symbolically linking /home/mscrobotics2425laptop28/sim_ws/build/my_leo/models/px150_2_shoulder.stl -> /home/mscrobotics2425laptop28/sim_ws/install/my_leo/share/my_leo/models
[2.840s] symbolically linking /home/mscrobotics2425laptop28/sim_ws/build/my_leo/models/WheelA.dae -> /home/mscrobotics2425laptop28/sim_ws/install/my_leo/share/my_leo/models
[2.840s] symbolically linking /home/mscrobotics2425laptop28/sim_ws/build/my_leo/models/Chassis.dae -> /home/mscrobotics2425laptop28/sim_ws/install/my_leo/share/my_leo/models
[2.840s] symbolically linking /home/mscrobotics2425laptop28/sim_ws/build/my_leo/models/px150_1_base.stl -> /home/mscrobotics2425laptop28/sim_ws/install/my_leo/share/my_leo/models
[2.840s] symbolically linking /home/mscrobotics2425laptop28/sim_ws/build/my_leo/models/WheelB.dae -> /home/mscrobotics2425laptop28/sim_ws/install/my_leo/share/my_leo/models
[2.840s] symbolically linking /home/mscrobotics2425laptop28/sim_ws/build/my_leo/models/px150_4_forearm.stl -> /home/mscrobotics2425laptop28/sim_ws/install/my_leo/share/my_leo/models
[2.840s] symbolically linking /home/mscrobotics2425laptop28/sim_ws/build/my_leo/models/Rocker.dae -> /home/mscrobotics2425laptop28/sim_ws/install/my_leo/share/my_leo/models
[2.840s] symbolically linking /home/mscrobotics2425laptop28/sim_ws/build/my_leo/models/px150_7_gripper_prop.stl -> /home/mscrobotics2425laptop28/sim_ws/install/my_leo/share/my_leo/models
[2.840s] symbolically linking /home/mscrobotics2425laptop28/sim_ws/build/my_leo/models/Mecanum_wheel_outline.stl -> /home/mscrobotics2425laptop28/sim_ws/install/my_leo/share/my_leo/models
[2.840s] symbolically linking /home/mscrobotics2425laptop28/sim_ws/build/my_leo/models/Rocker_outline.stl -> /home/mscrobotics2425laptop28/sim_ws/install/my_leo/share/my_leo/models
[2.841s] symbolically linking /home/mscrobotics2425laptop28/sim_ws/build/my_leo/models/px150_6_gripper.stl -> /home/mscrobotics2425laptop28/sim_ws/install/my_leo/share/my_leo/models
[2.841s] symbolically linking /home/mscrobotics2425laptop28/sim_ws/build/my_leo/models/px150_10_ar_tag.stl -> /home/mscrobotics2425laptop28/sim_ws/install/my_leo/share/my_leo/models
[2.841s] symbolically linking /home/mscrobotics2425laptop28/sim_ws/build/my_leo/models/px150_3_upper_arm.stl -> /home/mscrobotics2425laptop28/sim_ws/install/my_leo/share/my_leo/models
[2.841s] symbolically linking /home/mscrobotics2425laptop28/sim_ws/build/my_leo/models/WheelMecanumB.dae -> /home/mscrobotics2425laptop28/sim_ws/install/my_leo/share/my_leo/models
[2.841s] symbolically linking /home/mscrobotics2425laptop28/sim_ws/build/my_leo/models/Antenna.dae -> /home/mscrobotics2425laptop28/sim_ws/install/my_leo/share/my_leo/models
[2.841s] symbolically linking /home/mscrobotics2425laptop28/sim_ws/build/my_leo/models/px150_9_gripper_finger.stl -> /home/mscrobotics2425laptop28/sim_ws/install/my_leo/share/my_leo/models
[2.841s] creating /home/mscrobotics2425laptop28/sim_ws/install/my_leo/share/my_leo/config
[2.841s] symbolically linking /home/mscrobotics2425laptop28/sim_ws/build/my_leo/config/bt_nav.yaml -> /home/mscrobotics2425laptop28/sim_ws/install/my_leo/share/my_leo/config
[2.841s] symbolically linking /home/mscrobotics2425laptop28/sim_ws/build/my_leo/config/joy_config.yaml -> /home/mscrobotics2425laptop28/sim_ws/install/my_leo/share/my_leo/config
[2.842s] symbolically linking /home/mscrobotics2425laptop28/sim_ws/build/my_leo/config/ekf.yaml -> /home/mscrobotics2425laptop28/sim_ws/install/my_leo/share/my_leo/config
[2.842s] symbolically linking /home/mscrobotics2425laptop28/sim_ws/build/my_leo/config/params.yaml -> /home/mscrobotics2425laptop28/sim_ws/install/my_leo/share/my_leo/config
[2.842s] symbolically linking /home/mscrobotics2425laptop28/sim_ws/build/my_leo/config/simple_smoother.yaml -> /home/mscrobotics2425laptop28/sim_ws/install/my_leo/share/my_leo/config
[2.842s] symbolically linking /home/mscrobotics2425laptop28/sim_ws/build/my_leo/config/planner.yaml -> /home/mscrobotics2425laptop28/sim_ws/install/my_leo/share/my_leo/config
[2.842s] symbolically linking /home/mscrobotics2425laptop28/sim_ws/build/my_leo/config/controller.yaml -> /home/mscrobotics2425laptop28/sim_ws/install/my_leo/share/my_leo/config
[2.842s] symbolically linking /home/mscrobotics2425laptop28/sim_ws/build/my_leo/config/twist_mux.yaml -> /home/mscrobotics2425laptop28/sim_ws/install/my_leo/share/my_leo/config
[2.842s] creating /home/mscrobotics2425laptop28/sim_ws/install/my_leo/share/my_leo/maps
[2.842s] symbolically linking /home/mscrobotics2425laptop28/sim_ws/build/my_leo/maps/sim_map.yaml -> /home/mscrobotics2425laptop28/sim_ws/install/my_leo/share/my_leo/maps
[2.901s] Invoked command in '/home/mscrobotics2425laptop28/sim_ws/build/my_leo' returned '0': PYTHONPATH=/home/mscrobotics2425laptop28/sim_ws/build/my_leo/prefix_override:/usr/lib/python3/dist-packages/colcon_core/task/python/colcon_distutils_commands:/home/mscrobotics2425laptop28/sim_ws/install/my_leo/lib/python3.10/site-packages:${PYTHONPATH} /usr/bin/python3 -W ignore:setup.py install is deprecated -W ignore:easy_install command is deprecated setup.py develop --editable --build-directory /home/mscrobotics2425laptop28/sim_ws/build/my_leo/build --no-deps symlink_data
