[0.384s] Invoking command in '/home/group4/ros2_ws/build/multirobot_map_merge': CMAKE_PREFIX_PATH=${CMAKE_PREFIX_PATH}:/home/group4/ros2_ws/install/teleop_leo:/home/group4/ros2_ws/install/real_leo:/home/group4/ros2_ws/install/my_leo:/home/group4/ros2_ws/install/leo_gz_worlds:/home/group4/ros2_ws/install/gz_example_robot_description:/home/group4/ros2_ws/install/bt_demos:/home/group4/ros2_ws/install/autonomous_exploration:/home/group4/interbotix_ws/install/interbotix_xs_modules:/home/group4/interbotix_ws/install/interbotix_perception_modules:/home/group4/interbotix_ws/install/interbotix_common_modules:/opt/ros/humble /usr/bin/cmake --build /home/group4/ros2_ws/build/multirobot_map_merge -- -j16 -l16
[1.192s] [35m[1mConsolidate compiler generated dependencies of target gtest[0m
[1.192s] [35m[1mConsolidate compiler generated dependencies of target gtest_main[0m
[1.192s] [35m[1mConsolidate compiler generated dependencies of target combine_grids[0m
[1.192s] [  8%] [32mBuilding CXX object gtest/CMakeFiles/gtest.dir/src/gtest-all.cc.o[0m
[1.192s] [ 16%] [32mBuilding CXX object gtest/CMakeFiles/gtest_main.dir/src/gtest_main.cc.o[0m
[1.192s] [ 25%] [32mBuilding CXX object CMakeFiles/combine_grids.dir/src/combine_grids/grid_warper.cpp.o[0m
[1.192s] [ 33%] [32mBuilding CXX object CMakeFiles/combine_grids.dir/src/combine_grids/merging_pipeline.cpp.o[0m
[1.193s] [ 41%] [32mBuilding CXX object CMakeFiles/combine_grids.dir/src/combine_grids/grid_compositor.cpp.o[0m
[1.681s] [ 50%] [32m[1mLinking CXX static library libgtest_main.a[0m
[1.792s] [ 50%] Built target gtest_main
[4.327s] [ 58%] [32m[1mLinking CXX static library libgtest.a[0m
[4.403s] [ 58%] Built target gtest
[5.503s] [ 66%] [32m[1mLinking CXX static library libcombine_grids.a[0m
[5.561s] [ 66%] Built target combine_grids
[5.578s] [35m[1mConsolidate compiler generated dependencies of target test_merging_pipeline[0m
[5.579s] [35m[1mConsolidate compiler generated dependencies of target map_merge[0m
[5.601s] [ 75%] [32mBuilding CXX object CMakeFiles/test_merging_pipeline.dir/test/test_merging_pipeline.cpp.o[0m
[5.628s] [ 83%] [32mBuilding CXX object CMakeFiles/map_merge.dir/src/map_merge.cpp.o[0m
[5.753s] In file included from [01m[K/home/group4/ros2_ws/src/m-explore-ros2/map_merge/test/testing_helpers.h:7[m[K,
[5.753s]                  from [01m[K/home/group4/ros2_ws/src/m-explore-ros2/map_merge/test/test_merging_pipeline.cpp:42[m[K:
[5.753s] [01m[K/opt/ros/humble/include/tf2_geometry_msgs/tf2_geometry_msgs/tf2_geometry_msgs.h:35:2:[m[K [01;35m[Kwarning: [m[K#warning This header is obsolete, please include tf2_geometry_msgs/tf2_geometry_msgs.hpp instead [[01;35m[K]8;;https://gcc.gnu.org/onlinedocs/gcc/Warning-Options.html#index-Wcpp-Wcpp]8;;[m[K]
[5.753s]    35 | #[01;35m[Kwarning[m[K This header is obsolete, please include tf2_geometry_msgs/tf2_geometry_msgs.hpp instead
[5.753s]       |  [01;35m[K^~~~~~~[m[K
[6.818s] In file included from [01m[K/home/group4/ros2_ws/src/m-explore-ros2/map_merge/src/map_merge.cpp:44[m[K:
[6.818s] [01m[K/opt/ros/humble/include/tf2_geometry_msgs/tf2_geometry_msgs/tf2_geometry_msgs.h:35:2:[m[K [01;35m[Kwarning: [m[K#warning This header is obsolete, please include tf2_geometry_msgs/tf2_geometry_msgs.hpp instead [[01;35m[K]8;;https://gcc.gnu.org/onlinedocs/gcc/Warning-Options.html#index-Wcpp-Wcpp]8;;[m[K]
[6.818s]    35 | #[01;35m[Kwarning[m[K This header is obsolete, please include tf2_geometry_msgs/tf2_geometry_msgs.hpp instead
[6.818s]       |  [01;35m[K^~~~~~~[m[K
[9.357s] [ 91%] [32m[1mLinking CXX executable test_merging_pipeline[0m
[10.066s] [ 91%] Built target test_merging_pipeline
[14.619s] [100%] [32m[1mLinking CXX executable map_merge[0m
[15.241s] [100%] Built target map_merge
