[0.132s] Invoking command in '/home/mscrobotics2425laptop11/interbotix_ws/build/interbotix_xs_msgs': CMAKE_PREFIX_PATH=${CMAKE_PREFIX_PATH}:/home/mscrobotics2425laptop11/interbotix_ws/install/interbotix_xs_modules:/home/mscrobotics2425laptop11/interbotix_ws/install/interbotix_perception_modules:/home/mscrobotics2425laptop11/interbotix_ws/install/interbotix_common_modules:/opt/ros/humble /usr/bin/cmake --build /home/mscrobotics2425laptop11/interbotix_ws/build/interbotix_xs_msgs -- -j12 -l12
[0.853s] [  0%] Built target interbotix_xs_msgs__cpp
[0.853s] [ 12%] Built target interbotix_xs_msgs__rosidl_generator_c
[0.853s] [ 12%] Built target ament_cmake_python_copy_interbotix_xs_msgs
[0.854s] [ 24%] Built target interbotix_xs_msgs__rosidl_typesupport_cpp
[0.855s] [ 36%] Built target interbotix_xs_msgs__rosidl_typesupport_introspection_cpp
[0.855s] [ 56%] Built target interbotix_xs_msgs__rosidl_typesupport_c
[0.855s] [ 60%] Built target interbotix_xs_msgs__rosidl_typesupport_fastrtps_cpp
[0.855s] [ 72%] Built target interbotix_xs_msgs__rosidl_typesupport_introspection_c
[0.856s] [ 84%] Built target interbotix_xs_msgs__rosidl_typesupport_fastrtps_c
[0.856s] [ 84%] Built target interbotix_xs_msgs
[0.856s] [ 85%] Built target interbotix_xs_msgs__py
[0.857s] [ 96%] Built target interbotix_xs_msgs__rosidl_generator_py
[0.859s] [ 97%] Built target interbotix_xs_msgs__rosidl_typesupport_c__pyext
[0.862s] [ 99%] Built target interbotix_xs_msgs__rosidl_typesupport_introspection_c__pyext
[0.863s] [100%] Built target interbotix_xs_msgs__rosidl_typesupport_fastrtps_c__pyext
[1.014s] running egg_info
[1.014s] writing interbotix_xs_msgs.egg-info/PKG-INFO
[1.015s] writing dependency_links to interbotix_xs_msgs.egg-info/dependency_links.txt
[1.015s] writing top-level names to interbotix_xs_msgs.egg-info/top_level.txt
[1.036s] reading manifest file 'interbotix_xs_msgs.egg-info/SOURCES.txt'
[1.036s] writing manifest file 'interbotix_xs_msgs.egg-info/SOURCES.txt'
[1.142s] [100%] Built target ament_cmake_python_build_interbotix_xs_msgs_egg
[1.217s] Invoked command in '/home/mscrobotics2425laptop11/interbotix_ws/build/interbotix_xs_msgs' returned '0': CMAKE_PREFIX_PATH=${CMAKE_PREFIX_PATH}:/home/mscrobotics2425laptop11/interbotix_ws/install/interbotix_xs_modules:/home/mscrobotics2425laptop11/interbotix_ws/install/interbotix_perception_modules:/home/mscrobotics2425laptop11/interbotix_ws/install/interbotix_common_modules:/opt/ros/humble /usr/bin/cmake --build /home/mscrobotics2425laptop11/interbotix_ws/build/interbotix_xs_msgs -- -j12 -l12
[1.221s] Invoking command in '/home/mscrobotics2425laptop11/interbotix_ws/build/interbotix_xs_msgs': CMAKE_PREFIX_PATH=${CMAKE_PREFIX_PATH}:/home/mscrobotics2425laptop11/interbotix_ws/install/interbotix_xs_modules:/home/mscrobotics2425laptop11/interbotix_ws/install/interbotix_perception_modules:/home/mscrobotics2425laptop11/interbotix_ws/install/interbotix_common_modules:/opt/ros/humble /usr/bin/cmake --install /home/mscrobotics2425laptop11/interbotix_ws/build/interbotix_xs_msgs
[1.253s] -- Install configuration: ""
[1.256s] -- Up-to-date: /home/mscrobotics2425laptop11/interbotix_ws/install/interbotix_xs_msgs/share/ament_index/resource_index/rosidl_interfaces/interbotix_xs_msgs
[1.257s] -- Up-to-date: /home/mscrobotics2425laptop11/interbotix_ws/install/interbotix_xs_msgs/include/interbotix_xs_msgs/interbotix_xs_msgs
[1.257s] -- Up-to-date: /home/mscrobotics2425laptop11/interbotix_ws/install/interbotix_xs_msgs/include/interbotix_xs_msgs/interbotix_xs_msgs/msg
[1.261s] -- Up-to-date: /home/mscrobotics2425laptop11/interbotix_ws/install/interbotix_xs_msgs/include/interbotix_xs_msgs/interbotix_xs_msgs/msg/turret_joy.h
[1.263s] -- Up-to-date: /home/mscrobotics2425laptop11/interbotix_ws/install/interbotix_xs_msgs/include/interbotix_xs_msgs/interbotix_xs_msgs/msg/joint_single_command.h
[1.265s] -- Up-to-date: /home/mscrobotics2425laptop11/interbotix_ws/install/interbotix_xs_msgs/include/interbotix_xs_msgs/interbotix_xs_msgs/msg/rosidl_generator_c__visibility_control.h
[1.265s] -- Up-to-date: /home/mscrobotics2425laptop11/interbotix_ws/install/interbotix_xs_msgs/include/interbotix_xs_msgs/interbotix_xs_msgs/msg/joint_trajectory_command.h
[1.266s] -- Up-to-date: /home/mscrobotics2425laptop11/interbotix_ws/install/interbotix_xs_msgs/include/interbotix_xs_msgs/interbotix_xs_msgs/msg/detail
[1.268s] -- Up-to-date: /home/mscrobotics2425laptop11/interbotix_ws/install/interbotix_xs_msgs/include/interbotix_xs_msgs/interbotix_xs_msgs/msg/detail/joint_trajectory_command__struct.h
[1.269s] -- Up-to-date: /home/mscrobotics2425laptop11/interbotix_ws/install/interbotix_xs_msgs/include/interbotix_xs_msgs/interbotix_xs_msgs/msg/detail/joint_group_command__type_support.h
[1.269s] -- Up-to-date: /home/mscrobotics2425laptop11/interbotix_ws/install/interbotix_xs_msgs/include/interbotix_xs_msgs/interbotix_xs_msgs/msg/detail/joint_trajectory_command__type_support.h
[1.270s] -- Up-to-date: /home/mscrobotics2425laptop11/interbotix_ws/install/interbotix_xs_msgs/include/interbotix_xs_msgs/interbotix_xs_msgs/msg/detail/arm_joy__functions.c
[1.273s] -- Up-to-date: /home/mscrobotics2425laptop11/interbotix_ws/install/interbotix_xs_msgs/include/interbotix_xs_msgs/interbotix_xs_msgs/msg/detail/locobot_joy__struct.h
[1.273s] -- Up-to-date: /home/mscrobotics2425laptop11/interbotix_ws/install/interbotix_xs_msgs/include/interbotix_xs_msgs/interbotix_xs_msgs/msg/detail/turret_joy__functions.c
[1.273s] -- Up-to-date: /home/mscrobotics2425laptop11/interbotix_ws/install/interbotix_xs_msgs/include/interbotix_xs_msgs/interbotix_xs_msgs/msg/detail/joint_single_command__functions.c
[1.277s] -- Up-to-date: /home/mscrobotics2425laptop11/interbotix_ws/install/interbotix_xs_msgs/include/interbotix_xs_msgs/interbotix_xs_msgs/msg/detail/joint_group_command__functions.c
[1.277s] -- Up-to-date: /home/mscrobotics2425laptop11/interbotix_ws/install/interbotix_xs_msgs/include/interbotix_xs_msgs/interbotix_xs_msgs/msg/detail/joint_single_command__type_support.h
[1.277s] -- Up-to-date: /home/mscrobotics2425laptop11/interbotix_ws/install/interbotix_xs_msgs/include/interbotix_xs_msgs/interbotix_xs_msgs/msg/detail/joint_group_command__struct.h
[1.278s] -- Up-to-date: /home/mscrobotics2425laptop11/interbotix_ws/install/interbotix_xs_msgs/include/interbotix_xs_msgs/interbotix_xs_msgs/msg/detail/hex_joy__struct.h
[1.278s] -- Up-to-date: /home/mscrobotics2425laptop11/interbotix_ws/install/interbotix_xs_msgs/include/interbotix_xs_msgs/interbotix_xs_msgs/msg/detail/locobot_joy__functions.c
[1.278s] -- Up-to-date: /home/mscrobotics2425laptop11/interbotix_ws/install/interbotix_xs_msgs/include/interbotix_xs_msgs/interbotix_xs_msgs/msg/detail/joint_trajectory_command__functions.c
[1.279s] -- Up-to-date: /home/mscrobotics2425laptop11/interbotix_ws/install/interbotix_xs_msgs/include/interbotix_xs_msgs/interbotix_xs_msgs/msg/detail/joint_temps__functions.c
[1.281s] -- Up-to-date: /home/mscrobotics2425laptop11/interbotix_ws/install/interbotix_xs_msgs/include/interbotix_xs_msgs/interbotix_xs_msgs/msg/detail/joint_trajectory_command__functions.h
[1.283s] -- Up-to-date: /home/mscrobotics2425laptop11/interbotix_ws/install/interbotix_xs_msgs/include/interbotix_xs_msgs/interbotix_xs_msgs/msg/detail/locobot_joy__functions.h
[1.283s] -- Up-to-date: /home/mscrobotics2425laptop11/interbotix_ws/install/interbotix_xs_msgs/include/interbotix_xs_msgs/interbotix_xs_msgs/msg/detail/joint_group_command__functions.h
[1.283s] -- Up-to-date: /home/mscrobotics2425laptop11/interbotix_ws/install/interbotix_xs_msgs/include/interbotix_xs_msgs/interbotix_xs_msgs/msg/detail/arm_joy__struct.h
[1.283s] -- Up-to-date: /home/mscrobotics2425laptop11/interbotix_ws/install/interbotix_xs_msgs/include/interbotix_xs_msgs/interbotix_xs_msgs/msg/detail/locobot_joy__type_support.h
[1.284s] -- Up-to-date: /home/mscrobotics2425laptop11/interbotix_ws/install/interbotix_xs_msgs/include/interbotix_xs_msgs/interbotix_xs_msgs/msg/detail/arm_joy__functions.h
[1.284s] -- Up-to-date: /home/mscrobotics2425laptop11/interbotix_ws/install/interbotix_xs_msgs/include/interbotix_xs_msgs/interbotix_xs_msgs/msg/detail/joint_temps__type_support.h
[1.284s] -- Up-to-date: /home/mscrobotics2425laptop11/interbotix_ws/install/interbotix_xs_msgs/include/interbotix_xs_msgs/interbotix_xs_msgs/msg/detail/hex_joy__type_support.h
[1.285s] -- Up-to-date: /home/mscrobotics2425laptop11/interbotix_ws/install/interbotix_xs_msgs/include/interbotix_xs_msgs/interbotix_xs_msgs/msg/detail/hex_joy__functions.c
[1.285s] -- Up-to-date: /home/mscrobotics2425laptop11/interbotix_ws/install/interbotix_xs_msgs/include/interbotix_xs_msgs/interbotix_xs_msgs/msg/detail/joint_single_command__struct.h
[1.285s] -- Up-to-date: /home/mscrobotics2425laptop11/interbotix_ws/install/interbotix_xs_msgs/include/interbotix_xs_msgs/interbotix_xs_msgs/msg/detail/arm_joy__type_support.h
[1.285s] -- Up-to-date: /home/mscrobotics2425laptop11/interbotix_ws/install/interbotix_xs_msgs/include/interbotix_xs_msgs/interbotix_xs_msgs/msg/detail/hex_joy__functions.h
[1.286s] -- Up-to-date: /home/mscrobotics2425laptop11/interbotix_ws/install/interbotix_xs_msgs/include/interbotix_xs_msgs/interbotix_xs_msgs/msg/detail/turret_joy__struct.h
[1.286s] -- Up-to-date: /home/mscrobotics2425laptop11/interbotix_ws/install/interbotix_xs_msgs/include/interbotix_xs_msgs/interbotix_xs_msgs/msg/detail/joint_temps__struct.h
[1.286s] -- Up-to-date: /home/mscrobotics2425laptop11/interbotix_ws/install/interbotix_xs_msgs/include/interbotix_xs_msgs/interbotix_xs_msgs/msg/detail/turret_joy__type_support.h
[1.286s] -- Up-to-date: /home/mscrobotics2425laptop11/interbotix_ws/install/interbotix_xs_msgs/include/interbotix_xs_msgs/interbotix_xs_msgs/msg/detail/joint_single_command__functions.h
[1.286s] -- Up-to-date: /home/mscrobotics2425laptop11/interbotix_ws/install/interbotix_xs_msgs/include/interbotix_xs_msgs/interbotix_xs_msgs/msg/detail/turret_joy__functions.h
[1.287s] -- Up-to-date: /home/mscrobotics2425laptop11/interbotix_ws/install/interbotix_xs_msgs/include/interbotix_xs_msgs/interbotix_xs_msgs/msg/detail/joint_temps__functions.h
[1.287s] -- Up-to-date: /home/mscrobotics2425laptop11/interbotix_ws/install/interbotix_xs_msgs/include/interbotix_xs_msgs/interbotix_xs_msgs/msg/joint_group_command.h
[1.287s] -- Up-to-date: /home/mscrobotics2425laptop11/interbotix_ws/install/interbotix_xs_msgs/include/interbotix_xs_msgs/interbotix_xs_msgs/msg/joint_temps.h
[1.287s] -- Up-to-date: /home/mscrobotics2425laptop11/interbotix_ws/install/interbotix_xs_msgs/include/interbotix_xs_msgs/interbotix_xs_msgs/msg/hex_joy.h
[1.287s] -- Up-to-date: /home/mscrobotics2425laptop11/interbotix_ws/install/interbotix_xs_msgs/include/interbotix_xs_msgs/interbotix_xs_msgs/msg/arm_joy.h
[1.288s] -- Up-to-date: /home/mscrobotics2425laptop11/interbotix_ws/install/interbotix_xs_msgs/include/interbotix_xs_msgs/interbotix_xs_msgs/msg/locobot_joy.h
[1.288s] -- Up-to-date: /home/mscrobotics2425laptop11/interbotix_ws/install/interbotix_xs_msgs/include/interbotix_xs_msgs/interbotix_xs_msgs/srv
[1.288s] -- Up-to-date: /home/mscrobotics2425laptop11/interbotix_ws/install/interbotix_xs_msgs/include/interbotix_xs_msgs/interbotix_xs_msgs/srv/operating_modes.h
[1.289s] -- Up-to-date: /home/mscrobotics2425laptop11/interbotix_ws/install/interbotix_xs_msgs/include/interbotix_xs_msgs/interbotix_xs_msgs/srv/register_values.h
[1.289s] -- Up-to-date: /home/mscrobotics2425laptop11/interbotix_ws/install/interbotix_xs_msgs/include/interbotix_xs_msgs/interbotix_xs_msgs/srv/reboot.h
[1.289s] -- Up-to-date: /home/mscrobotics2425laptop11/interbotix_ws/install/interbotix_xs_msgs/include/interbotix_xs_msgs/interbotix_xs_msgs/srv/detail
[1.290s] -- Up-to-date: /home/mscrobotics2425laptop11/interbotix_ws/install/interbotix_xs_msgs/include/interbotix_xs_msgs/interbotix_xs_msgs/srv/detail/torque_enable__type_support.h
[1.290s] -- Up-to-date: /home/mscrobotics2425laptop11/interbotix_ws/install/interbotix_xs_msgs/include/interbotix_xs_msgs/interbotix_xs_msgs/srv/detail/motor_gains__functions.h
[1.291s] -- Up-to-date: /home/mscrobotics2425laptop11/interbotix_ws/install/interbotix_xs_msgs/include/interbotix_xs_msgs/interbotix_xs_msgs/srv/detail/operating_modes__functions.c
[1.291s] -- Up-to-date: /home/mscrobotics2425laptop11/interbotix_ws/install/interbotix_xs_msgs/include/interbotix_xs_msgs/interbotix_xs_msgs/srv/detail/operating_modes__type_support.h
[1.292s] -- Up-to-date: /home/mscrobotics2425laptop11/interbotix_ws/install/interbotix_xs_msgs/include/interbotix_xs_msgs/interbotix_xs_msgs/srv/detail/operating_modes__functions.h
[1.297s] -- Up-to-date: /home/mscrobotics2425laptop11/interbotix_ws/install/interbotix_xs_msgs/include/interbotix_xs_msgs/interbotix_xs_msgs/srv/detail/robot_info__functions.c
[1.297s] -- Up-to-date: /home/mscrobotics2425laptop11/interbotix_ws/install/interbotix_xs_msgs/include/interbotix_xs_msgs/interbotix_xs_msgs/srv/detail/reboot__functions.h
[1.297s] -- Up-to-date: /home/mscrobotics2425laptop11/interbotix_ws/install/interbotix_xs_msgs/include/interbotix_xs_msgs/interbotix_xs_msgs/srv/detail/reboot__struct.h
[1.297s] -- Up-to-date: /home/mscrobotics2425laptop11/interbotix_ws/install/interbotix_xs_msgs/include/interbotix_xs_msgs/interbotix_xs_msgs/srv/detail/register_values__struct.h
[1.297s] -- Up-to-date: /home/mscrobotics2425laptop11/interbotix_ws/install/interbotix_xs_msgs/include/interbotix_xs_msgs/interbotix_xs_msgs/srv/detail/torque_enable__functions.h
[1.298s] -- Up-to-date: /home/mscrobotics2425laptop11/interbotix_ws/install/interbotix_xs_msgs/include/interbotix_xs_msgs/interbotix_xs_msgs/srv/detail/register_values__type_support.h
[1.298s] -- Up-to-date: /home/mscrobotics2425laptop11/interbotix_ws/install/interbotix_xs_msgs/include/interbotix_xs_msgs/interbotix_xs_msgs/srv/detail/operating_modes__struct.h
[1.298s] -- Up-to-date: /home/mscrobotics2425laptop11/interbotix_ws/install/interbotix_xs_msgs/include/interbotix_xs_msgs/interbotix_xs_msgs/srv/detail/robot_info__type_support.h
[1.298s] -- Up-to-date: /home/mscrobotics2425laptop11/interbotix_ws/install/interbotix_xs_msgs/include/interbotix_xs_msgs/interbotix_xs_msgs/srv/detail/reboot__type_support.h
[1.298s] -- Up-to-date: /home/mscrobotics2425laptop11/interbotix_ws/install/interbotix_xs_msgs/include/interbotix_xs_msgs/interbotix_xs_msgs/srv/detail/torque_enable__struct.h
[1.298s] -- Up-to-date: /home/mscrobotics2425laptop11/interbotix_ws/install/interbotix_xs_msgs/include/interbotix_xs_msgs/interbotix_xs_msgs/srv/detail/motor_gains__type_support.h
[1.299s] -- Up-to-date: /home/mscrobotics2425laptop11/interbotix_ws/install/interbotix_xs_msgs/include/interbotix_xs_msgs/interbotix_xs_msgs/srv/detail/motor_gains__struct.h
[1.299s] -- Up-to-date: /home/mscrobotics2425laptop11/interbotix_ws/install/interbotix_xs_msgs/include/interbotix_xs_msgs/interbotix_xs_msgs/srv/detail/torque_enable__functions.c
[1.299s] -- Up-to-date: /home/mscrobotics2425laptop11/interbotix_ws/install/interbotix_xs_msgs/include/interbotix_xs_msgs/interbotix_xs_msgs/srv/detail/robot_info__struct.h
[1.299s] -- Up-to-date: /home/mscrobotics2425laptop11/interbotix_ws/install/interbotix_xs_msgs/include/interbotix_xs_msgs/interbotix_xs_msgs/srv/detail/motor_gains__functions.c
[1.299s] -- Up-to-date: /home/mscrobotics2425laptop11/interbotix_ws/install/interbotix_xs_msgs/include/interbotix_xs_msgs/interbotix_xs_msgs/srv/detail/register_values__functions.h
[1.299s] -- Up-to-date: /home/mscrobotics2425laptop11/interbotix_ws/install/interbotix_xs_msgs/include/interbotix_xs_msgs/interbotix_xs_msgs/srv/detail/robot_info__functions.h
[1.299s] -- Up-to-date: /home/mscrobotics2425laptop11/interbotix_ws/install/interbotix_xs_msgs/include/interbotix_xs_msgs/interbotix_xs_msgs/srv/detail/register_values__functions.c
[1.300s] -- Up-to-date: /home/mscrobotics2425laptop11/interbotix_ws/install/interbotix_xs_msgs/include/interbotix_xs_msgs/interbotix_xs_msgs/srv/detail/reboot__functions.c
[1.300s] -- Up-to-date: /home/mscrobotics2425laptop11/interbotix_ws/install/interbotix_xs_msgs/include/interbotix_xs_msgs/interbotix_xs_msgs/srv/robot_info.h
[1.300s] -- Up-to-date: /home/mscrobotics2425laptop11/interbotix_ws/install/interbotix_xs_msgs/include/interbotix_xs_msgs/interbotix_xs_msgs/srv/torque_enable.h
[1.300s] -- Up-to-date: /home/mscrobotics2425laptop11/interbotix_ws/install/interbotix_xs_msgs/include/interbotix_xs_msgs/interbotix_xs_msgs/srv/motor_gains.h
[1.300s] -- Up-to-date: /home/mscrobotics2425laptop11/interbotix_ws/install/interbotix_xs_msgs/share/interbotix_xs_msgs/environment/library_path.sh
[1.301s] -- Up-to-date: /home/mscrobotics2425laptop11/interbotix_ws/install/interbotix_xs_msgs/share/interbotix_xs_msgs/environment/library_path.dsv
[1.302s] -- Up-to-date: /home/mscrobotics2425laptop11/interbotix_ws/install/interbotix_xs_msgs/lib/libinterbotix_xs_msgs__rosidl_generator_c.so
[1.302s] -- Up-to-date: /home/mscrobotics2425laptop11/interbotix_ws/install/interbotix_xs_msgs/include/interbotix_xs_msgs/interbotix_xs_msgs
[1.302s] -- Up-to-date: /home/mscrobotics2425laptop11/interbotix_ws/install/interbotix_xs_msgs/include/interbotix_xs_msgs/interbotix_xs_msgs/msg
[1.302s] -- Up-to-date: /home/mscrobotics2425laptop11/interbotix_ws/install/interbotix_xs_msgs/include/interbotix_xs_msgs/interbotix_xs_msgs/msg/rosidl_typesupport_fastrtps_c__visibility_control.h
[1.303s] -- Up-to-date: /home/mscrobotics2425laptop11/interbotix_ws/install/interbotix_xs_msgs/include/interbotix_xs_msgs/interbotix_xs_msgs/msg/detail
[1.303s] -- Up-to-date: /home/mscrobotics2425laptop11/interbotix_ws/install/interbotix_xs_msgs/include/interbotix_xs_msgs/interbotix_xs_msgs/msg/detail/joint_single_command__rosidl_typesupport_fastrtps_c.h
[1.303s] -- Up-to-date: /home/mscrobotics2425laptop11/interbotix_ws/install/interbotix_xs_msgs/include/interbotix_xs_msgs/interbotix_xs_msgs/msg/detail/joint_temps__rosidl_typesupport_fastrtps_c.h
[1.303s] -- Up-to-date: /home/mscrobotics2425laptop11/interbotix_ws/install/interbotix_xs_msgs/include/interbotix_xs_msgs/interbotix_xs_msgs/msg/detail/hex_joy__rosidl_typesupport_fastrtps_c.h
[1.303s] -- Up-to-date: /home/mscrobotics2425laptop11/interbotix_ws/install/interbotix_xs_msgs/include/interbotix_xs_msgs/interbotix_xs_msgs/msg/detail/turret_joy__rosidl_typesupport_fastrtps_c.h
[1.303s] -- Up-to-date: /home/mscrobotics2425laptop11/interbotix_ws/install/interbotix_xs_msgs/include/interbotix_xs_msgs/interbotix_xs_msgs/msg/detail/arm_joy__rosidl_typesupport_fastrtps_c.h
[1.303s] -- Up-to-date: /home/mscrobotics2425laptop11/interbotix_ws/install/interbotix_xs_msgs/include/interbotix_xs_msgs/interbotix_xs_msgs/msg/detail/joint_trajectory_command__rosidl_typesupport_fastrtps_c.h
[1.303s] -- Up-to-date: /home/mscrobotics2425laptop11/interbotix_ws/install/interbotix_xs_msgs/include/interbotix_xs_msgs/interbotix_xs_msgs/msg/detail/joint_group_command__rosidl_typesupport_fastrtps_c.h
[1.304s] -- Up-to-date: /home/mscrobotics2425laptop11/interbotix_ws/install/interbotix_xs_msgs/include/interbotix_xs_msgs/interbotix_xs_msgs/msg/detail/locobot_joy__rosidl_typesupport_fastrtps_c.h
[1.304s] -- Up-to-date: /home/mscrobotics2425laptop11/interbotix_ws/install/interbotix_xs_msgs/include/interbotix_xs_msgs/interbotix_xs_msgs/srv
[1.304s] -- Up-to-date: /home/mscrobotics2425laptop11/interbotix_ws/install/interbotix_xs_msgs/include/interbotix_xs_msgs/interbotix_xs_msgs/srv/detail
[1.304s] -- Up-to-date: /home/mscrobotics2425laptop11/interbotix_ws/install/interbotix_xs_msgs/include/interbotix_xs_msgs/interbotix_xs_msgs/srv/detail/register_values__rosidl_typesupport_fastrtps_c.h
[1.304s] -- Up-to-date: /home/mscrobotics2425laptop11/interbotix_ws/install/interbotix_xs_msgs/include/interbotix_xs_msgs/interbotix_xs_msgs/srv/detail/robot_info__rosidl_typesupport_fastrtps_c.h
[1.304s] -- Up-to-date: /home/mscrobotics2425laptop11/interbotix_ws/install/interbotix_xs_msgs/include/interbotix_xs_msgs/interbotix_xs_msgs/srv/detail/operating_modes__rosidl_typesupport_fastrtps_c.h
[1.304s] -- Up-to-date: /home/mscrobotics2425laptop11/interbotix_ws/install/interbotix_xs_msgs/include/interbotix_xs_msgs/interbotix_xs_msgs/srv/detail/motor_gains__rosidl_typesupport_fastrtps_c.h
[1.304s] -- Up-to-date: /home/mscrobotics2425laptop11/interbotix_ws/install/interbotix_xs_msgs/include/interbotix_xs_msgs/interbotix_xs_msgs/srv/detail/torque_enable__rosidl_typesupport_fastrtps_c.h
[1.305s] -- Up-to-date: /home/mscrobotics2425laptop11/interbotix_ws/install/interbotix_xs_msgs/include/interbotix_xs_msgs/interbotix_xs_msgs/srv/detail/reboot__rosidl_typesupport_fastrtps_c.h
[1.305s] -- Up-to-date: /home/mscrobotics2425laptop11/interbotix_ws/install/interbotix_xs_msgs/lib/libinterbotix_xs_msgs__rosidl_typesupport_fastrtps_c.so
[1.305s] -- Up-to-date: /home/mscrobotics2425laptop11/interbotix_ws/install/interbotix_xs_msgs/include/interbotix_xs_msgs/interbotix_xs_msgs
[1.305s] -- Up-to-date: /home/mscrobotics2425laptop11/interbotix_ws/install/interbotix_xs_msgs/include/interbotix_xs_msgs/interbotix_xs_msgs/msg
[1.305s] -- Up-to-date: /home/mscrobotics2425laptop11/interbotix_ws/install/interbotix_xs_msgs/include/interbotix_xs_msgs/interbotix_xs_msgs/msg/rosidl_typesupport_introspection_c__visibility_control.h
[1.305s] -- Up-to-date: /home/mscrobotics2425laptop11/interbotix_ws/install/interbotix_xs_msgs/include/interbotix_xs_msgs/interbotix_xs_msgs/msg/detail
[1.305s] -- Up-to-date: /home/mscrobotics2425laptop11/interbotix_ws/install/interbotix_xs_msgs/include/interbotix_xs_msgs/interbotix_xs_msgs/msg/detail/joint_temps__type_support.c
[1.305s] -- Up-to-date: /home/mscrobotics2425laptop11/interbotix_ws/install/interbotix_xs_msgs/include/interbotix_xs_msgs/interbotix_xs_msgs/msg/detail/joint_single_command__type_support.c
[1.305s] -- Up-to-date: /home/mscrobotics2425laptop11/interbotix_ws/install/interbotix_xs_msgs/include/interbotix_xs_msgs/interbotix_xs_msgs/msg/detail/joint_group_command__type_support.c
[1.306s] -- Up-to-date: /home/mscrobotics2425laptop11/interbotix_ws/install/interbotix_xs_msgs/include/interbotix_xs_msgs/interbotix_xs_msgs/msg/detail/joint_group_command__rosidl_typesupport_introspection_c.h
[1.306s] -- Up-to-date: /home/mscrobotics2425laptop11/interbotix_ws/install/interbotix_xs_msgs/include/interbotix_xs_msgs/interbotix_xs_msgs/msg/detail/arm_joy__rosidl_typesupport_introspection_c.h
[1.306s] -- Up-to-date: /home/mscrobotics2425laptop11/interbotix_ws/install/interbotix_xs_msgs/include/interbotix_xs_msgs/interbotix_xs_msgs/msg/detail/locobot_joy__rosidl_typesupport_introspection_c.h
[1.306s] -- Up-to-date: /home/mscrobotics2425laptop11/interbotix_ws/install/interbotix_xs_msgs/include/interbotix_xs_msgs/interbotix_xs_msgs/msg/detail/hex_joy__rosidl_typesupport_introspection_c.h
[1.306s] -- Up-to-date: /home/mscrobotics2425laptop11/interbotix_ws/install/interbotix_xs_msgs/include/interbotix_xs_msgs/interbotix_xs_msgs/msg/detail/turret_joy__rosidl_typesupport_introspection_c.h
[1.306s] -- Up-to-date: /home/mscrobotics2425laptop11/interbotix_ws/install/interbotix_xs_msgs/include/interbotix_xs_msgs/interbotix_xs_msgs/msg/detail/joint_trajectory_command__rosidl_typesupport_introspection_c.h
[1.306s] -- Up-to-date: /home/mscrobotics2425laptop11/interbotix_ws/install/interbotix_xs_msgs/include/interbotix_xs_msgs/interbotix_xs_msgs/msg/detail/locobot_joy__type_support.c
[1.306s] -- Up-to-date: /home/mscrobotics2425laptop11/interbotix_ws/install/interbotix_xs_msgs/include/interbotix_xs_msgs/interbotix_xs_msgs/msg/detail/joint_single_command__rosidl_typesupport_introspection_c.h
[1.306s] -- Up-to-date: /home/mscrobotics2425laptop11/interbotix_ws/install/interbotix_xs_msgs/include/interbotix_xs_msgs/interbotix_xs_msgs/msg/detail/joint_temps__rosidl_typesupport_introspection_c.h
[1.307s] -- Up-to-date: /home/mscrobotics2425laptop11/interbotix_ws/install/interbotix_xs_msgs/include/interbotix_xs_msgs/interbotix_xs_msgs/msg/detail/hex_joy__type_support.c
[1.307s] -- Up-to-date: /home/mscrobotics2425laptop11/interbotix_ws/install/interbotix_xs_msgs/include/interbotix_xs_msgs/interbotix_xs_msgs/msg/detail/arm_joy__type_support.c
[1.307s] -- Up-to-date: /home/mscrobotics2425laptop11/interbotix_ws/install/interbotix_xs_msgs/include/interbotix_xs_msgs/interbotix_xs_msgs/msg/detail/joint_trajectory_command__type_support.c
[1.307s] -- Up-to-date: /home/mscrobotics2425laptop11/interbotix_ws/install/interbotix_xs_msgs/include/interbotix_xs_msgs/interbotix_xs_msgs/msg/detail/turret_joy__type_support.c
[1.307s] -- Up-to-date: /home/mscrobotics2425laptop11/interbotix_ws/install/interbotix_xs_msgs/include/interbotix_xs_msgs/interbotix_xs_msgs/srv
[1.307s] -- Up-to-date: /home/mscrobotics2425laptop11/interbotix_ws/install/interbotix_xs_msgs/include/interbotix_xs_msgs/interbotix_xs_msgs/srv/detail
[1.307s] -- Up-to-date: /home/mscrobotics2425laptop11/interbotix_ws/install/interbotix_xs_msgs/include/interbotix_xs_msgs/interbotix_xs_msgs/srv/detail/operating_modes__rosidl_typesupport_introspection_c.h
[1.307s] -- Up-to-date: /home/mscrobotics2425laptop11/interbotix_ws/install/interbotix_xs_msgs/include/interbotix_xs_msgs/interbotix_xs_msgs/srv/detail/reboot__rosidl_typesupport_introspection_c.h
[1.307s] -- Up-to-date: /home/mscrobotics2425laptop11/interbotix_ws/install/interbotix_xs_msgs/include/interbotix_xs_msgs/interbotix_xs_msgs/srv/detail/operating_modes__type_support.c
[1.308s] -- Up-to-date: /home/mscrobotics2425laptop11/interbotix_ws/install/interbotix_xs_msgs/include/interbotix_xs_msgs/interbotix_xs_msgs/srv/detail/motor_gains__type_support.c
[1.308s] -- Up-to-date: /home/mscrobotics2425laptop11/interbotix_ws/install/interbotix_xs_msgs/include/interbotix_xs_msgs/interbotix_xs_msgs/srv/detail/register_values__rosidl_typesupport_introspection_c.h
[1.308s] -- Up-to-date: /home/mscrobotics2425laptop11/interbotix_ws/install/interbotix_xs_msgs/include/interbotix_xs_msgs/interbotix_xs_msgs/srv/detail/reboot__type_support.c
[1.308s] -- Up-to-date: /home/mscrobotics2425laptop11/interbotix_ws/install/interbotix_xs_msgs/include/interbotix_xs_msgs/interbotix_xs_msgs/srv/detail/motor_gains__rosidl_typesupport_introspection_c.h
[1.308s] -- Up-to-date: /home/mscrobotics2425laptop11/interbotix_ws/install/interbotix_xs_msgs/include/interbotix_xs_msgs/interbotix_xs_msgs/srv/detail/robot_info__rosidl_typesupport_introspection_c.h
[1.308s] -- Up-to-date: /home/mscrobotics2425laptop11/interbotix_ws/install/interbotix_xs_msgs/include/interbotix_xs_msgs/interbotix_xs_msgs/srv/detail/robot_info__type_support.c
[1.308s] -- Up-to-date: /home/mscrobotics2425laptop11/interbotix_ws/install/interbotix_xs_msgs/include/interbotix_xs_msgs/interbotix_xs_msgs/srv/detail/torque_enable__rosidl_typesupport_introspection_c.h
[1.308s] -- Up-to-date: /home/mscrobotics2425laptop11/interbotix_ws/install/interbotix_xs_msgs/include/interbotix_xs_msgs/interbotix_xs_msgs/srv/detail/register_values__type_support.c
[1.308s] -- Up-to-date: /home/mscrobotics2425laptop11/interbotix_ws/install/interbotix_xs_msgs/include/interbotix_xs_msgs/interbotix_xs_msgs/srv/detail/torque_enable__type_support.c
[1.309s] -- Up-to-date: /home/mscrobotics2425laptop11/interbotix_ws/install/interbotix_xs_msgs/lib/libinterbotix_xs_msgs__rosidl_typesupport_introspection_c.so
[1.309s] -- Up-to-date: /home/mscrobotics2425laptop11/interbotix_ws/install/interbotix_xs_msgs/lib/libinterbotix_xs_msgs__rosidl_typesupport_c.so
[1.309s] -- Up-to-date: /home/mscrobotics2425laptop11/interbotix_ws/install/interbotix_xs_msgs/include/interbotix_xs_msgs/interbotix_xs_msgs
[1.309s] -- Up-to-date: /home/mscrobotics2425laptop11/interbotix_ws/install/interbotix_xs_msgs/include/interbotix_xs_msgs/interbotix_xs_msgs/msg
[1.310s] -- Up-to-date: /home/mscrobotics2425laptop11/interbotix_ws/install/interbotix_xs_msgs/include/interbotix_xs_msgs/interbotix_xs_msgs/msg/rosidl_generator_cpp__visibility_control.hpp
[1.310s] -- Up-to-date: /home/mscrobotics2425laptop11/interbotix_ws/install/interbotix_xs_msgs/include/interbotix_xs_msgs/interbotix_xs_msgs/msg/hex_joy.hpp
[1.310s] -- Up-to-date: /home/mscrobotics2425laptop11/interbotix_ws/install/interbotix_xs_msgs/include/interbotix_xs_msgs/interbotix_xs_msgs/msg/joint_temps.hpp
[1.310s] -- Up-to-date: /home/mscrobotics2425laptop11/interbotix_ws/install/interbotix_xs_msgs/include/interbotix_xs_msgs/interbotix_xs_msgs/msg/turret_joy.hpp
[1.310s] -- Up-to-date: /home/mscrobotics2425laptop11/interbotix_ws/install/interbotix_xs_msgs/include/interbotix_xs_msgs/interbotix_xs_msgs/msg/locobot_joy.hpp
[1.310s] -- Up-to-date: /home/mscrobotics2425laptop11/interbotix_ws/install/interbotix_xs_msgs/include/interbotix_xs_msgs/interbotix_xs_msgs/msg/joint_group_command.hpp
[1.310s] -- Up-to-date: /home/mscrobotics2425laptop11/interbotix_ws/install/interbotix_xs_msgs/include/interbotix_xs_msgs/interbotix_xs_msgs/msg/arm_joy.hpp
[1.310s] -- Up-to-date: /home/mscrobotics2425laptop11/interbotix_ws/install/interbotix_xs_msgs/include/interbotix_xs_msgs/interbotix_xs_msgs/msg/joint_trajectory_command.hpp
[1.310s] -- Up-to-date: /home/mscrobotics2425laptop11/interbotix_ws/install/interbotix_xs_msgs/include/interbotix_xs_msgs/interbotix_xs_msgs/msg/detail
[1.310s] -- Up-to-date: /home/mscrobotics2425laptop11/interbotix_ws/install/interbotix_xs_msgs/include/interbotix_xs_msgs/interbotix_xs_msgs/msg/detail/arm_joy__type_support.hpp
[1.311s] -- Up-to-date: /home/mscrobotics2425laptop11/interbotix_ws/install/interbotix_xs_msgs/include/interbotix_xs_msgs/interbotix_xs_msgs/msg/detail/joint_single_command__type_support.hpp
[1.311s] -- Up-to-date: /home/mscrobotics2425laptop11/interbotix_ws/install/interbotix_xs_msgs/include/interbotix_xs_msgs/interbotix_xs_msgs/msg/detail/turret_joy__traits.hpp
[1.311s] -- Up-to-date: /home/mscrobotics2425laptop11/interbotix_ws/install/interbotix_xs_msgs/include/interbotix_xs_msgs/interbotix_xs_msgs/msg/detail/locobot_joy__struct.hpp
[1.311s] -- Up-to-date: /home/mscrobotics2425laptop11/interbotix_ws/install/interbotix_xs_msgs/include/interbotix_xs_msgs/interbotix_xs_msgs/msg/detail/arm_joy__traits.hpp
[1.311s] -- Up-to-date: /home/mscrobotics2425laptop11/interbotix_ws/install/interbotix_xs_msgs/include/interbotix_xs_msgs/interbotix_xs_msgs/msg/detail/hex_joy__struct.hpp
[1.311s] -- Up-to-date: /home/mscrobotics2425laptop11/interbotix_ws/install/interbotix_xs_msgs/include/interbotix_xs_msgs/interbotix_xs_msgs/msg/detail/arm_joy__struct.hpp
[1.311s] -- Up-to-date: /home/mscrobotics2425laptop11/interbotix_ws/install/interbotix_xs_msgs/include/interbotix_xs_msgs/interbotix_xs_msgs/msg/detail/locobot_joy__type_support.hpp
[1.311s] -- Up-to-date: /home/mscrobotics2425laptop11/interbotix_ws/install/interbotix_xs_msgs/include/interbotix_xs_msgs/interbotix_xs_msgs/msg/detail/joint_group_command__builder.hpp
[1.311s] -- Up-to-date: /home/mscrobotics2425laptop11/interbotix_ws/install/interbotix_xs_msgs/include/interbotix_xs_msgs/interbotix_xs_msgs/msg/detail/turret_joy__builder.hpp
[1.312s] -- Up-to-date: /home/mscrobotics2425laptop11/interbotix_ws/install/interbotix_xs_msgs/include/interbotix_xs_msgs/interbotix_xs_msgs/msg/detail/joint_temps__type_support.hpp
[1.312s] -- Up-to-date: /home/mscrobotics2425laptop11/interbotix_ws/install/interbotix_xs_msgs/include/interbotix_xs_msgs/interbotix_xs_msgs/msg/detail/joint_temps__struct.hpp
[1.312s] -- Up-to-date: /home/mscrobotics2425laptop11/interbotix_ws/install/interbotix_xs_msgs/include/interbotix_xs_msgs/interbotix_xs_msgs/msg/detail/joint_trajectory_command__builder.hpp
[1.312s] -- Up-to-date: /home/mscrobotics2425laptop11/interbotix_ws/install/interbotix_xs_msgs/include/interbotix_xs_msgs/interbotix_xs_msgs/msg/detail/joint_temps__traits.hpp
[1.312s] -- Up-to-date: /home/mscrobotics2425laptop11/interbotix_ws/install/interbotix_xs_msgs/include/interbotix_xs_msgs/interbotix_xs_msgs/msg/detail/joint_trajectory_command__struct.hpp
[1.312s] -- Up-to-date: /home/mscrobotics2425laptop11/interbotix_ws/install/interbotix_xs_msgs/include/interbotix_xs_msgs/interbotix_xs_msgs/msg/detail/locobot_joy__builder.hpp
[1.312s] -- Up-to-date: /home/mscrobotics2425laptop11/interbotix_ws/install/interbotix_xs_msgs/include/interbotix_xs_msgs/interbotix_xs_msgs/msg/detail/turret_joy__type_support.hpp
[1.312s] -- Up-to-date: /home/mscrobotics2425laptop11/interbotix_ws/install/interbotix_xs_msgs/include/interbotix_xs_msgs/interbotix_xs_msgs/msg/detail/joint_temps__builder.hpp
[1.312s] -- Up-to-date: /home/mscrobotics2425laptop11/interbotix_ws/install/interbotix_xs_msgs/include/interbotix_xs_msgs/interbotix_xs_msgs/msg/detail/joint_single_command__traits.hpp
[1.313s] -- Up-to-date: /home/mscrobotics2425laptop11/interbotix_ws/install/interbotix_xs_msgs/include/interbotix_xs_msgs/interbotix_xs_msgs/msg/detail/joint_trajectory_command__traits.hpp
[1.313s] -- Up-to-date: /home/mscrobotics2425laptop11/interbotix_ws/install/interbotix_xs_msgs/include/interbotix_xs_msgs/interbotix_xs_msgs/msg/detail/joint_group_command__traits.hpp
[1.313s] -- Up-to-date: /home/mscrobotics2425laptop11/interbotix_ws/install/interbotix_xs_msgs/include/interbotix_xs_msgs/interbotix_xs_msgs/msg/detail/joint_group_command__struct.hpp
[1.313s] -- Up-to-date: /home/mscrobotics2425laptop11/interbotix_ws/install/interbotix_xs_msgs/include/interbotix_xs_msgs/interbotix_xs_msgs/msg/detail/joint_trajectory_command__type_support.hpp
[1.313s] -- Up-to-date: /home/mscrobotics2425laptop11/interbotix_ws/install/interbotix_xs_msgs/include/interbotix_xs_msgs/interbotix_xs_msgs/msg/detail/arm_joy__builder.hpp
[1.313s] -- Up-to-date: /home/mscrobotics2425laptop11/interbotix_ws/install/interbotix_xs_msgs/include/interbotix_xs_msgs/interbotix_xs_msgs/msg/detail/hex_joy__traits.hpp
[1.313s] -- Up-to-date: /home/mscrobotics2425laptop11/interbotix_ws/install/interbotix_xs_msgs/include/interbotix_xs_msgs/interbotix_xs_msgs/msg/detail/joint_single_command__builder.hpp
[1.313s] -- Up-to-date: /home/mscrobotics2425laptop11/interbotix_ws/install/interbotix_xs_msgs/include/interbotix_xs_msgs/interbotix_xs_msgs/msg/detail/joint_single_command__struct.hpp
[1.313s] -- Up-to-date: /home/mscrobotics2425laptop11/interbotix_ws/install/interbotix_xs_msgs/include/interbotix_xs_msgs/interbotix_xs_msgs/msg/detail/hex_joy__builder.hpp
[1.314s] -- Up-to-date: /home/mscrobotics2425laptop11/interbotix_ws/install/interbotix_xs_msgs/include/interbotix_xs_msgs/interbotix_xs_msgs/msg/detail/joint_group_command__type_support.hpp
[1.314s] -- Up-to-date: /home/mscrobotics2425laptop11/interbotix_ws/install/interbotix_xs_msgs/include/interbotix_xs_msgs/interbotix_xs_msgs/msg/detail/turret_joy__struct.hpp
[1.314s] -- Up-to-date: /home/mscrobotics2425laptop11/interbotix_ws/install/interbotix_xs_msgs/include/interbotix_xs_msgs/interbotix_xs_msgs/msg/detail/locobot_joy__traits.hpp
[1.314s] -- Up-to-date: /home/mscrobotics2425laptop11/interbotix_ws/install/interbotix_xs_msgs/include/interbotix_xs_msgs/interbotix_xs_msgs/msg/detail/hex_joy__type_support.hpp
[1.314s] -- Up-to-date: /home/mscrobotics2425laptop11/interbotix_ws/install/interbotix_xs_msgs/include/interbotix_xs_msgs/interbotix_xs_msgs/msg/joint_single_command.hpp
[1.314s] -- Up-to-date: /home/mscrobotics2425laptop11/interbotix_ws/install/interbotix_xs_msgs/include/interbotix_xs_msgs/interbotix_xs_msgs/srv
[1.314s] -- Up-to-date: /home/mscrobotics2425laptop11/interbotix_ws/install/interbotix_xs_msgs/include/interbotix_xs_msgs/interbotix_xs_msgs/srv/operating_modes.hpp
[1.315s] -- Up-to-date: /home/mscrobotics2425laptop11/interbotix_ws/install/interbotix_xs_msgs/include/interbotix_xs_msgs/interbotix_xs_msgs/srv/reboot.hpp
[1.315s] -- Up-to-date: /home/mscrobotics2425laptop11/interbotix_ws/install/interbotix_xs_msgs/include/interbotix_xs_msgs/interbotix_xs_msgs/srv/motor_gains.hpp
[1.315s] -- Up-to-date: /home/mscrobotics2425laptop11/interbotix_ws/install/interbotix_xs_msgs/include/interbotix_xs_msgs/interbotix_xs_msgs/srv/torque_enable.hpp
[1.315s] -- Up-to-date: /home/mscrobotics2425laptop11/interbotix_ws/install/interbotix_xs_msgs/include/interbotix_xs_msgs/interbotix_xs_msgs/srv/register_values.hpp
[1.315s] -- Up-to-date: /home/mscrobotics2425laptop11/interbotix_ws/install/interbotix_xs_msgs/include/interbotix_xs_msgs/interbotix_xs_msgs/srv/detail
[1.315s] -- Up-to-date: /home/mscrobotics2425laptop11/interbotix_ws/install/interbotix_xs_msgs/include/interbotix_xs_msgs/interbotix_xs_msgs/srv/detail/reboot__builder.hpp
[1.316s] -- Up-to-date: /home/mscrobotics2425laptop11/interbotix_ws/install/interbotix_xs_msgs/include/interbotix_xs_msgs/interbotix_xs_msgs/srv/detail/operating_modes__builder.hpp
[1.316s] -- Up-to-date: /home/mscrobotics2425laptop11/interbotix_ws/install/interbotix_xs_msgs/include/interbotix_xs_msgs/interbotix_xs_msgs/srv/detail/motor_gains__type_support.hpp
[1.316s] -- Up-to-date: /home/mscrobotics2425laptop11/interbotix_ws/install/interbotix_xs_msgs/include/interbotix_xs_msgs/interbotix_xs_msgs/srv/detail/operating_modes__traits.hpp
[1.316s] -- Up-to-date: /home/mscrobotics2425laptop11/interbotix_ws/install/interbotix_xs_msgs/include/interbotix_xs_msgs/interbotix_xs_msgs/srv/detail/reboot__traits.hpp
[1.316s] -- Up-to-date: /home/mscrobotics2425laptop11/interbotix_ws/install/interbotix_xs_msgs/include/interbotix_xs_msgs/interbotix_xs_msgs/srv/detail/reboot__struct.hpp
[1.316s] -- Up-to-date: /home/mscrobotics2425laptop11/interbotix_ws/install/interbotix_xs_msgs/include/interbotix_xs_msgs/interbotix_xs_msgs/srv/detail/torque_enable__struct.hpp
[1.317s] -- Up-to-date: /home/mscrobotics2425laptop11/interbotix_ws/install/interbotix_xs_msgs/include/interbotix_xs_msgs/interbotix_xs_msgs/srv/detail/reboot__type_support.hpp
[1.317s] -- Up-to-date: /home/mscrobotics2425laptop11/interbotix_ws/install/interbotix_xs_msgs/include/interbotix_xs_msgs/interbotix_xs_msgs/srv/detail/operating_modes__struct.hpp
[1.317s] -- Up-to-date: /home/mscrobotics2425laptop11/interbotix_ws/install/interbotix_xs_msgs/include/interbotix_xs_msgs/interbotix_xs_msgs/srv/detail/register_values__type_support.hpp
[1.317s] -- Up-to-date: /home/mscrobotics2425laptop11/interbotix_ws/install/interbotix_xs_msgs/include/interbotix_xs_msgs/interbotix_xs_msgs/srv/detail/motor_gains__builder.hpp
[1.317s] -- Up-to-date: /home/mscrobotics2425laptop11/interbotix_ws/install/interbotix_xs_msgs/include/interbotix_xs_msgs/interbotix_xs_msgs/srv/detail/robot_info__traits.hpp
[1.317s] -- Up-to-date: /home/mscrobotics2425laptop11/interbotix_ws/install/interbotix_xs_msgs/include/interbotix_xs_msgs/interbotix_xs_msgs/srv/detail/torque_enable__type_support.hpp
[1.317s] -- Up-to-date: /home/mscrobotics2425laptop11/interbotix_ws/install/interbotix_xs_msgs/include/interbotix_xs_msgs/interbotix_xs_msgs/srv/detail/register_values__traits.hpp
[1.318s] -- Up-to-date: /home/mscrobotics2425laptop11/interbotix_ws/install/interbotix_xs_msgs/include/interbotix_xs_msgs/interbotix_xs_msgs/srv/detail/robot_info__builder.hpp
[1.318s] -- Up-to-date: /home/mscrobotics2425laptop11/interbotix_ws/install/interbotix_xs_msgs/include/interbotix_xs_msgs/interbotix_xs_msgs/srv/detail/register_values__struct.hpp
[1.318s] -- Up-to-date: /home/mscrobotics2425laptop11/interbotix_ws/install/interbotix_xs_msgs/include/interbotix_xs_msgs/interbotix_xs_msgs/srv/detail/motor_gains__traits.hpp
[1.318s] -- Up-to-date: /home/mscrobotics2425laptop11/interbotix_ws/install/interbotix_xs_msgs/include/interbotix_xs_msgs/interbotix_xs_msgs/srv/detail/robot_info__struct.hpp
[1.319s] -- Up-to-date: /home/mscrobotics2425laptop11/interbotix_ws/install/interbotix_xs_msgs/include/interbotix_xs_msgs/interbotix_xs_msgs/srv/detail/operating_modes__type_support.hpp
[1.319s] -- Up-to-date: /home/mscrobotics2425laptop11/interbotix_ws/install/interbotix_xs_msgs/include/interbotix_xs_msgs/interbotix_xs_msgs/srv/detail/torque_enable__traits.hpp
[1.319s] -- Up-to-date: /home/mscrobotics2425laptop11/interbotix_ws/install/interbotix_xs_msgs/include/interbotix_xs_msgs/interbotix_xs_msgs/srv/detail/robot_info__type_support.hpp
[1.319s] -- Up-to-date: /home/mscrobotics2425laptop11/interbotix_ws/install/interbotix_xs_msgs/include/interbotix_xs_msgs/interbotix_xs_msgs/srv/detail/motor_gains__struct.hpp
[1.320s] -- Up-to-date: /home/mscrobotics2425laptop11/interbotix_ws/install/interbotix_xs_msgs/include/interbotix_xs_msgs/interbotix_xs_msgs/srv/detail/register_values__builder.hpp
[1.320s] -- Up-to-date: /home/mscrobotics2425laptop11/interbotix_ws/install/interbotix_xs_msgs/include/interbotix_xs_msgs/interbotix_xs_msgs/srv/detail/torque_enable__builder.hpp
[1.320s] -- Up-to-date: /home/mscrobotics2425laptop11/interbotix_ws/install/interbotix_xs_msgs/include/interbotix_xs_msgs/interbotix_xs_msgs/srv/robot_info.hpp
[1.320s] -- Up-to-date: /home/mscrobotics2425laptop11/interbotix_ws/install/interbotix_xs_msgs/include/interbotix_xs_msgs/interbotix_xs_msgs
[1.321s] -- Up-to-date: /home/mscrobotics2425laptop11/interbotix_ws/install/interbotix_xs_msgs/include/interbotix_xs_msgs/interbotix_xs_msgs/msg
[1.322s] -- Up-to-date: /home/mscrobotics2425laptop11/interbotix_ws/install/interbotix_xs_msgs/include/interbotix_xs_msgs/interbotix_xs_msgs/msg/rosidl_typesupport_fastrtps_cpp__visibility_control.h
[1.323s] -- Up-to-date: /home/mscrobotics2425laptop11/interbotix_ws/install/interbotix_xs_msgs/include/interbotix_xs_msgs/interbotix_xs_msgs/msg/detail
[1.325s] -- Up-to-date: /home/mscrobotics2425laptop11/interbotix_ws/install/interbotix_xs_msgs/include/interbotix_xs_msgs/interbotix_xs_msgs/msg/detail/joint_single_command__rosidl_typesupport_fastrtps_cpp.hpp
[1.325s] -- Up-to-date: /home/mscrobotics2425laptop11/interbotix_ws/install/interbotix_xs_msgs/include/interbotix_xs_msgs/interbotix_xs_msgs/msg/detail/joint_trajectory_command__rosidl_typesupport_fastrtps_cpp.hpp
[1.326s] -- Up-to-date: /home/mscrobotics2425laptop11/interbotix_ws/install/interbotix_xs_msgs/include/interbotix_xs_msgs/interbotix_xs_msgs/msg/detail/joint_group_command__rosidl_typesupport_fastrtps_cpp.hpp
[1.326s] -- Up-to-date: /home/mscrobotics2425laptop11/interbotix_ws/install/interbotix_xs_msgs/include/interbotix_xs_msgs/interbotix_xs_msgs/msg/detail/arm_joy__rosidl_typesupport_fastrtps_cpp.hpp
[1.326s] -- Up-to-date: /home/mscrobotics2425laptop11/interbotix_ws/install/interbotix_xs_msgs/include/interbotix_xs_msgs/interbotix_xs_msgs/msg/detail/hex_joy__rosidl_typesupport_fastrtps_cpp.hpp
[1.326s] -- Up-to-date: /home/mscrobotics2425laptop11/interbotix_ws/install/interbotix_xs_msgs/include/interbotix_xs_msgs/interbotix_xs_msgs/msg/detail/joint_temps__rosidl_typesupport_fastrtps_cpp.hpp
[1.326s] -- Up-to-date: /home/mscrobotics2425laptop11/interbotix_ws/install/interbotix_xs_msgs/include/interbotix_xs_msgs/interbotix_xs_msgs/msg/detail/locobot_joy__rosidl_typesupport_fastrtps_cpp.hpp
[1.326s] -- Up-to-date: /home/mscrobotics2425laptop11/interbotix_ws/install/interbotix_xs_msgs/include/interbotix_xs_msgs/interbotix_xs_msgs/msg/detail/turret_joy__rosidl_typesupport_fastrtps_cpp.hpp
[1.326s] -- Up-to-date: /home/mscrobotics2425laptop11/interbotix_ws/install/interbotix_xs_msgs/include/interbotix_xs_msgs/interbotix_xs_msgs/msg/detail/dds_fastrtps
[1.327s] -- Up-to-date: /home/mscrobotics2425laptop11/interbotix_ws/install/interbotix_xs_msgs/include/interbotix_xs_msgs/interbotix_xs_msgs/srv
[1.327s] -- Up-to-date: /home/mscrobotics2425laptop11/interbotix_ws/install/interbotix_xs_msgs/include/interbotix_xs_msgs/interbotix_xs_msgs/srv/detail
[1.327s] -- Up-to-date: /home/mscrobotics2425laptop11/interbotix_ws/install/interbotix_xs_msgs/include/interbotix_xs_msgs/interbotix_xs_msgs/srv/detail/register_values__rosidl_typesupport_fastrtps_cpp.hpp
[1.327s] -- Up-to-date: /home/mscrobotics2425laptop11/interbotix_ws/install/interbotix_xs_msgs/include/interbotix_xs_msgs/interbotix_xs_msgs/srv/detail/motor_gains__rosidl_typesupport_fastrtps_cpp.hpp
[1.327s] -- Up-to-date: /home/mscrobotics2425laptop11/interbotix_ws/install/interbotix_xs_msgs/include/interbotix_xs_msgs/interbotix_xs_msgs/srv/detail/robot_info__rosidl_typesupport_fastrtps_cpp.hpp
[1.327s] -- Up-to-date: /home/mscrobotics2425laptop11/interbotix_ws/install/interbotix_xs_msgs/include/interbotix_xs_msgs/interbotix_xs_msgs/srv/detail/operating_modes__rosidl_typesupport_fastrtps_cpp.hpp
[1.328s] -- Up-to-date: /home/mscrobotics2425laptop11/interbotix_ws/install/interbotix_xs_msgs/include/interbotix_xs_msgs/interbotix_xs_msgs/srv/detail/torque_enable__rosidl_typesupport_fastrtps_cpp.hpp
[1.328s] -- Up-to-date: /home/mscrobotics2425laptop11/interbotix_ws/install/interbotix_xs_msgs/include/interbotix_xs_msgs/interbotix_xs_msgs/srv/detail/reboot__rosidl_typesupport_fastrtps_cpp.hpp
[1.328s] -- Up-to-date: /home/mscrobotics2425laptop11/interbotix_ws/install/interbotix_xs_msgs/include/interbotix_xs_msgs/interbotix_xs_msgs/srv/detail/dds_fastrtps
[1.328s] -- Up-to-date: /home/mscrobotics2425laptop11/interbotix_ws/install/interbotix_xs_msgs/lib/libinterbotix_xs_msgs__rosidl_typesupport_fastrtps_cpp.so
[1.328s] -- Up-to-date: /home/mscrobotics2425laptop11/interbotix_ws/install/interbotix_xs_msgs/include/interbotix_xs_msgs/interbotix_xs_msgs
[1.328s] -- Up-to-date: /home/mscrobotics2425laptop11/interbotix_ws/install/interbotix_xs_msgs/include/interbotix_xs_msgs/interbotix_xs_msgs/msg
[1.328s] -- Up-to-date: /home/mscrobotics2425laptop11/interbotix_ws/install/interbotix_xs_msgs/include/interbotix_xs_msgs/interbotix_xs_msgs/msg/detail
[1.329s] -- Up-to-date: /home/mscrobotics2425laptop11/interbotix_ws/install/interbotix_xs_msgs/include/interbotix_xs_msgs/interbotix_xs_msgs/msg/detail/hex_joy__rosidl_typesupport_introspection_cpp.hpp
[1.329s] -- Up-to-date: /home/mscrobotics2425laptop11/interbotix_ws/install/interbotix_xs_msgs/include/interbotix_xs_msgs/interbotix_xs_msgs/msg/detail/joint_group_command__type_support.cpp
[1.329s] -- Up-to-date: /home/mscrobotics2425laptop11/interbotix_ws/install/interbotix_xs_msgs/include/interbotix_xs_msgs/interbotix_xs_msgs/msg/detail/joint_trajectory_command__rosidl_typesupport_introspection_cpp.hpp
[1.330s] -- Up-to-date: /home/mscrobotics2425laptop11/interbotix_ws/install/interbotix_xs_msgs/include/interbotix_xs_msgs/interbotix_xs_msgs/msg/detail/joint_temps__rosidl_typesupport_introspection_cpp.hpp
[1.330s] -- Up-to-date: /home/mscrobotics2425laptop11/interbotix_ws/install/interbotix_xs_msgs/include/interbotix_xs_msgs/interbotix_xs_msgs/msg/detail/locobot_joy__type_support.cpp
[1.330s] -- Up-to-date: /home/mscrobotics2425laptop11/interbotix_ws/install/interbotix_xs_msgs/include/interbotix_xs_msgs/interbotix_xs_msgs/msg/detail/joint_single_command__rosidl_typesupport_introspection_cpp.hpp
[1.330s] -- Up-to-date: /home/mscrobotics2425laptop11/interbotix_ws/install/interbotix_xs_msgs/include/interbotix_xs_msgs/interbotix_xs_msgs/msg/detail/joint_temps__type_support.cpp
[1.331s] -- Up-to-date: /home/mscrobotics2425laptop11/interbotix_ws/install/interbotix_xs_msgs/include/interbotix_xs_msgs/interbotix_xs_msgs/msg/detail/joint_single_command__type_support.cpp
[1.331s] -- Up-to-date: /home/mscrobotics2425laptop11/interbotix_ws/install/interbotix_xs_msgs/include/interbotix_xs_msgs/interbotix_xs_msgs/msg/detail/arm_joy__rosidl_typesupport_introspection_cpp.hpp
[1.332s] -- Up-to-date: /home/mscrobotics2425laptop11/interbotix_ws/install/interbotix_xs_msgs/include/interbotix_xs_msgs/interbotix_xs_msgs/msg/detail/turret_joy__type_support.cpp
[1.332s] -- Up-to-date: /home/mscrobotics2425laptop11/interbotix_ws/install/interbotix_xs_msgs/include/interbotix_xs_msgs/interbotix_xs_msgs/msg/detail/hex_joy__type_support.cpp
[1.332s] -- Up-to-date: /home/mscrobotics2425laptop11/interbotix_ws/install/interbotix_xs_msgs/include/interbotix_xs_msgs/interbotix_xs_msgs/msg/detail/joint_group_command__rosidl_typesupport_introspection_cpp.hpp
[1.333s] -- Up-to-date: /home/mscrobotics2425laptop11/interbotix_ws/install/interbotix_xs_msgs/include/interbotix_xs_msgs/interbotix_xs_msgs/msg/detail/joint_trajectory_command__type_support.cpp
[1.333s] -- Up-to-date: /home/mscrobotics2425laptop11/interbotix_ws/install/interbotix_xs_msgs/include/interbotix_xs_msgs/interbotix_xs_msgs/msg/detail/locobot_joy__rosidl_typesupport_introspection_cpp.hpp
[1.333s] -- Up-to-date: /home/mscrobotics2425laptop11/interbotix_ws/install/interbotix_xs_msgs/include/interbotix_xs_msgs/interbotix_xs_msgs/msg/detail/arm_joy__type_support.cpp
[1.334s] -- Up-to-date: /home/mscrobotics2425laptop11/interbotix_ws/install/interbotix_xs_msgs/include/interbotix_xs_msgs/interbotix_xs_msgs/msg/detail/turret_joy__rosidl_typesupport_introspection_cpp.hpp
[1.334s] -- Up-to-date: /home/mscrobotics2425laptop11/interbotix_ws/install/interbotix_xs_msgs/include/interbotix_xs_msgs/interbotix_xs_msgs/srv
[1.334s] -- Up-to-date: /home/mscrobotics2425laptop11/interbotix_ws/install/interbotix_xs_msgs/include/interbotix_xs_msgs/interbotix_xs_msgs/srv/detail
[1.335s] -- Up-to-date: /home/mscrobotics2425laptop11/interbotix_ws/install/interbotix_xs_msgs/include/interbotix_xs_msgs/interbotix_xs_msgs/srv/detail/motor_gains__rosidl_typesupport_introspection_cpp.hpp
[1.335s] -- Up-to-date: /home/mscrobotics2425laptop11/interbotix_ws/install/interbotix_xs_msgs/include/interbotix_xs_msgs/interbotix_xs_msgs/srv/detail/operating_modes__type_support.cpp
[1.335s] -- Up-to-date: /home/mscrobotics2425laptop11/interbotix_ws/install/interbotix_xs_msgs/include/interbotix_xs_msgs/interbotix_xs_msgs/srv/detail/robot_info__type_support.cpp
[1.335s] -- Up-to-date: /home/mscrobotics2425laptop11/interbotix_ws/install/interbotix_xs_msgs/include/interbotix_xs_msgs/interbotix_xs_msgs/srv/detail/robot_info__rosidl_typesupport_introspection_cpp.hpp
[1.336s] -- Up-to-date: /home/mscrobotics2425laptop11/interbotix_ws/install/interbotix_xs_msgs/include/interbotix_xs_msgs/interbotix_xs_msgs/srv/detail/reboot__type_support.cpp
[1.336s] -- Up-to-date: /home/mscrobotics2425laptop11/interbotix_ws/install/interbotix_xs_msgs/include/interbotix_xs_msgs/interbotix_xs_msgs/srv/detail/motor_gains__type_support.cpp
[1.336s] -- Up-to-date: /home/mscrobotics2425laptop11/interbotix_ws/install/interbotix_xs_msgs/include/interbotix_xs_msgs/interbotix_xs_msgs/srv/detail/reboot__rosidl_typesupport_introspection_cpp.hpp
[1.337s] -- Up-to-date: /home/mscrobotics2425laptop11/interbotix_ws/install/interbotix_xs_msgs/include/interbotix_xs_msgs/interbotix_xs_msgs/srv/detail/torque_enable__rosidl_typesupport_introspection_cpp.hpp
[1.337s] -- Up-to-date: /home/mscrobotics2425laptop11/interbotix_ws/install/interbotix_xs_msgs/include/interbotix_xs_msgs/interbotix_xs_msgs/srv/detail/operating_modes__rosidl_typesupport_introspection_cpp.hpp
[1.337s] -- Up-to-date: /home/mscrobotics2425laptop11/interbotix_ws/install/interbotix_xs_msgs/include/interbotix_xs_msgs/interbotix_xs_msgs/srv/detail/torque_enable__type_support.cpp
[1.337s] -- Up-to-date: /home/mscrobotics2425laptop11/interbotix_ws/install/interbotix_xs_msgs/include/interbotix_xs_msgs/interbotix_xs_msgs/srv/detail/register_values__type_support.cpp
[1.338s] -- Up-to-date: /home/mscrobotics2425laptop11/interbotix_ws/install/interbotix_xs_msgs/include/interbotix_xs_msgs/interbotix_xs_msgs/srv/detail/register_values__rosidl_typesupport_introspection_cpp.hpp
[1.338s] -- Up-to-date: /home/mscrobotics2425laptop11/interbotix_ws/install/interbotix_xs_msgs/lib/libinterbotix_xs_msgs__rosidl_typesupport_introspection_cpp.so
[1.338s] -- Up-to-date: /home/mscrobotics2425laptop11/interbotix_ws/install/interbotix_xs_msgs/lib/libinterbotix_xs_msgs__rosidl_typesupport_cpp.so
[1.338s] -- Up-to-date: /home/mscrobotics2425laptop11/interbotix_ws/install/interbotix_xs_msgs/share/interbotix_xs_msgs/environment/pythonpath.sh
[1.339s] -- Up-to-date: /home/mscrobotics2425laptop11/interbotix_ws/install/interbotix_xs_msgs/share/interbotix_xs_msgs/environment/pythonpath.dsv
[1.339s] -- Up-to-date: /home/mscrobotics2425laptop11/interbotix_ws/install/interbotix_xs_msgs/local/lib/python3.10/dist-packages/interbotix_xs_msgs-0.0.0-py3.10.egg-info
[1.339s] -- Installing: /home/mscrobotics2425laptop11/interbotix_ws/install/interbotix_xs_msgs/local/lib/python3.10/dist-packages/interbotix_xs_msgs-0.0.0-py3.10.egg-info/SOURCES.txt
[1.367s] -- Installing: /home/mscrobotics2425laptop11/interbotix_ws/install/interbotix_xs_msgs/local/lib/python3.10/dist-packages/interbotix_xs_msgs-0.0.0-py3.10.egg-info/dependency_links.txt
[1.368s] -- Installing: /home/mscrobotics2425laptop11/interbotix_ws/install/interbotix_xs_msgs/local/lib/python3.10/dist-packages/interbotix_xs_msgs-0.0.0-py3.10.egg-info/top_level.txt
[1.368s] -- Installing: /home/mscrobotics2425laptop11/interbotix_ws/install/interbotix_xs_msgs/local/lib/python3.10/dist-packages/interbotix_xs_msgs-0.0.0-py3.10.egg-info/PKG-INFO
[1.368s] -- Up-to-date: /home/mscrobotics2425laptop11/interbotix_ws/install/interbotix_xs_msgs/local/lib/python3.10/dist-packages/interbotix_xs_msgs
[1.368s] -- Up-to-date: /home/mscrobotics2425laptop11/interbotix_ws/install/interbotix_xs_msgs/local/lib/python3.10/dist-packages/interbotix_xs_msgs/_interbotix_xs_msgs_s.ep.rosidl_typesupport_fastrtps_c.c
[1.368s] -- Up-to-date: /home/mscrobotics2425laptop11/interbotix_ws/install/interbotix_xs_msgs/local/lib/python3.10/dist-packages/interbotix_xs_msgs/libinterbotix_xs_msgs__rosidl_generator_py.so
[1.368s] -- Up-to-date: /home/mscrobotics2425laptop11/interbotix_ws/install/interbotix_xs_msgs/local/lib/python3.10/dist-packages/interbotix_xs_msgs/_interbotix_xs_msgs_s.ep.rosidl_typesupport_c.c
[1.369s] -- Up-to-date: /home/mscrobotics2425laptop11/interbotix_ws/install/interbotix_xs_msgs/local/lib/python3.10/dist-packages/interbotix_xs_msgs/interbotix_xs_msgs_s__rosidl_typesupport_introspection_c.cpython-310-x86_64-linux-gnu.so
[1.369s] -- Up-to-date: /home/mscrobotics2425laptop11/interbotix_ws/install/interbotix_xs_msgs/local/lib/python3.10/dist-packages/interbotix_xs_msgs/_interbotix_xs_msgs_s.ep.rosidl_typesupport_introspection_c.c
[1.369s] -- Up-to-date: /home/mscrobotics2425laptop11/interbotix_ws/install/interbotix_xs_msgs/local/lib/python3.10/dist-packages/interbotix_xs_msgs/msg
[1.369s] -- Up-to-date: /home/mscrobotics2425laptop11/interbotix_ws/install/interbotix_xs_msgs/local/lib/python3.10/dist-packages/interbotix_xs_msgs/msg/_joint_trajectory_command.py
[1.369s] -- Up-to-date: /home/mscrobotics2425laptop11/interbotix_ws/install/interbotix_xs_msgs/local/lib/python3.10/dist-packages/interbotix_xs_msgs/msg/_joint_temps_s.c
[1.369s] -- Up-to-date: /home/mscrobotics2425laptop11/interbotix_ws/install/interbotix_xs_msgs/local/lib/python3.10/dist-packages/interbotix_xs_msgs/msg/_turret_joy_s.c
[1.369s] -- Up-to-date: /home/mscrobotics2425laptop11/interbotix_ws/install/interbotix_xs_msgs/local/lib/python3.10/dist-packages/interbotix_xs_msgs/msg/_joint_single_command.py
[1.370s] -- Up-to-date: /home/mscrobotics2425laptop11/interbotix_ws/install/interbotix_xs_msgs/local/lib/python3.10/dist-packages/interbotix_xs_msgs/msg/_turret_joy.py
[1.370s] -- Up-to-date: /home/mscrobotics2425laptop11/interbotix_ws/install/interbotix_xs_msgs/local/lib/python3.10/dist-packages/interbotix_xs_msgs/msg/_joint_group_command.py
[1.370s] -- Up-to-date: /home/mscrobotics2425laptop11/interbotix_ws/install/interbotix_xs_msgs/local/lib/python3.10/dist-packages/interbotix_xs_msgs/msg/_locobot_joy_s.c
[1.371s] -- Up-to-date: /home/mscrobotics2425laptop11/interbotix_ws/install/interbotix_xs_msgs/local/lib/python3.10/dist-packages/interbotix_xs_msgs/msg/_hex_joy.py
[1.371s] -- Up-to-date: /home/mscrobotics2425laptop11/interbotix_ws/install/interbotix_xs_msgs/local/lib/python3.10/dist-packages/interbotix_xs_msgs/msg/_arm_joy.py
[1.371s] -- Up-to-date: /home/mscrobotics2425laptop11/interbotix_ws/install/interbotix_xs_msgs/local/lib/python3.10/dist-packages/interbotix_xs_msgs/msg/__init__.py
[1.371s] -- Up-to-date: /home/mscrobotics2425laptop11/interbotix_ws/install/interbotix_xs_msgs/local/lib/python3.10/dist-packages/interbotix_xs_msgs/msg/_joint_single_command_s.c
[1.371s] -- Up-to-date: /home/mscrobotics2425laptop11/interbotix_ws/install/interbotix_xs_msgs/local/lib/python3.10/dist-packages/interbotix_xs_msgs/msg/_locobot_joy.py
[1.372s] -- Up-to-date: /home/mscrobotics2425laptop11/interbotix_ws/install/interbotix_xs_msgs/local/lib/python3.10/dist-packages/interbotix_xs_msgs/msg/_arm_joy_s.c
[1.373s] -- Up-to-date: /home/mscrobotics2425laptop11/interbotix_ws/install/interbotix_xs_msgs/local/lib/python3.10/dist-packages/interbotix_xs_msgs/msg/_joint_trajectory_command_s.c
[1.374s] -- Up-to-date: /home/mscrobotics2425laptop11/interbotix_ws/install/interbotix_xs_msgs/local/lib/python3.10/dist-packages/interbotix_xs_msgs/msg/_joint_group_command_s.c
[1.374s] -- Up-to-date: /home/mscrobotics2425laptop11/interbotix_ws/install/interbotix_xs_msgs/local/lib/python3.10/dist-packages/interbotix_xs_msgs/msg/_hex_joy_s.c
[1.374s] -- Up-to-date: /home/mscrobotics2425laptop11/interbotix_ws/install/interbotix_xs_msgs/local/lib/python3.10/dist-packages/interbotix_xs_msgs/msg/_joint_temps.py
[1.375s] -- Up-to-date: /home/mscrobotics2425laptop11/interbotix_ws/install/interbotix_xs_msgs/local/lib/python3.10/dist-packages/interbotix_xs_msgs/srv
[1.375s] -- Up-to-date: /home/mscrobotics2425laptop11/interbotix_ws/install/interbotix_xs_msgs/local/lib/python3.10/dist-packages/interbotix_xs_msgs/srv/_robot_info.py
[1.379s] -- Up-to-date: /home/mscrobotics2425laptop11/interbotix_ws/install/interbotix_xs_msgs/local/lib/python3.10/dist-packages/interbotix_xs_msgs/srv/_operating_modes_s.c
[1.379s] -- Up-to-date: /home/mscrobotics2425laptop11/interbotix_ws/install/interbotix_xs_msgs/local/lib/python3.10/dist-packages/interbotix_xs_msgs/srv/_register_values.py
[1.379s] -- Up-to-date: /home/mscrobotics2425laptop11/interbotix_ws/install/interbotix_xs_msgs/local/lib/python3.10/dist-packages/interbotix_xs_msgs/srv/_reboot.py
[1.379s] -- Up-to-date: /home/mscrobotics2425laptop11/interbotix_ws/install/interbotix_xs_msgs/local/lib/python3.10/dist-packages/interbotix_xs_msgs/srv/_robot_info_s.c
[1.380s] -- Up-to-date: /home/mscrobotics2425laptop11/interbotix_ws/install/interbotix_xs_msgs/local/lib/python3.10/dist-packages/interbotix_xs_msgs/srv/_register_values_s.c
[1.380s] -- Up-to-date: /home/mscrobotics2425laptop11/interbotix_ws/install/interbotix_xs_msgs/local/lib/python3.10/dist-packages/interbotix_xs_msgs/srv/_operating_modes.py
[1.380s] -- Up-to-date: /home/mscrobotics2425laptop11/interbotix_ws/install/interbotix_xs_msgs/local/lib/python3.10/dist-packages/interbotix_xs_msgs/srv/_motor_gains.py
[1.380s] -- Up-to-date: /home/mscrobotics2425laptop11/interbotix_ws/install/interbotix_xs_msgs/local/lib/python3.10/dist-packages/interbotix_xs_msgs/srv/__init__.py
[1.380s] -- Up-to-date: /home/mscrobotics2425laptop11/interbotix_ws/install/interbotix_xs_msgs/local/lib/python3.10/dist-packages/interbotix_xs_msgs/srv/_reboot_s.c
[1.381s] -- Up-to-date: /home/mscrobotics2425laptop11/interbotix_ws/install/interbotix_xs_msgs/local/lib/python3.10/dist-packages/interbotix_xs_msgs/srv/_torque_enable_s.c
[1.381s] -- Up-to-date: /home/mscrobotics2425laptop11/interbotix_ws/install/interbotix_xs_msgs/local/lib/python3.10/dist-packages/interbotix_xs_msgs/srv/_torque_enable.py
[1.381s] -- Up-to-date: /home/mscrobotics2425laptop11/interbotix_ws/install/interbotix_xs_msgs/local/lib/python3.10/dist-packages/interbotix_xs_msgs/srv/_motor_gains_s.c
[1.381s] -- Up-to-date: /home/mscrobotics2425laptop11/interbotix_ws/install/interbotix_xs_msgs/local/lib/python3.10/dist-packages/interbotix_xs_msgs/__init__.py
[1.381s] -- Up-to-date: /home/mscrobotics2425laptop11/interbotix_ws/install/interbotix_xs_msgs/local/lib/python3.10/dist-packages/interbotix_xs_msgs/interbotix_xs_msgs_s__rosidl_typesupport_c.cpython-310-x86_64-linux-gnu.so
[1.381s] -- Up-to-date: /home/mscrobotics2425laptop11/interbotix_ws/install/interbotix_xs_msgs/local/lib/python3.10/dist-packages/interbotix_xs_msgs/interbotix_xs_msgs_s__rosidl_typesupport_fastrtps_c.cpython-310-x86_64-linux-gnu.so
[1.442s] Listing '/home/mscrobotics2425laptop11/interbotix_ws/install/interbotix_xs_msgs/local/lib/python3.10/dist-packages/interbotix_xs_msgs'...
[1.442s] Listing '/home/mscrobotics2425laptop11/interbotix_ws/install/interbotix_xs_msgs/local/lib/python3.10/dist-packages/interbotix_xs_msgs/msg'...
[1.454s] Listing '/home/mscrobotics2425laptop11/interbotix_ws/install/interbotix_xs_msgs/local/lib/python3.10/dist-packages/interbotix_xs_msgs/srv'...
[1.484s] -- Up-to-date: /home/mscrobotics2425laptop11/interbotix_ws/install/interbotix_xs_msgs/local/lib/python3.10/dist-packages/interbotix_xs_msgs/interbotix_xs_msgs_s__rosidl_typesupport_fastrtps_c.cpython-310-x86_64-linux-gnu.so
[1.489s] -- Up-to-date: /home/mscrobotics2425laptop11/interbotix_ws/install/interbotix_xs_msgs/local/lib/python3.10/dist-packages/interbotix_xs_msgs/interbotix_xs_msgs_s__rosidl_typesupport_introspection_c.cpython-310-x86_64-linux-gnu.so
[1.489s] -- Up-to-date: /home/mscrobotics2425laptop11/interbotix_ws/install/interbotix_xs_msgs/local/lib/python3.10/dist-packages/interbotix_xs_msgs/interbotix_xs_msgs_s__rosidl_typesupport_c.cpython-310-x86_64-linux-gnu.so
[1.490s] -- Up-to-date: /home/mscrobotics2425laptop11/interbotix_ws/install/interbotix_xs_msgs/lib/libinterbotix_xs_msgs__rosidl_generator_py.so
[1.491s] -- Up-to-date: /home/mscrobotics2425laptop11/interbotix_ws/install/interbotix_xs_msgs/share/interbotix_xs_msgs/msg/ArmJoy.idl
[1.494s] -- Up-to-date: /home/mscrobotics2425laptop11/interbotix_ws/install/interbotix_xs_msgs/share/interbotix_xs_msgs/msg/HexJoy.idl
[1.495s] -- Up-to-date: /home/mscrobotics2425laptop11/interbotix_ws/install/interbotix_xs_msgs/share/interbotix_xs_msgs/msg/JointGroupCommand.idl
[1.495s] -- Up-to-date: /home/mscrobotics2425laptop11/interbotix_ws/install/interbotix_xs_msgs/share/interbotix_xs_msgs/msg/JointSingleCommand.idl
[1.495s] -- Up-to-date: /home/mscrobotics2425laptop11/interbotix_ws/install/interbotix_xs_msgs/share/interbotix_xs_msgs/msg/JointTemps.idl
[1.496s] -- Up-to-date: /home/mscrobotics2425laptop11/interbotix_ws/install/interbotix_xs_msgs/share/interbotix_xs_msgs/msg/JointTrajectoryCommand.idl
[1.496s] -- Up-to-date: /home/mscrobotics2425laptop11/interbotix_ws/install/interbotix_xs_msgs/share/interbotix_xs_msgs/msg/LocobotJoy.idl
[1.497s] -- Up-to-date: /home/mscrobotics2425laptop11/interbotix_ws/install/interbotix_xs_msgs/share/interbotix_xs_msgs/msg/TurretJoy.idl
[1.497s] -- Up-to-date: /home/mscrobotics2425laptop11/interbotix_ws/install/interbotix_xs_msgs/share/interbotix_xs_msgs/srv/MotorGains.idl
[1.497s] -- Up-to-date: /home/mscrobotics2425laptop11/interbotix_ws/install/interbotix_xs_msgs/share/interbotix_xs_msgs/srv/OperatingModes.idl
[1.497s] -- Up-to-date: /home/mscrobotics2425laptop11/interbotix_ws/install/interbotix_xs_msgs/share/interbotix_xs_msgs/srv/Reboot.idl
[1.498s] -- Up-to-date: /home/mscrobotics2425laptop11/interbotix_ws/install/interbotix_xs_msgs/share/interbotix_xs_msgs/srv/RegisterValues.idl
[1.498s] -- Up-to-date: /home/mscrobotics2425laptop11/interbotix_ws/install/interbotix_xs_msgs/share/interbotix_xs_msgs/srv/RobotInfo.idl
[1.499s] -- Up-to-date: /home/mscrobotics2425laptop11/interbotix_ws/install/interbotix_xs_msgs/share/interbotix_xs_msgs/srv/TorqueEnable.idl
[1.499s] -- Up-to-date: /home/mscrobotics2425laptop11/interbotix_ws/install/interbotix_xs_msgs/share/interbotix_xs_msgs/msg/ArmJoy.msg
[1.507s] -- Up-to-date: /home/mscrobotics2425laptop11/interbotix_ws/install/interbotix_xs_msgs/share/interbotix_xs_msgs/msg/HexJoy.msg
[1.507s] -- Up-to-date: /home/mscrobotics2425laptop11/interbotix_ws/install/interbotix_xs_msgs/share/interbotix_xs_msgs/msg/JointGroupCommand.msg
[1.507s] -- Up-to-date: /home/mscrobotics2425laptop11/interbotix_ws/install/interbotix_xs_msgs/share/interbotix_xs_msgs/msg/JointSingleCommand.msg
[1.507s] -- Up-to-date: /home/mscrobotics2425laptop11/interbotix_ws/install/interbotix_xs_msgs/share/interbotix_xs_msgs/msg/JointTemps.msg
[1.507s] -- Up-to-date: /home/mscrobotics2425laptop11/interbotix_ws/install/interbotix_xs_msgs/share/interbotix_xs_msgs/msg/JointTrajectoryCommand.msg
[1.508s] -- Up-to-date: /home/mscrobotics2425laptop11/interbotix_ws/install/interbotix_xs_msgs/share/interbotix_xs_msgs/msg/LocobotJoy.msg
[1.508s] -- Up-to-date: /home/mscrobotics2425laptop11/interbotix_ws/install/interbotix_xs_msgs/share/interbotix_xs_msgs/msg/TurretJoy.msg
[1.508s] -- Up-to-date: /home/mscrobotics2425laptop11/interbotix_ws/install/interbotix_xs_msgs/share/interbotix_xs_msgs/srv/MotorGains.srv
[1.509s] -- Up-to-date: /home/mscrobotics2425laptop11/interbotix_ws/install/interbotix_xs_msgs/share/interbotix_xs_msgs/srv/MotorGains_Request.msg
[1.509s] -- Up-to-date: /home/mscrobotics2425laptop11/interbotix_ws/install/interbotix_xs_msgs/share/interbotix_xs_msgs/srv/MotorGains_Response.msg
[1.509s] -- Up-to-date: /home/mscrobotics2425laptop11/interbotix_ws/install/interbotix_xs_msgs/share/interbotix_xs_msgs/srv/OperatingModes.srv
[1.509s] -- Up-to-date: /home/mscrobotics2425laptop11/interbotix_ws/install/interbotix_xs_msgs/share/interbotix_xs_msgs/srv/OperatingModes_Request.msg
[1.510s] -- Up-to-date: /home/mscrobotics2425laptop11/interbotix_ws/install/interbotix_xs_msgs/share/interbotix_xs_msgs/srv/OperatingModes_Response.msg
[1.510s] -- Up-to-date: /home/mscrobotics2425laptop11/interbotix_ws/install/interbotix_xs_msgs/share/interbotix_xs_msgs/srv/Reboot.srv
[1.510s] -- Up-to-date: /home/mscrobotics2425laptop11/interbotix_ws/install/interbotix_xs_msgs/share/interbotix_xs_msgs/srv/Reboot_Request.msg
[1.510s] -- Up-to-date: /home/mscrobotics2425laptop11/interbotix_ws/install/interbotix_xs_msgs/share/interbotix_xs_msgs/srv/Reboot_Response.msg
[1.510s] -- Up-to-date: /home/mscrobotics2425laptop11/interbotix_ws/install/interbotix_xs_msgs/share/interbotix_xs_msgs/srv/RegisterValues.srv
[1.510s] -- Up-to-date: /home/mscrobotics2425laptop11/interbotix_ws/install/interbotix_xs_msgs/share/interbotix_xs_msgs/srv/RegisterValues_Request.msg
[1.510s] -- Up-to-date: /home/mscrobotics2425laptop11/interbotix_ws/install/interbotix_xs_msgs/share/interbotix_xs_msgs/srv/RegisterValues_Response.msg
[1.510s] -- Up-to-date: /home/mscrobotics2425laptop11/interbotix_ws/install/interbotix_xs_msgs/share/interbotix_xs_msgs/srv/RobotInfo.srv
[1.511s] -- Up-to-date: /home/mscrobotics2425laptop11/interbotix_ws/install/interbotix_xs_msgs/share/interbotix_xs_msgs/srv/RobotInfo_Request.msg
[1.511s] -- Up-to-date: /home/mscrobotics2425laptop11/interbotix_ws/install/interbotix_xs_msgs/share/interbotix_xs_msgs/srv/RobotInfo_Response.msg
[1.511s] -- Up-to-date: /home/mscrobotics2425laptop11/interbotix_ws/install/interbotix_xs_msgs/share/interbotix_xs_msgs/srv/TorqueEnable.srv
[1.511s] -- Up-to-date: /home/mscrobotics2425laptop11/interbotix_ws/install/interbotix_xs_msgs/share/interbotix_xs_msgs/srv/TorqueEnable_Request.msg
[1.511s] -- Up-to-date: /home/mscrobotics2425laptop11/interbotix_ws/install/interbotix_xs_msgs/share/interbotix_xs_msgs/srv/TorqueEnable_Response.msg
[1.511s] -- Up-to-date: /home/mscrobotics2425laptop11/interbotix_ws/install/interbotix_xs_msgs/share/ament_index/resource_index/package_run_dependencies/interbotix_xs_msgs
[1.512s] -- Up-to-date: /home/mscrobotics2425laptop11/interbotix_ws/install/interbotix_xs_msgs/share/ament_index/resource_index/parent_prefix_path/interbotix_xs_msgs
[1.512s] -- Up-to-date: /home/mscrobotics2425laptop11/interbotix_ws/install/interbotix_xs_msgs/share/interbotix_xs_msgs/environment/ament_prefix_path.sh
[1.512s] -- Up-to-date: /home/mscrobotics2425laptop11/interbotix_ws/install/interbotix_xs_msgs/share/interbotix_xs_msgs/environment/ament_prefix_path.dsv
[1.512s] -- Up-to-date: /home/mscrobotics2425laptop11/interbotix_ws/install/interbotix_xs_msgs/share/interbotix_xs_msgs/environment/path.sh
[1.512s] -- Up-to-date: /home/mscrobotics2425laptop11/interbotix_ws/install/interbotix_xs_msgs/share/interbotix_xs_msgs/environment/path.dsv
[1.512s] -- Up-to-date: /home/mscrobotics2425laptop11/interbotix_ws/install/interbotix_xs_msgs/share/interbotix_xs_msgs/local_setup.bash
[1.512s] -- Up-to-date: /home/mscrobotics2425laptop11/interbotix_ws/install/interbotix_xs_msgs/share/interbotix_xs_msgs/local_setup.sh
[1.512s] -- Up-to-date: /home/mscrobotics2425laptop11/interbotix_ws/install/interbotix_xs_msgs/share/interbotix_xs_msgs/local_setup.zsh
[1.512s] -- Up-to-date: /home/mscrobotics2425laptop11/interbotix_ws/install/interbotix_xs_msgs/share/interbotix_xs_msgs/local_setup.dsv
[1.512s] -- Installing: /home/mscrobotics2425laptop11/interbotix_ws/install/interbotix_xs_msgs/share/interbotix_xs_msgs/package.dsv
[1.513s] -- Up-to-date: /home/mscrobotics2425laptop11/interbotix_ws/install/interbotix_xs_msgs/share/ament_index/resource_index/packages/interbotix_xs_msgs
[1.513s] -- Up-to-date: /home/mscrobotics2425laptop11/interbotix_ws/install/interbotix_xs_msgs/share/interbotix_xs_msgs/cmake/export_interbotix_xs_msgs__rosidl_generator_cExport.cmake
[1.513s] -- Up-to-date: /home/mscrobotics2425laptop11/interbotix_ws/install/interbotix_xs_msgs/share/interbotix_xs_msgs/cmake/export_interbotix_xs_msgs__rosidl_generator_cExport-noconfig.cmake
[1.513s] -- Up-to-date: /home/mscrobotics2425laptop11/interbotix_ws/install/interbotix_xs_msgs/share/interbotix_xs_msgs/cmake/export_interbotix_xs_msgs__rosidl_typesupport_fastrtps_cExport.cmake
[1.513s] -- Up-to-date: /home/mscrobotics2425laptop11/interbotix_ws/install/interbotix_xs_msgs/share/interbotix_xs_msgs/cmake/export_interbotix_xs_msgs__rosidl_typesupport_fastrtps_cExport-noconfig.cmake
[1.513s] -- Up-to-date: /home/mscrobotics2425laptop11/interbotix_ws/install/interbotix_xs_msgs/share/interbotix_xs_msgs/cmake/interbotix_xs_msgs__rosidl_typesupport_introspection_cExport.cmake
[1.513s] -- Up-to-date: /home/mscrobotics2425laptop11/interbotix_ws/install/interbotix_xs_msgs/share/interbotix_xs_msgs/cmake/interbotix_xs_msgs__rosidl_typesupport_introspection_cExport-noconfig.cmake
[1.513s] -- Up-to-date: /home/mscrobotics2425laptop11/interbotix_ws/install/interbotix_xs_msgs/share/interbotix_xs_msgs/cmake/interbotix_xs_msgs__rosidl_typesupport_cExport.cmake
[1.513s] -- Up-to-date: /home/mscrobotics2425laptop11/interbotix_ws/install/interbotix_xs_msgs/share/interbotix_xs_msgs/cmake/interbotix_xs_msgs__rosidl_typesupport_cExport-noconfig.cmake
[1.513s] -- Up-to-date: /home/mscrobotics2425laptop11/interbotix_ws/install/interbotix_xs_msgs/share/interbotix_xs_msgs/cmake/export_interbotix_xs_msgs__rosidl_generator_cppExport.cmake
[1.514s] -- Up-to-date: /home/mscrobotics2425laptop11/interbotix_ws/install/interbotix_xs_msgs/share/interbotix_xs_msgs/cmake/export_interbotix_xs_msgs__rosidl_typesupport_fastrtps_cppExport.cmake
[1.514s] -- Up-to-date: /home/mscrobotics2425laptop11/interbotix_ws/install/interbotix_xs_msgs/share/interbotix_xs_msgs/cmake/export_interbotix_xs_msgs__rosidl_typesupport_fastrtps_cppExport-noconfig.cmake
[1.514s] -- Up-to-date: /home/mscrobotics2425laptop11/interbotix_ws/install/interbotix_xs_msgs/share/interbotix_xs_msgs/cmake/interbotix_xs_msgs__rosidl_typesupport_introspection_cppExport.cmake
[1.514s] -- Up-to-date: /home/mscrobotics2425laptop11/interbotix_ws/install/interbotix_xs_msgs/share/interbotix_xs_msgs/cmake/interbotix_xs_msgs__rosidl_typesupport_introspection_cppExport-noconfig.cmake
[1.514s] -- Up-to-date: /home/mscrobotics2425laptop11/interbotix_ws/install/interbotix_xs_msgs/share/interbotix_xs_msgs/cmake/interbotix_xs_msgs__rosidl_typesupport_cppExport.cmake
[1.514s] -- Up-to-date: /home/mscrobotics2425laptop11/interbotix_ws/install/interbotix_xs_msgs/share/interbotix_xs_msgs/cmake/interbotix_xs_msgs__rosidl_typesupport_cppExport-noconfig.cmake
[1.514s] -- Up-to-date: /home/mscrobotics2425laptop11/interbotix_ws/install/interbotix_xs_msgs/share/interbotix_xs_msgs/cmake/export_interbotix_xs_msgs__rosidl_generator_pyExport.cmake
[1.514s] -- Up-to-date: /home/mscrobotics2425laptop11/interbotix_ws/install/interbotix_xs_msgs/share/interbotix_xs_msgs/cmake/export_interbotix_xs_msgs__rosidl_generator_pyExport-noconfig.cmake
[1.515s] -- Up-to-date: /home/mscrobotics2425laptop11/interbotix_ws/install/interbotix_xs_msgs/share/interbotix_xs_msgs/cmake/rosidl_cmake-extras.cmake
[1.515s] -- Up-to-date: /home/mscrobotics2425laptop11/interbotix_ws/install/interbotix_xs_msgs/share/interbotix_xs_msgs/cmake/ament_cmake_export_dependencies-extras.cmake
[1.515s] -- Up-to-date: /home/mscrobotics2425laptop11/interbotix_ws/install/interbotix_xs_msgs/share/interbotix_xs_msgs/cmake/ament_cmake_export_include_directories-extras.cmake
[1.522s] -- Up-to-date: /home/mscrobotics2425laptop11/interbotix_ws/install/interbotix_xs_msgs/share/interbotix_xs_msgs/cmake/ament_cmake_export_libraries-extras.cmake
[1.522s] -- Up-to-date: /home/mscrobotics2425laptop11/interbotix_ws/install/interbotix_xs_msgs/share/interbotix_xs_msgs/cmake/ament_cmake_export_targets-extras.cmake
[1.522s] -- Up-to-date: /home/mscrobotics2425laptop11/interbotix_ws/install/interbotix_xs_msgs/share/interbotix_xs_msgs/cmake/rosidl_cmake_export_typesupport_targets-extras.cmake
[1.522s] -- Up-to-date: /home/mscrobotics2425laptop11/interbotix_ws/install/interbotix_xs_msgs/share/interbotix_xs_msgs/cmake/rosidl_cmake_export_typesupport_libraries-extras.cmake
[1.522s] -- Up-to-date: /home/mscrobotics2425laptop11/interbotix_ws/install/interbotix_xs_msgs/share/interbotix_xs_msgs/cmake/interbotix_xs_msgsConfig.cmake
[1.522s] -- Up-to-date: /home/mscrobotics2425laptop11/interbotix_ws/install/interbotix_xs_msgs/share/interbotix_xs_msgs/cmake/interbotix_xs_msgsConfig-version.cmake
[1.523s] -- Up-to-date: /home/mscrobotics2425laptop11/interbotix_ws/install/interbotix_xs_msgs/share/interbotix_xs_msgs/package.xml
[1.579s] Invoked command in '/home/mscrobotics2425laptop11/interbotix_ws/build/interbotix_xs_msgs' returned '0': CMAKE_PREFIX_PATH=${CMAKE_PREFIX_PATH}:/home/mscrobotics2425laptop11/interbotix_ws/install/interbotix_xs_modules:/home/mscrobotics2425laptop11/interbotix_ws/install/interbotix_perception_modules:/home/mscrobotics2425laptop11/interbotix_ws/install/interbotix_common_modules:/opt/ros/humble /usr/bin/cmake --install /home/mscrobotics2425laptop11/interbotix_ws/build/interbotix_xs_msgs
