-- The C compiler identification is GNU 11.4.0
-- The CXX compiler identification is GNU 11.4.0
-- Detecting C compiler ABI info
-- Detecting C compiler ABI info - done
-- Check for working C compiler: /usr/bin/cc - skipped
-- Detecting C compile features
-- Detecting C compile features - done
-- Detecting CXX compiler ABI info
-- Detecting CXX compiler ABI info - done
-- Check for working CXX compiler: /usr/bin/c++ - skipped
-- Detecting CXX compile features
-- Detecting CXX compile features - done
-- Found ament_cmake: 1.3.11 (/opt/ros/humble/share/ament_cmake/cmake)
-- Found Python3: /usr/bin/python3 (found version "3.10.12") found components: Interpreter 
-- Found interbotix_xs_msgs: 0.0.0 (/home/mscrobotics2425laptop11/interbotix_ws/install/interbotix_xs_msgs/share/interbotix_xs_msgs/cmake)
-- Found rosidl_generator_c: 3.1.6 (/opt/ros/humble/share/rosidl_generator_c/cmake)
-- Found rosidl_adapter: 3.1.6 (/opt/ros/humble/share/rosidl_adapter/cmake)
-- Found rosidl_generator_cpp: 3.1.6 (/opt/ros/humble/share/rosidl_generator_cpp/cmake)
-- Using all available rosidl_typesupport_c: rosidl_typesupport_fastrtps_c;rosidl_typesupport_introspection_c
-- Using all available rosidl_typesupport_cpp: rosidl_typesupport_fastrtps_cpp;rosidl_typesupport_introspection_cpp
-- Found rclcpp: 16.0.11 (/opt/ros/humble/share/rclcpp/cmake)
-- Found rmw_implementation_cmake: 6.1.2 (/opt/ros/humble/share/rmw_implementation_cmake/cmake)
-- Found rmw_fastrtps_cpp: 6.2.7 (/opt/ros/humble/share/rmw_fastrtps_cpp/cmake)
-- Found OpenSSL: /usr/lib/x86_64-linux-gnu/libcrypto.so (found version "3.0.2")  
-- Found FastRTPS: /opt/ros/humble/include  
-- Using RMW implementation 'rmw_fastrtps_cpp' as default
-- Looking for pthread.h
-- Looking for pthread.h - found
-- Performing Test CMAKE_HAVE_LIBC_PTHREAD
-- Performing Test CMAKE_HAVE_LIBC_PTHREAD - Success
-- Found Threads: TRUE  
-- Found sensor_msgs: 4.2.4 (/opt/ros/humble/share/sensor_msgs/cmake)
-- Found ament_lint_auto: 0.12.11 (/opt/ros/humble/share/ament_lint_auto/cmake)
-- Added test 'copyright' to check source files copyright and LICENSE
-- Added test 'cppcheck' to perform static code analysis on C / C++ code
-- Configured cppcheck include dirs: /home/mscrobotics2425laptop11/interbotix_ws/src/interbotix_ros_manipulators/interbotix_ros_xsarms/examples/interbotix_xsarm_puppet/include
-- Configured cppcheck exclude dirs and/or files: 
-- Added test 'cpplint' to check C / C++ code against the Google style
-- Configured cpplint exclude dirs and/or files: 
-- Added test 'flake8' to check Python code syntax and style conventions
-- Added test 'lint_cmake' to check CMake code style
-- Added test 'pep257' to check Python code against some of the docstring style conventions in PEP 257
-- Added test 'uncrustify' to check C / C++ code style
-- Configured uncrustify additional arguments: 
-- Added test 'xmllint' to check XML markup files
-- Configuring done
-- Generating done
-- Build files have been written to: /home/mscrobotics2425laptop11/interbotix_ws/build/interbotix_xsarm_puppet
[ 25%] [32mBuilding CXX object CMakeFiles/xsarm_puppet.dir/src/xsarm_puppet.cpp.o[0m
[ 50%] [32mBuilding CXX object CMakeFiles/xsarm_puppet_single.dir/src/xsarm_puppet_single.cpp.o[0m
[ 75%] [32m[1mLinking CXX executable xsarm_puppet_single[0m
[ 75%] Built target xsarm_puppet_single
[100%] [32m[1mLinking CXX executable xsarm_puppet[0m
[100%] Built target xsarm_puppet
-- Install configuration: ""
-- Installing: /home/mscrobotics2425laptop11/interbotix_ws/install/interbotix_xsarm_puppet/lib/interbotix_xsarm_puppet/xsarm_puppet
-- Set runtime path of "/home/mscrobotics2425laptop11/interbotix_ws/install/interbotix_xsarm_puppet/lib/interbotix_xsarm_puppet/xsarm_puppet" to ""
-- Installing: /home/mscrobotics2425laptop11/interbotix_ws/install/interbotix_xsarm_puppet/lib/interbotix_xsarm_puppet/xsarm_puppet_single
-- Set runtime path of "/home/mscrobotics2425laptop11/interbotix_ws/install/interbotix_xsarm_puppet/lib/interbotix_xsarm_puppet/xsarm_puppet_single" to ""
-- Installing: /home/mscrobotics2425laptop11/interbotix_ws/install/interbotix_xsarm_puppet/share/interbotix_xsarm_puppet//bag
-- Installing: /home/mscrobotics2425laptop11/interbotix_ws/install/interbotix_xsarm_puppet/share/interbotix_xsarm_puppet//bag/duck_dunk.bag
-- Installing: /home/mscrobotics2425laptop11/interbotix_ws/install/interbotix_xsarm_puppet/share/interbotix_xsarm_puppet//bag/.gitkeep
-- Installing: /home/mscrobotics2425laptop11/interbotix_ws/install/interbotix_xsarm_puppet/share/interbotix_xsarm_puppet//config
-- Installing: /home/mscrobotics2425laptop11/interbotix_ws/install/interbotix_xsarm_puppet/share/interbotix_xsarm_puppet//config/follower_modes.yaml
-- Installing: /home/mscrobotics2425laptop11/interbotix_ws/install/interbotix_xsarm_puppet/share/interbotix_xsarm_puppet//config/leader_modes.yaml
-- Installing: /home/mscrobotics2425laptop11/interbotix_ws/install/interbotix_xsarm_puppet/share/interbotix_xsarm_puppet//config/record_modes.yaml
-- Installing: /home/mscrobotics2425laptop11/interbotix_ws/install/interbotix_xsarm_puppet/share/interbotix_xsarm_puppet//config/playback_modes.yaml
-- Installing: /home/mscrobotics2425laptop11/interbotix_ws/install/interbotix_xsarm_puppet/share/interbotix_xsarm_puppet//launch
-- Installing: /home/mscrobotics2425laptop11/interbotix_ws/install/interbotix_xsarm_puppet/share/interbotix_xsarm_puppet//launch/xsarm_puppet_single.launch.py
-- Installing: /home/mscrobotics2425laptop11/interbotix_ws/install/interbotix_xsarm_puppet/share/interbotix_xsarm_puppet//launch/xsarm_puppet.launch.py
-- Installing: /home/mscrobotics2425laptop11/interbotix_ws/install/interbotix_xsarm_puppet/share/interbotix_xsarm_puppet//rviz
-- Installing: /home/mscrobotics2425laptop11/interbotix_ws/install/interbotix_xsarm_puppet/share/interbotix_xsarm_puppet//rviz/xsarm_puppet.rviz
-- Installing: /home/mscrobotics2425laptop11/interbotix_ws/install/interbotix_xsarm_puppet/share/ament_index/resource_index/package_run_dependencies/interbotix_xsarm_puppet
-- Installing: /home/mscrobotics2425laptop11/interbotix_ws/install/interbotix_xsarm_puppet/share/ament_index/resource_index/parent_prefix_path/interbotix_xsarm_puppet
-- Installing: /home/mscrobotics2425laptop11/interbotix_ws/install/interbotix_xsarm_puppet/share/interbotix_xsarm_puppet/environment/ament_prefix_path.sh
-- Installing: /home/mscrobotics2425laptop11/interbotix_ws/install/interbotix_xsarm_puppet/share/interbotix_xsarm_puppet/environment/ament_prefix_path.dsv
-- Installing: /home/mscrobotics2425laptop11/interbotix_ws/install/interbotix_xsarm_puppet/share/interbotix_xsarm_puppet/environment/path.sh
-- Installing: /home/mscrobotics2425laptop11/interbotix_ws/install/interbotix_xsarm_puppet/share/interbotix_xsarm_puppet/environment/path.dsv
-- Installing: /home/mscrobotics2425laptop11/interbotix_ws/install/interbotix_xsarm_puppet/share/interbotix_xsarm_puppet/local_setup.bash
-- Installing: /home/mscrobotics2425laptop11/interbotix_ws/install/interbotix_xsarm_puppet/share/interbotix_xsarm_puppet/local_setup.sh
-- Installing: /home/mscrobotics2425laptop11/interbotix_ws/install/interbotix_xsarm_puppet/share/interbotix_xsarm_puppet/local_setup.zsh
-- Installing: /home/mscrobotics2425laptop11/interbotix_ws/install/interbotix_xsarm_puppet/share/interbotix_xsarm_puppet/local_setup.dsv
-- Installing: /home/mscrobotics2425laptop11/interbotix_ws/install/interbotix_xsarm_puppet/share/interbotix_xsarm_puppet/package.dsv
-- Installing: /home/mscrobotics2425laptop11/interbotix_ws/install/interbotix_xsarm_puppet/share/ament_index/resource_index/packages/interbotix_xsarm_puppet
-- Installing: /home/mscrobotics2425laptop11/interbotix_ws/install/interbotix_xsarm_puppet/share/interbotix_xsarm_puppet/cmake/interbotix_xsarm_puppetConfig.cmake
-- Installing: /home/mscrobotics2425laptop11/interbotix_ws/install/interbotix_xsarm_puppet/share/interbotix_xsarm_puppet/cmake/interbotix_xsarm_puppetConfig-version.cmake
-- Installing: /home/mscrobotics2425laptop11/interbotix_ws/install/interbotix_xsarm_puppet/share/interbotix_xsarm_puppet/package.xml
