[0.051s] Invoking command in '/home/group4/ros2_ws/build/leo_teleop': CMAKE_PREFIX_PATH=${CMAKE_PREFIX_PATH}:/home/group4/ros2_ws/install/teleop_leo:/home/group4/ros2_ws/install/real_leo:/home/group4/ros2_ws/install/my_leo:/home/group4/ros2_ws/install/gz_example_robot_description:/home/group4/ros2_ws/install/bt_demos:/home/group4/ros2_ws/install/autonomous_exploration:/home/group4/interbotix_ws/install/interbotix_xs_modules:/home/group4/interbotix_ws/install/interbotix_perception_modules:/home/group4/interbotix_ws/install/interbotix_common_modules:/opt/ros/humble /usr/bin/cmake /home/group4/ros2_ws/src/leo_common-ros2/leo_teleop -DCMAKE_INSTALL_PREFIX=/home/group4/ros2_ws/install/leo_teleop
[1.272s] -- The C compiler identification is GNU 11.4.0
[1.272s] -- The CXX compiler identification is GNU 11.4.0
[1.272s] -- Detecting C compiler ABI info
[1.272s] -- Detecting C compiler ABI info - done
[1.272s] -- Check for working C compiler: /usr/bin/cc - skipped
[1.272s] -- Detecting C compile features
[1.272s] -- Detecting C compile features - done
[1.272s] -- Detecting CXX compiler ABI info
[1.272s] -- Detecting CXX compiler ABI info - done
[1.273s] -- Check for working CXX compiler: /usr/bin/c++ - skipped
[1.273s] -- Detecting CXX compile features
[1.273s] -- Detecting CXX compile features - done
[1.273s] -- Found ament_cmake: 1.3.8 (/opt/ros/humble/share/ament_cmake/cmake)
[1.273s] -- Found Python3: /usr/bin/python3 (found version "3.10.12") found components: Interpreter 
[1.273s] -- Found ament_lint_auto: 0.12.10 (/opt/ros/humble/share/ament_lint_auto/cmake)
[1.273s] -- Added test 'lint_cmake' to check CMake code style
[1.273s] -- Added test 'xmllint' to check XML markup files
[1.273s] -- Configuring done
[1.273s] -- Generating done
[1.273s] -- Build files have been written to: /home/group4/ros2_ws/build/leo_teleop
[1.287s] Invoked command in '/home/group4/ros2_ws/build/leo_teleop' returned '0': CMAKE_PREFIX_PATH=${CMAKE_PREFIX_PATH}:/home/group4/ros2_ws/install/teleop_leo:/home/group4/ros2_ws/install/real_leo:/home/group4/ros2_ws/install/my_leo:/home/group4/ros2_ws/install/gz_example_robot_description:/home/group4/ros2_ws/install/bt_demos:/home/group4/ros2_ws/install/autonomous_exploration:/home/group4/interbotix_ws/install/interbotix_xs_modules:/home/group4/interbotix_ws/install/interbotix_perception_modules:/home/group4/interbotix_ws/install/interbotix_common_modules:/opt/ros/humble /usr/bin/cmake /home/group4/ros2_ws/src/leo_common-ros2/leo_teleop -DCMAKE_INSTALL_PREFIX=/home/group4/ros2_ws/install/leo_teleop
[1.288s] Invoking command in '/home/group4/ros2_ws/build/leo_teleop': CMAKE_PREFIX_PATH=${CMAKE_PREFIX_PATH}:/home/group4/ros2_ws/install/teleop_leo:/home/group4/ros2_ws/install/real_leo:/home/group4/ros2_ws/install/my_leo:/home/group4/ros2_ws/install/gz_example_robot_description:/home/group4/ros2_ws/install/bt_demos:/home/group4/ros2_ws/install/autonomous_exploration:/home/group4/interbotix_ws/install/interbotix_xs_modules:/home/group4/interbotix_ws/install/interbotix_perception_modules:/home/group4/interbotix_ws/install/interbotix_common_modules:/opt/ros/humble /usr/bin/cmake --build /home/group4/ros2_ws/build/leo_teleop -- -j16 -l16
[1.318s] Invoked command in '/home/group4/ros2_ws/build/leo_teleop' returned '0': CMAKE_PREFIX_PATH=${CMAKE_PREFIX_PATH}:/home/group4/ros2_ws/install/teleop_leo:/home/group4/ros2_ws/install/real_leo:/home/group4/ros2_ws/install/my_leo:/home/group4/ros2_ws/install/gz_example_robot_description:/home/group4/ros2_ws/install/bt_demos:/home/group4/ros2_ws/install/autonomous_exploration:/home/group4/interbotix_ws/install/interbotix_xs_modules:/home/group4/interbotix_ws/install/interbotix_perception_modules:/home/group4/interbotix_ws/install/interbotix_common_modules:/opt/ros/humble /usr/bin/cmake --build /home/group4/ros2_ws/build/leo_teleop -- -j16 -l16
[1.355s] Invoking command in '/home/group4/ros2_ws/build/leo_teleop': CMAKE_PREFIX_PATH=${CMAKE_PREFIX_PATH}:/home/group4/ros2_ws/install/teleop_leo:/home/group4/ros2_ws/install/real_leo:/home/group4/ros2_ws/install/my_leo:/home/group4/ros2_ws/install/gz_example_robot_description:/home/group4/ros2_ws/install/bt_demos:/home/group4/ros2_ws/install/autonomous_exploration:/home/group4/interbotix_ws/install/interbotix_xs_modules:/home/group4/interbotix_ws/install/interbotix_perception_modules:/home/group4/interbotix_ws/install/interbotix_common_modules:/opt/ros/humble /usr/bin/cmake --install /home/group4/ros2_ws/build/leo_teleop
[1.363s] -- Install configuration: ""
[1.363s] -- Installing: /home/group4/ros2_ws/install/leo_teleop/share/leo_teleop/config
[1.363s] -- Installing: /home/group4/ros2_ws/install/leo_teleop/share/leo_teleop/config/joy_config.yaml
[1.363s] -- Installing: /home/group4/ros2_ws/install/leo_teleop/share/leo_teleop/launch
[1.363s] -- Installing: /home/group4/ros2_ws/install/leo_teleop/share/leo_teleop/launch/key_teleop.launch.xml
[1.363s] -- Installing: /home/group4/ros2_ws/install/leo_teleop/share/leo_teleop/launch/joy_teleop.launch.xml
[1.364s] -- Installing: /home/group4/ros2_ws/install/leo_teleop/share/ament_index/resource_index/package_run_dependencies/leo_teleop
[1.364s] -- Installing: /home/group4/ros2_ws/install/leo_teleop/share/ament_index/resource_index/parent_prefix_path/leo_teleop
[1.364s] -- Installing: /home/group4/ros2_ws/install/leo_teleop/share/leo_teleop/environment/ament_prefix_path.sh
[1.365s] -- Installing: /home/group4/ros2_ws/install/leo_teleop/share/leo_teleop/environment/ament_prefix_path.dsv
[1.365s] -- Installing: /home/group4/ros2_ws/install/leo_teleop/share/leo_teleop/environment/path.sh
[1.365s] -- Installing: /home/group4/ros2_ws/install/leo_teleop/share/leo_teleop/environment/path.dsv
[1.366s] -- Installing: /home/group4/ros2_ws/install/leo_teleop/share/leo_teleop/local_setup.bash
[1.366s] -- Installing: /home/group4/ros2_ws/install/leo_teleop/share/leo_teleop/local_setup.sh
[1.366s] -- Installing: /home/group4/ros2_ws/install/leo_teleop/share/leo_teleop/local_setup.zsh
[1.366s] -- Installing: /home/group4/ros2_ws/install/leo_teleop/share/leo_teleop/local_setup.dsv
[1.366s] -- Installing: /home/group4/ros2_ws/install/leo_teleop/share/leo_teleop/package.dsv
[1.366s] -- Installing: /home/group4/ros2_ws/install/leo_teleop/share/ament_index/resource_index/packages/leo_teleop
[1.366s] -- Installing: /home/group4/ros2_ws/install/leo_teleop/share/leo_teleop/cmake/leo_teleopConfig.cmake
[1.366s] -- Installing: /home/group4/ros2_ws/install/leo_teleop/share/leo_teleop/cmake/leo_teleopConfig-version.cmake
[1.366s] -- Installing: /home/group4/ros2_ws/install/leo_teleop/share/leo_teleop/package.xml
[1.385s] Invoked command in '/home/group4/ros2_ws/build/leo_teleop' returned '0': CMAKE_PREFIX_PATH=${CMAKE_PREFIX_PATH}:/home/group4/ros2_ws/install/teleop_leo:/home/group4/ros2_ws/install/real_leo:/home/group4/ros2_ws/install/my_leo:/home/group4/ros2_ws/install/gz_example_robot_description:/home/group4/ros2_ws/install/bt_demos:/home/group4/ros2_ws/install/autonomous_exploration:/home/group4/interbotix_ws/install/interbotix_xs_modules:/home/group4/interbotix_ws/install/interbotix_perception_modules:/home/group4/interbotix_ws/install/interbotix_common_modules:/opt/ros/humble /usr/bin/cmake --install /home/group4/ros2_ws/build/leo_teleop
