/home/mscrobotics2425laptop28/.local/lib/python3.10/site-packages/setuptools/_distutils/dist.py:261: UserWarning: Unknown distribution option: 'tests_require'
  warnings.warn(msg)
running develop
running egg_info
creating autonomous_exploration.egg-info
writing autonomous_exploration.egg-info/PKG-INFO
writing dependency_links to autonomous_exploration.egg-info/dependency_links.txt
writing entry points to autonomous_exploration.egg-info/entry_points.txt
writing requirements to autonomous_exploration.egg-info/requires.txt
writing top-level names to autonomous_exploration.egg-info/top_level.txt
writing manifest file 'autonomous_exploration.egg-info/SOURCES.txt'
reading manifest file 'autonomous_exploration.egg-info/SOURCES.txt'
writing manifest file 'autonomous_exploration.egg-info/SOURCES.txt'
running build_ext
Creating /home/mscrobotics2425laptop28/sim_ws/install/autonomous_exploration/lib/python3.10/site-packages/autonomous-exploration.egg-link (link to .)
Installing control script to /home/mscrobotics2425laptop28/sim_ws/install/autonomous_exploration/lib/autonomous_exploration

Installed /home/mscrobotics2425laptop28/sim_ws/build/autonomous_exploration
running symlink_data
creating /home/mscrobotics2425laptop28/sim_ws/install/autonomous_exploration/share/ament_index/resource_index/packages
symbolically linking /home/mscrobotics2425laptop28/sim_ws/build/autonomous_exploration/resource/autonomous_exploration -> /home/mscrobotics2425laptop28/sim_ws/install/autonomous_exploration/share/ament_index/resource_index/packages
symbolically linking /home/mscrobotics2425laptop28/sim_ws/build/autonomous_exploration/package.xml -> /home/mscrobotics2425laptop28/sim_ws/install/autonomous_exploration/share/autonomous_exploration
