[0.525s] Invoking command in '/home/group4/ros2_ws/build/multirobot_map_merge': CMAKE_PREFIX_PATH=${CMAKE_PREFIX_PATH}:/home/group4/ros2_ws/install/teleop_leo:/home/group4/ros2_ws/install/rplidar_ros:/home/group4/ros2_ws/install/real_leo:/home/group4/ros2_ws/install/my_leo:/home/group4/ros2_ws/install/gz_example_robot_description:/home/group4/ros2_ws/install/bt_demos:/home/group4/ros2_ws/install/autonomous_exploration:/home/group4/interbotix_ws/install/interbotix_xs_modules:/home/group4/interbotix_ws/install/interbotix_perception_modules:/home/group4/interbotix_ws/install/interbotix_common_modules:/opt/ros/humble /usr/bin/cmake --build /home/group4/ros2_ws/build/multirobot_map_merge -- -j16 -l16
[0.962s] [ 33%] Built target gtest_main
[0.963s] [ 33%] Built target gtest
[0.963s] [ 66%] Built target combine_grids
[0.963s] [ 83%] Built target test_merging_pipeline
[0.963s] [100%] Built target map_merge
[1.200s] Invoked command in '/home/group4/ros2_ws/build/multirobot_map_merge' returned '0': CMAKE_PREFIX_PATH=${CMAKE_PREFIX_PATH}:/home/group4/ros2_ws/install/teleop_leo:/home/group4/ros2_ws/install/rplidar_ros:/home/group4/ros2_ws/install/real_leo:/home/group4/ros2_ws/install/my_leo:/home/group4/ros2_ws/install/gz_example_robot_description:/home/group4/ros2_ws/install/bt_demos:/home/group4/ros2_ws/install/autonomous_exploration:/home/group4/interbotix_ws/install/interbotix_xs_modules:/home/group4/interbotix_ws/install/interbotix_perception_modules:/home/group4/interbotix_ws/install/interbotix_common_modules:/opt/ros/humble /usr/bin/cmake --build /home/group4/ros2_ws/build/multirobot_map_merge -- -j16 -l16
[1.323s] Invoking command in '/home/group4/ros2_ws/build/multirobot_map_merge': CMAKE_PREFIX_PATH=${CMAKE_PREFIX_PATH}:/home/group4/ros2_ws/install/teleop_leo:/home/group4/ros2_ws/install/rplidar_ros:/home/group4/ros2_ws/install/real_leo:/home/group4/ros2_ws/install/my_leo:/home/group4/ros2_ws/install/gz_example_robot_description:/home/group4/ros2_ws/install/bt_demos:/home/group4/ros2_ws/install/autonomous_exploration:/home/group4/interbotix_ws/install/interbotix_xs_modules:/home/group4/interbotix_ws/install/interbotix_perception_modules:/home/group4/interbotix_ws/install/interbotix_common_modules:/opt/ros/humble /usr/bin/cmake --install /home/group4/ros2_ws/build/multirobot_map_merge
[1.333s] -- Install configuration: ""
[1.334s] -- Up-to-date: /home/group4/ros2_ws/install/multirobot_map_merge/include/map_merge/
[1.334s] -- Up-to-date: /home/group4/ros2_ws/install/multirobot_map_merge/include/map_merge//ros1_names.hpp
[1.336s] -- Up-to-date: /home/group4/ros2_ws/install/multirobot_map_merge/include/map_merge//map_merge.h
[1.336s] -- Up-to-date: /home/group4/ros2_ws/install/multirobot_map_merge/share/multirobot_map_merge/launch
[1.336s] -- Up-to-date: /home/group4/ros2_ws/install/multirobot_map_merge/share/multirobot_map_merge/launch/from_map_server.launch.py
[1.337s] -- Up-to-date: /home/group4/ros2_ws/install/multirobot_map_merge/share/multirobot_map_merge/launch/map_merge.rviz
[1.337s] -- Up-to-date: /home/group4/ros2_ws/install/multirobot_map_merge/share/multirobot_map_merge/launch/map_merge.launch.py
[1.337s] -- Up-to-date: /home/group4/ros2_ws/install/multirobot_map_merge/share/multirobot_map_merge/launch/tb3_simulation
[1.337s] -- Up-to-date: /home/group4/ros2_ws/install/multirobot_map_merge/share/multirobot_map_merge/launch/tb3_simulation/slam_toolbox.py
[1.337s] -- Up-to-date: /home/group4/ros2_ws/install/multirobot_map_merge/share/multirobot_map_merge/launch/tb3_simulation/bringup_launch.py
[1.337s] -- Up-to-date: /home/group4/ros2_ws/install/multirobot_map_merge/share/multirobot_map_merge/launch/tb3_simulation/tb3_simulation_launch.py
[1.337s] -- Up-to-date: /home/group4/ros2_ws/install/multirobot_map_merge/share/multirobot_map_merge/launch/tb3_simulation/worlds
[1.337s] -- Up-to-date: /home/group4/ros2_ws/install/multirobot_map_merge/share/multirobot_map_merge/launch/tb3_simulation/worlds/world_only.model
[1.337s] -- Up-to-date: /home/group4/ros2_ws/install/multirobot_map_merge/share/multirobot_map_merge/launch/tb3_simulation/multi_tb3_simulation_launch.py
[1.338s] -- Up-to-date: /home/group4/ros2_ws/install/multirobot_map_merge/share/multirobot_map_merge/launch/tb3_simulation/config
[1.338s] -- Up-to-date: /home/group4/ros2_ws/install/multirobot_map_merge/share/multirobot_map_merge/launch/tb3_simulation/config/nav2_multirobot_params_2.yaml
[1.338s] -- Up-to-date: /home/group4/ros2_ws/install/multirobot_map_merge/share/multirobot_map_merge/launch/tb3_simulation/config/nav2_multirobot_params_1.yaml
[1.338s] -- Up-to-date: /home/group4/ros2_ws/install/multirobot_map_merge/share/multirobot_map_merge/config
[1.338s] -- Up-to-date: /home/group4/ros2_ws/install/multirobot_map_merge/share/multirobot_map_merge/config/params.yaml
[1.338s] -- Up-to-date: /home/group4/ros2_ws/install/multirobot_map_merge/lib/libcombine_grids.a
[1.338s] -- Up-to-date: /home/group4/ros2_ws/install/multirobot_map_merge/lib/multirobot_map_merge/map_merge
[1.338s] -- Up-to-date: /home/group4/ros2_ws/install/multirobot_map_merge/share/multirobot_map_merge/environment/library_path.sh
[1.338s] -- Up-to-date: /home/group4/ros2_ws/install/multirobot_map_merge/share/multirobot_map_merge/environment/library_path.dsv
[1.339s] -- Up-to-date: /home/group4/ros2_ws/install/multirobot_map_merge/share/ament_index/resource_index/package_run_dependencies/multirobot_map_merge
[1.339s] -- Up-to-date: /home/group4/ros2_ws/install/multirobot_map_merge/share/ament_index/resource_index/parent_prefix_path/multirobot_map_merge
[1.339s] -- Up-to-date: /home/group4/ros2_ws/install/multirobot_map_merge/share/multirobot_map_merge/environment/ament_prefix_path.sh
[1.339s] -- Up-to-date: /home/group4/ros2_ws/install/multirobot_map_merge/share/multirobot_map_merge/environment/ament_prefix_path.dsv
[1.339s] -- Up-to-date: /home/group4/ros2_ws/install/multirobot_map_merge/share/multirobot_map_merge/environment/path.sh
[1.339s] -- Up-to-date: /home/group4/ros2_ws/install/multirobot_map_merge/share/multirobot_map_merge/environment/path.dsv
[1.339s] -- Up-to-date: /home/group4/ros2_ws/install/multirobot_map_merge/share/multirobot_map_merge/local_setup.bash
[1.339s] -- Up-to-date: /home/group4/ros2_ws/install/multirobot_map_merge/share/multirobot_map_merge/local_setup.sh
[1.339s] -- Up-to-date: /home/group4/ros2_ws/install/multirobot_map_merge/share/multirobot_map_merge/local_setup.zsh
[1.340s] -- Up-to-date: /home/group4/ros2_ws/install/multirobot_map_merge/share/multirobot_map_merge/local_setup.dsv
[1.340s] -- Installing: /home/group4/ros2_ws/install/multirobot_map_merge/share/multirobot_map_merge/package.dsv
[1.340s] -- Up-to-date: /home/group4/ros2_ws/install/multirobot_map_merge/share/ament_index/resource_index/packages/multirobot_map_merge
[1.340s] -- Up-to-date: /home/group4/ros2_ws/install/multirobot_map_merge/share/multirobot_map_merge/cmake/ament_cmake_export_include_directories-extras.cmake
[1.340s] -- Up-to-date: /home/group4/ros2_ws/install/multirobot_map_merge/share/multirobot_map_merge/cmake/ament_cmake_export_libraries-extras.cmake
[1.340s] -- Up-to-date: /home/group4/ros2_ws/install/multirobot_map_merge/share/multirobot_map_merge/cmake/multirobot_map_mergeConfig.cmake
[1.340s] -- Up-to-date: /home/group4/ros2_ws/install/multirobot_map_merge/share/multirobot_map_merge/cmake/multirobot_map_mergeConfig-version.cmake
[1.341s] -- Up-to-date: /home/group4/ros2_ws/install/multirobot_map_merge/share/multirobot_map_merge/package.xml
[1.394s] Invoked command in '/home/group4/ros2_ws/build/multirobot_map_merge' returned '0': CMAKE_PREFIX_PATH=${CMAKE_PREFIX_PATH}:/home/group4/ros2_ws/install/teleop_leo:/home/group4/ros2_ws/install/rplidar_ros:/home/group4/ros2_ws/install/real_leo:/home/group4/ros2_ws/install/my_leo:/home/group4/ros2_ws/install/gz_example_robot_description:/home/group4/ros2_ws/install/bt_demos:/home/group4/ros2_ws/install/autonomous_exploration:/home/group4/interbotix_ws/install/interbotix_xs_modules:/home/group4/interbotix_ws/install/interbotix_perception_modules:/home/group4/interbotix_ws/install/interbotix_common_modules:/opt/ros/humble /usr/bin/cmake --install /home/group4/ros2_ws/build/multirobot_map_merge
