/home/group4/ros2_ws/install/my_leo/lib/python3.10/site-packages/my_leo/__init__.py
/home/group4/ros2_ws/install/my_leo/lib/python3.10/site-packages/my_leo/__pycache__/__init__.cpython-310.pyc
/home/group4/ros2_ws/install/my_leo/share/ament_index/resource_index/packages/my_leo
/home/group4/ros2_ws/install/my_leo/share/my_leo/package.xml
/home/group4/ros2_ws/install/my_leo/share/my_leo/launch/my_leo.launch.py
/home/group4/ros2_ws/install/my_leo/share/my_leo/launch/navigation.launch.py
/home/group4/ros2_ws/install/my_leo/share/my_leo/launch/teleop_joy.launch.py
/home/group4/ros2_ws/install/my_leo/share/my_leo/launch/rviz_leo.launch.py
/home/group4/ros2_ws/install/my_leo/share/my_leo/urdf/leo_sim.urdf.xacro
/home/group4/ros2_ws/install/my_leo/share/my_leo/urdf/laser.urdf.xacro
/home/group4/ros2_ws/install/my_leo/share/my_leo/urdf/arm.urdf.xacro
/home/group4/ros2_ws/install/my_leo/share/my_leo/urdf/macros.xacro
/home/group4/ros2_ws/install/my_leo/share/my_leo/behavior_tree_xml/bt_example_0.xml
/home/group4/ros2_ws/install/my_leo/share/my_leo/rviz/slam.rviz
/home/group4/ros2_ws/install/my_leo/share/my_leo/rviz/nav2.rviz
/home/group4/ros2_ws/install/my_leo/share/my_leo/rviz/robot.rviz
/home/group4/ros2_ws/install/my_leo/share/my_leo/worlds/tb3.sdf
/home/group4/ros2_ws/install/my_leo/share/my_leo/worlds/zxj.sdf
/home/group4/ros2_ws/install/my_leo/share/my_leo/worlds/wall.dae
/home/group4/ros2_ws/install/my_leo/share/my_leo/worlds/hexagon.dae
/home/group4/ros2_ws/install/my_leo/share/my_leo/worlds/starting_pen.dae
/home/group4/ros2_ws/install/my_leo/share/my_leo/models/px150_4_forearm.stl
/home/group4/ros2_ws/install/my_leo/share/my_leo/models/WheelMecanumA.dae
/home/group4/ros2_ws/install/my_leo/share/my_leo/models/px150_1_base.stl
/home/group4/ros2_ws/install/my_leo/share/my_leo/models/Rocker_outline.stl
/home/group4/ros2_ws/install/my_leo/share/my_leo/models/Mecanum_wheel_outline.stl
/home/group4/ros2_ws/install/my_leo/share/my_leo/models/px150_8_gripper_bar.stl
/home/group4/ros2_ws/install/my_leo/share/my_leo/models/px150_2_shoulder.stl
/home/group4/ros2_ws/install/my_leo/share/my_leo/models/Antenna.dae
/home/group4/ros2_ws/install/my_leo/share/my_leo/models/WheelB.dae
/home/group4/ros2_ws/install/my_leo/share/my_leo/models/Chassis.dae
/home/group4/ros2_ws/install/my_leo/share/my_leo/models/px150_7_gripper_prop.stl
/home/group4/ros2_ws/install/my_leo/share/my_leo/models/px150_3_upper_arm.stl
/home/group4/ros2_ws/install/my_leo/share/my_leo/models/WheelMecanumB.dae
/home/group4/ros2_ws/install/my_leo/share/my_leo/models/Wheel_outline.stl
/home/group4/ros2_ws/install/my_leo/share/my_leo/models/Rocker.dae
/home/group4/ros2_ws/install/my_leo/share/my_leo/models/px150_5_wrist.stl
/home/group4/ros2_ws/install/my_leo/share/my_leo/models/px150_6_gripper.stl
/home/group4/ros2_ws/install/my_leo/share/my_leo/models/Chassis_outline.stl
/home/group4/ros2_ws/install/my_leo/share/my_leo/models/px150_9_gripper_finger.stl
/home/group4/ros2_ws/install/my_leo/share/my_leo/models/WheelA.dae
/home/group4/ros2_ws/install/my_leo/share/my_leo/models/px150_10_ar_tag.stl
/home/group4/ros2_ws/install/my_leo/share/my_leo/config/params.yaml
/home/group4/ros2_ws/install/my_leo/share/my_leo/config/controller.yaml
/home/group4/ros2_ws/install/my_leo/share/my_leo/config/bt_nav.yaml
/home/group4/ros2_ws/install/my_leo/share/my_leo/config/simple_smoother.yaml
/home/group4/ros2_ws/install/my_leo/share/my_leo/config/twist_mux.yaml
/home/group4/ros2_ws/install/my_leo/share/my_leo/config/ekf.yaml
/home/group4/ros2_ws/install/my_leo/share/my_leo/config/joy_config.yaml
/home/group4/ros2_ws/install/my_leo/share/my_leo/config/planner.yaml
/home/group4/ros2_ws/install/my_leo/share/my_leo/maps/sim_map.yaml
/home/group4/ros2_ws/install/my_leo/share/my_leo/maps/sim_map.pgm
/home/group4/ros2_ws/install/my_leo/lib/python3.10/site-packages/my_leo-0.0.0-py3.10.egg-info/dependency_links.txt
/home/group4/ros2_ws/install/my_leo/lib/python3.10/site-packages/my_leo-0.0.0-py3.10.egg-info/entry_points.txt
/home/group4/ros2_ws/install/my_leo/lib/python3.10/site-packages/my_leo-0.0.0-py3.10.egg-info/requires.txt
/home/group4/ros2_ws/install/my_leo/lib/python3.10/site-packages/my_leo-0.0.0-py3.10.egg-info/zip-safe
/home/group4/ros2_ws/install/my_leo/lib/python3.10/site-packages/my_leo-0.0.0-py3.10.egg-info/SOURCES.txt
/home/group4/ros2_ws/install/my_leo/lib/python3.10/site-packages/my_leo-0.0.0-py3.10.egg-info/PKG-INFO
/home/group4/ros2_ws/install/my_leo/lib/python3.10/site-packages/my_leo-0.0.0-py3.10.egg-info/top_level.txt
