[1.760s] Invoking command in '/home/group4/ros2_ws/src/autonomous_exploration': PYTHONPATH=/home/group4/ros2_ws/build/autonomous_exploration/prefix_override:/home/group4/ros2_ws/install/autonomous_exploration/lib/python3.10/site-packages:${PYTHONPATH} /usr/bin/python3 -W ignore:setup.py install is deprecated setup.py egg_info --egg-base ../../build/autonomous_exploration build --build-base /home/group4/ros2_ws/build/autonomous_exploration/build install --record /home/group4/ros2_ws/build/autonomous_exploration/install.log --single-version-externally-managed install_data
[2.095s] running egg_info
[2.096s] creating ../../build/autonomous_exploration/autonomous_exploration.egg-info
[2.097s] writing ../../build/autonomous_exploration/autonomous_exploration.egg-info/PKG-INFO
[2.097s] writing dependency_links to ../../build/autonomous_exploration/autonomous_exploration.egg-info/dependency_links.txt
[2.098s] writing entry points to ../../build/autonomous_exploration/autonomous_exploration.egg-info/entry_points.txt
[2.098s] writing requirements to ../../build/autonomous_exploration/autonomous_exploration.egg-info/requires.txt
[2.098s] writing top-level names to ../../build/autonomous_exploration/autonomous_exploration.egg-info/top_level.txt
[2.099s] writing manifest file '../../build/autonomous_exploration/autonomous_exploration.egg-info/SOURCES.txt'
[2.101s] reading manifest file '../../build/autonomous_exploration/autonomous_exploration.egg-info/SOURCES.txt'
[2.102s] writing manifest file '../../build/autonomous_exploration/autonomous_exploration.egg-info/SOURCES.txt'
[2.102s] running build
[2.102s] running build_py
[2.102s] creating /home/group4/ros2_ws/build/autonomous_exploration/build
[2.103s] creating /home/group4/ros2_ws/build/autonomous_exploration/build/lib
[2.103s] creating /home/group4/ros2_ws/build/autonomous_exploration/build/lib/autonomous_exploration
[2.103s] copying autonomous_exploration/__init__.py -> /home/group4/ros2_ws/build/autonomous_exploration/build/lib/autonomous_exploration
[2.103s] copying autonomous_exploration/control.py -> /home/group4/ros2_ws/build/autonomous_exploration/build/lib/autonomous_exploration
[2.104s] running install
[2.104s] running install_lib
[2.105s] creating /home/group4/ros2_ws/install/autonomous_exploration/lib/python3.10/site-packages/autonomous_exploration
[2.106s] copying /home/group4/ros2_ws/build/autonomous_exploration/build/lib/autonomous_exploration/__init__.py -> /home/group4/ros2_ws/install/autonomous_exploration/lib/python3.10/site-packages/autonomous_exploration
[2.106s] copying /home/group4/ros2_ws/build/autonomous_exploration/build/lib/autonomous_exploration/control.py -> /home/group4/ros2_ws/install/autonomous_exploration/lib/python3.10/site-packages/autonomous_exploration
[2.107s] byte-compiling /home/group4/ros2_ws/install/autonomous_exploration/lib/python3.10/site-packages/autonomous_exploration/__init__.py to __init__.cpython-310.pyc
[2.109s] byte-compiling /home/group4/ros2_ws/install/autonomous_exploration/lib/python3.10/site-packages/autonomous_exploration/control.py to control.cpython-310.pyc
[2.114s] running install_data
[2.114s] creating /home/group4/ros2_ws/install/autonomous_exploration/share/ament_index
[2.114s] creating /home/group4/ros2_ws/install/autonomous_exploration/share/ament_index/resource_index
[2.114s] creating /home/group4/ros2_ws/install/autonomous_exploration/share/ament_index/resource_index/packages
[2.114s] copying resource/autonomous_exploration -> /home/group4/ros2_ws/install/autonomous_exploration/share/ament_index/resource_index/packages
[2.114s] copying package.xml -> /home/group4/ros2_ws/install/autonomous_exploration/share/autonomous_exploration
[2.114s] running install_egg_info
[2.117s] Copying ../../build/autonomous_exploration/autonomous_exploration.egg-info to /home/group4/ros2_ws/install/autonomous_exploration/lib/python3.10/site-packages/autonomous_exploration-0.0.0-py3.10.egg-info
[2.127s] running install_scripts
[2.152s] Installing control script to /home/group4/ros2_ws/install/autonomous_exploration/lib/autonomous_exploration
[2.152s] writing list of installed files to '/home/group4/ros2_ws/build/autonomous_exploration/install.log'
[2.219s] Invoked command in '/home/group4/ros2_ws/src/autonomous_exploration' returned '0': PYTHONPATH=/home/group4/ros2_ws/build/autonomous_exploration/prefix_override:/home/group4/ros2_ws/install/autonomous_exploration/lib/python3.10/site-packages:${PYTHONPATH} /usr/bin/python3 -W ignore:setup.py install is deprecated setup.py egg_info --egg-base ../../build/autonomous_exploration build --build-base /home/group4/ros2_ws/build/autonomous_exploration/build install --record /home/group4/ros2_ws/build/autonomous_exploration/install.log --single-version-externally-managed install_data
