[0.649s] Invoking command in '/home/group4/ros2_ws/build/rplidar_ros': CMAKE_PREFIX_PATH=${CMAKE_PREFIX_PATH}:/home/group4/ros2_ws/install/teleop_leo:/home/group4/ros2_ws/install/real_leo:/home/group4/ros2_ws/install/my_leo:/home/group4/ros2_ws/install/gz_example_robot_description:/home/group4/ros2_ws/install/bt_demos:/home/group4/ros2_ws/install/autonomous_exploration:/home/group4/interbotix_ws/install/interbotix_xs_modules:/home/group4/interbotix_ws/install/interbotix_perception_modules:/home/group4/interbotix_ws/install/interbotix_common_modules:/opt/ros/humble /usr/bin/cmake --build /home/group4/ros2_ws/build/rplidar_ros -- -j16 -l16
[0.689s] [  5%] Built target rplidar_client
[0.696s] [ 76%] Built target rplidar_node
[0.696s] [100%] Built target rplidar_composition
[0.822s] Invoked command in '/home/group4/ros2_ws/build/rplidar_ros' returned '0': CMAKE_PREFIX_PATH=${CMAKE_PREFIX_PATH}:/home/group4/ros2_ws/install/teleop_leo:/home/group4/ros2_ws/install/real_leo:/home/group4/ros2_ws/install/my_leo:/home/group4/ros2_ws/install/gz_example_robot_description:/home/group4/ros2_ws/install/bt_demos:/home/group4/ros2_ws/install/autonomous_exploration:/home/group4/interbotix_ws/install/interbotix_xs_modules:/home/group4/interbotix_ws/install/interbotix_perception_modules:/home/group4/interbotix_ws/install/interbotix_common_modules:/opt/ros/humble /usr/bin/cmake --build /home/group4/ros2_ws/build/rplidar_ros -- -j16 -l16
[0.919s] Invoking command in '/home/group4/ros2_ws/build/rplidar_ros': CMAKE_PREFIX_PATH=${CMAKE_PREFIX_PATH}:/home/group4/ros2_ws/install/teleop_leo:/home/group4/ros2_ws/install/real_leo:/home/group4/ros2_ws/install/my_leo:/home/group4/ros2_ws/install/gz_example_robot_description:/home/group4/ros2_ws/install/bt_demos:/home/group4/ros2_ws/install/autonomous_exploration:/home/group4/interbotix_ws/install/interbotix_xs_modules:/home/group4/interbotix_ws/install/interbotix_perception_modules:/home/group4/interbotix_ws/install/interbotix_common_modules:/opt/ros/humble /usr/bin/cmake --install /home/group4/ros2_ws/build/rplidar_ros
[0.928s] -- Install configuration: ""
[0.929s] -- Up-to-date: /home/group4/ros2_ws/install/rplidar_ros/share/rplidar_ros/launch
[0.929s] -- Up-to-date: /home/group4/ros2_ws/install/rplidar_ros/share/rplidar_ros/launch/rplidar_a2m12_launch.py
[0.929s] -- Up-to-date: /home/group4/ros2_ws/install/rplidar_ros/share/rplidar_ros/launch/view_rplidar_a2m12_launch.py
[0.929s] -- Up-to-date: /home/group4/ros2_ws/install/rplidar_ros/share/rplidar_ros/rviz
[0.929s] -- Up-to-date: /home/group4/ros2_ws/install/rplidar_ros/share/rplidar_ros/rviz/rplidar_ros.rviz
[0.929s] -- Up-to-date: /home/group4/ros2_ws/install/rplidar_ros/lib/rplidar_ros/rplidar_node
[0.930s] -- Up-to-date: /home/group4/ros2_ws/install/rplidar_ros/lib/rplidar_ros/rplidar_composition
[0.930s] -- Up-to-date: /home/group4/ros2_ws/install/rplidar_ros/lib/rplidar_ros/rplidar_client
[0.930s] -- Up-to-date: /home/group4/ros2_ws/install/rplidar_ros/share/ament_index/resource_index/package_run_dependencies/rplidar_ros
[0.931s] -- Up-to-date: /home/group4/ros2_ws/install/rplidar_ros/share/ament_index/resource_index/parent_prefix_path/rplidar_ros
[0.931s] -- Up-to-date: /home/group4/ros2_ws/install/rplidar_ros/share/rplidar_ros/environment/ament_prefix_path.sh
[0.931s] -- Up-to-date: /home/group4/ros2_ws/install/rplidar_ros/share/rplidar_ros/environment/ament_prefix_path.dsv
[0.931s] -- Up-to-date: /home/group4/ros2_ws/install/rplidar_ros/share/rplidar_ros/environment/path.sh
[0.931s] -- Up-to-date: /home/group4/ros2_ws/install/rplidar_ros/share/rplidar_ros/environment/path.dsv
[0.931s] -- Up-to-date: /home/group4/ros2_ws/install/rplidar_ros/share/rplidar_ros/local_setup.bash
[0.932s] -- Up-to-date: /home/group4/ros2_ws/install/rplidar_ros/share/rplidar_ros/local_setup.sh
[0.932s] -- Up-to-date: /home/group4/ros2_ws/install/rplidar_ros/share/rplidar_ros/local_setup.zsh
[0.932s] -- Up-to-date: /home/group4/ros2_ws/install/rplidar_ros/share/rplidar_ros/local_setup.dsv
[0.932s] -- Installing: /home/group4/ros2_ws/install/rplidar_ros/share/rplidar_ros/package.dsv
[0.932s] -- Up-to-date: /home/group4/ros2_ws/install/rplidar_ros/share/ament_index/resource_index/packages/rplidar_ros
[0.932s] -- Up-to-date: /home/group4/ros2_ws/install/rplidar_ros/share/rplidar_ros/cmake/ament_cmake_export_dependencies-extras.cmake
[0.933s] -- Up-to-date: /home/group4/ros2_ws/install/rplidar_ros/share/rplidar_ros/cmake/ament_cmake_export_include_directories-extras.cmake
[0.933s] -- Up-to-date: /home/group4/ros2_ws/install/rplidar_ros/share/rplidar_ros/cmake/rplidar_rosConfig.cmake
[0.933s] -- Up-to-date: /home/group4/ros2_ws/install/rplidar_ros/share/rplidar_ros/cmake/rplidar_rosConfig-version.cmake
[0.933s] -- Up-to-date: /home/group4/ros2_ws/install/rplidar_ros/share/rplidar_ros/package.xml
[0.971s] Invoked command in '/home/group4/ros2_ws/build/rplidar_ros' returned '0': CMAKE_PREFIX_PATH=${CMAKE_PREFIX_PATH}:/home/group4/ros2_ws/install/teleop_leo:/home/group4/ros2_ws/install/real_leo:/home/group4/ros2_ws/install/my_leo:/home/group4/ros2_ws/install/gz_example_robot_description:/home/group4/ros2_ws/install/bt_demos:/home/group4/ros2_ws/install/autonomous_exploration:/home/group4/interbotix_ws/install/interbotix_xs_modules:/home/group4/interbotix_ws/install/interbotix_perception_modules:/home/group4/interbotix_ws/install/interbotix_common_modules:/opt/ros/humble /usr/bin/cmake --install /home/group4/ros2_ws/build/rplidar_ros
