[0.632s] Invoking command in '/home/mscrobotics2425laptop11/interbotix_ws/build/interbotix_moveit_interface_msgs': CMAKE_PREFIX_PATH=${CMAKE_PREFIX_PATH}:/home/mscrobotics2425laptop11/interbotix_ws/install/interbotix_xs_modules:/home/mscrobotics2425laptop11/interbotix_ws/install/interbotix_perception_modules:/home/mscrobotics2425laptop11/interbotix_ws/install/interbotix_common_modules:/opt/ros/humble /usr/bin/cmake --build /home/mscrobotics2425laptop11/interbotix_ws/build/interbotix_moveit_interface_msgs -- -j12 -l12
[0.776s] [  3%] Built target interbotix_moveit_interface_msgs__cpp
[0.801s] [ 12%] Built target interbotix_moveit_interface_msgs__rosidl_generator_c
[0.822s] [ 12%] Built target ament_cmake_python_copy_interbotix_moveit_interface_msgs
[0.864s] [ 22%] Built target interbotix_moveit_interface_msgs__rosidl_typesupport_introspection_cpp
[0.870s] [ 32%] Built target interbotix_moveit_interface_msgs__rosidl_typesupport_cpp
[0.889s] [ 41%] Built target interbotix_moveit_interface_msgs__rosidl_typesupport_fastrtps_cpp
[0.903s] [ 51%] Built target interbotix_moveit_interface_msgs__rosidl_typesupport_introspection_c
[0.903s] [ 61%] Built target interbotix_moveit_interface_msgs__rosidl_typesupport_c
[0.903s] [ 70%] Built target interbotix_moveit_interface_msgs__rosidl_typesupport_fastrtps_c
[0.959s] [ 70%] Built target interbotix_moveit_interface_msgs
[1.110s] [ 74%] Built target interbotix_moveit_interface_msgs__py
[1.113s] [ 80%] Built target interbotix_moveit_interface_msgs__rosidl_generator_py
[1.152s] [ 93%] Built target interbotix_moveit_interface_msgs__rosidl_typesupport_introspection_c__pyext
[1.158s] [ 93%] Built target interbotix_moveit_interface_msgs__rosidl_typesupport_c__pyext
[1.162s] [100%] Built target interbotix_moveit_interface_msgs__rosidl_typesupport_fastrtps_c__pyext
[1.405s] running egg_info
[1.406s] writing interbotix_moveit_interface_msgs.egg-info/PKG-INFO
[1.407s] writing dependency_links to interbotix_moveit_interface_msgs.egg-info/dependency_links.txt
[1.408s] writing top-level names to interbotix_moveit_interface_msgs.egg-info/top_level.txt
[1.411s] reading manifest file 'interbotix_moveit_interface_msgs.egg-info/SOURCES.txt'
[1.412s] writing manifest file 'interbotix_moveit_interface_msgs.egg-info/SOURCES.txt'
[1.464s] [100%] Built target ament_cmake_python_build_interbotix_moveit_interface_msgs_egg
[1.487s] Invoked command in '/home/mscrobotics2425laptop11/interbotix_ws/build/interbotix_moveit_interface_msgs' returned '0': CMAKE_PREFIX_PATH=${CMAKE_PREFIX_PATH}:/home/mscrobotics2425laptop11/interbotix_ws/install/interbotix_xs_modules:/home/mscrobotics2425laptop11/interbotix_ws/install/interbotix_perception_modules:/home/mscrobotics2425laptop11/interbotix_ws/install/interbotix_common_modules:/opt/ros/humble /usr/bin/cmake --build /home/mscrobotics2425laptop11/interbotix_ws/build/interbotix_moveit_interface_msgs -- -j12 -l12
[1.491s] Invoking command in '/home/mscrobotics2425laptop11/interbotix_ws/build/interbotix_moveit_interface_msgs': CMAKE_PREFIX_PATH=${CMAKE_PREFIX_PATH}:/home/mscrobotics2425laptop11/interbotix_ws/install/interbotix_xs_modules:/home/mscrobotics2425laptop11/interbotix_ws/install/interbotix_perception_modules:/home/mscrobotics2425laptop11/interbotix_ws/install/interbotix_common_modules:/opt/ros/humble /usr/bin/cmake --install /home/mscrobotics2425laptop11/interbotix_ws/build/interbotix_moveit_interface_msgs
[1.515s] -- Install configuration: ""
[1.516s] -- Up-to-date: /home/mscrobotics2425laptop11/interbotix_ws/install/interbotix_moveit_interface_msgs/share/ament_index/resource_index/rosidl_interfaces/interbotix_moveit_interface_msgs
[1.517s] -- Up-to-date: /home/mscrobotics2425laptop11/interbotix_ws/install/interbotix_moveit_interface_msgs/include/interbotix_moveit_interface_msgs/interbotix_moveit_interface_msgs
[1.518s] -- Up-to-date: /home/mscrobotics2425laptop11/interbotix_ws/install/interbotix_moveit_interface_msgs/include/interbotix_moveit_interface_msgs/interbotix_moveit_interface_msgs/msg
[1.518s] -- Up-to-date: /home/mscrobotics2425laptop11/interbotix_ws/install/interbotix_moveit_interface_msgs/include/interbotix_moveit_interface_msgs/interbotix_moveit_interface_msgs/msg/rosidl_generator_c__visibility_control.h
[1.519s] -- Up-to-date: /home/mscrobotics2425laptop11/interbotix_ws/install/interbotix_moveit_interface_msgs/include/interbotix_moveit_interface_msgs/interbotix_moveit_interface_msgs/srv
[1.519s] -- Up-to-date: /home/mscrobotics2425laptop11/interbotix_ws/install/interbotix_moveit_interface_msgs/include/interbotix_moveit_interface_msgs/interbotix_moveit_interface_msgs/srv/move_it_plan.h
[1.519s] -- Up-to-date: /home/mscrobotics2425laptop11/interbotix_ws/install/interbotix_moveit_interface_msgs/include/interbotix_moveit_interface_msgs/interbotix_moveit_interface_msgs/srv/detail
[1.519s] -- Up-to-date: /home/mscrobotics2425laptop11/interbotix_ws/install/interbotix_moveit_interface_msgs/include/interbotix_moveit_interface_msgs/interbotix_moveit_interface_msgs/srv/detail/move_it_plan__functions.h
[1.519s] -- Up-to-date: /home/mscrobotics2425laptop11/interbotix_ws/install/interbotix_moveit_interface_msgs/include/interbotix_moveit_interface_msgs/interbotix_moveit_interface_msgs/srv/detail/move_it_plan__struct.h
[1.520s] -- Up-to-date: /home/mscrobotics2425laptop11/interbotix_ws/install/interbotix_moveit_interface_msgs/include/interbotix_moveit_interface_msgs/interbotix_moveit_interface_msgs/srv/detail/move_it_plan__type_support.h
[1.520s] -- Up-to-date: /home/mscrobotics2425laptop11/interbotix_ws/install/interbotix_moveit_interface_msgs/include/interbotix_moveit_interface_msgs/interbotix_moveit_interface_msgs/srv/detail/move_it_plan__functions.c
[1.520s] -- Up-to-date: /home/mscrobotics2425laptop11/interbotix_ws/install/interbotix_moveit_interface_msgs/share/interbotix_moveit_interface_msgs/environment/library_path.sh
[1.521s] -- Up-to-date: /home/mscrobotics2425laptop11/interbotix_ws/install/interbotix_moveit_interface_msgs/share/interbotix_moveit_interface_msgs/environment/library_path.dsv
[1.521s] -- Up-to-date: /home/mscrobotics2425laptop11/interbotix_ws/install/interbotix_moveit_interface_msgs/lib/libinterbotix_moveit_interface_msgs__rosidl_generator_c.so
[1.521s] -- Up-to-date: /home/mscrobotics2425laptop11/interbotix_ws/install/interbotix_moveit_interface_msgs/include/interbotix_moveit_interface_msgs/interbotix_moveit_interface_msgs
[1.521s] -- Up-to-date: /home/mscrobotics2425laptop11/interbotix_ws/install/interbotix_moveit_interface_msgs/include/interbotix_moveit_interface_msgs/interbotix_moveit_interface_msgs/msg
[1.522s] -- Up-to-date: /home/mscrobotics2425laptop11/interbotix_ws/install/interbotix_moveit_interface_msgs/include/interbotix_moveit_interface_msgs/interbotix_moveit_interface_msgs/msg/rosidl_typesupport_fastrtps_c__visibility_control.h
[1.522s] -- Up-to-date: /home/mscrobotics2425laptop11/interbotix_ws/install/interbotix_moveit_interface_msgs/include/interbotix_moveit_interface_msgs/interbotix_moveit_interface_msgs/srv
[1.522s] -- Up-to-date: /home/mscrobotics2425laptop11/interbotix_ws/install/interbotix_moveit_interface_msgs/include/interbotix_moveit_interface_msgs/interbotix_moveit_interface_msgs/srv/detail
[1.523s] -- Up-to-date: /home/mscrobotics2425laptop11/interbotix_ws/install/interbotix_moveit_interface_msgs/include/interbotix_moveit_interface_msgs/interbotix_moveit_interface_msgs/srv/detail/move_it_plan__rosidl_typesupport_fastrtps_c.h
[1.523s] -- Up-to-date: /home/mscrobotics2425laptop11/interbotix_ws/install/interbotix_moveit_interface_msgs/lib/libinterbotix_moveit_interface_msgs__rosidl_typesupport_fastrtps_c.so
[1.524s] -- Up-to-date: /home/mscrobotics2425laptop11/interbotix_ws/install/interbotix_moveit_interface_msgs/include/interbotix_moveit_interface_msgs/interbotix_moveit_interface_msgs
[1.524s] -- Up-to-date: /home/mscrobotics2425laptop11/interbotix_ws/install/interbotix_moveit_interface_msgs/include/interbotix_moveit_interface_msgs/interbotix_moveit_interface_msgs/msg
[1.524s] -- Up-to-date: /home/mscrobotics2425laptop11/interbotix_ws/install/interbotix_moveit_interface_msgs/include/interbotix_moveit_interface_msgs/interbotix_moveit_interface_msgs/msg/rosidl_typesupport_introspection_c__visibility_control.h
[1.525s] -- Up-to-date: /home/mscrobotics2425laptop11/interbotix_ws/install/interbotix_moveit_interface_msgs/include/interbotix_moveit_interface_msgs/interbotix_moveit_interface_msgs/srv
[1.525s] -- Up-to-date: /home/mscrobotics2425laptop11/interbotix_ws/install/interbotix_moveit_interface_msgs/include/interbotix_moveit_interface_msgs/interbotix_moveit_interface_msgs/srv/detail
[1.525s] -- Up-to-date: /home/mscrobotics2425laptop11/interbotix_ws/install/interbotix_moveit_interface_msgs/include/interbotix_moveit_interface_msgs/interbotix_moveit_interface_msgs/srv/detail/move_it_plan__type_support.c
[1.525s] -- Up-to-date: /home/mscrobotics2425laptop11/interbotix_ws/install/interbotix_moveit_interface_msgs/include/interbotix_moveit_interface_msgs/interbotix_moveit_interface_msgs/srv/detail/move_it_plan__rosidl_typesupport_introspection_c.h
[1.526s] -- Up-to-date: /home/mscrobotics2425laptop11/interbotix_ws/install/interbotix_moveit_interface_msgs/lib/libinterbotix_moveit_interface_msgs__rosidl_typesupport_introspection_c.so
[1.526s] -- Up-to-date: /home/mscrobotics2425laptop11/interbotix_ws/install/interbotix_moveit_interface_msgs/lib/libinterbotix_moveit_interface_msgs__rosidl_typesupport_c.so
[1.527s] -- Up-to-date: /home/mscrobotics2425laptop11/interbotix_ws/install/interbotix_moveit_interface_msgs/include/interbotix_moveit_interface_msgs/interbotix_moveit_interface_msgs
[1.527s] -- Up-to-date: /home/mscrobotics2425laptop11/interbotix_ws/install/interbotix_moveit_interface_msgs/include/interbotix_moveit_interface_msgs/interbotix_moveit_interface_msgs/msg
[1.527s] -- Up-to-date: /home/mscrobotics2425laptop11/interbotix_ws/install/interbotix_moveit_interface_msgs/include/interbotix_moveit_interface_msgs/interbotix_moveit_interface_msgs/msg/rosidl_generator_cpp__visibility_control.hpp
[1.527s] -- Up-to-date: /home/mscrobotics2425laptop11/interbotix_ws/install/interbotix_moveit_interface_msgs/include/interbotix_moveit_interface_msgs/interbotix_moveit_interface_msgs/srv
[1.528s] -- Up-to-date: /home/mscrobotics2425laptop11/interbotix_ws/install/interbotix_moveit_interface_msgs/include/interbotix_moveit_interface_msgs/interbotix_moveit_interface_msgs/srv/move_it_plan.hpp
[1.528s] -- Up-to-date: /home/mscrobotics2425laptop11/interbotix_ws/install/interbotix_moveit_interface_msgs/include/interbotix_moveit_interface_msgs/interbotix_moveit_interface_msgs/srv/detail
[1.528s] -- Up-to-date: /home/mscrobotics2425laptop11/interbotix_ws/install/interbotix_moveit_interface_msgs/include/interbotix_moveit_interface_msgs/interbotix_moveit_interface_msgs/srv/detail/move_it_plan__struct.hpp
[1.528s] -- Up-to-date: /home/mscrobotics2425laptop11/interbotix_ws/install/interbotix_moveit_interface_msgs/include/interbotix_moveit_interface_msgs/interbotix_moveit_interface_msgs/srv/detail/move_it_plan__builder.hpp
[1.529s] -- Up-to-date: /home/mscrobotics2425laptop11/interbotix_ws/install/interbotix_moveit_interface_msgs/include/interbotix_moveit_interface_msgs/interbotix_moveit_interface_msgs/srv/detail/move_it_plan__traits.hpp
[1.529s] -- Up-to-date: /home/mscrobotics2425laptop11/interbotix_ws/install/interbotix_moveit_interface_msgs/include/interbotix_moveit_interface_msgs/interbotix_moveit_interface_msgs/srv/detail/move_it_plan__type_support.hpp
[1.529s] -- Up-to-date: /home/mscrobotics2425laptop11/interbotix_ws/install/interbotix_moveit_interface_msgs/include/interbotix_moveit_interface_msgs/interbotix_moveit_interface_msgs
[1.529s] -- Up-to-date: /home/mscrobotics2425laptop11/interbotix_ws/install/interbotix_moveit_interface_msgs/include/interbotix_moveit_interface_msgs/interbotix_moveit_interface_msgs/msg
[1.530s] -- Up-to-date: /home/mscrobotics2425laptop11/interbotix_ws/install/interbotix_moveit_interface_msgs/include/interbotix_moveit_interface_msgs/interbotix_moveit_interface_msgs/msg/rosidl_typesupport_fastrtps_cpp__visibility_control.h
[1.530s] -- Up-to-date: /home/mscrobotics2425laptop11/interbotix_ws/install/interbotix_moveit_interface_msgs/include/interbotix_moveit_interface_msgs/interbotix_moveit_interface_msgs/srv
[1.530s] -- Up-to-date: /home/mscrobotics2425laptop11/interbotix_ws/install/interbotix_moveit_interface_msgs/include/interbotix_moveit_interface_msgs/interbotix_moveit_interface_msgs/srv/detail
[1.530s] -- Up-to-date: /home/mscrobotics2425laptop11/interbotix_ws/install/interbotix_moveit_interface_msgs/include/interbotix_moveit_interface_msgs/interbotix_moveit_interface_msgs/srv/detail/move_it_plan__rosidl_typesupport_fastrtps_cpp.hpp
[1.530s] -- Up-to-date: /home/mscrobotics2425laptop11/interbotix_ws/install/interbotix_moveit_interface_msgs/include/interbotix_moveit_interface_msgs/interbotix_moveit_interface_msgs/srv/detail/dds_fastrtps
[1.530s] -- Up-to-date: /home/mscrobotics2425laptop11/interbotix_ws/install/interbotix_moveit_interface_msgs/lib/libinterbotix_moveit_interface_msgs__rosidl_typesupport_fastrtps_cpp.so
[1.530s] -- Up-to-date: /home/mscrobotics2425laptop11/interbotix_ws/install/interbotix_moveit_interface_msgs/include/interbotix_moveit_interface_msgs/interbotix_moveit_interface_msgs
[1.530s] -- Up-to-date: /home/mscrobotics2425laptop11/interbotix_ws/install/interbotix_moveit_interface_msgs/include/interbotix_moveit_interface_msgs/interbotix_moveit_interface_msgs/srv
[1.530s] -- Up-to-date: /home/mscrobotics2425laptop11/interbotix_ws/install/interbotix_moveit_interface_msgs/include/interbotix_moveit_interface_msgs/interbotix_moveit_interface_msgs/srv/detail
[1.530s] -- Up-to-date: /home/mscrobotics2425laptop11/interbotix_ws/install/interbotix_moveit_interface_msgs/include/interbotix_moveit_interface_msgs/interbotix_moveit_interface_msgs/srv/detail/move_it_plan__type_support.cpp
[1.530s] -- Up-to-date: /home/mscrobotics2425laptop11/interbotix_ws/install/interbotix_moveit_interface_msgs/include/interbotix_moveit_interface_msgs/interbotix_moveit_interface_msgs/srv/detail/move_it_plan__rosidl_typesupport_introspection_cpp.hpp
[1.530s] -- Up-to-date: /home/mscrobotics2425laptop11/interbotix_ws/install/interbotix_moveit_interface_msgs/lib/libinterbotix_moveit_interface_msgs__rosidl_typesupport_introspection_cpp.so
[1.531s] -- Up-to-date: /home/mscrobotics2425laptop11/interbotix_ws/install/interbotix_moveit_interface_msgs/lib/libinterbotix_moveit_interface_msgs__rosidl_typesupport_cpp.so
[1.531s] -- Up-to-date: /home/mscrobotics2425laptop11/interbotix_ws/install/interbotix_moveit_interface_msgs/share/interbotix_moveit_interface_msgs/environment/pythonpath.sh
[1.531s] -- Up-to-date: /home/mscrobotics2425laptop11/interbotix_ws/install/interbotix_moveit_interface_msgs/share/interbotix_moveit_interface_msgs/environment/pythonpath.dsv
[1.532s] -- Up-to-date: /home/mscrobotics2425laptop11/interbotix_ws/install/interbotix_moveit_interface_msgs/local/lib/python3.10/dist-packages/interbotix_moveit_interface_msgs-0.0.0-py3.10.egg-info
[1.532s] -- Installing: /home/mscrobotics2425laptop11/interbotix_ws/install/interbotix_moveit_interface_msgs/local/lib/python3.10/dist-packages/interbotix_moveit_interface_msgs-0.0.0-py3.10.egg-info/SOURCES.txt
[1.532s] -- Installing: /home/mscrobotics2425laptop11/interbotix_ws/install/interbotix_moveit_interface_msgs/local/lib/python3.10/dist-packages/interbotix_moveit_interface_msgs-0.0.0-py3.10.egg-info/dependency_links.txt
[1.533s] -- Installing: /home/mscrobotics2425laptop11/interbotix_ws/install/interbotix_moveit_interface_msgs/local/lib/python3.10/dist-packages/interbotix_moveit_interface_msgs-0.0.0-py3.10.egg-info/top_level.txt
[1.533s] -- Installing: /home/mscrobotics2425laptop11/interbotix_ws/install/interbotix_moveit_interface_msgs/local/lib/python3.10/dist-packages/interbotix_moveit_interface_msgs-0.0.0-py3.10.egg-info/PKG-INFO
[1.534s] -- Up-to-date: /home/mscrobotics2425laptop11/interbotix_ws/install/interbotix_moveit_interface_msgs/local/lib/python3.10/dist-packages/interbotix_moveit_interface_msgs
[1.534s] -- Up-to-date: /home/mscrobotics2425laptop11/interbotix_ws/install/interbotix_moveit_interface_msgs/local/lib/python3.10/dist-packages/interbotix_moveit_interface_msgs/_interbotix_moveit_interface_msgs_s.ep.rosidl_typesupport_fastrtps_c.c
[1.534s] -- Up-to-date: /home/mscrobotics2425laptop11/interbotix_ws/install/interbotix_moveit_interface_msgs/local/lib/python3.10/dist-packages/interbotix_moveit_interface_msgs/libinterbotix_moveit_interface_msgs__rosidl_generator_py.so
[1.534s] -- Up-to-date: /home/mscrobotics2425laptop11/interbotix_ws/install/interbotix_moveit_interface_msgs/local/lib/python3.10/dist-packages/interbotix_moveit_interface_msgs/interbotix_moveit_interface_msgs_s__rosidl_typesupport_introspection_c.cpython-310-x86_64-linux-gnu.so
[1.535s] -- Up-to-date: /home/mscrobotics2425laptop11/interbotix_ws/install/interbotix_moveit_interface_msgs/local/lib/python3.10/dist-packages/interbotix_moveit_interface_msgs/srv
[1.535s] -- Up-to-date: /home/mscrobotics2425laptop11/interbotix_ws/install/interbotix_moveit_interface_msgs/local/lib/python3.10/dist-packages/interbotix_moveit_interface_msgs/srv/_move_it_plan_s.c
[1.535s] -- Up-to-date: /home/mscrobotics2425laptop11/interbotix_ws/install/interbotix_moveit_interface_msgs/local/lib/python3.10/dist-packages/interbotix_moveit_interface_msgs/srv/__init__.py
[1.535s] -- Up-to-date: /home/mscrobotics2425laptop11/interbotix_ws/install/interbotix_moveit_interface_msgs/local/lib/python3.10/dist-packages/interbotix_moveit_interface_msgs/srv/_move_it_plan.py
[1.535s] -- Up-to-date: /home/mscrobotics2425laptop11/interbotix_ws/install/interbotix_moveit_interface_msgs/local/lib/python3.10/dist-packages/interbotix_moveit_interface_msgs/__init__.py
[1.536s] -- Up-to-date: /home/mscrobotics2425laptop11/interbotix_ws/install/interbotix_moveit_interface_msgs/local/lib/python3.10/dist-packages/interbotix_moveit_interface_msgs/interbotix_moveit_interface_msgs_s__rosidl_typesupport_fastrtps_c.cpython-310-x86_64-linux-gnu.so
[1.536s] -- Up-to-date: /home/mscrobotics2425laptop11/interbotix_ws/install/interbotix_moveit_interface_msgs/local/lib/python3.10/dist-packages/interbotix_moveit_interface_msgs/interbotix_moveit_interface_msgs_s__rosidl_typesupport_c.cpython-310-x86_64-linux-gnu.so
[1.536s] -- Up-to-date: /home/mscrobotics2425laptop11/interbotix_ws/install/interbotix_moveit_interface_msgs/local/lib/python3.10/dist-packages/interbotix_moveit_interface_msgs/_interbotix_moveit_interface_msgs_s.ep.rosidl_typesupport_c.c
[1.536s] -- Up-to-date: /home/mscrobotics2425laptop11/interbotix_ws/install/interbotix_moveit_interface_msgs/local/lib/python3.10/dist-packages/interbotix_moveit_interface_msgs/_interbotix_moveit_interface_msgs_s.ep.rosidl_typesupport_introspection_c.c
[1.618s] Listing '/home/mscrobotics2425laptop11/interbotix_ws/install/interbotix_moveit_interface_msgs/local/lib/python3.10/dist-packages/interbotix_moveit_interface_msgs'...
[1.618s] Listing '/home/mscrobotics2425laptop11/interbotix_ws/install/interbotix_moveit_interface_msgs/local/lib/python3.10/dist-packages/interbotix_moveit_interface_msgs/srv'...
[1.624s] -- Up-to-date: /home/mscrobotics2425laptop11/interbotix_ws/install/interbotix_moveit_interface_msgs/local/lib/python3.10/dist-packages/interbotix_moveit_interface_msgs/interbotix_moveit_interface_msgs_s__rosidl_typesupport_fastrtps_c.cpython-310-x86_64-linux-gnu.so
[1.625s] -- Up-to-date: /home/mscrobotics2425laptop11/interbotix_ws/install/interbotix_moveit_interface_msgs/local/lib/python3.10/dist-packages/interbotix_moveit_interface_msgs/interbotix_moveit_interface_msgs_s__rosidl_typesupport_introspection_c.cpython-310-x86_64-linux-gnu.so
[1.628s] -- Up-to-date: /home/mscrobotics2425laptop11/interbotix_ws/install/interbotix_moveit_interface_msgs/local/lib/python3.10/dist-packages/interbotix_moveit_interface_msgs/interbotix_moveit_interface_msgs_s__rosidl_typesupport_c.cpython-310-x86_64-linux-gnu.so
[1.630s] -- Up-to-date: /home/mscrobotics2425laptop11/interbotix_ws/install/interbotix_moveit_interface_msgs/lib/libinterbotix_moveit_interface_msgs__rosidl_generator_py.so
[1.631s] -- Up-to-date: /home/mscrobotics2425laptop11/interbotix_ws/install/interbotix_moveit_interface_msgs/share/interbotix_moveit_interface_msgs/srv/MoveItPlan.idl
[1.631s] -- Up-to-date: /home/mscrobotics2425laptop11/interbotix_ws/install/interbotix_moveit_interface_msgs/share/interbotix_moveit_interface_msgs/srv/MoveItPlan.srv
[1.631s] -- Up-to-date: /home/mscrobotics2425laptop11/interbotix_ws/install/interbotix_moveit_interface_msgs/share/interbotix_moveit_interface_msgs/srv/MoveItPlan_Request.msg
[1.631s] -- Up-to-date: /home/mscrobotics2425laptop11/interbotix_ws/install/interbotix_moveit_interface_msgs/share/interbotix_moveit_interface_msgs/srv/MoveItPlan_Response.msg
[1.631s] -- Up-to-date: /home/mscrobotics2425laptop11/interbotix_ws/install/interbotix_moveit_interface_msgs/share/ament_index/resource_index/package_run_dependencies/interbotix_moveit_interface_msgs
[1.632s] -- Up-to-date: /home/mscrobotics2425laptop11/interbotix_ws/install/interbotix_moveit_interface_msgs/share/ament_index/resource_index/parent_prefix_path/interbotix_moveit_interface_msgs
[1.632s] -- Up-to-date: /home/mscrobotics2425laptop11/interbotix_ws/install/interbotix_moveit_interface_msgs/share/interbotix_moveit_interface_msgs/environment/ament_prefix_path.sh
[1.632s] -- Up-to-date: /home/mscrobotics2425laptop11/interbotix_ws/install/interbotix_moveit_interface_msgs/share/interbotix_moveit_interface_msgs/environment/ament_prefix_path.dsv
[1.632s] -- Up-to-date: /home/mscrobotics2425laptop11/interbotix_ws/install/interbotix_moveit_interface_msgs/share/interbotix_moveit_interface_msgs/environment/path.sh
[1.633s] -- Up-to-date: /home/mscrobotics2425laptop11/interbotix_ws/install/interbotix_moveit_interface_msgs/share/interbotix_moveit_interface_msgs/environment/path.dsv
[1.633s] -- Up-to-date: /home/mscrobotics2425laptop11/interbotix_ws/install/interbotix_moveit_interface_msgs/share/interbotix_moveit_interface_msgs/local_setup.bash
[1.634s] -- Up-to-date: /home/mscrobotics2425laptop11/interbotix_ws/install/interbotix_moveit_interface_msgs/share/interbotix_moveit_interface_msgs/local_setup.sh
[1.634s] -- Up-to-date: /home/mscrobotics2425laptop11/interbotix_ws/install/interbotix_moveit_interface_msgs/share/interbotix_moveit_interface_msgs/local_setup.zsh
[1.634s] -- Up-to-date: /home/mscrobotics2425laptop11/interbotix_ws/install/interbotix_moveit_interface_msgs/share/interbotix_moveit_interface_msgs/local_setup.dsv
[1.634s] -- Installing: /home/mscrobotics2425laptop11/interbotix_ws/install/interbotix_moveit_interface_msgs/share/interbotix_moveit_interface_msgs/package.dsv
[1.634s] -- Up-to-date: /home/mscrobotics2425laptop11/interbotix_ws/install/interbotix_moveit_interface_msgs/share/ament_index/resource_index/packages/interbotix_moveit_interface_msgs
[1.635s] -- Up-to-date: /home/mscrobotics2425laptop11/interbotix_ws/install/interbotix_moveit_interface_msgs/share/interbotix_moveit_interface_msgs/cmake/export_interbotix_moveit_interface_msgs__rosidl_generator_cExport.cmake
[1.635s] -- Up-to-date: /home/mscrobotics2425laptop11/interbotix_ws/install/interbotix_moveit_interface_msgs/share/interbotix_moveit_interface_msgs/cmake/export_interbotix_moveit_interface_msgs__rosidl_generator_cExport-noconfig.cmake
[1.635s] -- Up-to-date: /home/mscrobotics2425laptop11/interbotix_ws/install/interbotix_moveit_interface_msgs/share/interbotix_moveit_interface_msgs/cmake/export_interbotix_moveit_interface_msgs__rosidl_typesupport_fastrtps_cExport.cmake
[1.636s] -- Up-to-date: /home/mscrobotics2425laptop11/interbotix_ws/install/interbotix_moveit_interface_msgs/share/interbotix_moveit_interface_msgs/cmake/export_interbotix_moveit_interface_msgs__rosidl_typesupport_fastrtps_cExport-noconfig.cmake
[1.636s] -- Up-to-date: /home/mscrobotics2425laptop11/interbotix_ws/install/interbotix_moveit_interface_msgs/share/interbotix_moveit_interface_msgs/cmake/interbotix_moveit_interface_msgs__rosidl_typesupport_introspection_cExport.cmake
[1.636s] -- Up-to-date: /home/mscrobotics2425laptop11/interbotix_ws/install/interbotix_moveit_interface_msgs/share/interbotix_moveit_interface_msgs/cmake/interbotix_moveit_interface_msgs__rosidl_typesupport_introspection_cExport-noconfig.cmake
[1.636s] -- Up-to-date: /home/mscrobotics2425laptop11/interbotix_ws/install/interbotix_moveit_interface_msgs/share/interbotix_moveit_interface_msgs/cmake/interbotix_moveit_interface_msgs__rosidl_typesupport_cExport.cmake
[1.637s] -- Up-to-date: /home/mscrobotics2425laptop11/interbotix_ws/install/interbotix_moveit_interface_msgs/share/interbotix_moveit_interface_msgs/cmake/interbotix_moveit_interface_msgs__rosidl_typesupport_cExport-noconfig.cmake
[1.637s] -- Up-to-date: /home/mscrobotics2425laptop11/interbotix_ws/install/interbotix_moveit_interface_msgs/share/interbotix_moveit_interface_msgs/cmake/export_interbotix_moveit_interface_msgs__rosidl_generator_cppExport.cmake
[1.637s] -- Up-to-date: /home/mscrobotics2425laptop11/interbotix_ws/install/interbotix_moveit_interface_msgs/share/interbotix_moveit_interface_msgs/cmake/export_interbotix_moveit_interface_msgs__rosidl_typesupport_fastrtps_cppExport.cmake
[1.637s] -- Up-to-date: /home/mscrobotics2425laptop11/interbotix_ws/install/interbotix_moveit_interface_msgs/share/interbotix_moveit_interface_msgs/cmake/export_interbotix_moveit_interface_msgs__rosidl_typesupport_fastrtps_cppExport-noconfig.cmake
[1.638s] -- Up-to-date: /home/mscrobotics2425laptop11/interbotix_ws/install/interbotix_moveit_interface_msgs/share/interbotix_moveit_interface_msgs/cmake/interbotix_moveit_interface_msgs__rosidl_typesupport_introspection_cppExport.cmake
[1.638s] -- Up-to-date: /home/mscrobotics2425laptop11/interbotix_ws/install/interbotix_moveit_interface_msgs/share/interbotix_moveit_interface_msgs/cmake/interbotix_moveit_interface_msgs__rosidl_typesupport_introspection_cppExport-noconfig.cmake
[1.638s] -- Up-to-date: /home/mscrobotics2425laptop11/interbotix_ws/install/interbotix_moveit_interface_msgs/share/interbotix_moveit_interface_msgs/cmake/interbotix_moveit_interface_msgs__rosidl_typesupport_cppExport.cmake
[1.638s] -- Up-to-date: /home/mscrobotics2425laptop11/interbotix_ws/install/interbotix_moveit_interface_msgs/share/interbotix_moveit_interface_msgs/cmake/interbotix_moveit_interface_msgs__rosidl_typesupport_cppExport-noconfig.cmake
[1.639s] -- Up-to-date: /home/mscrobotics2425laptop11/interbotix_ws/install/interbotix_moveit_interface_msgs/share/interbotix_moveit_interface_msgs/cmake/export_interbotix_moveit_interface_msgs__rosidl_generator_pyExport.cmake
[1.639s] -- Up-to-date: /home/mscrobotics2425laptop11/interbotix_ws/install/interbotix_moveit_interface_msgs/share/interbotix_moveit_interface_msgs/cmake/export_interbotix_moveit_interface_msgs__rosidl_generator_pyExport-noconfig.cmake
[1.639s] -- Up-to-date: /home/mscrobotics2425laptop11/interbotix_ws/install/interbotix_moveit_interface_msgs/share/interbotix_moveit_interface_msgs/cmake/rosidl_cmake-extras.cmake
[1.640s] -- Up-to-date: /home/mscrobotics2425laptop11/interbotix_ws/install/interbotix_moveit_interface_msgs/share/interbotix_moveit_interface_msgs/cmake/ament_cmake_export_dependencies-extras.cmake
[1.640s] -- Up-to-date: /home/mscrobotics2425laptop11/interbotix_ws/install/interbotix_moveit_interface_msgs/share/interbotix_moveit_interface_msgs/cmake/ament_cmake_export_include_directories-extras.cmake
[1.640s] -- Up-to-date: /home/mscrobotics2425laptop11/interbotix_ws/install/interbotix_moveit_interface_msgs/share/interbotix_moveit_interface_msgs/cmake/ament_cmake_export_libraries-extras.cmake
[1.640s] -- Up-to-date: /home/mscrobotics2425laptop11/interbotix_ws/install/interbotix_moveit_interface_msgs/share/interbotix_moveit_interface_msgs/cmake/ament_cmake_export_targets-extras.cmake
[1.641s] -- Up-to-date: /home/mscrobotics2425laptop11/interbotix_ws/install/interbotix_moveit_interface_msgs/share/interbotix_moveit_interface_msgs/cmake/rosidl_cmake_export_typesupport_targets-extras.cmake
[1.641s] -- Up-to-date: /home/mscrobotics2425laptop11/interbotix_ws/install/interbotix_moveit_interface_msgs/share/interbotix_moveit_interface_msgs/cmake/rosidl_cmake_export_typesupport_libraries-extras.cmake
[1.641s] -- Up-to-date: /home/mscrobotics2425laptop11/interbotix_ws/install/interbotix_moveit_interface_msgs/share/interbotix_moveit_interface_msgs/cmake/interbotix_moveit_interface_msgsConfig.cmake
[1.641s] -- Up-to-date: /home/mscrobotics2425laptop11/interbotix_ws/install/interbotix_moveit_interface_msgs/share/interbotix_moveit_interface_msgs/cmake/interbotix_moveit_interface_msgsConfig-version.cmake
[1.641s] -- Up-to-date: /home/mscrobotics2425laptop11/interbotix_ws/install/interbotix_moveit_interface_msgs/share/interbotix_moveit_interface_msgs/package.xml
[1.776s] Invoked command in '/home/mscrobotics2425laptop11/interbotix_ws/build/interbotix_moveit_interface_msgs' returned '0': CMAKE_PREFIX_PATH=${CMAKE_PREFIX_PATH}:/home/mscrobotics2425laptop11/interbotix_ws/install/interbotix_xs_modules:/home/mscrobotics2425laptop11/interbotix_ws/install/interbotix_perception_modules:/home/mscrobotics2425laptop11/interbotix_ws/install/interbotix_common_modules:/opt/ros/humble /usr/bin/cmake --install /home/mscrobotics2425laptop11/interbotix_ws/build/interbotix_moveit_interface_msgs
