[0.563s] Invoking command in '/home/mscrobotics2425laptop11/interbotix_ws/build/interbotix_common_sim': CMAKE_PREFIX_PATH=${CMAKE_PREFIX_PATH}:/home/mscrobotics2425laptop11/interbotix_ws/install/interbotix_xs_modules:/home/mscrobotics2425laptop11/interbotix_ws/install/interbotix_perception_modules:/home/mscrobotics2425laptop11/interbotix_ws/install/interbotix_common_modules:/opt/ros/humble /usr/bin/cmake --build /home/mscrobotics2425laptop11/interbotix_ws/build/interbotix_common_sim -- -j12 -l12
[0.648s] Invoked command in '/home/mscrobotics2425laptop11/interbotix_ws/build/interbotix_common_sim' returned '0': CMAKE_PREFIX_PATH=${CMAKE_PREFIX_PATH}:/home/mscrobotics2425laptop11/interbotix_ws/install/interbotix_xs_modules:/home/mscrobotics2425laptop11/interbotix_ws/install/interbotix_perception_modules:/home/mscrobotics2425laptop11/interbotix_ws/install/interbotix_common_modules:/opt/ros/humble /usr/bin/cmake --build /home/mscrobotics2425laptop11/interbotix_ws/build/interbotix_common_sim -- -j12 -l12
[0.658s] Invoking command in '/home/mscrobotics2425laptop11/interbotix_ws/build/interbotix_common_sim': CMAKE_PREFIX_PATH=${CMAKE_PREFIX_PATH}:/home/mscrobotics2425laptop11/interbotix_ws/install/interbotix_xs_modules:/home/mscrobotics2425laptop11/interbotix_ws/install/interbotix_perception_modules:/home/mscrobotics2425laptop11/interbotix_ws/install/interbotix_common_modules:/opt/ros/humble /usr/bin/cmake --install /home/mscrobotics2425laptop11/interbotix_ws/build/interbotix_common_sim
[0.679s] -- Install configuration: ""
[0.685s] -- Up-to-date: /home/mscrobotics2425laptop11/interbotix_ws/install/interbotix_common_sim/share/interbotix_common_sim/models
[0.685s] -- Up-to-date: /home/mscrobotics2425laptop11/interbotix_ws/install/interbotix_common_sim/share/interbotix_common_sim/models/TrossenRoboticsOfficeBuilding
[0.685s] -- Up-to-date: /home/mscrobotics2425laptop11/interbotix_ws/install/interbotix_common_sim/share/interbotix_common_sim/models/TrossenRoboticsOfficeBuilding/model.config
[0.686s] -- Up-to-date: /home/mscrobotics2425laptop11/interbotix_ws/install/interbotix_common_sim/share/interbotix_common_sim/models/TrossenRoboticsOfficeBuilding/TrossenRoboticsOfficeBuilding.sdf
[0.691s] -- Up-to-date: /home/mscrobotics2425laptop11/interbotix_ws/install/interbotix_common_sim/share/interbotix_common_sim/models/VisionKit
[0.692s] -- Up-to-date: /home/mscrobotics2425laptop11/interbotix_ws/install/interbotix_common_sim/share/interbotix_common_sim/models/VisionKit/model.config
[0.693s] -- Up-to-date: /home/mscrobotics2425laptop11/interbotix_ws/install/interbotix_common_sim/share/interbotix_common_sim/models/VisionKit/VisionKit.sdf
[0.693s] -- Up-to-date: /home/mscrobotics2425laptop11/interbotix_ws/install/interbotix_common_sim/share/interbotix_common_sim/models/VisionKit/stand.stl
[0.693s] -- Up-to-date: /home/mscrobotics2425laptop11/interbotix_ws/install/interbotix_common_sim/share/interbotix_common_sim/models/RealSenseD415
[0.694s] -- Up-to-date: /home/mscrobotics2425laptop11/interbotix_ws/install/interbotix_common_sim/share/interbotix_common_sim/models/RealSenseD415/RealSenseD415.sdf
[0.695s] -- Up-to-date: /home/mscrobotics2425laptop11/interbotix_ws/install/interbotix_common_sim/share/interbotix_common_sim/models/RealSenseD415/model.config
[0.695s] -- Up-to-date: /home/mscrobotics2425laptop11/interbotix_ws/install/interbotix_common_sim/share/interbotix_common_sim/models/RealSenseD415/camera.stl
[0.696s] -- Up-to-date: /home/mscrobotics2425laptop11/interbotix_ws/install/interbotix_common_sim/share/interbotix_common_sim/worlds
[0.696s] -- Up-to-date: /home/mscrobotics2425laptop11/interbotix_ws/install/interbotix_common_sim/share/interbotix_common_sim/worlds/interbotix.world
[0.696s] -- Up-to-date: /home/mscrobotics2425laptop11/interbotix_ws/install/interbotix_common_sim/share/interbotix_common_sim/worlds/vision_kit.world
[0.696s] -- Up-to-date: /home/mscrobotics2425laptop11/interbotix_ws/install/interbotix_common_sim/share/interbotix_common_sim/media
[0.696s] -- Up-to-date: /home/mscrobotics2425laptop11/interbotix_ws/install/interbotix_common_sim/share/interbotix_common_sim/media/interbotix_black.png
[0.700s] -- Up-to-date: /home/mscrobotics2425laptop11/interbotix_ws/install/interbotix_common_sim/share/interbotix_common_sim/media/materials
[0.701s] -- Up-to-date: /home/mscrobotics2425laptop11/interbotix_ws/install/interbotix_common_sim/share/interbotix_common_sim/media/materials/textures
[0.701s] -- Up-to-date: /home/mscrobotics2425laptop11/interbotix_ws/install/interbotix_common_sim/share/interbotix_common_sim/media/materials/textures/interbotix_black.png
[0.701s] -- Up-to-date: /home/mscrobotics2425laptop11/interbotix_ws/install/interbotix_common_sim/share/interbotix_common_sim/media/materials/scripts
[0.702s] -- Up-to-date: /home/mscrobotics2425laptop11/interbotix_ws/install/interbotix_common_sim/share/interbotix_common_sim/media/materials/scripts/interbotix_black.material
[0.702s] -- Up-to-date: /home/mscrobotics2425laptop11/interbotix_ws/install/interbotix_common_sim/share/interbotix_common_sim/media/materials/scripts/interbotix_texture.gazebo
[0.702s] -- Up-to-date: /home/mscrobotics2425laptop11/interbotix_ws/install/interbotix_common_sim/share/ament_index/resource_index/package_run_dependencies/interbotix_common_sim
[0.703s] -- Up-to-date: /home/mscrobotics2425laptop11/interbotix_ws/install/interbotix_common_sim/share/ament_index/resource_index/parent_prefix_path/interbotix_common_sim
[0.703s] -- Up-to-date: /home/mscrobotics2425laptop11/interbotix_ws/install/interbotix_common_sim/share/interbotix_common_sim/environment/ament_prefix_path.sh
[0.703s] -- Up-to-date: /home/mscrobotics2425laptop11/interbotix_ws/install/interbotix_common_sim/share/interbotix_common_sim/environment/ament_prefix_path.dsv
[0.709s] -- Up-to-date: /home/mscrobotics2425laptop11/interbotix_ws/install/interbotix_common_sim/share/interbotix_common_sim/environment/path.sh
[0.710s] -- Up-to-date: /home/mscrobotics2425laptop11/interbotix_ws/install/interbotix_common_sim/share/interbotix_common_sim/environment/path.dsv
[0.710s] -- Up-to-date: /home/mscrobotics2425laptop11/interbotix_ws/install/interbotix_common_sim/share/interbotix_common_sim/local_setup.bash
[0.713s] -- Up-to-date: /home/mscrobotics2425laptop11/interbotix_ws/install/interbotix_common_sim/share/interbotix_common_sim/local_setup.sh
[0.714s] -- Up-to-date: /home/mscrobotics2425laptop11/interbotix_ws/install/interbotix_common_sim/share/interbotix_common_sim/local_setup.zsh
[0.716s] -- Up-to-date: /home/mscrobotics2425laptop11/interbotix_ws/install/interbotix_common_sim/share/interbotix_common_sim/local_setup.dsv
[0.717s] -- Installing: /home/mscrobotics2425laptop11/interbotix_ws/install/interbotix_common_sim/share/interbotix_common_sim/package.dsv
[0.717s] -- Up-to-date: /home/mscrobotics2425laptop11/interbotix_ws/install/interbotix_common_sim/share/ament_index/resource_index/packages/interbotix_common_sim
[0.717s] -- Up-to-date: /home/mscrobotics2425laptop11/interbotix_ws/install/interbotix_common_sim/share/interbotix_common_sim/cmake/interbotix_common_simConfig.cmake
[0.717s] -- Up-to-date: /home/mscrobotics2425laptop11/interbotix_ws/install/interbotix_common_sim/share/interbotix_common_sim/cmake/interbotix_common_simConfig-version.cmake
[0.717s] -- Up-to-date: /home/mscrobotics2425laptop11/interbotix_ws/install/interbotix_common_sim/share/interbotix_common_sim/package.xml
[0.879s] Invoked command in '/home/mscrobotics2425laptop11/interbotix_ws/build/interbotix_common_sim' returned '0': CMAKE_PREFIX_PATH=${CMAKE_PREFIX_PATH}:/home/mscrobotics2425laptop11/interbotix_ws/install/interbotix_xs_modules:/home/mscrobotics2425laptop11/interbotix_ws/install/interbotix_perception_modules:/home/mscrobotics2425laptop11/interbotix_ws/install/interbotix_common_modules:/opt/ros/humble /usr/bin/cmake --install /home/mscrobotics2425laptop11/interbotix_ws/build/interbotix_common_sim
