[0.917s] Invoking command in '/home/mscrobotics2425laptop11/interbotix_ws/build/interbotix_perception_msgs': CMAKE_PREFIX_PATH=${CMAKE_PREFIX_PATH}:/home/mscrobotics2425laptop11/interbotix_ws/install/interbotix_xs_modules:/home/mscrobotics2425laptop11/interbotix_ws/install/interbotix_perception_modules:/home/mscrobotics2425laptop11/interbotix_ws/install/interbotix_common_modules:/opt/ros/humble /usr/bin/cmake --build /home/mscrobotics2425laptop11/interbotix_ws/build/interbotix_perception_msgs -- -j12 -l12
[1.146s] [  1%] Built target interbotix_perception_msgs__cpp
[1.155s] [ 12%] Built target interbotix_perception_msgs__rosidl_generator_c
[1.343s] [ 12%] Built target ament_cmake_python_copy_interbotix_perception_msgs
[1.402s] [ 23%] Built target interbotix_perception_msgs__rosidl_typesupport_introspection_c
[1.403s] [ 36%] Built target interbotix_perception_msgs__rosidl_typesupport_cpp
[1.404s] [ 45%] Built target interbotix_perception_msgs__rosidl_typesupport_c
[1.417s] [ 56%] Built target interbotix_perception_msgs__rosidl_typesupport_introspection_cpp
[1.417s] [ 67%] Built target interbotix_perception_msgs__rosidl_typesupport_fastrtps_c
[1.472s] [ 78%] Built target interbotix_perception_msgs__rosidl_typesupport_fastrtps_cpp
[1.626s] [ 78%] Built target interbotix_perception_msgs
[1.823s] [ 80%] Built target interbotix_perception_msgs__py
[1.995s] [ 89%] Built target interbotix_perception_msgs__rosidl_generator_py
[2.123s] [ 92%] Built target interbotix_perception_msgs__rosidl_typesupport_introspection_c__pyext
[2.161s] [ 96%] Built target interbotix_perception_msgs__rosidl_typesupport_fastrtps_c__pyext
[2.289s] [100%] Built target interbotix_perception_msgs__rosidl_typesupport_c__pyext
[2.428s] running egg_info
[2.429s] writing interbotix_perception_msgs.egg-info/PKG-INFO
[2.430s] writing dependency_links to interbotix_perception_msgs.egg-info/dependency_links.txt
[2.430s] writing top-level names to interbotix_perception_msgs.egg-info/top_level.txt
[2.431s] reading manifest file 'interbotix_perception_msgs.egg-info/SOURCES.txt'
[2.431s] writing manifest file 'interbotix_perception_msgs.egg-info/SOURCES.txt'
[2.465s] [100%] Built target ament_cmake_python_build_interbotix_perception_msgs_egg
[2.651s] Invoked command in '/home/mscrobotics2425laptop11/interbotix_ws/build/interbotix_perception_msgs' returned '0': CMAKE_PREFIX_PATH=${CMAKE_PREFIX_PATH}:/home/mscrobotics2425laptop11/interbotix_ws/install/interbotix_xs_modules:/home/mscrobotics2425laptop11/interbotix_ws/install/interbotix_perception_modules:/home/mscrobotics2425laptop11/interbotix_ws/install/interbotix_common_modules:/opt/ros/humble /usr/bin/cmake --build /home/mscrobotics2425laptop11/interbotix_ws/build/interbotix_perception_msgs -- -j12 -l12
[2.664s] Invoking command in '/home/mscrobotics2425laptop11/interbotix_ws/build/interbotix_perception_msgs': CMAKE_PREFIX_PATH=${CMAKE_PREFIX_PATH}:/home/mscrobotics2425laptop11/interbotix_ws/install/interbotix_xs_modules:/home/mscrobotics2425laptop11/interbotix_ws/install/interbotix_perception_modules:/home/mscrobotics2425laptop11/interbotix_ws/install/interbotix_common_modules:/opt/ros/humble /usr/bin/cmake --install /home/mscrobotics2425laptop11/interbotix_ws/build/interbotix_perception_msgs
[2.726s] -- Install configuration: ""
[2.729s] -- Up-to-date: /home/mscrobotics2425laptop11/interbotix_ws/install/interbotix_perception_msgs/share/ament_index/resource_index/rosidl_interfaces/interbotix_perception_msgs
[2.730s] -- Up-to-date: /home/mscrobotics2425laptop11/interbotix_ws/install/interbotix_perception_msgs/include/interbotix_perception_msgs/interbotix_perception_msgs
[2.732s] -- Up-to-date: /home/mscrobotics2425laptop11/interbotix_ws/install/interbotix_perception_msgs/include/interbotix_perception_msgs/interbotix_perception_msgs/msg
[2.734s] -- Up-to-date: /home/mscrobotics2425laptop11/interbotix_ws/install/interbotix_perception_msgs/include/interbotix_perception_msgs/interbotix_perception_msgs/msg/cluster_info.h
[2.736s] -- Up-to-date: /home/mscrobotics2425laptop11/interbotix_ws/install/interbotix_perception_msgs/include/interbotix_perception_msgs/interbotix_perception_msgs/msg/rosidl_generator_c__visibility_control.h
[2.744s] -- Up-to-date: /home/mscrobotics2425laptop11/interbotix_ws/install/interbotix_perception_msgs/include/interbotix_perception_msgs/interbotix_perception_msgs/msg/detail
[2.746s] -- Up-to-date: /home/mscrobotics2425laptop11/interbotix_ws/install/interbotix_perception_msgs/include/interbotix_perception_msgs/interbotix_perception_msgs/msg/detail/cluster_info__functions.h
[2.754s] -- Up-to-date: /home/mscrobotics2425laptop11/interbotix_ws/install/interbotix_perception_msgs/include/interbotix_perception_msgs/interbotix_perception_msgs/msg/detail/cluster_info__functions.c
[2.756s] -- Up-to-date: /home/mscrobotics2425laptop11/interbotix_ws/install/interbotix_perception_msgs/include/interbotix_perception_msgs/interbotix_perception_msgs/msg/detail/cluster_info__struct.h
[2.757s] -- Up-to-date: /home/mscrobotics2425laptop11/interbotix_ws/install/interbotix_perception_msgs/include/interbotix_perception_msgs/interbotix_perception_msgs/msg/detail/cluster_info__type_support.h
[2.757s] -- Up-to-date: /home/mscrobotics2425laptop11/interbotix_ws/install/interbotix_perception_msgs/include/interbotix_perception_msgs/interbotix_perception_msgs/srv
[2.757s] -- Up-to-date: /home/mscrobotics2425laptop11/interbotix_ws/install/interbotix_perception_msgs/include/interbotix_perception_msgs/interbotix_perception_msgs/srv/filter_params.h
[2.757s] -- Up-to-date: /home/mscrobotics2425laptop11/interbotix_ws/install/interbotix_perception_msgs/include/interbotix_perception_msgs/interbotix_perception_msgs/srv/snap_picture.h
[2.758s] -- Up-to-date: /home/mscrobotics2425laptop11/interbotix_ws/install/interbotix_perception_msgs/include/interbotix_perception_msgs/interbotix_perception_msgs/srv/cluster_info_array.h
[2.760s] -- Up-to-date: /home/mscrobotics2425laptop11/interbotix_ws/install/interbotix_perception_msgs/include/interbotix_perception_msgs/interbotix_perception_msgs/srv/detail
[2.760s] -- Up-to-date: /home/mscrobotics2425laptop11/interbotix_ws/install/interbotix_perception_msgs/include/interbotix_perception_msgs/interbotix_perception_msgs/srv/detail/filter_params__functions.h
[2.760s] -- Up-to-date: /home/mscrobotics2425laptop11/interbotix_ws/install/interbotix_perception_msgs/include/interbotix_perception_msgs/interbotix_perception_msgs/srv/detail/cluster_info_array__functions.h
[2.761s] -- Up-to-date: /home/mscrobotics2425laptop11/interbotix_ws/install/interbotix_perception_msgs/include/interbotix_perception_msgs/interbotix_perception_msgs/srv/detail/snap_picture__struct.h
[2.761s] -- Up-to-date: /home/mscrobotics2425laptop11/interbotix_ws/install/interbotix_perception_msgs/include/interbotix_perception_msgs/interbotix_perception_msgs/srv/detail/cluster_info_array__struct.h
[2.761s] -- Up-to-date: /home/mscrobotics2425laptop11/interbotix_ws/install/interbotix_perception_msgs/include/interbotix_perception_msgs/interbotix_perception_msgs/srv/detail/filter_params__type_support.h
[2.761s] -- Up-to-date: /home/mscrobotics2425laptop11/interbotix_ws/install/interbotix_perception_msgs/include/interbotix_perception_msgs/interbotix_perception_msgs/srv/detail/cluster_info_array__type_support.h
[2.762s] -- Up-to-date: /home/mscrobotics2425laptop11/interbotix_ws/install/interbotix_perception_msgs/include/interbotix_perception_msgs/interbotix_perception_msgs/srv/detail/filter_params__functions.c
[2.762s] -- Up-to-date: /home/mscrobotics2425laptop11/interbotix_ws/install/interbotix_perception_msgs/include/interbotix_perception_msgs/interbotix_perception_msgs/srv/detail/cluster_info_array__functions.c
[2.762s] -- Up-to-date: /home/mscrobotics2425laptop11/interbotix_ws/install/interbotix_perception_msgs/include/interbotix_perception_msgs/interbotix_perception_msgs/srv/detail/snap_picture__functions.c
[2.762s] -- Up-to-date: /home/mscrobotics2425laptop11/interbotix_ws/install/interbotix_perception_msgs/include/interbotix_perception_msgs/interbotix_perception_msgs/srv/detail/snap_picture__type_support.h
[2.762s] -- Up-to-date: /home/mscrobotics2425laptop11/interbotix_ws/install/interbotix_perception_msgs/include/interbotix_perception_msgs/interbotix_perception_msgs/srv/detail/snap_picture__functions.h
[2.763s] -- Up-to-date: /home/mscrobotics2425laptop11/interbotix_ws/install/interbotix_perception_msgs/include/interbotix_perception_msgs/interbotix_perception_msgs/srv/detail/filter_params__struct.h
[2.763s] -- Up-to-date: /home/mscrobotics2425laptop11/interbotix_ws/install/interbotix_perception_msgs/share/interbotix_perception_msgs/environment/library_path.sh
[2.763s] -- Up-to-date: /home/mscrobotics2425laptop11/interbotix_ws/install/interbotix_perception_msgs/share/interbotix_perception_msgs/environment/library_path.dsv
[2.765s] -- Up-to-date: /home/mscrobotics2425laptop11/interbotix_ws/install/interbotix_perception_msgs/lib/libinterbotix_perception_msgs__rosidl_generator_c.so
[2.765s] -- Up-to-date: /home/mscrobotics2425laptop11/interbotix_ws/install/interbotix_perception_msgs/include/interbotix_perception_msgs/interbotix_perception_msgs
[2.766s] -- Up-to-date: /home/mscrobotics2425laptop11/interbotix_ws/install/interbotix_perception_msgs/include/interbotix_perception_msgs/interbotix_perception_msgs/msg
[2.768s] -- Up-to-date: /home/mscrobotics2425laptop11/interbotix_ws/install/interbotix_perception_msgs/include/interbotix_perception_msgs/interbotix_perception_msgs/msg/rosidl_typesupport_fastrtps_c__visibility_control.h
[2.769s] -- Up-to-date: /home/mscrobotics2425laptop11/interbotix_ws/install/interbotix_perception_msgs/include/interbotix_perception_msgs/interbotix_perception_msgs/msg/detail
[2.772s] -- Up-to-date: /home/mscrobotics2425laptop11/interbotix_ws/install/interbotix_perception_msgs/include/interbotix_perception_msgs/interbotix_perception_msgs/msg/detail/cluster_info__rosidl_typesupport_fastrtps_c.h
[2.773s] -- Up-to-date: /home/mscrobotics2425laptop11/interbotix_ws/install/interbotix_perception_msgs/include/interbotix_perception_msgs/interbotix_perception_msgs/srv
[2.773s] -- Up-to-date: /home/mscrobotics2425laptop11/interbotix_ws/install/interbotix_perception_msgs/include/interbotix_perception_msgs/interbotix_perception_msgs/srv/detail
[2.773s] -- Up-to-date: /home/mscrobotics2425laptop11/interbotix_ws/install/interbotix_perception_msgs/include/interbotix_perception_msgs/interbotix_perception_msgs/srv/detail/cluster_info_array__rosidl_typesupport_fastrtps_c.h
[2.773s] -- Up-to-date: /home/mscrobotics2425laptop11/interbotix_ws/install/interbotix_perception_msgs/include/interbotix_perception_msgs/interbotix_perception_msgs/srv/detail/filter_params__rosidl_typesupport_fastrtps_c.h
[2.773s] -- Up-to-date: /home/mscrobotics2425laptop11/interbotix_ws/install/interbotix_perception_msgs/include/interbotix_perception_msgs/interbotix_perception_msgs/srv/detail/snap_picture__rosidl_typesupport_fastrtps_c.h
[2.773s] -- Up-to-date: /home/mscrobotics2425laptop11/interbotix_ws/install/interbotix_perception_msgs/lib/libinterbotix_perception_msgs__rosidl_typesupport_fastrtps_c.so
[2.774s] -- Up-to-date: /home/mscrobotics2425laptop11/interbotix_ws/install/interbotix_perception_msgs/include/interbotix_perception_msgs/interbotix_perception_msgs
[2.774s] -- Up-to-date: /home/mscrobotics2425laptop11/interbotix_ws/install/interbotix_perception_msgs/include/interbotix_perception_msgs/interbotix_perception_msgs/msg
[2.774s] -- Up-to-date: /home/mscrobotics2425laptop11/interbotix_ws/install/interbotix_perception_msgs/include/interbotix_perception_msgs/interbotix_perception_msgs/msg/rosidl_typesupport_introspection_c__visibility_control.h
[2.774s] -- Up-to-date: /home/mscrobotics2425laptop11/interbotix_ws/install/interbotix_perception_msgs/include/interbotix_perception_msgs/interbotix_perception_msgs/msg/detail
[2.774s] -- Up-to-date: /home/mscrobotics2425laptop11/interbotix_ws/install/interbotix_perception_msgs/include/interbotix_perception_msgs/interbotix_perception_msgs/msg/detail/cluster_info__type_support.c
[2.774s] -- Up-to-date: /home/mscrobotics2425laptop11/interbotix_ws/install/interbotix_perception_msgs/include/interbotix_perception_msgs/interbotix_perception_msgs/msg/detail/cluster_info__rosidl_typesupport_introspection_c.h
[2.774s] -- Up-to-date: /home/mscrobotics2425laptop11/interbotix_ws/install/interbotix_perception_msgs/include/interbotix_perception_msgs/interbotix_perception_msgs/srv
[2.774s] -- Up-to-date: /home/mscrobotics2425laptop11/interbotix_ws/install/interbotix_perception_msgs/include/interbotix_perception_msgs/interbotix_perception_msgs/srv/detail
[2.774s] -- Up-to-date: /home/mscrobotics2425laptop11/interbotix_ws/install/interbotix_perception_msgs/include/interbotix_perception_msgs/interbotix_perception_msgs/srv/detail/cluster_info_array__type_support.c
[2.774s] -- Up-to-date: /home/mscrobotics2425laptop11/interbotix_ws/install/interbotix_perception_msgs/include/interbotix_perception_msgs/interbotix_perception_msgs/srv/detail/cluster_info_array__rosidl_typesupport_introspection_c.h
[2.774s] -- Up-to-date: /home/mscrobotics2425laptop11/interbotix_ws/install/interbotix_perception_msgs/include/interbotix_perception_msgs/interbotix_perception_msgs/srv/detail/snap_picture__type_support.c
[2.775s] -- Up-to-date: /home/mscrobotics2425laptop11/interbotix_ws/install/interbotix_perception_msgs/include/interbotix_perception_msgs/interbotix_perception_msgs/srv/detail/filter_params__rosidl_typesupport_introspection_c.h
[2.775s] -- Up-to-date: /home/mscrobotics2425laptop11/interbotix_ws/install/interbotix_perception_msgs/include/interbotix_perception_msgs/interbotix_perception_msgs/srv/detail/snap_picture__rosidl_typesupport_introspection_c.h
[2.775s] -- Up-to-date: /home/mscrobotics2425laptop11/interbotix_ws/install/interbotix_perception_msgs/include/interbotix_perception_msgs/interbotix_perception_msgs/srv/detail/filter_params__type_support.c
[2.776s] -- Up-to-date: /home/mscrobotics2425laptop11/interbotix_ws/install/interbotix_perception_msgs/lib/libinterbotix_perception_msgs__rosidl_typesupport_introspection_c.so
[2.776s] -- Up-to-date: /home/mscrobotics2425laptop11/interbotix_ws/install/interbotix_perception_msgs/lib/libinterbotix_perception_msgs__rosidl_typesupport_c.so
[2.776s] -- Up-to-date: /home/mscrobotics2425laptop11/interbotix_ws/install/interbotix_perception_msgs/include/interbotix_perception_msgs/interbotix_perception_msgs
[2.776s] -- Up-to-date: /home/mscrobotics2425laptop11/interbotix_ws/install/interbotix_perception_msgs/include/interbotix_perception_msgs/interbotix_perception_msgs/msg
[2.776s] -- Up-to-date: /home/mscrobotics2425laptop11/interbotix_ws/install/interbotix_perception_msgs/include/interbotix_perception_msgs/interbotix_perception_msgs/msg/rosidl_generator_cpp__visibility_control.hpp
[2.776s] -- Up-to-date: /home/mscrobotics2425laptop11/interbotix_ws/install/interbotix_perception_msgs/include/interbotix_perception_msgs/interbotix_perception_msgs/msg/cluster_info.hpp
[2.776s] -- Up-to-date: /home/mscrobotics2425laptop11/interbotix_ws/install/interbotix_perception_msgs/include/interbotix_perception_msgs/interbotix_perception_msgs/msg/detail
[2.776s] -- Up-to-date: /home/mscrobotics2425laptop11/interbotix_ws/install/interbotix_perception_msgs/include/interbotix_perception_msgs/interbotix_perception_msgs/msg/detail/cluster_info__traits.hpp
[2.776s] -- Up-to-date: /home/mscrobotics2425laptop11/interbotix_ws/install/interbotix_perception_msgs/include/interbotix_perception_msgs/interbotix_perception_msgs/msg/detail/cluster_info__struct.hpp
[2.776s] -- Up-to-date: /home/mscrobotics2425laptop11/interbotix_ws/install/interbotix_perception_msgs/include/interbotix_perception_msgs/interbotix_perception_msgs/msg/detail/cluster_info__type_support.hpp
[2.776s] -- Up-to-date: /home/mscrobotics2425laptop11/interbotix_ws/install/interbotix_perception_msgs/include/interbotix_perception_msgs/interbotix_perception_msgs/msg/detail/cluster_info__builder.hpp
[2.777s] -- Up-to-date: /home/mscrobotics2425laptop11/interbotix_ws/install/interbotix_perception_msgs/include/interbotix_perception_msgs/interbotix_perception_msgs/srv
[2.777s] -- Up-to-date: /home/mscrobotics2425laptop11/interbotix_ws/install/interbotix_perception_msgs/include/interbotix_perception_msgs/interbotix_perception_msgs/srv/filter_params.hpp
[2.777s] -- Up-to-date: /home/mscrobotics2425laptop11/interbotix_ws/install/interbotix_perception_msgs/include/interbotix_perception_msgs/interbotix_perception_msgs/srv/cluster_info_array.hpp
[2.777s] -- Up-to-date: /home/mscrobotics2425laptop11/interbotix_ws/install/interbotix_perception_msgs/include/interbotix_perception_msgs/interbotix_perception_msgs/srv/detail
[2.777s] -- Up-to-date: /home/mscrobotics2425laptop11/interbotix_ws/install/interbotix_perception_msgs/include/interbotix_perception_msgs/interbotix_perception_msgs/srv/detail/filter_params__builder.hpp
[2.777s] -- Up-to-date: /home/mscrobotics2425laptop11/interbotix_ws/install/interbotix_perception_msgs/include/interbotix_perception_msgs/interbotix_perception_msgs/srv/detail/cluster_info_array__traits.hpp
[2.777s] -- Up-to-date: /home/mscrobotics2425laptop11/interbotix_ws/install/interbotix_perception_msgs/include/interbotix_perception_msgs/interbotix_perception_msgs/srv/detail/snap_picture__traits.hpp
[2.777s] -- Up-to-date: /home/mscrobotics2425laptop11/interbotix_ws/install/interbotix_perception_msgs/include/interbotix_perception_msgs/interbotix_perception_msgs/srv/detail/snap_picture__type_support.hpp
[2.777s] -- Up-to-date: /home/mscrobotics2425laptop11/interbotix_ws/install/interbotix_perception_msgs/include/interbotix_perception_msgs/interbotix_perception_msgs/srv/detail/filter_params__type_support.hpp
[2.777s] -- Up-to-date: /home/mscrobotics2425laptop11/interbotix_ws/install/interbotix_perception_msgs/include/interbotix_perception_msgs/interbotix_perception_msgs/srv/detail/filter_params__struct.hpp
[2.777s] -- Up-to-date: /home/mscrobotics2425laptop11/interbotix_ws/install/interbotix_perception_msgs/include/interbotix_perception_msgs/interbotix_perception_msgs/srv/detail/cluster_info_array__type_support.hpp
[2.778s] -- Up-to-date: /home/mscrobotics2425laptop11/interbotix_ws/install/interbotix_perception_msgs/include/interbotix_perception_msgs/interbotix_perception_msgs/srv/detail/cluster_info_array__builder.hpp
[2.778s] -- Up-to-date: /home/mscrobotics2425laptop11/interbotix_ws/install/interbotix_perception_msgs/include/interbotix_perception_msgs/interbotix_perception_msgs/srv/detail/snap_picture__builder.hpp
[2.778s] -- Up-to-date: /home/mscrobotics2425laptop11/interbotix_ws/install/interbotix_perception_msgs/include/interbotix_perception_msgs/interbotix_perception_msgs/srv/detail/cluster_info_array__struct.hpp
[2.778s] -- Up-to-date: /home/mscrobotics2425laptop11/interbotix_ws/install/interbotix_perception_msgs/include/interbotix_perception_msgs/interbotix_perception_msgs/srv/detail/snap_picture__struct.hpp
[2.778s] -- Up-to-date: /home/mscrobotics2425laptop11/interbotix_ws/install/interbotix_perception_msgs/include/interbotix_perception_msgs/interbotix_perception_msgs/srv/detail/filter_params__traits.hpp
[2.778s] -- Up-to-date: /home/mscrobotics2425laptop11/interbotix_ws/install/interbotix_perception_msgs/include/interbotix_perception_msgs/interbotix_perception_msgs/srv/snap_picture.hpp
[2.778s] -- Up-to-date: /home/mscrobotics2425laptop11/interbotix_ws/install/interbotix_perception_msgs/include/interbotix_perception_msgs/interbotix_perception_msgs
[2.778s] -- Up-to-date: /home/mscrobotics2425laptop11/interbotix_ws/install/interbotix_perception_msgs/include/interbotix_perception_msgs/interbotix_perception_msgs/msg
[2.779s] -- Up-to-date: /home/mscrobotics2425laptop11/interbotix_ws/install/interbotix_perception_msgs/include/interbotix_perception_msgs/interbotix_perception_msgs/msg/rosidl_typesupport_fastrtps_cpp__visibility_control.h
[2.779s] -- Up-to-date: /home/mscrobotics2425laptop11/interbotix_ws/install/interbotix_perception_msgs/include/interbotix_perception_msgs/interbotix_perception_msgs/msg/detail
[2.779s] -- Up-to-date: /home/mscrobotics2425laptop11/interbotix_ws/install/interbotix_perception_msgs/include/interbotix_perception_msgs/interbotix_perception_msgs/msg/detail/cluster_info__rosidl_typesupport_fastrtps_cpp.hpp
[2.779s] -- Up-to-date: /home/mscrobotics2425laptop11/interbotix_ws/install/interbotix_perception_msgs/include/interbotix_perception_msgs/interbotix_perception_msgs/msg/detail/dds_fastrtps
[2.779s] -- Up-to-date: /home/mscrobotics2425laptop11/interbotix_ws/install/interbotix_perception_msgs/include/interbotix_perception_msgs/interbotix_perception_msgs/srv
[2.779s] -- Up-to-date: /home/mscrobotics2425laptop11/interbotix_ws/install/interbotix_perception_msgs/include/interbotix_perception_msgs/interbotix_perception_msgs/srv/detail
[2.779s] -- Up-to-date: /home/mscrobotics2425laptop11/interbotix_ws/install/interbotix_perception_msgs/include/interbotix_perception_msgs/interbotix_perception_msgs/srv/detail/cluster_info_array__rosidl_typesupport_fastrtps_cpp.hpp
[2.779s] -- Up-to-date: /home/mscrobotics2425laptop11/interbotix_ws/install/interbotix_perception_msgs/include/interbotix_perception_msgs/interbotix_perception_msgs/srv/detail/snap_picture__rosidl_typesupport_fastrtps_cpp.hpp
[2.779s] -- Up-to-date: /home/mscrobotics2425laptop11/interbotix_ws/install/interbotix_perception_msgs/include/interbotix_perception_msgs/interbotix_perception_msgs/srv/detail/filter_params__rosidl_typesupport_fastrtps_cpp.hpp
[2.780s] -- Up-to-date: /home/mscrobotics2425laptop11/interbotix_ws/install/interbotix_perception_msgs/include/interbotix_perception_msgs/interbotix_perception_msgs/srv/detail/dds_fastrtps
[2.780s] -- Up-to-date: /home/mscrobotics2425laptop11/interbotix_ws/install/interbotix_perception_msgs/lib/libinterbotix_perception_msgs__rosidl_typesupport_fastrtps_cpp.so
[2.780s] -- Up-to-date: /home/mscrobotics2425laptop11/interbotix_ws/install/interbotix_perception_msgs/include/interbotix_perception_msgs/interbotix_perception_msgs
[2.780s] -- Up-to-date: /home/mscrobotics2425laptop11/interbotix_ws/install/interbotix_perception_msgs/include/interbotix_perception_msgs/interbotix_perception_msgs/msg
[2.780s] -- Up-to-date: /home/mscrobotics2425laptop11/interbotix_ws/install/interbotix_perception_msgs/include/interbotix_perception_msgs/interbotix_perception_msgs/msg/detail
[2.780s] -- Up-to-date: /home/mscrobotics2425laptop11/interbotix_ws/install/interbotix_perception_msgs/include/interbotix_perception_msgs/interbotix_perception_msgs/msg/detail/cluster_info__type_support.cpp
[2.780s] -- Up-to-date: /home/mscrobotics2425laptop11/interbotix_ws/install/interbotix_perception_msgs/include/interbotix_perception_msgs/interbotix_perception_msgs/msg/detail/cluster_info__rosidl_typesupport_introspection_cpp.hpp
[2.780s] -- Up-to-date: /home/mscrobotics2425laptop11/interbotix_ws/install/interbotix_perception_msgs/include/interbotix_perception_msgs/interbotix_perception_msgs/srv
[2.780s] -- Up-to-date: /home/mscrobotics2425laptop11/interbotix_ws/install/interbotix_perception_msgs/include/interbotix_perception_msgs/interbotix_perception_msgs/srv/detail
[2.780s] -- Up-to-date: /home/mscrobotics2425laptop11/interbotix_ws/install/interbotix_perception_msgs/include/interbotix_perception_msgs/interbotix_perception_msgs/srv/detail/filter_params__type_support.cpp
[2.781s] -- Up-to-date: /home/mscrobotics2425laptop11/interbotix_ws/install/interbotix_perception_msgs/include/interbotix_perception_msgs/interbotix_perception_msgs/srv/detail/snap_picture__rosidl_typesupport_introspection_cpp.hpp
[2.781s] -- Up-to-date: /home/mscrobotics2425laptop11/interbotix_ws/install/interbotix_perception_msgs/include/interbotix_perception_msgs/interbotix_perception_msgs/srv/detail/snap_picture__type_support.cpp
[2.781s] -- Up-to-date: /home/mscrobotics2425laptop11/interbotix_ws/install/interbotix_perception_msgs/include/interbotix_perception_msgs/interbotix_perception_msgs/srv/detail/filter_params__rosidl_typesupport_introspection_cpp.hpp
[2.781s] -- Up-to-date: /home/mscrobotics2425laptop11/interbotix_ws/install/interbotix_perception_msgs/include/interbotix_perception_msgs/interbotix_perception_msgs/srv/detail/cluster_info_array__rosidl_typesupport_introspection_cpp.hpp
[2.781s] -- Up-to-date: /home/mscrobotics2425laptop11/interbotix_ws/install/interbotix_perception_msgs/include/interbotix_perception_msgs/interbotix_perception_msgs/srv/detail/cluster_info_array__type_support.cpp
[2.781s] -- Up-to-date: /home/mscrobotics2425laptop11/interbotix_ws/install/interbotix_perception_msgs/lib/libinterbotix_perception_msgs__rosidl_typesupport_introspection_cpp.so
[2.781s] -- Up-to-date: /home/mscrobotics2425laptop11/interbotix_ws/install/interbotix_perception_msgs/lib/libinterbotix_perception_msgs__rosidl_typesupport_cpp.so
[2.781s] -- Up-to-date: /home/mscrobotics2425laptop11/interbotix_ws/install/interbotix_perception_msgs/share/interbotix_perception_msgs/environment/pythonpath.sh
[2.781s] -- Up-to-date: /home/mscrobotics2425laptop11/interbotix_ws/install/interbotix_perception_msgs/share/interbotix_perception_msgs/environment/pythonpath.dsv
[2.782s] -- Up-to-date: /home/mscrobotics2425laptop11/interbotix_ws/install/interbotix_perception_msgs/local/lib/python3.10/dist-packages/interbotix_perception_msgs-0.0.0-py3.10.egg-info
[2.782s] -- Installing: /home/mscrobotics2425laptop11/interbotix_ws/install/interbotix_perception_msgs/local/lib/python3.10/dist-packages/interbotix_perception_msgs-0.0.0-py3.10.egg-info/SOURCES.txt
[2.782s] -- Installing: /home/mscrobotics2425laptop11/interbotix_ws/install/interbotix_perception_msgs/local/lib/python3.10/dist-packages/interbotix_perception_msgs-0.0.0-py3.10.egg-info/dependency_links.txt
[2.782s] -- Installing: /home/mscrobotics2425laptop11/interbotix_ws/install/interbotix_perception_msgs/local/lib/python3.10/dist-packages/interbotix_perception_msgs-0.0.0-py3.10.egg-info/top_level.txt
[2.782s] -- Installing: /home/mscrobotics2425laptop11/interbotix_ws/install/interbotix_perception_msgs/local/lib/python3.10/dist-packages/interbotix_perception_msgs-0.0.0-py3.10.egg-info/PKG-INFO
[2.782s] -- Up-to-date: /home/mscrobotics2425laptop11/interbotix_ws/install/interbotix_perception_msgs/local/lib/python3.10/dist-packages/interbotix_perception_msgs
[2.782s] -- Up-to-date: /home/mscrobotics2425laptop11/interbotix_ws/install/interbotix_perception_msgs/local/lib/python3.10/dist-packages/interbotix_perception_msgs/interbotix_perception_msgs_s__rosidl_typesupport_introspection_c.cpython-310-x86_64-linux-gnu.so
[2.782s] -- Up-to-date: /home/mscrobotics2425laptop11/interbotix_ws/install/interbotix_perception_msgs/local/lib/python3.10/dist-packages/interbotix_perception_msgs/interbotix_perception_msgs_s__rosidl_typesupport_fastrtps_c.cpython-310-x86_64-linux-gnu.so
[2.783s] -- Up-to-date: /home/mscrobotics2425laptop11/interbotix_ws/install/interbotix_perception_msgs/local/lib/python3.10/dist-packages/interbotix_perception_msgs/libinterbotix_perception_msgs__rosidl_generator_py.so
[2.783s] -- Up-to-date: /home/mscrobotics2425laptop11/interbotix_ws/install/interbotix_perception_msgs/local/lib/python3.10/dist-packages/interbotix_perception_msgs/msg
[2.784s] -- Up-to-date: /home/mscrobotics2425laptop11/interbotix_ws/install/interbotix_perception_msgs/local/lib/python3.10/dist-packages/interbotix_perception_msgs/msg/_cluster_info.py
[2.784s] -- Up-to-date: /home/mscrobotics2425laptop11/interbotix_ws/install/interbotix_perception_msgs/local/lib/python3.10/dist-packages/interbotix_perception_msgs/msg/__init__.py
[2.784s] -- Up-to-date: /home/mscrobotics2425laptop11/interbotix_ws/install/interbotix_perception_msgs/local/lib/python3.10/dist-packages/interbotix_perception_msgs/msg/_cluster_info_s.c
[2.784s] -- Up-to-date: /home/mscrobotics2425laptop11/interbotix_ws/install/interbotix_perception_msgs/local/lib/python3.10/dist-packages/interbotix_perception_msgs/srv
[2.784s] -- Up-to-date: /home/mscrobotics2425laptop11/interbotix_ws/install/interbotix_perception_msgs/local/lib/python3.10/dist-packages/interbotix_perception_msgs/srv/_cluster_info_array_s.c
[2.784s] -- Up-to-date: /home/mscrobotics2425laptop11/interbotix_ws/install/interbotix_perception_msgs/local/lib/python3.10/dist-packages/interbotix_perception_msgs/srv/_snap_picture_s.c
[2.784s] -- Up-to-date: /home/mscrobotics2425laptop11/interbotix_ws/install/interbotix_perception_msgs/local/lib/python3.10/dist-packages/interbotix_perception_msgs/srv/_cluster_info_array.py
[2.784s] -- Up-to-date: /home/mscrobotics2425laptop11/interbotix_ws/install/interbotix_perception_msgs/local/lib/python3.10/dist-packages/interbotix_perception_msgs/srv/_filter_params_s.c
[2.784s] -- Up-to-date: /home/mscrobotics2425laptop11/interbotix_ws/install/interbotix_perception_msgs/local/lib/python3.10/dist-packages/interbotix_perception_msgs/srv/__init__.py
[2.784s] -- Up-to-date: /home/mscrobotics2425laptop11/interbotix_ws/install/interbotix_perception_msgs/local/lib/python3.10/dist-packages/interbotix_perception_msgs/srv/_filter_params.py
[2.785s] -- Up-to-date: /home/mscrobotics2425laptop11/interbotix_ws/install/interbotix_perception_msgs/local/lib/python3.10/dist-packages/interbotix_perception_msgs/srv/_snap_picture.py
[2.785s] -- Up-to-date: /home/mscrobotics2425laptop11/interbotix_ws/install/interbotix_perception_msgs/local/lib/python3.10/dist-packages/interbotix_perception_msgs/_interbotix_perception_msgs_s.ep.rosidl_typesupport_introspection_c.c
[2.785s] -- Up-to-date: /home/mscrobotics2425laptop11/interbotix_ws/install/interbotix_perception_msgs/local/lib/python3.10/dist-packages/interbotix_perception_msgs/__init__.py
[2.785s] -- Up-to-date: /home/mscrobotics2425laptop11/interbotix_ws/install/interbotix_perception_msgs/local/lib/python3.10/dist-packages/interbotix_perception_msgs/_interbotix_perception_msgs_s.ep.rosidl_typesupport_fastrtps_c.c
[2.785s] -- Up-to-date: /home/mscrobotics2425laptop11/interbotix_ws/install/interbotix_perception_msgs/local/lib/python3.10/dist-packages/interbotix_perception_msgs/interbotix_perception_msgs_s__rosidl_typesupport_c.cpython-310-x86_64-linux-gnu.so
[2.785s] -- Up-to-date: /home/mscrobotics2425laptop11/interbotix_ws/install/interbotix_perception_msgs/local/lib/python3.10/dist-packages/interbotix_perception_msgs/_interbotix_perception_msgs_s.ep.rosidl_typesupport_c.c
[2.890s] Listing '/home/mscrobotics2425laptop11/interbotix_ws/install/interbotix_perception_msgs/local/lib/python3.10/dist-packages/interbotix_perception_msgs'...
[2.890s] Listing '/home/mscrobotics2425laptop11/interbotix_ws/install/interbotix_perception_msgs/local/lib/python3.10/dist-packages/interbotix_perception_msgs/msg'...
[2.891s] Listing '/home/mscrobotics2425laptop11/interbotix_ws/install/interbotix_perception_msgs/local/lib/python3.10/dist-packages/interbotix_perception_msgs/srv'...
[2.911s] -- Up-to-date: /home/mscrobotics2425laptop11/interbotix_ws/install/interbotix_perception_msgs/local/lib/python3.10/dist-packages/interbotix_perception_msgs/interbotix_perception_msgs_s__rosidl_typesupport_fastrtps_c.cpython-310-x86_64-linux-gnu.so
[2.911s] -- Up-to-date: /home/mscrobotics2425laptop11/interbotix_ws/install/interbotix_perception_msgs/local/lib/python3.10/dist-packages/interbotix_perception_msgs/interbotix_perception_msgs_s__rosidl_typesupport_introspection_c.cpython-310-x86_64-linux-gnu.so
[2.915s] -- Up-to-date: /home/mscrobotics2425laptop11/interbotix_ws/install/interbotix_perception_msgs/local/lib/python3.10/dist-packages/interbotix_perception_msgs/interbotix_perception_msgs_s__rosidl_typesupport_c.cpython-310-x86_64-linux-gnu.so
[2.919s] -- Up-to-date: /home/mscrobotics2425laptop11/interbotix_ws/install/interbotix_perception_msgs/lib/libinterbotix_perception_msgs__rosidl_generator_py.so
[2.921s] -- Up-to-date: /home/mscrobotics2425laptop11/interbotix_ws/install/interbotix_perception_msgs/share/interbotix_perception_msgs/msg/ClusterInfo.idl
[2.922s] -- Up-to-date: /home/mscrobotics2425laptop11/interbotix_ws/install/interbotix_perception_msgs/share/interbotix_perception_msgs/srv/ClusterInfoArray.idl
[2.922s] -- Up-to-date: /home/mscrobotics2425laptop11/interbotix_ws/install/interbotix_perception_msgs/share/interbotix_perception_msgs/srv/FilterParams.idl
[2.923s] -- Up-to-date: /home/mscrobotics2425laptop11/interbotix_ws/install/interbotix_perception_msgs/share/interbotix_perception_msgs/srv/SnapPicture.idl
[2.927s] -- Up-to-date: /home/mscrobotics2425laptop11/interbotix_ws/install/interbotix_perception_msgs/share/interbotix_perception_msgs/msg/ClusterInfo.msg
[2.927s] -- Up-to-date: /home/mscrobotics2425laptop11/interbotix_ws/install/interbotix_perception_msgs/share/interbotix_perception_msgs/srv/ClusterInfoArray.srv
[2.927s] -- Up-to-date: /home/mscrobotics2425laptop11/interbotix_ws/install/interbotix_perception_msgs/share/interbotix_perception_msgs/srv/ClusterInfoArray_Request.msg
[2.927s] -- Up-to-date: /home/mscrobotics2425laptop11/interbotix_ws/install/interbotix_perception_msgs/share/interbotix_perception_msgs/srv/ClusterInfoArray_Response.msg
[2.927s] -- Up-to-date: /home/mscrobotics2425laptop11/interbotix_ws/install/interbotix_perception_msgs/share/interbotix_perception_msgs/srv/FilterParams.srv
[2.927s] -- Up-to-date: /home/mscrobotics2425laptop11/interbotix_ws/install/interbotix_perception_msgs/share/interbotix_perception_msgs/srv/FilterParams_Request.msg
[2.927s] -- Up-to-date: /home/mscrobotics2425laptop11/interbotix_ws/install/interbotix_perception_msgs/share/interbotix_perception_msgs/srv/FilterParams_Response.msg
[2.927s] -- Up-to-date: /home/mscrobotics2425laptop11/interbotix_ws/install/interbotix_perception_msgs/share/interbotix_perception_msgs/srv/SnapPicture.srv
[2.928s] -- Up-to-date: /home/mscrobotics2425laptop11/interbotix_ws/install/interbotix_perception_msgs/share/interbotix_perception_msgs/srv/SnapPicture_Request.msg
[2.928s] -- Up-to-date: /home/mscrobotics2425laptop11/interbotix_ws/install/interbotix_perception_msgs/share/interbotix_perception_msgs/srv/SnapPicture_Response.msg
[2.929s] -- Up-to-date: /home/mscrobotics2425laptop11/interbotix_ws/install/interbotix_perception_msgs/share/ament_index/resource_index/package_run_dependencies/interbotix_perception_msgs
[2.930s] -- Up-to-date: /home/mscrobotics2425laptop11/interbotix_ws/install/interbotix_perception_msgs/share/ament_index/resource_index/parent_prefix_path/interbotix_perception_msgs
[2.931s] -- Up-to-date: /home/mscrobotics2425laptop11/interbotix_ws/install/interbotix_perception_msgs/share/interbotix_perception_msgs/environment/ament_prefix_path.sh
[2.931s] -- Up-to-date: /home/mscrobotics2425laptop11/interbotix_ws/install/interbotix_perception_msgs/share/interbotix_perception_msgs/environment/ament_prefix_path.dsv
[2.931s] -- Up-to-date: /home/mscrobotics2425laptop11/interbotix_ws/install/interbotix_perception_msgs/share/interbotix_perception_msgs/environment/path.sh
[2.931s] -- Up-to-date: /home/mscrobotics2425laptop11/interbotix_ws/install/interbotix_perception_msgs/share/interbotix_perception_msgs/environment/path.dsv
[2.931s] -- Up-to-date: /home/mscrobotics2425laptop11/interbotix_ws/install/interbotix_perception_msgs/share/interbotix_perception_msgs/local_setup.bash
[2.932s] -- Up-to-date: /home/mscrobotics2425laptop11/interbotix_ws/install/interbotix_perception_msgs/share/interbotix_perception_msgs/local_setup.sh
[2.932s] -- Up-to-date: /home/mscrobotics2425laptop11/interbotix_ws/install/interbotix_perception_msgs/share/interbotix_perception_msgs/local_setup.zsh
[2.932s] -- Up-to-date: /home/mscrobotics2425laptop11/interbotix_ws/install/interbotix_perception_msgs/share/interbotix_perception_msgs/local_setup.dsv
[2.932s] -- Installing: /home/mscrobotics2425laptop11/interbotix_ws/install/interbotix_perception_msgs/share/interbotix_perception_msgs/package.dsv
[2.932s] -- Up-to-date: /home/mscrobotics2425laptop11/interbotix_ws/install/interbotix_perception_msgs/share/ament_index/resource_index/packages/interbotix_perception_msgs
[2.936s] -- Up-to-date: /home/mscrobotics2425laptop11/interbotix_ws/install/interbotix_perception_msgs/share/interbotix_perception_msgs/cmake/export_interbotix_perception_msgs__rosidl_generator_cExport.cmake
[2.937s] -- Up-to-date: /home/mscrobotics2425laptop11/interbotix_ws/install/interbotix_perception_msgs/share/interbotix_perception_msgs/cmake/export_interbotix_perception_msgs__rosidl_generator_cExport-noconfig.cmake
[2.938s] -- Up-to-date: /home/mscrobotics2425laptop11/interbotix_ws/install/interbotix_perception_msgs/share/interbotix_perception_msgs/cmake/export_interbotix_perception_msgs__rosidl_typesupport_fastrtps_cExport.cmake
[2.939s] -- Up-to-date: /home/mscrobotics2425laptop11/interbotix_ws/install/interbotix_perception_msgs/share/interbotix_perception_msgs/cmake/export_interbotix_perception_msgs__rosidl_typesupport_fastrtps_cExport-noconfig.cmake
[2.941s] -- Up-to-date: /home/mscrobotics2425laptop11/interbotix_ws/install/interbotix_perception_msgs/share/interbotix_perception_msgs/cmake/interbotix_perception_msgs__rosidl_typesupport_introspection_cExport.cmake
[2.941s] -- Up-to-date: /home/mscrobotics2425laptop11/interbotix_ws/install/interbotix_perception_msgs/share/interbotix_perception_msgs/cmake/interbotix_perception_msgs__rosidl_typesupport_introspection_cExport-noconfig.cmake
[2.941s] -- Up-to-date: /home/mscrobotics2425laptop11/interbotix_ws/install/interbotix_perception_msgs/share/interbotix_perception_msgs/cmake/interbotix_perception_msgs__rosidl_typesupport_cExport.cmake
[2.941s] -- Up-to-date: /home/mscrobotics2425laptop11/interbotix_ws/install/interbotix_perception_msgs/share/interbotix_perception_msgs/cmake/interbotix_perception_msgs__rosidl_typesupport_cExport-noconfig.cmake
[2.941s] -- Up-to-date: /home/mscrobotics2425laptop11/interbotix_ws/install/interbotix_perception_msgs/share/interbotix_perception_msgs/cmake/export_interbotix_perception_msgs__rosidl_generator_cppExport.cmake
[2.942s] -- Up-to-date: /home/mscrobotics2425laptop11/interbotix_ws/install/interbotix_perception_msgs/share/interbotix_perception_msgs/cmake/export_interbotix_perception_msgs__rosidl_typesupport_fastrtps_cppExport.cmake
[2.942s] -- Up-to-date: /home/mscrobotics2425laptop11/interbotix_ws/install/interbotix_perception_msgs/share/interbotix_perception_msgs/cmake/export_interbotix_perception_msgs__rosidl_typesupport_fastrtps_cppExport-noconfig.cmake
[2.942s] -- Up-to-date: /home/mscrobotics2425laptop11/interbotix_ws/install/interbotix_perception_msgs/share/interbotix_perception_msgs/cmake/interbotix_perception_msgs__rosidl_typesupport_introspection_cppExport.cmake
[2.942s] -- Up-to-date: /home/mscrobotics2425laptop11/interbotix_ws/install/interbotix_perception_msgs/share/interbotix_perception_msgs/cmake/interbotix_perception_msgs__rosidl_typesupport_introspection_cppExport-noconfig.cmake
[2.942s] -- Up-to-date: /home/mscrobotics2425laptop11/interbotix_ws/install/interbotix_perception_msgs/share/interbotix_perception_msgs/cmake/interbotix_perception_msgs__rosidl_typesupport_cppExport.cmake
[2.942s] -- Up-to-date: /home/mscrobotics2425laptop11/interbotix_ws/install/interbotix_perception_msgs/share/interbotix_perception_msgs/cmake/interbotix_perception_msgs__rosidl_typesupport_cppExport-noconfig.cmake
[2.942s] -- Up-to-date: /home/mscrobotics2425laptop11/interbotix_ws/install/interbotix_perception_msgs/share/interbotix_perception_msgs/cmake/export_interbotix_perception_msgs__rosidl_generator_pyExport.cmake
[2.942s] -- Up-to-date: /home/mscrobotics2425laptop11/interbotix_ws/install/interbotix_perception_msgs/share/interbotix_perception_msgs/cmake/export_interbotix_perception_msgs__rosidl_generator_pyExport-noconfig.cmake
[2.943s] -- Up-to-date: /home/mscrobotics2425laptop11/interbotix_ws/install/interbotix_perception_msgs/share/interbotix_perception_msgs/cmake/rosidl_cmake-extras.cmake
[2.944s] -- Up-to-date: /home/mscrobotics2425laptop11/interbotix_ws/install/interbotix_perception_msgs/share/interbotix_perception_msgs/cmake/ament_cmake_export_dependencies-extras.cmake
[2.945s] -- Up-to-date: /home/mscrobotics2425laptop11/interbotix_ws/install/interbotix_perception_msgs/share/interbotix_perception_msgs/cmake/ament_cmake_export_include_directories-extras.cmake
[2.946s] -- Up-to-date: /home/mscrobotics2425laptop11/interbotix_ws/install/interbotix_perception_msgs/share/interbotix_perception_msgs/cmake/ament_cmake_export_libraries-extras.cmake
[2.947s] -- Up-to-date: /home/mscrobotics2425laptop11/interbotix_ws/install/interbotix_perception_msgs/share/interbotix_perception_msgs/cmake/ament_cmake_export_targets-extras.cmake
[2.948s] -- Up-to-date: /home/mscrobotics2425laptop11/interbotix_ws/install/interbotix_perception_msgs/share/interbotix_perception_msgs/cmake/rosidl_cmake_export_typesupport_targets-extras.cmake
[2.949s] -- Up-to-date: /home/mscrobotics2425laptop11/interbotix_ws/install/interbotix_perception_msgs/share/interbotix_perception_msgs/cmake/rosidl_cmake_export_typesupport_libraries-extras.cmake
[2.950s] -- Up-to-date: /home/mscrobotics2425laptop11/interbotix_ws/install/interbotix_perception_msgs/share/interbotix_perception_msgs/cmake/interbotix_perception_msgsConfig.cmake
[2.950s] -- Up-to-date: /home/mscrobotics2425laptop11/interbotix_ws/install/interbotix_perception_msgs/share/interbotix_perception_msgs/cmake/interbotix_perception_msgsConfig-version.cmake
[2.951s] -- Up-to-date: /home/mscrobotics2425laptop11/interbotix_ws/install/interbotix_perception_msgs/share/interbotix_perception_msgs/package.xml
[2.960s] Invoked command in '/home/mscrobotics2425laptop11/interbotix_ws/build/interbotix_perception_msgs' returned '0': CMAKE_PREFIX_PATH=${CMAKE_PREFIX_PATH}:/home/mscrobotics2425laptop11/interbotix_ws/install/interbotix_xs_modules:/home/mscrobotics2425laptop11/interbotix_ws/install/interbotix_perception_modules:/home/mscrobotics2425laptop11/interbotix_ws/install/interbotix_common_modules:/opt/ros/humble /usr/bin/cmake --install /home/mscrobotics2425laptop11/interbotix_ws/build/interbotix_perception_msgs
