[0.053s] Invoking command in '/home/group4/ros2_ws/build/leo_msgs': CMAKE_PREFIX_PATH=${CMAKE_PREFIX_PATH}:/home/group4/ros2_ws/install/teleop_leo:/home/group4/ros2_ws/install/real_leo:/home/group4/ros2_ws/install/my_leo:/home/group4/ros2_ws/install/gz_example_robot_description:/home/group4/ros2_ws/install/bt_demos:/home/group4/ros2_ws/install/autonomous_exploration:/home/group4/interbotix_ws/install/interbotix_xs_modules:/home/group4/interbotix_ws/install/interbotix_perception_modules:/home/group4/interbotix_ws/install/interbotix_common_modules:/opt/ros/humble /usr/bin/cmake /home/group4/ros2_ws/src/leo_common-ros2/leo_msgs -DCMAKE_INSTALL_PREFIX=/home/group4/ros2_ws/install/leo_msgs
[1.277s] -- The C compiler identification is GNU 11.4.0
[1.277s] -- The CXX compiler identification is GNU 11.4.0
[1.277s] -- Detecting C compiler ABI info
[1.277s] -- Detecting C compiler ABI info - done
[1.277s] -- Check for working C compiler: /usr/bin/cc - skipped
[1.277s] -- Detecting C compile features
[1.278s] -- Detecting C compile features - done
[1.278s] -- Detecting CXX compiler ABI info
[1.278s] -- Detecting CXX compiler ABI info - done
[1.279s] -- Check for working CXX compiler: /usr/bin/c++ - skipped
[1.279s] -- Detecting CXX compile features
[1.279s] -- Detecting CXX compile features - done
[1.279s] -- Found ament_cmake: 1.3.8 (/opt/ros/humble/share/ament_cmake/cmake)
[1.279s] -- Found Python3: /usr/bin/python3 (found version "3.10.12") found components: Interpreter 
[1.279s] -- Found rosidl_default_generators: 1.2.0 (/opt/ros/humble/share/rosidl_default_generators/cmake)
[1.280s] -- Using all available rosidl_typesupport_c: rosidl_typesupport_fastrtps_c;rosidl_typesupport_introspection_c
[1.280s] -- Found rosidl_adapter: 3.1.5 (/opt/ros/humble/share/rosidl_adapter/cmake)
[1.280s] -- Using all available rosidl_typesupport_cpp: rosidl_typesupport_fastrtps_cpp;rosidl_typesupport_introspection_cpp
[1.280s] -- Found builtin_interfaces: 1.2.1 (/opt/ros/humble/share/builtin_interfaces/cmake)
[1.280s] -- Found ament_cmake_ros: 0.10.0 (/opt/ros/humble/share/ament_cmake_ros/cmake)
[1.280s] -- Using all available rosidl_typesupport_c: rosidl_typesupport_fastrtps_c;rosidl_typesupport_introspection_c
[1.467s] -- Using all available rosidl_typesupport_cpp: rosidl_typesupport_fastrtps_cpp;rosidl_typesupport_introspection_cpp
[1.503s] -- Found PythonInterp: /usr/bin/python3 (found suitable version "3.10.12", minimum required is "3.6") 
[1.509s] -- Found python_cmake_module: 0.10.0 (/opt/ros/humble/share/python_cmake_module/cmake)
[1.559s] -- Found PythonLibs: /usr/lib/x86_64-linux-gnu/libpython3.10.so (found suitable version "3.10.12", minimum required is "3.5") 
[1.559s] -- Using PYTHON_EXECUTABLE: /usr/bin/python3
[1.560s] -- Using PYTHON_INCLUDE_DIRS: /usr/include/python3.10
[1.560s] -- Using PYTHON_LIBRARIES: /usr/lib/x86_64-linux-gnu/libpython3.10.so
[1.591s] -- Found PythonExtra: .so  
[1.662s] -- Found ament_lint_auto: 0.12.10 (/opt/ros/humble/share/ament_lint_auto/cmake)
[1.675s] -- Added test 'lint_cmake' to check CMake code style
[1.676s] -- Added test 'xmllint' to check XML markup files
[1.678s] -- Configuring done
[1.712s] -- Generating done
[1.714s] -- Build files have been written to: /home/group4/ros2_ws/build/leo_msgs
[1.722s] Invoked command in '/home/group4/ros2_ws/build/leo_msgs' returned '0': CMAKE_PREFIX_PATH=${CMAKE_PREFIX_PATH}:/home/group4/ros2_ws/install/teleop_leo:/home/group4/ros2_ws/install/real_leo:/home/group4/ros2_ws/install/my_leo:/home/group4/ros2_ws/install/gz_example_robot_description:/home/group4/ros2_ws/install/bt_demos:/home/group4/ros2_ws/install/autonomous_exploration:/home/group4/interbotix_ws/install/interbotix_xs_modules:/home/group4/interbotix_ws/install/interbotix_perception_modules:/home/group4/interbotix_ws/install/interbotix_common_modules:/opt/ros/humble /usr/bin/cmake /home/group4/ros2_ws/src/leo_common-ros2/leo_msgs -DCMAKE_INSTALL_PREFIX=/home/group4/ros2_ws/install/leo_msgs
[1.724s] Invoking command in '/home/group4/ros2_ws/build/leo_msgs': CMAKE_PREFIX_PATH=${CMAKE_PREFIX_PATH}:/home/group4/ros2_ws/install/teleop_leo:/home/group4/ros2_ws/install/real_leo:/home/group4/ros2_ws/install/my_leo:/home/group4/ros2_ws/install/gz_example_robot_description:/home/group4/ros2_ws/install/bt_demos:/home/group4/ros2_ws/install/autonomous_exploration:/home/group4/interbotix_ws/install/interbotix_xs_modules:/home/group4/interbotix_ws/install/interbotix_perception_modules:/home/group4/interbotix_ws/install/interbotix_common_modules:/opt/ros/humble /usr/bin/cmake --build /home/group4/ros2_ws/build/leo_msgs -- -j16 -l16
[1.838s] [  1%] [34m[1mGenerating C code for ROS interfaces[0m
[1.854s] [  3%] [34m[1mGenerating C++ code for ROS interfaces[0m
[1.925s] [  3%] Built target ament_cmake_python_copy_leo_msgs
[2.505s] running egg_info
[2.506s] creating leo_msgs.egg-info
[2.508s] writing leo_msgs.egg-info/PKG-INFO
[2.514s] writing dependency_links to leo_msgs.egg-info/dependency_links.txt
[2.514s] writing top-level names to leo_msgs.egg-info/top_level.txt
[2.522s] writing manifest file 'leo_msgs.egg-info/SOURCES.txt'
[2.524s] reading manifest file 'leo_msgs.egg-info/SOURCES.txt'
[2.525s] writing manifest file 'leo_msgs.egg-info/SOURCES.txt'
[2.667s] [  3%] Built target ament_cmake_python_build_leo_msgs_egg
[2.944s] [  3%] Built target leo_msgs__cpp
[2.972s] [  4%] [34m[1mGenerating C++ type support for eProsima Fast-RTPS[0m
[3.011s] [  6%] [34m[1mGenerating C++ type support dispatch for ROS interfaces[0m
[3.021s] [  7%] [34m[1mGenerating C++ introspection for ROS interfaces[0m
[3.257s] [  9%] [32mBuilding C object CMakeFiles/leo_msgs__rosidl_generator_c.dir/rosidl_generator_c/leo_msgs/msg/detail/wheel_odom__functions.c.o[0m
[3.269s] [ 11%] [32mBuilding C object CMakeFiles/leo_msgs__rosidl_generator_c.dir/rosidl_generator_c/leo_msgs/msg/detail/imu__functions.c.o[0m
[3.281s] [ 12%] [32mBuilding C object CMakeFiles/leo_msgs__rosidl_generator_c.dir/rosidl_generator_c/leo_msgs/msg/detail/wheel_odom_mecanum__functions.c.o[0m
[3.373s] [ 14%] [32mBuilding C object CMakeFiles/leo_msgs__rosidl_generator_c.dir/rosidl_generator_c/leo_msgs/msg/detail/wheel_states__functions.c.o[0m
[3.382s] [ 15%] [32mBuilding C object CMakeFiles/leo_msgs__rosidl_generator_c.dir/rosidl_generator_c/leo_msgs/srv/detail/set_imu_calibration__functions.c.o[0m
[3.552s] [ 17%] [32m[1mLinking C shared library libleo_msgs__rosidl_generator_c.so[0m
[3.669s] [ 17%] Built target leo_msgs__rosidl_generator_c
[3.694s] [ 19%] [34m[1mGenerating C introspection for ROS interfaces[0m
[3.706s] [ 20%] [34m[1mGenerating C type support for eProsima Fast-RTPS[0m
[3.723s] [ 22%] [34m[1mGenerating C type support dispatch for ROS interfaces[0m
[3.760s] [ 23%] [32mBuilding CXX object CMakeFiles/leo_msgs__rosidl_typesupport_cpp.dir/rosidl_typesupport_cpp/leo_msgs/msg/imu__type_support.cpp.o[0m
[3.788s] [ 25%] [32mBuilding CXX object CMakeFiles/leo_msgs__rosidl_typesupport_cpp.dir/rosidl_typesupport_cpp/leo_msgs/msg/wheel_odom_mecanum__type_support.cpp.o[0m
[3.790s] [ 26%] [32mBuilding CXX object CMakeFiles/leo_msgs__rosidl_typesupport_cpp.dir/rosidl_typesupport_cpp/leo_msgs/msg/wheel_odom__type_support.cpp.o[0m
[3.816s] [ 28%] [32mBuilding CXX object CMakeFiles/leo_msgs__rosidl_typesupport_cpp.dir/rosidl_typesupport_cpp/leo_msgs/msg/wheel_states__type_support.cpp.o[0m
[3.843s] [ 30%] [32mBuilding CXX object CMakeFiles/leo_msgs__rosidl_typesupport_cpp.dir/rosidl_typesupport_cpp/leo_msgs/srv/set_imu_calibration__type_support.cpp.o[0m
[3.908s] [ 31%] [32mBuilding CXX object CMakeFiles/leo_msgs__rosidl_typesupport_introspection_cpp.dir/rosidl_typesupport_introspection_cpp/leo_msgs/msg/detail/wheel_odom__type_support.cpp.o[0m
[3.910s] [ 33%] [32mBuilding CXX object CMakeFiles/leo_msgs__rosidl_typesupport_introspection_cpp.dir/rosidl_typesupport_introspection_cpp/leo_msgs/msg/detail/imu__type_support.cpp.o[0m
[3.914s] [ 34%] [32mBuilding CXX object CMakeFiles/leo_msgs__rosidl_typesupport_introspection_cpp.dir/rosidl_typesupport_introspection_cpp/leo_msgs/msg/detail/wheel_odom_mecanum__type_support.cpp.o[0m
[3.954s] [ 36%] [32mBuilding CXX object CMakeFiles/leo_msgs__rosidl_typesupport_introspection_cpp.dir/rosidl_typesupport_introspection_cpp/leo_msgs/msg/detail/wheel_states__type_support.cpp.o[0m
[3.986s] [ 38%] [32mBuilding CXX object CMakeFiles/leo_msgs__rosidl_typesupport_introspection_cpp.dir/rosidl_typesupport_introspection_cpp/leo_msgs/srv/detail/set_imu_calibration__type_support.cpp.o[0m
[4.187s] [ 41%] [32mBuilding CXX object CMakeFiles/leo_msgs__rosidl_typesupport_fastrtps_cpp.dir/rosidl_typesupport_fastrtps_cpp/leo_msgs/msg/detail/dds_fastrtps/imu__type_support.cpp.o[0m
[4.187s] [ 41%] [32mBuilding CXX object CMakeFiles/leo_msgs__rosidl_typesupport_fastrtps_cpp.dir/rosidl_typesupport_fastrtps_cpp/leo_msgs/msg/detail/dds_fastrtps/wheel_odom_mecanum__type_support.cpp.o[0m
[4.197s] [ 42%] [32mBuilding CXX object CMakeFiles/leo_msgs__rosidl_typesupport_fastrtps_cpp.dir/rosidl_typesupport_fastrtps_cpp/leo_msgs/msg/detail/dds_fastrtps/wheel_odom__type_support.cpp.o[0m
[4.215s] [ 44%] [32mBuilding CXX object CMakeFiles/leo_msgs__rosidl_typesupport_fastrtps_cpp.dir/rosidl_typesupport_fastrtps_cpp/leo_msgs/msg/detail/dds_fastrtps/wheel_states__type_support.cpp.o[0m
[4.433s] [ 46%] [32mBuilding CXX object CMakeFiles/leo_msgs__rosidl_typesupport_fastrtps_cpp.dir/rosidl_typesupport_fastrtps_cpp/leo_msgs/srv/detail/dds_fastrtps/set_imu_calibration__type_support.cpp.o[0m
[4.472s] [ 47%] [32m[1mLinking CXX shared library libleo_msgs__rosidl_typesupport_cpp.so[0m
[4.567s] [ 47%] Built target leo_msgs__rosidl_typesupport_cpp
[4.754s] [ 49%] [32mBuilding CXX object CMakeFiles/leo_msgs__rosidl_typesupport_c.dir/rosidl_typesupport_c/leo_msgs/msg/imu__type_support.cpp.o[0m
[4.802s] [ 50%] [32mBuilding CXX object CMakeFiles/leo_msgs__rosidl_typesupport_c.dir/rosidl_typesupport_c/leo_msgs/msg/wheel_odom__type_support.cpp.o[0m
[4.845s] [ 52%] [32mBuilding CXX object CMakeFiles/leo_msgs__rosidl_typesupport_c.dir/rosidl_typesupport_c/leo_msgs/srv/set_imu_calibration__type_support.cpp.o[0m
[4.851s] [ 53%] [32mBuilding CXX object CMakeFiles/leo_msgs__rosidl_typesupport_c.dir/rosidl_typesupport_c/leo_msgs/msg/wheel_odom_mecanum__type_support.cpp.o[0m
[4.863s] [ 55%] [32mBuilding CXX object CMakeFiles/leo_msgs__rosidl_typesupport_c.dir/rosidl_typesupport_c/leo_msgs/msg/wheel_states__type_support.cpp.o[0m
[4.944s] [ 57%] [32m[1mLinking CXX shared library libleo_msgs__rosidl_typesupport_c.so[0m
[5.030s] [ 57%] Built target leo_msgs__rosidl_typesupport_c
[5.240s] [ 58%] [32mBuilding CXX object CMakeFiles/leo_msgs__rosidl_typesupport_fastrtps_c.dir/rosidl_typesupport_fastrtps_c/leo_msgs/msg/detail/imu__type_support_c.cpp.o[0m
[5.270s] [ 60%] [32mBuilding CXX object CMakeFiles/leo_msgs__rosidl_typesupport_fastrtps_c.dir/rosidl_typesupport_fastrtps_c/leo_msgs/msg/detail/wheel_odom_mecanum__type_support_c.cpp.o[0m
[5.279s] [ 61%] [32mBuilding CXX object CMakeFiles/leo_msgs__rosidl_typesupport_fastrtps_c.dir/rosidl_typesupport_fastrtps_c/leo_msgs/srv/detail/set_imu_calibration__type_support_c.cpp.o[0m
[5.290s] [ 63%] [32mBuilding CXX object CMakeFiles/leo_msgs__rosidl_typesupport_fastrtps_c.dir/rosidl_typesupport_fastrtps_c/leo_msgs/msg/detail/wheel_states__type_support_c.cpp.o[0m
[5.293s] [ 65%] [32mBuilding CXX object CMakeFiles/leo_msgs__rosidl_typesupport_fastrtps_c.dir/rosidl_typesupport_fastrtps_c/leo_msgs/msg/detail/wheel_odom__type_support_c.cpp.o[0m
[5.513s] [ 66%] [32mBuilding C object CMakeFiles/leo_msgs__rosidl_typesupport_introspection_c.dir/rosidl_typesupport_introspection_c/leo_msgs/msg/detail/imu__type_support.c.o[0m
[5.522s] [ 68%] [32mBuilding C object CMakeFiles/leo_msgs__rosidl_typesupport_introspection_c.dir/rosidl_typesupport_introspection_c/leo_msgs/msg/detail/wheel_odom_mecanum__type_support.c.o[0m
[5.531s] [ 69%] [32mBuilding C object CMakeFiles/leo_msgs__rosidl_typesupport_introspection_c.dir/rosidl_typesupport_introspection_c/leo_msgs/msg/detail/wheel_odom__type_support.c.o[0m
[5.547s] [ 71%] [32mBuilding C object CMakeFiles/leo_msgs__rosidl_typesupport_introspection_c.dir/rosidl_typesupport_introspection_c/leo_msgs/srv/detail/set_imu_calibration__type_support.c.o[0m
[5.566s] [ 73%] [32mBuilding C object CMakeFiles/leo_msgs__rosidl_typesupport_introspection_c.dir/rosidl_typesupport_introspection_c/leo_msgs/msg/detail/wheel_states__type_support.c.o[0m
[5.673s] [ 74%] [32m[1mLinking CXX shared library libleo_msgs__rosidl_typesupport_fastrtps_cpp.so[0m
[5.835s] [ 77%] [32m[1mLinking CXX shared library libleo_msgs__rosidl_typesupport_introspection_cpp.so[0m
[5.835s] [ 77%] [32m[1mLinking C shared library libleo_msgs__rosidl_typesupport_introspection_c.so[0m
[5.993s] [ 77%] Built target leo_msgs__rosidl_typesupport_introspection_c
[6.010s] [ 77%] Built target leo_msgs__rosidl_typesupport_fastrtps_cpp
[6.109s] [ 77%] Built target leo_msgs__rosidl_typesupport_introspection_cpp
[6.805s] [ 79%] [32m[1mLinking CXX shared library libleo_msgs__rosidl_typesupport_fastrtps_c.so[0m
[7.042s] [ 79%] Built target leo_msgs__rosidl_typesupport_fastrtps_c
[7.150s] [ 79%] Built target leo_msgs
[7.302s] [ 80%] [34m[1mGenerating Python code for ROS interfaces[0m
[8.744s] [ 80%] Built target leo_msgs__py
[8.769s] [ 84%] [32mBuilding C object CMakeFiles/leo_msgs__rosidl_generator_py.dir/rosidl_generator_py/leo_msgs/msg/_imu_s.c.o[0m
[8.769s] [ 84%] [32mBuilding C object CMakeFiles/leo_msgs__rosidl_generator_py.dir/rosidl_generator_py/leo_msgs/msg/_wheel_odom_mecanum_s.c.o[0m
[8.770s] [ 85%] [32mBuilding C object CMakeFiles/leo_msgs__rosidl_generator_py.dir/rosidl_generator_py/leo_msgs/srv/_set_imu_calibration_s.c.o[0m
[8.770s] [ 87%] [32mBuilding C object CMakeFiles/leo_msgs__rosidl_generator_py.dir/rosidl_generator_py/leo_msgs/msg/_wheel_odom_s.c.o[0m
[8.771s] [ 88%] [32mBuilding C object CMakeFiles/leo_msgs__rosidl_generator_py.dir/rosidl_generator_py/leo_msgs/msg/_wheel_states_s.c.o[0m
[8.915s] [ 90%] [32m[1mLinking C shared library rosidl_generator_py/leo_msgs/libleo_msgs__rosidl_generator_py.so[0m
[8.950s] [ 90%] Built target leo_msgs__rosidl_generator_py
[8.970s] [ 92%] [32mBuilding C object CMakeFiles/leo_msgs__rosidl_typesupport_fastrtps_c__pyext.dir/rosidl_generator_py/leo_msgs/_leo_msgs_s.ep.rosidl_typesupport_fastrtps_c.c.o[0m
[8.973s] [ 93%] [32mBuilding C object CMakeFiles/leo_msgs__rosidl_typesupport_introspection_c__pyext.dir/rosidl_generator_py/leo_msgs/_leo_msgs_s.ep.rosidl_typesupport_introspection_c.c.o[0m
[8.974s] [ 95%] [32mBuilding C object CMakeFiles/leo_msgs__rosidl_typesupport_c__pyext.dir/rosidl_generator_py/leo_msgs/_leo_msgs_s.ep.rosidl_typesupport_c.c.o[0m
[9.073s] [ 96%] [32m[1mLinking C shared library rosidl_generator_py/leo_msgs/leo_msgs_s__rosidl_typesupport_introspection_c.cpython-310-x86_64-linux-gnu.so[0m
[9.108s] [ 96%] Built target leo_msgs__rosidl_typesupport_introspection_c__pyext
[9.108s] [ 98%] [32m[1mLinking C shared library rosidl_generator_py/leo_msgs/leo_msgs_s__rosidl_typesupport_fastrtps_c.cpython-310-x86_64-linux-gnu.so[0m
[9.119s] [100%] [32m[1mLinking C shared library rosidl_generator_py/leo_msgs/leo_msgs_s__rosidl_typesupport_c.cpython-310-x86_64-linux-gnu.so[0m
[9.141s] [100%] Built target leo_msgs__rosidl_typesupport_fastrtps_c__pyext
[9.200s] [100%] Built target leo_msgs__rosidl_typesupport_c__pyext
[9.234s] Invoked command in '/home/group4/ros2_ws/build/leo_msgs' returned '0': CMAKE_PREFIX_PATH=${CMAKE_PREFIX_PATH}:/home/group4/ros2_ws/install/teleop_leo:/home/group4/ros2_ws/install/real_leo:/home/group4/ros2_ws/install/my_leo:/home/group4/ros2_ws/install/gz_example_robot_description:/home/group4/ros2_ws/install/bt_demos:/home/group4/ros2_ws/install/autonomous_exploration:/home/group4/interbotix_ws/install/interbotix_xs_modules:/home/group4/interbotix_ws/install/interbotix_perception_modules:/home/group4/interbotix_ws/install/interbotix_common_modules:/opt/ros/humble /usr/bin/cmake --build /home/group4/ros2_ws/build/leo_msgs -- -j16 -l16
[9.594s] Invoking command in '/home/group4/ros2_ws/build/leo_msgs': CMAKE_PREFIX_PATH=${CMAKE_PREFIX_PATH}:/home/group4/ros2_ws/install/teleop_leo:/home/group4/ros2_ws/install/real_leo:/home/group4/ros2_ws/install/my_leo:/home/group4/ros2_ws/install/gz_example_robot_description:/home/group4/ros2_ws/install/bt_demos:/home/group4/ros2_ws/install/autonomous_exploration:/home/group4/interbotix_ws/install/interbotix_xs_modules:/home/group4/interbotix_ws/install/interbotix_perception_modules:/home/group4/interbotix_ws/install/interbotix_common_modules:/opt/ros/humble /usr/bin/cmake --install /home/group4/ros2_ws/build/leo_msgs
[9.603s] -- Install configuration: ""
[9.603s] -- Installing: /home/group4/ros2_ws/install/leo_msgs/share/ament_index/resource_index/rosidl_interfaces/leo_msgs
[9.603s] -- Installing: /home/group4/ros2_ws/install/leo_msgs/include/leo_msgs/leo_msgs
[9.604s] -- Installing: /home/group4/ros2_ws/install/leo_msgs/include/leo_msgs/leo_msgs/srv
[9.604s] -- Installing: /home/group4/ros2_ws/install/leo_msgs/include/leo_msgs/leo_msgs/srv/set_imu_calibration.h
[9.604s] -- Installing: /home/group4/ros2_ws/install/leo_msgs/include/leo_msgs/leo_msgs/srv/detail
[9.604s] -- Installing: /home/group4/ros2_ws/install/leo_msgs/include/leo_msgs/leo_msgs/srv/detail/set_imu_calibration__type_support.h
[9.604s] -- Installing: /home/group4/ros2_ws/install/leo_msgs/include/leo_msgs/leo_msgs/srv/detail/set_imu_calibration__functions.c
[9.604s] -- Installing: /home/group4/ros2_ws/install/leo_msgs/include/leo_msgs/leo_msgs/srv/detail/set_imu_calibration__struct.h
[9.604s] -- Installing: /home/group4/ros2_ws/install/leo_msgs/include/leo_msgs/leo_msgs/srv/detail/set_imu_calibration__functions.h
[9.604s] -- Installing: /home/group4/ros2_ws/install/leo_msgs/include/leo_msgs/leo_msgs/msg
[9.605s] -- Installing: /home/group4/ros2_ws/install/leo_msgs/include/leo_msgs/leo_msgs/msg/wheel_odom_mecanum.h
[9.605s] -- Installing: /home/group4/ros2_ws/install/leo_msgs/include/leo_msgs/leo_msgs/msg/wheel_states.h
[9.605s] -- Installing: /home/group4/ros2_ws/install/leo_msgs/include/leo_msgs/leo_msgs/msg/detail
[9.605s] -- Installing: /home/group4/ros2_ws/install/leo_msgs/include/leo_msgs/leo_msgs/msg/detail/imu__struct.h
[9.605s] -- Installing: /home/group4/ros2_ws/install/leo_msgs/include/leo_msgs/leo_msgs/msg/detail/wheel_states__functions.c
[9.605s] -- Installing: /home/group4/ros2_ws/install/leo_msgs/include/leo_msgs/leo_msgs/msg/detail/wheel_odom__functions.c
[9.605s] -- Installing: /home/group4/ros2_ws/install/leo_msgs/include/leo_msgs/leo_msgs/msg/detail/wheel_states__type_support.h
[9.605s] -- Installing: /home/group4/ros2_ws/install/leo_msgs/include/leo_msgs/leo_msgs/msg/detail/wheel_odom_mecanum__struct.h
[9.606s] -- Installing: /home/group4/ros2_ws/install/leo_msgs/include/leo_msgs/leo_msgs/msg/detail/imu__type_support.h
[9.606s] -- Installing: /home/group4/ros2_ws/install/leo_msgs/include/leo_msgs/leo_msgs/msg/detail/wheel_odom__functions.h
[9.606s] -- Installing: /home/group4/ros2_ws/install/leo_msgs/include/leo_msgs/leo_msgs/msg/detail/imu__functions.h
[9.606s] -- Installing: /home/group4/ros2_ws/install/leo_msgs/include/leo_msgs/leo_msgs/msg/detail/imu__functions.c
[9.606s] -- Installing: /home/group4/ros2_ws/install/leo_msgs/include/leo_msgs/leo_msgs/msg/detail/wheel_states__struct.h
[9.606s] -- Installing: /home/group4/ros2_ws/install/leo_msgs/include/leo_msgs/leo_msgs/msg/detail/wheel_odom_mecanum__functions.h
[9.606s] -- Installing: /home/group4/ros2_ws/install/leo_msgs/include/leo_msgs/leo_msgs/msg/detail/wheel_odom__type_support.h
[9.607s] -- Installing: /home/group4/ros2_ws/install/leo_msgs/include/leo_msgs/leo_msgs/msg/detail/wheel_odom_mecanum__type_support.h
[9.607s] -- Installing: /home/group4/ros2_ws/install/leo_msgs/include/leo_msgs/leo_msgs/msg/detail/wheel_states__functions.h
[9.607s] -- Installing: /home/group4/ros2_ws/install/leo_msgs/include/leo_msgs/leo_msgs/msg/detail/wheel_odom_mecanum__functions.c
[9.607s] -- Installing: /home/group4/ros2_ws/install/leo_msgs/include/leo_msgs/leo_msgs/msg/detail/wheel_odom__struct.h
[9.607s] -- Installing: /home/group4/ros2_ws/install/leo_msgs/include/leo_msgs/leo_msgs/msg/imu.h
[9.607s] -- Installing: /home/group4/ros2_ws/install/leo_msgs/include/leo_msgs/leo_msgs/msg/rosidl_generator_c__visibility_control.h
[9.607s] -- Installing: /home/group4/ros2_ws/install/leo_msgs/include/leo_msgs/leo_msgs/msg/wheel_odom.h
[9.607s] -- Installing: /home/group4/ros2_ws/install/leo_msgs/share/leo_msgs/environment/library_path.sh
[9.607s] -- Installing: /home/group4/ros2_ws/install/leo_msgs/share/leo_msgs/environment/library_path.dsv
[9.608s] -- Installing: /home/group4/ros2_ws/install/leo_msgs/lib/libleo_msgs__rosidl_generator_c.so
[9.608s] -- Set runtime path of "/home/group4/ros2_ws/install/leo_msgs/lib/libleo_msgs__rosidl_generator_c.so" to ""
[9.608s] -- Up-to-date: /home/group4/ros2_ws/install/leo_msgs/include/leo_msgs/leo_msgs
[9.608s] -- Up-to-date: /home/group4/ros2_ws/install/leo_msgs/include/leo_msgs/leo_msgs/srv
[9.608s] -- Up-to-date: /home/group4/ros2_ws/install/leo_msgs/include/leo_msgs/leo_msgs/srv/detail
[9.608s] -- Installing: /home/group4/ros2_ws/install/leo_msgs/include/leo_msgs/leo_msgs/srv/detail/set_imu_calibration__rosidl_typesupport_fastrtps_c.h
[9.608s] -- Up-to-date: /home/group4/ros2_ws/install/leo_msgs/include/leo_msgs/leo_msgs/msg
[9.608s] -- Up-to-date: /home/group4/ros2_ws/install/leo_msgs/include/leo_msgs/leo_msgs/msg/detail
[9.609s] -- Installing: /home/group4/ros2_ws/install/leo_msgs/include/leo_msgs/leo_msgs/msg/detail/wheel_odom__rosidl_typesupport_fastrtps_c.h
[9.609s] -- Installing: /home/group4/ros2_ws/install/leo_msgs/include/leo_msgs/leo_msgs/msg/detail/imu__rosidl_typesupport_fastrtps_c.h
[9.609s] -- Installing: /home/group4/ros2_ws/install/leo_msgs/include/leo_msgs/leo_msgs/msg/detail/wheel_odom_mecanum__rosidl_typesupport_fastrtps_c.h
[9.609s] -- Installing: /home/group4/ros2_ws/install/leo_msgs/include/leo_msgs/leo_msgs/msg/detail/wheel_states__rosidl_typesupport_fastrtps_c.h
[9.609s] -- Installing: /home/group4/ros2_ws/install/leo_msgs/include/leo_msgs/leo_msgs/msg/rosidl_typesupport_fastrtps_c__visibility_control.h
[9.609s] -- Installing: /home/group4/ros2_ws/install/leo_msgs/lib/libleo_msgs__rosidl_typesupport_fastrtps_c.so
[9.609s] -- Set runtime path of "/home/group4/ros2_ws/install/leo_msgs/lib/libleo_msgs__rosidl_typesupport_fastrtps_c.so" to ""
[9.609s] -- Up-to-date: /home/group4/ros2_ws/install/leo_msgs/include/leo_msgs/leo_msgs
[9.609s] -- Up-to-date: /home/group4/ros2_ws/install/leo_msgs/include/leo_msgs/leo_msgs/srv
[9.609s] -- Up-to-date: /home/group4/ros2_ws/install/leo_msgs/include/leo_msgs/leo_msgs/srv/detail
[9.610s] -- Installing: /home/group4/ros2_ws/install/leo_msgs/include/leo_msgs/leo_msgs/srv/detail/set_imu_calibration__type_support.c
[9.610s] -- Installing: /home/group4/ros2_ws/install/leo_msgs/include/leo_msgs/leo_msgs/srv/detail/set_imu_calibration__rosidl_typesupport_introspection_c.h
[9.610s] -- Up-to-date: /home/group4/ros2_ws/install/leo_msgs/include/leo_msgs/leo_msgs/msg
[9.610s] -- Installing: /home/group4/ros2_ws/install/leo_msgs/include/leo_msgs/leo_msgs/msg/rosidl_typesupport_introspection_c__visibility_control.h
[9.610s] -- Up-to-date: /home/group4/ros2_ws/install/leo_msgs/include/leo_msgs/leo_msgs/msg/detail
[9.610s] -- Installing: /home/group4/ros2_ws/install/leo_msgs/include/leo_msgs/leo_msgs/msg/detail/wheel_odom_mecanum__rosidl_typesupport_introspection_c.h
[9.610s] -- Installing: /home/group4/ros2_ws/install/leo_msgs/include/leo_msgs/leo_msgs/msg/detail/wheel_odom_mecanum__type_support.c
[9.610s] -- Installing: /home/group4/ros2_ws/install/leo_msgs/include/leo_msgs/leo_msgs/msg/detail/wheel_odom__rosidl_typesupport_introspection_c.h
[9.610s] -- Installing: /home/group4/ros2_ws/install/leo_msgs/include/leo_msgs/leo_msgs/msg/detail/imu__type_support.c
[9.610s] -- Installing: /home/group4/ros2_ws/install/leo_msgs/include/leo_msgs/leo_msgs/msg/detail/wheel_odom__type_support.c
[9.610s] -- Installing: /home/group4/ros2_ws/install/leo_msgs/include/leo_msgs/leo_msgs/msg/detail/wheel_states__type_support.c
[9.610s] -- Installing: /home/group4/ros2_ws/install/leo_msgs/include/leo_msgs/leo_msgs/msg/detail/wheel_states__rosidl_typesupport_introspection_c.h
[9.610s] -- Installing: /home/group4/ros2_ws/install/leo_msgs/include/leo_msgs/leo_msgs/msg/detail/imu__rosidl_typesupport_introspection_c.h
[9.611s] -- Installing: /home/group4/ros2_ws/install/leo_msgs/lib/libleo_msgs__rosidl_typesupport_introspection_c.so
[9.611s] -- Set runtime path of "/home/group4/ros2_ws/install/leo_msgs/lib/libleo_msgs__rosidl_typesupport_introspection_c.so" to ""
[9.611s] -- Installing: /home/group4/ros2_ws/install/leo_msgs/lib/libleo_msgs__rosidl_typesupport_c.so
[9.611s] -- Set runtime path of "/home/group4/ros2_ws/install/leo_msgs/lib/libleo_msgs__rosidl_typesupport_c.so" to ""
[9.611s] -- Up-to-date: /home/group4/ros2_ws/install/leo_msgs/include/leo_msgs/leo_msgs
[9.611s] -- Up-to-date: /home/group4/ros2_ws/install/leo_msgs/include/leo_msgs/leo_msgs/srv
[9.611s] -- Up-to-date: /home/group4/ros2_ws/install/leo_msgs/include/leo_msgs/leo_msgs/srv/detail
[9.611s] -- Installing: /home/group4/ros2_ws/install/leo_msgs/include/leo_msgs/leo_msgs/srv/detail/set_imu_calibration__builder.hpp
[9.612s] -- Installing: /home/group4/ros2_ws/install/leo_msgs/include/leo_msgs/leo_msgs/srv/detail/set_imu_calibration__traits.hpp
[9.612s] -- Installing: /home/group4/ros2_ws/install/leo_msgs/include/leo_msgs/leo_msgs/srv/detail/set_imu_calibration__struct.hpp
[9.612s] -- Installing: /home/group4/ros2_ws/install/leo_msgs/include/leo_msgs/leo_msgs/srv/set_imu_calibration.hpp
[9.612s] -- Up-to-date: /home/group4/ros2_ws/install/leo_msgs/include/leo_msgs/leo_msgs/msg
[9.612s] -- Installing: /home/group4/ros2_ws/install/leo_msgs/include/leo_msgs/leo_msgs/msg/imu.hpp
[9.612s] -- Installing: /home/group4/ros2_ws/install/leo_msgs/include/leo_msgs/leo_msgs/msg/wheel_odom_mecanum.hpp
[9.612s] -- Installing: /home/group4/ros2_ws/install/leo_msgs/include/leo_msgs/leo_msgs/msg/wheel_odom.hpp
[9.612s] -- Up-to-date: /home/group4/ros2_ws/install/leo_msgs/include/leo_msgs/leo_msgs/msg/detail
[9.612s] -- Installing: /home/group4/ros2_ws/install/leo_msgs/include/leo_msgs/leo_msgs/msg/detail/imu__builder.hpp
[9.612s] -- Installing: /home/group4/ros2_ws/install/leo_msgs/include/leo_msgs/leo_msgs/msg/detail/wheel_odom__struct.hpp
[9.612s] -- Installing: /home/group4/ros2_ws/install/leo_msgs/include/leo_msgs/leo_msgs/msg/detail/wheel_states__traits.hpp
[9.612s] -- Installing: /home/group4/ros2_ws/install/leo_msgs/include/leo_msgs/leo_msgs/msg/detail/wheel_states__struct.hpp
[9.612s] -- Installing: /home/group4/ros2_ws/install/leo_msgs/include/leo_msgs/leo_msgs/msg/detail/wheel_odom_mecanum__struct.hpp
[9.612s] -- Installing: /home/group4/ros2_ws/install/leo_msgs/include/leo_msgs/leo_msgs/msg/detail/wheel_odom_mecanum__traits.hpp
[9.613s] -- Installing: /home/group4/ros2_ws/install/leo_msgs/include/leo_msgs/leo_msgs/msg/detail/wheel_odom__builder.hpp
[9.613s] -- Installing: /home/group4/ros2_ws/install/leo_msgs/include/leo_msgs/leo_msgs/msg/detail/wheel_states__builder.hpp
[9.613s] -- Installing: /home/group4/ros2_ws/install/leo_msgs/include/leo_msgs/leo_msgs/msg/detail/wheel_odom__traits.hpp
[9.613s] -- Installing: /home/group4/ros2_ws/install/leo_msgs/include/leo_msgs/leo_msgs/msg/detail/imu__traits.hpp
[9.613s] -- Installing: /home/group4/ros2_ws/install/leo_msgs/include/leo_msgs/leo_msgs/msg/detail/imu__struct.hpp
[9.613s] -- Installing: /home/group4/ros2_ws/install/leo_msgs/include/leo_msgs/leo_msgs/msg/detail/wheel_odom_mecanum__builder.hpp
[9.613s] -- Installing: /home/group4/ros2_ws/install/leo_msgs/include/leo_msgs/leo_msgs/msg/wheel_states.hpp
[9.613s] -- Up-to-date: /home/group4/ros2_ws/install/leo_msgs/include/leo_msgs/leo_msgs
[9.613s] -- Up-to-date: /home/group4/ros2_ws/install/leo_msgs/include/leo_msgs/leo_msgs/srv
[9.613s] -- Up-to-date: /home/group4/ros2_ws/install/leo_msgs/include/leo_msgs/leo_msgs/srv/detail
[9.614s] -- Installing: /home/group4/ros2_ws/install/leo_msgs/include/leo_msgs/leo_msgs/srv/detail/set_imu_calibration__rosidl_typesupport_fastrtps_cpp.hpp
[9.614s] -- Installing: /home/group4/ros2_ws/install/leo_msgs/include/leo_msgs/leo_msgs/srv/detail/dds_fastrtps
[9.614s] -- Up-to-date: /home/group4/ros2_ws/install/leo_msgs/include/leo_msgs/leo_msgs/msg
[9.614s] -- Installing: /home/group4/ros2_ws/install/leo_msgs/include/leo_msgs/leo_msgs/msg/rosidl_typesupport_fastrtps_cpp__visibility_control.h
[9.614s] -- Up-to-date: /home/group4/ros2_ws/install/leo_msgs/include/leo_msgs/leo_msgs/msg/detail
[9.614s] -- Installing: /home/group4/ros2_ws/install/leo_msgs/include/leo_msgs/leo_msgs/msg/detail/wheel_odom__rosidl_typesupport_fastrtps_cpp.hpp
[9.614s] -- Installing: /home/group4/ros2_ws/install/leo_msgs/include/leo_msgs/leo_msgs/msg/detail/imu__rosidl_typesupport_fastrtps_cpp.hpp
[9.614s] -- Installing: /home/group4/ros2_ws/install/leo_msgs/include/leo_msgs/leo_msgs/msg/detail/wheel_states__rosidl_typesupport_fastrtps_cpp.hpp
[9.614s] -- Installing: /home/group4/ros2_ws/install/leo_msgs/include/leo_msgs/leo_msgs/msg/detail/dds_fastrtps
[9.614s] -- Installing: /home/group4/ros2_ws/install/leo_msgs/include/leo_msgs/leo_msgs/msg/detail/wheel_odom_mecanum__rosidl_typesupport_fastrtps_cpp.hpp
[9.615s] -- Installing: /home/group4/ros2_ws/install/leo_msgs/lib/libleo_msgs__rosidl_typesupport_fastrtps_cpp.so
[9.615s] -- Set runtime path of "/home/group4/ros2_ws/install/leo_msgs/lib/libleo_msgs__rosidl_typesupport_fastrtps_cpp.so" to ""
[9.615s] -- Up-to-date: /home/group4/ros2_ws/install/leo_msgs/include/leo_msgs/leo_msgs
[9.615s] -- Up-to-date: /home/group4/ros2_ws/install/leo_msgs/include/leo_msgs/leo_msgs/srv
[9.615s] -- Up-to-date: /home/group4/ros2_ws/install/leo_msgs/include/leo_msgs/leo_msgs/srv/detail
[9.615s] -- Installing: /home/group4/ros2_ws/install/leo_msgs/include/leo_msgs/leo_msgs/srv/detail/set_imu_calibration__type_support.cpp
[9.616s] -- Installing: /home/group4/ros2_ws/install/leo_msgs/include/leo_msgs/leo_msgs/srv/detail/set_imu_calibration__rosidl_typesupport_introspection_cpp.hpp
[9.616s] -- Up-to-date: /home/group4/ros2_ws/install/leo_msgs/include/leo_msgs/leo_msgs/msg
[9.616s] -- Up-to-date: /home/group4/ros2_ws/install/leo_msgs/include/leo_msgs/leo_msgs/msg/detail
[9.616s] -- Installing: /home/group4/ros2_ws/install/leo_msgs/include/leo_msgs/leo_msgs/msg/detail/imu__type_support.cpp
[9.617s] -- Installing: /home/group4/ros2_ws/install/leo_msgs/include/leo_msgs/leo_msgs/msg/detail/wheel_odom__type_support.cpp
[9.617s] -- Installing: /home/group4/ros2_ws/install/leo_msgs/include/leo_msgs/leo_msgs/msg/detail/wheel_odom_mecanum__type_support.cpp
[9.617s] -- Installing: /home/group4/ros2_ws/install/leo_msgs/include/leo_msgs/leo_msgs/msg/detail/wheel_odom__rosidl_typesupport_introspection_cpp.hpp
[9.618s] -- Installing: /home/group4/ros2_ws/install/leo_msgs/include/leo_msgs/leo_msgs/msg/detail/imu__rosidl_typesupport_introspection_cpp.hpp
[9.618s] -- Installing: /home/group4/ros2_ws/install/leo_msgs/include/leo_msgs/leo_msgs/msg/detail/wheel_odom_mecanum__rosidl_typesupport_introspection_cpp.hpp
[9.618s] -- Installing: /home/group4/ros2_ws/install/leo_msgs/include/leo_msgs/leo_msgs/msg/detail/wheel_states__rosidl_typesupport_introspection_cpp.hpp
[9.618s] -- Installing: /home/group4/ros2_ws/install/leo_msgs/include/leo_msgs/leo_msgs/msg/detail/wheel_states__type_support.cpp
[9.618s] -- Installing: /home/group4/ros2_ws/install/leo_msgs/lib/libleo_msgs__rosidl_typesupport_introspection_cpp.so
[9.618s] -- Set runtime path of "/home/group4/ros2_ws/install/leo_msgs/lib/libleo_msgs__rosidl_typesupport_introspection_cpp.so" to ""
[9.618s] -- Installing: /home/group4/ros2_ws/install/leo_msgs/lib/libleo_msgs__rosidl_typesupport_cpp.so
[9.618s] -- Set runtime path of "/home/group4/ros2_ws/install/leo_msgs/lib/libleo_msgs__rosidl_typesupport_cpp.so" to ""
[9.618s] -- Installing: /home/group4/ros2_ws/install/leo_msgs/share/leo_msgs/environment/pythonpath.sh
[9.619s] -- Installing: /home/group4/ros2_ws/install/leo_msgs/share/leo_msgs/environment/pythonpath.dsv
[9.619s] -- Installing: /home/group4/ros2_ws/install/leo_msgs/local/lib/python3.10/dist-packages/leo_msgs-1.2.1-py3.10.egg-info
[9.619s] -- Installing: /home/group4/ros2_ws/install/leo_msgs/local/lib/python3.10/dist-packages/leo_msgs-1.2.1-py3.10.egg-info/dependency_links.txt
[9.619s] -- Installing: /home/group4/ros2_ws/install/leo_msgs/local/lib/python3.10/dist-packages/leo_msgs-1.2.1-py3.10.egg-info/SOURCES.txt
[9.619s] -- Installing: /home/group4/ros2_ws/install/leo_msgs/local/lib/python3.10/dist-packages/leo_msgs-1.2.1-py3.10.egg-info/PKG-INFO
[9.619s] -- Installing: /home/group4/ros2_ws/install/leo_msgs/local/lib/python3.10/dist-packages/leo_msgs-1.2.1-py3.10.egg-info/top_level.txt
[9.619s] -- Installing: /home/group4/ros2_ws/install/leo_msgs/local/lib/python3.10/dist-packages/leo_msgs
[9.619s] -- Installing: /home/group4/ros2_ws/install/leo_msgs/local/lib/python3.10/dist-packages/leo_msgs/_leo_msgs_s.ep.rosidl_typesupport_introspection_c.c
[9.619s] -- Installing: /home/group4/ros2_ws/install/leo_msgs/local/lib/python3.10/dist-packages/leo_msgs/srv
[9.619s] -- Installing: /home/group4/ros2_ws/install/leo_msgs/local/lib/python3.10/dist-packages/leo_msgs/srv/_set_imu_calibration_s.c
[9.619s] -- Installing: /home/group4/ros2_ws/install/leo_msgs/local/lib/python3.10/dist-packages/leo_msgs/srv/__init__.py
[9.619s] -- Installing: /home/group4/ros2_ws/install/leo_msgs/local/lib/python3.10/dist-packages/leo_msgs/srv/_set_imu_calibration.py
[9.620s] -- Installing: /home/group4/ros2_ws/install/leo_msgs/local/lib/python3.10/dist-packages/leo_msgs/leo_msgs_s__rosidl_typesupport_fastrtps_c.cpython-310-x86_64-linux-gnu.so
[9.620s] -- Installing: /home/group4/ros2_ws/install/leo_msgs/local/lib/python3.10/dist-packages/leo_msgs/libleo_msgs__rosidl_generator_py.so
[9.620s] -- Installing: /home/group4/ros2_ws/install/leo_msgs/local/lib/python3.10/dist-packages/leo_msgs/_leo_msgs_s.ep.rosidl_typesupport_c.c
[9.620s] -- Installing: /home/group4/ros2_ws/install/leo_msgs/local/lib/python3.10/dist-packages/leo_msgs/leo_msgs_s__rosidl_typesupport_introspection_c.cpython-310-x86_64-linux-gnu.so
[9.620s] -- Installing: /home/group4/ros2_ws/install/leo_msgs/local/lib/python3.10/dist-packages/leo_msgs/__init__.py
[9.620s] -- Installing: /home/group4/ros2_ws/install/leo_msgs/local/lib/python3.10/dist-packages/leo_msgs/msg
[9.620s] -- Installing: /home/group4/ros2_ws/install/leo_msgs/local/lib/python3.10/dist-packages/leo_msgs/msg/_imu.py
[9.620s] -- Installing: /home/group4/ros2_ws/install/leo_msgs/local/lib/python3.10/dist-packages/leo_msgs/msg/_wheel_states.py
[9.620s] -- Installing: /home/group4/ros2_ws/install/leo_msgs/local/lib/python3.10/dist-packages/leo_msgs/msg/__init__.py
[9.621s] -- Installing: /home/group4/ros2_ws/install/leo_msgs/local/lib/python3.10/dist-packages/leo_msgs/msg/_wheel_states_s.c
[9.621s] -- Installing: /home/group4/ros2_ws/install/leo_msgs/local/lib/python3.10/dist-packages/leo_msgs/msg/_imu_s.c
[9.621s] -- Installing: /home/group4/ros2_ws/install/leo_msgs/local/lib/python3.10/dist-packages/leo_msgs/msg/_wheel_odom_s.c
[9.621s] -- Installing: /home/group4/ros2_ws/install/leo_msgs/local/lib/python3.10/dist-packages/leo_msgs/msg/_wheel_odom.py
[9.621s] -- Installing: /home/group4/ros2_ws/install/leo_msgs/local/lib/python3.10/dist-packages/leo_msgs/msg/_wheel_odom_mecanum_s.c
[9.621s] -- Installing: /home/group4/ros2_ws/install/leo_msgs/local/lib/python3.10/dist-packages/leo_msgs/msg/_wheel_odom_mecanum.py
[9.621s] -- Installing: /home/group4/ros2_ws/install/leo_msgs/local/lib/python3.10/dist-packages/leo_msgs/leo_msgs_s__rosidl_typesupport_c.cpython-310-x86_64-linux-gnu.so
[9.621s] -- Installing: /home/group4/ros2_ws/install/leo_msgs/local/lib/python3.10/dist-packages/leo_msgs/_leo_msgs_s.ep.rosidl_typesupport_fastrtps_c.c
[9.681s] Listing '/home/group4/ros2_ws/install/leo_msgs/local/lib/python3.10/dist-packages/leo_msgs'...
[9.682s] Compiling '/home/group4/ros2_ws/install/leo_msgs/local/lib/python3.10/dist-packages/leo_msgs/__init__.py'...
[9.682s] Listing '/home/group4/ros2_ws/install/leo_msgs/local/lib/python3.10/dist-packages/leo_msgs/msg'...
[9.682s] Compiling '/home/group4/ros2_ws/install/leo_msgs/local/lib/python3.10/dist-packages/leo_msgs/msg/__init__.py'...
[9.682s] Compiling '/home/group4/ros2_ws/install/leo_msgs/local/lib/python3.10/dist-packages/leo_msgs/msg/_imu.py'...
[9.682s] Compiling '/home/group4/ros2_ws/install/leo_msgs/local/lib/python3.10/dist-packages/leo_msgs/msg/_wheel_odom.py'...
[9.682s] Compiling '/home/group4/ros2_ws/install/leo_msgs/local/lib/python3.10/dist-packages/leo_msgs/msg/_wheel_odom_mecanum.py'...
[9.682s] Compiling '/home/group4/ros2_ws/install/leo_msgs/local/lib/python3.10/dist-packages/leo_msgs/msg/_wheel_states.py'...
[9.682s] Listing '/home/group4/ros2_ws/install/leo_msgs/local/lib/python3.10/dist-packages/leo_msgs/srv'...
[9.682s] Compiling '/home/group4/ros2_ws/install/leo_msgs/local/lib/python3.10/dist-packages/leo_msgs/srv/__init__.py'...
[9.682s] Compiling '/home/group4/ros2_ws/install/leo_msgs/local/lib/python3.10/dist-packages/leo_msgs/srv/_set_imu_calibration.py'...
[9.690s] -- Installing: /home/group4/ros2_ws/install/leo_msgs/local/lib/python3.10/dist-packages/leo_msgs/leo_msgs_s__rosidl_typesupport_fastrtps_c.cpython-310-x86_64-linux-gnu.so
[9.691s] -- Set runtime path of "/home/group4/ros2_ws/install/leo_msgs/local/lib/python3.10/dist-packages/leo_msgs/leo_msgs_s__rosidl_typesupport_fastrtps_c.cpython-310-x86_64-linux-gnu.so" to ""
[9.691s] -- Installing: /home/group4/ros2_ws/install/leo_msgs/local/lib/python3.10/dist-packages/leo_msgs/leo_msgs_s__rosidl_typesupport_introspection_c.cpython-310-x86_64-linux-gnu.so
[9.692s] -- Set runtime path of "/home/group4/ros2_ws/install/leo_msgs/local/lib/python3.10/dist-packages/leo_msgs/leo_msgs_s__rosidl_typesupport_introspection_c.cpython-310-x86_64-linux-gnu.so" to ""
[9.692s] -- Installing: /home/group4/ros2_ws/install/leo_msgs/local/lib/python3.10/dist-packages/leo_msgs/leo_msgs_s__rosidl_typesupport_c.cpython-310-x86_64-linux-gnu.so
[9.693s] -- Set runtime path of "/home/group4/ros2_ws/install/leo_msgs/local/lib/python3.10/dist-packages/leo_msgs/leo_msgs_s__rosidl_typesupport_c.cpython-310-x86_64-linux-gnu.so" to ""
[9.693s] -- Installing: /home/group4/ros2_ws/install/leo_msgs/lib/libleo_msgs__rosidl_generator_py.so
[9.696s] -- Set runtime path of "/home/group4/ros2_ws/install/leo_msgs/lib/libleo_msgs__rosidl_generator_py.so" to ""
[9.696s] -- Installing: /home/group4/ros2_ws/install/leo_msgs/share/leo_msgs/msg/Imu.idl
[9.696s] -- Installing: /home/group4/ros2_ws/install/leo_msgs/share/leo_msgs/msg/WheelOdom.idl
[9.697s] -- Installing: /home/group4/ros2_ws/install/leo_msgs/share/leo_msgs/msg/WheelOdomMecanum.idl
[9.697s] -- Installing: /home/group4/ros2_ws/install/leo_msgs/share/leo_msgs/msg/WheelStates.idl
[9.697s] -- Installing: /home/group4/ros2_ws/install/leo_msgs/share/leo_msgs/srv/SetImuCalibration.idl
[9.697s] -- Installing: /home/group4/ros2_ws/install/leo_msgs/share/leo_msgs/msg/Imu.msg
[9.698s] -- Installing: /home/group4/ros2_ws/install/leo_msgs/share/leo_msgs/msg/WheelOdom.msg
[9.698s] -- Installing: /home/group4/ros2_ws/install/leo_msgs/share/leo_msgs/msg/WheelOdomMecanum.msg
[9.698s] -- Installing: /home/group4/ros2_ws/install/leo_msgs/share/leo_msgs/msg/WheelStates.msg
[9.698s] -- Installing: /home/group4/ros2_ws/install/leo_msgs/share/leo_msgs/srv/SetImuCalibration.srv
[9.699s] -- Installing: /home/group4/ros2_ws/install/leo_msgs/share/leo_msgs/srv/SetImuCalibration_Request.msg
[9.699s] -- Installing: /home/group4/ros2_ws/install/leo_msgs/share/leo_msgs/srv/SetImuCalibration_Response.msg
[9.699s] -- Installing: /home/group4/ros2_ws/install/leo_msgs/share/ament_index/resource_index/package_run_dependencies/leo_msgs
[9.699s] -- Installing: /home/group4/ros2_ws/install/leo_msgs/share/ament_index/resource_index/parent_prefix_path/leo_msgs
[9.699s] -- Installing: /home/group4/ros2_ws/install/leo_msgs/share/leo_msgs/environment/ament_prefix_path.sh
[9.700s] -- Installing: /home/group4/ros2_ws/install/leo_msgs/share/leo_msgs/environment/ament_prefix_path.dsv
[9.700s] -- Installing: /home/group4/ros2_ws/install/leo_msgs/share/leo_msgs/environment/path.sh
[9.700s] -- Installing: /home/group4/ros2_ws/install/leo_msgs/share/leo_msgs/environment/path.dsv
[9.700s] -- Installing: /home/group4/ros2_ws/install/leo_msgs/share/leo_msgs/local_setup.bash
[9.701s] -- Installing: /home/group4/ros2_ws/install/leo_msgs/share/leo_msgs/local_setup.sh
[9.701s] -- Installing: /home/group4/ros2_ws/install/leo_msgs/share/leo_msgs/local_setup.zsh
[9.701s] -- Installing: /home/group4/ros2_ws/install/leo_msgs/share/leo_msgs/local_setup.dsv
[9.702s] -- Installing: /home/group4/ros2_ws/install/leo_msgs/share/leo_msgs/package.dsv
[9.702s] -- Installing: /home/group4/ros2_ws/install/leo_msgs/share/ament_index/resource_index/packages/leo_msgs
[9.702s] -- Installing: /home/group4/ros2_ws/install/leo_msgs/share/leo_msgs/cmake/export_leo_msgs__rosidl_generator_cExport.cmake
[9.702s] -- Installing: /home/group4/ros2_ws/install/leo_msgs/share/leo_msgs/cmake/export_leo_msgs__rosidl_generator_cExport-noconfig.cmake
[9.703s] -- Installing: /home/group4/ros2_ws/install/leo_msgs/share/leo_msgs/cmake/export_leo_msgs__rosidl_typesupport_fastrtps_cExport.cmake
[9.703s] -- Installing: /home/group4/ros2_ws/install/leo_msgs/share/leo_msgs/cmake/export_leo_msgs__rosidl_typesupport_fastrtps_cExport-noconfig.cmake
[9.703s] -- Installing: /home/group4/ros2_ws/install/leo_msgs/share/leo_msgs/cmake/leo_msgs__rosidl_typesupport_introspection_cExport.cmake
[9.703s] -- Installing: /home/group4/ros2_ws/install/leo_msgs/share/leo_msgs/cmake/leo_msgs__rosidl_typesupport_introspection_cExport-noconfig.cmake
[9.704s] -- Installing: /home/group4/ros2_ws/install/leo_msgs/share/leo_msgs/cmake/leo_msgs__rosidl_typesupport_cExport.cmake
[9.704s] -- Installing: /home/group4/ros2_ws/install/leo_msgs/share/leo_msgs/cmake/leo_msgs__rosidl_typesupport_cExport-noconfig.cmake
[9.704s] -- Installing: /home/group4/ros2_ws/install/leo_msgs/share/leo_msgs/cmake/export_leo_msgs__rosidl_generator_cppExport.cmake
[9.704s] -- Installing: /home/group4/ros2_ws/install/leo_msgs/share/leo_msgs/cmake/export_leo_msgs__rosidl_typesupport_fastrtps_cppExport.cmake
[9.704s] -- Installing: /home/group4/ros2_ws/install/leo_msgs/share/leo_msgs/cmake/export_leo_msgs__rosidl_typesupport_fastrtps_cppExport-noconfig.cmake
[9.705s] -- Installing: /home/group4/ros2_ws/install/leo_msgs/share/leo_msgs/cmake/leo_msgs__rosidl_typesupport_introspection_cppExport.cmake
[9.705s] -- Installing: /home/group4/ros2_ws/install/leo_msgs/share/leo_msgs/cmake/leo_msgs__rosidl_typesupport_introspection_cppExport-noconfig.cmake
[9.705s] -- Installing: /home/group4/ros2_ws/install/leo_msgs/share/leo_msgs/cmake/leo_msgs__rosidl_typesupport_cppExport.cmake
[9.705s] -- Installing: /home/group4/ros2_ws/install/leo_msgs/share/leo_msgs/cmake/leo_msgs__rosidl_typesupport_cppExport-noconfig.cmake
[9.706s] -- Installing: /home/group4/ros2_ws/install/leo_msgs/share/leo_msgs/cmake/export_leo_msgs__rosidl_generator_pyExport.cmake
[9.706s] -- Installing: /home/group4/ros2_ws/install/leo_msgs/share/leo_msgs/cmake/export_leo_msgs__rosidl_generator_pyExport-noconfig.cmake
[9.706s] -- Installing: /home/group4/ros2_ws/install/leo_msgs/share/leo_msgs/cmake/rosidl_cmake-extras.cmake
[9.706s] -- Installing: /home/group4/ros2_ws/install/leo_msgs/share/leo_msgs/cmake/ament_cmake_export_dependencies-extras.cmake
[9.706s] -- Installing: /home/group4/ros2_ws/install/leo_msgs/share/leo_msgs/cmake/ament_cmake_export_include_directories-extras.cmake
[9.707s] -- Installing: /home/group4/ros2_ws/install/leo_msgs/share/leo_msgs/cmake/ament_cmake_export_libraries-extras.cmake
[9.707s] -- Installing: /home/group4/ros2_ws/install/leo_msgs/share/leo_msgs/cmake/ament_cmake_export_targets-extras.cmake
[9.707s] -- Installing: /home/group4/ros2_ws/install/leo_msgs/share/leo_msgs/cmake/rosidl_cmake_export_typesupport_targets-extras.cmake
[9.707s] -- Installing: /home/group4/ros2_ws/install/leo_msgs/share/leo_msgs/cmake/rosidl_cmake_export_typesupport_libraries-extras.cmake
[9.708s] -- Installing: /home/group4/ros2_ws/install/leo_msgs/share/leo_msgs/cmake/leo_msgsConfig.cmake
[9.708s] -- Installing: /home/group4/ros2_ws/install/leo_msgs/share/leo_msgs/cmake/leo_msgsConfig-version.cmake
[9.708s] -- Installing: /home/group4/ros2_ws/install/leo_msgs/share/leo_msgs/package.xml
[9.727s] Invoked command in '/home/group4/ros2_ws/build/leo_msgs' returned '0': CMAKE_PREFIX_PATH=${CMAKE_PREFIX_PATH}:/home/group4/ros2_ws/install/teleop_leo:/home/group4/ros2_ws/install/real_leo:/home/group4/ros2_ws/install/my_leo:/home/group4/ros2_ws/install/gz_example_robot_description:/home/group4/ros2_ws/install/bt_demos:/home/group4/ros2_ws/install/autonomous_exploration:/home/group4/interbotix_ws/install/interbotix_xs_modules:/home/group4/interbotix_ws/install/interbotix_perception_modules:/home/group4/interbotix_ws/install/interbotix_common_modules:/opt/ros/humble /usr/bin/cmake --install /home/group4/ros2_ws/build/leo_msgs
