/home/group4/ros2_ws/install/gz_example_robot_description/lib/python3.10/site-packages/gz_example_robot_description/__init__.py
/home/group4/ros2_ws/install/gz_example_robot_description/lib/python3.10/site-packages/gz_example_robot_description/__pycache__/__init__.cpython-310.pyc
/home/group4/ros2_ws/install/gz_example_robot_description/share/ament_index/resource_index/packages/gz_example_robot_description
/home/group4/ros2_ws/install/gz_example_robot_description/share/gz_example_robot_description/package.xml
/home/group4/ros2_ws/install/gz_example_robot_description/share/gz_example_robot_description/launch/view_model.launch.py
/home/group4/ros2_ws/install/gz_example_robot_description/share/gz_example_robot_description/launch/sim_robot.launch.py
/home/group4/ros2_ws/install/gz_example_robot_description/share/gz_example_robot_description/urdf/diff_drive.urdf
/home/group4/ros2_ws/install/gz_example_robot_description/share/gz_example_robot_description/urdf/diff_drive_simulation copy.urdf
/home/group4/ros2_ws/install/gz_example_robot_description/share/gz_example_robot_description/urdf/diff_drive_simulation.urdf.xacro
/home/group4/ros2_ws/install/gz_example_robot_description/share/gz_example_robot_description/rviz/nav2.rviz
/home/group4/ros2_ws/install/gz_example_robot_description/share/gz_example_robot_description/rviz/view_model.rviz
/home/group4/ros2_ws/install/gz_example_robot_description/share/gz_example_robot_description/worlds/tb3.sdf
/home/group4/ros2_ws/install/gz_example_robot_description/share/gz_example_robot_description/worlds/gemstone.sdf
/home/group4/ros2_ws/install/gz_example_robot_description/share/gz_example_robot_description/worlds/wall.dae
/home/group4/ros2_ws/install/gz_example_robot_description/share/gz_example_robot_description/worlds/hexagon.dae
/home/group4/ros2_ws/install/gz_example_robot_description/share/gz_example_robot_description/config/diff_drive_control.yaml
/home/group4/ros2_ws/install/gz_example_robot_description/share/gz_example_robot_description/maps/turtlebot3_world.pgm
/home/group4/ros2_ws/install/gz_example_robot_description/lib/python3.10/site-packages/gz_example_robot_description-0.0.0-py3.10.egg-info/dependency_links.txt
/home/group4/ros2_ws/install/gz_example_robot_description/lib/python3.10/site-packages/gz_example_robot_description-0.0.0-py3.10.egg-info/entry_points.txt
/home/group4/ros2_ws/install/gz_example_robot_description/lib/python3.10/site-packages/gz_example_robot_description-0.0.0-py3.10.egg-info/requires.txt
/home/group4/ros2_ws/install/gz_example_robot_description/lib/python3.10/site-packages/gz_example_robot_description-0.0.0-py3.10.egg-info/zip-safe
/home/group4/ros2_ws/install/gz_example_robot_description/lib/python3.10/site-packages/gz_example_robot_description-0.0.0-py3.10.egg-info/SOURCES.txt
/home/group4/ros2_ws/install/gz_example_robot_description/lib/python3.10/site-packages/gz_example_robot_description-0.0.0-py3.10.egg-info/PKG-INFO
/home/group4/ros2_ws/install/gz_example_robot_description/lib/python3.10/site-packages/gz_example_robot_description-0.0.0-py3.10.egg-info/top_level.txt
