[0.655s] Invoking command in '/home/mscrobotics2425laptop5/yolox_pose_estimator': PYTHONPATH=/home/mscrobotics2425laptop5/yolox_pose_estimator/build/yolox_pose_estimator/prefix_override:/usr/lib/python3/dist-packages/colcon_core/task/python/colcon_distutils_commands:/home/mscrobotics2425laptop5/yolox_pose_estimator/install/yolox_pose_estimator/lib/python3.10/site-packages:${PYTHONPATH} /usr/bin/python3 -W ignore:setup.py install is deprecated setup.py egg_info --egg-base build/yolox_pose_estimator build --build-base /home/mscrobotics2425laptop5/yolox_pose_estimator/build/yolox_pose_estimator/build install --record /home/mscrobotics2425laptop5/yolox_pose_estimator/build/yolox_pose_estimator/install.log --single-version-externally-managed install_data
[0.970s] running egg_info
[0.971s] writing build/yolox_pose_estimator/yolox_pose_estimator.egg-info/PKG-INFO
[0.972s] writing dependency_links to build/yolox_pose_estimator/yolox_pose_estimator.egg-info/dependency_links.txt
[0.972s] writing entry points to build/yolox_pose_estimator/yolox_pose_estimator.egg-info/entry_points.txt
[0.972s] writing requirements to build/yolox_pose_estimator/yolox_pose_estimator.egg-info/requires.txt
[0.972s] writing top-level names to build/yolox_pose_estimator/yolox_pose_estimator.egg-info/top_level.txt
[0.975s] reading manifest file 'build/yolox_pose_estimator/yolox_pose_estimator.egg-info/SOURCES.txt'
[0.977s] writing manifest file 'build/yolox_pose_estimator/yolox_pose_estimator.egg-info/SOURCES.txt'
[0.977s] running build
[0.977s] running build_py
[0.977s] copying yolox_pose_estimator/estimator_node.py -> /home/mscrobotics2425laptop5/yolox_pose_estimator/build/yolox_pose_estimator/build/lib/yolox_pose_estimator
[0.978s] copying yolox_pose_estimator/onnx_inference.py -> /home/mscrobotics2425laptop5/yolox_pose_estimator/build/yolox_pose_estimator/build/lib/yolox_pose_estimator
[0.978s] copying yolox_pose_estimator/object_pose_utils_onnx.py -> /home/mscrobotics2425laptop5/yolox_pose_estimator/build/yolox_pose_estimator/build/lib/yolox_pose_estimator
[0.978s] running install
[0.978s] running install_lib
[0.980s] copying /home/mscrobotics2425laptop5/yolox_pose_estimator/build/yolox_pose_estimator/build/lib/yolox_pose_estimator/estimator_node.py -> /home/mscrobotics2425laptop5/yolox_pose_estimator/install/yolox_pose_estimator/lib/python3.10/site-packages/yolox_pose_estimator
[0.980s] copying /home/mscrobotics2425laptop5/yolox_pose_estimator/build/yolox_pose_estimator/build/lib/yolox_pose_estimator/onnx_inference.py -> /home/mscrobotics2425laptop5/yolox_pose_estimator/install/yolox_pose_estimator/lib/python3.10/site-packages/yolox_pose_estimator
[0.980s] copying /home/mscrobotics2425laptop5/yolox_pose_estimator/build/yolox_pose_estimator/build/lib/yolox_pose_estimator/object_pose_utils_onnx.py -> /home/mscrobotics2425laptop5/yolox_pose_estimator/install/yolox_pose_estimator/lib/python3.10/site-packages/yolox_pose_estimator
[0.981s] byte-compiling /home/mscrobotics2425laptop5/yolox_pose_estimator/install/yolox_pose_estimator/lib/python3.10/site-packages/yolox_pose_estimator/estimator_node.py to estimator_node.cpython-310.pyc
[0.984s] byte-compiling /home/mscrobotics2425laptop5/yolox_pose_estimator/install/yolox_pose_estimator/lib/python3.10/site-packages/yolox_pose_estimator/onnx_inference.py to onnx_inference.cpython-310.pyc
[0.986s] byte-compiling /home/mscrobotics2425laptop5/yolox_pose_estimator/install/yolox_pose_estimator/lib/python3.10/site-packages/yolox_pose_estimator/object_pose_utils_onnx.py to object_pose_utils_onnx.cpython-310.pyc
[0.991s] running install_data
[0.992s] running install_egg_info
[0.995s] removing '/home/mscrobotics2425laptop5/yolox_pose_estimator/install/yolox_pose_estimator/lib/python3.10/site-packages/yolox_pose_estimator-0.0.0-py3.10.egg-info' (and everything under it)
[0.996s] Copying build/yolox_pose_estimator/yolox_pose_estimator.egg-info to /home/mscrobotics2425laptop5/yolox_pose_estimator/install/yolox_pose_estimator/lib/python3.10/site-packages/yolox_pose_estimator-0.0.0-py3.10.egg-info
[1.000s] running install_scripts
[1.044s] Installing yolox_inference_node script to /home/mscrobotics2425laptop5/yolox_pose_estimator/install/yolox_pose_estimator/lib/yolox_pose_estimator
[1.044s] writing list of installed files to '/home/mscrobotics2425laptop5/yolox_pose_estimator/build/yolox_pose_estimator/install.log'
[1.070s] Invoked command in '/home/mscrobotics2425laptop5/yolox_pose_estimator' returned '0': PYTHONPATH=/home/mscrobotics2425laptop5/yolox_pose_estimator/build/yolox_pose_estimator/prefix_override:/usr/lib/python3/dist-packages/colcon_core/task/python/colcon_distutils_commands:/home/mscrobotics2425laptop5/yolox_pose_estimator/install/yolox_pose_estimator/lib/python3.10/site-packages:${PYTHONPATH} /usr/bin/python3 -W ignore:setup.py install is deprecated setup.py egg_info --egg-base build/yolox_pose_estimator build --build-base /home/mscrobotics2425laptop5/yolox_pose_estimator/build/yolox_pose_estimator/build install --record /home/mscrobotics2425laptop5/yolox_pose_estimator/build/yolox_pose_estimator/install.log --single-version-externally-managed install_data
