[1.769s] Invoking command in '/home/group4/ros2_ws/src/autonomous_exploration': PYTHONPATH=/home/group4/ros2_ws/build/autonomous_exploration/prefix_override:/home/group4/ros2_ws/install/autonomous_exploration/lib/python3.10/site-packages:${PYTHONPATH} /usr/bin/python3 -W ignore:setup.py install is deprecated setup.py egg_info --egg-base ../../build/autonomous_exploration build --build-base /home/group4/ros2_ws/build/autonomous_exploration/build install --record /home/group4/ros2_ws/build/autonomous_exploration/install.log --single-version-externally-managed install_data
[2.040s] running egg_info
[2.041s] writing ../../build/autonomous_exploration/autonomous_exploration.egg-info/PKG-INFO
[2.041s] writing dependency_links to ../../build/autonomous_exploration/autonomous_exploration.egg-info/dependency_links.txt
[2.042s] writing entry points to ../../build/autonomous_exploration/autonomous_exploration.egg-info/entry_points.txt
[2.042s] writing requirements to ../../build/autonomous_exploration/autonomous_exploration.egg-info/requires.txt
[2.042s] writing top-level names to ../../build/autonomous_exploration/autonomous_exploration.egg-info/top_level.txt
[2.044s] reading manifest file '../../build/autonomous_exploration/autonomous_exploration.egg-info/SOURCES.txt'
[2.045s] writing manifest file '../../build/autonomous_exploration/autonomous_exploration.egg-info/SOURCES.txt'
[2.045s] running build
[2.045s] running build_py
[2.045s] running install
[2.046s] running install_lib
[2.048s] running install_data
[2.048s] running install_egg_info
[2.051s] removing '/home/group4/ros2_ws/install/autonomous_exploration/lib/python3.10/site-packages/autonomous_exploration-0.0.0-py3.10.egg-info' (and everything under it)
[2.051s] Copying ../../build/autonomous_exploration/autonomous_exploration.egg-info to /home/group4/ros2_ws/install/autonomous_exploration/lib/python3.10/site-packages/autonomous_exploration-0.0.0-py3.10.egg-info
[2.052s] running install_scripts
[2.069s] Installing control script to /home/group4/ros2_ws/install/autonomous_exploration/lib/autonomous_exploration
[2.069s] writing list of installed files to '/home/group4/ros2_ws/build/autonomous_exploration/install.log'
[2.091s] Invoked command in '/home/group4/ros2_ws/src/autonomous_exploration' returned '0': PYTHONPATH=/home/group4/ros2_ws/build/autonomous_exploration/prefix_override:/home/group4/ros2_ws/install/autonomous_exploration/lib/python3.10/site-packages:${PYTHONPATH} /usr/bin/python3 -W ignore:setup.py install is deprecated setup.py egg_info --egg-base ../../build/autonomous_exploration build --build-base /home/group4/ros2_ws/build/autonomous_exploration/build install --record /home/group4/ros2_ws/build/autonomous_exploration/install.log --single-version-externally-managed install_data
