[0.137s] Invoking command in '/home/mscrobotics2425laptop11/interbotix_ws/build/interbotix_xs_driver': AMENT_PREFIX_PATH=/home/mscrobotics2425laptop11/interbotix_ws/install/dynamixel_workbench_toolbox:${AMENT_PREFIX_PATH} CMAKE_PREFIX_PATH=/home/mscrobotics2425laptop11/interbotix_ws/install/dynamixel_workbench_toolbox:/opt/ros/humble LD_LIBRARY_PATH=/home/mscrobotics2425laptop11/interbotix_ws/install/dynamixel_workbench_toolbox/lib:${LD_LIBRARY_PATH} /usr/bin/cmake --build /home/mscrobotics2425laptop11/interbotix_ws/build/interbotix_xs_driver -- -j12 -l12
[0.226s] [35m[1mConsolidate compiler generated dependencies of target interbotix_xs_driver[0m
[0.245s] [100%] Built target interbotix_xs_driver
[0.266s] Invoked command in '/home/mscrobotics2425laptop11/interbotix_ws/build/interbotix_xs_driver' returned '0': AMENT_PREFIX_PATH=/home/mscrobotics2425laptop11/interbotix_ws/install/dynamixel_workbench_toolbox:${AMENT_PREFIX_PATH} CMAKE_PREFIX_PATH=/home/mscrobotics2425laptop11/interbotix_ws/install/dynamixel_workbench_toolbox:/opt/ros/humble LD_LIBRARY_PATH=/home/mscrobotics2425laptop11/interbotix_ws/install/dynamixel_workbench_toolbox/lib:${LD_LIBRARY_PATH} /usr/bin/cmake --build /home/mscrobotics2425laptop11/interbotix_ws/build/interbotix_xs_driver -- -j12 -l12
[0.269s] Invoking command in '/home/mscrobotics2425laptop11/interbotix_ws/build/interbotix_xs_driver': AMENT_PREFIX_PATH=/home/mscrobotics2425laptop11/interbotix_ws/install/dynamixel_workbench_toolbox:${AMENT_PREFIX_PATH} CMAKE_PREFIX_PATH=/home/mscrobotics2425laptop11/interbotix_ws/install/dynamixel_workbench_toolbox:/opt/ros/humble LD_LIBRARY_PATH=/home/mscrobotics2425laptop11/interbotix_ws/install/dynamixel_workbench_toolbox/lib:${LD_LIBRARY_PATH} /usr/bin/cmake --install /home/mscrobotics2425laptop11/interbotix_ws/build/interbotix_xs_driver
[0.289s] -- Install configuration: ""
[0.290s] -- Up-to-date: /home/mscrobotics2425laptop11/interbotix_ws/install/interbotix_xs_driver/lib/libinterbotix_xs_driver.so
[0.291s] -- Up-to-date: /home/mscrobotics2425laptop11/interbotix_ws/install/interbotix_xs_driver/include/interbotix_xs_driver/version.hpp
[0.291s] -- Up-to-date: /home/mscrobotics2425laptop11/interbotix_ws/install/interbotix_xs_driver/include/interbotix_xs_driver
[0.291s] -- Up-to-date: /home/mscrobotics2425laptop11/interbotix_ws/install/interbotix_xs_driver/include/interbotix_xs_driver/xs_logging.hpp
[0.291s] -- Up-to-date: /home/mscrobotics2425laptop11/interbotix_ws/install/interbotix_xs_driver/include/interbotix_xs_driver/xs_driver.hpp
[0.291s] -- Up-to-date: /home/mscrobotics2425laptop11/interbotix_ws/install/interbotix_xs_driver/include/interbotix_xs_driver/xs_common.hpp
[0.292s] -- Up-to-date: /home/mscrobotics2425laptop11/interbotix_ws/install/interbotix_xs_driver/share/interbotix_xs_driver/package.xml
[0.292s] -- Up-to-date: /home/mscrobotics2425laptop11/interbotix_ws/install/interbotix_xs_driver/share/ament_index/resource_index/package_run_dependencies/interbotix_xs_driver
[0.292s] -- Up-to-date: /home/mscrobotics2425laptop11/interbotix_ws/install/interbotix_xs_driver/share/ament_index/resource_index/parent_prefix_path/interbotix_xs_driver
[0.293s] -- Up-to-date: /home/mscrobotics2425laptop11/interbotix_ws/install/interbotix_xs_driver/share/interbotix_xs_driver/environment/ament_prefix_path.sh
[0.294s] -- Up-to-date: /home/mscrobotics2425laptop11/interbotix_ws/install/interbotix_xs_driver/share/interbotix_xs_driver/environment/ament_prefix_path.dsv
[0.294s] -- Up-to-date: /home/mscrobotics2425laptop11/interbotix_ws/install/interbotix_xs_driver/share/interbotix_xs_driver/environment/path.sh
[0.294s] -- Up-to-date: /home/mscrobotics2425laptop11/interbotix_ws/install/interbotix_xs_driver/share/interbotix_xs_driver/environment/path.dsv
[0.294s] -- Up-to-date: /home/mscrobotics2425laptop11/interbotix_ws/install/interbotix_xs_driver/share/interbotix_xs_driver/local_setup.bash
[0.294s] -- Up-to-date: /home/mscrobotics2425laptop11/interbotix_ws/install/interbotix_xs_driver/share/interbotix_xs_driver/local_setup.sh
[0.294s] -- Up-to-date: /home/mscrobotics2425laptop11/interbotix_ws/install/interbotix_xs_driver/share/interbotix_xs_driver/local_setup.zsh
[0.294s] -- Up-to-date: /home/mscrobotics2425laptop11/interbotix_ws/install/interbotix_xs_driver/share/interbotix_xs_driver/local_setup.dsv
[0.294s] -- Installing: /home/mscrobotics2425laptop11/interbotix_ws/install/interbotix_xs_driver/share/interbotix_xs_driver/package.dsv
[0.294s] -- Up-to-date: /home/mscrobotics2425laptop11/interbotix_ws/install/interbotix_xs_driver/share/ament_index/resource_index/packages/interbotix_xs_driver
[0.295s] -- Up-to-date: /home/mscrobotics2425laptop11/interbotix_ws/install/interbotix_xs_driver/share/interbotix_xs_driver/cmake/export_interbotix_xs_driverExport.cmake
[0.295s] -- Up-to-date: /home/mscrobotics2425laptop11/interbotix_ws/install/interbotix_xs_driver/share/interbotix_xs_driver/cmake/export_interbotix_xs_driverExport-noconfig.cmake
[0.295s] -- Up-to-date: /home/mscrobotics2425laptop11/interbotix_ws/install/interbotix_xs_driver/share/interbotix_xs_driver/cmake/ament_cmake_export_dependencies-extras.cmake
[0.296s] -- Up-to-date: /home/mscrobotics2425laptop11/interbotix_ws/install/interbotix_xs_driver/share/interbotix_xs_driver/cmake/ament_cmake_export_targets-extras.cmake
[0.296s] -- Up-to-date: /home/mscrobotics2425laptop11/interbotix_ws/install/interbotix_xs_driver/share/interbotix_xs_driver/cmake/interbotix_xs_driverConfig.cmake
[0.296s] -- Up-to-date: /home/mscrobotics2425laptop11/interbotix_ws/install/interbotix_xs_driver/share/interbotix_xs_driver/cmake/interbotix_xs_driverConfig-version.cmake
[0.296s] -- Up-to-date: /home/mscrobotics2425laptop11/interbotix_ws/install/interbotix_xs_driver/share/interbotix_xs_driver/package.xml
[0.299s] Invoked command in '/home/mscrobotics2425laptop11/interbotix_ws/build/interbotix_xs_driver' returned '0': AMENT_PREFIX_PATH=/home/mscrobotics2425laptop11/interbotix_ws/install/dynamixel_workbench_toolbox:${AMENT_PREFIX_PATH} CMAKE_PREFIX_PATH=/home/mscrobotics2425laptop11/interbotix_ws/install/dynamixel_workbench_toolbox:/opt/ros/humble LD_LIBRARY_PATH=/home/mscrobotics2425laptop11/interbotix_ws/install/dynamixel_workbench_toolbox/lib:${LD_LIBRARY_PATH} /usr/bin/cmake --install /home/mscrobotics2425laptop11/interbotix_ws/build/interbotix_xs_driver
