[0.631s] Invoking command in '/home/mscrobotics2425laptop5/yolox_pose_estimator': PYTHONPATH=/home/mscrobotics2425laptop5/yolox_pose_estimator/build/yolox_pose_estimator/prefix_override:/usr/lib/python3/dist-packages/colcon_core/task/python/colcon_distutils_commands:/home/mscrobotics2425laptop5/yolox_pose_estimator/install/yolox_pose_estimator/lib/python3.10/site-packages:${PYTHONPATH} /usr/bin/python3 -W ignore:setup.py install is deprecated setup.py egg_info --egg-base build/yolox_pose_estimator build --build-base /home/mscrobotics2425laptop5/yolox_pose_estimator/build/yolox_pose_estimator/build install --record /home/mscrobotics2425laptop5/yolox_pose_estimator/build/yolox_pose_estimator/install.log --single-version-externally-managed install_data
[0.894s] running egg_info
[0.895s] writing build/yolox_pose_estimator/yolox_pose_estimator.egg-info/PKG-INFO
[0.896s] writing dependency_links to build/yolox_pose_estimator/yolox_pose_estimator.egg-info/dependency_links.txt
[0.896s] writing entry points to build/yolox_pose_estimator/yolox_pose_estimator.egg-info/entry_points.txt
[0.896s] writing requirements to build/yolox_pose_estimator/yolox_pose_estimator.egg-info/requires.txt
[0.897s] writing top-level names to build/yolox_pose_estimator/yolox_pose_estimator.egg-info/top_level.txt
[0.901s] reading manifest file 'build/yolox_pose_estimator/yolox_pose_estimator.egg-info/SOURCES.txt'
[0.903s] writing manifest file 'build/yolox_pose_estimator/yolox_pose_estimator.egg-info/SOURCES.txt'
[0.903s] running build
[0.903s] running build_py
[0.904s] running install
[0.904s] running install_lib
[0.907s] running install_data
[0.908s] running install_egg_info
[0.914s] removing '/home/mscrobotics2425laptop5/yolox_pose_estimator/install/yolox_pose_estimator/lib/python3.10/site-packages/yolox_pose_estimator-0.0.0-py3.10.egg-info' (and everything under it)
[0.915s] Copying build/yolox_pose_estimator/yolox_pose_estimator.egg-info to /home/mscrobotics2425laptop5/yolox_pose_estimator/install/yolox_pose_estimator/lib/python3.10/site-packages/yolox_pose_estimator-0.0.0-py3.10.egg-info
[0.918s] running install_scripts
[0.952s] Installing yolox_inference_node script to /home/mscrobotics2425laptop5/yolox_pose_estimator/install/yolox_pose_estimator/lib/yolox_pose_estimator
[0.952s] writing list of installed files to '/home/mscrobotics2425laptop5/yolox_pose_estimator/build/yolox_pose_estimator/install.log'
[0.976s] Invoked command in '/home/mscrobotics2425laptop5/yolox_pose_estimator' returned '0': PYTHONPATH=/home/mscrobotics2425laptop5/yolox_pose_estimator/build/yolox_pose_estimator/prefix_override:/usr/lib/python3/dist-packages/colcon_core/task/python/colcon_distutils_commands:/home/mscrobotics2425laptop5/yolox_pose_estimator/install/yolox_pose_estimator/lib/python3.10/site-packages:${PYTHONPATH} /usr/bin/python3 -W ignore:setup.py install is deprecated setup.py egg_info --egg-base build/yolox_pose_estimator build --build-base /home/mscrobotics2425laptop5/yolox_pose_estimator/build/yolox_pose_estimator/build install --record /home/mscrobotics2425laptop5/yolox_pose_estimator/build/yolox_pose_estimator/install.log --single-version-externally-managed install_data
