[0.064s] Invoking command in '/home/group4/ros2_ws/build/leo_teleop': CMAKE_PREFIX_PATH=${CMAKE_PREFIX_PATH}:/home/group4/ros2_ws/install/teleop_leo:/home/group4/ros2_ws/install/real_leo:/home/group4/ros2_ws/install/my_leo:/home/group4/ros2_ws/install/gz_example_robot_description:/home/group4/ros2_ws/install/bt_demos:/home/group4/ros2_ws/install/autonomous_exploration:/home/group4/interbotix_ws/install/interbotix_xs_modules:/home/group4/interbotix_ws/install/interbotix_perception_modules:/home/group4/interbotix_ws/install/interbotix_common_modules:/opt/ros/humble /usr/bin/cmake --build /home/group4/ros2_ws/build/leo_teleop -- -j16 -l16
[0.926s] Invoked command in '/home/group4/ros2_ws/build/leo_teleop' returned '0': CMAKE_PREFIX_PATH=${CMAKE_PREFIX_PATH}:/home/group4/ros2_ws/install/teleop_leo:/home/group4/ros2_ws/install/real_leo:/home/group4/ros2_ws/install/my_leo:/home/group4/ros2_ws/install/gz_example_robot_description:/home/group4/ros2_ws/install/bt_demos:/home/group4/ros2_ws/install/autonomous_exploration:/home/group4/interbotix_ws/install/interbotix_xs_modules:/home/group4/interbotix_ws/install/interbotix_perception_modules:/home/group4/interbotix_ws/install/interbotix_common_modules:/opt/ros/humble /usr/bin/cmake --build /home/group4/ros2_ws/build/leo_teleop -- -j16 -l16
[0.965s] Invoking command in '/home/group4/ros2_ws/build/leo_teleop': CMAKE_PREFIX_PATH=${CMAKE_PREFIX_PATH}:/home/group4/ros2_ws/install/teleop_leo:/home/group4/ros2_ws/install/real_leo:/home/group4/ros2_ws/install/my_leo:/home/group4/ros2_ws/install/gz_example_robot_description:/home/group4/ros2_ws/install/bt_demos:/home/group4/ros2_ws/install/autonomous_exploration:/home/group4/interbotix_ws/install/interbotix_xs_modules:/home/group4/interbotix_ws/install/interbotix_perception_modules:/home/group4/interbotix_ws/install/interbotix_common_modules:/opt/ros/humble /usr/bin/cmake --install /home/group4/ros2_ws/build/leo_teleop
[0.977s] -- Install configuration: ""
[0.977s] -- Up-to-date: /home/group4/ros2_ws/install/leo_teleop/share/leo_teleop/config
[0.977s] -- Up-to-date: /home/group4/ros2_ws/install/leo_teleop/share/leo_teleop/config/joy_config.yaml
[0.978s] -- Up-to-date: /home/group4/ros2_ws/install/leo_teleop/share/leo_teleop/launch
[0.978s] -- Up-to-date: /home/group4/ros2_ws/install/leo_teleop/share/leo_teleop/launch/key_teleop.launch.xml
[0.978s] -- Up-to-date: /home/group4/ros2_ws/install/leo_teleop/share/leo_teleop/launch/joy_teleop.launch.xml
[0.978s] -- Up-to-date: /home/group4/ros2_ws/install/leo_teleop/share/ament_index/resource_index/package_run_dependencies/leo_teleop
[0.979s] -- Up-to-date: /home/group4/ros2_ws/install/leo_teleop/share/ament_index/resource_index/parent_prefix_path/leo_teleop
[0.979s] -- Up-to-date: /home/group4/ros2_ws/install/leo_teleop/share/leo_teleop/environment/ament_prefix_path.sh
[0.979s] -- Up-to-date: /home/group4/ros2_ws/install/leo_teleop/share/leo_teleop/environment/ament_prefix_path.dsv
[0.979s] -- Up-to-date: /home/group4/ros2_ws/install/leo_teleop/share/leo_teleop/environment/path.sh
[0.979s] -- Up-to-date: /home/group4/ros2_ws/install/leo_teleop/share/leo_teleop/environment/path.dsv
[0.979s] -- Up-to-date: /home/group4/ros2_ws/install/leo_teleop/share/leo_teleop/local_setup.bash
[0.979s] -- Up-to-date: /home/group4/ros2_ws/install/leo_teleop/share/leo_teleop/local_setup.sh
[0.979s] -- Up-to-date: /home/group4/ros2_ws/install/leo_teleop/share/leo_teleop/local_setup.zsh
[0.979s] -- Up-to-date: /home/group4/ros2_ws/install/leo_teleop/share/leo_teleop/local_setup.dsv
[0.979s] -- Installing: /home/group4/ros2_ws/install/leo_teleop/share/leo_teleop/package.dsv
[0.980s] -- Up-to-date: /home/group4/ros2_ws/install/leo_teleop/share/ament_index/resource_index/packages/leo_teleop
[0.980s] -- Up-to-date: /home/group4/ros2_ws/install/leo_teleop/share/leo_teleop/cmake/leo_teleopConfig.cmake
[0.980s] -- Up-to-date: /home/group4/ros2_ws/install/leo_teleop/share/leo_teleop/cmake/leo_teleopConfig-version.cmake
[0.980s] -- Up-to-date: /home/group4/ros2_ws/install/leo_teleop/share/leo_teleop/package.xml
[1.024s] Invoked command in '/home/group4/ros2_ws/build/leo_teleop' returned '0': CMAKE_PREFIX_PATH=${CMAKE_PREFIX_PATH}:/home/group4/ros2_ws/install/teleop_leo:/home/group4/ros2_ws/install/real_leo:/home/group4/ros2_ws/install/my_leo:/home/group4/ros2_ws/install/gz_example_robot_description:/home/group4/ros2_ws/install/bt_demos:/home/group4/ros2_ws/install/autonomous_exploration:/home/group4/interbotix_ws/install/interbotix_xs_modules:/home/group4/interbotix_ws/install/interbotix_perception_modules:/home/group4/interbotix_ws/install/interbotix_common_modules:/opt/ros/humble /usr/bin/cmake --install /home/group4/ros2_ws/build/leo_teleop
