[0.767s] Invoking command in '/home/mscrobotics2425laptop5/bin_detector': PYTHONPATH=/home/mscrobotics2425laptop5/bin_detector/build/bin_detector/prefix_override:/usr/lib/python3/dist-packages/colcon_core/task/python/colcon_distutils_commands:/home/mscrobotics2425laptop5/bin_detector/install/bin_detector/lib/python3.10/site-packages:${PYTHONPATH} /usr/bin/python3 -W ignore:setup.py install is deprecated setup.py egg_info --egg-base build/bin_detector build --build-base /home/mscrobotics2425laptop5/bin_detector/build/bin_detector/build install --record /home/mscrobotics2425laptop5/bin_detector/build/bin_detector/install.log --single-version-externally-managed install_data
[1.030s] running egg_info
[1.030s] writing build/bin_detector/bin_detector.egg-info/PKG-INFO
[1.031s] writing dependency_links to build/bin_detector/bin_detector.egg-info/dependency_links.txt
[1.031s] writing entry points to build/bin_detector/bin_detector.egg-info/entry_points.txt
[1.031s] writing requirements to build/bin_detector/bin_detector.egg-info/requires.txt
[1.032s] writing top-level names to build/bin_detector/bin_detector.egg-info/top_level.txt
[1.035s] reading manifest file 'build/bin_detector/bin_detector.egg-info/SOURCES.txt'
[1.036s] writing manifest file 'build/bin_detector/bin_detector.egg-info/SOURCES.txt'
[1.036s] running build
[1.037s] running build_py
[1.037s] running install
[1.037s] running install_lib
[1.040s] running install_data
[1.041s] running install_egg_info
[1.044s] removing '/home/mscrobotics2425laptop5/bin_detector/install/bin_detector/lib/python3.10/site-packages/bin_detector-0.0.0-py3.10.egg-info' (and everything under it)
[1.044s] Copying build/bin_detector/bin_detector.egg-info to /home/mscrobotics2425laptop5/bin_detector/install/bin_detector/lib/python3.10/site-packages/bin_detector-0.0.0-py3.10.egg-info
[1.045s] running install_scripts
[1.083s] Installing bin_dectection_node script to /home/mscrobotics2425laptop5/bin_detector/install/bin_detector/lib/bin_detector
[1.083s] Installing test_dectection_node script to /home/mscrobotics2425laptop5/bin_detector/install/bin_detector/lib/bin_detector
[1.084s] writing list of installed files to '/home/mscrobotics2425laptop5/bin_detector/build/bin_detector/install.log'
[1.112s] Invoked command in '/home/mscrobotics2425laptop5/bin_detector' returned '0': PYTHONPATH=/home/mscrobotics2425laptop5/bin_detector/build/bin_detector/prefix_override:/usr/lib/python3/dist-packages/colcon_core/task/python/colcon_distutils_commands:/home/mscrobotics2425laptop5/bin_detector/install/bin_detector/lib/python3.10/site-packages:${PYTHONPATH} /usr/bin/python3 -W ignore:setup.py install is deprecated setup.py egg_info --egg-base build/bin_detector build --build-base /home/mscrobotics2425laptop5/bin_detector/build/bin_detector/build install --record /home/mscrobotics2425laptop5/bin_detector/build/bin_detector/install.log --single-version-externally-managed install_data
