[ 50%] Built target xsarm_puppet_single
[100%] Built target xsarm_puppet
-- Install configuration: ""
-- Up-to-date: /home/mscrobotics2425laptop11/interbotix_ws/install/interbotix_xsarm_puppet/lib/interbotix_xsarm_puppet/xsarm_puppet
-- Up-to-date: /home/mscrobotics2425laptop11/interbotix_ws/install/interbotix_xsarm_puppet/lib/interbotix_xsarm_puppet/xsarm_puppet_single
-- Up-to-date: /home/mscrobotics2425laptop11/interbotix_ws/install/interbotix_xsarm_puppet/share/interbotix_xsarm_puppet//bag
-- Up-to-date: /home/mscrobotics2425laptop11/interbotix_ws/install/interbotix_xsarm_puppet/share/interbotix_xsarm_puppet//bag/duck_dunk.bag
-- Up-to-date: /home/mscrobotics2425laptop11/interbotix_ws/install/interbotix_xsarm_puppet/share/interbotix_xsarm_puppet//bag/.gitkeep
-- Up-to-date: /home/mscrobotics2425laptop11/interbotix_ws/install/interbotix_xsarm_puppet/share/interbotix_xsarm_puppet//config
-- Up-to-date: /home/mscrobotics2425laptop11/interbotix_ws/install/interbotix_xsarm_puppet/share/interbotix_xsarm_puppet//config/follower_modes.yaml
-- Up-to-date: /home/mscrobotics2425laptop11/interbotix_ws/install/interbotix_xsarm_puppet/share/interbotix_xsarm_puppet//config/leader_modes.yaml
-- Up-to-date: /home/mscrobotics2425laptop11/interbotix_ws/install/interbotix_xsarm_puppet/share/interbotix_xsarm_puppet//config/record_modes.yaml
-- Up-to-date: /home/mscrobotics2425laptop11/interbotix_ws/install/interbotix_xsarm_puppet/share/interbotix_xsarm_puppet//config/playback_modes.yaml
-- Up-to-date: /home/mscrobotics2425laptop11/interbotix_ws/install/interbotix_xsarm_puppet/share/interbotix_xsarm_puppet//launch
-- Up-to-date: /home/mscrobotics2425laptop11/interbotix_ws/install/interbotix_xsarm_puppet/share/interbotix_xsarm_puppet//launch/xsarm_puppet_single.launch.py
-- Up-to-date: /home/mscrobotics2425laptop11/interbotix_ws/install/interbotix_xsarm_puppet/share/interbotix_xsarm_puppet//launch/xsarm_puppet.launch.py
-- Up-to-date: /home/mscrobotics2425laptop11/interbotix_ws/install/interbotix_xsarm_puppet/share/interbotix_xsarm_puppet//rviz
-- Up-to-date: /home/mscrobotics2425laptop11/interbotix_ws/install/interbotix_xsarm_puppet/share/interbotix_xsarm_puppet//rviz/xsarm_puppet.rviz
-- Up-to-date: /home/mscrobotics2425laptop11/interbotix_ws/install/interbotix_xsarm_puppet/share/ament_index/resource_index/package_run_dependencies/interbotix_xsarm_puppet
-- Up-to-date: /home/mscrobotics2425laptop11/interbotix_ws/install/interbotix_xsarm_puppet/share/ament_index/resource_index/parent_prefix_path/interbotix_xsarm_puppet
-- Up-to-date: /home/mscrobotics2425laptop11/interbotix_ws/install/interbotix_xsarm_puppet/share/interbotix_xsarm_puppet/environment/ament_prefix_path.sh
-- Up-to-date: /home/mscrobotics2425laptop11/interbotix_ws/install/interbotix_xsarm_puppet/share/interbotix_xsarm_puppet/environment/ament_prefix_path.dsv
-- Up-to-date: /home/mscrobotics2425laptop11/interbotix_ws/install/interbotix_xsarm_puppet/share/interbotix_xsarm_puppet/environment/path.sh
-- Up-to-date: /home/mscrobotics2425laptop11/interbotix_ws/install/interbotix_xsarm_puppet/share/interbotix_xsarm_puppet/environment/path.dsv
-- Up-to-date: /home/mscrobotics2425laptop11/interbotix_ws/install/interbotix_xsarm_puppet/share/interbotix_xsarm_puppet/local_setup.bash
-- Up-to-date: /home/mscrobotics2425laptop11/interbotix_ws/install/interbotix_xsarm_puppet/share/interbotix_xsarm_puppet/local_setup.sh
-- Up-to-date: /home/mscrobotics2425laptop11/interbotix_ws/install/interbotix_xsarm_puppet/share/interbotix_xsarm_puppet/local_setup.zsh
-- Up-to-date: /home/mscrobotics2425laptop11/interbotix_ws/install/interbotix_xsarm_puppet/share/interbotix_xsarm_puppet/local_setup.dsv
-- Installing: /home/mscrobotics2425laptop11/interbotix_ws/install/interbotix_xsarm_puppet/share/interbotix_xsarm_puppet/package.dsv
-- Up-to-date: /home/mscrobotics2425laptop11/interbotix_ws/install/interbotix_xsarm_puppet/share/ament_index/resource_index/packages/interbotix_xsarm_puppet
-- Up-to-date: /home/mscrobotics2425laptop11/interbotix_ws/install/interbotix_xsarm_puppet/share/interbotix_xsarm_puppet/cmake/interbotix_xsarm_puppetConfig.cmake
-- Up-to-date: /home/mscrobotics2425laptop11/interbotix_ws/install/interbotix_xsarm_puppet/share/interbotix_xsarm_puppet/cmake/interbotix_xsarm_puppetConfig-version.cmake
-- Up-to-date: /home/mscrobotics2425laptop11/interbotix_ws/install/interbotix_xsarm_puppet/share/interbotix_xsarm_puppet/package.xml
