[0.450s] Invoking command in '/home/mscrobotics2425laptop5/yolox_pose_estimator': PYTHONPATH=/home/mscrobotics2425laptop5/yolox_pose_estimator/build/yolox_pose_estimator/prefix_override:/usr/lib/python3/dist-packages/colcon_core/task/python/colcon_distutils_commands:/home/mscrobotics2425laptop5/yolox_pose_estimator/install/yolox_pose_estimator/lib/python3.10/site-packages:${PYTHONPATH} /usr/bin/python3 -W ignore:setup.py install is deprecated -W ignore:easy_install command is deprecated setup.py egg_info --egg-base build/yolox_pose_estimator build --build-base /home/mscrobotics2425laptop5/yolox_pose_estimator/build/yolox_pose_estimator/build install --record /home/mscrobotics2425laptop5/yolox_pose_estimator/build/yolox_pose_estimator/install.log --single-version-externally-managed install_data
[0.619s] running egg_info
[0.620s] writing build/yolox_pose_estimator/yolox_pose_estimator.egg-info/PKG-INFO
[0.620s] writing dependency_links to build/yolox_pose_estimator/yolox_pose_estimator.egg-info/dependency_links.txt
[0.620s] writing entry points to build/yolox_pose_estimator/yolox_pose_estimator.egg-info/entry_points.txt
[0.620s] writing requirements to build/yolox_pose_estimator/yolox_pose_estimator.egg-info/requires.txt
[0.620s] writing top-level names to build/yolox_pose_estimator/yolox_pose_estimator.egg-info/top_level.txt
[0.622s] reading manifest file 'build/yolox_pose_estimator/yolox_pose_estimator.egg-info/SOURCES.txt'
[0.624s] writing manifest file 'build/yolox_pose_estimator/yolox_pose_estimator.egg-info/SOURCES.txt'
[0.624s] running build
[0.624s] running build_py
[0.624s] copying yolox_pose_estimator/object_pose_utils_onnx.py -> /home/mscrobotics2425laptop5/yolox_pose_estimator/build/yolox_pose_estimator/build/lib/yolox_pose_estimator
[0.624s] running install
[0.625s] running install_lib
[0.626s] copying /home/mscrobotics2425laptop5/yolox_pose_estimator/build/yolox_pose_estimator/build/lib/yolox_pose_estimator/object_pose_utils_onnx.py -> /home/mscrobotics2425laptop5/yolox_pose_estimator/install/yolox_pose_estimator/lib/python3.10/site-packages/yolox_pose_estimator
[0.627s] byte-compiling /home/mscrobotics2425laptop5/yolox_pose_estimator/install/yolox_pose_estimator/lib/python3.10/site-packages/yolox_pose_estimator/object_pose_utils_onnx.py to object_pose_utils_onnx.cpython-310.pyc
[0.632s] running install_data
[0.632s] running install_egg_info
[0.635s] removing '/home/mscrobotics2425laptop5/yolox_pose_estimator/install/yolox_pose_estimator/lib/python3.10/site-packages/yolox_pose_estimator-0.0.0-py3.10.egg-info' (and everything under it)
[0.635s] Copying build/yolox_pose_estimator/yolox_pose_estimator.egg-info to /home/mscrobotics2425laptop5/yolox_pose_estimator/install/yolox_pose_estimator/lib/python3.10/site-packages/yolox_pose_estimator-0.0.0-py3.10.egg-info
[0.636s] running install_scripts
[0.664s] Installing yolox_inference_node script to /home/mscrobotics2425laptop5/yolox_pose_estimator/install/yolox_pose_estimator/lib/yolox_pose_estimator
[0.664s] writing list of installed files to '/home/mscrobotics2425laptop5/yolox_pose_estimator/build/yolox_pose_estimator/install.log'
[0.683s] Invoked command in '/home/mscrobotics2425laptop5/yolox_pose_estimator' returned '0': PYTHONPATH=/home/mscrobotics2425laptop5/yolox_pose_estimator/build/yolox_pose_estimator/prefix_override:/usr/lib/python3/dist-packages/colcon_core/task/python/colcon_distutils_commands:/home/mscrobotics2425laptop5/yolox_pose_estimator/install/yolox_pose_estimator/lib/python3.10/site-packages:${PYTHONPATH} /usr/bin/python3 -W ignore:setup.py install is deprecated -W ignore:easy_install command is deprecated setup.py egg_info --egg-base build/yolox_pose_estimator build --build-base /home/mscrobotics2425laptop5/yolox_pose_estimator/build/yolox_pose_estimator/build install --record /home/mscrobotics2425laptop5/yolox_pose_estimator/build/yolox_pose_estimator/install.log --single-version-externally-managed install_data
