[1.237s] Invoking command in '/home/group4/ros2_ws/src/autonomous_exploration': PYTHONPATH=/home/group4/ros2_ws/build/autonomous_exploration/prefix_override:/home/group4/ros2_ws/install/autonomous_exploration/lib/python3.10/site-packages:${PYTHONPATH} /usr/bin/python3 -W ignore:setup.py install is deprecated setup.py egg_info --egg-base ../../build/autonomous_exploration build --build-base /home/group4/ros2_ws/build/autonomous_exploration/build install --record /home/group4/ros2_ws/build/autonomous_exploration/install.log --single-version-externally-managed install_data
[1.398s] running egg_info
[1.398s] writing ../../build/autonomous_exploration/autonomous_exploration.egg-info/PKG-INFO
[1.398s] writing dependency_links to ../../build/autonomous_exploration/autonomous_exploration.egg-info/dependency_links.txt
[1.398s] writing entry points to ../../build/autonomous_exploration/autonomous_exploration.egg-info/entry_points.txt
[1.398s] writing requirements to ../../build/autonomous_exploration/autonomous_exploration.egg-info/requires.txt
[1.398s] writing top-level names to ../../build/autonomous_exploration/autonomous_exploration.egg-info/top_level.txt
[1.400s] reading manifest file '../../build/autonomous_exploration/autonomous_exploration.egg-info/SOURCES.txt'
[1.400s] writing manifest file '../../build/autonomous_exploration/autonomous_exploration.egg-info/SOURCES.txt'
[1.400s] running build
[1.400s] running build_py
[1.401s] running install
[1.401s] running install_lib
[1.402s] running install_data
[1.402s] running install_egg_info
[1.404s] removing '/home/group4/ros2_ws/install/autonomous_exploration/lib/python3.10/site-packages/autonomous_exploration-0.0.0-py3.10.egg-info' (and everything under it)
[1.404s] Copying ../../build/autonomous_exploration/autonomous_exploration.egg-info to /home/group4/ros2_ws/install/autonomous_exploration/lib/python3.10/site-packages/autonomous_exploration-0.0.0-py3.10.egg-info
[1.404s] running install_scripts
[1.420s] Installing control script to /home/group4/ros2_ws/install/autonomous_exploration/lib/autonomous_exploration
[1.421s] writing list of installed files to '/home/group4/ros2_ws/build/autonomous_exploration/install.log'
[1.445s] Invoked command in '/home/group4/ros2_ws/src/autonomous_exploration' returned '0': PYTHONPATH=/home/group4/ros2_ws/build/autonomous_exploration/prefix_override:/home/group4/ros2_ws/install/autonomous_exploration/lib/python3.10/site-packages:${PYTHONPATH} /usr/bin/python3 -W ignore:setup.py install is deprecated setup.py egg_info --egg-base ../../build/autonomous_exploration build --build-base /home/group4/ros2_ws/build/autonomous_exploration/build install --record /home/group4/ros2_ws/build/autonomous_exploration/install.log --single-version-externally-managed install_data
