[0.045s] Invoking command in '/home/mscrobotics2425laptop11/interbotix_ws/build/interbotix_xs_ros_control': AMENT_PREFIX_PATH=/home/mscrobotics2425laptop11/interbotix_ws/install/interbotix_xs_msgs:${AMENT_PREFIX_PATH} CMAKE_PREFIX_PATH=/home/mscrobotics2425laptop11/interbotix_ws/install/interbotix_xs_msgs:/home/mscrobotics2425laptop11/apriltag_ws/install/apriltag_ros:/opt/ros/humble LD_LIBRARY_PATH=/home/mscrobotics2425laptop11/interbotix_ws/install/interbotix_xs_msgs/lib:${LD_LIBRARY_PATH} PYTHONPATH=/home/mscrobotics2425laptop11/interbotix_ws/install/interbotix_xs_msgs/local/lib/python3.10/dist-packages:${PYTHONPATH} /usr/bin/cmake /home/mscrobotics2425laptop11/interbotix_ws/src/interbotix_ros_toolboxes/interbotix_xs_toolbox/interbotix_xs_ros_control -DCMAKE_INSTALL_PREFIX=/home/mscrobotics2425laptop11/interbotix_ws/install/interbotix_xs_ros_control
[0.188s] -- The C compiler identification is GNU 11.4.0
[0.329s] -- The CXX compiler identification is GNU 11.4.0
[0.348s] -- Detecting C compiler ABI info
[0.520s] -- Detecting C compiler ABI info - done
[0.539s] -- Check for working C compiler: /usr/bin/cc - skipped
[0.540s] -- Detecting C compile features
[0.541s] -- Detecting C compile features - done
[0.549s] -- Detecting CXX compiler ABI info
[0.733s] -- Detecting CXX compiler ABI info - done
[0.744s] -- Check for working CXX compiler: /usr/bin/c++ - skipped
[0.745s] -- Detecting CXX compile features
[0.746s] -- Detecting CXX compile features - done
[0.750s] -- Found ament_cmake: 1.3.11 (/opt/ros/humble/share/ament_cmake/cmake)
[1.186s] -- Found Python3: /usr/bin/python3 (found version "3.10.12") found components: Interpreter 
[1.377s] -- Found hardware_interface: 2.47.0 (/opt/ros/humble/share/hardware_interface/cmake)
[1.448s] -- Found rosidl_generator_c: 3.1.6 (/opt/ros/humble/share/rosidl_generator_c/cmake)
[1.458s] -- Found rosidl_adapter: 3.1.6 (/opt/ros/humble/share/rosidl_adapter/cmake)
[1.474s] -- Found rosidl_generator_cpp: 3.1.6 (/opt/ros/humble/share/rosidl_generator_cpp/cmake)
[1.495s] -- Using all available rosidl_typesupport_c: rosidl_typesupport_fastrtps_c;rosidl_typesupport_introspection_c
[1.524s] -- Using all available rosidl_typesupport_cpp: rosidl_typesupport_fastrtps_cpp;rosidl_typesupport_introspection_cpp
[1.879s] -- Found rmw_implementation_cmake: 6.1.2 (/opt/ros/humble/share/rmw_implementation_cmake/cmake)
[1.884s] -- Found rmw_fastrtps_cpp: 6.2.7 (/opt/ros/humble/share/rmw_fastrtps_cpp/cmake)
[1.934s] -- Found TinyXML2 via Config file: TinyXML2_DIR-NOTFOUND
[2.079s] -- Found OpenSSL: /usr/lib/x86_64-linux-gnu/libcrypto.so (found version "3.0.2")  
[2.087s] -- Found TinyXML2 via Config file: TinyXML2_DIR-NOTFOUND
[2.141s] -- Found FastRTPS: /opt/ros/humble/include  
[2.151s] -- Found TinyXML2 via Config file: TinyXML2_DIR-NOTFOUND
[2.179s] -- Found TinyXML2 via Config file: TinyXML2_DIR-NOTFOUND
[2.215s] -- Using RMW implementation 'rmw_fastrtps_cpp' as default
[2.241s] -- Looking for pthread.h
[2.419s] -- Looking for pthread.h - found
[2.421s] -- Performing Test CMAKE_HAVE_LIBC_PTHREAD
[2.602s] -- Performing Test CMAKE_HAVE_LIBC_PTHREAD - Success
[2.607s] -- Found Threads: TRUE  
[2.749s] -- Found interbotix_xs_msgs: 0.0.0 (/home/mscrobotics2425laptop11/interbotix_ws/install/interbotix_xs_msgs/share/interbotix_xs_msgs/cmake)
[2.814s] -- Found ament_lint_auto: 0.12.11 (/opt/ros/humble/share/ament_lint_auto/cmake)
[3.086s] -- Found ros2_control_test_assets: 2.47.0 (/opt/ros/humble/share/ros2_control_test_assets/cmake)
[3.098s] -- Found gmock sources under '/opt/ros/humble/src/gmock_vendor': C++ tests using 'Google Mock' will be built
[3.121s] -- Found ament_cmake_gtest: 1.3.11 (/opt/ros/humble/share/ament_cmake_gtest/cmake)
[3.124s] -- Found gtest sources under '/opt/ros/humble/src/gtest_vendor': C++ tests using 'Google Test' will be built
[3.165s] -- Added test 'copyright' to check source files copyright and LICENSE
[3.170s] -- Added test 'cppcheck' to perform static code analysis on C / C++ code
[3.171s] -- Configured cppcheck include dirs: $<BUILD_INTERFACE:/home/mscrobotics2425laptop11/interbotix_ws/src/interbotix_ros_toolboxes/interbotix_xs_toolbox/interbotix_xs_ros_control/include>;/home/mscrobotics2425laptop11/interbotix_ws/src/interbotix_ros_toolboxes/interbotix_xs_toolbox/interbotix_xs_ros_control/include
[3.172s] -- Configured cppcheck exclude dirs and/or files: 
[3.175s] -- Added test 'cpplint' to check C / C++ code against the Google style
[3.175s] -- Configured cpplint exclude dirs and/or files: 
[3.178s] -- Added test 'lint_cmake' to check CMake code style
[3.182s] -- Added test 'uncrustify' to check C / C++ code style
[3.183s] -- Configured uncrustify additional arguments: 
[3.185s] -- Added test 'xmllint' to check XML markup files
[3.201s] -- Configuring done
[3.357s] -- Generating done
[3.397s] -- Build files have been written to: /home/mscrobotics2425laptop11/interbotix_ws/build/interbotix_xs_ros_control
[3.434s] Invoked command in '/home/mscrobotics2425laptop11/interbotix_ws/build/interbotix_xs_ros_control' returned '0': AMENT_PREFIX_PATH=/home/mscrobotics2425laptop11/interbotix_ws/install/interbotix_xs_msgs:${AMENT_PREFIX_PATH} CMAKE_PREFIX_PATH=/home/mscrobotics2425laptop11/interbotix_ws/install/interbotix_xs_msgs:/home/mscrobotics2425laptop11/apriltag_ws/install/apriltag_ros:/opt/ros/humble LD_LIBRARY_PATH=/home/mscrobotics2425laptop11/interbotix_ws/install/interbotix_xs_msgs/lib:${LD_LIBRARY_PATH} PYTHONPATH=/home/mscrobotics2425laptop11/interbotix_ws/install/interbotix_xs_msgs/local/lib/python3.10/dist-packages:${PYTHONPATH} /usr/bin/cmake /home/mscrobotics2425laptop11/interbotix_ws/src/interbotix_ros_toolboxes/interbotix_xs_toolbox/interbotix_xs_ros_control -DCMAKE_INSTALL_PREFIX=/home/mscrobotics2425laptop11/interbotix_ws/install/interbotix_xs_ros_control
[3.443s] Invoking command in '/home/mscrobotics2425laptop11/interbotix_ws/build/interbotix_xs_ros_control': AMENT_PREFIX_PATH=/home/mscrobotics2425laptop11/interbotix_ws/install/interbotix_xs_msgs:${AMENT_PREFIX_PATH} CMAKE_PREFIX_PATH=/home/mscrobotics2425laptop11/interbotix_ws/install/interbotix_xs_msgs:/home/mscrobotics2425laptop11/apriltag_ws/install/apriltag_ros:/opt/ros/humble LD_LIBRARY_PATH=/home/mscrobotics2425laptop11/interbotix_ws/install/interbotix_xs_msgs/lib:${LD_LIBRARY_PATH} PYTHONPATH=/home/mscrobotics2425laptop11/interbotix_ws/install/interbotix_xs_msgs/local/lib/python3.10/dist-packages:${PYTHONPATH} /usr/bin/cmake --build /home/mscrobotics2425laptop11/interbotix_ws/build/interbotix_xs_ros_control -- -j12 -l12
[3.587s] [ 11%] [32mBuilding CXX object gmock/CMakeFiles/gmock_main.dir/src/gmock_main.cc.o[0m
[3.597s] [ 22%] [32mBuilding CXX object gmock/CMakeFiles/gmock.dir/src/gmock-all.cc.o[0m
[3.599s] [ 33%] [32mBuilding CXX object gmock/CMakeFiles/gmock.dir/opt/ros/humble/src/gtest_vendor/src/gtest-all.cc.o[0m
[3.630s] [ 44%] [32mBuilding CXX object CMakeFiles/interbotix_xs_ros_control.dir/src/xs_hardware_interface.cpp.o[0m
[5.865s] [ 55%] [32m[1mLinking CXX static library libgmock_main.a[0m
[5.981s] [ 55%] Built target gmock_main
[12.910s] [ 66%] [32m[1mLinking CXX static library libgmock.a[0m
[13.042s] [ 66%] Built target gmock
[13.088s] [ 77%] [32mBuilding CXX object CMakeFiles/test_load_xs_hardware_interface.dir/test/test_load_xs_hardware_interface.cpp.o[0m
[21.278s] [ 88%] [32m[1mLinking CXX executable test_load_xs_hardware_interface[0m
[21.983s] [ 88%] Built target test_load_xs_hardware_interface
[26.912s] [100%] [32m[1mLinking CXX shared library libinterbotix_xs_ros_control.so[0m
[28.110s] [100%] Built target interbotix_xs_ros_control
[28.131s] Invoked command in '/home/mscrobotics2425laptop11/interbotix_ws/build/interbotix_xs_ros_control' returned '0': AMENT_PREFIX_PATH=/home/mscrobotics2425laptop11/interbotix_ws/install/interbotix_xs_msgs:${AMENT_PREFIX_PATH} CMAKE_PREFIX_PATH=/home/mscrobotics2425laptop11/interbotix_ws/install/interbotix_xs_msgs:/home/mscrobotics2425laptop11/apriltag_ws/install/apriltag_ros:/opt/ros/humble LD_LIBRARY_PATH=/home/mscrobotics2425laptop11/interbotix_ws/install/interbotix_xs_msgs/lib:${LD_LIBRARY_PATH} PYTHONPATH=/home/mscrobotics2425laptop11/interbotix_ws/install/interbotix_xs_msgs/local/lib/python3.10/dist-packages:${PYTHONPATH} /usr/bin/cmake --build /home/mscrobotics2425laptop11/interbotix_ws/build/interbotix_xs_ros_control -- -j12 -l12
[28.135s] Invoking command in '/home/mscrobotics2425laptop11/interbotix_ws/build/interbotix_xs_ros_control': AMENT_PREFIX_PATH=/home/mscrobotics2425laptop11/interbotix_ws/install/interbotix_xs_msgs:${AMENT_PREFIX_PATH} CMAKE_PREFIX_PATH=/home/mscrobotics2425laptop11/interbotix_ws/install/interbotix_xs_msgs:/home/mscrobotics2425laptop11/apriltag_ws/install/apriltag_ros:/opt/ros/humble LD_LIBRARY_PATH=/home/mscrobotics2425laptop11/interbotix_ws/install/interbotix_xs_msgs/lib:${LD_LIBRARY_PATH} PYTHONPATH=/home/mscrobotics2425laptop11/interbotix_ws/install/interbotix_xs_msgs/local/lib/python3.10/dist-packages:${PYTHONPATH} /usr/bin/cmake --install /home/mscrobotics2425laptop11/interbotix_ws/build/interbotix_xs_ros_control
[28.148s] -- Install configuration: ""
[28.149s] -- Installing: /home/mscrobotics2425laptop11/interbotix_ws/install/interbotix_xs_ros_control/share/interbotix_xs_ros_control/interbotix_xs_ros_control.xml
[28.149s] -- Installing: /home/mscrobotics2425laptop11/interbotix_ws/install/interbotix_xs_ros_control/include
[28.150s] -- Installing: /home/mscrobotics2425laptop11/interbotix_ws/install/interbotix_xs_ros_control/include/interbotix_xs_ros_control
[28.150s] -- Installing: /home/mscrobotics2425laptop11/interbotix_ws/install/interbotix_xs_ros_control/include/interbotix_xs_ros_control/xs_hardware_interface.hpp
[28.150s] -- Installing: /home/mscrobotics2425laptop11/interbotix_ws/install/interbotix_xs_ros_control/lib/libinterbotix_xs_ros_control.so
[28.161s] -- Set runtime path of "/home/mscrobotics2425laptop11/interbotix_ws/install/interbotix_xs_ros_control/lib/libinterbotix_xs_ros_control.so" to ""
[28.162s] -- Installing: /home/mscrobotics2425laptop11/interbotix_ws/install/interbotix_xs_ros_control/share/interbotix_xs_ros_control/environment/library_path.sh
[28.163s] -- Installing: /home/mscrobotics2425laptop11/interbotix_ws/install/interbotix_xs_ros_control/share/interbotix_xs_ros_control/environment/library_path.dsv
[28.164s] -- Installing: /home/mscrobotics2425laptop11/interbotix_ws/install/interbotix_xs_ros_control/share/ament_index/resource_index/package_run_dependencies/interbotix_xs_ros_control
[28.165s] -- Installing: /home/mscrobotics2425laptop11/interbotix_ws/install/interbotix_xs_ros_control/share/ament_index/resource_index/parent_prefix_path/interbotix_xs_ros_control
[28.165s] -- Installing: /home/mscrobotics2425laptop11/interbotix_ws/install/interbotix_xs_ros_control/share/interbotix_xs_ros_control/environment/ament_prefix_path.sh
[28.166s] -- Installing: /home/mscrobotics2425laptop11/interbotix_ws/install/interbotix_xs_ros_control/share/interbotix_xs_ros_control/environment/ament_prefix_path.dsv
[28.166s] -- Installing: /home/mscrobotics2425laptop11/interbotix_ws/install/interbotix_xs_ros_control/share/interbotix_xs_ros_control/environment/path.sh
[28.166s] -- Installing: /home/mscrobotics2425laptop11/interbotix_ws/install/interbotix_xs_ros_control/share/interbotix_xs_ros_control/environment/path.dsv
[28.167s] -- Installing: /home/mscrobotics2425laptop11/interbotix_ws/install/interbotix_xs_ros_control/share/interbotix_xs_ros_control/local_setup.bash
[28.167s] -- Installing: /home/mscrobotics2425laptop11/interbotix_ws/install/interbotix_xs_ros_control/share/interbotix_xs_ros_control/local_setup.sh
[28.167s] -- Installing: /home/mscrobotics2425laptop11/interbotix_ws/install/interbotix_xs_ros_control/share/interbotix_xs_ros_control/local_setup.zsh
[28.168s] -- Installing: /home/mscrobotics2425laptop11/interbotix_ws/install/interbotix_xs_ros_control/share/interbotix_xs_ros_control/local_setup.dsv
[28.168s] -- Installing: /home/mscrobotics2425laptop11/interbotix_ws/install/interbotix_xs_ros_control/share/interbotix_xs_ros_control/package.dsv
[28.168s] -- Installing: /home/mscrobotics2425laptop11/interbotix_ws/install/interbotix_xs_ros_control/share/ament_index/resource_index/packages/interbotix_xs_ros_control
[28.173s] -- Installing: /home/mscrobotics2425laptop11/interbotix_ws/install/interbotix_xs_ros_control/share/ament_index/resource_index/hardware_interface__pluginlib__plugin/interbotix_xs_ros_control
[28.174s] -- Installing: /home/mscrobotics2425laptop11/interbotix_ws/install/interbotix_xs_ros_control/share/interbotix_xs_ros_control/cmake/export_interbotix_xs_ros_controlExport.cmake
[28.176s] -- Installing: /home/mscrobotics2425laptop11/interbotix_ws/install/interbotix_xs_ros_control/share/interbotix_xs_ros_control/cmake/export_interbotix_xs_ros_controlExport-noconfig.cmake
[28.176s] -- Installing: /home/mscrobotics2425laptop11/interbotix_ws/install/interbotix_xs_ros_control/share/interbotix_xs_ros_control/cmake/ament_cmake_export_include_directories-extras.cmake
[28.176s] -- Installing: /home/mscrobotics2425laptop11/interbotix_ws/install/interbotix_xs_ros_control/share/interbotix_xs_ros_control/cmake/ament_cmake_export_libraries-extras.cmake
[28.177s] -- Installing: /home/mscrobotics2425laptop11/interbotix_ws/install/interbotix_xs_ros_control/share/interbotix_xs_ros_control/cmake/ament_cmake_export_targets-extras.cmake
[28.177s] -- Installing: /home/mscrobotics2425laptop11/interbotix_ws/install/interbotix_xs_ros_control/share/interbotix_xs_ros_control/cmake/ament_cmake_export_dependencies-extras.cmake
[28.178s] -- Installing: /home/mscrobotics2425laptop11/interbotix_ws/install/interbotix_xs_ros_control/share/interbotix_xs_ros_control/cmake/interbotix_xs_ros_controlConfig.cmake
[28.179s] -- Installing: /home/mscrobotics2425laptop11/interbotix_ws/install/interbotix_xs_ros_control/share/interbotix_xs_ros_control/cmake/interbotix_xs_ros_controlConfig-version.cmake
[28.179s] -- Installing: /home/mscrobotics2425laptop11/interbotix_ws/install/interbotix_xs_ros_control/share/interbotix_xs_ros_control/package.xml
[28.180s] Invoked command in '/home/mscrobotics2425laptop11/interbotix_ws/build/interbotix_xs_ros_control' returned '0': AMENT_PREFIX_PATH=/home/mscrobotics2425laptop11/interbotix_ws/install/interbotix_xs_msgs:${AMENT_PREFIX_PATH} CMAKE_PREFIX_PATH=/home/mscrobotics2425laptop11/interbotix_ws/install/interbotix_xs_msgs:/home/mscrobotics2425laptop11/apriltag_ws/install/apriltag_ros:/opt/ros/humble LD_LIBRARY_PATH=/home/mscrobotics2425laptop11/interbotix_ws/install/interbotix_xs_msgs/lib:${LD_LIBRARY_PATH} PYTHONPATH=/home/mscrobotics2425laptop11/interbotix_ws/install/interbotix_xs_msgs/local/lib/python3.10/dist-packages:${PYTHONPATH} /usr/bin/cmake --install /home/mscrobotics2425laptop11/interbotix_ws/build/interbotix_xs_ros_control
