[0.607s] Invoking command in '/home/mscrobotics2425laptop11/interbotix_ws/build/interbotix_perception_msgs': CMAKE_PREFIX_PATH=${CMAKE_PREFIX_PATH}:/home/mscrobotics2425laptop11/interbotix_ws/install/interbotix_xs_modules:/home/mscrobotics2425laptop11/interbotix_ws/install/interbotix_perception_modules:/home/mscrobotics2425laptop11/interbotix_ws/install/interbotix_common_modules:/opt/ros/humble /usr/bin/cmake --build /home/mscrobotics2425laptop11/interbotix_ws/build/interbotix_perception_msgs -- -j12 -l12
[0.755s] [  1%] Built target interbotix_perception_msgs__cpp
[0.856s] [ 12%] Built target interbotix_perception_msgs__rosidl_generator_c
[0.905s] [ 12%] Built target ament_cmake_python_copy_interbotix_perception_msgs
[0.944s] [ 23%] Built target interbotix_perception_msgs__rosidl_typesupport_cpp
[0.955s] [ 45%] Built target interbotix_perception_msgs__rosidl_typesupport_fastrtps_cpp
[0.956s] [ 45%] Built target interbotix_perception_msgs__rosidl_typesupport_introspection_cpp
[0.956s] [ 56%] Built target interbotix_perception_msgs__rosidl_typesupport_introspection_c
[0.961s] [ 67%] Built target interbotix_perception_msgs__rosidl_typesupport_c
[0.961s] [ 78%] Built target interbotix_perception_msgs__rosidl_typesupport_fastrtps_c
[0.961s] [ 78%] Built target interbotix_perception_msgs
[1.036s] [ 80%] Built target interbotix_perception_msgs__py
[1.096s] [ 89%] Built target interbotix_perception_msgs__rosidl_generator_py
[1.159s] [ 92%] Built target interbotix_perception_msgs__rosidl_typesupport_introspection_c__pyext
[1.165s] [ 96%] Built target interbotix_perception_msgs__rosidl_typesupport_c__pyext
[1.166s] [100%] Built target interbotix_perception_msgs__rosidl_typesupport_fastrtps_c__pyext
[1.648s] running egg_info
[1.651s] writing interbotix_perception_msgs.egg-info/PKG-INFO
[1.652s] writing dependency_links to interbotix_perception_msgs.egg-info/dependency_links.txt
[1.653s] writing top-level names to interbotix_perception_msgs.egg-info/top_level.txt
[1.658s] reading manifest file 'interbotix_perception_msgs.egg-info/SOURCES.txt'
[1.660s] writing manifest file 'interbotix_perception_msgs.egg-info/SOURCES.txt'
[1.734s] [100%] Built target ament_cmake_python_build_interbotix_perception_msgs_egg
[1.779s] Invoked command in '/home/mscrobotics2425laptop11/interbotix_ws/build/interbotix_perception_msgs' returned '0': CMAKE_PREFIX_PATH=${CMAKE_PREFIX_PATH}:/home/mscrobotics2425laptop11/interbotix_ws/install/interbotix_xs_modules:/home/mscrobotics2425laptop11/interbotix_ws/install/interbotix_perception_modules:/home/mscrobotics2425laptop11/interbotix_ws/install/interbotix_common_modules:/opt/ros/humble /usr/bin/cmake --build /home/mscrobotics2425laptop11/interbotix_ws/build/interbotix_perception_msgs -- -j12 -l12
[1.783s] Invoking command in '/home/mscrobotics2425laptop11/interbotix_ws/build/interbotix_perception_msgs': CMAKE_PREFIX_PATH=${CMAKE_PREFIX_PATH}:/home/mscrobotics2425laptop11/interbotix_ws/install/interbotix_xs_modules:/home/mscrobotics2425laptop11/interbotix_ws/install/interbotix_perception_modules:/home/mscrobotics2425laptop11/interbotix_ws/install/interbotix_common_modules:/opt/ros/humble /usr/bin/cmake --install /home/mscrobotics2425laptop11/interbotix_ws/build/interbotix_perception_msgs
[1.798s] -- Install configuration: ""
[1.799s] -- Up-to-date: /home/mscrobotics2425laptop11/interbotix_ws/install/interbotix_perception_msgs/share/ament_index/resource_index/rosidl_interfaces/interbotix_perception_msgs
[1.801s] -- Up-to-date: /home/mscrobotics2425laptop11/interbotix_ws/install/interbotix_perception_msgs/include/interbotix_perception_msgs/interbotix_perception_msgs
[1.801s] -- Up-to-date: /home/mscrobotics2425laptop11/interbotix_ws/install/interbotix_perception_msgs/include/interbotix_perception_msgs/interbotix_perception_msgs/msg
[1.801s] -- Up-to-date: /home/mscrobotics2425laptop11/interbotix_ws/install/interbotix_perception_msgs/include/interbotix_perception_msgs/interbotix_perception_msgs/msg/cluster_info.h
[1.804s] -- Up-to-date: /home/mscrobotics2425laptop11/interbotix_ws/install/interbotix_perception_msgs/include/interbotix_perception_msgs/interbotix_perception_msgs/msg/rosidl_generator_c__visibility_control.h
[1.808s] -- Up-to-date: /home/mscrobotics2425laptop11/interbotix_ws/install/interbotix_perception_msgs/include/interbotix_perception_msgs/interbotix_perception_msgs/msg/detail
[1.808s] -- Up-to-date: /home/mscrobotics2425laptop11/interbotix_ws/install/interbotix_perception_msgs/include/interbotix_perception_msgs/interbotix_perception_msgs/msg/detail/cluster_info__functions.h
[1.810s] -- Up-to-date: /home/mscrobotics2425laptop11/interbotix_ws/install/interbotix_perception_msgs/include/interbotix_perception_msgs/interbotix_perception_msgs/msg/detail/cluster_info__functions.c
[1.810s] -- Up-to-date: /home/mscrobotics2425laptop11/interbotix_ws/install/interbotix_perception_msgs/include/interbotix_perception_msgs/interbotix_perception_msgs/msg/detail/cluster_info__struct.h
[1.810s] -- Up-to-date: /home/mscrobotics2425laptop11/interbotix_ws/install/interbotix_perception_msgs/include/interbotix_perception_msgs/interbotix_perception_msgs/msg/detail/cluster_info__type_support.h
[1.810s] -- Up-to-date: /home/mscrobotics2425laptop11/interbotix_ws/install/interbotix_perception_msgs/include/interbotix_perception_msgs/interbotix_perception_msgs/srv
[1.810s] -- Up-to-date: /home/mscrobotics2425laptop11/interbotix_ws/install/interbotix_perception_msgs/include/interbotix_perception_msgs/interbotix_perception_msgs/srv/filter_params.h
[1.811s] -- Up-to-date: /home/mscrobotics2425laptop11/interbotix_ws/install/interbotix_perception_msgs/include/interbotix_perception_msgs/interbotix_perception_msgs/srv/snap_picture.h
[1.811s] -- Up-to-date: /home/mscrobotics2425laptop11/interbotix_ws/install/interbotix_perception_msgs/include/interbotix_perception_msgs/interbotix_perception_msgs/srv/cluster_info_array.h
[1.811s] -- Up-to-date: /home/mscrobotics2425laptop11/interbotix_ws/install/interbotix_perception_msgs/include/interbotix_perception_msgs/interbotix_perception_msgs/srv/detail
[1.811s] -- Up-to-date: /home/mscrobotics2425laptop11/interbotix_ws/install/interbotix_perception_msgs/include/interbotix_perception_msgs/interbotix_perception_msgs/srv/detail/filter_params__functions.h
[1.813s] -- Up-to-date: /home/mscrobotics2425laptop11/interbotix_ws/install/interbotix_perception_msgs/include/interbotix_perception_msgs/interbotix_perception_msgs/srv/detail/cluster_info_array__functions.h
[1.813s] -- Up-to-date: /home/mscrobotics2425laptop11/interbotix_ws/install/interbotix_perception_msgs/include/interbotix_perception_msgs/interbotix_perception_msgs/srv/detail/snap_picture__struct.h
[1.814s] -- Up-to-date: /home/mscrobotics2425laptop11/interbotix_ws/install/interbotix_perception_msgs/include/interbotix_perception_msgs/interbotix_perception_msgs/srv/detail/cluster_info_array__struct.h
[1.815s] -- Up-to-date: /home/mscrobotics2425laptop11/interbotix_ws/install/interbotix_perception_msgs/include/interbotix_perception_msgs/interbotix_perception_msgs/srv/detail/filter_params__type_support.h
[1.815s] -- Up-to-date: /home/mscrobotics2425laptop11/interbotix_ws/install/interbotix_perception_msgs/include/interbotix_perception_msgs/interbotix_perception_msgs/srv/detail/cluster_info_array__type_support.h
[1.815s] -- Up-to-date: /home/mscrobotics2425laptop11/interbotix_ws/install/interbotix_perception_msgs/include/interbotix_perception_msgs/interbotix_perception_msgs/srv/detail/filter_params__functions.c
[1.815s] -- Up-to-date: /home/mscrobotics2425laptop11/interbotix_ws/install/interbotix_perception_msgs/include/interbotix_perception_msgs/interbotix_perception_msgs/srv/detail/cluster_info_array__functions.c
[1.815s] -- Up-to-date: /home/mscrobotics2425laptop11/interbotix_ws/install/interbotix_perception_msgs/include/interbotix_perception_msgs/interbotix_perception_msgs/srv/detail/snap_picture__functions.c
[1.815s] -- Up-to-date: /home/mscrobotics2425laptop11/interbotix_ws/install/interbotix_perception_msgs/include/interbotix_perception_msgs/interbotix_perception_msgs/srv/detail/snap_picture__type_support.h
[1.815s] -- Up-to-date: /home/mscrobotics2425laptop11/interbotix_ws/install/interbotix_perception_msgs/include/interbotix_perception_msgs/interbotix_perception_msgs/srv/detail/snap_picture__functions.h
[1.816s] -- Up-to-date: /home/mscrobotics2425laptop11/interbotix_ws/install/interbotix_perception_msgs/include/interbotix_perception_msgs/interbotix_perception_msgs/srv/detail/filter_params__struct.h
[1.816s] -- Up-to-date: /home/mscrobotics2425laptop11/interbotix_ws/install/interbotix_perception_msgs/share/interbotix_perception_msgs/environment/library_path.sh
[1.816s] -- Up-to-date: /home/mscrobotics2425laptop11/interbotix_ws/install/interbotix_perception_msgs/share/interbotix_perception_msgs/environment/library_path.dsv
[1.817s] -- Up-to-date: /home/mscrobotics2425laptop11/interbotix_ws/install/interbotix_perception_msgs/lib/libinterbotix_perception_msgs__rosidl_generator_c.so
[1.822s] -- Up-to-date: /home/mscrobotics2425laptop11/interbotix_ws/install/interbotix_perception_msgs/include/interbotix_perception_msgs/interbotix_perception_msgs
[1.826s] -- Up-to-date: /home/mscrobotics2425laptop11/interbotix_ws/install/interbotix_perception_msgs/include/interbotix_perception_msgs/interbotix_perception_msgs/msg
[1.826s] -- Up-to-date: /home/mscrobotics2425laptop11/interbotix_ws/install/interbotix_perception_msgs/include/interbotix_perception_msgs/interbotix_perception_msgs/msg/rosidl_typesupport_fastrtps_c__visibility_control.h
[1.826s] -- Up-to-date: /home/mscrobotics2425laptop11/interbotix_ws/install/interbotix_perception_msgs/include/interbotix_perception_msgs/interbotix_perception_msgs/msg/detail
[1.826s] -- Up-to-date: /home/mscrobotics2425laptop11/interbotix_ws/install/interbotix_perception_msgs/include/interbotix_perception_msgs/interbotix_perception_msgs/msg/detail/cluster_info__rosidl_typesupport_fastrtps_c.h
[1.827s] -- Up-to-date: /home/mscrobotics2425laptop11/interbotix_ws/install/interbotix_perception_msgs/include/interbotix_perception_msgs/interbotix_perception_msgs/srv
[1.827s] -- Up-to-date: /home/mscrobotics2425laptop11/interbotix_ws/install/interbotix_perception_msgs/include/interbotix_perception_msgs/interbotix_perception_msgs/srv/detail
[1.827s] -- Up-to-date: /home/mscrobotics2425laptop11/interbotix_ws/install/interbotix_perception_msgs/include/interbotix_perception_msgs/interbotix_perception_msgs/srv/detail/cluster_info_array__rosidl_typesupport_fastrtps_c.h
[1.827s] -- Up-to-date: /home/mscrobotics2425laptop11/interbotix_ws/install/interbotix_perception_msgs/include/interbotix_perception_msgs/interbotix_perception_msgs/srv/detail/filter_params__rosidl_typesupport_fastrtps_c.h
[1.828s] -- Up-to-date: /home/mscrobotics2425laptop11/interbotix_ws/install/interbotix_perception_msgs/include/interbotix_perception_msgs/interbotix_perception_msgs/srv/detail/snap_picture__rosidl_typesupport_fastrtps_c.h
[1.828s] -- Up-to-date: /home/mscrobotics2425laptop11/interbotix_ws/install/interbotix_perception_msgs/lib/libinterbotix_perception_msgs__rosidl_typesupport_fastrtps_c.so
[1.828s] -- Up-to-date: /home/mscrobotics2425laptop11/interbotix_ws/install/interbotix_perception_msgs/include/interbotix_perception_msgs/interbotix_perception_msgs
[1.828s] -- Up-to-date: /home/mscrobotics2425laptop11/interbotix_ws/install/interbotix_perception_msgs/include/interbotix_perception_msgs/interbotix_perception_msgs/msg
[1.829s] -- Up-to-date: /home/mscrobotics2425laptop11/interbotix_ws/install/interbotix_perception_msgs/include/interbotix_perception_msgs/interbotix_perception_msgs/msg/rosidl_typesupport_introspection_c__visibility_control.h
[1.829s] -- Up-to-date: /home/mscrobotics2425laptop11/interbotix_ws/install/interbotix_perception_msgs/include/interbotix_perception_msgs/interbotix_perception_msgs/msg/detail
[1.829s] -- Up-to-date: /home/mscrobotics2425laptop11/interbotix_ws/install/interbotix_perception_msgs/include/interbotix_perception_msgs/interbotix_perception_msgs/msg/detail/cluster_info__type_support.c
[1.829s] -- Up-to-date: /home/mscrobotics2425laptop11/interbotix_ws/install/interbotix_perception_msgs/include/interbotix_perception_msgs/interbotix_perception_msgs/msg/detail/cluster_info__rosidl_typesupport_introspection_c.h
[1.831s] -- Up-to-date: /home/mscrobotics2425laptop11/interbotix_ws/install/interbotix_perception_msgs/include/interbotix_perception_msgs/interbotix_perception_msgs/srv
[1.831s] -- Up-to-date: /home/mscrobotics2425laptop11/interbotix_ws/install/interbotix_perception_msgs/include/interbotix_perception_msgs/interbotix_perception_msgs/srv/detail
[1.832s] -- Up-to-date: /home/mscrobotics2425laptop11/interbotix_ws/install/interbotix_perception_msgs/include/interbotix_perception_msgs/interbotix_perception_msgs/srv/detail/cluster_info_array__type_support.c
[1.832s] -- Up-to-date: /home/mscrobotics2425laptop11/interbotix_ws/install/interbotix_perception_msgs/include/interbotix_perception_msgs/interbotix_perception_msgs/srv/detail/cluster_info_array__rosidl_typesupport_introspection_c.h
[1.832s] -- Up-to-date: /home/mscrobotics2425laptop11/interbotix_ws/install/interbotix_perception_msgs/include/interbotix_perception_msgs/interbotix_perception_msgs/srv/detail/snap_picture__type_support.c
[1.832s] -- Up-to-date: /home/mscrobotics2425laptop11/interbotix_ws/install/interbotix_perception_msgs/include/interbotix_perception_msgs/interbotix_perception_msgs/srv/detail/filter_params__rosidl_typesupport_introspection_c.h
[1.832s] -- Up-to-date: /home/mscrobotics2425laptop11/interbotix_ws/install/interbotix_perception_msgs/include/interbotix_perception_msgs/interbotix_perception_msgs/srv/detail/snap_picture__rosidl_typesupport_introspection_c.h
[1.833s] -- Up-to-date: /home/mscrobotics2425laptop11/interbotix_ws/install/interbotix_perception_msgs/include/interbotix_perception_msgs/interbotix_perception_msgs/srv/detail/filter_params__type_support.c
[1.833s] -- Up-to-date: /home/mscrobotics2425laptop11/interbotix_ws/install/interbotix_perception_msgs/lib/libinterbotix_perception_msgs__rosidl_typesupport_introspection_c.so
[1.833s] -- Up-to-date: /home/mscrobotics2425laptop11/interbotix_ws/install/interbotix_perception_msgs/lib/libinterbotix_perception_msgs__rosidl_typesupport_c.so
[1.833s] -- Up-to-date: /home/mscrobotics2425laptop11/interbotix_ws/install/interbotix_perception_msgs/include/interbotix_perception_msgs/interbotix_perception_msgs
[1.833s] -- Up-to-date: /home/mscrobotics2425laptop11/interbotix_ws/install/interbotix_perception_msgs/include/interbotix_perception_msgs/interbotix_perception_msgs/msg
[1.834s] -- Up-to-date: /home/mscrobotics2425laptop11/interbotix_ws/install/interbotix_perception_msgs/include/interbotix_perception_msgs/interbotix_perception_msgs/msg/rosidl_generator_cpp__visibility_control.hpp
[1.834s] -- Up-to-date: /home/mscrobotics2425laptop11/interbotix_ws/install/interbotix_perception_msgs/include/interbotix_perception_msgs/interbotix_perception_msgs/msg/cluster_info.hpp
[1.834s] -- Up-to-date: /home/mscrobotics2425laptop11/interbotix_ws/install/interbotix_perception_msgs/include/interbotix_perception_msgs/interbotix_perception_msgs/msg/detail
[1.834s] -- Up-to-date: /home/mscrobotics2425laptop11/interbotix_ws/install/interbotix_perception_msgs/include/interbotix_perception_msgs/interbotix_perception_msgs/msg/detail/cluster_info__traits.hpp
[1.834s] -- Up-to-date: /home/mscrobotics2425laptop11/interbotix_ws/install/interbotix_perception_msgs/include/interbotix_perception_msgs/interbotix_perception_msgs/msg/detail/cluster_info__struct.hpp
[1.834s] -- Up-to-date: /home/mscrobotics2425laptop11/interbotix_ws/install/interbotix_perception_msgs/include/interbotix_perception_msgs/interbotix_perception_msgs/msg/detail/cluster_info__type_support.hpp
[1.834s] -- Up-to-date: /home/mscrobotics2425laptop11/interbotix_ws/install/interbotix_perception_msgs/include/interbotix_perception_msgs/interbotix_perception_msgs/msg/detail/cluster_info__builder.hpp
[1.835s] -- Up-to-date: /home/mscrobotics2425laptop11/interbotix_ws/install/interbotix_perception_msgs/include/interbotix_perception_msgs/interbotix_perception_msgs/srv
[1.835s] -- Up-to-date: /home/mscrobotics2425laptop11/interbotix_ws/install/interbotix_perception_msgs/include/interbotix_perception_msgs/interbotix_perception_msgs/srv/filter_params.hpp
[1.835s] -- Up-to-date: /home/mscrobotics2425laptop11/interbotix_ws/install/interbotix_perception_msgs/include/interbotix_perception_msgs/interbotix_perception_msgs/srv/cluster_info_array.hpp
[1.836s] -- Up-to-date: /home/mscrobotics2425laptop11/interbotix_ws/install/interbotix_perception_msgs/include/interbotix_perception_msgs/interbotix_perception_msgs/srv/detail
[1.836s] -- Up-to-date: /home/mscrobotics2425laptop11/interbotix_ws/install/interbotix_perception_msgs/include/interbotix_perception_msgs/interbotix_perception_msgs/srv/detail/filter_params__builder.hpp
[1.836s] -- Up-to-date: /home/mscrobotics2425laptop11/interbotix_ws/install/interbotix_perception_msgs/include/interbotix_perception_msgs/interbotix_perception_msgs/srv/detail/cluster_info_array__traits.hpp
[1.836s] -- Up-to-date: /home/mscrobotics2425laptop11/interbotix_ws/install/interbotix_perception_msgs/include/interbotix_perception_msgs/interbotix_perception_msgs/srv/detail/snap_picture__traits.hpp
[1.837s] -- Up-to-date: /home/mscrobotics2425laptop11/interbotix_ws/install/interbotix_perception_msgs/include/interbotix_perception_msgs/interbotix_perception_msgs/srv/detail/snap_picture__type_support.hpp
[1.837s] -- Up-to-date: /home/mscrobotics2425laptop11/interbotix_ws/install/interbotix_perception_msgs/include/interbotix_perception_msgs/interbotix_perception_msgs/srv/detail/filter_params__type_support.hpp
[1.837s] -- Up-to-date: /home/mscrobotics2425laptop11/interbotix_ws/install/interbotix_perception_msgs/include/interbotix_perception_msgs/interbotix_perception_msgs/srv/detail/filter_params__struct.hpp
[1.837s] -- Up-to-date: /home/mscrobotics2425laptop11/interbotix_ws/install/interbotix_perception_msgs/include/interbotix_perception_msgs/interbotix_perception_msgs/srv/detail/cluster_info_array__type_support.hpp
[1.838s] -- Up-to-date: /home/mscrobotics2425laptop11/interbotix_ws/install/interbotix_perception_msgs/include/interbotix_perception_msgs/interbotix_perception_msgs/srv/detail/cluster_info_array__builder.hpp
[1.839s] -- Up-to-date: /home/mscrobotics2425laptop11/interbotix_ws/install/interbotix_perception_msgs/include/interbotix_perception_msgs/interbotix_perception_msgs/srv/detail/snap_picture__builder.hpp
[1.840s] -- Up-to-date: /home/mscrobotics2425laptop11/interbotix_ws/install/interbotix_perception_msgs/include/interbotix_perception_msgs/interbotix_perception_msgs/srv/detail/cluster_info_array__struct.hpp
[1.842s] -- Up-to-date: /home/mscrobotics2425laptop11/interbotix_ws/install/interbotix_perception_msgs/include/interbotix_perception_msgs/interbotix_perception_msgs/srv/detail/snap_picture__struct.hpp
[1.842s] -- Up-to-date: /home/mscrobotics2425laptop11/interbotix_ws/install/interbotix_perception_msgs/include/interbotix_perception_msgs/interbotix_perception_msgs/srv/detail/filter_params__traits.hpp
[1.842s] -- Up-to-date: /home/mscrobotics2425laptop11/interbotix_ws/install/interbotix_perception_msgs/include/interbotix_perception_msgs/interbotix_perception_msgs/srv/snap_picture.hpp
[1.842s] -- Up-to-date: /home/mscrobotics2425laptop11/interbotix_ws/install/interbotix_perception_msgs/include/interbotix_perception_msgs/interbotix_perception_msgs
[1.842s] -- Up-to-date: /home/mscrobotics2425laptop11/interbotix_ws/install/interbotix_perception_msgs/include/interbotix_perception_msgs/interbotix_perception_msgs/msg
[1.843s] -- Up-to-date: /home/mscrobotics2425laptop11/interbotix_ws/install/interbotix_perception_msgs/include/interbotix_perception_msgs/interbotix_perception_msgs/msg/rosidl_typesupport_fastrtps_cpp__visibility_control.h
[1.843s] -- Up-to-date: /home/mscrobotics2425laptop11/interbotix_ws/install/interbotix_perception_msgs/include/interbotix_perception_msgs/interbotix_perception_msgs/msg/detail
[1.843s] -- Up-to-date: /home/mscrobotics2425laptop11/interbotix_ws/install/interbotix_perception_msgs/include/interbotix_perception_msgs/interbotix_perception_msgs/msg/detail/cluster_info__rosidl_typesupport_fastrtps_cpp.hpp
[1.843s] -- Up-to-date: /home/mscrobotics2425laptop11/interbotix_ws/install/interbotix_perception_msgs/include/interbotix_perception_msgs/interbotix_perception_msgs/msg/detail/dds_fastrtps
[1.845s] -- Up-to-date: /home/mscrobotics2425laptop11/interbotix_ws/install/interbotix_perception_msgs/include/interbotix_perception_msgs/interbotix_perception_msgs/srv
[1.845s] -- Up-to-date: /home/mscrobotics2425laptop11/interbotix_ws/install/interbotix_perception_msgs/include/interbotix_perception_msgs/interbotix_perception_msgs/srv/detail
[1.846s] -- Up-to-date: /home/mscrobotics2425laptop11/interbotix_ws/install/interbotix_perception_msgs/include/interbotix_perception_msgs/interbotix_perception_msgs/srv/detail/cluster_info_array__rosidl_typesupport_fastrtps_cpp.hpp
[1.846s] -- Up-to-date: /home/mscrobotics2425laptop11/interbotix_ws/install/interbotix_perception_msgs/include/interbotix_perception_msgs/interbotix_perception_msgs/srv/detail/snap_picture__rosidl_typesupport_fastrtps_cpp.hpp
[1.846s] -- Up-to-date: /home/mscrobotics2425laptop11/interbotix_ws/install/interbotix_perception_msgs/include/interbotix_perception_msgs/interbotix_perception_msgs/srv/detail/filter_params__rosidl_typesupport_fastrtps_cpp.hpp
[1.846s] -- Up-to-date: /home/mscrobotics2425laptop11/interbotix_ws/install/interbotix_perception_msgs/include/interbotix_perception_msgs/interbotix_perception_msgs/srv/detail/dds_fastrtps
[1.848s] -- Up-to-date: /home/mscrobotics2425laptop11/interbotix_ws/install/interbotix_perception_msgs/lib/libinterbotix_perception_msgs__rosidl_typesupport_fastrtps_cpp.so
[1.848s] -- Up-to-date: /home/mscrobotics2425laptop11/interbotix_ws/install/interbotix_perception_msgs/include/interbotix_perception_msgs/interbotix_perception_msgs
[1.848s] -- Up-to-date: /home/mscrobotics2425laptop11/interbotix_ws/install/interbotix_perception_msgs/include/interbotix_perception_msgs/interbotix_perception_msgs/msg
[1.848s] -- Up-to-date: /home/mscrobotics2425laptop11/interbotix_ws/install/interbotix_perception_msgs/include/interbotix_perception_msgs/interbotix_perception_msgs/msg/detail
[1.849s] -- Up-to-date: /home/mscrobotics2425laptop11/interbotix_ws/install/interbotix_perception_msgs/include/interbotix_perception_msgs/interbotix_perception_msgs/msg/detail/cluster_info__type_support.cpp
[1.849s] -- Up-to-date: /home/mscrobotics2425laptop11/interbotix_ws/install/interbotix_perception_msgs/include/interbotix_perception_msgs/interbotix_perception_msgs/msg/detail/cluster_info__rosidl_typesupport_introspection_cpp.hpp
[1.849s] -- Up-to-date: /home/mscrobotics2425laptop11/interbotix_ws/install/interbotix_perception_msgs/include/interbotix_perception_msgs/interbotix_perception_msgs/srv
[1.849s] -- Up-to-date: /home/mscrobotics2425laptop11/interbotix_ws/install/interbotix_perception_msgs/include/interbotix_perception_msgs/interbotix_perception_msgs/srv/detail
[1.849s] -- Up-to-date: /home/mscrobotics2425laptop11/interbotix_ws/install/interbotix_perception_msgs/include/interbotix_perception_msgs/interbotix_perception_msgs/srv/detail/filter_params__type_support.cpp
[1.850s] -- Up-to-date: /home/mscrobotics2425laptop11/interbotix_ws/install/interbotix_perception_msgs/include/interbotix_perception_msgs/interbotix_perception_msgs/srv/detail/snap_picture__rosidl_typesupport_introspection_cpp.hpp
[1.850s] -- Up-to-date: /home/mscrobotics2425laptop11/interbotix_ws/install/interbotix_perception_msgs/include/interbotix_perception_msgs/interbotix_perception_msgs/srv/detail/snap_picture__type_support.cpp
[1.850s] -- Up-to-date: /home/mscrobotics2425laptop11/interbotix_ws/install/interbotix_perception_msgs/include/interbotix_perception_msgs/interbotix_perception_msgs/srv/detail/filter_params__rosidl_typesupport_introspection_cpp.hpp
[1.850s] -- Up-to-date: /home/mscrobotics2425laptop11/interbotix_ws/install/interbotix_perception_msgs/include/interbotix_perception_msgs/interbotix_perception_msgs/srv/detail/cluster_info_array__rosidl_typesupport_introspection_cpp.hpp
[1.850s] -- Up-to-date: /home/mscrobotics2425laptop11/interbotix_ws/install/interbotix_perception_msgs/include/interbotix_perception_msgs/interbotix_perception_msgs/srv/detail/cluster_info_array__type_support.cpp
[1.851s] -- Up-to-date: /home/mscrobotics2425laptop11/interbotix_ws/install/interbotix_perception_msgs/lib/libinterbotix_perception_msgs__rosidl_typesupport_introspection_cpp.so
[1.851s] -- Up-to-date: /home/mscrobotics2425laptop11/interbotix_ws/install/interbotix_perception_msgs/lib/libinterbotix_perception_msgs__rosidl_typesupport_cpp.so
[1.851s] -- Up-to-date: /home/mscrobotics2425laptop11/interbotix_ws/install/interbotix_perception_msgs/share/interbotix_perception_msgs/environment/pythonpath.sh
[1.851s] -- Up-to-date: /home/mscrobotics2425laptop11/interbotix_ws/install/interbotix_perception_msgs/share/interbotix_perception_msgs/environment/pythonpath.dsv
[1.852s] -- Up-to-date: /home/mscrobotics2425laptop11/interbotix_ws/install/interbotix_perception_msgs/local/lib/python3.10/dist-packages/interbotix_perception_msgs-0.0.0-py3.10.egg-info
[1.852s] -- Installing: /home/mscrobotics2425laptop11/interbotix_ws/install/interbotix_perception_msgs/local/lib/python3.10/dist-packages/interbotix_perception_msgs-0.0.0-py3.10.egg-info/SOURCES.txt
[1.852s] -- Installing: /home/mscrobotics2425laptop11/interbotix_ws/install/interbotix_perception_msgs/local/lib/python3.10/dist-packages/interbotix_perception_msgs-0.0.0-py3.10.egg-info/dependency_links.txt
[1.852s] -- Installing: /home/mscrobotics2425laptop11/interbotix_ws/install/interbotix_perception_msgs/local/lib/python3.10/dist-packages/interbotix_perception_msgs-0.0.0-py3.10.egg-info/top_level.txt
[1.852s] -- Installing: /home/mscrobotics2425laptop11/interbotix_ws/install/interbotix_perception_msgs/local/lib/python3.10/dist-packages/interbotix_perception_msgs-0.0.0-py3.10.egg-info/PKG-INFO
[1.853s] -- Up-to-date: /home/mscrobotics2425laptop11/interbotix_ws/install/interbotix_perception_msgs/local/lib/python3.10/dist-packages/interbotix_perception_msgs
[1.853s] -- Up-to-date: /home/mscrobotics2425laptop11/interbotix_ws/install/interbotix_perception_msgs/local/lib/python3.10/dist-packages/interbotix_perception_msgs/interbotix_perception_msgs_s__rosidl_typesupport_introspection_c.cpython-310-x86_64-linux-gnu.so
[1.853s] -- Up-to-date: /home/mscrobotics2425laptop11/interbotix_ws/install/interbotix_perception_msgs/local/lib/python3.10/dist-packages/interbotix_perception_msgs/interbotix_perception_msgs_s__rosidl_typesupport_fastrtps_c.cpython-310-x86_64-linux-gnu.so
[1.853s] -- Up-to-date: /home/mscrobotics2425laptop11/interbotix_ws/install/interbotix_perception_msgs/local/lib/python3.10/dist-packages/interbotix_perception_msgs/libinterbotix_perception_msgs__rosidl_generator_py.so
[1.853s] -- Up-to-date: /home/mscrobotics2425laptop11/interbotix_ws/install/interbotix_perception_msgs/local/lib/python3.10/dist-packages/interbotix_perception_msgs/msg
[1.855s] -- Up-to-date: /home/mscrobotics2425laptop11/interbotix_ws/install/interbotix_perception_msgs/local/lib/python3.10/dist-packages/interbotix_perception_msgs/msg/_cluster_info.py
[1.855s] -- Up-to-date: /home/mscrobotics2425laptop11/interbotix_ws/install/interbotix_perception_msgs/local/lib/python3.10/dist-packages/interbotix_perception_msgs/msg/__init__.py
[1.855s] -- Up-to-date: /home/mscrobotics2425laptop11/interbotix_ws/install/interbotix_perception_msgs/local/lib/python3.10/dist-packages/interbotix_perception_msgs/msg/_cluster_info_s.c
[1.855s] -- Up-to-date: /home/mscrobotics2425laptop11/interbotix_ws/install/interbotix_perception_msgs/local/lib/python3.10/dist-packages/interbotix_perception_msgs/srv
[1.855s] -- Up-to-date: /home/mscrobotics2425laptop11/interbotix_ws/install/interbotix_perception_msgs/local/lib/python3.10/dist-packages/interbotix_perception_msgs/srv/_cluster_info_array_s.c
[1.855s] -- Up-to-date: /home/mscrobotics2425laptop11/interbotix_ws/install/interbotix_perception_msgs/local/lib/python3.10/dist-packages/interbotix_perception_msgs/srv/_snap_picture_s.c
[1.856s] -- Up-to-date: /home/mscrobotics2425laptop11/interbotix_ws/install/interbotix_perception_msgs/local/lib/python3.10/dist-packages/interbotix_perception_msgs/srv/_cluster_info_array.py
[1.856s] -- Up-to-date: /home/mscrobotics2425laptop11/interbotix_ws/install/interbotix_perception_msgs/local/lib/python3.10/dist-packages/interbotix_perception_msgs/srv/_filter_params_s.c
[1.856s] -- Up-to-date: /home/mscrobotics2425laptop11/interbotix_ws/install/interbotix_perception_msgs/local/lib/python3.10/dist-packages/interbotix_perception_msgs/srv/__init__.py
[1.857s] -- Up-to-date: /home/mscrobotics2425laptop11/interbotix_ws/install/interbotix_perception_msgs/local/lib/python3.10/dist-packages/interbotix_perception_msgs/srv/_filter_params.py
[1.857s] -- Up-to-date: /home/mscrobotics2425laptop11/interbotix_ws/install/interbotix_perception_msgs/local/lib/python3.10/dist-packages/interbotix_perception_msgs/srv/_snap_picture.py
[1.857s] -- Up-to-date: /home/mscrobotics2425laptop11/interbotix_ws/install/interbotix_perception_msgs/local/lib/python3.10/dist-packages/interbotix_perception_msgs/_interbotix_perception_msgs_s.ep.rosidl_typesupport_introspection_c.c
[1.857s] -- Up-to-date: /home/mscrobotics2425laptop11/interbotix_ws/install/interbotix_perception_msgs/local/lib/python3.10/dist-packages/interbotix_perception_msgs/__init__.py
[1.858s] -- Up-to-date: /home/mscrobotics2425laptop11/interbotix_ws/install/interbotix_perception_msgs/local/lib/python3.10/dist-packages/interbotix_perception_msgs/_interbotix_perception_msgs_s.ep.rosidl_typesupport_fastrtps_c.c
[1.858s] -- Up-to-date: /home/mscrobotics2425laptop11/interbotix_ws/install/interbotix_perception_msgs/local/lib/python3.10/dist-packages/interbotix_perception_msgs/interbotix_perception_msgs_s__rosidl_typesupport_c.cpython-310-x86_64-linux-gnu.so
[1.858s] -- Up-to-date: /home/mscrobotics2425laptop11/interbotix_ws/install/interbotix_perception_msgs/local/lib/python3.10/dist-packages/interbotix_perception_msgs/_interbotix_perception_msgs_s.ep.rosidl_typesupport_c.c
[1.895s] Listing '/home/mscrobotics2425laptop11/interbotix_ws/install/interbotix_perception_msgs/local/lib/python3.10/dist-packages/interbotix_perception_msgs'...
[1.895s] Listing '/home/mscrobotics2425laptop11/interbotix_ws/install/interbotix_perception_msgs/local/lib/python3.10/dist-packages/interbotix_perception_msgs/msg'...
[1.895s] Listing '/home/mscrobotics2425laptop11/interbotix_ws/install/interbotix_perception_msgs/local/lib/python3.10/dist-packages/interbotix_perception_msgs/srv'...
[1.903s] -- Up-to-date: /home/mscrobotics2425laptop11/interbotix_ws/install/interbotix_perception_msgs/local/lib/python3.10/dist-packages/interbotix_perception_msgs/interbotix_perception_msgs_s__rosidl_typesupport_fastrtps_c.cpython-310-x86_64-linux-gnu.so
[1.904s] -- Up-to-date: /home/mscrobotics2425laptop11/interbotix_ws/install/interbotix_perception_msgs/local/lib/python3.10/dist-packages/interbotix_perception_msgs/interbotix_perception_msgs_s__rosidl_typesupport_introspection_c.cpython-310-x86_64-linux-gnu.so
[1.906s] -- Up-to-date: /home/mscrobotics2425laptop11/interbotix_ws/install/interbotix_perception_msgs/local/lib/python3.10/dist-packages/interbotix_perception_msgs/interbotix_perception_msgs_s__rosidl_typesupport_c.cpython-310-x86_64-linux-gnu.so
[1.917s] -- Up-to-date: /home/mscrobotics2425laptop11/interbotix_ws/install/interbotix_perception_msgs/lib/libinterbotix_perception_msgs__rosidl_generator_py.so
[1.918s] -- Up-to-date: /home/mscrobotics2425laptop11/interbotix_ws/install/interbotix_perception_msgs/share/interbotix_perception_msgs/msg/ClusterInfo.idl
[1.918s] -- Up-to-date: /home/mscrobotics2425laptop11/interbotix_ws/install/interbotix_perception_msgs/share/interbotix_perception_msgs/srv/ClusterInfoArray.idl
[1.918s] -- Up-to-date: /home/mscrobotics2425laptop11/interbotix_ws/install/interbotix_perception_msgs/share/interbotix_perception_msgs/srv/FilterParams.idl
[1.919s] -- Up-to-date: /home/mscrobotics2425laptop11/interbotix_ws/install/interbotix_perception_msgs/share/interbotix_perception_msgs/srv/SnapPicture.idl
[1.919s] -- Up-to-date: /home/mscrobotics2425laptop11/interbotix_ws/install/interbotix_perception_msgs/share/interbotix_perception_msgs/msg/ClusterInfo.msg
[1.919s] -- Up-to-date: /home/mscrobotics2425laptop11/interbotix_ws/install/interbotix_perception_msgs/share/interbotix_perception_msgs/srv/ClusterInfoArray.srv
[1.919s] -- Up-to-date: /home/mscrobotics2425laptop11/interbotix_ws/install/interbotix_perception_msgs/share/interbotix_perception_msgs/srv/ClusterInfoArray_Request.msg
[1.919s] -- Up-to-date: /home/mscrobotics2425laptop11/interbotix_ws/install/interbotix_perception_msgs/share/interbotix_perception_msgs/srv/ClusterInfoArray_Response.msg
[1.920s] -- Up-to-date: /home/mscrobotics2425laptop11/interbotix_ws/install/interbotix_perception_msgs/share/interbotix_perception_msgs/srv/FilterParams.srv
[1.920s] -- Up-to-date: /home/mscrobotics2425laptop11/interbotix_ws/install/interbotix_perception_msgs/share/interbotix_perception_msgs/srv/FilterParams_Request.msg
[1.920s] -- Up-to-date: /home/mscrobotics2425laptop11/interbotix_ws/install/interbotix_perception_msgs/share/interbotix_perception_msgs/srv/FilterParams_Response.msg
[1.920s] -- Up-to-date: /home/mscrobotics2425laptop11/interbotix_ws/install/interbotix_perception_msgs/share/interbotix_perception_msgs/srv/SnapPicture.srv
[1.920s] -- Up-to-date: /home/mscrobotics2425laptop11/interbotix_ws/install/interbotix_perception_msgs/share/interbotix_perception_msgs/srv/SnapPicture_Request.msg
[1.921s] -- Up-to-date: /home/mscrobotics2425laptop11/interbotix_ws/install/interbotix_perception_msgs/share/interbotix_perception_msgs/srv/SnapPicture_Response.msg
[1.921s] -- Up-to-date: /home/mscrobotics2425laptop11/interbotix_ws/install/interbotix_perception_msgs/share/ament_index/resource_index/package_run_dependencies/interbotix_perception_msgs
[1.921s] -- Up-to-date: /home/mscrobotics2425laptop11/interbotix_ws/install/interbotix_perception_msgs/share/ament_index/resource_index/parent_prefix_path/interbotix_perception_msgs
[1.921s] -- Up-to-date: /home/mscrobotics2425laptop11/interbotix_ws/install/interbotix_perception_msgs/share/interbotix_perception_msgs/environment/ament_prefix_path.sh
[1.921s] -- Up-to-date: /home/mscrobotics2425laptop11/interbotix_ws/install/interbotix_perception_msgs/share/interbotix_perception_msgs/environment/ament_prefix_path.dsv
[1.922s] -- Up-to-date: /home/mscrobotics2425laptop11/interbotix_ws/install/interbotix_perception_msgs/share/interbotix_perception_msgs/environment/path.sh
[1.922s] -- Up-to-date: /home/mscrobotics2425laptop11/interbotix_ws/install/interbotix_perception_msgs/share/interbotix_perception_msgs/environment/path.dsv
[1.922s] -- Up-to-date: /home/mscrobotics2425laptop11/interbotix_ws/install/interbotix_perception_msgs/share/interbotix_perception_msgs/local_setup.bash
[1.922s] -- Up-to-date: /home/mscrobotics2425laptop11/interbotix_ws/install/interbotix_perception_msgs/share/interbotix_perception_msgs/local_setup.sh
[1.922s] -- Up-to-date: /home/mscrobotics2425laptop11/interbotix_ws/install/interbotix_perception_msgs/share/interbotix_perception_msgs/local_setup.zsh
[1.923s] -- Up-to-date: /home/mscrobotics2425laptop11/interbotix_ws/install/interbotix_perception_msgs/share/interbotix_perception_msgs/local_setup.dsv
[1.923s] -- Installing: /home/mscrobotics2425laptop11/interbotix_ws/install/interbotix_perception_msgs/share/interbotix_perception_msgs/package.dsv
[1.923s] -- Up-to-date: /home/mscrobotics2425laptop11/interbotix_ws/install/interbotix_perception_msgs/share/ament_index/resource_index/packages/interbotix_perception_msgs
[1.923s] -- Up-to-date: /home/mscrobotics2425laptop11/interbotix_ws/install/interbotix_perception_msgs/share/interbotix_perception_msgs/cmake/export_interbotix_perception_msgs__rosidl_generator_cExport.cmake
[1.923s] -- Up-to-date: /home/mscrobotics2425laptop11/interbotix_ws/install/interbotix_perception_msgs/share/interbotix_perception_msgs/cmake/export_interbotix_perception_msgs__rosidl_generator_cExport-noconfig.cmake
[1.924s] -- Up-to-date: /home/mscrobotics2425laptop11/interbotix_ws/install/interbotix_perception_msgs/share/interbotix_perception_msgs/cmake/export_interbotix_perception_msgs__rosidl_typesupport_fastrtps_cExport.cmake
[1.924s] -- Up-to-date: /home/mscrobotics2425laptop11/interbotix_ws/install/interbotix_perception_msgs/share/interbotix_perception_msgs/cmake/export_interbotix_perception_msgs__rosidl_typesupport_fastrtps_cExport-noconfig.cmake
[1.924s] -- Up-to-date: /home/mscrobotics2425laptop11/interbotix_ws/install/interbotix_perception_msgs/share/interbotix_perception_msgs/cmake/interbotix_perception_msgs__rosidl_typesupport_introspection_cExport.cmake
[1.924s] -- Up-to-date: /home/mscrobotics2425laptop11/interbotix_ws/install/interbotix_perception_msgs/share/interbotix_perception_msgs/cmake/interbotix_perception_msgs__rosidl_typesupport_introspection_cExport-noconfig.cmake
[1.924s] -- Up-to-date: /home/mscrobotics2425laptop11/interbotix_ws/install/interbotix_perception_msgs/share/interbotix_perception_msgs/cmake/interbotix_perception_msgs__rosidl_typesupport_cExport.cmake
[1.925s] -- Up-to-date: /home/mscrobotics2425laptop11/interbotix_ws/install/interbotix_perception_msgs/share/interbotix_perception_msgs/cmake/interbotix_perception_msgs__rosidl_typesupport_cExport-noconfig.cmake
[1.925s] -- Up-to-date: /home/mscrobotics2425laptop11/interbotix_ws/install/interbotix_perception_msgs/share/interbotix_perception_msgs/cmake/export_interbotix_perception_msgs__rosidl_generator_cppExport.cmake
[1.925s] -- Up-to-date: /home/mscrobotics2425laptop11/interbotix_ws/install/interbotix_perception_msgs/share/interbotix_perception_msgs/cmake/export_interbotix_perception_msgs__rosidl_typesupport_fastrtps_cppExport.cmake
[1.925s] -- Up-to-date: /home/mscrobotics2425laptop11/interbotix_ws/install/interbotix_perception_msgs/share/interbotix_perception_msgs/cmake/export_interbotix_perception_msgs__rosidl_typesupport_fastrtps_cppExport-noconfig.cmake
[1.925s] -- Up-to-date: /home/mscrobotics2425laptop11/interbotix_ws/install/interbotix_perception_msgs/share/interbotix_perception_msgs/cmake/interbotix_perception_msgs__rosidl_typesupport_introspection_cppExport.cmake
[1.926s] -- Up-to-date: /home/mscrobotics2425laptop11/interbotix_ws/install/interbotix_perception_msgs/share/interbotix_perception_msgs/cmake/interbotix_perception_msgs__rosidl_typesupport_introspection_cppExport-noconfig.cmake
[1.926s] -- Up-to-date: /home/mscrobotics2425laptop11/interbotix_ws/install/interbotix_perception_msgs/share/interbotix_perception_msgs/cmake/interbotix_perception_msgs__rosidl_typesupport_cppExport.cmake
[1.926s] -- Up-to-date: /home/mscrobotics2425laptop11/interbotix_ws/install/interbotix_perception_msgs/share/interbotix_perception_msgs/cmake/interbotix_perception_msgs__rosidl_typesupport_cppExport-noconfig.cmake
[1.926s] -- Up-to-date: /home/mscrobotics2425laptop11/interbotix_ws/install/interbotix_perception_msgs/share/interbotix_perception_msgs/cmake/export_interbotix_perception_msgs__rosidl_generator_pyExport.cmake
[1.926s] -- Up-to-date: /home/mscrobotics2425laptop11/interbotix_ws/install/interbotix_perception_msgs/share/interbotix_perception_msgs/cmake/export_interbotix_perception_msgs__rosidl_generator_pyExport-noconfig.cmake
[1.926s] -- Up-to-date: /home/mscrobotics2425laptop11/interbotix_ws/install/interbotix_perception_msgs/share/interbotix_perception_msgs/cmake/rosidl_cmake-extras.cmake
[1.927s] -- Up-to-date: /home/mscrobotics2425laptop11/interbotix_ws/install/interbotix_perception_msgs/share/interbotix_perception_msgs/cmake/ament_cmake_export_dependencies-extras.cmake
[1.927s] -- Up-to-date: /home/mscrobotics2425laptop11/interbotix_ws/install/interbotix_perception_msgs/share/interbotix_perception_msgs/cmake/ament_cmake_export_include_directories-extras.cmake
[1.927s] -- Up-to-date: /home/mscrobotics2425laptop11/interbotix_ws/install/interbotix_perception_msgs/share/interbotix_perception_msgs/cmake/ament_cmake_export_libraries-extras.cmake
[1.927s] -- Up-to-date: /home/mscrobotics2425laptop11/interbotix_ws/install/interbotix_perception_msgs/share/interbotix_perception_msgs/cmake/ament_cmake_export_targets-extras.cmake
[1.927s] -- Up-to-date: /home/mscrobotics2425laptop11/interbotix_ws/install/interbotix_perception_msgs/share/interbotix_perception_msgs/cmake/rosidl_cmake_export_typesupport_targets-extras.cmake
[1.928s] -- Up-to-date: /home/mscrobotics2425laptop11/interbotix_ws/install/interbotix_perception_msgs/share/interbotix_perception_msgs/cmake/rosidl_cmake_export_typesupport_libraries-extras.cmake
[1.928s] -- Up-to-date: /home/mscrobotics2425laptop11/interbotix_ws/install/interbotix_perception_msgs/share/interbotix_perception_msgs/cmake/interbotix_perception_msgsConfig.cmake
[1.928s] -- Up-to-date: /home/mscrobotics2425laptop11/interbotix_ws/install/interbotix_perception_msgs/share/interbotix_perception_msgs/cmake/interbotix_perception_msgsConfig-version.cmake
[1.928s] -- Up-to-date: /home/mscrobotics2425laptop11/interbotix_ws/install/interbotix_perception_msgs/share/interbotix_perception_msgs/package.xml
[1.932s] Invoked command in '/home/mscrobotics2425laptop11/interbotix_ws/build/interbotix_perception_msgs' returned '0': CMAKE_PREFIX_PATH=${CMAKE_PREFIX_PATH}:/home/mscrobotics2425laptop11/interbotix_ws/install/interbotix_xs_modules:/home/mscrobotics2425laptop11/interbotix_ws/install/interbotix_perception_modules:/home/mscrobotics2425laptop11/interbotix_ws/install/interbotix_common_modules:/opt/ros/humble /usr/bin/cmake --install /home/mscrobotics2425laptop11/interbotix_ws/build/interbotix_perception_msgs
