[0.047s] Invoking command in '/home/mscrobotics2425laptop11/interbotix_ws/build/interbotix_xs_sdk': AMENT_PREFIX_PATH=/home/mscrobotics2425laptop11/interbotix_ws/install/interbotix_xs_driver:/home/mscrobotics2425laptop11/interbotix_ws/install/interbotix_xs_msgs:/home/mscrobotics2425laptop11/interbotix_ws/install/dynamixel_workbench_toolbox:${AMENT_PREFIX_PATH} CMAKE_PREFIX_PATH=/home/mscrobotics2425laptop11/interbotix_ws/install/interbotix_xs_driver:/home/mscrobotics2425laptop11/interbotix_ws/install/interbotix_xs_msgs:/home/mscrobotics2425laptop11/interbotix_ws/install/dynamixel_workbench_toolbox:/home/mscrobotics2425laptop11/apriltag_ws/install/apriltag_ros:/opt/ros/humble LD_LIBRARY_PATH=/home/mscrobotics2425laptop11/interbotix_ws/install/interbotix_xs_driver/lib:/home/mscrobotics2425laptop11/interbotix_ws/install/interbotix_xs_msgs/lib:/home/mscrobotics2425laptop11/interbotix_ws/install/dynamixel_workbench_toolbox/lib:${LD_LIBRARY_PATH} PYTHONPATH=/home/mscrobotics2425laptop11/interbotix_ws/install/interbotix_xs_msgs/local/lib/python3.10/dist-packages:${PYTHONPATH} /usr/bin/cmake /home/mscrobotics2425laptop11/interbotix_ws/src/interbotix_ros_core/interbotix_ros_xseries/interbotix_xs_sdk -DCMAKE_INSTALL_PREFIX=/home/mscrobotics2425laptop11/interbotix_ws/install/interbotix_xs_sdk
[0.166s] -- The C compiler identification is GNU 11.4.0
[0.325s] -- The CXX compiler identification is GNU 11.4.0
[0.341s] -- Detecting C compiler ABI info
[0.493s] -- Detecting C compiler ABI info - done
[0.510s] -- Check for working C compiler: /usr/bin/cc - skipped
[0.510s] -- Detecting C compile features
[0.511s] -- Detecting C compile features - done
[0.517s] -- Detecting CXX compiler ABI info
[0.676s] -- Detecting CXX compiler ABI info - done
[0.704s] -- Check for working CXX compiler: /usr/bin/c++ - skipped
[0.705s] -- Detecting CXX compile features
[0.707s] -- Detecting CXX compile features - done
[0.718s] -- Found ament_cmake: 1.3.11 (/opt/ros/humble/share/ament_cmake/cmake)
[1.044s] -- Found Python3: /usr/bin/python3 (found version "3.10.12") found components: Interpreter 
[1.255s] -- Found ament_index_cpp: 1.4.0 (/opt/ros/humble/share/ament_index_cpp/cmake)
[1.263s] -- Found rclcpp: 16.0.11 (/opt/ros/humble/share/rclcpp/cmake)
[1.392s] -- Found rosidl_generator_c: 3.1.6 (/opt/ros/humble/share/rosidl_generator_c/cmake)
[1.411s] -- Found rosidl_adapter: 3.1.6 (/opt/ros/humble/share/rosidl_adapter/cmake)
[1.435s] -- Found rosidl_generator_cpp: 3.1.6 (/opt/ros/humble/share/rosidl_generator_cpp/cmake)
[1.470s] -- Using all available rosidl_typesupport_c: rosidl_typesupport_fastrtps_c;rosidl_typesupport_introspection_c
[1.525s] -- Using all available rosidl_typesupport_cpp: rosidl_typesupport_fastrtps_cpp;rosidl_typesupport_introspection_cpp
[1.677s] -- Found rmw_implementation_cmake: 6.1.2 (/opt/ros/humble/share/rmw_implementation_cmake/cmake)
[1.684s] -- Found rmw_fastrtps_cpp: 6.2.7 (/opt/ros/humble/share/rmw_fastrtps_cpp/cmake)
[1.907s] -- Found OpenSSL: /usr/lib/x86_64-linux-gnu/libcrypto.so (found version "3.0.2")  
[1.966s] -- Found FastRTPS: /opt/ros/humble/include  
[2.091s] -- Using RMW implementation 'rmw_fastrtps_cpp' as default
[2.125s] -- Looking for pthread.h
[2.283s] -- Looking for pthread.h - found
[2.291s] -- Performing Test CMAKE_HAVE_LIBC_PTHREAD
[2.454s] -- Performing Test CMAKE_HAVE_LIBC_PTHREAD - Success
[2.456s] -- Found Threads: TRUE  
[2.641s] -- Found rclpy: 3.3.15 (/opt/ros/humble/share/rclpy/cmake)
[2.648s] -- Found sensor_msgs: 4.2.4 (/opt/ros/humble/share/sensor_msgs/cmake)
[2.751s] -- Found urdf: 2.6.1 (/opt/ros/humble/share/urdf/cmake)
[2.851s] -- Found interbotix_xs_msgs: 0.0.0 (/home/mscrobotics2425laptop11/interbotix_ws/install/interbotix_xs_msgs/share/interbotix_xs_msgs/cmake)
[2.968s] -- Found interbotix_xs_driver: 0.3.7 (/home/mscrobotics2425laptop11/interbotix_ws/install/interbotix_xs_driver/share/interbotix_xs_driver/cmake)
[2.988s] -- Found ament_lint_auto: 0.12.11 (/opt/ros/humble/share/ament_lint_auto/cmake)
[3.300s] -- Added test 'copyright' to check source files copyright and LICENSE
[3.307s] -- Added test 'cppcheck' to perform static code analysis on C / C++ code
[3.308s] -- Configured cppcheck include dirs: /home/mscrobotics2425laptop11/interbotix_ws/src/interbotix_ros_core/interbotix_ros_xseries/interbotix_xs_sdk/include
[3.308s] -- Configured cppcheck exclude dirs and/or files: 
[3.314s] -- Added test 'cpplint' to check C / C++ code against the Google style
[3.314s] -- Configured cpplint exclude dirs and/or files: 
[3.316s] -- Added test 'flake8' to check Python code syntax and style conventions
[3.318s] -- Added test 'lint_cmake' to check CMake code style
[3.320s] -- Added test 'pep257' to check Python code against some of the docstring style conventions in PEP 257
[3.324s] -- Added test 'uncrustify' to check C / C++ code style
[3.324s] -- Configured uncrustify additional arguments: 
[3.326s] -- Added test 'xmllint' to check XML markup files
[3.332s] -- Configuring done
[3.391s] -- Generating done
[3.407s] -- Build files have been written to: /home/mscrobotics2425laptop11/interbotix_ws/build/interbotix_xs_sdk
[3.454s] Invoked command in '/home/mscrobotics2425laptop11/interbotix_ws/build/interbotix_xs_sdk' returned '0': AMENT_PREFIX_PATH=/home/mscrobotics2425laptop11/interbotix_ws/install/interbotix_xs_driver:/home/mscrobotics2425laptop11/interbotix_ws/install/interbotix_xs_msgs:/home/mscrobotics2425laptop11/interbotix_ws/install/dynamixel_workbench_toolbox:${AMENT_PREFIX_PATH} CMAKE_PREFIX_PATH=/home/mscrobotics2425laptop11/interbotix_ws/install/interbotix_xs_driver:/home/mscrobotics2425laptop11/interbotix_ws/install/interbotix_xs_msgs:/home/mscrobotics2425laptop11/interbotix_ws/install/dynamixel_workbench_toolbox:/home/mscrobotics2425laptop11/apriltag_ws/install/apriltag_ros:/opt/ros/humble LD_LIBRARY_PATH=/home/mscrobotics2425laptop11/interbotix_ws/install/interbotix_xs_driver/lib:/home/mscrobotics2425laptop11/interbotix_ws/install/interbotix_xs_msgs/lib:/home/mscrobotics2425laptop11/interbotix_ws/install/dynamixel_workbench_toolbox/lib:${LD_LIBRARY_PATH} PYTHONPATH=/home/mscrobotics2425laptop11/interbotix_ws/install/interbotix_xs_msgs/local/lib/python3.10/dist-packages:${PYTHONPATH} /usr/bin/cmake /home/mscrobotics2425laptop11/interbotix_ws/src/interbotix_ros_core/interbotix_ros_xseries/interbotix_xs_sdk -DCMAKE_INSTALL_PREFIX=/home/mscrobotics2425laptop11/interbotix_ws/install/interbotix_xs_sdk
[3.455s] Invoking command in '/home/mscrobotics2425laptop11/interbotix_ws/build/interbotix_xs_sdk': AMENT_PREFIX_PATH=/home/mscrobotics2425laptop11/interbotix_ws/install/interbotix_xs_driver:/home/mscrobotics2425laptop11/interbotix_ws/install/interbotix_xs_msgs:/home/mscrobotics2425laptop11/interbotix_ws/install/dynamixel_workbench_toolbox:${AMENT_PREFIX_PATH} CMAKE_PREFIX_PATH=/home/mscrobotics2425laptop11/interbotix_ws/install/interbotix_xs_driver:/home/mscrobotics2425laptop11/interbotix_ws/install/interbotix_xs_msgs:/home/mscrobotics2425laptop11/interbotix_ws/install/dynamixel_workbench_toolbox:/home/mscrobotics2425laptop11/apriltag_ws/install/apriltag_ros:/opt/ros/humble LD_LIBRARY_PATH=/home/mscrobotics2425laptop11/interbotix_ws/install/interbotix_xs_driver/lib:/home/mscrobotics2425laptop11/interbotix_ws/install/interbotix_xs_msgs/lib:/home/mscrobotics2425laptop11/interbotix_ws/install/dynamixel_workbench_toolbox/lib:${LD_LIBRARY_PATH} PYTHONPATH=/home/mscrobotics2425laptop11/interbotix_ws/install/interbotix_xs_msgs/local/lib/python3.10/dist-packages:${PYTHONPATH} /usr/bin/cmake --build /home/mscrobotics2425laptop11/interbotix_ws/build/interbotix_xs_sdk -- -j12 -l12
[3.584s] [ 33%] [32mBuilding CXX object CMakeFiles/xs_sdk.dir/src/xs_sdk.cpp.o[0m
[3.624s] [ 66%] [32mBuilding CXX object CMakeFiles/xs_sdk.dir/src/xs_sdk_obj.cpp.o[0m
[38.039s] [100%] [32m[1mLinking CXX executable xs_sdk[0m
[39.342s] [100%] Built target xs_sdk
[39.362s] Invoked command in '/home/mscrobotics2425laptop11/interbotix_ws/build/interbotix_xs_sdk' returned '0': AMENT_PREFIX_PATH=/home/mscrobotics2425laptop11/interbotix_ws/install/interbotix_xs_driver:/home/mscrobotics2425laptop11/interbotix_ws/install/interbotix_xs_msgs:/home/mscrobotics2425laptop11/interbotix_ws/install/dynamixel_workbench_toolbox:${AMENT_PREFIX_PATH} CMAKE_PREFIX_PATH=/home/mscrobotics2425laptop11/interbotix_ws/install/interbotix_xs_driver:/home/mscrobotics2425laptop11/interbotix_ws/install/interbotix_xs_msgs:/home/mscrobotics2425laptop11/interbotix_ws/install/dynamixel_workbench_toolbox:/home/mscrobotics2425laptop11/apriltag_ws/install/apriltag_ros:/opt/ros/humble LD_LIBRARY_PATH=/home/mscrobotics2425laptop11/interbotix_ws/install/interbotix_xs_driver/lib:/home/mscrobotics2425laptop11/interbotix_ws/install/interbotix_xs_msgs/lib:/home/mscrobotics2425laptop11/interbotix_ws/install/dynamixel_workbench_toolbox/lib:${LD_LIBRARY_PATH} PYTHONPATH=/home/mscrobotics2425laptop11/interbotix_ws/install/interbotix_xs_msgs/local/lib/python3.10/dist-packages:${PYTHONPATH} /usr/bin/cmake --build /home/mscrobotics2425laptop11/interbotix_ws/build/interbotix_xs_sdk -- -j12 -l12
[39.365s] Invoking command in '/home/mscrobotics2425laptop11/interbotix_ws/build/interbotix_xs_sdk': AMENT_PREFIX_PATH=/home/mscrobotics2425laptop11/interbotix_ws/install/interbotix_xs_driver:/home/mscrobotics2425laptop11/interbotix_ws/install/interbotix_xs_msgs:/home/mscrobotics2425laptop11/interbotix_ws/install/dynamixel_workbench_toolbox:${AMENT_PREFIX_PATH} CMAKE_PREFIX_PATH=/home/mscrobotics2425laptop11/interbotix_ws/install/interbotix_xs_driver:/home/mscrobotics2425laptop11/interbotix_ws/install/interbotix_xs_msgs:/home/mscrobotics2425laptop11/interbotix_ws/install/dynamixel_workbench_toolbox:/home/mscrobotics2425laptop11/apriltag_ws/install/apriltag_ros:/opt/ros/humble LD_LIBRARY_PATH=/home/mscrobotics2425laptop11/interbotix_ws/install/interbotix_xs_driver/lib:/home/mscrobotics2425laptop11/interbotix_ws/install/interbotix_xs_msgs/lib:/home/mscrobotics2425laptop11/interbotix_ws/install/dynamixel_workbench_toolbox/lib:${LD_LIBRARY_PATH} PYTHONPATH=/home/mscrobotics2425laptop11/interbotix_ws/install/interbotix_xs_msgs/local/lib/python3.10/dist-packages:${PYTHONPATH} /usr/bin/cmake --install /home/mscrobotics2425laptop11/interbotix_ws/build/interbotix_xs_sdk
[39.378s] -- Install configuration: ""
[39.379s] -- Installing: /home/mscrobotics2425laptop11/interbotix_ws/install/interbotix_xs_sdk/lib/interbotix_xs_sdk/xs_sdk
[39.386s] -- Set runtime path of "/home/mscrobotics2425laptop11/interbotix_ws/install/interbotix_xs_sdk/lib/interbotix_xs_sdk/xs_sdk" to ""
[39.386s] -- Installing: /home/mscrobotics2425laptop11/interbotix_ws/install/interbotix_xs_sdk/lib/interbotix_xs_sdk/xs_sdk_sim.py
[39.387s] -- Installing: /home/mscrobotics2425laptop11/interbotix_ws/install/interbotix_xs_sdk/share/interbotix_xs_sdk//config
[39.387s] -- Installing: /home/mscrobotics2425laptop11/interbotix_ws/install/interbotix_xs_sdk/share/interbotix_xs_sdk//config/motor_configs_template.yaml
[39.388s] -- Installing: /home/mscrobotics2425laptop11/interbotix_ws/install/interbotix_xs_sdk/share/interbotix_xs_sdk//config/mode_configs_template.yaml
[39.388s] -- Installing: /home/mscrobotics2425laptop11/interbotix_ws/install/interbotix_xs_sdk/share/ament_index/resource_index/package_run_dependencies/interbotix_xs_sdk
[39.388s] -- Installing: /home/mscrobotics2425laptop11/interbotix_ws/install/interbotix_xs_sdk/share/ament_index/resource_index/parent_prefix_path/interbotix_xs_sdk
[39.389s] -- Installing: /home/mscrobotics2425laptop11/interbotix_ws/install/interbotix_xs_sdk/share/interbotix_xs_sdk/environment/ament_prefix_path.sh
[39.389s] -- Installing: /home/mscrobotics2425laptop11/interbotix_ws/install/interbotix_xs_sdk/share/interbotix_xs_sdk/environment/ament_prefix_path.dsv
[39.389s] -- Installing: /home/mscrobotics2425laptop11/interbotix_ws/install/interbotix_xs_sdk/share/interbotix_xs_sdk/environment/path.sh
[39.390s] -- Installing: /home/mscrobotics2425laptop11/interbotix_ws/install/interbotix_xs_sdk/share/interbotix_xs_sdk/environment/path.dsv
[39.390s] -- Installing: /home/mscrobotics2425laptop11/interbotix_ws/install/interbotix_xs_sdk/share/interbotix_xs_sdk/local_setup.bash
[39.390s] -- Installing: /home/mscrobotics2425laptop11/interbotix_ws/install/interbotix_xs_sdk/share/interbotix_xs_sdk/local_setup.sh
[39.391s] -- Installing: /home/mscrobotics2425laptop11/interbotix_ws/install/interbotix_xs_sdk/share/interbotix_xs_sdk/local_setup.zsh
[39.391s] -- Installing: /home/mscrobotics2425laptop11/interbotix_ws/install/interbotix_xs_sdk/share/interbotix_xs_sdk/local_setup.dsv
[39.392s] -- Installing: /home/mscrobotics2425laptop11/interbotix_ws/install/interbotix_xs_sdk/share/interbotix_xs_sdk/package.dsv
[39.392s] -- Installing: /home/mscrobotics2425laptop11/interbotix_ws/install/interbotix_xs_sdk/share/ament_index/resource_index/packages/interbotix_xs_sdk
[39.392s] -- Installing: /home/mscrobotics2425laptop11/interbotix_ws/install/interbotix_xs_sdk/share/interbotix_xs_sdk/cmake/interbotix_xs_sdkConfig.cmake
[39.393s] -- Installing: /home/mscrobotics2425laptop11/interbotix_ws/install/interbotix_xs_sdk/share/interbotix_xs_sdk/cmake/interbotix_xs_sdkConfig-version.cmake
[39.393s] -- Installing: /home/mscrobotics2425laptop11/interbotix_ws/install/interbotix_xs_sdk/share/interbotix_xs_sdk/package.xml
[39.398s] Invoked command in '/home/mscrobotics2425laptop11/interbotix_ws/build/interbotix_xs_sdk' returned '0': AMENT_PREFIX_PATH=/home/mscrobotics2425laptop11/interbotix_ws/install/interbotix_xs_driver:/home/mscrobotics2425laptop11/interbotix_ws/install/interbotix_xs_msgs:/home/mscrobotics2425laptop11/interbotix_ws/install/dynamixel_workbench_toolbox:${AMENT_PREFIX_PATH} CMAKE_PREFIX_PATH=/home/mscrobotics2425laptop11/interbotix_ws/install/interbotix_xs_driver:/home/mscrobotics2425laptop11/interbotix_ws/install/interbotix_xs_msgs:/home/mscrobotics2425laptop11/interbotix_ws/install/dynamixel_workbench_toolbox:/home/mscrobotics2425laptop11/apriltag_ws/install/apriltag_ros:/opt/ros/humble LD_LIBRARY_PATH=/home/mscrobotics2425laptop11/interbotix_ws/install/interbotix_xs_driver/lib:/home/mscrobotics2425laptop11/interbotix_ws/install/interbotix_xs_msgs/lib:/home/mscrobotics2425laptop11/interbotix_ws/install/dynamixel_workbench_toolbox/lib:${LD_LIBRARY_PATH} PYTHONPATH=/home/mscrobotics2425laptop11/interbotix_ws/install/interbotix_xs_msgs/local/lib/python3.10/dist-packages:${PYTHONPATH} /usr/bin/cmake --install /home/mscrobotics2425laptop11/interbotix_ws/build/interbotix_xs_sdk
