[ 33%] [32mBuilding CXX object CMakeFiles/interbotix_xs_driver.dir/src/xs_driver.cpp.o[0m
[ 66%] [32mBuilding CXX object CMakeFiles/interbotix_xs_driver.dir/src/xs_logging.cpp.o[0m
[100%] [32m[1mLinking CXX shared library libinterbotix_xs_driver.so[0m
[100%] Built target interbotix_xs_driver
-- Install configuration: ""
-- Installing: /home/mscrobotics2425laptop11/interbotix_ws/install/interbotix_xs_driver/lib/libinterbotix_xs_driver.so
-- Set runtime path of "/home/mscrobotics2425laptop11/interbotix_ws/install/interbotix_xs_driver/lib/libinterbotix_xs_driver.so" to ""
-- Up-to-date: /home/mscrobotics2425laptop11/interbotix_ws/install/interbotix_xs_driver/include/interbotix_xs_driver/version.hpp
-- Up-to-date: /home/mscrobotics2425laptop11/interbotix_ws/install/interbotix_xs_driver/include/interbotix_xs_driver
-- Up-to-date: /home/mscrobotics2425laptop11/interbotix_ws/install/interbotix_xs_driver/include/interbotix_xs_driver/xs_logging.hpp
-- Up-to-date: /home/mscrobotics2425laptop11/interbotix_ws/install/interbotix_xs_driver/include/interbotix_xs_driver/xs_driver.hpp
-- Up-to-date: /home/mscrobotics2425laptop11/interbotix_ws/install/interbotix_xs_driver/include/interbotix_xs_driver/xs_common.hpp
-- Up-to-date: /home/mscrobotics2425laptop11/interbotix_ws/install/interbotix_xs_driver/share/interbotix_xs_driver/package.xml
-- Up-to-date: /home/mscrobotics2425laptop11/interbotix_ws/install/interbotix_xs_driver/share/ament_index/resource_index/package_run_dependencies/interbotix_xs_driver
-- Up-to-date: /home/mscrobotics2425laptop11/interbotix_ws/install/interbotix_xs_driver/share/ament_index/resource_index/parent_prefix_path/interbotix_xs_driver
-- Up-to-date: /home/mscrobotics2425laptop11/interbotix_ws/install/interbotix_xs_driver/share/interbotix_xs_driver/environment/ament_prefix_path.sh
-- Up-to-date: /home/mscrobotics2425laptop11/interbotix_ws/install/interbotix_xs_driver/share/interbotix_xs_driver/environment/ament_prefix_path.dsv
-- Up-to-date: /home/mscrobotics2425laptop11/interbotix_ws/install/interbotix_xs_driver/share/interbotix_xs_driver/environment/path.sh
-- Up-to-date: /home/mscrobotics2425laptop11/interbotix_ws/install/interbotix_xs_driver/share/interbotix_xs_driver/environment/path.dsv
-- Up-to-date: /home/mscrobotics2425laptop11/interbotix_ws/install/interbotix_xs_driver/share/interbotix_xs_driver/local_setup.bash
-- Up-to-date: /home/mscrobotics2425laptop11/interbotix_ws/install/interbotix_xs_driver/share/interbotix_xs_driver/local_setup.sh
-- Up-to-date: /home/mscrobotics2425laptop11/interbotix_ws/install/interbotix_xs_driver/share/interbotix_xs_driver/local_setup.zsh
-- Up-to-date: /home/mscrobotics2425laptop11/interbotix_ws/install/interbotix_xs_driver/share/interbotix_xs_driver/local_setup.dsv
-- Installing: /home/mscrobotics2425laptop11/interbotix_ws/install/interbotix_xs_driver/share/interbotix_xs_driver/package.dsv
-- Up-to-date: /home/mscrobotics2425laptop11/interbotix_ws/install/interbotix_xs_driver/share/ament_index/resource_index/packages/interbotix_xs_driver
-- Up-to-date: /home/mscrobotics2425laptop11/interbotix_ws/install/interbotix_xs_driver/share/interbotix_xs_driver/cmake/export_interbotix_xs_driverExport.cmake
-- Up-to-date: /home/mscrobotics2425laptop11/interbotix_ws/install/interbotix_xs_driver/share/interbotix_xs_driver/cmake/export_interbotix_xs_driverExport-noconfig.cmake
-- Up-to-date: /home/mscrobotics2425laptop11/interbotix_ws/install/interbotix_xs_driver/share/interbotix_xs_driver/cmake/ament_cmake_export_dependencies-extras.cmake
-- Up-to-date: /home/mscrobotics2425laptop11/interbotix_ws/install/interbotix_xs_driver/share/interbotix_xs_driver/cmake/ament_cmake_export_targets-extras.cmake
-- Up-to-date: /home/mscrobotics2425laptop11/interbotix_ws/install/interbotix_xs_driver/share/interbotix_xs_driver/cmake/interbotix_xs_driverConfig.cmake
-- Up-to-date: /home/mscrobotics2425laptop11/interbotix_ws/install/interbotix_xs_driver/share/interbotix_xs_driver/cmake/interbotix_xs_driverConfig-version.cmake
-- Up-to-date: /home/mscrobotics2425laptop11/interbotix_ws/install/interbotix_xs_driver/share/interbotix_xs_driver/package.xml
