[0.600s] Invoking command in '/home/mscrobotics2425laptop11/interbotix_ws/build/interbotix_moveit_interface_msgs': CMAKE_PREFIX_PATH=${CMAKE_PREFIX_PATH}:/home/mscrobotics2425laptop11/interbotix_ws/install/interbotix_xs_modules:/home/mscrobotics2425laptop11/interbotix_ws/install/interbotix_perception_modules:/home/mscrobotics2425laptop11/interbotix_ws/install/interbotix_common_modules:/opt/ros/humble /usr/bin/cmake --build /home/mscrobotics2425laptop11/interbotix_ws/build/interbotix_moveit_interface_msgs -- -j12 -l12
[0.760s] [  3%] Built target interbotix_moveit_interface_msgs__cpp
[0.777s] [ 12%] Built target interbotix_moveit_interface_msgs__rosidl_generator_c
[0.792s] [ 12%] Built target ament_cmake_python_copy_interbotix_moveit_interface_msgs
[0.856s] [ 22%] Built target interbotix_moveit_interface_msgs__rosidl_typesupport_introspection_cpp
[0.856s] [ 32%] Built target interbotix_moveit_interface_msgs__rosidl_typesupport_fastrtps_cpp
[0.858s] [ 41%] Built target interbotix_moveit_interface_msgs__rosidl_typesupport_fastrtps_c
[0.861s] [ 51%] Built target interbotix_moveit_interface_msgs__rosidl_typesupport_c
[0.868s] [ 61%] Built target interbotix_moveit_interface_msgs__rosidl_typesupport_introspection_c
[0.871s] [ 70%] Built target interbotix_moveit_interface_msgs__rosidl_typesupport_cpp
[0.951s] [ 70%] Built target interbotix_moveit_interface_msgs
[1.113s] [ 74%] Built target interbotix_moveit_interface_msgs__py
[1.125s] [ 80%] Built target interbotix_moveit_interface_msgs__rosidl_generator_py
[1.147s] [ 87%] Built target interbotix_moveit_interface_msgs__rosidl_typesupport_c__pyext
[1.149s] [ 93%] Built target interbotix_moveit_interface_msgs__rosidl_typesupport_introspection_c__pyext
[1.149s] [100%] Built target interbotix_moveit_interface_msgs__rosidl_typesupport_fastrtps_c__pyext
[1.649s] running egg_info
[1.650s] writing interbotix_moveit_interface_msgs.egg-info/PKG-INFO
[1.651s] writing dependency_links to interbotix_moveit_interface_msgs.egg-info/dependency_links.txt
[1.651s] writing top-level names to interbotix_moveit_interface_msgs.egg-info/top_level.txt
[1.656s] reading manifest file 'interbotix_moveit_interface_msgs.egg-info/SOURCES.txt'
[1.658s] writing manifest file 'interbotix_moveit_interface_msgs.egg-info/SOURCES.txt'
[1.737s] [100%] Built target ament_cmake_python_build_interbotix_moveit_interface_msgs_egg
[1.778s] Invoked command in '/home/mscrobotics2425laptop11/interbotix_ws/build/interbotix_moveit_interface_msgs' returned '0': CMAKE_PREFIX_PATH=${CMAKE_PREFIX_PATH}:/home/mscrobotics2425laptop11/interbotix_ws/install/interbotix_xs_modules:/home/mscrobotics2425laptop11/interbotix_ws/install/interbotix_perception_modules:/home/mscrobotics2425laptop11/interbotix_ws/install/interbotix_common_modules:/opt/ros/humble /usr/bin/cmake --build /home/mscrobotics2425laptop11/interbotix_ws/build/interbotix_moveit_interface_msgs -- -j12 -l12
[1.790s] Invoking command in '/home/mscrobotics2425laptop11/interbotix_ws/build/interbotix_moveit_interface_msgs': CMAKE_PREFIX_PATH=${CMAKE_PREFIX_PATH}:/home/mscrobotics2425laptop11/interbotix_ws/install/interbotix_xs_modules:/home/mscrobotics2425laptop11/interbotix_ws/install/interbotix_perception_modules:/home/mscrobotics2425laptop11/interbotix_ws/install/interbotix_common_modules:/opt/ros/humble /usr/bin/cmake --install /home/mscrobotics2425laptop11/interbotix_ws/build/interbotix_moveit_interface_msgs
[1.791s] -- Install configuration: ""
[1.791s] -- Up-to-date: /home/mscrobotics2425laptop11/interbotix_ws/install/interbotix_moveit_interface_msgs/share/ament_index/resource_index/rosidl_interfaces/interbotix_moveit_interface_msgs
[1.792s] -- Up-to-date: /home/mscrobotics2425laptop11/interbotix_ws/install/interbotix_moveit_interface_msgs/include/interbotix_moveit_interface_msgs/interbotix_moveit_interface_msgs
[1.792s] -- Up-to-date: /home/mscrobotics2425laptop11/interbotix_ws/install/interbotix_moveit_interface_msgs/include/interbotix_moveit_interface_msgs/interbotix_moveit_interface_msgs/msg
[1.792s] -- Up-to-date: /home/mscrobotics2425laptop11/interbotix_ws/install/interbotix_moveit_interface_msgs/include/interbotix_moveit_interface_msgs/interbotix_moveit_interface_msgs/msg/rosidl_generator_c__visibility_control.h
[1.792s] -- Up-to-date: /home/mscrobotics2425laptop11/interbotix_ws/install/interbotix_moveit_interface_msgs/include/interbotix_moveit_interface_msgs/interbotix_moveit_interface_msgs/srv
[1.792s] -- Up-to-date: /home/mscrobotics2425laptop11/interbotix_ws/install/interbotix_moveit_interface_msgs/include/interbotix_moveit_interface_msgs/interbotix_moveit_interface_msgs/srv/move_it_plan.h
[1.792s] -- Up-to-date: /home/mscrobotics2425laptop11/interbotix_ws/install/interbotix_moveit_interface_msgs/include/interbotix_moveit_interface_msgs/interbotix_moveit_interface_msgs/srv/detail
[1.792s] -- Up-to-date: /home/mscrobotics2425laptop11/interbotix_ws/install/interbotix_moveit_interface_msgs/include/interbotix_moveit_interface_msgs/interbotix_moveit_interface_msgs/srv/detail/move_it_plan__functions.h
[1.792s] -- Up-to-date: /home/mscrobotics2425laptop11/interbotix_ws/install/interbotix_moveit_interface_msgs/include/interbotix_moveit_interface_msgs/interbotix_moveit_interface_msgs/srv/detail/move_it_plan__struct.h
[1.792s] -- Up-to-date: /home/mscrobotics2425laptop11/interbotix_ws/install/interbotix_moveit_interface_msgs/include/interbotix_moveit_interface_msgs/interbotix_moveit_interface_msgs/srv/detail/move_it_plan__type_support.h
[1.792s] -- Up-to-date: /home/mscrobotics2425laptop11/interbotix_ws/install/interbotix_moveit_interface_msgs/include/interbotix_moveit_interface_msgs/interbotix_moveit_interface_msgs/srv/detail/move_it_plan__functions.c
[1.792s] -- Up-to-date: /home/mscrobotics2425laptop11/interbotix_ws/install/interbotix_moveit_interface_msgs/share/interbotix_moveit_interface_msgs/environment/library_path.sh
[1.792s] -- Up-to-date: /home/mscrobotics2425laptop11/interbotix_ws/install/interbotix_moveit_interface_msgs/share/interbotix_moveit_interface_msgs/environment/library_path.dsv
[1.792s] -- Up-to-date: /home/mscrobotics2425laptop11/interbotix_ws/install/interbotix_moveit_interface_msgs/lib/libinterbotix_moveit_interface_msgs__rosidl_generator_c.so
[1.792s] -- Up-to-date: /home/mscrobotics2425laptop11/interbotix_ws/install/interbotix_moveit_interface_msgs/include/interbotix_moveit_interface_msgs/interbotix_moveit_interface_msgs
[1.793s] -- Up-to-date: /home/mscrobotics2425laptop11/interbotix_ws/install/interbotix_moveit_interface_msgs/include/interbotix_moveit_interface_msgs/interbotix_moveit_interface_msgs/msg
[1.793s] -- Up-to-date: /home/mscrobotics2425laptop11/interbotix_ws/install/interbotix_moveit_interface_msgs/include/interbotix_moveit_interface_msgs/interbotix_moveit_interface_msgs/msg/rosidl_typesupport_fastrtps_c__visibility_control.h
[1.793s] -- Up-to-date: /home/mscrobotics2425laptop11/interbotix_ws/install/interbotix_moveit_interface_msgs/include/interbotix_moveit_interface_msgs/interbotix_moveit_interface_msgs/srv
[1.793s] -- Up-to-date: /home/mscrobotics2425laptop11/interbotix_ws/install/interbotix_moveit_interface_msgs/include/interbotix_moveit_interface_msgs/interbotix_moveit_interface_msgs/srv/detail
[1.793s] -- Up-to-date: /home/mscrobotics2425laptop11/interbotix_ws/install/interbotix_moveit_interface_msgs/include/interbotix_moveit_interface_msgs/interbotix_moveit_interface_msgs/srv/detail/move_it_plan__rosidl_typesupport_fastrtps_c.h
[1.793s] -- Up-to-date: /home/mscrobotics2425laptop11/interbotix_ws/install/interbotix_moveit_interface_msgs/lib/libinterbotix_moveit_interface_msgs__rosidl_typesupport_fastrtps_c.so
[1.793s] -- Up-to-date: /home/mscrobotics2425laptop11/interbotix_ws/install/interbotix_moveit_interface_msgs/include/interbotix_moveit_interface_msgs/interbotix_moveit_interface_msgs
[1.793s] -- Up-to-date: /home/mscrobotics2425laptop11/interbotix_ws/install/interbotix_moveit_interface_msgs/include/interbotix_moveit_interface_msgs/interbotix_moveit_interface_msgs/msg
[1.793s] -- Up-to-date: /home/mscrobotics2425laptop11/interbotix_ws/install/interbotix_moveit_interface_msgs/include/interbotix_moveit_interface_msgs/interbotix_moveit_interface_msgs/msg/rosidl_typesupport_introspection_c__visibility_control.h
[1.793s] -- Up-to-date: /home/mscrobotics2425laptop11/interbotix_ws/install/interbotix_moveit_interface_msgs/include/interbotix_moveit_interface_msgs/interbotix_moveit_interface_msgs/srv
[1.793s] -- Up-to-date: /home/mscrobotics2425laptop11/interbotix_ws/install/interbotix_moveit_interface_msgs/include/interbotix_moveit_interface_msgs/interbotix_moveit_interface_msgs/srv/detail
[1.793s] -- Up-to-date: /home/mscrobotics2425laptop11/interbotix_ws/install/interbotix_moveit_interface_msgs/include/interbotix_moveit_interface_msgs/interbotix_moveit_interface_msgs/srv/detail/move_it_plan__type_support.c
[1.793s] -- Up-to-date: /home/mscrobotics2425laptop11/interbotix_ws/install/interbotix_moveit_interface_msgs/include/interbotix_moveit_interface_msgs/interbotix_moveit_interface_msgs/srv/detail/move_it_plan__rosidl_typesupport_introspection_c.h
[1.794s] -- Up-to-date: /home/mscrobotics2425laptop11/interbotix_ws/install/interbotix_moveit_interface_msgs/lib/libinterbotix_moveit_interface_msgs__rosidl_typesupport_introspection_c.so
[1.794s] -- Up-to-date: /home/mscrobotics2425laptop11/interbotix_ws/install/interbotix_moveit_interface_msgs/lib/libinterbotix_moveit_interface_msgs__rosidl_typesupport_c.so
[1.794s] -- Up-to-date: /home/mscrobotics2425laptop11/interbotix_ws/install/interbotix_moveit_interface_msgs/include/interbotix_moveit_interface_msgs/interbotix_moveit_interface_msgs
[1.794s] -- Up-to-date: /home/mscrobotics2425laptop11/interbotix_ws/install/interbotix_moveit_interface_msgs/include/interbotix_moveit_interface_msgs/interbotix_moveit_interface_msgs/msg
[1.794s] -- Up-to-date: /home/mscrobotics2425laptop11/interbotix_ws/install/interbotix_moveit_interface_msgs/include/interbotix_moveit_interface_msgs/interbotix_moveit_interface_msgs/msg/rosidl_generator_cpp__visibility_control.hpp
[1.794s] -- Up-to-date: /home/mscrobotics2425laptop11/interbotix_ws/install/interbotix_moveit_interface_msgs/include/interbotix_moveit_interface_msgs/interbotix_moveit_interface_msgs/srv
[1.794s] -- Up-to-date: /home/mscrobotics2425laptop11/interbotix_ws/install/interbotix_moveit_interface_msgs/include/interbotix_moveit_interface_msgs/interbotix_moveit_interface_msgs/srv/move_it_plan.hpp
[1.794s] -- Up-to-date: /home/mscrobotics2425laptop11/interbotix_ws/install/interbotix_moveit_interface_msgs/include/interbotix_moveit_interface_msgs/interbotix_moveit_interface_msgs/srv/detail
[1.794s] -- Up-to-date: /home/mscrobotics2425laptop11/interbotix_ws/install/interbotix_moveit_interface_msgs/include/interbotix_moveit_interface_msgs/interbotix_moveit_interface_msgs/srv/detail/move_it_plan__struct.hpp
[1.794s] -- Up-to-date: /home/mscrobotics2425laptop11/interbotix_ws/install/interbotix_moveit_interface_msgs/include/interbotix_moveit_interface_msgs/interbotix_moveit_interface_msgs/srv/detail/move_it_plan__builder.hpp
[1.795s] -- Up-to-date: /home/mscrobotics2425laptop11/interbotix_ws/install/interbotix_moveit_interface_msgs/include/interbotix_moveit_interface_msgs/interbotix_moveit_interface_msgs/srv/detail/move_it_plan__traits.hpp
[1.795s] -- Up-to-date: /home/mscrobotics2425laptop11/interbotix_ws/install/interbotix_moveit_interface_msgs/include/interbotix_moveit_interface_msgs/interbotix_moveit_interface_msgs/srv/detail/move_it_plan__type_support.hpp
[1.795s] -- Up-to-date: /home/mscrobotics2425laptop11/interbotix_ws/install/interbotix_moveit_interface_msgs/include/interbotix_moveit_interface_msgs/interbotix_moveit_interface_msgs
[1.795s] -- Up-to-date: /home/mscrobotics2425laptop11/interbotix_ws/install/interbotix_moveit_interface_msgs/include/interbotix_moveit_interface_msgs/interbotix_moveit_interface_msgs/msg
[1.795s] -- Up-to-date: /home/mscrobotics2425laptop11/interbotix_ws/install/interbotix_moveit_interface_msgs/include/interbotix_moveit_interface_msgs/interbotix_moveit_interface_msgs/msg/rosidl_typesupport_fastrtps_cpp__visibility_control.h
[1.795s] -- Up-to-date: /home/mscrobotics2425laptop11/interbotix_ws/install/interbotix_moveit_interface_msgs/include/interbotix_moveit_interface_msgs/interbotix_moveit_interface_msgs/srv
[1.795s] -- Up-to-date: /home/mscrobotics2425laptop11/interbotix_ws/install/interbotix_moveit_interface_msgs/include/interbotix_moveit_interface_msgs/interbotix_moveit_interface_msgs/srv/detail
[1.795s] -- Up-to-date: /home/mscrobotics2425laptop11/interbotix_ws/install/interbotix_moveit_interface_msgs/include/interbotix_moveit_interface_msgs/interbotix_moveit_interface_msgs/srv/detail/move_it_plan__rosidl_typesupport_fastrtps_cpp.hpp
[1.795s] -- Up-to-date: /home/mscrobotics2425laptop11/interbotix_ws/install/interbotix_moveit_interface_msgs/include/interbotix_moveit_interface_msgs/interbotix_moveit_interface_msgs/srv/detail/dds_fastrtps
[1.795s] -- Up-to-date: /home/mscrobotics2425laptop11/interbotix_ws/install/interbotix_moveit_interface_msgs/lib/libinterbotix_moveit_interface_msgs__rosidl_typesupport_fastrtps_cpp.so
[1.796s] -- Up-to-date: /home/mscrobotics2425laptop11/interbotix_ws/install/interbotix_moveit_interface_msgs/include/interbotix_moveit_interface_msgs/interbotix_moveit_interface_msgs
[1.796s] -- Up-to-date: /home/mscrobotics2425laptop11/interbotix_ws/install/interbotix_moveit_interface_msgs/include/interbotix_moveit_interface_msgs/interbotix_moveit_interface_msgs/srv
[1.796s] -- Up-to-date: /home/mscrobotics2425laptop11/interbotix_ws/install/interbotix_moveit_interface_msgs/include/interbotix_moveit_interface_msgs/interbotix_moveit_interface_msgs/srv/detail
[1.797s] -- Up-to-date: /home/mscrobotics2425laptop11/interbotix_ws/install/interbotix_moveit_interface_msgs/include/interbotix_moveit_interface_msgs/interbotix_moveit_interface_msgs/srv/detail/move_it_plan__type_support.cpp
[1.797s] -- Up-to-date: /home/mscrobotics2425laptop11/interbotix_ws/install/interbotix_moveit_interface_msgs/include/interbotix_moveit_interface_msgs/interbotix_moveit_interface_msgs/srv/detail/move_it_plan__rosidl_typesupport_introspection_cpp.hpp
[1.798s] -- Up-to-date: /home/mscrobotics2425laptop11/interbotix_ws/install/interbotix_moveit_interface_msgs/lib/libinterbotix_moveit_interface_msgs__rosidl_typesupport_introspection_cpp.so
[1.799s] -- Up-to-date: /home/mscrobotics2425laptop11/interbotix_ws/install/interbotix_moveit_interface_msgs/lib/libinterbotix_moveit_interface_msgs__rosidl_typesupport_cpp.so
[1.799s] -- Up-to-date: /home/mscrobotics2425laptop11/interbotix_ws/install/interbotix_moveit_interface_msgs/share/interbotix_moveit_interface_msgs/environment/pythonpath.sh
[1.799s] -- Up-to-date: /home/mscrobotics2425laptop11/interbotix_ws/install/interbotix_moveit_interface_msgs/share/interbotix_moveit_interface_msgs/environment/pythonpath.dsv
[1.800s] -- Up-to-date: /home/mscrobotics2425laptop11/interbotix_ws/install/interbotix_moveit_interface_msgs/local/lib/python3.10/dist-packages/interbotix_moveit_interface_msgs-0.0.0-py3.10.egg-info
[1.800s] -- Installing: /home/mscrobotics2425laptop11/interbotix_ws/install/interbotix_moveit_interface_msgs/local/lib/python3.10/dist-packages/interbotix_moveit_interface_msgs-0.0.0-py3.10.egg-info/SOURCES.txt
[1.802s] -- Installing: /home/mscrobotics2425laptop11/interbotix_ws/install/interbotix_moveit_interface_msgs/local/lib/python3.10/dist-packages/interbotix_moveit_interface_msgs-0.0.0-py3.10.egg-info/dependency_links.txt
[1.803s] -- Installing: /home/mscrobotics2425laptop11/interbotix_ws/install/interbotix_moveit_interface_msgs/local/lib/python3.10/dist-packages/interbotix_moveit_interface_msgs-0.0.0-py3.10.egg-info/top_level.txt
[1.804s] -- Installing: /home/mscrobotics2425laptop11/interbotix_ws/install/interbotix_moveit_interface_msgs/local/lib/python3.10/dist-packages/interbotix_moveit_interface_msgs-0.0.0-py3.10.egg-info/PKG-INFO
[1.804s] -- Up-to-date: /home/mscrobotics2425laptop11/interbotix_ws/install/interbotix_moveit_interface_msgs/local/lib/python3.10/dist-packages/interbotix_moveit_interface_msgs
[1.804s] -- Up-to-date: /home/mscrobotics2425laptop11/interbotix_ws/install/interbotix_moveit_interface_msgs/local/lib/python3.10/dist-packages/interbotix_moveit_interface_msgs/_interbotix_moveit_interface_msgs_s.ep.rosidl_typesupport_fastrtps_c.c
[1.804s] -- Up-to-date: /home/mscrobotics2425laptop11/interbotix_ws/install/interbotix_moveit_interface_msgs/local/lib/python3.10/dist-packages/interbotix_moveit_interface_msgs/libinterbotix_moveit_interface_msgs__rosidl_generator_py.so
[1.804s] -- Up-to-date: /home/mscrobotics2425laptop11/interbotix_ws/install/interbotix_moveit_interface_msgs/local/lib/python3.10/dist-packages/interbotix_moveit_interface_msgs/interbotix_moveit_interface_msgs_s__rosidl_typesupport_introspection_c.cpython-310-x86_64-linux-gnu.so
[1.804s] -- Up-to-date: /home/mscrobotics2425laptop11/interbotix_ws/install/interbotix_moveit_interface_msgs/local/lib/python3.10/dist-packages/interbotix_moveit_interface_msgs/srv
[1.805s] -- Up-to-date: /home/mscrobotics2425laptop11/interbotix_ws/install/interbotix_moveit_interface_msgs/local/lib/python3.10/dist-packages/interbotix_moveit_interface_msgs/srv/_move_it_plan_s.c
[1.805s] -- Up-to-date: /home/mscrobotics2425laptop11/interbotix_ws/install/interbotix_moveit_interface_msgs/local/lib/python3.10/dist-packages/interbotix_moveit_interface_msgs/srv/__init__.py
[1.805s] -- Up-to-date: /home/mscrobotics2425laptop11/interbotix_ws/install/interbotix_moveit_interface_msgs/local/lib/python3.10/dist-packages/interbotix_moveit_interface_msgs/srv/_move_it_plan.py
[1.805s] -- Up-to-date: /home/mscrobotics2425laptop11/interbotix_ws/install/interbotix_moveit_interface_msgs/local/lib/python3.10/dist-packages/interbotix_moveit_interface_msgs/__init__.py
[1.805s] -- Up-to-date: /home/mscrobotics2425laptop11/interbotix_ws/install/interbotix_moveit_interface_msgs/local/lib/python3.10/dist-packages/interbotix_moveit_interface_msgs/interbotix_moveit_interface_msgs_s__rosidl_typesupport_fastrtps_c.cpython-310-x86_64-linux-gnu.so
[1.806s] -- Up-to-date: /home/mscrobotics2425laptop11/interbotix_ws/install/interbotix_moveit_interface_msgs/local/lib/python3.10/dist-packages/interbotix_moveit_interface_msgs/interbotix_moveit_interface_msgs_s__rosidl_typesupport_c.cpython-310-x86_64-linux-gnu.so
[1.806s] -- Up-to-date: /home/mscrobotics2425laptop11/interbotix_ws/install/interbotix_moveit_interface_msgs/local/lib/python3.10/dist-packages/interbotix_moveit_interface_msgs/_interbotix_moveit_interface_msgs_s.ep.rosidl_typesupport_c.c
[1.806s] -- Up-to-date: /home/mscrobotics2425laptop11/interbotix_ws/install/interbotix_moveit_interface_msgs/local/lib/python3.10/dist-packages/interbotix_moveit_interface_msgs/_interbotix_moveit_interface_msgs_s.ep.rosidl_typesupport_introspection_c.c
[1.877s] Listing '/home/mscrobotics2425laptop11/interbotix_ws/install/interbotix_moveit_interface_msgs/local/lib/python3.10/dist-packages/interbotix_moveit_interface_msgs'...
[1.878s] Listing '/home/mscrobotics2425laptop11/interbotix_ws/install/interbotix_moveit_interface_msgs/local/lib/python3.10/dist-packages/interbotix_moveit_interface_msgs/srv'...
[1.886s] -- Up-to-date: /home/mscrobotics2425laptop11/interbotix_ws/install/interbotix_moveit_interface_msgs/local/lib/python3.10/dist-packages/interbotix_moveit_interface_msgs/interbotix_moveit_interface_msgs_s__rosidl_typesupport_fastrtps_c.cpython-310-x86_64-linux-gnu.so
[1.888s] -- Up-to-date: /home/mscrobotics2425laptop11/interbotix_ws/install/interbotix_moveit_interface_msgs/local/lib/python3.10/dist-packages/interbotix_moveit_interface_msgs/interbotix_moveit_interface_msgs_s__rosidl_typesupport_introspection_c.cpython-310-x86_64-linux-gnu.so
[1.889s] -- Up-to-date: /home/mscrobotics2425laptop11/interbotix_ws/install/interbotix_moveit_interface_msgs/local/lib/python3.10/dist-packages/interbotix_moveit_interface_msgs/interbotix_moveit_interface_msgs_s__rosidl_typesupport_c.cpython-310-x86_64-linux-gnu.so
[1.891s] -- Up-to-date: /home/mscrobotics2425laptop11/interbotix_ws/install/interbotix_moveit_interface_msgs/lib/libinterbotix_moveit_interface_msgs__rosidl_generator_py.so
[1.892s] -- Up-to-date: /home/mscrobotics2425laptop11/interbotix_ws/install/interbotix_moveit_interface_msgs/share/interbotix_moveit_interface_msgs/srv/MoveItPlan.idl
[1.892s] -- Up-to-date: /home/mscrobotics2425laptop11/interbotix_ws/install/interbotix_moveit_interface_msgs/share/interbotix_moveit_interface_msgs/srv/MoveItPlan.srv
[1.892s] -- Up-to-date: /home/mscrobotics2425laptop11/interbotix_ws/install/interbotix_moveit_interface_msgs/share/interbotix_moveit_interface_msgs/srv/MoveItPlan_Request.msg
[1.892s] -- Up-to-date: /home/mscrobotics2425laptop11/interbotix_ws/install/interbotix_moveit_interface_msgs/share/interbotix_moveit_interface_msgs/srv/MoveItPlan_Response.msg
[1.892s] -- Up-to-date: /home/mscrobotics2425laptop11/interbotix_ws/install/interbotix_moveit_interface_msgs/share/ament_index/resource_index/package_run_dependencies/interbotix_moveit_interface_msgs
[1.894s] -- Up-to-date: /home/mscrobotics2425laptop11/interbotix_ws/install/interbotix_moveit_interface_msgs/share/ament_index/resource_index/parent_prefix_path/interbotix_moveit_interface_msgs
[1.895s] -- Up-to-date: /home/mscrobotics2425laptop11/interbotix_ws/install/interbotix_moveit_interface_msgs/share/interbotix_moveit_interface_msgs/environment/ament_prefix_path.sh
[1.895s] -- Up-to-date: /home/mscrobotics2425laptop11/interbotix_ws/install/interbotix_moveit_interface_msgs/share/interbotix_moveit_interface_msgs/environment/ament_prefix_path.dsv
[1.895s] -- Up-to-date: /home/mscrobotics2425laptop11/interbotix_ws/install/interbotix_moveit_interface_msgs/share/interbotix_moveit_interface_msgs/environment/path.sh
[1.895s] -- Up-to-date: /home/mscrobotics2425laptop11/interbotix_ws/install/interbotix_moveit_interface_msgs/share/interbotix_moveit_interface_msgs/environment/path.dsv
[1.895s] -- Up-to-date: /home/mscrobotics2425laptop11/interbotix_ws/install/interbotix_moveit_interface_msgs/share/interbotix_moveit_interface_msgs/local_setup.bash
[1.896s] -- Up-to-date: /home/mscrobotics2425laptop11/interbotix_ws/install/interbotix_moveit_interface_msgs/share/interbotix_moveit_interface_msgs/local_setup.sh
[1.896s] -- Up-to-date: /home/mscrobotics2425laptop11/interbotix_ws/install/interbotix_moveit_interface_msgs/share/interbotix_moveit_interface_msgs/local_setup.zsh
[1.896s] -- Up-to-date: /home/mscrobotics2425laptop11/interbotix_ws/install/interbotix_moveit_interface_msgs/share/interbotix_moveit_interface_msgs/local_setup.dsv
[1.896s] -- Installing: /home/mscrobotics2425laptop11/interbotix_ws/install/interbotix_moveit_interface_msgs/share/interbotix_moveit_interface_msgs/package.dsv
[1.897s] -- Up-to-date: /home/mscrobotics2425laptop11/interbotix_ws/install/interbotix_moveit_interface_msgs/share/ament_index/resource_index/packages/interbotix_moveit_interface_msgs
[1.900s] -- Up-to-date: /home/mscrobotics2425laptop11/interbotix_ws/install/interbotix_moveit_interface_msgs/share/interbotix_moveit_interface_msgs/cmake/export_interbotix_moveit_interface_msgs__rosidl_generator_cExport.cmake
[1.901s] -- Up-to-date: /home/mscrobotics2425laptop11/interbotix_ws/install/interbotix_moveit_interface_msgs/share/interbotix_moveit_interface_msgs/cmake/export_interbotix_moveit_interface_msgs__rosidl_generator_cExport-noconfig.cmake
[1.902s] -- Up-to-date: /home/mscrobotics2425laptop11/interbotix_ws/install/interbotix_moveit_interface_msgs/share/interbotix_moveit_interface_msgs/cmake/export_interbotix_moveit_interface_msgs__rosidl_typesupport_fastrtps_cExport.cmake
[1.902s] -- Up-to-date: /home/mscrobotics2425laptop11/interbotix_ws/install/interbotix_moveit_interface_msgs/share/interbotix_moveit_interface_msgs/cmake/export_interbotix_moveit_interface_msgs__rosidl_typesupport_fastrtps_cExport-noconfig.cmake
[1.904s] -- Up-to-date: /home/mscrobotics2425laptop11/interbotix_ws/install/interbotix_moveit_interface_msgs/share/interbotix_moveit_interface_msgs/cmake/interbotix_moveit_interface_msgs__rosidl_typesupport_introspection_cExport.cmake
[1.906s] -- Up-to-date: /home/mscrobotics2425laptop11/interbotix_ws/install/interbotix_moveit_interface_msgs/share/interbotix_moveit_interface_msgs/cmake/interbotix_moveit_interface_msgs__rosidl_typesupport_introspection_cExport-noconfig.cmake
[1.907s] -- Up-to-date: /home/mscrobotics2425laptop11/interbotix_ws/install/interbotix_moveit_interface_msgs/share/interbotix_moveit_interface_msgs/cmake/interbotix_moveit_interface_msgs__rosidl_typesupport_cExport.cmake
[1.907s] -- Up-to-date: /home/mscrobotics2425laptop11/interbotix_ws/install/interbotix_moveit_interface_msgs/share/interbotix_moveit_interface_msgs/cmake/interbotix_moveit_interface_msgs__rosidl_typesupport_cExport-noconfig.cmake
[1.910s] -- Up-to-date: /home/mscrobotics2425laptop11/interbotix_ws/install/interbotix_moveit_interface_msgs/share/interbotix_moveit_interface_msgs/cmake/export_interbotix_moveit_interface_msgs__rosidl_generator_cppExport.cmake
[1.910s] -- Up-to-date: /home/mscrobotics2425laptop11/interbotix_ws/install/interbotix_moveit_interface_msgs/share/interbotix_moveit_interface_msgs/cmake/export_interbotix_moveit_interface_msgs__rosidl_typesupport_fastrtps_cppExport.cmake
[1.912s] -- Up-to-date: /home/mscrobotics2425laptop11/interbotix_ws/install/interbotix_moveit_interface_msgs/share/interbotix_moveit_interface_msgs/cmake/export_interbotix_moveit_interface_msgs__rosidl_typesupport_fastrtps_cppExport-noconfig.cmake
[1.914s] -- Up-to-date: /home/mscrobotics2425laptop11/interbotix_ws/install/interbotix_moveit_interface_msgs/share/interbotix_moveit_interface_msgs/cmake/interbotix_moveit_interface_msgs__rosidl_typesupport_introspection_cppExport.cmake
[1.915s] -- Up-to-date: /home/mscrobotics2425laptop11/interbotix_ws/install/interbotix_moveit_interface_msgs/share/interbotix_moveit_interface_msgs/cmake/interbotix_moveit_interface_msgs__rosidl_typesupport_introspection_cppExport-noconfig.cmake
[1.915s] -- Up-to-date: /home/mscrobotics2425laptop11/interbotix_ws/install/interbotix_moveit_interface_msgs/share/interbotix_moveit_interface_msgs/cmake/interbotix_moveit_interface_msgs__rosidl_typesupport_cppExport.cmake
[1.915s] -- Up-to-date: /home/mscrobotics2425laptop11/interbotix_ws/install/interbotix_moveit_interface_msgs/share/interbotix_moveit_interface_msgs/cmake/interbotix_moveit_interface_msgs__rosidl_typesupport_cppExport-noconfig.cmake
[1.919s] -- Up-to-date: /home/mscrobotics2425laptop11/interbotix_ws/install/interbotix_moveit_interface_msgs/share/interbotix_moveit_interface_msgs/cmake/export_interbotix_moveit_interface_msgs__rosidl_generator_pyExport.cmake
[1.919s] -- Up-to-date: /home/mscrobotics2425laptop11/interbotix_ws/install/interbotix_moveit_interface_msgs/share/interbotix_moveit_interface_msgs/cmake/export_interbotix_moveit_interface_msgs__rosidl_generator_pyExport-noconfig.cmake
[1.919s] -- Up-to-date: /home/mscrobotics2425laptop11/interbotix_ws/install/interbotix_moveit_interface_msgs/share/interbotix_moveit_interface_msgs/cmake/rosidl_cmake-extras.cmake
[1.919s] -- Up-to-date: /home/mscrobotics2425laptop11/interbotix_ws/install/interbotix_moveit_interface_msgs/share/interbotix_moveit_interface_msgs/cmake/ament_cmake_export_dependencies-extras.cmake
[1.920s] -- Up-to-date: /home/mscrobotics2425laptop11/interbotix_ws/install/interbotix_moveit_interface_msgs/share/interbotix_moveit_interface_msgs/cmake/ament_cmake_export_include_directories-extras.cmake
[1.920s] -- Up-to-date: /home/mscrobotics2425laptop11/interbotix_ws/install/interbotix_moveit_interface_msgs/share/interbotix_moveit_interface_msgs/cmake/ament_cmake_export_libraries-extras.cmake
[1.920s] -- Up-to-date: /home/mscrobotics2425laptop11/interbotix_ws/install/interbotix_moveit_interface_msgs/share/interbotix_moveit_interface_msgs/cmake/ament_cmake_export_targets-extras.cmake
[1.920s] -- Up-to-date: /home/mscrobotics2425laptop11/interbotix_ws/install/interbotix_moveit_interface_msgs/share/interbotix_moveit_interface_msgs/cmake/rosidl_cmake_export_typesupport_targets-extras.cmake
[1.921s] -- Up-to-date: /home/mscrobotics2425laptop11/interbotix_ws/install/interbotix_moveit_interface_msgs/share/interbotix_moveit_interface_msgs/cmake/rosidl_cmake_export_typesupport_libraries-extras.cmake
[1.921s] -- Up-to-date: /home/mscrobotics2425laptop11/interbotix_ws/install/interbotix_moveit_interface_msgs/share/interbotix_moveit_interface_msgs/cmake/interbotix_moveit_interface_msgsConfig.cmake
[1.922s] -- Up-to-date: /home/mscrobotics2425laptop11/interbotix_ws/install/interbotix_moveit_interface_msgs/share/interbotix_moveit_interface_msgs/cmake/interbotix_moveit_interface_msgsConfig-version.cmake
[1.922s] -- Up-to-date: /home/mscrobotics2425laptop11/interbotix_ws/install/interbotix_moveit_interface_msgs/share/interbotix_moveit_interface_msgs/package.xml
[1.956s] Invoked command in '/home/mscrobotics2425laptop11/interbotix_ws/build/interbotix_moveit_interface_msgs' returned '0': CMAKE_PREFIX_PATH=${CMAKE_PREFIX_PATH}:/home/mscrobotics2425laptop11/interbotix_ws/install/interbotix_xs_modules:/home/mscrobotics2425laptop11/interbotix_ws/install/interbotix_perception_modules:/home/mscrobotics2425laptop11/interbotix_ws/install/interbotix_common_modules:/opt/ros/humble /usr/bin/cmake --install /home/mscrobotics2425laptop11/interbotix_ws/build/interbotix_moveit_interface_msgs
