[0.384s] Invoking command in '/home/group4/ros2_ws/build/multirobot_map_merge': CMAKE_PREFIX_PATH=${CMAKE_PREFIX_PATH}:/home/group4/ros2_ws/install/teleop_leo:/home/group4/ros2_ws/install/real_leo:/home/group4/ros2_ws/install/my_leo:/home/group4/ros2_ws/install/gz_example_robot_description:/home/group4/ros2_ws/install/bt_demos:/home/group4/ros2_ws/install/autonomous_exploration:/home/group4/interbotix_ws/install/interbotix_xs_modules:/home/group4/interbotix_ws/install/interbotix_perception_modules:/home/group4/interbotix_ws/install/interbotix_common_modules:/opt/ros/humble /usr/bin/cmake /home/group4/ros2_ws/src/m-explore-ros2/map_merge -DAMENT_CMAKE_SYMLINK_INSTALL=1 -DCMAKE_INSTALL_PREFIX=/home/group4/ros2_ws/install/multirobot_map_merge
[0.742s] -- Found ament_cmake: 1.3.8 (/opt/ros/humble/share/ament_cmake/cmake)
[0.742s] -- Override CMake install command with custom implementation using symlinks instead of copying resources
[0.742s] -- Found rclcpp: 16.0.8 (/opt/ros/humble/share/rclcpp/cmake)
[0.742s] -- Found rosidl_generator_c: 3.1.5 (/opt/ros/humble/share/rosidl_generator_c/cmake)
[0.742s] -- Found rosidl_adapter: 3.1.5 (/opt/ros/humble/share/rosidl_adapter/cmake)
[0.742s] -- Found rosidl_generator_cpp: 3.1.5 (/opt/ros/humble/share/rosidl_generator_cpp/cmake)
[0.743s] -- Using all available rosidl_typesupport_c: rosidl_typesupport_fastrtps_c;rosidl_typesupport_introspection_c
[0.743s] -- Using all available rosidl_typesupport_cpp: rosidl_typesupport_fastrtps_cpp;rosidl_typesupport_introspection_cpp
[0.743s] -- Found rmw_implementation_cmake: 6.1.1 (/opt/ros/humble/share/rmw_implementation_cmake/cmake)
[0.743s] -- Found rmw_fastrtps_cpp: 6.2.6 (/opt/ros/humble/share/rmw_fastrtps_cpp/cmake)
[0.743s] -- Using RMW implementation 'rmw_fastrtps_cpp' as default
[0.824s] -- Found geometry_msgs: 4.2.3 (/opt/ros/humble/share/geometry_msgs/cmake)
[0.853s] -- Found image_geometry: 3.2.1 (/opt/ros/humble/share/image_geometry/cmake)
[0.923s] -- Found map_msgs: 2.1.0 (/opt/ros/humble/share/map_msgs/cmake)
[1.105s] -- Found tf2_geometry_msgs: 0.25.6 (/opt/ros/humble/share/tf2_geometry_msgs/cmake)
[1.113s] -- Found eigen3_cmake_module: 0.1.1 (/opt/ros/humble/share/eigen3_cmake_module/cmake)
[1.114s] -- Ensuring Eigen3 include directory is part of orocos-kdl CMake target
[1.608s] -- Found ament_lint_auto: 0.12.10 (/opt/ros/humble/share/ament_lint_auto/cmake)
[1.658s] -- Found ament_cmake_gtest: 1.3.8 (/opt/ros/humble/share/ament_cmake_gtest/cmake)
[1.661s] Checking MD5 sum of /home/group4/ros2_ws/build/multirobot_map_merge/map00.pgm
[1.670s] /home/group4/ros2_ws/build/multirobot_map_merge/map00.pgm: OK
[1.673s] Checking MD5 sum of /home/group4/ros2_ws/build/multirobot_map_merge/map05.pgm
[1.682s] /home/group4/ros2_ws/build/multirobot_map_merge/map05.pgm: OK
[1.684s] Checking MD5 sum of /home/group4/ros2_ws/build/multirobot_map_merge/2011-08-09-12-22-52.pgm
[1.711s] /home/group4/ros2_ws/build/multirobot_map_merge/2011-08-09-12-22-52.pgm: OK
[1.714s] Checking MD5 sum of /home/group4/ros2_ws/build/multirobot_map_merge/2012-01-28-11-12-01.pgm
[1.742s] /home/group4/ros2_ws/build/multirobot_map_merge/2012-01-28-11-12-01.pgm: OK
[1.743s] -- Found gtest sources under '/opt/ros/humble/src/gtest_vendor': C++ tests using 'Google Test' will be built
[1.753s] -- Added test 'cppcheck' to perform static code analysis on C / C++ code
[1.753s] -- Configured cppcheck include dirs: /home/group4/ros2_ws/src/m-explore-ros2/map_merge/include;$<BUILD_INTERFACE:/home/group4/ros2_ws/src/m-explore-ros2/map_merge/include>
[1.754s] -- Configured cppcheck exclude dirs and/or files: 
[1.754s] -- Added test 'flake8' to check Python code syntax and style conventions
[1.754s] -- Added test 'lint_cmake' to check CMake code style
[1.755s] -- Added test 'pep257' to check Python code against some of the docstring style conventions in PEP 257
[1.756s] -- Added test 'uncrustify' to check C / C++ code style
[1.756s] -- Configured uncrustify additional arguments: 
[1.756s] -- Added test 'xmllint' to check XML markup files
[1.758s] -- Configuring done
[1.818s] -- Generating done
[1.819s] -- Build files have been written to: /home/group4/ros2_ws/build/multirobot_map_merge
