[35m[1mConsolidate compiler generated dependencies of target gtest[0m
[35m[1mConsolidate compiler generated dependencies of target gtest_main[0m
[35m[1mConsolidate compiler generated dependencies of target explore[0m
[ 20%] Built target gtest
[ 40%] Built target gtest_main
[35m[1mConsolidate compiler generated dependencies of target test_explore[0m
[ 60%] Built target test_explore
[100%] Built target explore
-- Install configuration: ""
-- Execute custom install script
-- Symlinking: /home/group4/ros2_ws/install/explore_lite/include/explore//costmap_client.h
-- Symlinking: /home/group4/ros2_ws/install/explore_lite/include/explore//costmap_tools.h
-- Symlinking: /home/group4/ros2_ws/install/explore_lite/include/explore//explore.h
-- Symlinking: /home/group4/ros2_ws/install/explore_lite/include/explore//frontier_search.h
-- Symlinking: /home/group4/ros2_ws/install/explore_lite/share/explore_lite/config/params.yaml
-- Symlinking: /home/group4/ros2_ws/install/explore_lite/share/explore_lite/config/params_costmap.yaml
-- Symlinking: /home/group4/ros2_ws/install/explore_lite/share/explore_lite/launch/explore.launch.py
-- Symlinking: /home/group4/ros2_ws/install/explore_lite/lib/explore_lite/explore
-- Symlinking: /home/group4/ros2_ws/install/explore_lite/share/ament_index/resource_index/package_run_dependencies/explore_lite
-- Symlinking: /home/group4/ros2_ws/install/explore_lite/share/ament_index/resource_index/parent_prefix_path/explore_lite
-- Symlinking: /home/group4/ros2_ws/install/explore_lite/share/explore_lite/environment/ament_prefix_path.sh
-- Symlinking: /home/group4/ros2_ws/install/explore_lite/share/explore_lite/environment/ament_prefix_path.dsv
-- Symlinking: /home/group4/ros2_ws/install/explore_lite/share/explore_lite/environment/path.sh
-- Symlinking: /home/group4/ros2_ws/install/explore_lite/share/explore_lite/environment/path.dsv
-- Symlinking: /home/group4/ros2_ws/install/explore_lite/share/explore_lite/local_setup.bash
-- Symlinking: /home/group4/ros2_ws/install/explore_lite/share/explore_lite/local_setup.sh
-- Symlinking: /home/group4/ros2_ws/install/explore_lite/share/explore_lite/local_setup.zsh
-- Symlinking: /home/group4/ros2_ws/install/explore_lite/share/explore_lite/local_setup.dsv
-- Symlinking: /home/group4/ros2_ws/install/explore_lite/share/explore_lite/package.dsv
-- Symlinking: /home/group4/ros2_ws/install/explore_lite/share/ament_index/resource_index/packages/explore_lite
-- Symlinking: /home/group4/ros2_ws/install/explore_lite/share/explore_lite/cmake/ament_cmake_export_include_directories-extras.cmake
-- Symlinking: /home/group4/ros2_ws/install/explore_lite/share/explore_lite/cmake/explore_liteConfig.cmake
-- Symlinking: /home/group4/ros2_ws/install/explore_lite/share/explore_lite/cmake/explore_liteConfig-version.cmake
-- Symlinking: /home/group4/ros2_ws/install/explore_lite/share/explore_lite/package.xml
