[0.102s] Invoking command in '/home/mscrobotics2425laptop11/interbotix_ws/build/interbotix_xs_msgs': CMAKE_PREFIX_PATH=${CMAKE_PREFIX_PATH}:/home/mscrobotics2425laptop11/interbotix_ws/install/interbotix_xs_modules:/home/mscrobotics2425laptop11/interbotix_ws/install/interbotix_perception_modules:/home/mscrobotics2425laptop11/interbotix_ws/install/interbotix_common_modules:/opt/ros/humble /usr/bin/cmake --build /home/mscrobotics2425laptop11/interbotix_ws/build/interbotix_xs_msgs -- -j12 -l12
[0.694s] [  0%] Built target interbotix_xs_msgs__cpp
[0.697s] [ 12%] Built target interbotix_xs_msgs__rosidl_generator_c
[0.699s] [ 12%] Built target ament_cmake_python_copy_interbotix_xs_msgs
[0.701s] [ 24%] Built target interbotix_xs_msgs__rosidl_typesupport_cpp
[0.704s] [ 36%] Built target interbotix_xs_msgs__rosidl_typesupport_introspection_cpp
[0.705s] [ 48%] Built target interbotix_xs_msgs__rosidl_typesupport_c
[0.705s] [ 60%] Built target interbotix_xs_msgs__rosidl_typesupport_fastrtps_cpp
[0.706s] [ 72%] Built target interbotix_xs_msgs__rosidl_typesupport_introspection_c
[0.706s] [ 84%] Built target interbotix_xs_msgs__rosidl_typesupport_fastrtps_c
[0.707s] [ 84%] Built target interbotix_xs_msgs
[0.708s] [ 85%] Built target interbotix_xs_msgs__py
[0.709s] [ 96%] Built target interbotix_xs_msgs__rosidl_generator_py
[0.709s] [ 98%] Built target interbotix_xs_msgs__rosidl_typesupport_introspection_c__pyext
[0.710s] [ 99%] Built target interbotix_xs_msgs__rosidl_typesupport_c__pyext
[0.710s] [100%] Built target interbotix_xs_msgs__rosidl_typesupport_fastrtps_c__pyext
[0.710s] running egg_info
[0.711s] writing interbotix_xs_msgs.egg-info/PKG-INFO
[0.711s] writing dependency_links to interbotix_xs_msgs.egg-info/dependency_links.txt
[0.711s] writing top-level names to interbotix_xs_msgs.egg-info/top_level.txt
[0.711s] reading manifest file 'interbotix_xs_msgs.egg-info/SOURCES.txt'
[0.712s] writing manifest file 'interbotix_xs_msgs.egg-info/SOURCES.txt'
[0.737s] [100%] Built target ament_cmake_python_build_interbotix_xs_msgs_egg
[0.772s] Invoked command in '/home/mscrobotics2425laptop11/interbotix_ws/build/interbotix_xs_msgs' returned '0': CMAKE_PREFIX_PATH=${CMAKE_PREFIX_PATH}:/home/mscrobotics2425laptop11/interbotix_ws/install/interbotix_xs_modules:/home/mscrobotics2425laptop11/interbotix_ws/install/interbotix_perception_modules:/home/mscrobotics2425laptop11/interbotix_ws/install/interbotix_common_modules:/opt/ros/humble /usr/bin/cmake --build /home/mscrobotics2425laptop11/interbotix_ws/build/interbotix_xs_msgs -- -j12 -l12
[0.786s] Invoking command in '/home/mscrobotics2425laptop11/interbotix_ws/build/interbotix_xs_msgs': CMAKE_PREFIX_PATH=${CMAKE_PREFIX_PATH}:/home/mscrobotics2425laptop11/interbotix_ws/install/interbotix_xs_modules:/home/mscrobotics2425laptop11/interbotix_ws/install/interbotix_perception_modules:/home/mscrobotics2425laptop11/interbotix_ws/install/interbotix_common_modules:/opt/ros/humble /usr/bin/cmake --install /home/mscrobotics2425laptop11/interbotix_ws/build/interbotix_xs_msgs
[0.808s] -- Install configuration: ""
[0.808s] -- Up-to-date: /home/mscrobotics2425laptop11/interbotix_ws/install/interbotix_xs_msgs/share/ament_index/resource_index/rosidl_interfaces/interbotix_xs_msgs
[0.808s] -- Up-to-date: /home/mscrobotics2425laptop11/interbotix_ws/install/interbotix_xs_msgs/include/interbotix_xs_msgs/interbotix_xs_msgs
[0.809s] -- Up-to-date: /home/mscrobotics2425laptop11/interbotix_ws/install/interbotix_xs_msgs/include/interbotix_xs_msgs/interbotix_xs_msgs/msg
[0.809s] -- Up-to-date: /home/mscrobotics2425laptop11/interbotix_ws/install/interbotix_xs_msgs/include/interbotix_xs_msgs/interbotix_xs_msgs/msg/turret_joy.h
[0.809s] -- Up-to-date: /home/mscrobotics2425laptop11/interbotix_ws/install/interbotix_xs_msgs/include/interbotix_xs_msgs/interbotix_xs_msgs/msg/joint_single_command.h
[0.809s] -- Up-to-date: /home/mscrobotics2425laptop11/interbotix_ws/install/interbotix_xs_msgs/include/interbotix_xs_msgs/interbotix_xs_msgs/msg/rosidl_generator_c__visibility_control.h
[0.810s] -- Up-to-date: /home/mscrobotics2425laptop11/interbotix_ws/install/interbotix_xs_msgs/include/interbotix_xs_msgs/interbotix_xs_msgs/msg/joint_trajectory_command.h
[0.810s] -- Up-to-date: /home/mscrobotics2425laptop11/interbotix_ws/install/interbotix_xs_msgs/include/interbotix_xs_msgs/interbotix_xs_msgs/msg/detail
[0.812s] -- Up-to-date: /home/mscrobotics2425laptop11/interbotix_ws/install/interbotix_xs_msgs/include/interbotix_xs_msgs/interbotix_xs_msgs/msg/detail/joint_trajectory_command__struct.h
[0.812s] -- Up-to-date: /home/mscrobotics2425laptop11/interbotix_ws/install/interbotix_xs_msgs/include/interbotix_xs_msgs/interbotix_xs_msgs/msg/detail/joint_group_command__type_support.h
[0.813s] -- Up-to-date: /home/mscrobotics2425laptop11/interbotix_ws/install/interbotix_xs_msgs/include/interbotix_xs_msgs/interbotix_xs_msgs/msg/detail/joint_trajectory_command__type_support.h
[0.814s] -- Up-to-date: /home/mscrobotics2425laptop11/interbotix_ws/install/interbotix_xs_msgs/include/interbotix_xs_msgs/interbotix_xs_msgs/msg/detail/arm_joy__functions.c
[0.814s] -- Up-to-date: /home/mscrobotics2425laptop11/interbotix_ws/install/interbotix_xs_msgs/include/interbotix_xs_msgs/interbotix_xs_msgs/msg/detail/locobot_joy__struct.h
[0.816s] -- Up-to-date: /home/mscrobotics2425laptop11/interbotix_ws/install/interbotix_xs_msgs/include/interbotix_xs_msgs/interbotix_xs_msgs/msg/detail/turret_joy__functions.c
[0.816s] -- Up-to-date: /home/mscrobotics2425laptop11/interbotix_ws/install/interbotix_xs_msgs/include/interbotix_xs_msgs/interbotix_xs_msgs/msg/detail/joint_single_command__functions.c
[0.818s] -- Up-to-date: /home/mscrobotics2425laptop11/interbotix_ws/install/interbotix_xs_msgs/include/interbotix_xs_msgs/interbotix_xs_msgs/msg/detail/joint_group_command__functions.c
[0.818s] -- Up-to-date: /home/mscrobotics2425laptop11/interbotix_ws/install/interbotix_xs_msgs/include/interbotix_xs_msgs/interbotix_xs_msgs/msg/detail/joint_single_command__type_support.h
[0.818s] -- Up-to-date: /home/mscrobotics2425laptop11/interbotix_ws/install/interbotix_xs_msgs/include/interbotix_xs_msgs/interbotix_xs_msgs/msg/detail/joint_group_command__struct.h
[0.819s] -- Up-to-date: /home/mscrobotics2425laptop11/interbotix_ws/install/interbotix_xs_msgs/include/interbotix_xs_msgs/interbotix_xs_msgs/msg/detail/hex_joy__struct.h
[0.819s] -- Up-to-date: /home/mscrobotics2425laptop11/interbotix_ws/install/interbotix_xs_msgs/include/interbotix_xs_msgs/interbotix_xs_msgs/msg/detail/locobot_joy__functions.c
[0.819s] -- Up-to-date: /home/mscrobotics2425laptop11/interbotix_ws/install/interbotix_xs_msgs/include/interbotix_xs_msgs/interbotix_xs_msgs/msg/detail/joint_trajectory_command__functions.c
[0.819s] -- Up-to-date: /home/mscrobotics2425laptop11/interbotix_ws/install/interbotix_xs_msgs/include/interbotix_xs_msgs/interbotix_xs_msgs/msg/detail/joint_temps__functions.c
[0.819s] -- Up-to-date: /home/mscrobotics2425laptop11/interbotix_ws/install/interbotix_xs_msgs/include/interbotix_xs_msgs/interbotix_xs_msgs/msg/detail/joint_trajectory_command__functions.h
[0.819s] -- Up-to-date: /home/mscrobotics2425laptop11/interbotix_ws/install/interbotix_xs_msgs/include/interbotix_xs_msgs/interbotix_xs_msgs/msg/detail/locobot_joy__functions.h
[0.820s] -- Up-to-date: /home/mscrobotics2425laptop11/interbotix_ws/install/interbotix_xs_msgs/include/interbotix_xs_msgs/interbotix_xs_msgs/msg/detail/joint_group_command__functions.h
[0.820s] -- Up-to-date: /home/mscrobotics2425laptop11/interbotix_ws/install/interbotix_xs_msgs/include/interbotix_xs_msgs/interbotix_xs_msgs/msg/detail/arm_joy__struct.h
[0.820s] -- Up-to-date: /home/mscrobotics2425laptop11/interbotix_ws/install/interbotix_xs_msgs/include/interbotix_xs_msgs/interbotix_xs_msgs/msg/detail/locobot_joy__type_support.h
[0.820s] -- Up-to-date: /home/mscrobotics2425laptop11/interbotix_ws/install/interbotix_xs_msgs/include/interbotix_xs_msgs/interbotix_xs_msgs/msg/detail/arm_joy__functions.h
[0.820s] -- Up-to-date: /home/mscrobotics2425laptop11/interbotix_ws/install/interbotix_xs_msgs/include/interbotix_xs_msgs/interbotix_xs_msgs/msg/detail/joint_temps__type_support.h
[0.820s] -- Up-to-date: /home/mscrobotics2425laptop11/interbotix_ws/install/interbotix_xs_msgs/include/interbotix_xs_msgs/interbotix_xs_msgs/msg/detail/hex_joy__type_support.h
[0.821s] -- Up-to-date: /home/mscrobotics2425laptop11/interbotix_ws/install/interbotix_xs_msgs/include/interbotix_xs_msgs/interbotix_xs_msgs/msg/detail/hex_joy__functions.c
[0.821s] -- Up-to-date: /home/mscrobotics2425laptop11/interbotix_ws/install/interbotix_xs_msgs/include/interbotix_xs_msgs/interbotix_xs_msgs/msg/detail/joint_single_command__struct.h
[0.835s] -- Up-to-date: /home/mscrobotics2425laptop11/interbotix_ws/install/interbotix_xs_msgs/include/interbotix_xs_msgs/interbotix_xs_msgs/msg/detail/arm_joy__type_support.h
[0.836s] -- Up-to-date: /home/mscrobotics2425laptop11/interbotix_ws/install/interbotix_xs_msgs/include/interbotix_xs_msgs/interbotix_xs_msgs/msg/detail/hex_joy__functions.h
[0.844s] -- Up-to-date: /home/mscrobotics2425laptop11/interbotix_ws/install/interbotix_xs_msgs/include/interbotix_xs_msgs/interbotix_xs_msgs/msg/detail/turret_joy__struct.h
[0.848s] -- Up-to-date: /home/mscrobotics2425laptop11/interbotix_ws/install/interbotix_xs_msgs/include/interbotix_xs_msgs/interbotix_xs_msgs/msg/detail/joint_temps__struct.h
[0.849s] -- Up-to-date: /home/mscrobotics2425laptop11/interbotix_ws/install/interbotix_xs_msgs/include/interbotix_xs_msgs/interbotix_xs_msgs/msg/detail/turret_joy__type_support.h
[0.853s] -- Up-to-date: /home/mscrobotics2425laptop11/interbotix_ws/install/interbotix_xs_msgs/include/interbotix_xs_msgs/interbotix_xs_msgs/msg/detail/joint_single_command__functions.h
[0.854s] -- Up-to-date: /home/mscrobotics2425laptop11/interbotix_ws/install/interbotix_xs_msgs/include/interbotix_xs_msgs/interbotix_xs_msgs/msg/detail/turret_joy__functions.h
[0.854s] -- Up-to-date: /home/mscrobotics2425laptop11/interbotix_ws/install/interbotix_xs_msgs/include/interbotix_xs_msgs/interbotix_xs_msgs/msg/detail/joint_temps__functions.h
[0.856s] -- Up-to-date: /home/mscrobotics2425laptop11/interbotix_ws/install/interbotix_xs_msgs/include/interbotix_xs_msgs/interbotix_xs_msgs/msg/joint_group_command.h
[0.856s] -- Up-to-date: /home/mscrobotics2425laptop11/interbotix_ws/install/interbotix_xs_msgs/include/interbotix_xs_msgs/interbotix_xs_msgs/msg/joint_temps.h
[0.856s] -- Up-to-date: /home/mscrobotics2425laptop11/interbotix_ws/install/interbotix_xs_msgs/include/interbotix_xs_msgs/interbotix_xs_msgs/msg/hex_joy.h
[0.857s] -- Up-to-date: /home/mscrobotics2425laptop11/interbotix_ws/install/interbotix_xs_msgs/include/interbotix_xs_msgs/interbotix_xs_msgs/msg/arm_joy.h
[0.857s] -- Up-to-date: /home/mscrobotics2425laptop11/interbotix_ws/install/interbotix_xs_msgs/include/interbotix_xs_msgs/interbotix_xs_msgs/msg/locobot_joy.h
[0.858s] -- Up-to-date: /home/mscrobotics2425laptop11/interbotix_ws/install/interbotix_xs_msgs/include/interbotix_xs_msgs/interbotix_xs_msgs/srv
[0.862s] -- Up-to-date: /home/mscrobotics2425laptop11/interbotix_ws/install/interbotix_xs_msgs/include/interbotix_xs_msgs/interbotix_xs_msgs/srv/operating_modes.h
[0.862s] -- Up-to-date: /home/mscrobotics2425laptop11/interbotix_ws/install/interbotix_xs_msgs/include/interbotix_xs_msgs/interbotix_xs_msgs/srv/register_values.h
[0.862s] -- Up-to-date: /home/mscrobotics2425laptop11/interbotix_ws/install/interbotix_xs_msgs/include/interbotix_xs_msgs/interbotix_xs_msgs/srv/reboot.h
[0.863s] -- Up-to-date: /home/mscrobotics2425laptop11/interbotix_ws/install/interbotix_xs_msgs/include/interbotix_xs_msgs/interbotix_xs_msgs/srv/detail
[0.863s] -- Up-to-date: /home/mscrobotics2425laptop11/interbotix_ws/install/interbotix_xs_msgs/include/interbotix_xs_msgs/interbotix_xs_msgs/srv/detail/torque_enable__type_support.h
[0.863s] -- Up-to-date: /home/mscrobotics2425laptop11/interbotix_ws/install/interbotix_xs_msgs/include/interbotix_xs_msgs/interbotix_xs_msgs/srv/detail/motor_gains__functions.h
[0.863s] -- Up-to-date: /home/mscrobotics2425laptop11/interbotix_ws/install/interbotix_xs_msgs/include/interbotix_xs_msgs/interbotix_xs_msgs/srv/detail/operating_modes__functions.c
[0.863s] -- Up-to-date: /home/mscrobotics2425laptop11/interbotix_ws/install/interbotix_xs_msgs/include/interbotix_xs_msgs/interbotix_xs_msgs/srv/detail/operating_modes__type_support.h
[0.863s] -- Up-to-date: /home/mscrobotics2425laptop11/interbotix_ws/install/interbotix_xs_msgs/include/interbotix_xs_msgs/interbotix_xs_msgs/srv/detail/operating_modes__functions.h
[0.872s] -- Up-to-date: /home/mscrobotics2425laptop11/interbotix_ws/install/interbotix_xs_msgs/include/interbotix_xs_msgs/interbotix_xs_msgs/srv/detail/robot_info__functions.c
[0.872s] -- Up-to-date: /home/mscrobotics2425laptop11/interbotix_ws/install/interbotix_xs_msgs/include/interbotix_xs_msgs/interbotix_xs_msgs/srv/detail/reboot__functions.h
[0.873s] -- Up-to-date: /home/mscrobotics2425laptop11/interbotix_ws/install/interbotix_xs_msgs/include/interbotix_xs_msgs/interbotix_xs_msgs/srv/detail/reboot__struct.h
[0.873s] -- Up-to-date: /home/mscrobotics2425laptop11/interbotix_ws/install/interbotix_xs_msgs/include/interbotix_xs_msgs/interbotix_xs_msgs/srv/detail/register_values__struct.h
[0.873s] -- Up-to-date: /home/mscrobotics2425laptop11/interbotix_ws/install/interbotix_xs_msgs/include/interbotix_xs_msgs/interbotix_xs_msgs/srv/detail/torque_enable__functions.h
[0.873s] -- Up-to-date: /home/mscrobotics2425laptop11/interbotix_ws/install/interbotix_xs_msgs/include/interbotix_xs_msgs/interbotix_xs_msgs/srv/detail/register_values__type_support.h
[0.873s] -- Up-to-date: /home/mscrobotics2425laptop11/interbotix_ws/install/interbotix_xs_msgs/include/interbotix_xs_msgs/interbotix_xs_msgs/srv/detail/operating_modes__struct.h
[0.873s] -- Up-to-date: /home/mscrobotics2425laptop11/interbotix_ws/install/interbotix_xs_msgs/include/interbotix_xs_msgs/interbotix_xs_msgs/srv/detail/robot_info__type_support.h
[0.874s] -- Up-to-date: /home/mscrobotics2425laptop11/interbotix_ws/install/interbotix_xs_msgs/include/interbotix_xs_msgs/interbotix_xs_msgs/srv/detail/reboot__type_support.h
[0.874s] -- Up-to-date: /home/mscrobotics2425laptop11/interbotix_ws/install/interbotix_xs_msgs/include/interbotix_xs_msgs/interbotix_xs_msgs/srv/detail/torque_enable__struct.h
[0.874s] -- Up-to-date: /home/mscrobotics2425laptop11/interbotix_ws/install/interbotix_xs_msgs/include/interbotix_xs_msgs/interbotix_xs_msgs/srv/detail/motor_gains__type_support.h
[0.874s] -- Up-to-date: /home/mscrobotics2425laptop11/interbotix_ws/install/interbotix_xs_msgs/include/interbotix_xs_msgs/interbotix_xs_msgs/srv/detail/motor_gains__struct.h
[0.874s] -- Up-to-date: /home/mscrobotics2425laptop11/interbotix_ws/install/interbotix_xs_msgs/include/interbotix_xs_msgs/interbotix_xs_msgs/srv/detail/torque_enable__functions.c
[0.875s] -- Up-to-date: /home/mscrobotics2425laptop11/interbotix_ws/install/interbotix_xs_msgs/include/interbotix_xs_msgs/interbotix_xs_msgs/srv/detail/robot_info__struct.h
[0.875s] -- Up-to-date: /home/mscrobotics2425laptop11/interbotix_ws/install/interbotix_xs_msgs/include/interbotix_xs_msgs/interbotix_xs_msgs/srv/detail/motor_gains__functions.c
[0.875s] -- Up-to-date: /home/mscrobotics2425laptop11/interbotix_ws/install/interbotix_xs_msgs/include/interbotix_xs_msgs/interbotix_xs_msgs/srv/detail/register_values__functions.h
[0.882s] -- Up-to-date: /home/mscrobotics2425laptop11/interbotix_ws/install/interbotix_xs_msgs/include/interbotix_xs_msgs/interbotix_xs_msgs/srv/detail/robot_info__functions.h
[0.882s] -- Up-to-date: /home/mscrobotics2425laptop11/interbotix_ws/install/interbotix_xs_msgs/include/interbotix_xs_msgs/interbotix_xs_msgs/srv/detail/register_values__functions.c
[0.882s] -- Up-to-date: /home/mscrobotics2425laptop11/interbotix_ws/install/interbotix_xs_msgs/include/interbotix_xs_msgs/interbotix_xs_msgs/srv/detail/reboot__functions.c
[0.883s] -- Up-to-date: /home/mscrobotics2425laptop11/interbotix_ws/install/interbotix_xs_msgs/include/interbotix_xs_msgs/interbotix_xs_msgs/srv/robot_info.h
[0.883s] -- Up-to-date: /home/mscrobotics2425laptop11/interbotix_ws/install/interbotix_xs_msgs/include/interbotix_xs_msgs/interbotix_xs_msgs/srv/torque_enable.h
[0.883s] -- Up-to-date: /home/mscrobotics2425laptop11/interbotix_ws/install/interbotix_xs_msgs/include/interbotix_xs_msgs/interbotix_xs_msgs/srv/motor_gains.h
[0.883s] -- Up-to-date: /home/mscrobotics2425laptop11/interbotix_ws/install/interbotix_xs_msgs/share/interbotix_xs_msgs/environment/library_path.sh
[0.884s] -- Up-to-date: /home/mscrobotics2425laptop11/interbotix_ws/install/interbotix_xs_msgs/share/interbotix_xs_msgs/environment/library_path.dsv
[0.884s] -- Up-to-date: /home/mscrobotics2425laptop11/interbotix_ws/install/interbotix_xs_msgs/lib/libinterbotix_xs_msgs__rosidl_generator_c.so
[0.884s] -- Up-to-date: /home/mscrobotics2425laptop11/interbotix_ws/install/interbotix_xs_msgs/include/interbotix_xs_msgs/interbotix_xs_msgs
[0.884s] -- Up-to-date: /home/mscrobotics2425laptop11/interbotix_ws/install/interbotix_xs_msgs/include/interbotix_xs_msgs/interbotix_xs_msgs/msg
[0.884s] -- Up-to-date: /home/mscrobotics2425laptop11/interbotix_ws/install/interbotix_xs_msgs/include/interbotix_xs_msgs/interbotix_xs_msgs/msg/rosidl_typesupport_fastrtps_c__visibility_control.h
[0.885s] -- Up-to-date: /home/mscrobotics2425laptop11/interbotix_ws/install/interbotix_xs_msgs/include/interbotix_xs_msgs/interbotix_xs_msgs/msg/detail
[0.885s] -- Up-to-date: /home/mscrobotics2425laptop11/interbotix_ws/install/interbotix_xs_msgs/include/interbotix_xs_msgs/interbotix_xs_msgs/msg/detail/joint_single_command__rosidl_typesupport_fastrtps_c.h
[0.885s] -- Up-to-date: /home/mscrobotics2425laptop11/interbotix_ws/install/interbotix_xs_msgs/include/interbotix_xs_msgs/interbotix_xs_msgs/msg/detail/joint_temps__rosidl_typesupport_fastrtps_c.h
[0.896s] -- Up-to-date: /home/mscrobotics2425laptop11/interbotix_ws/install/interbotix_xs_msgs/include/interbotix_xs_msgs/interbotix_xs_msgs/msg/detail/hex_joy__rosidl_typesupport_fastrtps_c.h
[0.898s] -- Up-to-date: /home/mscrobotics2425laptop11/interbotix_ws/install/interbotix_xs_msgs/include/interbotix_xs_msgs/interbotix_xs_msgs/msg/detail/turret_joy__rosidl_typesupport_fastrtps_c.h
[0.900s] -- Up-to-date: /home/mscrobotics2425laptop11/interbotix_ws/install/interbotix_xs_msgs/include/interbotix_xs_msgs/interbotix_xs_msgs/msg/detail/arm_joy__rosidl_typesupport_fastrtps_c.h
[0.900s] -- Up-to-date: /home/mscrobotics2425laptop11/interbotix_ws/install/interbotix_xs_msgs/include/interbotix_xs_msgs/interbotix_xs_msgs/msg/detail/joint_trajectory_command__rosidl_typesupport_fastrtps_c.h
[0.902s] -- Up-to-date: /home/mscrobotics2425laptop11/interbotix_ws/install/interbotix_xs_msgs/include/interbotix_xs_msgs/interbotix_xs_msgs/msg/detail/joint_group_command__rosidl_typesupport_fastrtps_c.h
[0.902s] -- Up-to-date: /home/mscrobotics2425laptop11/interbotix_ws/install/interbotix_xs_msgs/include/interbotix_xs_msgs/interbotix_xs_msgs/msg/detail/locobot_joy__rosidl_typesupport_fastrtps_c.h
[0.902s] -- Up-to-date: /home/mscrobotics2425laptop11/interbotix_ws/install/interbotix_xs_msgs/include/interbotix_xs_msgs/interbotix_xs_msgs/srv
[0.903s] -- Up-to-date: /home/mscrobotics2425laptop11/interbotix_ws/install/interbotix_xs_msgs/include/interbotix_xs_msgs/interbotix_xs_msgs/srv/detail
[0.903s] -- Up-to-date: /home/mscrobotics2425laptop11/interbotix_ws/install/interbotix_xs_msgs/include/interbotix_xs_msgs/interbotix_xs_msgs/srv/detail/register_values__rosidl_typesupport_fastrtps_c.h
[0.903s] -- Up-to-date: /home/mscrobotics2425laptop11/interbotix_ws/install/interbotix_xs_msgs/include/interbotix_xs_msgs/interbotix_xs_msgs/srv/detail/robot_info__rosidl_typesupport_fastrtps_c.h
[0.903s] -- Up-to-date: /home/mscrobotics2425laptop11/interbotix_ws/install/interbotix_xs_msgs/include/interbotix_xs_msgs/interbotix_xs_msgs/srv/detail/operating_modes__rosidl_typesupport_fastrtps_c.h
[0.903s] -- Up-to-date: /home/mscrobotics2425laptop11/interbotix_ws/install/interbotix_xs_msgs/include/interbotix_xs_msgs/interbotix_xs_msgs/srv/detail/motor_gains__rosidl_typesupport_fastrtps_c.h
[0.903s] -- Up-to-date: /home/mscrobotics2425laptop11/interbotix_ws/install/interbotix_xs_msgs/include/interbotix_xs_msgs/interbotix_xs_msgs/srv/detail/torque_enable__rosidl_typesupport_fastrtps_c.h
[0.904s] -- Up-to-date: /home/mscrobotics2425laptop11/interbotix_ws/install/interbotix_xs_msgs/include/interbotix_xs_msgs/interbotix_xs_msgs/srv/detail/reboot__rosidl_typesupport_fastrtps_c.h
[0.907s] -- Up-to-date: /home/mscrobotics2425laptop11/interbotix_ws/install/interbotix_xs_msgs/lib/libinterbotix_xs_msgs__rosidl_typesupport_fastrtps_c.so
[0.911s] -- Up-to-date: /home/mscrobotics2425laptop11/interbotix_ws/install/interbotix_xs_msgs/include/interbotix_xs_msgs/interbotix_xs_msgs
[0.911s] -- Up-to-date: /home/mscrobotics2425laptop11/interbotix_ws/install/interbotix_xs_msgs/include/interbotix_xs_msgs/interbotix_xs_msgs/msg
[0.912s] -- Up-to-date: /home/mscrobotics2425laptop11/interbotix_ws/install/interbotix_xs_msgs/include/interbotix_xs_msgs/interbotix_xs_msgs/msg/rosidl_typesupport_introspection_c__visibility_control.h
[0.912s] -- Up-to-date: /home/mscrobotics2425laptop11/interbotix_ws/install/interbotix_xs_msgs/include/interbotix_xs_msgs/interbotix_xs_msgs/msg/detail
[0.912s] -- Up-to-date: /home/mscrobotics2425laptop11/interbotix_ws/install/interbotix_xs_msgs/include/interbotix_xs_msgs/interbotix_xs_msgs/msg/detail/joint_temps__type_support.c
[0.912s] -- Up-to-date: /home/mscrobotics2425laptop11/interbotix_ws/install/interbotix_xs_msgs/include/interbotix_xs_msgs/interbotix_xs_msgs/msg/detail/joint_single_command__type_support.c
[0.912s] -- Up-to-date: /home/mscrobotics2425laptop11/interbotix_ws/install/interbotix_xs_msgs/include/interbotix_xs_msgs/interbotix_xs_msgs/msg/detail/joint_group_command__type_support.c
[0.913s] -- Up-to-date: /home/mscrobotics2425laptop11/interbotix_ws/install/interbotix_xs_msgs/include/interbotix_xs_msgs/interbotix_xs_msgs/msg/detail/joint_group_command__rosidl_typesupport_introspection_c.h
[0.913s] -- Up-to-date: /home/mscrobotics2425laptop11/interbotix_ws/install/interbotix_xs_msgs/include/interbotix_xs_msgs/interbotix_xs_msgs/msg/detail/arm_joy__rosidl_typesupport_introspection_c.h
[0.913s] -- Up-to-date: /home/mscrobotics2425laptop11/interbotix_ws/install/interbotix_xs_msgs/include/interbotix_xs_msgs/interbotix_xs_msgs/msg/detail/locobot_joy__rosidl_typesupport_introspection_c.h
[0.913s] -- Up-to-date: /home/mscrobotics2425laptop11/interbotix_ws/install/interbotix_xs_msgs/include/interbotix_xs_msgs/interbotix_xs_msgs/msg/detail/hex_joy__rosidl_typesupport_introspection_c.h
[0.913s] -- Up-to-date: /home/mscrobotics2425laptop11/interbotix_ws/install/interbotix_xs_msgs/include/interbotix_xs_msgs/interbotix_xs_msgs/msg/detail/turret_joy__rosidl_typesupport_introspection_c.h
[0.913s] -- Up-to-date: /home/mscrobotics2425laptop11/interbotix_ws/install/interbotix_xs_msgs/include/interbotix_xs_msgs/interbotix_xs_msgs/msg/detail/joint_trajectory_command__rosidl_typesupport_introspection_c.h
[0.914s] -- Up-to-date: /home/mscrobotics2425laptop11/interbotix_ws/install/interbotix_xs_msgs/include/interbotix_xs_msgs/interbotix_xs_msgs/msg/detail/locobot_joy__type_support.c
[0.915s] -- Up-to-date: /home/mscrobotics2425laptop11/interbotix_ws/install/interbotix_xs_msgs/include/interbotix_xs_msgs/interbotix_xs_msgs/msg/detail/joint_single_command__rosidl_typesupport_introspection_c.h
[0.916s] -- Up-to-date: /home/mscrobotics2425laptop11/interbotix_ws/install/interbotix_xs_msgs/include/interbotix_xs_msgs/interbotix_xs_msgs/msg/detail/joint_temps__rosidl_typesupport_introspection_c.h
[0.916s] -- Up-to-date: /home/mscrobotics2425laptop11/interbotix_ws/install/interbotix_xs_msgs/include/interbotix_xs_msgs/interbotix_xs_msgs/msg/detail/hex_joy__type_support.c
[0.916s] -- Up-to-date: /home/mscrobotics2425laptop11/interbotix_ws/install/interbotix_xs_msgs/include/interbotix_xs_msgs/interbotix_xs_msgs/msg/detail/arm_joy__type_support.c
[0.916s] -- Up-to-date: /home/mscrobotics2425laptop11/interbotix_ws/install/interbotix_xs_msgs/include/interbotix_xs_msgs/interbotix_xs_msgs/msg/detail/joint_trajectory_command__type_support.c
[0.917s] -- Up-to-date: /home/mscrobotics2425laptop11/interbotix_ws/install/interbotix_xs_msgs/include/interbotix_xs_msgs/interbotix_xs_msgs/msg/detail/turret_joy__type_support.c
[0.923s] -- Up-to-date: /home/mscrobotics2425laptop11/interbotix_ws/install/interbotix_xs_msgs/include/interbotix_xs_msgs/interbotix_xs_msgs/srv
[0.924s] -- Up-to-date: /home/mscrobotics2425laptop11/interbotix_ws/install/interbotix_xs_msgs/include/interbotix_xs_msgs/interbotix_xs_msgs/srv/detail
[0.924s] -- Up-to-date: /home/mscrobotics2425laptop11/interbotix_ws/install/interbotix_xs_msgs/include/interbotix_xs_msgs/interbotix_xs_msgs/srv/detail/operating_modes__rosidl_typesupport_introspection_c.h
[0.924s] -- Up-to-date: /home/mscrobotics2425laptop11/interbotix_ws/install/interbotix_xs_msgs/include/interbotix_xs_msgs/interbotix_xs_msgs/srv/detail/reboot__rosidl_typesupport_introspection_c.h
[0.924s] -- Up-to-date: /home/mscrobotics2425laptop11/interbotix_ws/install/interbotix_xs_msgs/include/interbotix_xs_msgs/interbotix_xs_msgs/srv/detail/operating_modes__type_support.c
[0.924s] -- Up-to-date: /home/mscrobotics2425laptop11/interbotix_ws/install/interbotix_xs_msgs/include/interbotix_xs_msgs/interbotix_xs_msgs/srv/detail/motor_gains__type_support.c
[0.925s] -- Up-to-date: /home/mscrobotics2425laptop11/interbotix_ws/install/interbotix_xs_msgs/include/interbotix_xs_msgs/interbotix_xs_msgs/srv/detail/register_values__rosidl_typesupport_introspection_c.h
[0.925s] -- Up-to-date: /home/mscrobotics2425laptop11/interbotix_ws/install/interbotix_xs_msgs/include/interbotix_xs_msgs/interbotix_xs_msgs/srv/detail/reboot__type_support.c
[0.925s] -- Up-to-date: /home/mscrobotics2425laptop11/interbotix_ws/install/interbotix_xs_msgs/include/interbotix_xs_msgs/interbotix_xs_msgs/srv/detail/motor_gains__rosidl_typesupport_introspection_c.h
[0.936s] -- Up-to-date: /home/mscrobotics2425laptop11/interbotix_ws/install/interbotix_xs_msgs/include/interbotix_xs_msgs/interbotix_xs_msgs/srv/detail/robot_info__rosidl_typesupport_introspection_c.h
[0.936s] -- Up-to-date: /home/mscrobotics2425laptop11/interbotix_ws/install/interbotix_xs_msgs/include/interbotix_xs_msgs/interbotix_xs_msgs/srv/detail/robot_info__type_support.c
[0.937s] -- Up-to-date: /home/mscrobotics2425laptop11/interbotix_ws/install/interbotix_xs_msgs/include/interbotix_xs_msgs/interbotix_xs_msgs/srv/detail/torque_enable__rosidl_typesupport_introspection_c.h
[0.937s] -- Up-to-date: /home/mscrobotics2425laptop11/interbotix_ws/install/interbotix_xs_msgs/include/interbotix_xs_msgs/interbotix_xs_msgs/srv/detail/register_values__type_support.c
[0.937s] -- Up-to-date: /home/mscrobotics2425laptop11/interbotix_ws/install/interbotix_xs_msgs/include/interbotix_xs_msgs/interbotix_xs_msgs/srv/detail/torque_enable__type_support.c
[0.937s] -- Up-to-date: /home/mscrobotics2425laptop11/interbotix_ws/install/interbotix_xs_msgs/lib/libinterbotix_xs_msgs__rosidl_typesupport_introspection_c.so
[0.937s] -- Up-to-date: /home/mscrobotics2425laptop11/interbotix_ws/install/interbotix_xs_msgs/lib/libinterbotix_xs_msgs__rosidl_typesupport_c.so
[0.938s] -- Up-to-date: /home/mscrobotics2425laptop11/interbotix_ws/install/interbotix_xs_msgs/include/interbotix_xs_msgs/interbotix_xs_msgs
[0.938s] -- Up-to-date: /home/mscrobotics2425laptop11/interbotix_ws/install/interbotix_xs_msgs/include/interbotix_xs_msgs/interbotix_xs_msgs/msg
[0.938s] -- Up-to-date: /home/mscrobotics2425laptop11/interbotix_ws/install/interbotix_xs_msgs/include/interbotix_xs_msgs/interbotix_xs_msgs/msg/rosidl_generator_cpp__visibility_control.hpp
[0.938s] -- Up-to-date: /home/mscrobotics2425laptop11/interbotix_ws/install/interbotix_xs_msgs/include/interbotix_xs_msgs/interbotix_xs_msgs/msg/hex_joy.hpp
[0.939s] -- Up-to-date: /home/mscrobotics2425laptop11/interbotix_ws/install/interbotix_xs_msgs/include/interbotix_xs_msgs/interbotix_xs_msgs/msg/joint_temps.hpp
[0.939s] -- Up-to-date: /home/mscrobotics2425laptop11/interbotix_ws/install/interbotix_xs_msgs/include/interbotix_xs_msgs/interbotix_xs_msgs/msg/turret_joy.hpp
[0.939s] -- Up-to-date: /home/mscrobotics2425laptop11/interbotix_ws/install/interbotix_xs_msgs/include/interbotix_xs_msgs/interbotix_xs_msgs/msg/locobot_joy.hpp
[0.939s] -- Up-to-date: /home/mscrobotics2425laptop11/interbotix_ws/install/interbotix_xs_msgs/include/interbotix_xs_msgs/interbotix_xs_msgs/msg/joint_group_command.hpp
[0.939s] -- Up-to-date: /home/mscrobotics2425laptop11/interbotix_ws/install/interbotix_xs_msgs/include/interbotix_xs_msgs/interbotix_xs_msgs/msg/arm_joy.hpp
[0.940s] -- Up-to-date: /home/mscrobotics2425laptop11/interbotix_ws/install/interbotix_xs_msgs/include/interbotix_xs_msgs/interbotix_xs_msgs/msg/joint_trajectory_command.hpp
[0.940s] -- Up-to-date: /home/mscrobotics2425laptop11/interbotix_ws/install/interbotix_xs_msgs/include/interbotix_xs_msgs/interbotix_xs_msgs/msg/detail
[0.940s] -- Up-to-date: /home/mscrobotics2425laptop11/interbotix_ws/install/interbotix_xs_msgs/include/interbotix_xs_msgs/interbotix_xs_msgs/msg/detail/arm_joy__type_support.hpp
[0.940s] -- Up-to-date: /home/mscrobotics2425laptop11/interbotix_ws/install/interbotix_xs_msgs/include/interbotix_xs_msgs/interbotix_xs_msgs/msg/detail/joint_single_command__type_support.hpp
[0.940s] -- Up-to-date: /home/mscrobotics2425laptop11/interbotix_ws/install/interbotix_xs_msgs/include/interbotix_xs_msgs/interbotix_xs_msgs/msg/detail/turret_joy__traits.hpp
[0.941s] -- Up-to-date: /home/mscrobotics2425laptop11/interbotix_ws/install/interbotix_xs_msgs/include/interbotix_xs_msgs/interbotix_xs_msgs/msg/detail/locobot_joy__struct.hpp
[0.941s] -- Up-to-date: /home/mscrobotics2425laptop11/interbotix_ws/install/interbotix_xs_msgs/include/interbotix_xs_msgs/interbotix_xs_msgs/msg/detail/arm_joy__traits.hpp
[0.941s] -- Up-to-date: /home/mscrobotics2425laptop11/interbotix_ws/install/interbotix_xs_msgs/include/interbotix_xs_msgs/interbotix_xs_msgs/msg/detail/hex_joy__struct.hpp
[0.941s] -- Up-to-date: /home/mscrobotics2425laptop11/interbotix_ws/install/interbotix_xs_msgs/include/interbotix_xs_msgs/interbotix_xs_msgs/msg/detail/arm_joy__struct.hpp
[0.944s] -- Up-to-date: /home/mscrobotics2425laptop11/interbotix_ws/install/interbotix_xs_msgs/include/interbotix_xs_msgs/interbotix_xs_msgs/msg/detail/locobot_joy__type_support.hpp
[0.944s] -- Up-to-date: /home/mscrobotics2425laptop11/interbotix_ws/install/interbotix_xs_msgs/include/interbotix_xs_msgs/interbotix_xs_msgs/msg/detail/joint_group_command__builder.hpp
[0.944s] -- Up-to-date: /home/mscrobotics2425laptop11/interbotix_ws/install/interbotix_xs_msgs/include/interbotix_xs_msgs/interbotix_xs_msgs/msg/detail/turret_joy__builder.hpp
[0.945s] -- Up-to-date: /home/mscrobotics2425laptop11/interbotix_ws/install/interbotix_xs_msgs/include/interbotix_xs_msgs/interbotix_xs_msgs/msg/detail/joint_temps__type_support.hpp
[0.945s] -- Up-to-date: /home/mscrobotics2425laptop11/interbotix_ws/install/interbotix_xs_msgs/include/interbotix_xs_msgs/interbotix_xs_msgs/msg/detail/joint_temps__struct.hpp
[0.945s] -- Up-to-date: /home/mscrobotics2425laptop11/interbotix_ws/install/interbotix_xs_msgs/include/interbotix_xs_msgs/interbotix_xs_msgs/msg/detail/joint_trajectory_command__builder.hpp
[0.945s] -- Up-to-date: /home/mscrobotics2425laptop11/interbotix_ws/install/interbotix_xs_msgs/include/interbotix_xs_msgs/interbotix_xs_msgs/msg/detail/joint_temps__traits.hpp
[0.945s] -- Up-to-date: /home/mscrobotics2425laptop11/interbotix_ws/install/interbotix_xs_msgs/include/interbotix_xs_msgs/interbotix_xs_msgs/msg/detail/joint_trajectory_command__struct.hpp
[0.945s] -- Up-to-date: /home/mscrobotics2425laptop11/interbotix_ws/install/interbotix_xs_msgs/include/interbotix_xs_msgs/interbotix_xs_msgs/msg/detail/locobot_joy__builder.hpp
[0.946s] -- Up-to-date: /home/mscrobotics2425laptop11/interbotix_ws/install/interbotix_xs_msgs/include/interbotix_xs_msgs/interbotix_xs_msgs/msg/detail/turret_joy__type_support.hpp
[0.946s] -- Up-to-date: /home/mscrobotics2425laptop11/interbotix_ws/install/interbotix_xs_msgs/include/interbotix_xs_msgs/interbotix_xs_msgs/msg/detail/joint_temps__builder.hpp
[0.946s] -- Up-to-date: /home/mscrobotics2425laptop11/interbotix_ws/install/interbotix_xs_msgs/include/interbotix_xs_msgs/interbotix_xs_msgs/msg/detail/joint_single_command__traits.hpp
[0.946s] -- Up-to-date: /home/mscrobotics2425laptop11/interbotix_ws/install/interbotix_xs_msgs/include/interbotix_xs_msgs/interbotix_xs_msgs/msg/detail/joint_trajectory_command__traits.hpp
[0.946s] -- Up-to-date: /home/mscrobotics2425laptop11/interbotix_ws/install/interbotix_xs_msgs/include/interbotix_xs_msgs/interbotix_xs_msgs/msg/detail/joint_group_command__traits.hpp
[0.947s] -- Up-to-date: /home/mscrobotics2425laptop11/interbotix_ws/install/interbotix_xs_msgs/include/interbotix_xs_msgs/interbotix_xs_msgs/msg/detail/joint_group_command__struct.hpp
[0.947s] -- Up-to-date: /home/mscrobotics2425laptop11/interbotix_ws/install/interbotix_xs_msgs/include/interbotix_xs_msgs/interbotix_xs_msgs/msg/detail/joint_trajectory_command__type_support.hpp
[0.947s] -- Up-to-date: /home/mscrobotics2425laptop11/interbotix_ws/install/interbotix_xs_msgs/include/interbotix_xs_msgs/interbotix_xs_msgs/msg/detail/arm_joy__builder.hpp
[0.951s] -- Up-to-date: /home/mscrobotics2425laptop11/interbotix_ws/install/interbotix_xs_msgs/include/interbotix_xs_msgs/interbotix_xs_msgs/msg/detail/hex_joy__traits.hpp
[0.952s] -- Up-to-date: /home/mscrobotics2425laptop11/interbotix_ws/install/interbotix_xs_msgs/include/interbotix_xs_msgs/interbotix_xs_msgs/msg/detail/joint_single_command__builder.hpp
[0.952s] -- Up-to-date: /home/mscrobotics2425laptop11/interbotix_ws/install/interbotix_xs_msgs/include/interbotix_xs_msgs/interbotix_xs_msgs/msg/detail/joint_single_command__struct.hpp
[0.952s] -- Up-to-date: /home/mscrobotics2425laptop11/interbotix_ws/install/interbotix_xs_msgs/include/interbotix_xs_msgs/interbotix_xs_msgs/msg/detail/hex_joy__builder.hpp
[0.953s] -- Up-to-date: /home/mscrobotics2425laptop11/interbotix_ws/install/interbotix_xs_msgs/include/interbotix_xs_msgs/interbotix_xs_msgs/msg/detail/joint_group_command__type_support.hpp
[0.953s] -- Up-to-date: /home/mscrobotics2425laptop11/interbotix_ws/install/interbotix_xs_msgs/include/interbotix_xs_msgs/interbotix_xs_msgs/msg/detail/turret_joy__struct.hpp
[0.953s] -- Up-to-date: /home/mscrobotics2425laptop11/interbotix_ws/install/interbotix_xs_msgs/include/interbotix_xs_msgs/interbotix_xs_msgs/msg/detail/locobot_joy__traits.hpp
[0.953s] -- Up-to-date: /home/mscrobotics2425laptop11/interbotix_ws/install/interbotix_xs_msgs/include/interbotix_xs_msgs/interbotix_xs_msgs/msg/detail/hex_joy__type_support.hpp
[0.954s] -- Up-to-date: /home/mscrobotics2425laptop11/interbotix_ws/install/interbotix_xs_msgs/include/interbotix_xs_msgs/interbotix_xs_msgs/msg/joint_single_command.hpp
[0.954s] -- Up-to-date: /home/mscrobotics2425laptop11/interbotix_ws/install/interbotix_xs_msgs/include/interbotix_xs_msgs/interbotix_xs_msgs/srv
[0.954s] -- Up-to-date: /home/mscrobotics2425laptop11/interbotix_ws/install/interbotix_xs_msgs/include/interbotix_xs_msgs/interbotix_xs_msgs/srv/operating_modes.hpp
[0.954s] -- Up-to-date: /home/mscrobotics2425laptop11/interbotix_ws/install/interbotix_xs_msgs/include/interbotix_xs_msgs/interbotix_xs_msgs/srv/reboot.hpp
[0.954s] -- Up-to-date: /home/mscrobotics2425laptop11/interbotix_ws/install/interbotix_xs_msgs/include/interbotix_xs_msgs/interbotix_xs_msgs/srv/motor_gains.hpp
[0.955s] -- Up-to-date: /home/mscrobotics2425laptop11/interbotix_ws/install/interbotix_xs_msgs/include/interbotix_xs_msgs/interbotix_xs_msgs/srv/torque_enable.hpp
[0.955s] -- Up-to-date: /home/mscrobotics2425laptop11/interbotix_ws/install/interbotix_xs_msgs/include/interbotix_xs_msgs/interbotix_xs_msgs/srv/register_values.hpp
[0.955s] -- Up-to-date: /home/mscrobotics2425laptop11/interbotix_ws/install/interbotix_xs_msgs/include/interbotix_xs_msgs/interbotix_xs_msgs/srv/detail
[0.957s] -- Up-to-date: /home/mscrobotics2425laptop11/interbotix_ws/install/interbotix_xs_msgs/include/interbotix_xs_msgs/interbotix_xs_msgs/srv/detail/reboot__builder.hpp
[0.957s] -- Up-to-date: /home/mscrobotics2425laptop11/interbotix_ws/install/interbotix_xs_msgs/include/interbotix_xs_msgs/interbotix_xs_msgs/srv/detail/operating_modes__builder.hpp
[0.957s] -- Up-to-date: /home/mscrobotics2425laptop11/interbotix_ws/install/interbotix_xs_msgs/include/interbotix_xs_msgs/interbotix_xs_msgs/srv/detail/motor_gains__type_support.hpp
[0.957s] -- Up-to-date: /home/mscrobotics2425laptop11/interbotix_ws/install/interbotix_xs_msgs/include/interbotix_xs_msgs/interbotix_xs_msgs/srv/detail/operating_modes__traits.hpp
[0.958s] -- Up-to-date: /home/mscrobotics2425laptop11/interbotix_ws/install/interbotix_xs_msgs/include/interbotix_xs_msgs/interbotix_xs_msgs/srv/detail/reboot__traits.hpp
[0.958s] -- Up-to-date: /home/mscrobotics2425laptop11/interbotix_ws/install/interbotix_xs_msgs/include/interbotix_xs_msgs/interbotix_xs_msgs/srv/detail/reboot__struct.hpp
[0.961s] -- Up-to-date: /home/mscrobotics2425laptop11/interbotix_ws/install/interbotix_xs_msgs/include/interbotix_xs_msgs/interbotix_xs_msgs/srv/detail/torque_enable__struct.hpp
[0.962s] -- Up-to-date: /home/mscrobotics2425laptop11/interbotix_ws/install/interbotix_xs_msgs/include/interbotix_xs_msgs/interbotix_xs_msgs/srv/detail/reboot__type_support.hpp
[0.965s] -- Up-to-date: /home/mscrobotics2425laptop11/interbotix_ws/install/interbotix_xs_msgs/include/interbotix_xs_msgs/interbotix_xs_msgs/srv/detail/operating_modes__struct.hpp
[0.966s] -- Up-to-date: /home/mscrobotics2425laptop11/interbotix_ws/install/interbotix_xs_msgs/include/interbotix_xs_msgs/interbotix_xs_msgs/srv/detail/register_values__type_support.hpp
[0.966s] -- Up-to-date: /home/mscrobotics2425laptop11/interbotix_ws/install/interbotix_xs_msgs/include/interbotix_xs_msgs/interbotix_xs_msgs/srv/detail/motor_gains__builder.hpp
[0.966s] -- Up-to-date: /home/mscrobotics2425laptop11/interbotix_ws/install/interbotix_xs_msgs/include/interbotix_xs_msgs/interbotix_xs_msgs/srv/detail/robot_info__traits.hpp
[0.966s] -- Up-to-date: /home/mscrobotics2425laptop11/interbotix_ws/install/interbotix_xs_msgs/include/interbotix_xs_msgs/interbotix_xs_msgs/srv/detail/torque_enable__type_support.hpp
[0.966s] -- Up-to-date: /home/mscrobotics2425laptop11/interbotix_ws/install/interbotix_xs_msgs/include/interbotix_xs_msgs/interbotix_xs_msgs/srv/detail/register_values__traits.hpp
[0.966s] -- Up-to-date: /home/mscrobotics2425laptop11/interbotix_ws/install/interbotix_xs_msgs/include/interbotix_xs_msgs/interbotix_xs_msgs/srv/detail/robot_info__builder.hpp
[0.967s] -- Up-to-date: /home/mscrobotics2425laptop11/interbotix_ws/install/interbotix_xs_msgs/include/interbotix_xs_msgs/interbotix_xs_msgs/srv/detail/register_values__struct.hpp
[0.967s] -- Up-to-date: /home/mscrobotics2425laptop11/interbotix_ws/install/interbotix_xs_msgs/include/interbotix_xs_msgs/interbotix_xs_msgs/srv/detail/motor_gains__traits.hpp
[0.967s] -- Up-to-date: /home/mscrobotics2425laptop11/interbotix_ws/install/interbotix_xs_msgs/include/interbotix_xs_msgs/interbotix_xs_msgs/srv/detail/robot_info__struct.hpp
[0.979s] -- Up-to-date: /home/mscrobotics2425laptop11/interbotix_ws/install/interbotix_xs_msgs/include/interbotix_xs_msgs/interbotix_xs_msgs/srv/detail/operating_modes__type_support.hpp
[0.979s] -- Up-to-date: /home/mscrobotics2425laptop11/interbotix_ws/install/interbotix_xs_msgs/include/interbotix_xs_msgs/interbotix_xs_msgs/srv/detail/torque_enable__traits.hpp
[0.980s] -- Up-to-date: /home/mscrobotics2425laptop11/interbotix_ws/install/interbotix_xs_msgs/include/interbotix_xs_msgs/interbotix_xs_msgs/srv/detail/robot_info__type_support.hpp
[0.980s] -- Up-to-date: /home/mscrobotics2425laptop11/interbotix_ws/install/interbotix_xs_msgs/include/interbotix_xs_msgs/interbotix_xs_msgs/srv/detail/motor_gains__struct.hpp
[0.980s] -- Up-to-date: /home/mscrobotics2425laptop11/interbotix_ws/install/interbotix_xs_msgs/include/interbotix_xs_msgs/interbotix_xs_msgs/srv/detail/register_values__builder.hpp
[0.981s] -- Up-to-date: /home/mscrobotics2425laptop11/interbotix_ws/install/interbotix_xs_msgs/include/interbotix_xs_msgs/interbotix_xs_msgs/srv/detail/torque_enable__builder.hpp
[0.981s] -- Up-to-date: /home/mscrobotics2425laptop11/interbotix_ws/install/interbotix_xs_msgs/include/interbotix_xs_msgs/interbotix_xs_msgs/srv/robot_info.hpp
[0.981s] -- Up-to-date: /home/mscrobotics2425laptop11/interbotix_ws/install/interbotix_xs_msgs/include/interbotix_xs_msgs/interbotix_xs_msgs
[0.983s] -- Up-to-date: /home/mscrobotics2425laptop11/interbotix_ws/install/interbotix_xs_msgs/include/interbotix_xs_msgs/interbotix_xs_msgs/msg
[0.983s] -- Up-to-date: /home/mscrobotics2425laptop11/interbotix_ws/install/interbotix_xs_msgs/include/interbotix_xs_msgs/interbotix_xs_msgs/msg/rosidl_typesupport_fastrtps_cpp__visibility_control.h
[0.983s] -- Up-to-date: /home/mscrobotics2425laptop11/interbotix_ws/install/interbotix_xs_msgs/include/interbotix_xs_msgs/interbotix_xs_msgs/msg/detail
[0.983s] -- Up-to-date: /home/mscrobotics2425laptop11/interbotix_ws/install/interbotix_xs_msgs/include/interbotix_xs_msgs/interbotix_xs_msgs/msg/detail/joint_single_command__rosidl_typesupport_fastrtps_cpp.hpp
[0.984s] -- Up-to-date: /home/mscrobotics2425laptop11/interbotix_ws/install/interbotix_xs_msgs/include/interbotix_xs_msgs/interbotix_xs_msgs/msg/detail/joint_trajectory_command__rosidl_typesupport_fastrtps_cpp.hpp
[0.984s] -- Up-to-date: /home/mscrobotics2425laptop11/interbotix_ws/install/interbotix_xs_msgs/include/interbotix_xs_msgs/interbotix_xs_msgs/msg/detail/joint_group_command__rosidl_typesupport_fastrtps_cpp.hpp
[0.984s] -- Up-to-date: /home/mscrobotics2425laptop11/interbotix_ws/install/interbotix_xs_msgs/include/interbotix_xs_msgs/interbotix_xs_msgs/msg/detail/arm_joy__rosidl_typesupport_fastrtps_cpp.hpp
[0.989s] -- Up-to-date: /home/mscrobotics2425laptop11/interbotix_ws/install/interbotix_xs_msgs/include/interbotix_xs_msgs/interbotix_xs_msgs/msg/detail/hex_joy__rosidl_typesupport_fastrtps_cpp.hpp
[0.990s] -- Up-to-date: /home/mscrobotics2425laptop11/interbotix_ws/install/interbotix_xs_msgs/include/interbotix_xs_msgs/interbotix_xs_msgs/msg/detail/joint_temps__rosidl_typesupport_fastrtps_cpp.hpp
[0.990s] -- Up-to-date: /home/mscrobotics2425laptop11/interbotix_ws/install/interbotix_xs_msgs/include/interbotix_xs_msgs/interbotix_xs_msgs/msg/detail/locobot_joy__rosidl_typesupport_fastrtps_cpp.hpp
[0.990s] -- Up-to-date: /home/mscrobotics2425laptop11/interbotix_ws/install/interbotix_xs_msgs/include/interbotix_xs_msgs/interbotix_xs_msgs/msg/detail/turret_joy__rosidl_typesupport_fastrtps_cpp.hpp
[0.990s] -- Up-to-date: /home/mscrobotics2425laptop11/interbotix_ws/install/interbotix_xs_msgs/include/interbotix_xs_msgs/interbotix_xs_msgs/msg/detail/dds_fastrtps
[0.991s] -- Up-to-date: /home/mscrobotics2425laptop11/interbotix_ws/install/interbotix_xs_msgs/include/interbotix_xs_msgs/interbotix_xs_msgs/srv
[0.991s] -- Up-to-date: /home/mscrobotics2425laptop11/interbotix_ws/install/interbotix_xs_msgs/include/interbotix_xs_msgs/interbotix_xs_msgs/srv/detail
[0.991s] -- Up-to-date: /home/mscrobotics2425laptop11/interbotix_ws/install/interbotix_xs_msgs/include/interbotix_xs_msgs/interbotix_xs_msgs/srv/detail/register_values__rosidl_typesupport_fastrtps_cpp.hpp
[0.991s] -- Up-to-date: /home/mscrobotics2425laptop11/interbotix_ws/install/interbotix_xs_msgs/include/interbotix_xs_msgs/interbotix_xs_msgs/srv/detail/motor_gains__rosidl_typesupport_fastrtps_cpp.hpp
[0.991s] -- Up-to-date: /home/mscrobotics2425laptop11/interbotix_ws/install/interbotix_xs_msgs/include/interbotix_xs_msgs/interbotix_xs_msgs/srv/detail/robot_info__rosidl_typesupport_fastrtps_cpp.hpp
[0.991s] -- Up-to-date: /home/mscrobotics2425laptop11/interbotix_ws/install/interbotix_xs_msgs/include/interbotix_xs_msgs/interbotix_xs_msgs/srv/detail/operating_modes__rosidl_typesupport_fastrtps_cpp.hpp
[0.992s] -- Up-to-date: /home/mscrobotics2425laptop11/interbotix_ws/install/interbotix_xs_msgs/include/interbotix_xs_msgs/interbotix_xs_msgs/srv/detail/torque_enable__rosidl_typesupport_fastrtps_cpp.hpp
[0.992s] -- Up-to-date: /home/mscrobotics2425laptop11/interbotix_ws/install/interbotix_xs_msgs/include/interbotix_xs_msgs/interbotix_xs_msgs/srv/detail/reboot__rosidl_typesupport_fastrtps_cpp.hpp
[0.992s] -- Up-to-date: /home/mscrobotics2425laptop11/interbotix_ws/install/interbotix_xs_msgs/include/interbotix_xs_msgs/interbotix_xs_msgs/srv/detail/dds_fastrtps
[0.992s] -- Up-to-date: /home/mscrobotics2425laptop11/interbotix_ws/install/interbotix_xs_msgs/lib/libinterbotix_xs_msgs__rosidl_typesupport_fastrtps_cpp.so
[0.992s] -- Up-to-date: /home/mscrobotics2425laptop11/interbotix_ws/install/interbotix_xs_msgs/include/interbotix_xs_msgs/interbotix_xs_msgs
[0.993s] -- Up-to-date: /home/mscrobotics2425laptop11/interbotix_ws/install/interbotix_xs_msgs/include/interbotix_xs_msgs/interbotix_xs_msgs/msg
[0.993s] -- Up-to-date: /home/mscrobotics2425laptop11/interbotix_ws/install/interbotix_xs_msgs/include/interbotix_xs_msgs/interbotix_xs_msgs/msg/detail
[0.993s] -- Up-to-date: /home/mscrobotics2425laptop11/interbotix_ws/install/interbotix_xs_msgs/include/interbotix_xs_msgs/interbotix_xs_msgs/msg/detail/hex_joy__rosidl_typesupport_introspection_cpp.hpp
[0.996s] -- Up-to-date: /home/mscrobotics2425laptop11/interbotix_ws/install/interbotix_xs_msgs/include/interbotix_xs_msgs/interbotix_xs_msgs/msg/detail/joint_group_command__type_support.cpp
[0.997s] -- Up-to-date: /home/mscrobotics2425laptop11/interbotix_ws/install/interbotix_xs_msgs/include/interbotix_xs_msgs/interbotix_xs_msgs/msg/detail/joint_trajectory_command__rosidl_typesupport_introspection_cpp.hpp
[0.997s] -- Up-to-date: /home/mscrobotics2425laptop11/interbotix_ws/install/interbotix_xs_msgs/include/interbotix_xs_msgs/interbotix_xs_msgs/msg/detail/joint_temps__rosidl_typesupport_introspection_cpp.hpp
[0.997s] -- Up-to-date: /home/mscrobotics2425laptop11/interbotix_ws/install/interbotix_xs_msgs/include/interbotix_xs_msgs/interbotix_xs_msgs/msg/detail/locobot_joy__type_support.cpp
[0.997s] -- Up-to-date: /home/mscrobotics2425laptop11/interbotix_ws/install/interbotix_xs_msgs/include/interbotix_xs_msgs/interbotix_xs_msgs/msg/detail/joint_single_command__rosidl_typesupport_introspection_cpp.hpp
[0.997s] -- Up-to-date: /home/mscrobotics2425laptop11/interbotix_ws/install/interbotix_xs_msgs/include/interbotix_xs_msgs/interbotix_xs_msgs/msg/detail/joint_temps__type_support.cpp
[0.998s] -- Up-to-date: /home/mscrobotics2425laptop11/interbotix_ws/install/interbotix_xs_msgs/include/interbotix_xs_msgs/interbotix_xs_msgs/msg/detail/joint_single_command__type_support.cpp
[0.998s] -- Up-to-date: /home/mscrobotics2425laptop11/interbotix_ws/install/interbotix_xs_msgs/include/interbotix_xs_msgs/interbotix_xs_msgs/msg/detail/arm_joy__rosidl_typesupport_introspection_cpp.hpp
[0.998s] -- Up-to-date: /home/mscrobotics2425laptop11/interbotix_ws/install/interbotix_xs_msgs/include/interbotix_xs_msgs/interbotix_xs_msgs/msg/detail/turret_joy__type_support.cpp
[0.999s] -- Up-to-date: /home/mscrobotics2425laptop11/interbotix_ws/install/interbotix_xs_msgs/include/interbotix_xs_msgs/interbotix_xs_msgs/msg/detail/hex_joy__type_support.cpp
[0.999s] -- Up-to-date: /home/mscrobotics2425laptop11/interbotix_ws/install/interbotix_xs_msgs/include/interbotix_xs_msgs/interbotix_xs_msgs/msg/detail/joint_group_command__rosidl_typesupport_introspection_cpp.hpp
[0.999s] -- Up-to-date: /home/mscrobotics2425laptop11/interbotix_ws/install/interbotix_xs_msgs/include/interbotix_xs_msgs/interbotix_xs_msgs/msg/detail/joint_trajectory_command__type_support.cpp
[0.999s] -- Up-to-date: /home/mscrobotics2425laptop11/interbotix_ws/install/interbotix_xs_msgs/include/interbotix_xs_msgs/interbotix_xs_msgs/msg/detail/locobot_joy__rosidl_typesupport_introspection_cpp.hpp
[0.999s] -- Up-to-date: /home/mscrobotics2425laptop11/interbotix_ws/install/interbotix_xs_msgs/include/interbotix_xs_msgs/interbotix_xs_msgs/msg/detail/arm_joy__type_support.cpp
[0.999s] -- Up-to-date: /home/mscrobotics2425laptop11/interbotix_ws/install/interbotix_xs_msgs/include/interbotix_xs_msgs/interbotix_xs_msgs/msg/detail/turret_joy__rosidl_typesupport_introspection_cpp.hpp
[0.999s] -- Up-to-date: /home/mscrobotics2425laptop11/interbotix_ws/install/interbotix_xs_msgs/include/interbotix_xs_msgs/interbotix_xs_msgs/srv
[0.999s] -- Up-to-date: /home/mscrobotics2425laptop11/interbotix_ws/install/interbotix_xs_msgs/include/interbotix_xs_msgs/interbotix_xs_msgs/srv/detail
[1.000s] -- Up-to-date: /home/mscrobotics2425laptop11/interbotix_ws/install/interbotix_xs_msgs/include/interbotix_xs_msgs/interbotix_xs_msgs/srv/detail/motor_gains__rosidl_typesupport_introspection_cpp.hpp
[1.000s] -- Up-to-date: /home/mscrobotics2425laptop11/interbotix_ws/install/interbotix_xs_msgs/include/interbotix_xs_msgs/interbotix_xs_msgs/srv/detail/operating_modes__type_support.cpp
[1.000s] -- Up-to-date: /home/mscrobotics2425laptop11/interbotix_ws/install/interbotix_xs_msgs/include/interbotix_xs_msgs/interbotix_xs_msgs/srv/detail/robot_info__type_support.cpp
[1.000s] -- Up-to-date: /home/mscrobotics2425laptop11/interbotix_ws/install/interbotix_xs_msgs/include/interbotix_xs_msgs/interbotix_xs_msgs/srv/detail/robot_info__rosidl_typesupport_introspection_cpp.hpp
[1.000s] -- Up-to-date: /home/mscrobotics2425laptop11/interbotix_ws/install/interbotix_xs_msgs/include/interbotix_xs_msgs/interbotix_xs_msgs/srv/detail/reboot__type_support.cpp
[1.001s] -- Up-to-date: /home/mscrobotics2425laptop11/interbotix_ws/install/interbotix_xs_msgs/include/interbotix_xs_msgs/interbotix_xs_msgs/srv/detail/motor_gains__type_support.cpp
[1.001s] -- Up-to-date: /home/mscrobotics2425laptop11/interbotix_ws/install/interbotix_xs_msgs/include/interbotix_xs_msgs/interbotix_xs_msgs/srv/detail/reboot__rosidl_typesupport_introspection_cpp.hpp
[1.001s] -- Up-to-date: /home/mscrobotics2425laptop11/interbotix_ws/install/interbotix_xs_msgs/include/interbotix_xs_msgs/interbotix_xs_msgs/srv/detail/torque_enable__rosidl_typesupport_introspection_cpp.hpp
[1.001s] -- Up-to-date: /home/mscrobotics2425laptop11/interbotix_ws/install/interbotix_xs_msgs/include/interbotix_xs_msgs/interbotix_xs_msgs/srv/detail/operating_modes__rosidl_typesupport_introspection_cpp.hpp
[1.002s] -- Up-to-date: /home/mscrobotics2425laptop11/interbotix_ws/install/interbotix_xs_msgs/include/interbotix_xs_msgs/interbotix_xs_msgs/srv/detail/torque_enable__type_support.cpp
[1.002s] -- Up-to-date: /home/mscrobotics2425laptop11/interbotix_ws/install/interbotix_xs_msgs/include/interbotix_xs_msgs/interbotix_xs_msgs/srv/detail/register_values__type_support.cpp
[1.002s] -- Up-to-date: /home/mscrobotics2425laptop11/interbotix_ws/install/interbotix_xs_msgs/include/interbotix_xs_msgs/interbotix_xs_msgs/srv/detail/register_values__rosidl_typesupport_introspection_cpp.hpp
[1.002s] -- Up-to-date: /home/mscrobotics2425laptop11/interbotix_ws/install/interbotix_xs_msgs/lib/libinterbotix_xs_msgs__rosidl_typesupport_introspection_cpp.so
[1.002s] -- Up-to-date: /home/mscrobotics2425laptop11/interbotix_ws/install/interbotix_xs_msgs/lib/libinterbotix_xs_msgs__rosidl_typesupport_cpp.so
[1.003s] -- Up-to-date: /home/mscrobotics2425laptop11/interbotix_ws/install/interbotix_xs_msgs/share/interbotix_xs_msgs/environment/pythonpath.sh
[1.003s] -- Up-to-date: /home/mscrobotics2425laptop11/interbotix_ws/install/interbotix_xs_msgs/share/interbotix_xs_msgs/environment/pythonpath.dsv
[1.003s] -- Up-to-date: /home/mscrobotics2425laptop11/interbotix_ws/install/interbotix_xs_msgs/local/lib/python3.10/dist-packages/interbotix_xs_msgs-0.0.0-py3.10.egg-info
[1.004s] -- Installing: /home/mscrobotics2425laptop11/interbotix_ws/install/interbotix_xs_msgs/local/lib/python3.10/dist-packages/interbotix_xs_msgs-0.0.0-py3.10.egg-info/SOURCES.txt
[1.004s] -- Installing: /home/mscrobotics2425laptop11/interbotix_ws/install/interbotix_xs_msgs/local/lib/python3.10/dist-packages/interbotix_xs_msgs-0.0.0-py3.10.egg-info/dependency_links.txt
[1.004s] -- Installing: /home/mscrobotics2425laptop11/interbotix_ws/install/interbotix_xs_msgs/local/lib/python3.10/dist-packages/interbotix_xs_msgs-0.0.0-py3.10.egg-info/top_level.txt
[1.004s] -- Installing: /home/mscrobotics2425laptop11/interbotix_ws/install/interbotix_xs_msgs/local/lib/python3.10/dist-packages/interbotix_xs_msgs-0.0.0-py3.10.egg-info/PKG-INFO
[1.004s] -- Up-to-date: /home/mscrobotics2425laptop11/interbotix_ws/install/interbotix_xs_msgs/local/lib/python3.10/dist-packages/interbotix_xs_msgs
[1.004s] -- Up-to-date: /home/mscrobotics2425laptop11/interbotix_ws/install/interbotix_xs_msgs/local/lib/python3.10/dist-packages/interbotix_xs_msgs/_interbotix_xs_msgs_s.ep.rosidl_typesupport_fastrtps_c.c
[1.005s] -- Up-to-date: /home/mscrobotics2425laptop11/interbotix_ws/install/interbotix_xs_msgs/local/lib/python3.10/dist-packages/interbotix_xs_msgs/libinterbotix_xs_msgs__rosidl_generator_py.so
[1.005s] -- Up-to-date: /home/mscrobotics2425laptop11/interbotix_ws/install/interbotix_xs_msgs/local/lib/python3.10/dist-packages/interbotix_xs_msgs/_interbotix_xs_msgs_s.ep.rosidl_typesupport_c.c
[1.005s] -- Up-to-date: /home/mscrobotics2425laptop11/interbotix_ws/install/interbotix_xs_msgs/local/lib/python3.10/dist-packages/interbotix_xs_msgs/interbotix_xs_msgs_s__rosidl_typesupport_introspection_c.cpython-310-x86_64-linux-gnu.so
[1.005s] -- Up-to-date: /home/mscrobotics2425laptop11/interbotix_ws/install/interbotix_xs_msgs/local/lib/python3.10/dist-packages/interbotix_xs_msgs/_interbotix_xs_msgs_s.ep.rosidl_typesupport_introspection_c.c
[1.005s] -- Up-to-date: /home/mscrobotics2425laptop11/interbotix_ws/install/interbotix_xs_msgs/local/lib/python3.10/dist-packages/interbotix_xs_msgs/msg
[1.005s] -- Up-to-date: /home/mscrobotics2425laptop11/interbotix_ws/install/interbotix_xs_msgs/local/lib/python3.10/dist-packages/interbotix_xs_msgs/msg/_joint_trajectory_command.py
[1.005s] -- Up-to-date: /home/mscrobotics2425laptop11/interbotix_ws/install/interbotix_xs_msgs/local/lib/python3.10/dist-packages/interbotix_xs_msgs/msg/_joint_temps_s.c
[1.005s] -- Up-to-date: /home/mscrobotics2425laptop11/interbotix_ws/install/interbotix_xs_msgs/local/lib/python3.10/dist-packages/interbotix_xs_msgs/msg/_turret_joy_s.c
[1.005s] -- Up-to-date: /home/mscrobotics2425laptop11/interbotix_ws/install/interbotix_xs_msgs/local/lib/python3.10/dist-packages/interbotix_xs_msgs/msg/_joint_single_command.py
[1.005s] -- Up-to-date: /home/mscrobotics2425laptop11/interbotix_ws/install/interbotix_xs_msgs/local/lib/python3.10/dist-packages/interbotix_xs_msgs/msg/_turret_joy.py
[1.005s] -- Up-to-date: /home/mscrobotics2425laptop11/interbotix_ws/install/interbotix_xs_msgs/local/lib/python3.10/dist-packages/interbotix_xs_msgs/msg/_joint_group_command.py
[1.006s] -- Up-to-date: /home/mscrobotics2425laptop11/interbotix_ws/install/interbotix_xs_msgs/local/lib/python3.10/dist-packages/interbotix_xs_msgs/msg/_locobot_joy_s.c
[1.006s] -- Up-to-date: /home/mscrobotics2425laptop11/interbotix_ws/install/interbotix_xs_msgs/local/lib/python3.10/dist-packages/interbotix_xs_msgs/msg/_hex_joy.py
[1.006s] -- Up-to-date: /home/mscrobotics2425laptop11/interbotix_ws/install/interbotix_xs_msgs/local/lib/python3.10/dist-packages/interbotix_xs_msgs/msg/_arm_joy.py
[1.006s] -- Up-to-date: /home/mscrobotics2425laptop11/interbotix_ws/install/interbotix_xs_msgs/local/lib/python3.10/dist-packages/interbotix_xs_msgs/msg/__init__.py
[1.006s] -- Up-to-date: /home/mscrobotics2425laptop11/interbotix_ws/install/interbotix_xs_msgs/local/lib/python3.10/dist-packages/interbotix_xs_msgs/msg/_joint_single_command_s.c
[1.007s] -- Up-to-date: /home/mscrobotics2425laptop11/interbotix_ws/install/interbotix_xs_msgs/local/lib/python3.10/dist-packages/interbotix_xs_msgs/msg/_locobot_joy.py
[1.007s] -- Up-to-date: /home/mscrobotics2425laptop11/interbotix_ws/install/interbotix_xs_msgs/local/lib/python3.10/dist-packages/interbotix_xs_msgs/msg/_arm_joy_s.c
[1.007s] -- Up-to-date: /home/mscrobotics2425laptop11/interbotix_ws/install/interbotix_xs_msgs/local/lib/python3.10/dist-packages/interbotix_xs_msgs/msg/_joint_trajectory_command_s.c
[1.007s] -- Up-to-date: /home/mscrobotics2425laptop11/interbotix_ws/install/interbotix_xs_msgs/local/lib/python3.10/dist-packages/interbotix_xs_msgs/msg/_joint_group_command_s.c
[1.007s] -- Up-to-date: /home/mscrobotics2425laptop11/interbotix_ws/install/interbotix_xs_msgs/local/lib/python3.10/dist-packages/interbotix_xs_msgs/msg/_hex_joy_s.c
[1.008s] -- Up-to-date: /home/mscrobotics2425laptop11/interbotix_ws/install/interbotix_xs_msgs/local/lib/python3.10/dist-packages/interbotix_xs_msgs/msg/_joint_temps.py
[1.008s] -- Up-to-date: /home/mscrobotics2425laptop11/interbotix_ws/install/interbotix_xs_msgs/local/lib/python3.10/dist-packages/interbotix_xs_msgs/srv
[1.008s] -- Up-to-date: /home/mscrobotics2425laptop11/interbotix_ws/install/interbotix_xs_msgs/local/lib/python3.10/dist-packages/interbotix_xs_msgs/srv/_robot_info.py
[1.008s] -- Up-to-date: /home/mscrobotics2425laptop11/interbotix_ws/install/interbotix_xs_msgs/local/lib/python3.10/dist-packages/interbotix_xs_msgs/srv/_operating_modes_s.c
[1.009s] -- Up-to-date: /home/mscrobotics2425laptop11/interbotix_ws/install/interbotix_xs_msgs/local/lib/python3.10/dist-packages/interbotix_xs_msgs/srv/_register_values.py
[1.010s] -- Up-to-date: /home/mscrobotics2425laptop11/interbotix_ws/install/interbotix_xs_msgs/local/lib/python3.10/dist-packages/interbotix_xs_msgs/srv/_reboot.py
[1.010s] -- Up-to-date: /home/mscrobotics2425laptop11/interbotix_ws/install/interbotix_xs_msgs/local/lib/python3.10/dist-packages/interbotix_xs_msgs/srv/_robot_info_s.c
[1.010s] -- Up-to-date: /home/mscrobotics2425laptop11/interbotix_ws/install/interbotix_xs_msgs/local/lib/python3.10/dist-packages/interbotix_xs_msgs/srv/_register_values_s.c
[1.010s] -- Up-to-date: /home/mscrobotics2425laptop11/interbotix_ws/install/interbotix_xs_msgs/local/lib/python3.10/dist-packages/interbotix_xs_msgs/srv/_operating_modes.py
[1.011s] -- Up-to-date: /home/mscrobotics2425laptop11/interbotix_ws/install/interbotix_xs_msgs/local/lib/python3.10/dist-packages/interbotix_xs_msgs/srv/_motor_gains.py
[1.011s] -- Up-to-date: /home/mscrobotics2425laptop11/interbotix_ws/install/interbotix_xs_msgs/local/lib/python3.10/dist-packages/interbotix_xs_msgs/srv/__init__.py
[1.011s] -- Up-to-date: /home/mscrobotics2425laptop11/interbotix_ws/install/interbotix_xs_msgs/local/lib/python3.10/dist-packages/interbotix_xs_msgs/srv/_reboot_s.c
[1.011s] -- Up-to-date: /home/mscrobotics2425laptop11/interbotix_ws/install/interbotix_xs_msgs/local/lib/python3.10/dist-packages/interbotix_xs_msgs/srv/_torque_enable_s.c
[1.011s] -- Up-to-date: /home/mscrobotics2425laptop11/interbotix_ws/install/interbotix_xs_msgs/local/lib/python3.10/dist-packages/interbotix_xs_msgs/srv/_torque_enable.py
[1.012s] -- Up-to-date: /home/mscrobotics2425laptop11/interbotix_ws/install/interbotix_xs_msgs/local/lib/python3.10/dist-packages/interbotix_xs_msgs/srv/_motor_gains_s.c
[1.012s] -- Up-to-date: /home/mscrobotics2425laptop11/interbotix_ws/install/interbotix_xs_msgs/local/lib/python3.10/dist-packages/interbotix_xs_msgs/__init__.py
[1.012s] -- Up-to-date: /home/mscrobotics2425laptop11/interbotix_ws/install/interbotix_xs_msgs/local/lib/python3.10/dist-packages/interbotix_xs_msgs/interbotix_xs_msgs_s__rosidl_typesupport_c.cpython-310-x86_64-linux-gnu.so
[1.012s] -- Up-to-date: /home/mscrobotics2425laptop11/interbotix_ws/install/interbotix_xs_msgs/local/lib/python3.10/dist-packages/interbotix_xs_msgs/interbotix_xs_msgs_s__rosidl_typesupport_fastrtps_c.cpython-310-x86_64-linux-gnu.so
[1.050s] Listing '/home/mscrobotics2425laptop11/interbotix_ws/install/interbotix_xs_msgs/local/lib/python3.10/dist-packages/interbotix_xs_msgs'...
[1.050s] Listing '/home/mscrobotics2425laptop11/interbotix_ws/install/interbotix_xs_msgs/local/lib/python3.10/dist-packages/interbotix_xs_msgs/msg'...
[1.050s] Listing '/home/mscrobotics2425laptop11/interbotix_ws/install/interbotix_xs_msgs/local/lib/python3.10/dist-packages/interbotix_xs_msgs/srv'...
[1.056s] -- Up-to-date: /home/mscrobotics2425laptop11/interbotix_ws/install/interbotix_xs_msgs/local/lib/python3.10/dist-packages/interbotix_xs_msgs/interbotix_xs_msgs_s__rosidl_typesupport_fastrtps_c.cpython-310-x86_64-linux-gnu.so
[1.058s] -- Up-to-date: /home/mscrobotics2425laptop11/interbotix_ws/install/interbotix_xs_msgs/local/lib/python3.10/dist-packages/interbotix_xs_msgs/interbotix_xs_msgs_s__rosidl_typesupport_introspection_c.cpython-310-x86_64-linux-gnu.so
[1.061s] -- Up-to-date: /home/mscrobotics2425laptop11/interbotix_ws/install/interbotix_xs_msgs/local/lib/python3.10/dist-packages/interbotix_xs_msgs/interbotix_xs_msgs_s__rosidl_typesupport_c.cpython-310-x86_64-linux-gnu.so
[1.061s] -- Up-to-date: /home/mscrobotics2425laptop11/interbotix_ws/install/interbotix_xs_msgs/lib/libinterbotix_xs_msgs__rosidl_generator_py.so
[1.062s] -- Up-to-date: /home/mscrobotics2425laptop11/interbotix_ws/install/interbotix_xs_msgs/share/interbotix_xs_msgs/msg/ArmJoy.idl
[1.073s] -- Up-to-date: /home/mscrobotics2425laptop11/interbotix_ws/install/interbotix_xs_msgs/share/interbotix_xs_msgs/msg/HexJoy.idl
[1.073s] -- Up-to-date: /home/mscrobotics2425laptop11/interbotix_ws/install/interbotix_xs_msgs/share/interbotix_xs_msgs/msg/JointGroupCommand.idl
[1.074s] -- Up-to-date: /home/mscrobotics2425laptop11/interbotix_ws/install/interbotix_xs_msgs/share/interbotix_xs_msgs/msg/JointSingleCommand.idl
[1.074s] -- Up-to-date: /home/mscrobotics2425laptop11/interbotix_ws/install/interbotix_xs_msgs/share/interbotix_xs_msgs/msg/JointTemps.idl
[1.074s] -- Up-to-date: /home/mscrobotics2425laptop11/interbotix_ws/install/interbotix_xs_msgs/share/interbotix_xs_msgs/msg/JointTrajectoryCommand.idl
[1.074s] -- Up-to-date: /home/mscrobotics2425laptop11/interbotix_ws/install/interbotix_xs_msgs/share/interbotix_xs_msgs/msg/LocobotJoy.idl
[1.074s] -- Up-to-date: /home/mscrobotics2425laptop11/interbotix_ws/install/interbotix_xs_msgs/share/interbotix_xs_msgs/msg/TurretJoy.idl
[1.075s] -- Up-to-date: /home/mscrobotics2425laptop11/interbotix_ws/install/interbotix_xs_msgs/share/interbotix_xs_msgs/srv/MotorGains.idl
[1.075s] -- Up-to-date: /home/mscrobotics2425laptop11/interbotix_ws/install/interbotix_xs_msgs/share/interbotix_xs_msgs/srv/OperatingModes.idl
[1.082s] -- Up-to-date: /home/mscrobotics2425laptop11/interbotix_ws/install/interbotix_xs_msgs/share/interbotix_xs_msgs/srv/Reboot.idl
[1.083s] -- Up-to-date: /home/mscrobotics2425laptop11/interbotix_ws/install/interbotix_xs_msgs/share/interbotix_xs_msgs/srv/RegisterValues.idl
[1.089s] -- Up-to-date: /home/mscrobotics2425laptop11/interbotix_ws/install/interbotix_xs_msgs/share/interbotix_xs_msgs/srv/RobotInfo.idl
[1.089s] -- Up-to-date: /home/mscrobotics2425laptop11/interbotix_ws/install/interbotix_xs_msgs/share/interbotix_xs_msgs/srv/TorqueEnable.idl
[1.089s] -- Up-to-date: /home/mscrobotics2425laptop11/interbotix_ws/install/interbotix_xs_msgs/share/interbotix_xs_msgs/msg/ArmJoy.msg
[1.090s] -- Up-to-date: /home/mscrobotics2425laptop11/interbotix_ws/install/interbotix_xs_msgs/share/interbotix_xs_msgs/msg/HexJoy.msg
[1.090s] -- Up-to-date: /home/mscrobotics2425laptop11/interbotix_ws/install/interbotix_xs_msgs/share/interbotix_xs_msgs/msg/JointGroupCommand.msg
[1.090s] -- Up-to-date: /home/mscrobotics2425laptop11/interbotix_ws/install/interbotix_xs_msgs/share/interbotix_xs_msgs/msg/JointSingleCommand.msg
[1.090s] -- Up-to-date: /home/mscrobotics2425laptop11/interbotix_ws/install/interbotix_xs_msgs/share/interbotix_xs_msgs/msg/JointTemps.msg
[1.090s] -- Up-to-date: /home/mscrobotics2425laptop11/interbotix_ws/install/interbotix_xs_msgs/share/interbotix_xs_msgs/msg/JointTrajectoryCommand.msg
[1.091s] -- Up-to-date: /home/mscrobotics2425laptop11/interbotix_ws/install/interbotix_xs_msgs/share/interbotix_xs_msgs/msg/LocobotJoy.msg
[1.091s] -- Up-to-date: /home/mscrobotics2425laptop11/interbotix_ws/install/interbotix_xs_msgs/share/interbotix_xs_msgs/msg/TurretJoy.msg
[1.091s] -- Up-to-date: /home/mscrobotics2425laptop11/interbotix_ws/install/interbotix_xs_msgs/share/interbotix_xs_msgs/srv/MotorGains.srv
[1.091s] -- Up-to-date: /home/mscrobotics2425laptop11/interbotix_ws/install/interbotix_xs_msgs/share/interbotix_xs_msgs/srv/MotorGains_Request.msg
[1.092s] -- Up-to-date: /home/mscrobotics2425laptop11/interbotix_ws/install/interbotix_xs_msgs/share/interbotix_xs_msgs/srv/MotorGains_Response.msg
[1.092s] -- Up-to-date: /home/mscrobotics2425laptop11/interbotix_ws/install/interbotix_xs_msgs/share/interbotix_xs_msgs/srv/OperatingModes.srv
[1.093s] -- Up-to-date: /home/mscrobotics2425laptop11/interbotix_ws/install/interbotix_xs_msgs/share/interbotix_xs_msgs/srv/OperatingModes_Request.msg
[1.093s] -- Up-to-date: /home/mscrobotics2425laptop11/interbotix_ws/install/interbotix_xs_msgs/share/interbotix_xs_msgs/srv/OperatingModes_Response.msg
[1.093s] -- Up-to-date: /home/mscrobotics2425laptop11/interbotix_ws/install/interbotix_xs_msgs/share/interbotix_xs_msgs/srv/Reboot.srv
[1.094s] -- Up-to-date: /home/mscrobotics2425laptop11/interbotix_ws/install/interbotix_xs_msgs/share/interbotix_xs_msgs/srv/Reboot_Request.msg
[1.095s] -- Up-to-date: /home/mscrobotics2425laptop11/interbotix_ws/install/interbotix_xs_msgs/share/interbotix_xs_msgs/srv/Reboot_Response.msg
[1.095s] -- Up-to-date: /home/mscrobotics2425laptop11/interbotix_ws/install/interbotix_xs_msgs/share/interbotix_xs_msgs/srv/RegisterValues.srv
[1.095s] -- Up-to-date: /home/mscrobotics2425laptop11/interbotix_ws/install/interbotix_xs_msgs/share/interbotix_xs_msgs/srv/RegisterValues_Request.msg
[1.095s] -- Up-to-date: /home/mscrobotics2425laptop11/interbotix_ws/install/interbotix_xs_msgs/share/interbotix_xs_msgs/srv/RegisterValues_Response.msg
[1.095s] -- Up-to-date: /home/mscrobotics2425laptop11/interbotix_ws/install/interbotix_xs_msgs/share/interbotix_xs_msgs/srv/RobotInfo.srv
[1.096s] -- Up-to-date: /home/mscrobotics2425laptop11/interbotix_ws/install/interbotix_xs_msgs/share/interbotix_xs_msgs/srv/RobotInfo_Request.msg
[1.096s] -- Up-to-date: /home/mscrobotics2425laptop11/interbotix_ws/install/interbotix_xs_msgs/share/interbotix_xs_msgs/srv/RobotInfo_Response.msg
[1.096s] -- Up-to-date: /home/mscrobotics2425laptop11/interbotix_ws/install/interbotix_xs_msgs/share/interbotix_xs_msgs/srv/TorqueEnable.srv
[1.096s] -- Up-to-date: /home/mscrobotics2425laptop11/interbotix_ws/install/interbotix_xs_msgs/share/interbotix_xs_msgs/srv/TorqueEnable_Request.msg
[1.096s] -- Up-to-date: /home/mscrobotics2425laptop11/interbotix_ws/install/interbotix_xs_msgs/share/interbotix_xs_msgs/srv/TorqueEnable_Response.msg
[1.096s] -- Up-to-date: /home/mscrobotics2425laptop11/interbotix_ws/install/interbotix_xs_msgs/share/ament_index/resource_index/package_run_dependencies/interbotix_xs_msgs
[1.096s] -- Up-to-date: /home/mscrobotics2425laptop11/interbotix_ws/install/interbotix_xs_msgs/share/ament_index/resource_index/parent_prefix_path/interbotix_xs_msgs
[1.096s] -- Up-to-date: /home/mscrobotics2425laptop11/interbotix_ws/install/interbotix_xs_msgs/share/interbotix_xs_msgs/environment/ament_prefix_path.sh
[1.096s] -- Up-to-date: /home/mscrobotics2425laptop11/interbotix_ws/install/interbotix_xs_msgs/share/interbotix_xs_msgs/environment/ament_prefix_path.dsv
[1.096s] -- Up-to-date: /home/mscrobotics2425laptop11/interbotix_ws/install/interbotix_xs_msgs/share/interbotix_xs_msgs/environment/path.sh
[1.096s] -- Up-to-date: /home/mscrobotics2425laptop11/interbotix_ws/install/interbotix_xs_msgs/share/interbotix_xs_msgs/environment/path.dsv
[1.096s] -- Up-to-date: /home/mscrobotics2425laptop11/interbotix_ws/install/interbotix_xs_msgs/share/interbotix_xs_msgs/local_setup.bash
[1.096s] -- Up-to-date: /home/mscrobotics2425laptop11/interbotix_ws/install/interbotix_xs_msgs/share/interbotix_xs_msgs/local_setup.sh
[1.097s] -- Up-to-date: /home/mscrobotics2425laptop11/interbotix_ws/install/interbotix_xs_msgs/share/interbotix_xs_msgs/local_setup.zsh
[1.097s] -- Up-to-date: /home/mscrobotics2425laptop11/interbotix_ws/install/interbotix_xs_msgs/share/interbotix_xs_msgs/local_setup.dsv
[1.097s] -- Installing: /home/mscrobotics2425laptop11/interbotix_ws/install/interbotix_xs_msgs/share/interbotix_xs_msgs/package.dsv
[1.097s] -- Up-to-date: /home/mscrobotics2425laptop11/interbotix_ws/install/interbotix_xs_msgs/share/ament_index/resource_index/packages/interbotix_xs_msgs
[1.097s] -- Up-to-date: /home/mscrobotics2425laptop11/interbotix_ws/install/interbotix_xs_msgs/share/interbotix_xs_msgs/cmake/export_interbotix_xs_msgs__rosidl_generator_cExport.cmake
[1.097s] -- Up-to-date: /home/mscrobotics2425laptop11/interbotix_ws/install/interbotix_xs_msgs/share/interbotix_xs_msgs/cmake/export_interbotix_xs_msgs__rosidl_generator_cExport-noconfig.cmake
[1.097s] -- Up-to-date: /home/mscrobotics2425laptop11/interbotix_ws/install/interbotix_xs_msgs/share/interbotix_xs_msgs/cmake/export_interbotix_xs_msgs__rosidl_typesupport_fastrtps_cExport.cmake
[1.097s] -- Up-to-date: /home/mscrobotics2425laptop11/interbotix_ws/install/interbotix_xs_msgs/share/interbotix_xs_msgs/cmake/export_interbotix_xs_msgs__rosidl_typesupport_fastrtps_cExport-noconfig.cmake
[1.098s] -- Up-to-date: /home/mscrobotics2425laptop11/interbotix_ws/install/interbotix_xs_msgs/share/interbotix_xs_msgs/cmake/interbotix_xs_msgs__rosidl_typesupport_introspection_cExport.cmake
[1.098s] -- Up-to-date: /home/mscrobotics2425laptop11/interbotix_ws/install/interbotix_xs_msgs/share/interbotix_xs_msgs/cmake/interbotix_xs_msgs__rosidl_typesupport_introspection_cExport-noconfig.cmake
[1.098s] -- Up-to-date: /home/mscrobotics2425laptop11/interbotix_ws/install/interbotix_xs_msgs/share/interbotix_xs_msgs/cmake/interbotix_xs_msgs__rosidl_typesupport_cExport.cmake
[1.098s] -- Up-to-date: /home/mscrobotics2425laptop11/interbotix_ws/install/interbotix_xs_msgs/share/interbotix_xs_msgs/cmake/interbotix_xs_msgs__rosidl_typesupport_cExport-noconfig.cmake
[1.098s] -- Up-to-date: /home/mscrobotics2425laptop11/interbotix_ws/install/interbotix_xs_msgs/share/interbotix_xs_msgs/cmake/export_interbotix_xs_msgs__rosidl_generator_cppExport.cmake
[1.098s] -- Up-to-date: /home/mscrobotics2425laptop11/interbotix_ws/install/interbotix_xs_msgs/share/interbotix_xs_msgs/cmake/export_interbotix_xs_msgs__rosidl_typesupport_fastrtps_cppExport.cmake
[1.098s] -- Up-to-date: /home/mscrobotics2425laptop11/interbotix_ws/install/interbotix_xs_msgs/share/interbotix_xs_msgs/cmake/export_interbotix_xs_msgs__rosidl_typesupport_fastrtps_cppExport-noconfig.cmake
[1.098s] -- Up-to-date: /home/mscrobotics2425laptop11/interbotix_ws/install/interbotix_xs_msgs/share/interbotix_xs_msgs/cmake/interbotix_xs_msgs__rosidl_typesupport_introspection_cppExport.cmake
[1.098s] -- Up-to-date: /home/mscrobotics2425laptop11/interbotix_ws/install/interbotix_xs_msgs/share/interbotix_xs_msgs/cmake/interbotix_xs_msgs__rosidl_typesupport_introspection_cppExport-noconfig.cmake
[1.098s] -- Up-to-date: /home/mscrobotics2425laptop11/interbotix_ws/install/interbotix_xs_msgs/share/interbotix_xs_msgs/cmake/interbotix_xs_msgs__rosidl_typesupport_cppExport.cmake
[1.098s] -- Up-to-date: /home/mscrobotics2425laptop11/interbotix_ws/install/interbotix_xs_msgs/share/interbotix_xs_msgs/cmake/interbotix_xs_msgs__rosidl_typesupport_cppExport-noconfig.cmake
[1.098s] -- Up-to-date: /home/mscrobotics2425laptop11/interbotix_ws/install/interbotix_xs_msgs/share/interbotix_xs_msgs/cmake/export_interbotix_xs_msgs__rosidl_generator_pyExport.cmake
[1.099s] -- Up-to-date: /home/mscrobotics2425laptop11/interbotix_ws/install/interbotix_xs_msgs/share/interbotix_xs_msgs/cmake/export_interbotix_xs_msgs__rosidl_generator_pyExport-noconfig.cmake
[1.099s] -- Up-to-date: /home/mscrobotics2425laptop11/interbotix_ws/install/interbotix_xs_msgs/share/interbotix_xs_msgs/cmake/rosidl_cmake-extras.cmake
[1.099s] -- Up-to-date: /home/mscrobotics2425laptop11/interbotix_ws/install/interbotix_xs_msgs/share/interbotix_xs_msgs/cmake/ament_cmake_export_dependencies-extras.cmake
[1.099s] -- Up-to-date: /home/mscrobotics2425laptop11/interbotix_ws/install/interbotix_xs_msgs/share/interbotix_xs_msgs/cmake/ament_cmake_export_include_directories-extras.cmake
[1.099s] -- Up-to-date: /home/mscrobotics2425laptop11/interbotix_ws/install/interbotix_xs_msgs/share/interbotix_xs_msgs/cmake/ament_cmake_export_libraries-extras.cmake
[1.099s] -- Up-to-date: /home/mscrobotics2425laptop11/interbotix_ws/install/interbotix_xs_msgs/share/interbotix_xs_msgs/cmake/ament_cmake_export_targets-extras.cmake
[1.099s] -- Up-to-date: /home/mscrobotics2425laptop11/interbotix_ws/install/interbotix_xs_msgs/share/interbotix_xs_msgs/cmake/rosidl_cmake_export_typesupport_targets-extras.cmake
[1.099s] -- Up-to-date: /home/mscrobotics2425laptop11/interbotix_ws/install/interbotix_xs_msgs/share/interbotix_xs_msgs/cmake/rosidl_cmake_export_typesupport_libraries-extras.cmake
[1.099s] -- Up-to-date: /home/mscrobotics2425laptop11/interbotix_ws/install/interbotix_xs_msgs/share/interbotix_xs_msgs/cmake/interbotix_xs_msgsConfig.cmake
[1.099s] -- Up-to-date: /home/mscrobotics2425laptop11/interbotix_ws/install/interbotix_xs_msgs/share/interbotix_xs_msgs/cmake/interbotix_xs_msgsConfig-version.cmake
[1.100s] -- Up-to-date: /home/mscrobotics2425laptop11/interbotix_ws/install/interbotix_xs_msgs/share/interbotix_xs_msgs/package.xml
[1.141s] Invoked command in '/home/mscrobotics2425laptop11/interbotix_ws/build/interbotix_xs_msgs' returned '0': CMAKE_PREFIX_PATH=${CMAKE_PREFIX_PATH}:/home/mscrobotics2425laptop11/interbotix_ws/install/interbotix_xs_modules:/home/mscrobotics2425laptop11/interbotix_ws/install/interbotix_perception_modules:/home/mscrobotics2425laptop11/interbotix_ws/install/interbotix_common_modules:/opt/ros/humble /usr/bin/cmake --install /home/mscrobotics2425laptop11/interbotix_ws/build/interbotix_xs_msgs
