[0.978s] Invoking command in '/home/mscrobotics2425laptop5/bin_detector': PYTHONPATH=/home/mscrobotics2425laptop5/bin_detector/build/bin_detector/prefix_override:/usr/lib/python3/dist-packages/colcon_core/task/python/colcon_distutils_commands:/home/mscrobotics2425laptop5/bin_detector/install/bin_detector/lib/python3.10/site-packages:${PYTHONPATH} /usr/bin/python3 -W ignore:setup.py install is deprecated setup.py egg_info --egg-base build/bin_detector build --build-base /home/mscrobotics2425laptop5/bin_detector/build/bin_detector/build install --record /home/mscrobotics2425laptop5/bin_detector/build/bin_detector/install.log --single-version-externally-managed install_data
[1.378s] running egg_info
[1.380s] writing build/bin_detector/bin_detector.egg-info/PKG-INFO
[1.380s] writing dependency_links to build/bin_detector/bin_detector.egg-info/dependency_links.txt
[1.380s] writing entry points to build/bin_detector/bin_detector.egg-info/entry_points.txt
[1.381s] writing requirements to build/bin_detector/bin_detector.egg-info/requires.txt
[1.381s] writing top-level names to build/bin_detector/bin_detector.egg-info/top_level.txt
[1.385s] reading manifest file 'build/bin_detector/bin_detector.egg-info/SOURCES.txt'
[1.387s] writing manifest file 'build/bin_detector/bin_detector.egg-info/SOURCES.txt'
[1.387s] running build
[1.387s] running build_py
[1.388s] copying bin_detector/test_bin.py -> /home/mscrobotics2425laptop5/bin_detector/build/bin_detector/build/lib/bin_detector
[1.389s] running install
[1.390s] running install_lib
[1.393s] copying /home/mscrobotics2425laptop5/bin_detector/build/bin_detector/build/lib/bin_detector/test_bin.py -> /home/mscrobotics2425laptop5/bin_detector/install/bin_detector/lib/python3.10/site-packages/bin_detector
[1.396s] byte-compiling /home/mscrobotics2425laptop5/bin_detector/install/bin_detector/lib/python3.10/site-packages/bin_detector/test_bin.py to test_bin.cpython-310.pyc
[1.400s] running install_data
[1.400s] running install_egg_info
[1.409s] removing '/home/mscrobotics2425laptop5/bin_detector/install/bin_detector/lib/python3.10/site-packages/bin_detector-0.0.0-py3.10.egg-info' (and everything under it)
[1.410s] Copying build/bin_detector/bin_detector.egg-info to /home/mscrobotics2425laptop5/bin_detector/install/bin_detector/lib/python3.10/site-packages/bin_detector-0.0.0-py3.10.egg-info
[1.415s] running install_scripts
[1.474s] Installing bin_dectection_node script to /home/mscrobotics2425laptop5/bin_detector/install/bin_detector/lib/bin_detector
[1.474s] Installing test_dectection_node script to /home/mscrobotics2425laptop5/bin_detector/install/bin_detector/lib/bin_detector
[1.475s] writing list of installed files to '/home/mscrobotics2425laptop5/bin_detector/build/bin_detector/install.log'
[1.514s] Invoked command in '/home/mscrobotics2425laptop5/bin_detector' returned '0': PYTHONPATH=/home/mscrobotics2425laptop5/bin_detector/build/bin_detector/prefix_override:/usr/lib/python3/dist-packages/colcon_core/task/python/colcon_distutils_commands:/home/mscrobotics2425laptop5/bin_detector/install/bin_detector/lib/python3.10/site-packages:${PYTHONPATH} /usr/bin/python3 -W ignore:setup.py install is deprecated setup.py egg_info --egg-base build/bin_detector build --build-base /home/mscrobotics2425laptop5/bin_detector/build/bin_detector/build install --record /home/mscrobotics2425laptop5/bin_detector/build/bin_detector/install.log --single-version-externally-managed install_data
