[0.042s] Invoking command in '/home/mscrobotics2425laptop11/interbotix_ws/build/interbotix_xsarm_control': AMENT_PREFIX_PATH=/home/mscrobotics2425laptop11/interbotix_ws/install/interbotix_xsarm_descriptions:/home/mscrobotics2425laptop11/interbotix_ws/install/interbotix_xs_modules:/home/mscrobotics2425laptop11/interbotix_ws/install/interbotix_xs_sdk:/home/mscrobotics2425laptop11/interbotix_ws/install/interbotix_xs_driver:/home/mscrobotics2425laptop11/interbotix_ws/install/interbotix_xs_msgs:/home/mscrobotics2425laptop11/interbotix_ws/install/interbotix_common_modules:/home/mscrobotics2425laptop11/interbotix_ws/install/dynamixel_workbench_toolbox:${AMENT_PREFIX_PATH} CMAKE_PREFIX_PATH=/home/mscrobotics2425laptop11/interbotix_ws/install/interbotix_xsarm_descriptions:/home/mscrobotics2425laptop11/interbotix_ws/install/interbotix_xs_sdk:/home/mscrobotics2425laptop11/interbotix_ws/install/interbotix_xs_driver:/home/mscrobotics2425laptop11/interbotix_ws/install/interbotix_xs_msgs:/home/mscrobotics2425laptop11/interbotix_ws/install/dynamixel_workbench_toolbox:/home/mscrobotics2425laptop11/apriltag_ws/install/apriltag_ros:/opt/ros/humble LD_LIBRARY_PATH=/home/mscrobotics2425laptop11/interbotix_ws/install/interbotix_xs_driver/lib:/home/mscrobotics2425laptop11/interbotix_ws/install/interbotix_xs_msgs/lib:/home/mscrobotics2425laptop11/interbotix_ws/install/dynamixel_workbench_toolbox/lib:${LD_LIBRARY_PATH} PYTHONPATH=/home/mscrobotics2425laptop11/interbotix_ws/install/interbotix_xs_modules/lib/python3.10/site-packages:/home/mscrobotics2425laptop11/interbotix_ws/install/interbotix_xs_msgs/local/lib/python3.10/dist-packages:/home/mscrobotics2425laptop11/interbotix_ws/install/interbotix_common_modules/lib/python3.10/site-packages:${PYTHONPATH} /usr/bin/cmake /home/mscrobotics2425laptop11/interbotix_ws/src/interbotix_ros_manipulators/interbotix_ros_xsarms/interbotix_xsarm_control -DCMAKE_INSTALL_PREFIX=/home/mscrobotics2425laptop11/interbotix_ws/install/interbotix_xsarm_control
[0.145s] -- The C compiler identification is GNU 11.4.0
[0.260s] -- The CXX compiler identification is GNU 11.4.0
[0.278s] -- Detecting C compiler ABI info
[0.457s] -- Detecting C compiler ABI info - done
[0.482s] -- Check for working C compiler: /usr/bin/cc - skipped
[0.482s] -- Detecting C compile features
[0.483s] -- Detecting C compile features - done
[0.492s] -- Detecting CXX compiler ABI info
[0.655s] -- Detecting CXX compiler ABI info - done
[0.671s] -- Check for working CXX compiler: /usr/bin/c++ - skipped
[0.671s] -- Detecting CXX compile features
[0.672s] -- Detecting CXX compile features - done
[0.677s] -- Found ament_cmake: 1.3.11 (/opt/ros/humble/share/ament_cmake/cmake)
[1.038s] -- Found Python3: /usr/bin/python3 (found version "3.10.12") found components: Interpreter 
[1.315s] -- Found ament_lint_auto: 0.12.11 (/opt/ros/humble/share/ament_lint_auto/cmake)
[1.509s] -- Added test 'copyright' to check source files copyright and LICENSE
[1.517s] -- Added test 'flake8' to check Python code syntax and style conventions
[1.519s] -- Added test 'lint_cmake' to check CMake code style
[1.521s] -- Added test 'pep257' to check Python code against some of the docstring style conventions in PEP 257
[1.525s] -- Added test 'xmllint' to check XML markup files
[1.529s] -- Configuring done
[1.542s] -- Generating done
[1.556s] -- Build files have been written to: /home/mscrobotics2425laptop11/interbotix_ws/build/interbotix_xsarm_control
[1.569s] Invoked command in '/home/mscrobotics2425laptop11/interbotix_ws/build/interbotix_xsarm_control' returned '0': AMENT_PREFIX_PATH=/home/mscrobotics2425laptop11/interbotix_ws/install/interbotix_xsarm_descriptions:/home/mscrobotics2425laptop11/interbotix_ws/install/interbotix_xs_modules:/home/mscrobotics2425laptop11/interbotix_ws/install/interbotix_xs_sdk:/home/mscrobotics2425laptop11/interbotix_ws/install/interbotix_xs_driver:/home/mscrobotics2425laptop11/interbotix_ws/install/interbotix_xs_msgs:/home/mscrobotics2425laptop11/interbotix_ws/install/interbotix_common_modules:/home/mscrobotics2425laptop11/interbotix_ws/install/dynamixel_workbench_toolbox:${AMENT_PREFIX_PATH} CMAKE_PREFIX_PATH=/home/mscrobotics2425laptop11/interbotix_ws/install/interbotix_xsarm_descriptions:/home/mscrobotics2425laptop11/interbotix_ws/install/interbotix_xs_sdk:/home/mscrobotics2425laptop11/interbotix_ws/install/interbotix_xs_driver:/home/mscrobotics2425laptop11/interbotix_ws/install/interbotix_xs_msgs:/home/mscrobotics2425laptop11/interbotix_ws/install/dynamixel_workbench_toolbox:/home/mscrobotics2425laptop11/apriltag_ws/install/apriltag_ros:/opt/ros/humble LD_LIBRARY_PATH=/home/mscrobotics2425laptop11/interbotix_ws/install/interbotix_xs_driver/lib:/home/mscrobotics2425laptop11/interbotix_ws/install/interbotix_xs_msgs/lib:/home/mscrobotics2425laptop11/interbotix_ws/install/dynamixel_workbench_toolbox/lib:${LD_LIBRARY_PATH} PYTHONPATH=/home/mscrobotics2425laptop11/interbotix_ws/install/interbotix_xs_modules/lib/python3.10/site-packages:/home/mscrobotics2425laptop11/interbotix_ws/install/interbotix_xs_msgs/local/lib/python3.10/dist-packages:/home/mscrobotics2425laptop11/interbotix_ws/install/interbotix_common_modules/lib/python3.10/site-packages:${PYTHONPATH} /usr/bin/cmake /home/mscrobotics2425laptop11/interbotix_ws/src/interbotix_ros_manipulators/interbotix_ros_xsarms/interbotix_xsarm_control -DCMAKE_INSTALL_PREFIX=/home/mscrobotics2425laptop11/interbotix_ws/install/interbotix_xsarm_control
[1.573s] Invoking command in '/home/mscrobotics2425laptop11/interbotix_ws/build/interbotix_xsarm_control': AMENT_PREFIX_PATH=/home/mscrobotics2425laptop11/interbotix_ws/install/interbotix_xsarm_descriptions:/home/mscrobotics2425laptop11/interbotix_ws/install/interbotix_xs_modules:/home/mscrobotics2425laptop11/interbotix_ws/install/interbotix_xs_sdk:/home/mscrobotics2425laptop11/interbotix_ws/install/interbotix_xs_driver:/home/mscrobotics2425laptop11/interbotix_ws/install/interbotix_xs_msgs:/home/mscrobotics2425laptop11/interbotix_ws/install/interbotix_common_modules:/home/mscrobotics2425laptop11/interbotix_ws/install/dynamixel_workbench_toolbox:${AMENT_PREFIX_PATH} CMAKE_PREFIX_PATH=/home/mscrobotics2425laptop11/interbotix_ws/install/interbotix_xsarm_descriptions:/home/mscrobotics2425laptop11/interbotix_ws/install/interbotix_xs_sdk:/home/mscrobotics2425laptop11/interbotix_ws/install/interbotix_xs_driver:/home/mscrobotics2425laptop11/interbotix_ws/install/interbotix_xs_msgs:/home/mscrobotics2425laptop11/interbotix_ws/install/dynamixel_workbench_toolbox:/home/mscrobotics2425laptop11/apriltag_ws/install/apriltag_ros:/opt/ros/humble LD_LIBRARY_PATH=/home/mscrobotics2425laptop11/interbotix_ws/install/interbotix_xs_driver/lib:/home/mscrobotics2425laptop11/interbotix_ws/install/interbotix_xs_msgs/lib:/home/mscrobotics2425laptop11/interbotix_ws/install/dynamixel_workbench_toolbox/lib:${LD_LIBRARY_PATH} PYTHONPATH=/home/mscrobotics2425laptop11/interbotix_ws/install/interbotix_xs_modules/lib/python3.10/site-packages:/home/mscrobotics2425laptop11/interbotix_ws/install/interbotix_xs_msgs/local/lib/python3.10/dist-packages:/home/mscrobotics2425laptop11/interbotix_ws/install/interbotix_common_modules/lib/python3.10/site-packages:${PYTHONPATH} /usr/bin/cmake --build /home/mscrobotics2425laptop11/interbotix_ws/build/interbotix_xsarm_control -- -j12 -l12
[1.657s] Invoked command in '/home/mscrobotics2425laptop11/interbotix_ws/build/interbotix_xsarm_control' returned '0': AMENT_PREFIX_PATH=/home/mscrobotics2425laptop11/interbotix_ws/install/interbotix_xsarm_descriptions:/home/mscrobotics2425laptop11/interbotix_ws/install/interbotix_xs_modules:/home/mscrobotics2425laptop11/interbotix_ws/install/interbotix_xs_sdk:/home/mscrobotics2425laptop11/interbotix_ws/install/interbotix_xs_driver:/home/mscrobotics2425laptop11/interbotix_ws/install/interbotix_xs_msgs:/home/mscrobotics2425laptop11/interbotix_ws/install/interbotix_common_modules:/home/mscrobotics2425laptop11/interbotix_ws/install/dynamixel_workbench_toolbox:${AMENT_PREFIX_PATH} CMAKE_PREFIX_PATH=/home/mscrobotics2425laptop11/interbotix_ws/install/interbotix_xsarm_descriptions:/home/mscrobotics2425laptop11/interbotix_ws/install/interbotix_xs_sdk:/home/mscrobotics2425laptop11/interbotix_ws/install/interbotix_xs_driver:/home/mscrobotics2425laptop11/interbotix_ws/install/interbotix_xs_msgs:/home/mscrobotics2425laptop11/interbotix_ws/install/dynamixel_workbench_toolbox:/home/mscrobotics2425laptop11/apriltag_ws/install/apriltag_ros:/opt/ros/humble LD_LIBRARY_PATH=/home/mscrobotics2425laptop11/interbotix_ws/install/interbotix_xs_driver/lib:/home/mscrobotics2425laptop11/interbotix_ws/install/interbotix_xs_msgs/lib:/home/mscrobotics2425laptop11/interbotix_ws/install/dynamixel_workbench_toolbox/lib:${LD_LIBRARY_PATH} PYTHONPATH=/home/mscrobotics2425laptop11/interbotix_ws/install/interbotix_xs_modules/lib/python3.10/site-packages:/home/mscrobotics2425laptop11/interbotix_ws/install/interbotix_xs_msgs/local/lib/python3.10/dist-packages:/home/mscrobotics2425laptop11/interbotix_ws/install/interbotix_common_modules/lib/python3.10/site-packages:${PYTHONPATH} /usr/bin/cmake --build /home/mscrobotics2425laptop11/interbotix_ws/build/interbotix_xsarm_control -- -j12 -l12
[1.661s] Invoking command in '/home/mscrobotics2425laptop11/interbotix_ws/build/interbotix_xsarm_control': AMENT_PREFIX_PATH=/home/mscrobotics2425laptop11/interbotix_ws/install/interbotix_xsarm_descriptions:/home/mscrobotics2425laptop11/interbotix_ws/install/interbotix_xs_modules:/home/mscrobotics2425laptop11/interbotix_ws/install/interbotix_xs_sdk:/home/mscrobotics2425laptop11/interbotix_ws/install/interbotix_xs_driver:/home/mscrobotics2425laptop11/interbotix_ws/install/interbotix_xs_msgs:/home/mscrobotics2425laptop11/interbotix_ws/install/interbotix_common_modules:/home/mscrobotics2425laptop11/interbotix_ws/install/dynamixel_workbench_toolbox:${AMENT_PREFIX_PATH} CMAKE_PREFIX_PATH=/home/mscrobotics2425laptop11/interbotix_ws/install/interbotix_xsarm_descriptions:/home/mscrobotics2425laptop11/interbotix_ws/install/interbotix_xs_sdk:/home/mscrobotics2425laptop11/interbotix_ws/install/interbotix_xs_driver:/home/mscrobotics2425laptop11/interbotix_ws/install/interbotix_xs_msgs:/home/mscrobotics2425laptop11/interbotix_ws/install/dynamixel_workbench_toolbox:/home/mscrobotics2425laptop11/apriltag_ws/install/apriltag_ros:/opt/ros/humble LD_LIBRARY_PATH=/home/mscrobotics2425laptop11/interbotix_ws/install/interbotix_xs_driver/lib:/home/mscrobotics2425laptop11/interbotix_ws/install/interbotix_xs_msgs/lib:/home/mscrobotics2425laptop11/interbotix_ws/install/dynamixel_workbench_toolbox/lib:${LD_LIBRARY_PATH} PYTHONPATH=/home/mscrobotics2425laptop11/interbotix_ws/install/interbotix_xs_modules/lib/python3.10/site-packages:/home/mscrobotics2425laptop11/interbotix_ws/install/interbotix_xs_msgs/local/lib/python3.10/dist-packages:/home/mscrobotics2425laptop11/interbotix_ws/install/interbotix_common_modules/lib/python3.10/site-packages:${PYTHONPATH} /usr/bin/cmake --install /home/mscrobotics2425laptop11/interbotix_ws/build/interbotix_xsarm_control
[1.677s] -- Install configuration: ""
[1.678s] -- Installing: /home/mscrobotics2425laptop11/interbotix_ws/install/interbotix_xsarm_control/lib/interbotix_xsarm_control/bartender.py
[1.678s] -- Installing: /home/mscrobotics2425laptop11/interbotix_ws/install/interbotix_xsarm_control/lib/interbotix_xsarm_control/ee_cartesian_trajectory.py
[1.679s] -- Installing: /home/mscrobotics2425laptop11/interbotix_ws/install/interbotix_xsarm_control/lib/interbotix_xsarm_control/ee_pose_components.py
[1.679s] -- Installing: /home/mscrobotics2425laptop11/interbotix_ws/install/interbotix_xsarm_control/lib/interbotix_xsarm_control/ee_pose_matrix_control.py
[1.680s] -- Installing: /home/mscrobotics2425laptop11/interbotix_ws/install/interbotix_xsarm_control/lib/interbotix_xsarm_control/gripper_control.py
[1.680s] -- Installing: /home/mscrobotics2425laptop11/interbotix_ws/install/interbotix_xsarm_control/lib/interbotix_xsarm_control/joint_current_control.py
[1.680s] -- Installing: /home/mscrobotics2425laptop11/interbotix_ws/install/interbotix_xsarm_control/lib/interbotix_xsarm_control/joint_position_control.py
[1.681s] -- Installing: /home/mscrobotics2425laptop11/interbotix_ws/install/interbotix_xsarm_control/lib/interbotix_xsarm_control/joint_pwm_control.py
[1.682s] -- Installing: /home/mscrobotics2425laptop11/interbotix_ws/install/interbotix_xsarm_control/lib/interbotix_xsarm_control/joint_trajectory_control.py
[1.682s] -- Installing: /home/mscrobotics2425laptop11/interbotix_ws/install/interbotix_xsarm_control/share/interbotix_xsarm_control//launch
[1.683s] -- Installing: /home/mscrobotics2425laptop11/interbotix_ws/install/interbotix_xsarm_control/share/interbotix_xsarm_control//launch/xsarm_control.launch.py
[1.683s] -- Installing: /home/mscrobotics2425laptop11/interbotix_ws/install/interbotix_xsarm_control/share/interbotix_xsarm_control//config
[1.683s] -- Installing: /home/mscrobotics2425laptop11/interbotix_ws/install/interbotix_xsarm_control/share/interbotix_xsarm_control//config/vx300s.yaml
[1.683s] -- Installing: /home/mscrobotics2425laptop11/interbotix_ws/install/interbotix_xsarm_control/share/interbotix_xsarm_control//config/aloha_wx250s.yaml
[1.684s] -- Installing: /home/mscrobotics2425laptop11/interbotix_ws/install/interbotix_xsarm_control/share/interbotix_xsarm_control//config/mobile_px100.yaml
[1.684s] -- Installing: /home/mscrobotics2425laptop11/interbotix_ws/install/interbotix_xsarm_control/share/interbotix_xsarm_control//config/px150.yaml
[1.684s] -- Installing: /home/mscrobotics2425laptop11/interbotix_ws/install/interbotix_xsarm_control/share/interbotix_xsarm_control//config/vx250.yaml
[1.685s] -- Installing: /home/mscrobotics2425laptop11/interbotix_ws/install/interbotix_xsarm_control/share/interbotix_xsarm_control//config/wx250.yaml
[1.685s] -- Installing: /home/mscrobotics2425laptop11/interbotix_ws/install/interbotix_xsarm_control/share/interbotix_xsarm_control//config/px100.yaml
[1.686s] -- Installing: /home/mscrobotics2425laptop11/interbotix_ws/install/interbotix_xsarm_control/share/interbotix_xsarm_control//config/vx300.yaml
[1.687s] -- Installing: /home/mscrobotics2425laptop11/interbotix_ws/install/interbotix_xsarm_control/share/interbotix_xsarm_control//config/rx200.yaml
[1.687s] -- Installing: /home/mscrobotics2425laptop11/interbotix_ws/install/interbotix_xsarm_control/share/interbotix_xsarm_control//config/mobile_wx200.yaml
[1.690s] -- Installing: /home/mscrobotics2425laptop11/interbotix_ws/install/interbotix_xsarm_control/share/interbotix_xsarm_control//config/mobile_wx250s.yaml
[1.690s] -- Installing: /home/mscrobotics2425laptop11/interbotix_ws/install/interbotix_xsarm_control/share/interbotix_xsarm_control//config/aloha_vx300s.yaml
[1.690s] -- Installing: /home/mscrobotics2425laptop11/interbotix_ws/install/interbotix_xsarm_control/share/interbotix_xsarm_control//config/modes.yaml
[1.690s] -- Installing: /home/mscrobotics2425laptop11/interbotix_ws/install/interbotix_xsarm_control/share/interbotix_xsarm_control//config/wx250s.yaml
[1.690s] -- Installing: /home/mscrobotics2425laptop11/interbotix_ws/install/interbotix_xsarm_control/share/interbotix_xsarm_control//config/rx150.yaml
[1.691s] -- Installing: /home/mscrobotics2425laptop11/interbotix_ws/install/interbotix_xsarm_control/share/interbotix_xsarm_control//config/wx200.yaml
[1.691s] -- Installing: /home/mscrobotics2425laptop11/interbotix_ws/install/interbotix_xsarm_control/share/ament_index/resource_index/package_run_dependencies/interbotix_xsarm_control
[1.691s] -- Installing: /home/mscrobotics2425laptop11/interbotix_ws/install/interbotix_xsarm_control/share/ament_index/resource_index/parent_prefix_path/interbotix_xsarm_control
[1.691s] -- Installing: /home/mscrobotics2425laptop11/interbotix_ws/install/interbotix_xsarm_control/share/interbotix_xsarm_control/environment/ament_prefix_path.sh
[1.691s] -- Installing: /home/mscrobotics2425laptop11/interbotix_ws/install/interbotix_xsarm_control/share/interbotix_xsarm_control/environment/ament_prefix_path.dsv
[1.691s] -- Installing: /home/mscrobotics2425laptop11/interbotix_ws/install/interbotix_xsarm_control/share/interbotix_xsarm_control/environment/path.sh
[1.691s] -- Installing: /home/mscrobotics2425laptop11/interbotix_ws/install/interbotix_xsarm_control/share/interbotix_xsarm_control/environment/path.dsv
[1.691s] -- Installing: /home/mscrobotics2425laptop11/interbotix_ws/install/interbotix_xsarm_control/share/interbotix_xsarm_control/local_setup.bash
[1.692s] -- Installing: /home/mscrobotics2425laptop11/interbotix_ws/install/interbotix_xsarm_control/share/interbotix_xsarm_control/local_setup.sh
[1.692s] -- Installing: /home/mscrobotics2425laptop11/interbotix_ws/install/interbotix_xsarm_control/share/interbotix_xsarm_control/local_setup.zsh
[1.692s] -- Installing: /home/mscrobotics2425laptop11/interbotix_ws/install/interbotix_xsarm_control/share/interbotix_xsarm_control/local_setup.dsv
[1.692s] -- Installing: /home/mscrobotics2425laptop11/interbotix_ws/install/interbotix_xsarm_control/share/interbotix_xsarm_control/package.dsv
[1.692s] -- Installing: /home/mscrobotics2425laptop11/interbotix_ws/install/interbotix_xsarm_control/share/ament_index/resource_index/packages/interbotix_xsarm_control
[1.693s] -- Installing: /home/mscrobotics2425laptop11/interbotix_ws/install/interbotix_xsarm_control/share/interbotix_xsarm_control/cmake/interbotix_xsarm_controlConfig.cmake
[1.693s] -- Installing: /home/mscrobotics2425laptop11/interbotix_ws/install/interbotix_xsarm_control/share/interbotix_xsarm_control/cmake/interbotix_xsarm_controlConfig-version.cmake
[1.693s] -- Installing: /home/mscrobotics2425laptop11/interbotix_ws/install/interbotix_xsarm_control/share/interbotix_xsarm_control/package.xml
[1.701s] Invoked command in '/home/mscrobotics2425laptop11/interbotix_ws/build/interbotix_xsarm_control' returned '0': AMENT_PREFIX_PATH=/home/mscrobotics2425laptop11/interbotix_ws/install/interbotix_xsarm_descriptions:/home/mscrobotics2425laptop11/interbotix_ws/install/interbotix_xs_modules:/home/mscrobotics2425laptop11/interbotix_ws/install/interbotix_xs_sdk:/home/mscrobotics2425laptop11/interbotix_ws/install/interbotix_xs_driver:/home/mscrobotics2425laptop11/interbotix_ws/install/interbotix_xs_msgs:/home/mscrobotics2425laptop11/interbotix_ws/install/interbotix_common_modules:/home/mscrobotics2425laptop11/interbotix_ws/install/dynamixel_workbench_toolbox:${AMENT_PREFIX_PATH} CMAKE_PREFIX_PATH=/home/mscrobotics2425laptop11/interbotix_ws/install/interbotix_xsarm_descriptions:/home/mscrobotics2425laptop11/interbotix_ws/install/interbotix_xs_sdk:/home/mscrobotics2425laptop11/interbotix_ws/install/interbotix_xs_driver:/home/mscrobotics2425laptop11/interbotix_ws/install/interbotix_xs_msgs:/home/mscrobotics2425laptop11/interbotix_ws/install/dynamixel_workbench_toolbox:/home/mscrobotics2425laptop11/apriltag_ws/install/apriltag_ros:/opt/ros/humble LD_LIBRARY_PATH=/home/mscrobotics2425laptop11/interbotix_ws/install/interbotix_xs_driver/lib:/home/mscrobotics2425laptop11/interbotix_ws/install/interbotix_xs_msgs/lib:/home/mscrobotics2425laptop11/interbotix_ws/install/dynamixel_workbench_toolbox/lib:${LD_LIBRARY_PATH} PYTHONPATH=/home/mscrobotics2425laptop11/interbotix_ws/install/interbotix_xs_modules/lib/python3.10/site-packages:/home/mscrobotics2425laptop11/interbotix_ws/install/interbotix_xs_msgs/local/lib/python3.10/dist-packages:/home/mscrobotics2425laptop11/interbotix_ws/install/interbotix_common_modules/lib/python3.10/site-packages:${PYTHONPATH} /usr/bin/cmake --install /home/mscrobotics2425laptop11/interbotix_ws/build/interbotix_xsarm_control
