[0.502s] Invoking command in '/home/group4/ros2_ws/src/my_leo': PYTHONPATH=/home/group4/ros2_ws/build/my_leo/prefix_override:/home/group4/ros2_ws/install/my_leo/lib/python3.10/site-packages:${PYTHONPATH} /usr/bin/python3 -W ignore:setup.py install is deprecated setup.py egg_info --egg-base ../../build/my_leo build --build-base /home/group4/ros2_ws/build/my_leo/build install --record /home/group4/ros2_ws/build/my_leo/install.log --single-version-externally-managed install_data
[0.698s] running egg_info
[0.699s] writing ../../build/my_leo/my_leo.egg-info/PKG-INFO
[0.700s] writing dependency_links to ../../build/my_leo/my_leo.egg-info/dependency_links.txt
[0.700s] writing entry points to ../../build/my_leo/my_leo.egg-info/entry_points.txt
[0.700s] writing requirements to ../../build/my_leo/my_leo.egg-info/requires.txt
[0.700s] writing top-level names to ../../build/my_leo/my_leo.egg-info/top_level.txt
[0.702s] reading manifest file '../../build/my_leo/my_leo.egg-info/SOURCES.txt'
[0.703s] writing manifest file '../../build/my_leo/my_leo.egg-info/SOURCES.txt'
[0.703s] running build
[0.704s] running build_py
[0.704s] running install
[0.704s] running install_lib
[0.705s] running install_data
[0.706s] running install_egg_info
[0.707s] removing '/home/group4/ros2_ws/install/my_leo/lib/python3.10/site-packages/my_leo-0.0.0-py3.10.egg-info' (and everything under it)
[0.708s] Copying ../../build/my_leo/my_leo.egg-info to /home/group4/ros2_ws/install/my_leo/lib/python3.10/site-packages/my_leo-0.0.0-py3.10.egg-info
[0.708s] running install_scripts
[0.726s] writing list of installed files to '/home/group4/ros2_ws/build/my_leo/install.log'
[0.745s] Invoked command in '/home/group4/ros2_ws/src/my_leo' returned '0': PYTHONPATH=/home/group4/ros2_ws/build/my_leo/prefix_override:/home/group4/ros2_ws/install/my_leo/lib/python3.10/site-packages:${PYTHONPATH} /usr/bin/python3 -W ignore:setup.py install is deprecated setup.py egg_info --egg-base ../../build/my_leo build --build-base /home/group4/ros2_ws/build/my_leo/build install --record /home/group4/ros2_ws/build/my_leo/install.log --single-version-externally-managed install_data
