[0.673s] Invoking command in '/home/mscrobotics2425laptop5/yolox_pose_estimator/build/yolox_pose_estimator': PYTHONPATH=/home/mscrobotics2425laptop5/yolox_pose_estimator/build/yolox_pose_estimator/prefix_override:/usr/lib/python3/dist-packages/colcon_core/task/python/colcon_distutils_commands:/home/mscrobotics2425laptop5/yolox_pose_estimator/install/yolox_pose_estimator/lib/python3.10/site-packages:${PYTHONPATH} /usr/bin/python3 -W ignore:setup.py install is deprecated setup.py develop --editable --build-directory /home/mscrobotics2425laptop5/yolox_pose_estimator/build/yolox_pose_estimator/build --no-deps symlink_data --force
[0.934s] running develop
[0.935s] /usr/lib/python3/dist-packages/setuptools/command/easy_install.py:158: EasyInstallDeprecationWarning: easy_install command is deprecated. Use build and pip and other standards-based tools.
[0.935s]   warnings.warn(
[1.101s] running egg_info
[1.102s] writing yolox_pose_estimator.egg-info/PKG-INFO
[1.103s] writing dependency_links to yolox_pose_estimator.egg-info/dependency_links.txt
[1.103s] writing entry points to yolox_pose_estimator.egg-info/entry_points.txt
[1.103s] writing requirements to yolox_pose_estimator.egg-info/requires.txt
[1.103s] writing top-level names to yolox_pose_estimator.egg-info/top_level.txt
[1.107s] reading manifest file 'yolox_pose_estimator.egg-info/SOURCES.txt'
[1.109s] writing manifest file 'yolox_pose_estimator.egg-info/SOURCES.txt'
[1.113s] running build_ext
[1.114s] Creating /home/mscrobotics2425laptop5/yolox_pose_estimator/install/yolox_pose_estimator/lib/python3.10/site-packages/yolox-pose-estimator.egg-link (link to .)
[1.116s] Installing yolox_inference_node script to /home/mscrobotics2425laptop5/yolox_pose_estimator/install/yolox_pose_estimator/lib/yolox_pose_estimator
[1.117s] 
[1.117s] Installed /home/mscrobotics2425laptop5/yolox_pose_estimator/build/yolox_pose_estimator
[1.117s] running symlink_data
[1.117s] symbolically linking /home/mscrobotics2425laptop5/yolox_pose_estimator/build/yolox_pose_estimator/resource/yolox_pose_estimator -> /home/mscrobotics2425laptop5/yolox_pose_estimator/install/yolox_pose_estimator/share/ament_index/resource_index/packages
[1.118s] symbolically linking /home/mscrobotics2425laptop5/yolox_pose_estimator/build/yolox_pose_estimator/package.xml -> /home/mscrobotics2425laptop5/yolox_pose_estimator/install/yolox_pose_estimator/share/yolox_pose_estimator
[1.169s] Invoked command in '/home/mscrobotics2425laptop5/yolox_pose_estimator/build/yolox_pose_estimator' returned '0': PYTHONPATH=/home/mscrobotics2425laptop5/yolox_pose_estimator/build/yolox_pose_estimator/prefix_override:/usr/lib/python3/dist-packages/colcon_core/task/python/colcon_distutils_commands:/home/mscrobotics2425laptop5/yolox_pose_estimator/install/yolox_pose_estimator/lib/python3.10/site-packages:${PYTHONPATH} /usr/bin/python3 -W ignore:setup.py install is deprecated setup.py develop --editable --build-directory /home/mscrobotics2425laptop5/yolox_pose_estimator/build/yolox_pose_estimator/build --no-deps symlink_data --force
