[0.055s] Invoking command in '/home/group4/ros2_ws/build/leo_description': CMAKE_PREFIX_PATH=${CMAKE_PREFIX_PATH}:/home/group4/ros2_ws/install/teleop_leo:/home/group4/ros2_ws/install/real_leo:/home/group4/ros2_ws/install/my_leo:/home/group4/ros2_ws/install/gz_example_robot_description:/home/group4/ros2_ws/install/bt_demos:/home/group4/ros2_ws/install/autonomous_exploration:/home/group4/interbotix_ws/install/interbotix_xs_modules:/home/group4/interbotix_ws/install/interbotix_perception_modules:/home/group4/interbotix_ws/install/interbotix_common_modules:/opt/ros/humble /usr/bin/cmake /home/group4/ros2_ws/src/leo_common-ros2/leo_description -DCMAKE_INSTALL_PREFIX=/home/group4/ros2_ws/install/leo_description
[1.275s] -- The C compiler identification is GNU 11.4.0
[1.276s] -- The CXX compiler identification is GNU 11.4.0
[1.276s] -- Detecting C compiler ABI info
[1.276s] -- Detecting C compiler ABI info - done
[1.276s] -- Check for working C compiler: /usr/bin/cc - skipped
[1.276s] -- Detecting C compile features
[1.276s] -- Detecting C compile features - done
[1.276s] -- Detecting CXX compiler ABI info
[1.277s] -- Detecting CXX compiler ABI info - done
[1.277s] -- Check for working CXX compiler: /usr/bin/c++ - skipped
[1.277s] -- Detecting CXX compile features
[1.277s] -- Detecting CXX compile features - done
[1.277s] -- Found ament_cmake: 1.3.8 (/opt/ros/humble/share/ament_cmake/cmake)
[1.277s] -- Found Python3: /usr/bin/python3 (found version "3.10.12") found components: Interpreter 
[1.278s] -- Found ament_lint_auto: 0.12.10 (/opt/ros/humble/share/ament_lint_auto/cmake)
[1.278s] -- Added test 'lint_cmake' to check CMake code style
[1.278s] -- Added test 'xmllint' to check XML markup files
[1.278s] -- Configuring done
[1.278s] -- Generating done
[1.278s] -- Build files have been written to: /home/group4/ros2_ws/build/leo_description
[1.295s] Invoked command in '/home/group4/ros2_ws/build/leo_description' returned '0': CMAKE_PREFIX_PATH=${CMAKE_PREFIX_PATH}:/home/group4/ros2_ws/install/teleop_leo:/home/group4/ros2_ws/install/real_leo:/home/group4/ros2_ws/install/my_leo:/home/group4/ros2_ws/install/gz_example_robot_description:/home/group4/ros2_ws/install/bt_demos:/home/group4/ros2_ws/install/autonomous_exploration:/home/group4/interbotix_ws/install/interbotix_xs_modules:/home/group4/interbotix_ws/install/interbotix_perception_modules:/home/group4/interbotix_ws/install/interbotix_common_modules:/opt/ros/humble /usr/bin/cmake /home/group4/ros2_ws/src/leo_common-ros2/leo_description -DCMAKE_INSTALL_PREFIX=/home/group4/ros2_ws/install/leo_description
[1.298s] Invoking command in '/home/group4/ros2_ws/build/leo_description': CMAKE_PREFIX_PATH=${CMAKE_PREFIX_PATH}:/home/group4/ros2_ws/install/teleop_leo:/home/group4/ros2_ws/install/real_leo:/home/group4/ros2_ws/install/my_leo:/home/group4/ros2_ws/install/gz_example_robot_description:/home/group4/ros2_ws/install/bt_demos:/home/group4/ros2_ws/install/autonomous_exploration:/home/group4/interbotix_ws/install/interbotix_xs_modules:/home/group4/interbotix_ws/install/interbotix_perception_modules:/home/group4/interbotix_ws/install/interbotix_common_modules:/opt/ros/humble /usr/bin/cmake --build /home/group4/ros2_ws/build/leo_description -- -j16 -l16
[1.342s] Invoked command in '/home/group4/ros2_ws/build/leo_description' returned '0': CMAKE_PREFIX_PATH=${CMAKE_PREFIX_PATH}:/home/group4/ros2_ws/install/teleop_leo:/home/group4/ros2_ws/install/real_leo:/home/group4/ros2_ws/install/my_leo:/home/group4/ros2_ws/install/gz_example_robot_description:/home/group4/ros2_ws/install/bt_demos:/home/group4/ros2_ws/install/autonomous_exploration:/home/group4/interbotix_ws/install/interbotix_xs_modules:/home/group4/interbotix_ws/install/interbotix_perception_modules:/home/group4/interbotix_ws/install/interbotix_common_modules:/opt/ros/humble /usr/bin/cmake --build /home/group4/ros2_ws/build/leo_description -- -j16 -l16
[1.368s] Invoking command in '/home/group4/ros2_ws/build/leo_description': CMAKE_PREFIX_PATH=${CMAKE_PREFIX_PATH}:/home/group4/ros2_ws/install/teleop_leo:/home/group4/ros2_ws/install/real_leo:/home/group4/ros2_ws/install/my_leo:/home/group4/ros2_ws/install/gz_example_robot_description:/home/group4/ros2_ws/install/bt_demos:/home/group4/ros2_ws/install/autonomous_exploration:/home/group4/interbotix_ws/install/interbotix_xs_modules:/home/group4/interbotix_ws/install/interbotix_perception_modules:/home/group4/interbotix_ws/install/interbotix_common_modules:/opt/ros/humble /usr/bin/cmake --install /home/group4/ros2_ws/build/leo_description
[1.386s] -- Install configuration: ""
[1.386s] -- Installing: /home/group4/ros2_ws/install/leo_description/share/leo_description/launch
[1.386s] -- Installing: /home/group4/ros2_ws/install/leo_description/share/leo_description/launch/state_publisher.launch.xml
[1.386s] -- Installing: /home/group4/ros2_ws/install/leo_description/share/leo_description/models
[1.386s] -- Installing: /home/group4/ros2_ws/install/leo_description/share/leo_description/models/WheelMecanumA.dae
[1.395s] -- Installing: /home/group4/ros2_ws/install/leo_description/share/leo_description/models/Rocker_outline.stl
[1.396s] -- Installing: /home/group4/ros2_ws/install/leo_description/share/leo_description/models/Mecanum_wheel_outline.stl
[1.396s] -- Installing: /home/group4/ros2_ws/install/leo_description/share/leo_description/models/Antenna.dae
[1.396s] -- Installing: /home/group4/ros2_ws/install/leo_description/share/leo_description/models/WheelB.dae
[1.401s] -- Installing: /home/group4/ros2_ws/install/leo_description/share/leo_description/models/Chassis.dae
[1.421s] -- Installing: /home/group4/ros2_ws/install/leo_description/share/leo_description/models/WheelMecanumB.dae
[1.439s] -- Installing: /home/group4/ros2_ws/install/leo_description/share/leo_description/models/Wheel_outline.stl
[1.440s] -- Installing: /home/group4/ros2_ws/install/leo_description/share/leo_description/models/Rocker.dae
[1.446s] -- Installing: /home/group4/ros2_ws/install/leo_description/share/leo_description/models/Chassis_outline.stl
[1.447s] -- Installing: /home/group4/ros2_ws/install/leo_description/share/leo_description/models/WheelA.dae
[1.452s] -- Installing: /home/group4/ros2_ws/install/leo_description/share/leo_description/urdf
[1.452s] -- Installing: /home/group4/ros2_ws/install/leo_description/share/leo_description/urdf/leo_sim.urdf.xacro
[1.452s] -- Installing: /home/group4/ros2_ws/install/leo_description/share/leo_description/urdf/leo.urdf.xacro
[1.452s] -- Installing: /home/group4/ros2_ws/install/leo_description/share/leo_description/urdf/macros.xacro
[1.458s] -- Installing: /home/group4/ros2_ws/install/leo_description/share/leo_description/environment/gz_sim_resource_path.dsv
[1.458s] -- Installing: /home/group4/ros2_ws/install/leo_description/share/ament_index/resource_index/package_run_dependencies/leo_description
[1.458s] -- Installing: /home/group4/ros2_ws/install/leo_description/share/ament_index/resource_index/parent_prefix_path/leo_description
[1.458s] -- Installing: /home/group4/ros2_ws/install/leo_description/share/leo_description/environment/ament_prefix_path.sh
[1.458s] -- Installing: /home/group4/ros2_ws/install/leo_description/share/leo_description/environment/ament_prefix_path.dsv
[1.459s] -- Installing: /home/group4/ros2_ws/install/leo_description/share/leo_description/environment/path.sh
[1.459s] -- Installing: /home/group4/ros2_ws/install/leo_description/share/leo_description/environment/path.dsv
[1.459s] -- Installing: /home/group4/ros2_ws/install/leo_description/share/leo_description/local_setup.bash
[1.459s] -- Installing: /home/group4/ros2_ws/install/leo_description/share/leo_description/local_setup.sh
[1.460s] -- Installing: /home/group4/ros2_ws/install/leo_description/share/leo_description/local_setup.zsh
[1.460s] -- Installing: /home/group4/ros2_ws/install/leo_description/share/leo_description/local_setup.dsv
[1.460s] -- Installing: /home/group4/ros2_ws/install/leo_description/share/leo_description/package.dsv
[1.460s] -- Installing: /home/group4/ros2_ws/install/leo_description/share/ament_index/resource_index/packages/leo_description
[1.460s] -- Installing: /home/group4/ros2_ws/install/leo_description/share/leo_description/cmake/leo_descriptionConfig.cmake
[1.460s] -- Installing: /home/group4/ros2_ws/install/leo_description/share/leo_description/cmake/leo_descriptionConfig-version.cmake
[1.460s] -- Installing: /home/group4/ros2_ws/install/leo_description/share/leo_description/package.xml
[1.463s] Invoked command in '/home/group4/ros2_ws/build/leo_description' returned '0': CMAKE_PREFIX_PATH=${CMAKE_PREFIX_PATH}:/home/group4/ros2_ws/install/teleop_leo:/home/group4/ros2_ws/install/real_leo:/home/group4/ros2_ws/install/my_leo:/home/group4/ros2_ws/install/gz_example_robot_description:/home/group4/ros2_ws/install/bt_demos:/home/group4/ros2_ws/install/autonomous_exploration:/home/group4/interbotix_ws/install/interbotix_xs_modules:/home/group4/interbotix_ws/install/interbotix_perception_modules:/home/group4/interbotix_ws/install/interbotix_common_modules:/opt/ros/humble /usr/bin/cmake --install /home/group4/ros2_ws/build/leo_description
