[0.412s] Invoking command in '/home/mscrobotics2425laptop28/sim_ws/build/multirobot_map_merge': CMAKE_PREFIX_PATH=${CMAKE_PREFIX_PATH}:/home/mscrobotics2425laptop28/sim_ws/install/my_leo:/home/mscrobotics2425laptop28/sim_ws/install/leo_t3:/home/mscrobotics2425laptop28/sim_ws/install/autonomous_exploration:/home/mscrobotics2425laptop28/ros2_tutorial_workspace/install/hans_christian_orsted_pkg:/home/mscrobotics2425laptop28/ros2_tutorial_workspace/install/gertrude_elion_description:/home/mscrobotics2425laptop28/ros2_tutorial_workspace/install/example_urdf_robot:/home/mscrobotics2425laptop28/ros2_tutorial_workspace/install/coursework_support:/home/mscrobotics2425laptop28/new/install/gertrude_elion_description:/home/mscrobotics2425laptop28/new/install/coursework_support:/opt/ros/humble /usr/bin/cmake /home/mscrobotics2425laptop28/sim_ws/ros2_ws/src/m-explore-ros2/map_merge -DAMENT_CMAKE_SYMLINK_INSTALL=1 -DCMAKE_INSTALL_PREFIX=/home/mscrobotics2425laptop28/sim_ws/install/multirobot_map_merge
[0.826s] -- The C compiler identification is GNU 11.4.0
[0.827s] -- The CXX compiler identification is GNU 11.4.0
[0.827s] -- Detecting C compiler ABI info
[0.827s] -- Detecting C compiler ABI info - done
[0.827s] -- Check for working C compiler: /usr/bin/cc - skipped
[0.827s] -- Detecting C compile features
[0.827s] -- Detecting C compile features - done
[0.827s] -- Detecting CXX compiler ABI info
[0.827s] -- Detecting CXX compiler ABI info - done
[0.827s] -- Check for working CXX compiler: /usr/bin/c++ - skipped
[0.827s] -- Detecting CXX compile features
[0.827s] -- Detecting CXX compile features - done
[0.827s] -- Found ament_cmake: 1.3.11 (/opt/ros/humble/share/ament_cmake/cmake)
[1.315s] -- Found Python3: /usr/bin/python3 (found version "3.10.12") found components: Interpreter 
[1.399s] -- Override CMake install command with custom implementation using symlinks instead of copying resources
[1.431s] -- Found rclcpp: 16.0.11 (/opt/ros/humble/share/rclcpp/cmake)
[1.473s] -- Found rosidl_generator_c: 3.1.6 (/opt/ros/humble/share/rosidl_generator_c/cmake)
[1.479s] -- Found rosidl_adapter: 3.1.6 (/opt/ros/humble/share/rosidl_adapter/cmake)
[1.487s] -- Found rosidl_generator_cpp: 3.1.6 (/opt/ros/humble/share/rosidl_generator_cpp/cmake)
[1.499s] -- Using all available rosidl_typesupport_c: rosidl_typesupport_fastrtps_c;rosidl_typesupport_introspection_c
[1.515s] -- Using all available rosidl_typesupport_cpp: rosidl_typesupport_fastrtps_cpp;rosidl_typesupport_introspection_cpp
[1.560s] -- Found rmw_implementation_cmake: 6.1.2 (/opt/ros/humble/share/rmw_implementation_cmake/cmake)
[1.564s] -- Found rmw_fastrtps_cpp: 6.2.7 (/opt/ros/humble/share/rmw_fastrtps_cpp/cmake)
[1.660s] -- Found OpenSSL: /usr/lib/x86_64-linux-gnu/libcrypto.so (found version "3.0.2")  
[1.709s] -- Found FastRTPS: /opt/ros/humble/include  
[1.785s] -- Using RMW implementation 'rmw_fastrtps_cpp' as default
[1.806s] -- Looking for pthread.h
[1.941s] -- Looking for pthread.h - found
[1.944s] -- Performing Test CMAKE_HAVE_LIBC_PTHREAD
[2.061s] -- Performing Test CMAKE_HAVE_LIBC_PTHREAD - Success
[2.063s] -- Found Threads: TRUE  
[2.138s] -- Found geometry_msgs: 4.2.4 (/opt/ros/humble/share/geometry_msgs/cmake)
[2.155s] -- Found image_geometry: 3.2.1 (/opt/ros/humble/share/image_geometry/cmake)
[2.190s] -- Found map_msgs: 2.1.0 (/opt/ros/humble/share/map_msgs/cmake)
[2.239s] -- Found tf2_geometry_msgs: 0.25.9 (/opt/ros/humble/share/tf2_geometry_msgs/cmake)
[2.253s] -- Found eigen3_cmake_module: 0.1.1 (/opt/ros/humble/share/eigen3_cmake_module/cmake)
[2.254s] -- Found Eigen3: TRUE (found version "3.4.0") 
[2.255s] -- Ensuring Eigen3 include directory is part of orocos-kdl CMake target
[2.431s] -- Found Boost: /usr/lib/x86_64-linux-gnu/cmake/Boost-1.74.0/BoostConfig.cmake (found version "1.74.0") found components: thread 
[2.438s] -- Found OpenCV: /usr (found version "4.5.4") 
[2.475s] -- Found ament_lint_auto: 0.12.11 (/opt/ros/humble/share/ament_lint_auto/cmake)
[2.631s] -- Found ament_cmake_gtest: 1.3.11 (/opt/ros/humble/share/ament_cmake_gtest/cmake)
[2.636s] --2025-02-27 10:12:12--  https://raw.githubusercontent.com/hrnr/m-explore-extra/master/map_merge/hector_maps/map00.pgm
[2.638s] 正在解析主机 raw.githubusercontent.com (raw.githubusercontent.com)... 185.199.108.133, 185.199.111.133, 185.199.110.133, ...
[2.660s] 正在连接 raw.githubusercontent.com (raw.githubusercontent.com)|185.199.108.133|:443... 已连接。
[2.935s] 已发出 HTTP 请求，正在等待回应... 200 OK
[2.935s] 长度： 4194362 (4.0M) [application/octet-stream]
[2.935s] 正在保存至: ‘/home/mscrobotics2425laptop28/sim_ws/build/multirobot_map_merge/map00.pgm’
[2.935s] 
[2.948s]      0K .......... .......... .......... .......... ..........  1% 3.72M 1s
[2.963s]     50K .......... .......... .......... .......... ..........  2% 3.85M 1s
[2.968s]    100K .......... .......... .......... .......... ..........  3% 7.36M 1s
[2.995s]    150K .......... .......... .......... .......... ..........  4% 2.81M 1s
[2.996s]    200K .......... .......... .......... .......... ..........  6%  279M 1s
[3.003s]    250K .......... .......... .......... .......... ..........  7% 3.35M 1s
[3.003s]    300K .......... .......... .......... .......... ..........  8%  192M 1s
[3.016s]    350K .......... .......... .......... .......... ..........  9% 4.90M 1s
[3.016s]    400K .......... .......... .......... .......... .......... 10%  251M 1s
[3.016s]    450K .......... .......... .......... .......... .......... 12%  334M 1s
[3.016s]    500K .......... .......... .......... .......... .......... 13% 11.7M 1s
[3.021s]    550K .......... .......... .......... .......... .......... 14% 11.2M 0s
[3.022s]    600K .......... .......... .......... .......... .......... 15%  256M 0s
[3.023s]    650K .......... .......... .......... .......... .......... 17% 12.9M 0s
[3.024s]    700K .......... .......... .......... .......... .......... 18% 35.5M 0s
[3.027s]    750K .......... .......... .......... .......... .......... 19% 19.9M 0s
[3.030s]    800K .......... .......... .......... .......... .......... 20% 14.9M 0s
[3.032s]    850K .......... .......... .......... .......... .......... 21% 23.3M 0s
[3.038s]    900K .......... .......... .......... .......... .......... 23% 13.2M 0s
[3.042s]    950K .......... .......... .......... .......... .......... 24% 9.13M 0s
[3.043s]   1000K .......... .......... .......... .......... .......... 25% 42.6M 0s
[3.051s]   1050K .......... .......... .......... .......... .......... 26% 10.3M 0s
[3.051s]   1100K .......... .......... .......... .......... .......... 28% 17.1M 0s
[3.054s]   1150K .......... .......... .......... .......... .......... 29% 14.5M 0s
[3.055s]   1200K .......... .......... .......... .......... .......... 30%  227M 0s
[3.055s]   1250K .......... .......... .......... .......... .......... 31% 43.1M 0s
[3.057s]   1300K .......... .......... .......... .......... .......... 32% 21.2M 0s
[3.062s]   1350K .......... .......... .......... .......... .......... 34% 9.67M 0s
[3.065s]   1400K .......... .......... .......... .......... .......... 35% 27.1M 0s
[3.065s]   1450K .......... .......... .......... .......... .......... 36% 49.7M 0s
[3.070s]   1500K .......... .......... .......... .......... .......... 37% 12.6M 0s
[3.070s]   1550K .......... .......... .......... .......... .......... 39%  220M 0s
[3.077s]   1600K .......... .......... .......... .......... .......... 40% 6.90M 0s
[3.077s]   1650K .......... .......... .......... .......... .......... 41%  299M 0s
[3.080s]   1700K .......... .......... .......... .......... .......... 42%  316M 0s
[3.081s]   1750K .......... .......... .......... .......... .......... 43% 52.5M 0s
[3.081s]   1800K .......... .......... .......... .......... .......... 45% 14.4M 0s
[3.089s]   1850K .......... .......... .......... .......... .......... 46% 5.98M 0s
[3.089s]   1900K .......... .......... .......... .......... .......... 47%  311M 0s
[3.090s]   1950K .......... .......... .......... .......... .......... 48%  297M 0s
[3.090s]   2000K .......... .......... .......... .......... .......... 50%  318M 0s
[3.090s]   2050K .......... .......... .......... .......... .......... 51% 56.5M 0s
[3.101s]   2100K .......... .......... .......... .......... .......... 52% 5.03M 0s
[3.101s]   2150K .......... .......... .......... .......... .......... 53%  287M 0s
[3.101s]   2200K .......... .......... .......... .......... .......... 54%  266M 0s
[3.106s]   2250K .......... .......... .......... .......... .......... 56% 9.38M 0s
[3.106s]   2300K .......... .......... .......... .......... .......... 57%  190M 0s
[3.117s]   2350K .......... .......... .......... .......... .......... 58% 7.90M 0s
[3.117s]   2400K .......... .......... .......... .......... .......... 59%  218M 0s
[3.117s]   2450K .......... .......... .......... .......... .......... 61% 29.3M 0s
[3.118s]   2500K .......... .......... .......... .......... .......... 62%  214M 0s
[3.120s]   2550K .......... .......... .......... .......... .......... 63% 16.0M 0s
[3.120s]   2600K .......... .......... .......... .......... .......... 64%  275M 0s
[3.127s]   2650K .......... .......... .......... .......... .......... 65% 5.58M 0s
[3.127s]   2700K .......... .......... .......... .......... .......... 67%  291M 0s
[3.129s]   2750K .......... .......... .......... .......... .......... 68% 26.6M 0s
[3.133s]   2800K .......... .......... .......... .......... .......... 69% 13.3M 0s
[3.134s]   2850K .......... .......... .......... .......... .......... 70% 22.7M 0s
[3.135s]   2900K .......... .......... .......... .......... .......... 72% 34.4M 0s
[3.143s]   2950K .......... .......... .......... .......... .......... 73% 13.0M 0s
[3.143s]   3000K .......... .......... .......... .......... .......... 74% 13.9M 0s
[3.145s]   3050K .......... .......... .......... .......... .......... 75% 28.1M 0s
[3.147s]   3100K .......... .......... .......... .......... .......... 76% 67.8M 0s
[3.150s]   3150K .......... .......... .......... .......... .......... 78% 12.1M 0s
[3.155s]   3200K .......... .......... .......... .......... .......... 79% 9.62M 0s
[3.155s]   3250K .......... .......... .......... .......... .......... 80%  169M 0s
[3.155s]   3300K .......... .......... .......... .......... .......... 81%  200M 0s
[3.163s]   3350K .......... .......... .......... .......... .......... 83% 6.54M 0s
[3.163s]   3400K .......... .......... .......... .......... .......... 84%  195M 0s
[3.163s]   3450K .......... .......... .......... .......... .......... 85%  203M 0s
[3.170s]   3500K .......... .......... .......... .......... .......... 86% 10.9M 0s
[3.170s]   3550K .......... .......... .......... .......... .......... 87%  153M 0s
[3.170s]   3600K .......... .......... .......... .......... .......... 89%  202M 0s
[3.171s]   3650K .......... .......... .......... .......... .......... 90% 13.2M 0s
[3.181s]   3700K .......... .......... .......... .......... .......... 91% 10.7M 0s
[3.183s]   3750K .......... .......... .......... .......... .......... 92%  107M 0s
[3.183s]   3800K .......... .......... .......... .......... .......... 93%  190M 0s
[3.183s]   3850K .......... .......... .......... .......... .......... 95% 11.0M 0s
[3.183s]   3900K .......... .......... .......... .......... .......... 96%  185M 0s
[3.183s]   3950K .......... .......... .......... .......... .......... 97% 36.3M 0s
[3.194s]   4000K .......... .......... .......... .......... .......... 98% 6.61M 0s
[3.194s]   4050K .......... .......... .......... .......... ......    100%  184M=0.3s
[3.195s] 
[3.195s] 2025-02-27 10:12:12 (15.7 MB/s) - 已保存 ‘/home/mscrobotics2425laptop28/sim_ws/build/multirobot_map_merge/map00.pgm’ [4194362/4194362])
[3.195s] 
[3.199s] Checking MD5 sum of /home/mscrobotics2425laptop28/sim_ws/build/multirobot_map_merge/map00.pgm
[3.245s] /home/mscrobotics2425laptop28/sim_ws/build/multirobot_map_merge/map00.pgm: 成功
[3.273s] --2025-02-27 10:12:13--  https://raw.githubusercontent.com/hrnr/m-explore-extra/master/map_merge/hector_maps/map05.pgm
[3.306s] 正在解析主机 raw.githubusercontent.com (raw.githubusercontent.com)... 185.199.111.133, 185.199.109.133, 185.199.108.133, ...
[3.326s] 正在连接 raw.githubusercontent.com (raw.githubusercontent.com)|185.199.111.133|:443... 已连接。
[3.561s] 已发出 HTTP 请求，正在等待回应... 200 OK
[3.562s] 长度： 4194362 (4.0M) [application/octet-stream]
[3.562s] 正在保存至: ‘/home/mscrobotics2425laptop28/sim_ws/build/multirobot_map_merge/map05.pgm’
[3.563s] 
[3.579s]      0K .......... .......... .......... .......... ..........  1% 2.96M 1s
[3.586s]     50K .......... .......... .......... .......... ..........  2% 7.17M 1s
[3.592s]    100K .......... .......... .......... .......... ..........  3% 7.91M 1s
[3.596s]    150K .......... .......... .......... .......... ..........  4% 11.2M 1s
[3.602s]    200K .......... .......... .......... .......... ..........  6% 8.44M 1s
[3.603s]    250K .......... .......... .......... .......... ..........  7% 55.3M 1s
[3.610s]    300K .......... .......... .......... .......... ..........  8% 9.56M 0s
[3.610s]    350K .......... .......... .......... .......... ..........  9% 20.8M 0s
[3.613s]    400K .......... .......... .......... .......... .......... 10% 24.9M 0s
[3.616s]    450K .......... .......... .......... .......... .......... 12% 14.9M 0s
[3.622s]    500K .......... .......... .......... .......... .......... 13% 8.99M 0s
[3.626s]    550K .......... .......... .......... .......... .......... 14% 18.6M 0s
[3.627s]    600K .......... .......... .......... .......... .......... 15% 18.2M 0s
[3.629s]    650K .......... .......... .......... .......... .......... 17% 21.1M 0s
[3.633s]    700K .......... .......... .......... .......... .......... 18% 11.0M 0s
[3.634s]    750K .......... .......... .......... .......... .......... 19% 53.2M 0s
[3.641s]    800K .......... .......... .......... .......... .......... 20% 7.13M 0s
[3.642s]    850K .......... .......... .......... .......... .......... 21%  141M 0s
[3.642s]    900K .......... .......... .......... .......... .......... 23% 75.4M 0s
[3.643s]    950K .......... .......... .......... .......... .......... 24% 29.7M 0s
[3.646s]   1000K .......... .......... .......... .......... .......... 25% 18.7M 0s
[3.652s]   1050K .......... .......... .......... .......... .......... 26% 12.5M 0s
[3.658s]   1100K .......... .......... .......... .......... .......... 28% 12.1M 0s
[3.689s]   1150K .......... .......... .......... .......... .......... 29% 1.47M 0s
[3.689s]   1200K .......... .......... .......... .......... .......... 30%  247M 0s
[3.689s]   1250K .......... .......... .......... .......... .......... 31%  218M 0s
[3.689s]   1300K .......... .......... .......... .......... .......... 32%  267M 0s
[3.695s]   1350K .......... .......... .......... .......... .......... 34% 7.55M 0s
[3.695s]   1400K .......... .......... .......... .......... .......... 35% 49.6M 0s
[3.702s]   1450K .......... .......... .......... .......... .......... 36% 12.7M 0s
[3.702s]   1500K .......... .......... .......... .......... .......... 37%  224M 0s
[3.702s]   1550K .......... .......... .......... .......... .......... 39%  270M 0s
[3.702s]   1600K .......... .......... .......... .......... .......... 40%  285M 0s
[3.702s]   1650K .......... .......... .......... .......... .......... 41%  205M 0s
[3.703s]   1700K .......... .......... .......... .......... .......... 42%  283M 0s
[3.703s]   1750K .......... .......... .......... .......... .......... 43%  274M 0s
[3.703s]   1800K .......... .......... .......... .......... .......... 45%  293M 0s
[3.703s]   1850K .......... .......... .......... .......... .......... 46%  268M 0s
[3.703s]   1900K .......... .......... .......... .......... .......... 47%  273M 0s
[3.703s]   1950K .......... .......... .......... .......... .......... 48%  264M 0s
[3.703s]   2000K .......... .......... .......... .......... .......... 50%  276M 0s
[3.703s]   2050K .......... .......... .......... .......... .......... 51%  227M 0s
[3.703s]   2100K .......... .......... .......... .......... .......... 52%  278M 0s
[3.703s]   2150K .......... .......... .......... .......... .......... 53%  245M 0s
[3.710s]   2200K .......... .......... .......... .......... .......... 54% 11.3M 0s
[3.711s]   2250K .......... .......... .......... .......... .......... 56%  210M 0s
[3.711s]   2300K .......... .......... .......... .......... .......... 57% 12.9M 0s
[3.711s]   2350K .......... .......... .......... .......... .......... 58%  268M 0s
[3.716s]   2400K .......... .......... .......... .......... .......... 59% 12.7M 0s
[3.717s]   2450K .......... .......... .......... .......... .......... 61% 14.6M 0s
[3.718s]   2500K .......... .......... .......... .......... .......... 62% 52.4M 0s
[3.719s]   2550K .......... .......... .......... .......... .......... 63% 50.9M 0s
[3.726s]   2600K .......... .......... .......... .......... .......... 64% 37.9M 0s
[3.727s]   2650K .......... .......... .......... .......... .......... 65% 13.8M 0s
[3.727s]   2700K .......... .......... .......... .......... .......... 67%  289M 0s
[3.733s]   2750K .......... .......... .......... .......... .......... 68% 6.52M 0s
[3.733s]   2800K .......... .......... .......... .......... .......... 69%  264M 0s
[3.733s]   2850K .......... .......... .......... .......... .......... 70%  231M 0s
[3.775s]   2900K .......... .......... .......... .......... .......... 72% 1.19M 0s
[3.775s]   2950K .......... .......... .......... .......... .......... 73% 34.5M 0s
[3.780s]   3000K .......... .......... .......... .......... .......... 74% 19.0M 0s
[3.780s]   3050K .......... .......... .......... .......... .......... 75%  257M 0s
[3.780s]   3100K .......... .......... .......... .......... .......... 76%  288M 0s
[3.780s]   3150K .......... .......... .......... .......... .......... 78%  289M 0s
[3.781s]   3200K .......... .......... .......... .......... .......... 79%  230M 0s
[3.781s]   3250K .......... .......... .......... .......... .......... 80%  296M 0s
[3.781s]   3300K .......... .......... .......... .......... .......... 81%  291M 0s
[3.781s]   3350K .......... .......... .......... .......... .......... 83%  297M 0s
[3.781s]   3400K .......... .......... .......... .......... .......... 84%  243M 0s
[3.781s]   3450K .......... .......... .......... .......... .......... 85%  278M 0s
[3.781s]   3500K .......... .......... .......... .......... .......... 86%  253M 0s
[3.781s]   3550K .......... .......... .......... .......... .......... 87%  273M 0s
[3.782s]   3600K .......... .......... .......... .......... .......... 89%  285M 0s
[3.782s]   3650K .......... .......... .......... .......... .......... 90%  238M 0s
[3.784s]   3700K .......... .......... .......... .......... .......... 91% 13.7M 0s
[3.784s]   3750K .......... .......... .......... .......... .......... 92%  270M 0s
[3.784s]   3800K .......... .......... .......... .......... .......... 93%  283M 0s
[3.784s]   3850K .......... .......... .......... .......... .......... 95%  261M 0s
[3.791s]   3900K .......... .......... .......... .......... .......... 96% 7.23M 0s
[3.793s]   3950K .......... .......... .......... .......... .......... 97% 24.2M 0s
[3.794s]   4000K .......... .......... .......... .......... .......... 98% 53.9M 0s
[3.801s]   4050K .......... .......... .......... .......... ......    100% 9.76M=0.2s
[3.801s] 
[3.802s] 2025-02-27 10:12:13 (17.0 MB/s) - 已保存 ‘/home/mscrobotics2425laptop28/sim_ws/build/multirobot_map_merge/map05.pgm’ [4194362/4194362])
[3.802s] 
[3.802s] Checking MD5 sum of /home/mscrobotics2425laptop28/sim_ws/build/multirobot_map_merge/map05.pgm
[3.826s] /home/mscrobotics2425laptop28/sim_ws/build/multirobot_map_merge/map05.pgm: 成功
[3.837s] --2025-02-27 10:12:13--  https://raw.githubusercontent.com/hrnr/m-explore-extra/master/map_merge/gmapping_maps/2011-08-09-12-22-52.pgm
[3.857s] 正在解析主机 raw.githubusercontent.com (raw.githubusercontent.com)... 185.199.108.133, 185.199.111.133, 185.199.109.133, ...
[3.868s] 正在连接 raw.githubusercontent.com (raw.githubusercontent.com)|185.199.108.133|:443... 已连接。
[4.063s] 已发出 HTTP 请求，正在等待回应... 200 OK
[4.063s] 长度： 16000058 (15M) [application/octet-stream]
[4.064s] 正在保存至: ‘/home/mscrobotics2425laptop28/sim_ws/build/multirobot_map_merge/2011-08-09-12-22-52.pgm’
[4.064s] 
[4.077s]      0K .......... .......... .......... .......... ..........  0% 3.39M 4s
[4.095s]     50K .......... .......... .......... .......... ..........  0% 2.71M 5s
[4.109s]    100K .......... .......... .......... .......... ..........  0% 3.60M 5s
[4.121s]    150K .......... .......... .......... .......... ..........  1% 4.66M 4s
[4.121s]    200K .......... .......... .......... .......... ..........  1% 23.0M 4s
[4.127s]    250K .......... .......... .......... .......... ..........  1% 9.13M 3s
[4.130s]    300K .......... .......... .......... .......... ..........  2% 15.6M 3s
[4.134s]    350K .......... .......... .......... .......... ..........  2% 20.2M 3s
[4.137s]    400K .......... .......... .......... .......... ..........  2% 9.96M 3s
[4.144s]    450K .......... .......... .......... .......... ..........  3% 6.90M 2s
[4.144s]    500K .......... .......... .......... .......... ..........  3%  255M 2s
[4.151s]    550K .......... .......... .......... .......... ..........  3% 12.7M 2s
[4.151s]    600K .......... .......... .......... .......... ..........  4% 16.9M 2s
[4.157s]    650K .......... .......... .......... .......... ..........  4% 8.14M 2s
[4.160s]    700K .......... .......... .......... .......... ..........  4% 15.5M 2s
[4.164s]    750K .......... .......... .......... .......... ..........  5% 14.9M 2s
[4.167s]    800K .......... .......... .......... .......... ..........  5% 15.3M 2s
[4.172s]    850K .......... .......... .......... .......... ..........  5% 11.1M 2s
[4.188s]    900K .......... .......... .......... .......... ..........  6% 3.21M 2s
[4.211s]    950K .......... .......... .......... .......... ..........  6% 2.45M 2s
[4.211s]   1000K .......... .......... .......... .......... ..........  6% 56.4M 2s
[4.213s]   1050K .......... .......... .......... .......... ..........  7% 12.0M 2s
[4.213s]   1100K .......... .......... .......... .......... ..........  7%  223M 2s
[4.218s]   1150K .......... .......... .......... .......... ..........  7% 9.69M 2s
[4.229s]   1200K .......... .......... .......... .......... ..........  7% 3.83M 2s
[4.233s]   1250K .......... .......... .......... .......... ..........  8% 12.3M 2s
[4.236s]   1300K .......... .......... .......... .......... ..........  8% 26.5M 2s
[4.240s]   1350K .......... .......... .......... .......... ..........  8% 9.72M 2s
[4.244s]   1400K .......... .......... .......... .......... ..........  9% 12.2M 2s
[4.248s]   1450K .......... .......... .......... .......... ..........  9% 11.9M 2s
[4.248s]   1500K .......... .......... .......... .......... ..........  9%  235M 2s
[4.257s]   1550K .......... .......... .......... .......... .......... 10% 5.34M 2s
[4.261s]   1600K .......... .......... .......... .......... .......... 10% 13.1M 2s
[4.262s]   1650K .......... .......... .......... .......... .......... 10% 56.0M 2s
[4.267s]   1700K .......... .......... .......... .......... .......... 11% 10.1M 2s
[4.274s]   1750K .......... .......... .......... .......... .......... 11% 7.22M 2s
[4.276s]   1800K .......... .......... .......... .......... .......... 11% 24.5M 2s
[4.281s]   1850K .......... .......... .......... .......... .......... 12% 12.4M 2s
[4.282s]   1900K .......... .......... .......... .......... .......... 12% 34.4M 2s
[4.286s]   1950K .......... .......... .......... .......... .......... 12% 9.50M 2s
[4.291s]   2000K .......... .......... .......... .......... .......... 13% 10.4M 2s
[4.295s]   2050K .......... .......... .......... .......... .......... 13% 46.1M 1s
[4.295s]   2100K .......... .......... .......... .......... .......... 13% 21.3M 1s
[4.307s]   2150K .......... .......... .......... .......... .......... 14% 3.87M 1s
[4.311s]   2200K .......... .......... .......... .......... .......... 14% 12.5M 1s
[4.312s]   2250K .......... .......... .......... .......... .......... 14% 30.9M 1s
[4.312s]   2300K .......... .......... .......... .......... .......... 15%  223M 1s
[4.331s]   2350K .......... .......... .......... .......... .......... 15% 2.64M 1s
[4.336s]   2400K .......... .......... .......... .......... .......... 15% 10.8M 1s
[4.343s]   2450K .......... .......... .......... .......... .......... 15% 8.22M 1s
[4.343s]   2500K .......... .......... .......... .......... .......... 16%  280M 1s
[4.351s]   2550K .......... .......... .......... .......... .......... 16% 5.63M 1s
[4.351s]   2600K .......... .......... .......... .......... .......... 16%  273M 1s
[4.354s]   2650K .......... .......... .......... .......... .......... 17% 24.4M 1s
[4.360s]   2700K .......... .......... .......... .......... .......... 17% 7.06M 1s
[4.365s]   2750K .......... .......... .......... .......... .......... 17% 9.05M 1s
[4.368s]   2800K .......... .......... .......... .......... .......... 18% 12.9M 1s
[4.378s]   2850K .......... .......... .......... .......... .......... 18% 4.96M 1s
[4.384s]   2900K .......... .......... .......... .......... .......... 18% 8.50M 1s
[4.385s]   2950K .......... .......... .......... .......... .......... 19%  234M 1s
[4.390s]   3000K .......... .......... .......... .......... .......... 19% 11.9M 1s
[4.393s]   3050K .......... .......... .......... .......... .......... 19% 10.8M 1s
[4.397s]   3100K .......... .......... .......... .......... .......... 20% 17.0M 1s
[4.402s]   3150K .......... .......... .......... .......... .......... 20% 8.45M 1s
[4.402s]   3200K .......... .......... .......... .......... .......... 20%  189M 1s
[4.413s]   3250K .......... .......... .......... .......... .......... 21% 7.62M 1s
[4.413s]   3300K .......... .......... .......... .......... .......... 21%  214M 1s
[4.413s]   3350K .......... .......... .......... .......... .......... 21% 24.4M 1s
[4.413s]   3400K .......... .......... .......... .......... .......... 22% 18.2M 1s
[4.416s]   3450K .......... .......... .......... .......... .......... 22% 21.4M 1s
[4.420s]   3500K .......... .......... .......... .......... .......... 22% 11.1M 1s
[4.423s]   3550K .......... .......... .......... .......... .......... 23% 18.2M 1s
[4.424s]   3600K .......... .......... .......... .......... .......... 23% 26.4M 1s
[4.430s]   3650K .......... .......... .......... .......... .......... 23% 17.9M 1s
[4.436s]   3700K .......... .......... .......... .......... .......... 23% 9.45M 1s
[4.436s]   3750K .......... .......... .......... .......... .......... 24% 25.9M 1s
[4.436s]   3800K .......... .......... .......... .......... .......... 24% 22.7M 1s
[4.439s]   3850K .......... .......... .......... .......... .......... 24% 18.2M 1s
[4.441s]   3900K .......... .......... .......... .......... .......... 25% 25.5M 1s
[4.444s]   3950K .......... .......... .......... .......... .......... 25% 14.8M 1s
[4.446s]   4000K .......... .......... .......... .......... .......... 25% 24.6M 1s
[4.453s]   4050K .......... .......... .......... .......... .......... 26% 8.55M 1s
[4.454s]   4100K .......... .......... .......... .......... .......... 26% 19.6M 1s
[4.461s]   4150K .......... .......... .......... .......... .......... 26% 11.5M 1s
[4.461s]   4200K .......... .......... .......... .......... .......... 27%  215M 1s
[4.461s]   4250K .......... .......... .......... .......... .......... 27% 28.4M 1s
[4.462s]   4300K .......... .......... .......... .......... .......... 27% 25.9M 1s
[4.469s]   4350K .......... .......... .......... .......... .......... 28% 11.2M 1s
[4.473s]   4400K .......... .......... .......... .......... .......... 28% 8.07M 1s
[4.473s]   4450K .......... .......... .......... .......... .......... 28%  224M 1s
[4.477s]   4500K .......... .......... .......... .......... .......... 29% 38.6M 1s
[4.477s]   4550K .......... .......... .......... .......... .......... 29% 19.8M 1s
[4.481s]   4600K .......... .......... .......... .......... .......... 29% 10.8M 1s
[4.485s]   4650K .......... .......... .......... .......... .......... 30% 13.4M 1s
[4.488s]   4700K .......... .......... .......... .......... .......... 30% 49.2M 1s
[4.488s]   4750K .......... .......... .......... .......... .......... 30% 22.0M 1s
[4.498s]   4800K .......... .......... .......... .......... .......... 31% 9.76M 1s
[4.498s]   4850K .......... .......... .......... .......... .......... 31%  221M 1s
[4.500s]   4900K .......... .......... .......... .......... .......... 31% 19.0M 1s
[4.501s]   4950K .......... .......... .......... .......... .......... 31% 20.8M 1s
[4.501s]   5000K .......... .......... .......... .......... .......... 32% 16.5M 1s
[4.503s]   5050K .......... .......... .......... .......... .......... 32% 26.6M 1s
[4.505s]   5100K .......... .......... .......... .......... .......... 32% 24.8M 1s
[4.508s]   5150K .......... .......... .......... .......... .......... 33% 25.4M 1s
[4.516s]   5200K .......... .......... .......... .......... .......... 33% 6.76M 1s
[4.517s]   5250K .......... .......... .......... .......... .......... 33%  264M 1s
[4.519s]   5300K .......... .......... .......... .......... .......... 34% 11.1M 1s
[4.521s]   5350K .......... .......... .......... .......... .......... 34% 22.3M 1s
[4.525s]   5400K .......... .......... .......... .......... .......... 34% 20.5M 1s
[4.527s]   5450K .......... .......... .......... .......... .......... 35% 14.2M 1s
[4.532s]   5500K .......... .......... .......... .......... .......... 35% 26.3M 1s
[4.532s]   5550K .......... .......... .......... .......... .......... 35% 12.6M 1s
[4.538s]   5600K .......... .......... .......... .......... .......... 36% 9.06M 1s
[4.538s]   5650K .......... .......... .......... .......... .......... 36%  269M 1s
[4.540s]   5700K .......... .......... .......... .......... .......... 36% 20.6M 1s
[4.542s]   5750K .......... .......... .......... .......... .......... 37% 26.9M 1s
[4.548s]   5800K .......... .......... .......... .......... .......... 37% 8.93M 1s
[4.552s]   5850K .......... .......... .......... .......... .......... 37% 25.7M 1s
[4.553s]   5900K .......... .......... .......... .......... .......... 38% 15.1M 1s
[4.557s]   5950K .......... .......... .......... .......... .......... 38% 11.8M 1s
[4.562s]   6000K .......... .......... .......... .......... .......... 38% 10.4M 1s
[4.562s]   6050K .......... .......... .......... .......... .......... 39%  217M 1s
[4.569s]   6100K .......... .......... .......... .......... .......... 39% 12.5M 1s
[4.569s]   6150K .......... .......... .......... .......... .......... 39% 15.4M 1s
[4.569s]   6200K .......... .......... .......... .......... .......... 39%  194M 1s
[4.576s]   6250K .......... .......... .......... .......... .......... 40% 12.8M 1s
[4.578s]   6300K .......... .......... .......... .......... .......... 40% 9.71M 1s
[4.582s]   6350K .......... .......... .......... .......... .......... 40% 11.7M 1s
[4.584s]   6400K .......... .......... .......... .......... .......... 41% 24.3M 1s
[4.587s]   6450K .......... .......... .......... .......... .......... 41% 17.1M 1s
[4.589s]   6500K .......... .......... .......... .......... .......... 41% 28.6M 1s
[4.591s]   6550K .......... .......... .......... .......... .......... 42% 24.1M 1s
[4.596s]   6600K .......... .......... .......... .......... .......... 42% 9.18M 1s
[4.598s]   6650K .......... .......... .......... .......... .......... 42% 33.9M 1s
[4.601s]   6700K .......... .......... .......... .......... .......... 43% 20.9M 1s
[4.610s]   6750K .......... .......... .......... .......... .......... 43% 7.83M 1s
[4.610s]   6800K .......... .......... .......... .......... .......... 43% 16.8M 1s
[4.614s]   6850K .......... .......... .......... .......... .......... 44% 10.9M 1s
[4.620s]   6900K .......... .......... .......... .......... .......... 44% 7.48M 1s
[4.621s]   6950K .......... .......... .......... .......... .......... 44% 48.8M 1s
[4.633s]   7000K .......... .......... .......... .......... .......... 45% 9.79M 1s
[4.634s]   7050K .......... .......... .......... .......... .......... 45% 12.0M 1s
[4.634s]   7100K .......... .......... .......... .......... .......... 45% 98.1M 1s
[4.635s]   7150K .......... .......... .......... .......... .......... 46% 19.7M 1s
[4.640s]   7200K .......... .......... .......... .......... .......... 46% 7.14M 1s
[4.645s]   7250K .......... .......... .......... .......... .......... 46% 9.03M 1s
[4.652s]   7300K .......... .......... .......... .......... .......... 47% 15.8M 1s
[4.652s]   7350K .......... .......... .......... .......... .......... 47% 25.8M 1s
[4.657s]   7400K .......... .......... .......... .......... .......... 47% 7.30M 1s
[4.658s]   7450K .......... .......... .......... .......... .......... 47%  260M 1s
[4.662s]   7500K .......... .......... .......... .......... .......... 48% 10.8M 1s
[4.664s]   7550K .......... .......... .......... .......... .......... 48%  245M 1s
[4.670s]   7600K .......... .......... .......... .......... .......... 48% 10.0M 1s
[4.671s]   7650K .......... .......... .......... .......... .......... 49% 10.7M 1s
[4.675s]   7700K .......... .......... .......... .......... .......... 49% 11.8M 1s
[4.679s]   7750K .......... .......... .......... .......... .......... 49% 16.1M 1s
[4.691s]   7800K .......... .......... .......... .......... .......... 50% 9.24M 1s
[4.691s]   7850K .......... .......... .......... .......... .......... 50% 17.4M 1s
[4.692s]   7900K .......... .......... .......... .......... .......... 50% 17.0M 1s
[4.692s]   7950K .......... .......... .......... .......... .......... 51% 19.8M 1s
[4.702s]   8000K .......... .......... .......... .......... .......... 51% 4.78M 1s
[4.703s]   8050K .......... .......... .......... .......... .......... 51%  243M 1s
[4.706s]   8100K .......... .......... .......... .......... .......... 52% 13.0M 1s
[4.707s]   8150K .......... .......... .......... .......... .......... 52%  229M 1s
[4.715s]   8200K .......... .......... .......... .......... .......... 52% 6.38M 1s
[4.715s]   8250K .......... .......... .......... .......... .......... 53%  245M 1s
[4.720s]   8300K .......... .......... .......... .......... .......... 53% 9.69M 1s
[4.720s]   8350K .......... .......... .......... .......... .......... 53%  212M 1s
[4.725s]   8400K .......... .......... .......... .......... .......... 54% 10.5M 1s
[4.725s]   8450K .......... .......... .......... .......... .......... 54%  236M 1s
[4.731s]   8500K .......... .......... .......... .......... .......... 54% 7.35M 1s
[4.733s]   8550K .......... .......... .......... .......... .......... 55%  248M 1s
[4.737s]   8600K .......... .......... .......... .......... .......... 55% 12.8M 1s
[4.737s]   8650K .......... .......... .......... .......... .......... 55%  266M 1s
[4.740s]   8700K .......... .......... .......... .......... .......... 55% 12.2M 1s
[4.742s]   8750K .......... .......... .......... .......... .......... 56% 17.6M 1s
[4.747s]   8800K .......... .......... .......... .......... .......... 56% 9.60M 1s
[4.748s]   8850K .......... .......... .......... .......... .......... 56%  251M 1s
[4.751s]   8900K .......... .......... .......... .......... .......... 57% 12.8M 1s
[4.752s]   8950K .......... .......... .......... .......... .......... 57%  255M 1s
[4.759s]   9000K .......... .......... .......... .......... .......... 57% 6.47M 1s
[4.760s]   9050K .......... .......... .......... .......... .......... 58%  146M 0s
[4.763s]   9100K .......... .......... .......... .......... .......... 58% 13.0M 0s
[4.763s]   9150K .......... .......... .......... .......... .......... 58%  180M 0s
[4.775s]   9200K .......... .......... .......... .......... .......... 59% 7.07M 0s
[4.775s]   9250K .......... .......... .......... .......... .......... 59%  211M 0s
[4.775s]   9300K .......... .......... .......... .......... .......... 59%  292M 0s
[4.779s]   9350K .......... .......... .......... .......... .......... 60% 6.39M 0s
[4.779s]   9400K .......... .......... .......... .......... .......... 60%  268M 0s
[4.785s]   9450K .......... .......... .......... .......... .......... 60% 12.8M 0s
[4.785s]   9500K .......... .......... .......... .......... .......... 61%  280M 0s
[4.795s]   9550K .......... .......... .......... .......... .......... 61% 7.13M 0s
[4.795s]   9600K .......... .......... .......... .......... .......... 61%  162M 0s
[4.799s]   9650K .......... .......... .......... .......... .......... 62% 7.41M 0s
[4.799s]   9700K .......... .......... .......... .......... .......... 62%  231M 0s
[4.799s]   9750K .......... .......... .......... .......... .......... 62% 19.6M 0s
[4.806s]   9800K .......... .......... .......... .......... .......... 63% 7.64M 0s
[4.806s]   9850K .......... .......... .......... .......... .......... 63%  243M 0s
[4.811s]   9900K .......... .......... .......... .......... .......... 63% 28.4M 0s
[4.819s]   9950K .......... .......... .......... .......... .......... 63% 7.02M 0s
[4.819s]  10000K .......... .......... .......... .......... .......... 64%  232M 0s
[4.823s]  10050K .......... .......... .......... .......... .......... 64% 6.22M 0s
[4.823s]  10100K .......... .......... .......... .......... .......... 64%  228M 0s
[4.827s]  10150K .......... .......... .......... .......... .......... 65% 13.4M 0s
[4.831s]  10200K .......... .......... .......... .......... .......... 65% 12.0M 0s
[4.831s]  10250K .......... .......... .......... .......... .......... 65% 52.7M 0s
[4.839s]  10300K .......... .......... .......... .......... .......... 66% 6.01M 0s
[4.844s]  10350K .......... .......... .......... .......... .......... 66% 22.8M 0s
[4.848s]  10400K .......... .......... .......... .......... .......... 66% 8.22M 0s
[4.848s]  10450K .......... .......... .......... .......... .......... 67%  266M 0s
[4.850s]  10500K .......... .......... .......... .......... .......... 67% 30.5M 0s
[4.860s]  10550K .......... .......... .......... .......... .......... 67% 6.98M 0s
[4.860s]  10600K .......... .......... .......... .......... .......... 68%  198M 0s
[4.860s]  10650K .......... .......... .......... .......... .......... 68%  290M 0s
[4.863s]  10700K .......... .......... .......... .......... .......... 68% 7.18M 0s
[4.874s]  10750K .......... .......... .......... .......... .......... 69% 4.44M 0s
[4.875s]  10800K .......... .......... .......... .......... .......... 69%  261M 0s
[4.879s]  10850K .......... .......... .......... .......... .......... 69% 13.0M 0s
[4.886s]  10900K .......... .......... .......... .......... .......... 70% 6.89M 0s
[4.889s]  10950K .......... .......... .......... .......... .......... 70%  110M 0s
[4.916s]  11000K .......... .......... .......... .......... .......... 70% 6.66M 0s
[4.916s]  11050K .......... .......... .......... .......... .......... 71% 70.2M 0s
[4.916s]  11100K .......... .......... .......... .......... .......... 71% 17.9M 0s
[4.916s]  11150K .......... .......... .......... .......... .......... 71% 7.12M 0s
[4.916s]  11200K .......... .......... .......... .......... .......... 71% 15.3M 0s
[4.916s]  11250K .......... .......... .......... .......... .......... 72% 66.3M 0s
[4.916s]  11300K .......... .......... .......... .......... .......... 72% 6.15M 0s
[4.957s]  11350K .......... .......... .......... .......... .......... 72% 1.20M 0s
[4.957s]  11400K .......... .......... .......... .......... .......... 73%  233M 0s
[4.958s]  11450K .......... .......... .......... .......... .......... 73%  207M 0s
[4.958s]  11500K .......... .......... .......... .......... .......... 73%  231M 0s
[4.958s]  11550K .......... .......... .......... .......... .......... 74%  273M 0s
[4.958s]  11600K .......... .......... .......... .......... .......... 74%  264M 0s
[4.958s]  11650K .......... .......... .......... .......... .......... 74%  228M 0s
[4.958s]  11700K .......... .......... .......... .......... .......... 75%  219M 0s
[4.985s]  11750K .......... .......... .......... .......... .......... 75% 2.46M 0s
[4.985s]  11800K .......... .......... .......... .......... .......... 75%  261M 0s
[4.985s]  11850K .......... .......... .......... .......... .......... 76%  289M 0s
[4.985s]  11900K .......... .......... .......... .......... .......... 76%  234M 0s
[4.991s]  11950K .......... .......... .......... .......... .......... 76% 5.95M 0s
[4.991s]  12000K .......... .......... .......... .......... .......... 77%  218M 0s
[4.992s]  12050K .......... .......... .......... .......... .......... 77%  247M 0s
[4.992s]  12100K .......... .......... .......... .......... .......... 77%  167M 0s
[4.992s]  12150K .......... .......... .......... .......... .......... 78%  238M 0s
[4.992s]  12200K .......... .......... .......... .......... .......... 78%  230M 0s
[4.992s]  12250K .......... .......... .......... .......... .......... 78%  251M 0s
[4.992s]  12300K .......... .......... .......... .......... .......... 79%  236M 0s
[4.992s]  12350K .......... .......... .......... .......... .......... 79%  277M 0s
[4.993s]  12400K .......... .......... .......... .......... .......... 79%  240M 0s
[4.993s]  12450K .......... .......... .......... .......... .......... 79%  229M 0s
[4.993s]  12500K .......... .......... .......... .......... .......... 80%  215M 0s
[4.993s]  12550K .......... .......... .......... .......... .......... 80%  274M 0s
[4.997s]  12600K .......... .......... .......... .......... .......... 80% 17.3M 0s
[4.997s]  12650K .......... .......... .......... .......... .......... 81% 10.2M 0s
[4.997s]  12700K .......... .......... .......... .......... .......... 81% 48.2M 0s
[5.007s]  12750K .......... .......... .......... .......... .......... 81% 6.91M 0s
[5.007s]  12800K .......... .......... .......... .......... .......... 82%  231M 0s
[5.007s]  12850K .......... .......... .......... .......... .......... 82%  276M 0s
[5.013s]  12900K .......... .......... .......... .......... .......... 82% 6.31M 0s
[5.013s]  12950K .......... .......... .......... .......... .......... 83%  213M 0s
[5.013s]  13000K .......... .......... .......... .......... .......... 83%  239M 0s
[5.016s]  13050K .......... .......... .......... .......... .......... 83% 26.3M 0s
[5.017s]  13100K .......... .......... .......... .......... .......... 84% 23.1M 0s
[5.022s]  13150K .......... .......... .......... .......... .......... 84% 8.87M 0s
[5.023s]  13200K .......... .......... .......... .......... .......... 84%  253M 0s
[5.027s]  13250K .......... .......... .......... .......... .......... 85% 12.7M 0s
[5.034s]  13300K .......... .......... .......... .......... .......... 85% 12.7M 0s
[5.034s]  13350K .......... .......... .......... .......... .......... 85%  182M 0s
[5.035s]  13400K .......... .......... .......... .......... .......... 86% 12.5M 0s
[5.035s]  13450K .......... .......... .......... .......... .......... 86%  231M 0s
[5.043s]  13500K .......... .......... .......... .......... .......... 86% 6.30M 0s
[5.043s]  13550K .......... .......... .......... .......... .......... 87%  262M 0s
[5.046s]  13600K .......... .......... .......... .......... .......... 87% 12.3M 0s
[5.054s]  13650K .......... .......... .......... .......... .......... 87% 6.18M 0s
[5.055s]  13700K .......... .......... .......... .......... .......... 87%  258M 0s
[5.078s]  13750K .......... .......... .......... .......... .......... 88% 2.16M 0s
[5.078s]  13800K .......... .......... .......... .......... .......... 88%  166M 0s
[5.095s]  13850K .......... .......... .......... .......... .......... 88% 5.15M 0s
[5.095s]  13900K .......... .......... .......... .......... .......... 89% 7.58M 0s
[5.097s]  13950K .......... .......... .......... .......... .......... 89% 12.7M 0s
[5.104s]  14000K .......... .......... .......... .......... .......... 89% 6.92M 0s
[5.105s]  14050K .......... .......... .......... .......... .......... 90%  264M 0s
[5.113s]  14100K .......... .......... .......... .......... .......... 90% 5.56M 0s
[5.121s]  14150K .......... .......... .......... .......... .......... 90% 5.99M 0s
[5.126s]  14200K .......... .......... .......... .......... .......... 91% 11.6M 0s
[5.131s]  14250K .......... .......... .......... .......... .......... 91% 15.3M 0s
[5.132s]  14300K .......... .......... .......... .......... .......... 91% 18.5M 0s
[5.137s]  14350K .......... .......... .......... .......... .......... 92% 8.72M 0s
[5.148s]  14400K .......... .......... .......... .......... .......... 92% 4.85M 0s
[5.150s]  14450K .......... .......... .......... .......... .......... 92% 25.2M 0s
[5.156s]  14500K .......... .......... .......... .......... .......... 93% 6.78M 0s
[5.159s]  14550K .......... .......... .......... .......... .......... 93%  118M 0s
[5.159s]  14600K .......... .......... .......... .......... .......... 93% 22.5M 0s
[5.163s]  14650K .......... .......... .......... .......... .......... 94% 11.3M 0s
[5.166s]  14700K .......... .......... .......... .......... .......... 94% 14.9M 0s
[5.167s]  14750K .......... .......... .......... .......... .......... 94%  119M 0s
[5.174s]  14800K .......... .......... .......... .......... .......... 95% 6.61M 0s
[5.182s]  14850K .......... .......... .......... .......... .......... 95% 12.2M 0s
[5.182s]  14900K .......... .......... .......... .......... .......... 95%  187M 0s
[5.182s]  14950K .......... .......... .......... .......... .......... 95% 11.9M 0s
[5.190s]  15000K .......... .......... .......... .......... .......... 96% 13.7M 0s
[5.190s]  15050K .......... .......... .......... .......... .......... 96% 11.5M 0s
[5.202s]  15100K .......... .......... .......... .......... .......... 96% 5.59M 0s
[5.202s]  15150K .......... .......... .......... .......... .......... 97% 38.0M 0s
[5.205s]  15200K .......... .......... .......... .......... .......... 97% 11.4M 0s
[5.207s]  15250K .......... .......... .......... .......... .......... 97% 20.2M 0s
[5.212s]  15300K .......... .......... .......... .......... .......... 98% 9.32M 0s
[5.216s]  15350K .......... .......... .......... .......... .......... 98% 12.3M 0s
[5.217s]  15400K .......... .......... .......... .......... .......... 98%  194M 0s
[5.221s]  15450K .......... .......... .......... .......... .......... 99% 10.0M 0s
[5.228s]  15500K .......... .......... .......... .......... .......... 99% 10.6M 0s
[5.231s]  15550K .......... .......... .......... .......... .......... 99% 11.2M 0s
[5.231s]  15600K .......... .......... .....                           100%  155M=1.2s
[5.231s] 
[5.231s] 2025-02-27 10:12:14 (13.1 MB/s) - 已保存 ‘/home/mscrobotics2425laptop28/sim_ws/build/multirobot_map_merge/2011-08-09-12-22-52.pgm’ [16000058/16000058])
[5.231s] 
[5.237s] Checking MD5 sum of /home/mscrobotics2425laptop28/sim_ws/build/multirobot_map_merge/2011-08-09-12-22-52.pgm
[5.342s] /home/mscrobotics2425laptop28/sim_ws/build/multirobot_map_merge/2011-08-09-12-22-52.pgm: 成功
[5.364s] --2025-02-27 10:12:15--  https://raw.githubusercontent.com/hrnr/m-explore-extra/master/map_merge/gmapping_maps/2012-01-28-11-12-01.pgm
[5.366s] 正在解析主机 raw.githubusercontent.com (raw.githubusercontent.com)... 185.199.110.133, 185.199.111.133, 185.199.109.133, ...
[5.379s] 正在连接 raw.githubusercontent.com (raw.githubusercontent.com)|185.199.110.133|:443... 已连接。
[5.601s] 已发出 HTTP 请求，正在等待回应... 200 OK
[5.601s] 长度： 16000058 (15M) [application/octet-stream]
[5.601s] 正在保存至: ‘/home/mscrobotics2425laptop28/sim_ws/build/multirobot_map_merge/2012-01-28-11-12-01.pgm’
[5.601s] 
[5.613s]      0K .......... .......... .......... .......... ..........  0% 3.77M 4s
[5.631s]     50K .......... .......... .......... .......... ..........  0% 2.68M 5s
[5.643s]    100K .......... .......... .......... .......... ..........  0% 4.34M 4s
[5.648s]    150K .......... .......... .......... .......... ..........  1% 9.05M 4s
[5.651s]    200K .......... .......... .......... .......... ..........  1% 18.6M 3s
[5.656s]    250K .......... .......... .......... .......... ..........  1% 9.08M 3s
[5.666s]    300K .......... .......... .......... .......... ..........  2% 8.02M 3s
[5.666s]    350K .......... .......... .......... .......... ..........  2% 74.6M 2s
[5.666s]    400K .......... .......... .......... .......... ..........  2% 15.7M 2s
[5.670s]    450K .......... .......... .......... .......... ..........  3% 11.3M 2s
[5.672s]    500K .......... .......... .......... .......... ..........  3% 31.1M 2s
[5.675s]    550K .......... .......... .......... .......... ..........  3% 13.6M 2s
[5.677s]    600K .......... .......... .......... .......... ..........  4% 27.8M 2s
[5.682s]    650K .......... .......... .......... .......... ..........  4% 13.5M 2s
[5.683s]    700K .......... .......... .......... .......... ..........  4% 23.4M 2s
[5.687s]    750K .......... .......... .......... .......... ..........  5% 11.4M 2s
[5.696s]    800K .......... .......... .......... .......... ..........  5% 5.53M 2s
[5.707s]    850K .......... .......... .......... .......... ..........  5% 5.83M 2s
[5.707s]    900K .......... .......... .......... .......... ..........  6% 17.6M 2s
[5.713s]    950K .......... .......... .......... .......... ..........  6% 8.14M 2s
[5.713s]   1000K .......... .......... .......... .......... ..........  6%  301M 2s
[5.716s]   1050K .......... .......... .......... .......... ..........  7% 19.3M 2s
[5.723s]   1100K .......... .......... .......... .......... ..........  7% 6.69M 2s
[5.727s]   1150K .......... .......... .......... .......... ..........  7% 11.4M 2s
[5.735s]   1200K .......... .......... .......... .......... ..........  7% 7.41M 2s
[5.735s]   1250K .......... .......... .......... .......... ..........  8% 39.3M 1s
[5.739s]   1300K .......... .......... .......... .......... ..........  8% 13.2M 1s
[5.742s]   1350K .......... .......... .......... .......... ..........  8% 23.2M 1s
[5.747s]   1400K .......... .......... .......... .......... ..........  9% 7.93M 1s
[5.792s]   1450K .......... .......... .......... .......... ..........  9% 1.10M 2s
[5.797s]   1500K .......... .......... .......... .......... ..........  9% 25.6M 2s
[5.797s]   1550K .......... .......... .......... .......... .......... 10% 19.1M 2s
[5.798s]   1600K .......... .......... .......... .......... .......... 10% 23.6M 2s
[5.804s]   1650K .......... .......... .......... .......... .......... 10% 15.3M 2s
[5.804s]   1700K .......... .......... .......... .......... .......... 11%  243M 2s
[5.804s]   1750K .......... .......... .......... .......... .......... 11%  275M 2s
[5.804s]   1800K .......... .......... .......... .......... .......... 11%  259M 2s
[5.804s]   1850K .......... .......... .......... .......... .......... 12%  232M 1s
[5.805s]   1900K .......... .......... .......... .......... .......... 12%  286M 1s
[5.805s]   1950K .......... .......... .......... .......... .......... 12%  293M 1s
[5.805s]   2000K .......... .......... .......... .......... .......... 13%  289M 1s
[5.805s]   2050K .......... .......... .......... .......... .......... 13%  235M 1s
[5.805s]   2100K .......... .......... .......... .......... .......... 13%  239M 1s
[5.805s]   2150K .......... .......... .......... .......... .......... 14%  258M 1s
[5.805s]   2200K .......... .......... .......... .......... .......... 14%  117M 1s
[5.808s]   2250K .......... .......... .......... .......... .......... 14% 10.9M 1s
[5.808s]   2300K .......... .......... .......... .......... .......... 15%  247M 1s
[5.812s]   2350K .......... .......... .......... .......... .......... 15% 13.3M 1s
[5.824s]   2400K .......... .......... .......... .......... .......... 15% 4.01M 1s
[5.830s]   2450K .......... .......... .......... .......... .......... 15% 17.6M 1s
[5.835s]   2500K .......... .......... .......... .......... .......... 16% 7.97M 1s
[5.835s]   2550K .......... .......... .......... .......... .......... 16%  225M 1s
[5.839s]   2600K .......... .......... .......... .......... .......... 16% 10.1M 1s
[5.843s]   2650K .......... .......... .......... .......... .......... 17% 36.2M 1s
[5.843s]   2700K .......... .......... .......... .......... .......... 17% 16.4M 1s
[5.847s]   2750K .......... .......... .......... .......... .......... 17% 10.5M 1s
[5.850s]   2800K .......... .......... .......... .......... .......... 18% 16.2M 1s
[5.852s]   2850K .......... .......... .......... .......... .......... 18% 22.6M 1s
[5.855s]   2900K .......... .......... .......... .......... .......... 18% 20.9M 1s
[5.860s]   2950K .......... .......... .......... .......... .......... 19% 19.4M 1s
[5.862s]   3000K .......... .......... .......... .......... .......... 19% 11.0M 1s
[5.868s]   3050K .......... .......... .......... .......... .......... 19% 10.2M 1s
[5.868s]   3100K .......... .......... .......... .......... .......... 20% 65.0M 1s
[5.892s]   3150K .......... .......... .......... .......... .......... 20% 2.32M 1s
[5.892s]   3200K .......... .......... .......... .......... .......... 20% 13.8M 1s
[5.894s]   3250K .......... .......... .......... .......... .......... 21% 20.9M 1s
[5.902s]   3300K .......... .......... .......... .......... .......... 21% 6.70M 1s
[5.904s]   3350K .......... .......... .......... .......... .......... 21%  265M 1s
[5.914s]   3400K .......... .......... .......... .......... .......... 22% 4.15M 1s
[5.914s]   3450K .......... .......... .......... .......... .......... 22%  257M 1s
[5.914s]   3500K .......... .......... .......... .......... .......... 22%  276M 1s
[5.917s]   3550K .......... .......... .......... .......... .......... 23% 39.9M 1s
[5.923s]   3600K .......... .......... .......... .......... .......... 23% 6.64M 1s
[5.923s]   3650K .......... .......... .......... .......... .......... 23%  242M 1s
[5.923s]   3700K .......... .......... .......... .......... .......... 23%  267M 1s
[5.927s]   3750K .......... .......... .......... .......... .......... 24% 12.2M 1s
[5.939s]   3800K .......... .......... .......... .......... .......... 24% 6.08M 1s
[5.939s]   3850K .......... .......... .......... .......... .......... 24%  209M 1s
[5.939s]   3900K .......... .......... .......... .......... .......... 25%  212M 1s
[5.939s]   3950K .......... .......... .......... .......... .......... 25% 11.4M 1s
[5.946s]   4000K .......... .......... .......... .......... .......... 25% 7.05M 1s
[5.947s]   4050K .......... .......... .......... .......... .......... 26%  265M 1s
[5.950s]   4100K .......... .......... .......... .......... .......... 26% 13.1M 1s
[5.951s]   4150K .......... .......... .......... .......... .......... 26%  214M 1s
[5.959s]   4200K .......... .......... .......... .......... .......... 27% 6.16M 1s
[5.959s]   4250K .......... .......... .......... .......... .......... 27%  234M 1s
[5.959s]   4300K .......... .......... .......... .......... .......... 27%  286M 1s
[5.967s]   4350K .......... .......... .......... .......... .......... 28% 5.79M 1s
[5.968s]   4400K .......... .......... .......... .......... .......... 28% 63.9M 1s
[5.969s]   4450K .......... .......... .......... .......... .......... 28% 56.0M 1s
[5.973s]   4500K .......... .......... .......... .......... .......... 29% 14.9M 1s
[5.974s]   4550K .......... .......... .......... .......... .......... 29% 21.4M 1s
[5.983s]   4600K .......... .......... .......... .......... .......... 29% 6.02M 1s
[5.983s]   4650K .......... .......... .......... .......... .......... 30%  245M 1s
[5.987s]   4700K .......... .......... .......... .......... .......... 30% 13.8M 1s
[5.996s]   4750K .......... .......... .......... .......... .......... 30% 9.41M 1s
[5.996s]   4800K .......... .......... .......... .......... .......... 31%  237M 1s
[6.003s]   4850K .......... .......... .......... .......... .......... 31% 5.19M 1s
[6.003s]   4900K .......... .......... .......... .......... .......... 31%  156M 1s
[6.003s]   4950K .......... .......... .......... .......... .......... 31%  152M 1s
[6.005s]   5000K .......... .......... .......... .......... .......... 32% 12.8M 1s
[6.013s]   5050K .......... .......... .......... .......... .......... 32% 6.22M 1s
[6.023s]   5100K .......... .......... .......... .......... .......... 32% 5.30M 1s
[6.030s]   5150K .......... .......... .......... .......... .......... 33% 13.0M 1s
[6.030s]   5200K .......... .......... .......... .......... .......... 33%  239M 1s
[6.030s]   5250K .......... .......... .......... .......... .......... 33% 12.3M 1s
[6.038s]   5300K .......... .......... .......... .......... .......... 34% 7.18M 1s
[6.038s]   5350K .......... .......... .......... .......... .......... 34%  190M 1s
[6.043s]   5400K .......... .......... .......... .......... .......... 34% 13.0M 1s
[6.047s]   5450K .......... .......... .......... .......... .......... 35% 25.2M 1s
[6.048s]   5500K .......... .......... .......... .......... .......... 35% 9.58M 1s
[6.055s]   5550K .......... .......... .......... .......... .......... 35% 8.08M 1s
[6.055s]   5600K .......... .......... .......... .......... .......... 36%  240M 1s
[6.059s]   5650K .......... .......... .......... .......... .......... 36% 12.1M 1s
[6.059s]   5700K .......... .......... .......... .......... .......... 36% 51.7M 1s
[6.063s]   5750K .......... .......... .......... .......... .......... 37% 13.4M 1s
[6.073s]   5800K .......... .......... .......... .......... .......... 37% 6.44M 1s
[6.075s]   5850K .......... .......... .......... .......... .......... 37%  130M 1s
[6.076s]   5900K .......... .......... .......... .......... .......... 38% 11.4M 1s
[6.087s]   5950K .......... .......... .......... .......... .......... 38% 4.54M 1s
[6.087s]   6000K .......... .......... .......... .......... .......... 38%  152M 1s
[6.087s]   6050K .......... .......... .......... .......... .......... 39%  259M 1s
[6.087s]   6100K .......... .......... .......... .......... .......... 39%  245M 1s
[6.097s]   6150K .......... .......... .......... .......... .......... 39% 7.65M 1s
[6.097s]   6200K .......... .......... .......... .......... .......... 39%  227M 1s
[6.102s]   6250K .......... .......... .......... .......... .......... 40% 9.19M 1s
[6.103s]   6300K .......... .......... .......... .......... .......... 40% 11.1M 1s
[6.107s]   6350K .......... .......... .......... .......... .......... 40% 11.9M 1s
[6.108s]   6400K .......... .......... .......... .......... .......... 41%  227M 1s
[6.115s]   6450K .......... .......... .......... .......... .......... 41% 6.60M 1s
[6.115s]   6500K .......... .......... .......... .......... .......... 41%  186M 1s
[6.118s]   6550K .......... .......... .......... .......... .......... 42% 34.0M 1s
[6.127s]   6600K .......... .......... .......... .......... .......... 42% 6.58M 1s
[6.133s]   6650K .......... .......... .......... .......... .......... 42% 5.85M 1s
[6.139s]   6700K .......... .......... .......... .......... .......... 43% 8.01M 1s
[6.139s]   6750K .......... .......... .......... .......... .......... 43%  283M 1s
[6.144s]   6800K .......... .......... .......... .......... .......... 43% 11.9M 1s
[6.147s]   6850K .......... .......... .......... .......... .......... 44% 10.9M 1s
[6.148s]   6900K .......... .......... .......... .......... .......... 44%  145M 1s
[6.154s]   6950K .......... .......... .......... .......... .......... 44% 7.25M 1s
[6.155s]   7000K .......... .......... .......... .......... .......... 45%  273M 1s
[6.160s]   7050K .......... .......... .......... .......... .......... 45% 13.3M 1s
[6.172s]   7100K .......... .......... .......... .......... .......... 45% 5.33M 1s
[6.172s]   7150K .......... .......... .......... .......... .......... 46%  270M 1s
[6.172s]   7200K .......... .......... .......... .......... .......... 46%  272M 1s
[6.172s]   7250K .......... .......... .......... .......... .......... 46% 31.9M 1s
[6.178s]   7300K .......... .......... .......... .......... .......... 47% 7.88M 1s
[6.179s]   7350K .......... .......... .......... .......... .......... 47% 12.5M 1s
[6.180s]   7400K .......... .......... .......... .......... .......... 47%  218M 1s
[6.185s]   7450K .......... .......... .......... .......... .......... 47% 11.8M 1s
[6.199s]   7500K .......... .......... .......... .......... .......... 48% 6.33M 1s
[6.199s]   7550K .......... .......... .......... .......... .......... 48%  126M 1s
[6.200s]   7600K .......... .......... .......... .......... .......... 48%  274M 1s
[6.200s]   7650K .......... .......... .......... .......... .......... 49% 20.1M 1s
[6.202s]   7700K .......... .......... .......... .......... .......... 49% 6.93M 1s
[6.202s]   7750K .......... .......... .......... .......... .......... 49%  238M 1s
[6.207s]   7800K .......... .......... .......... .......... .......... 50% 26.4M 1s
[6.209s]   7850K .......... .......... .......... .......... .......... 50% 8.39M 1s
[6.212s]   7900K .......... .......... .......... .......... .......... 50% 21.3M 1s
[6.222s]   7950K .......... .......... .......... .......... .......... 51% 17.0M 1s
[6.222s]   8000K .......... .......... .......... .......... .......... 51% 9.82M 1s
[6.228s]   8050K .......... .......... .......... .......... .......... 51% 6.31M 1s
[6.228s]   8100K .......... .......... .......... .......... .......... 52%  183M 1s
[6.229s]   8150K .......... .......... .......... .......... .......... 52% 25.9M 1s
[6.233s]   8200K .......... .......... .......... .......... .......... 52% 22.7M 1s
[6.237s]   8250K .......... .......... .......... .......... .......... 53% 9.71M 1s
[6.241s]   8300K .......... .......... .......... .......... .......... 53% 16.1M 1s
[6.241s]   8350K .......... .......... .......... .......... .......... 53% 68.7M 1s
[6.245s]   8400K .......... .......... .......... .......... .......... 54% 9.61M 1s
[6.253s]   8450K .......... .......... .......... .......... .......... 54% 24.8M 1s
[6.254s]   8500K .......... .......... .......... .......... .......... 54% 7.40M 1s
[6.257s]   8550K .......... .......... .......... .......... .......... 55%  241M 1s
[6.258s]   8600K .......... .......... .......... .......... .......... 55% 13.2M 1s
[6.266s]   8650K .......... .......... .......... .......... .......... 55% 7.50M 1s
[6.266s]   8700K .......... .......... .......... .......... .......... 55%  266M 1s
[6.267s]   8750K .......... .......... .......... .......... .......... 56% 21.7M 1s
[6.273s]   8800K .......... .......... .......... .......... .......... 56% 7.49M 1s
[6.273s]   8850K .......... .......... .......... .......... .......... 56%  265M 1s
[6.275s]   8900K .......... .......... .......... .......... .......... 57% 26.8M 1s
[6.280s]   8950K .......... .......... .......... .......... .......... 57% 9.40M 1s
[6.285s]   9000K .......... .......... .......... .......... .......... 57% 11.8M 0s
[6.285s]   9050K .......... .......... .......... .......... .......... 58%  241M 0s
[6.295s]   9100K .......... .......... .......... .......... .......... 58% 8.76M 0s
[6.295s]   9150K .......... .......... .......... .......... .......... 58% 21.2M 0s
[6.300s]   9200K .......... .......... .......... .......... .......... 59% 7.11M 0s
[6.300s]   9250K .......... .......... .......... .......... .......... 59%  220M 0s
[6.303s]   9300K .......... .......... .......... .......... .......... 59% 13.3M 0s
[6.310s]   9350K .......... .......... .......... .......... .......... 60% 13.7M 0s
[6.311s]   9400K .......... .......... .......... .......... .......... 60% 20.6M 0s
[6.311s]   9450K .......... .......... .......... .......... .......... 60% 49.2M 0s
[6.327s]   9500K .......... .......... .......... .......... .......... 61% 5.46M 0s
[6.327s]   9550K .......... .......... .......... .......... .......... 61%  255M 0s
[6.327s]   9600K .......... .......... .......... .......... .......... 61% 12.6M 0s
[6.332s]   9650K .......... .......... .......... .......... .......... 62% 28.4M 0s
[6.333s]   9700K .......... .......... .......... .......... .......... 62% 10.4M 0s
[6.333s]   9750K .......... .......... .......... .......... .......... 62% 14.2M 0s
[6.338s]   9800K .......... .......... .......... .......... .......... 63% 15.6M 0s
[6.338s]   9850K .......... .......... .......... .......... .......... 63%  266M 0s
[6.343s]   9900K .......... .......... .......... .......... .......... 63% 8.30M 0s
[6.344s]   9950K .......... .......... .......... .......... .......... 63% 21.9M 0s
[6.352s]  10000K .......... .......... .......... .......... .......... 64% 10.6M 0s
[6.352s]  10050K .......... .......... .......... .......... .......... 64% 27.8M 0s
[6.357s]  10100K .......... .......... .......... .......... .......... 64% 8.27M 0s
[6.357s]  10150K .......... .......... .......... .......... .......... 65%  207M 0s
[6.368s]  10200K .......... .......... .......... .......... .......... 65% 7.37M 0s
[6.368s]  10250K .......... .......... .......... .......... .......... 65%  197M 0s
[6.368s]  10300K .......... .......... .......... .......... .......... 66% 16.9M 0s
[6.372s]  10350K .......... .......... .......... .......... .......... 66% 16.1M 0s
[6.372s]  10400K .......... .......... .......... .......... .......... 66% 20.5M 0s
[6.381s]  10450K .......... .......... .......... .......... .......... 67% 5.85M 0s
[6.381s]  10500K .......... .......... .......... .......... .......... 67%  138M 0s
[6.389s]  10550K .......... .......... .......... .......... .......... 67% 6.03M 0s
[6.393s]  10600K .......... .......... .......... .......... .......... 68%  205M 0s
[6.395s]  10650K .......... .......... .......... .......... .......... 68% 11.7M 0s
[6.403s]  10700K .......... .......... .......... .......... .......... 68% 6.71M 0s
[6.403s]  10750K .......... .......... .......... .......... .......... 69%  192M 0s
[6.403s]  10800K .......... .......... .......... .......... .......... 69% 23.7M 0s
[6.409s]  10850K .......... .......... .......... .......... .......... 69% 8.03M 0s
[6.411s]  10900K .......... .......... .......... .......... .......... 70% 24.3M 0s
[6.413s]  10950K .......... .......... .......... .......... .......... 70% 26.9M 0s
[6.419s]  11000K .......... .......... .......... .......... .......... 70% 7.78M 0s
[6.423s]  11050K .......... .......... .......... .......... .......... 71% 13.1M 0s
[6.432s]  11100K .......... .......... .......... .......... .......... 71% 5.32M 0s
[6.433s]  11150K .......... .......... .......... .......... .......... 71% 68.6M 0s
[6.440s]  11200K .......... .......... .......... .......... .......... 71% 6.76M 0s
[6.441s]  11250K .......... .......... .......... .......... .......... 72%  191M 0s
[6.442s]  11300K .......... .......... .......... .......... .......... 72% 29.8M 0s
[6.448s]  11350K .......... .......... .......... .......... .......... 72% 11.5M 0s
[6.449s]  11400K .......... .......... .......... .......... .......... 73% 19.2M 0s
[6.452s]  11450K .......... .......... .......... .......... .......... 73% 14.4M 0s
[6.456s]  11500K .......... .......... .......... .......... .......... 73% 11.5M 0s
[6.462s]  11550K .......... .......... .......... .......... .......... 74% 13.2M 0s
[6.462s]  11600K .......... .......... .......... .......... .......... 74%  181M 0s
[6.466s]  11650K .......... .......... .......... .......... .......... 74% 10.1M 0s
[6.466s]  11700K .......... .......... .......... .......... .......... 75%  263M 0s
[6.473s]  11750K .......... .......... .......... .......... .......... 75% 6.62M 0s
[6.481s]  11800K .......... .......... .......... .......... .......... 75% 52.7M 0s
[6.481s]  11850K .......... .......... .......... .......... .......... 76% 13.3M 0s
[6.481s]  11900K .......... .......... .......... .......... .......... 76%  290M 0s
[6.483s]  11950K .......... .......... .......... .......... .......... 76% 7.93M 0s
[6.487s]  12000K .......... .......... .......... .......... .......... 77% 19.2M 0s
[6.497s]  12050K .......... .......... .......... .......... .......... 77% 6.87M 0s
[6.497s]  12100K .......... .......... .......... .......... .......... 77% 96.7M 0s
[6.497s]  12150K .......... .......... .......... .......... .......... 78% 18.2M 0s
[6.499s]  12200K .......... .......... .......... .......... .......... 78% 19.4M 0s
[6.502s]  12250K .......... .......... .......... .......... .......... 78% 15.0M 0s
[6.508s]  12300K .......... .......... .......... .......... .......... 79% 8.80M 0s
[6.510s]  12350K .......... .......... .......... .......... .......... 79% 35.1M 0s
[6.512s]  12400K .......... .......... .......... .......... .......... 79% 16.0M 0s
[6.519s]  12450K .......... .......... .......... .......... .......... 79% 17.5M 0s
[6.523s]  12500K .......... .......... .......... .......... .......... 80% 5.97M 0s
[6.524s]  12550K .......... .......... .......... .......... .......... 80% 45.1M 0s
[6.528s]  12600K .......... .......... .......... .......... .......... 80% 12.3M 0s
[6.529s]  12650K .......... .......... .......... .......... .......... 81%  252M 0s
[6.533s]  12700K .......... .......... .......... .......... .......... 81% 11.1M 0s
[6.535s]  12750K .......... .......... .......... .......... .......... 81% 18.1M 0s
[6.544s]  12800K .......... .......... .......... .......... .......... 82% 8.73M 0s
[6.544s]  12850K .......... .......... .......... .......... .......... 82% 18.3M 0s
[6.548s]  12900K .......... .......... .......... .......... .......... 82% 13.4M 0s
[6.548s]  12950K .......... .......... .......... .......... .......... 83% 43.6M 0s
[6.553s]  13000K .......... .......... .......... .......... .......... 83% 13.1M 0s
[6.560s]  13050K .......... .......... .......... .......... .......... 83% 6.24M 0s
[6.562s]  13100K .......... .......... .......... .......... .......... 84%  216M 0s
[6.567s]  13150K .......... .......... .......... .......... .......... 84% 11.1M 0s
[6.567s]  13200K .......... .......... .......... .......... .......... 84% 32.6M 0s
[6.570s]  13250K .......... .......... .......... .......... .......... 85% 12.3M 0s
[6.579s]  13300K .......... .......... .......... .......... .......... 85% 6.95M 0s
[6.579s]  13350K .......... .......... .......... .......... .......... 85%  225M 0s
[6.579s]  13400K .......... .......... .......... .......... .......... 86% 29.6M 0s
[6.582s]  13450K .......... .......... .......... .......... .......... 86% 20.2M 0s
[6.586s]  13500K .......... .......... .......... .......... .......... 86% 12.0M 0s
[6.593s]  13550K .......... .......... .......... .......... .......... 87% 12.4M 0s
[6.594s]  13600K .......... .......... .......... .......... .......... 87% 11.6M 0s
[6.597s]  13650K .......... .......... .......... .......... .......... 87% 15.5M 0s
[6.598s]  13700K .......... .......... .......... .......... .......... 87% 33.7M 0s
[6.607s]  13750K .......... .......... .......... .......... .......... 88% 9.64M 0s
[6.611s]  13800K .......... .......... .......... .......... .......... 88% 12.3M 0s
[6.611s]  13850K .......... .......... .......... .......... .......... 88%  238M 0s
[6.613s]  13900K .......... .......... .......... .......... .......... 89% 8.89M 0s
[6.618s]  13950K .......... .......... .......... .......... .......... 89% 9.67M 0s
[6.627s]  14000K .......... .......... .......... .......... .......... 89% 5.98M 0s
[6.627s]  14050K .......... .......... .......... .......... .......... 90%  232M 0s
[6.627s]  14100K .......... .......... .......... .......... .......... 90%  271M 0s
[6.634s]  14150K .......... .......... .......... .......... .......... 90% 6.98M 0s
[6.634s]  14200K .......... .......... .......... .......... .......... 91%  222M 0s
[6.642s]  14250K .......... .......... .......... .......... .......... 91% 6.09M 0s
[6.642s]  14300K .......... .......... .......... .......... .......... 91%  172M 0s
[6.650s]  14350K .......... .......... .......... .......... .......... 92% 6.84M 0s
[6.650s]  14400K .......... .......... .......... .......... .......... 92%  225M 0s
[6.650s]  14450K .......... .......... .......... .......... .......... 92%  270M 0s
[6.696s]  14500K .......... .......... .......... .......... .......... 93% 1.10M 0s
[6.697s]  14550K .......... .......... .......... .......... .......... 93%  114M 0s
[6.697s]  14600K .......... .......... .......... .......... .......... 93%  209M 0s
[6.697s]  14650K .......... .......... .......... .......... .......... 94%  253M 0s
[6.697s]  14700K .......... .......... .......... .......... .......... 94%  253M 0s
[6.697s]  14750K .......... .......... .......... .......... .......... 94%  254M 0s
[6.697s]  14800K .......... .......... .......... .......... .......... 95%  241M 0s
[6.697s]  14850K .......... .......... .......... .......... .......... 95%  274M 0s
[6.698s]  14900K .......... .......... .......... .......... .......... 95%  285M 0s
[6.698s]  14950K .......... .......... .......... .......... .......... 95%  288M 0s
[6.698s]  15000K .......... .......... .......... .......... .......... 96%  212M 0s
[6.698s]  15050K .......... .......... .......... .......... .......... 96%  283M 0s
[6.698s]  15100K .......... .......... .......... .......... .......... 96%  261M 0s
[6.700s]  15150K .......... .......... .......... .......... .......... 97% 15.0M 0s
[6.702s]  15200K .......... .......... .......... .......... .......... 97% 19.5M 0s
[6.708s]  15250K .......... .......... .......... .......... .......... 97% 11.2M 0s
[6.708s]  15300K .......... .......... .......... .......... .......... 98% 56.0M 0s
[6.710s]  15350K .......... .......... .......... .......... .......... 98% 17.4M 0s
[6.714s]  15400K .......... .......... .......... .......... .......... 98% 12.1M 0s
[6.721s]  15450K .......... .......... .......... .......... .......... 99% 9.86M 0s
[6.730s]  15500K .......... .......... .......... .......... .......... 99% 12.4M 0s
[6.730s]  15550K .......... .......... .......... .......... .......... 99% 15.7M 0s
[6.730s]  15600K .......... .......... .....                           100%  261M=1.1s
[6.730s] 
[6.730s] 2025-02-27 10:12:16 (13.5 MB/s) - 已保存 ‘/home/mscrobotics2425laptop28/sim_ws/build/multirobot_map_merge/2012-01-28-11-12-01.pgm’ [16000058/16000058])
[6.730s] 
[6.734s] Checking MD5 sum of /home/mscrobotics2425laptop28/sim_ws/build/multirobot_map_merge/2012-01-28-11-12-01.pgm
[6.859s] /home/mscrobotics2425laptop28/sim_ws/build/multirobot_map_merge/2012-01-28-11-12-01.pgm: 成功
[6.869s] -- Found gtest sources under '/opt/ros/humble/src/gtest_vendor': C++ tests using 'Google Test' will be built
[6.912s] -- Added test 'cppcheck' to perform static code analysis on C / C++ code
[6.922s] -- Configured cppcheck include dirs: /home/mscrobotics2425laptop28/sim_ws/ros2_ws/src/m-explore-ros2/map_merge/include;$<BUILD_INTERFACE:/home/mscrobotics2425laptop28/sim_ws/ros2_ws/src/m-explore-ros2/map_merge/include>
[6.922s] -- Configured cppcheck exclude dirs and/or files: 
[6.922s] -- Added test 'flake8' to check Python code syntax and style conventions
[6.926s] -- Added test 'lint_cmake' to check CMake code style
[6.938s] -- Added test 'pep257' to check Python code against some of the docstring style conventions in PEP 257
[6.947s] -- Added test 'uncrustify' to check C / C++ code style
[6.947s] -- Configured uncrustify additional arguments: 
[6.948s] -- Added test 'xmllint' to check XML markup files
[6.968s] -- Configuring done
[7.274s] -- Generating done
[7.342s] -- Build files have been written to: /home/mscrobotics2425laptop28/sim_ws/build/multirobot_map_merge
[7.433s] Invoked command in '/home/mscrobotics2425laptop28/sim_ws/build/multirobot_map_merge' returned '0': CMAKE_PREFIX_PATH=${CMAKE_PREFIX_PATH}:/home/mscrobotics2425laptop28/sim_ws/install/my_leo:/home/mscrobotics2425laptop28/sim_ws/install/leo_t3:/home/mscrobotics2425laptop28/sim_ws/install/autonomous_exploration:/home/mscrobotics2425laptop28/ros2_tutorial_workspace/install/hans_christian_orsted_pkg:/home/mscrobotics2425laptop28/ros2_tutorial_workspace/install/gertrude_elion_description:/home/mscrobotics2425laptop28/ros2_tutorial_workspace/install/example_urdf_robot:/home/mscrobotics2425laptop28/ros2_tutorial_workspace/install/coursework_support:/home/mscrobotics2425laptop28/new/install/gertrude_elion_description:/home/mscrobotics2425laptop28/new/install/coursework_support:/opt/ros/humble /usr/bin/cmake /home/mscrobotics2425laptop28/sim_ws/ros2_ws/src/m-explore-ros2/map_merge -DAMENT_CMAKE_SYMLINK_INSTALL=1 -DCMAKE_INSTALL_PREFIX=/home/mscrobotics2425laptop28/sim_ws/install/multirobot_map_merge
[7.434s] Invoking command in '/home/mscrobotics2425laptop28/sim_ws/build/multirobot_map_merge': CMAKE_PREFIX_PATH=${CMAKE_PREFIX_PATH}:/home/mscrobotics2425laptop28/sim_ws/install/my_leo:/home/mscrobotics2425laptop28/sim_ws/install/leo_t3:/home/mscrobotics2425laptop28/sim_ws/install/autonomous_exploration:/home/mscrobotics2425laptop28/ros2_tutorial_workspace/install/hans_christian_orsted_pkg:/home/mscrobotics2425laptop28/ros2_tutorial_workspace/install/gertrude_elion_description:/home/mscrobotics2425laptop28/ros2_tutorial_workspace/install/example_urdf_robot:/home/mscrobotics2425laptop28/ros2_tutorial_workspace/install/coursework_support:/home/mscrobotics2425laptop28/new/install/gertrude_elion_description:/home/mscrobotics2425laptop28/new/install/coursework_support:/opt/ros/humble /usr/bin/cmake --build /home/mscrobotics2425laptop28/sim_ws/build/multirobot_map_merge -- -j12 -l12
[7.598s] [  8%] [32mBuilding CXX object gtest/CMakeFiles/gtest_main.dir/src/gtest_main.cc.o[0m
[7.613s] [ 16%] [32mBuilding CXX object CMakeFiles/combine_grids.dir/src/combine_grids/grid_compositor.cpp.o[0m
[7.630s] [ 25%] [32mBuilding CXX object CMakeFiles/combine_grids.dir/src/combine_grids/grid_warper.cpp.o[0m
[7.637s] [ 33%] [32mBuilding CXX object CMakeFiles/combine_grids.dir/src/combine_grids/merging_pipeline.cpp.o[0m
[7.644s] [ 41%] [32mBuilding CXX object gtest/CMakeFiles/gtest.dir/src/gtest-all.cc.o[0m
[10.483s] [ 50%] [32m[1mLinking CXX static library libgtest_main.a[0m
[10.592s] [ 50%] Built target gtest_main
[14.439s] [ 58%] [32m[1mLinking CXX static library libgtest.a[0m
[14.534s] [ 58%] Built target gtest
[14.904s] [ 66%] [32m[1mLinking CXX static library libcombine_grids.a[0m
[15.016s] [ 66%] Built target combine_grids
[15.046s] [ 75%] [32mBuilding CXX object CMakeFiles/map_merge.dir/src/map_merge.cpp.o[0m
[15.053s] [ 83%] [32mBuilding CXX object CMakeFiles/test_merging_pipeline.dir/test/test_merging_pipeline.cpp.o[0m
[15.383s] In file included from [01m[K/home/mscrobotics2425laptop28/sim_ws/ros2_ws/src/m-explore-ros2/map_merge/test/testing_helpers.h:7[m[K,
[15.383s]                  from [01m[K/home/mscrobotics2425laptop28/sim_ws/ros2_ws/src/m-explore-ros2/map_merge/test/test_merging_pipeline.cpp:42[m[K:
[15.383s] [01m[K/opt/ros/humble/include/tf2_geometry_msgs/tf2_geometry_msgs/tf2_geometry_msgs.h:35:2:[m[K [01;35m[Kwarning: [m[K#warning This header is obsolete, please include tf2_geometry_msgs/tf2_geometry_msgs.hpp instead [[01;35m[K]8;;https://gcc.gnu.org/onlinedocs/gcc/Warning-Options.html#index-Wcpp-Wcpp]8;;[m[K]
[15.383s]    35 | #[01;35m[Kwarning[m[K This header is obsolete, please include tf2_geometry_msgs/tf2_geometry_msgs.hpp instead
[15.383s]       |  [01;35m[K^~~~~~~[m[K
[15.944s] In file included from [01m[K/home/mscrobotics2425laptop28/sim_ws/ros2_ws/src/m-explore-ros2/map_merge/src/map_merge.cpp:44[m[K:
[15.944s] [01m[K/opt/ros/humble/include/tf2_geometry_msgs/tf2_geometry_msgs/tf2_geometry_msgs.h:35:2:[m[K [01;35m[Kwarning: [m[K#warning This header is obsolete, please include tf2_geometry_msgs/tf2_geometry_msgs.hpp instead [[01;35m[K]8;;https://gcc.gnu.org/onlinedocs/gcc/Warning-Options.html#index-Wcpp-Wcpp]8;;[m[K]
[15.944s]    35 | #[01;35m[Kwarning[m[K This header is obsolete, please include tf2_geometry_msgs/tf2_geometry_msgs.hpp instead
[15.944s]       |  [01;35m[K^~~~~~~[m[K
[20.228s] [ 91%] [32m[1mLinking CXX executable test_merging_pipeline[0m
[20.747s] [ 91%] Built target test_merging_pipeline
[26.398s] [100%] [32m[1mLinking CXX executable map_merge[0m
[27.223s] [100%] Built target map_merge
[27.233s] Invoked command in '/home/mscrobotics2425laptop28/sim_ws/build/multirobot_map_merge' returned '0': CMAKE_PREFIX_PATH=${CMAKE_PREFIX_PATH}:/home/mscrobotics2425laptop28/sim_ws/install/my_leo:/home/mscrobotics2425laptop28/sim_ws/install/leo_t3:/home/mscrobotics2425laptop28/sim_ws/install/autonomous_exploration:/home/mscrobotics2425laptop28/ros2_tutorial_workspace/install/hans_christian_orsted_pkg:/home/mscrobotics2425laptop28/ros2_tutorial_workspace/install/gertrude_elion_description:/home/mscrobotics2425laptop28/ros2_tutorial_workspace/install/example_urdf_robot:/home/mscrobotics2425laptop28/ros2_tutorial_workspace/install/coursework_support:/home/mscrobotics2425laptop28/new/install/gertrude_elion_description:/home/mscrobotics2425laptop28/new/install/coursework_support:/opt/ros/humble /usr/bin/cmake --build /home/mscrobotics2425laptop28/sim_ws/build/multirobot_map_merge -- -j12 -l12
[27.236s] Invoking command in '/home/mscrobotics2425laptop28/sim_ws/build/multirobot_map_merge': CMAKE_PREFIX_PATH=${CMAKE_PREFIX_PATH}:/home/mscrobotics2425laptop28/sim_ws/install/my_leo:/home/mscrobotics2425laptop28/sim_ws/install/leo_t3:/home/mscrobotics2425laptop28/sim_ws/install/autonomous_exploration:/home/mscrobotics2425laptop28/ros2_tutorial_workspace/install/hans_christian_orsted_pkg:/home/mscrobotics2425laptop28/ros2_tutorial_workspace/install/gertrude_elion_description:/home/mscrobotics2425laptop28/ros2_tutorial_workspace/install/example_urdf_robot:/home/mscrobotics2425laptop28/ros2_tutorial_workspace/install/coursework_support:/home/mscrobotics2425laptop28/new/install/gertrude_elion_description:/home/mscrobotics2425laptop28/new/install/coursework_support:/opt/ros/humble /usr/bin/cmake --install /home/mscrobotics2425laptop28/sim_ws/build/multirobot_map_merge
[27.242s] -- Install configuration: ""
[27.242s] -- Execute custom install script
[27.243s] -- Symlinking: /home/mscrobotics2425laptop28/sim_ws/install/multirobot_map_merge/include/map_merge//map_merge.h
[27.254s] -- Symlinking: /home/mscrobotics2425laptop28/sim_ws/install/multirobot_map_merge/include/map_merge//ros1_names.hpp
[27.268s] -- Symlinking: /home/mscrobotics2425laptop28/sim_ws/install/multirobot_map_merge/share/multirobot_map_merge/launch/from_map_server.launch.py
[27.284s] -- Symlinking: /home/mscrobotics2425laptop28/sim_ws/install/multirobot_map_merge/share/multirobot_map_merge/launch/map_merge.launch.py
[27.294s] -- Symlinking: /home/mscrobotics2425laptop28/sim_ws/install/multirobot_map_merge/share/multirobot_map_merge/launch/map_merge.rviz
[27.303s] -- Symlinking: /home/mscrobotics2425laptop28/sim_ws/install/multirobot_map_merge/share/multirobot_map_merge/launch/tb3_simulation/bringup_launch.py
[27.316s] -- Symlinking: /home/mscrobotics2425laptop28/sim_ws/install/multirobot_map_merge/share/multirobot_map_merge/launch/tb3_simulation/config/nav2_multirobot_params_1.yaml
[27.329s] -- Symlinking: /home/mscrobotics2425laptop28/sim_ws/install/multirobot_map_merge/share/multirobot_map_merge/launch/tb3_simulation/config/nav2_multirobot_params_2.yaml
[27.341s] -- Symlinking: /home/mscrobotics2425laptop28/sim_ws/install/multirobot_map_merge/share/multirobot_map_merge/launch/tb3_simulation/multi_tb3_simulation_launch.py
[27.350s] -- Symlinking: /home/mscrobotics2425laptop28/sim_ws/install/multirobot_map_merge/share/multirobot_map_merge/launch/tb3_simulation/slam_toolbox.py
[27.356s] -- Symlinking: /home/mscrobotics2425laptop28/sim_ws/install/multirobot_map_merge/share/multirobot_map_merge/launch/tb3_simulation/tb3_simulation_launch.py
[27.368s] -- Symlinking: /home/mscrobotics2425laptop28/sim_ws/install/multirobot_map_merge/share/multirobot_map_merge/launch/tb3_simulation/worlds/world_only.model
[27.382s] -- Symlinking: /home/mscrobotics2425laptop28/sim_ws/install/multirobot_map_merge/share/multirobot_map_merge/config/params.yaml
[27.395s] -- Symlinking: /home/mscrobotics2425laptop28/sim_ws/install/multirobot_map_merge/lib/multirobot_map_merge/map_merge
[27.402s] -- Symlinking: /home/mscrobotics2425laptop28/sim_ws/install/multirobot_map_merge/share/multirobot_map_merge/environment/library_path.sh
[27.416s] -- Symlinking: /home/mscrobotics2425laptop28/sim_ws/install/multirobot_map_merge/share/multirobot_map_merge/environment/library_path.dsv
[27.426s] -- Symlinking: /home/mscrobotics2425laptop28/sim_ws/install/multirobot_map_merge/share/ament_index/resource_index/package_run_dependencies/multirobot_map_merge
[27.434s] -- Symlinking: /home/mscrobotics2425laptop28/sim_ws/install/multirobot_map_merge/share/ament_index/resource_index/parent_prefix_path/multirobot_map_merge
[27.440s] -- Symlinking: /home/mscrobotics2425laptop28/sim_ws/install/multirobot_map_merge/share/multirobot_map_merge/environment/ament_prefix_path.sh
[27.448s] -- Symlinking: /home/mscrobotics2425laptop28/sim_ws/install/multirobot_map_merge/share/multirobot_map_merge/environment/ament_prefix_path.dsv
[27.460s] -- Symlinking: /home/mscrobotics2425laptop28/sim_ws/install/multirobot_map_merge/share/multirobot_map_merge/environment/path.sh
[27.474s] -- Symlinking: /home/mscrobotics2425laptop28/sim_ws/install/multirobot_map_merge/share/multirobot_map_merge/environment/path.dsv
[27.484s] -- Symlinking: /home/mscrobotics2425laptop28/sim_ws/install/multirobot_map_merge/share/multirobot_map_merge/local_setup.bash
[27.491s] -- Symlinking: /home/mscrobotics2425laptop28/sim_ws/install/multirobot_map_merge/share/multirobot_map_merge/local_setup.sh
[27.499s] -- Symlinking: /home/mscrobotics2425laptop28/sim_ws/install/multirobot_map_merge/share/multirobot_map_merge/local_setup.zsh
[27.506s] -- Symlinking: /home/mscrobotics2425laptop28/sim_ws/install/multirobot_map_merge/share/multirobot_map_merge/local_setup.dsv
[27.520s] -- Symlinking: /home/mscrobotics2425laptop28/sim_ws/install/multirobot_map_merge/share/multirobot_map_merge/package.dsv
[27.534s] -- Symlinking: /home/mscrobotics2425laptop28/sim_ws/install/multirobot_map_merge/share/ament_index/resource_index/packages/multirobot_map_merge
[27.545s] -- Symlinking: /home/mscrobotics2425laptop28/sim_ws/install/multirobot_map_merge/share/multirobot_map_merge/cmake/ament_cmake_export_include_directories-extras.cmake
[27.552s] -- Symlinking: /home/mscrobotics2425laptop28/sim_ws/install/multirobot_map_merge/share/multirobot_map_merge/cmake/ament_cmake_export_libraries-extras.cmake
[27.563s] -- Symlinking: /home/mscrobotics2425laptop28/sim_ws/install/multirobot_map_merge/share/multirobot_map_merge/cmake/multirobot_map_mergeConfig.cmake
[27.569s] -- Symlinking: /home/mscrobotics2425laptop28/sim_ws/install/multirobot_map_merge/share/multirobot_map_merge/cmake/multirobot_map_mergeConfig-version.cmake
[27.575s] -- Symlinking: /home/mscrobotics2425laptop28/sim_ws/install/multirobot_map_merge/share/multirobot_map_merge/package.xml
[27.582s] -- Installing: /home/mscrobotics2425laptop28/sim_ws/install/multirobot_map_merge/lib/libcombine_grids.a
[27.587s] Invoked command in '/home/mscrobotics2425laptop28/sim_ws/build/multirobot_map_merge' returned '0': CMAKE_PREFIX_PATH=${CMAKE_PREFIX_PATH}:/home/mscrobotics2425laptop28/sim_ws/install/my_leo:/home/mscrobotics2425laptop28/sim_ws/install/leo_t3:/home/mscrobotics2425laptop28/sim_ws/install/autonomous_exploration:/home/mscrobotics2425laptop28/ros2_tutorial_workspace/install/hans_christian_orsted_pkg:/home/mscrobotics2425laptop28/ros2_tutorial_workspace/install/gertrude_elion_description:/home/mscrobotics2425laptop28/ros2_tutorial_workspace/install/example_urdf_robot:/home/mscrobotics2425laptop28/ros2_tutorial_workspace/install/coursework_support:/home/mscrobotics2425laptop28/new/install/gertrude_elion_description:/home/mscrobotics2425laptop28/new/install/coursework_support:/opt/ros/humble /usr/bin/cmake --install /home/mscrobotics2425laptop28/sim_ws/build/multirobot_map_merge
