[100%] Built target interbotix_gravity_compensation
-- Install configuration: ""
-- Up-to-date: /home/mscrobotics2425laptop11/interbotix_ws/install/interbotix_gravity_compensation/lib/interbotix_gravity_compensation/interbotix_gravity_compensation
-- Up-to-date: /home/mscrobotics2425laptop11/interbotix_ws/install/interbotix_gravity_compensation/share/interbotix_gravity_compensation/config
-- Up-to-date: /home/mscrobotics2425laptop11/interbotix_ws/install/interbotix_gravity_compensation/share/interbotix_gravity_compensation/config/motor_specs_example.yaml
-- Up-to-date: /home/mscrobotics2425laptop11/interbotix_ws/install/interbotix_gravity_compensation/share/ament_index/resource_index/package_run_dependencies/interbotix_gravity_compensation
-- Up-to-date: /home/mscrobotics2425laptop11/interbotix_ws/install/interbotix_gravity_compensation/share/ament_index/resource_index/parent_prefix_path/interbotix_gravity_compensation
-- Up-to-date: /home/mscrobotics2425laptop11/interbotix_ws/install/interbotix_gravity_compensation/share/interbotix_gravity_compensation/environment/ament_prefix_path.sh
-- Up-to-date: /home/mscrobotics2425laptop11/interbotix_ws/install/interbotix_gravity_compensation/share/interbotix_gravity_compensation/environment/ament_prefix_path.dsv
-- Up-to-date: /home/mscrobotics2425laptop11/interbotix_ws/install/interbotix_gravity_compensation/share/interbotix_gravity_compensation/environment/path.sh
-- Up-to-date: /home/mscrobotics2425laptop11/interbotix_ws/install/interbotix_gravity_compensation/share/interbotix_gravity_compensation/environment/path.dsv
-- Up-to-date: /home/mscrobotics2425laptop11/interbotix_ws/install/interbotix_gravity_compensation/share/interbotix_gravity_compensation/local_setup.bash
-- Up-to-date: /home/mscrobotics2425laptop11/interbotix_ws/install/interbotix_gravity_compensation/share/interbotix_gravity_compensation/local_setup.sh
-- Up-to-date: /home/mscrobotics2425laptop11/interbotix_ws/install/interbotix_gravity_compensation/share/interbotix_gravity_compensation/local_setup.zsh
-- Up-to-date: /home/mscrobotics2425laptop11/interbotix_ws/install/interbotix_gravity_compensation/share/interbotix_gravity_compensation/local_setup.dsv
-- Installing: /home/mscrobotics2425laptop11/interbotix_ws/install/interbotix_gravity_compensation/share/interbotix_gravity_compensation/package.dsv
-- Up-to-date: /home/mscrobotics2425laptop11/interbotix_ws/install/interbotix_gravity_compensation/share/ament_index/resource_index/packages/interbotix_gravity_compensation
-- Up-to-date: /home/mscrobotics2425laptop11/interbotix_ws/install/interbotix_gravity_compensation/share/interbotix_gravity_compensation/cmake/interbotix_gravity_compensationConfig.cmake
-- Up-to-date: /home/mscrobotics2425laptop11/interbotix_ws/install/interbotix_gravity_compensation/share/interbotix_gravity_compensation/cmake/interbotix_gravity_compensationConfig-version.cmake
-- Up-to-date: /home/mscrobotics2425laptop11/interbotix_ws/install/interbotix_gravity_compensation/share/interbotix_gravity_compensation/package.xml
