[  1%] Built target leo_msgs__cpp
[ 12%] Built target leo_msgs__rosidl_generator_c
[ 12%] Built target ament_cmake_python_copy_leo_msgs
[ 23%] Built target leo_msgs__rosidl_typesupport_introspection_cpp
[ 34%] Built target leo_msgs__rosidl_typesupport_fastrtps_cpp
[ 46%] Built target leo_msgs__rosidl_typesupport_cpp
[ 63%] Built target leo_msgs__rosidl_typesupport_c
[ 68%] Built target leo_msgs__rosidl_typesupport_introspection_c
[ 79%] Built target leo_msgs__rosidl_typesupport_fastrtps_c
[ 79%] Built target leo_msgs
[ 80%] Built target leo_msgs__py
[ 90%] Built target leo_msgs__rosidl_generator_py
[ 93%] Built target leo_msgs__rosidl_typesupport_c__pyext
[ 96%] Built target leo_msgs__rosidl_typesupport_introspection_c__pyext
[100%] Built target leo_msgs__rosidl_typesupport_fastrtps_c__pyext
running egg_info
writing leo_msgs.egg-info/PKG-INFO
writing dependency_links to leo_msgs.egg-info/dependency_links.txt
writing top-level names to leo_msgs.egg-info/top_level.txt
reading manifest file 'leo_msgs.egg-info/SOURCES.txt'
writing manifest file 'leo_msgs.egg-info/SOURCES.txt'
[100%] Built target ament_cmake_python_build_leo_msgs_egg
