[0.584s] Invoking command in '/home/mscrobotics2425laptop11/interbotix_ws/build/interbotix_common_sim': CMAKE_PREFIX_PATH=/opt/ros/humble /usr/bin/cmake --build /home/mscrobotics2425laptop11/interbotix_ws/build/interbotix_common_sim -- -j12 -l12
[0.667s] Invoked command in '/home/mscrobotics2425laptop11/interbotix_ws/build/interbotix_common_sim' returned '0': CMAKE_PREFIX_PATH=/opt/ros/humble /usr/bin/cmake --build /home/mscrobotics2425laptop11/interbotix_ws/build/interbotix_common_sim -- -j12 -l12
[0.669s] Invoking command in '/home/mscrobotics2425laptop11/interbotix_ws/build/interbotix_common_sim': CMAKE_PREFIX_PATH=/opt/ros/humble /usr/bin/cmake --install /home/mscrobotics2425laptop11/interbotix_ws/build/interbotix_common_sim
[0.807s] -- Install configuration: ""
[0.808s] -- Up-to-date: /home/mscrobotics2425laptop11/interbotix_ws/install/interbotix_common_sim/share/interbotix_common_sim/models
[0.812s] -- Up-to-date: /home/mscrobotics2425laptop11/interbotix_ws/install/interbotix_common_sim/share/interbotix_common_sim/models/TrossenRoboticsOfficeBuilding
[0.812s] -- Up-to-date: /home/mscrobotics2425laptop11/interbotix_ws/install/interbotix_common_sim/share/interbotix_common_sim/models/TrossenRoboticsOfficeBuilding/model.config
[0.812s] -- Up-to-date: /home/mscrobotics2425laptop11/interbotix_ws/install/interbotix_common_sim/share/interbotix_common_sim/models/TrossenRoboticsOfficeBuilding/TrossenRoboticsOfficeBuilding.sdf
[0.813s] -- Up-to-date: /home/mscrobotics2425laptop11/interbotix_ws/install/interbotix_common_sim/share/interbotix_common_sim/models/VisionKit
[0.813s] -- Up-to-date: /home/mscrobotics2425laptop11/interbotix_ws/install/interbotix_common_sim/share/interbotix_common_sim/models/VisionKit/model.config
[0.813s] -- Up-to-date: /home/mscrobotics2425laptop11/interbotix_ws/install/interbotix_common_sim/share/interbotix_common_sim/models/VisionKit/VisionKit.sdf
[0.813s] -- Up-to-date: /home/mscrobotics2425laptop11/interbotix_ws/install/interbotix_common_sim/share/interbotix_common_sim/models/VisionKit/stand.stl
[0.813s] -- Up-to-date: /home/mscrobotics2425laptop11/interbotix_ws/install/interbotix_common_sim/share/interbotix_common_sim/models/RealSenseD415
[0.814s] -- Up-to-date: /home/mscrobotics2425laptop11/interbotix_ws/install/interbotix_common_sim/share/interbotix_common_sim/models/RealSenseD415/RealSenseD415.sdf
[0.814s] -- Up-to-date: /home/mscrobotics2425laptop11/interbotix_ws/install/interbotix_common_sim/share/interbotix_common_sim/models/RealSenseD415/model.config
[0.814s] -- Up-to-date: /home/mscrobotics2425laptop11/interbotix_ws/install/interbotix_common_sim/share/interbotix_common_sim/models/RealSenseD415/camera.stl
[0.814s] -- Up-to-date: /home/mscrobotics2425laptop11/interbotix_ws/install/interbotix_common_sim/share/interbotix_common_sim/worlds
[0.814s] -- Up-to-date: /home/mscrobotics2425laptop11/interbotix_ws/install/interbotix_common_sim/share/interbotix_common_sim/worlds/interbotix.world
[0.815s] -- Up-to-date: /home/mscrobotics2425laptop11/interbotix_ws/install/interbotix_common_sim/share/interbotix_common_sim/worlds/vision_kit.world
[0.815s] -- Up-to-date: /home/mscrobotics2425laptop11/interbotix_ws/install/interbotix_common_sim/share/interbotix_common_sim/media
[0.815s] -- Up-to-date: /home/mscrobotics2425laptop11/interbotix_ws/install/interbotix_common_sim/share/interbotix_common_sim/media/interbotix_black.png
[0.815s] -- Up-to-date: /home/mscrobotics2425laptop11/interbotix_ws/install/interbotix_common_sim/share/interbotix_common_sim/media/materials
[0.815s] -- Up-to-date: /home/mscrobotics2425laptop11/interbotix_ws/install/interbotix_common_sim/share/interbotix_common_sim/media/materials/textures
[0.816s] -- Up-to-date: /home/mscrobotics2425laptop11/interbotix_ws/install/interbotix_common_sim/share/interbotix_common_sim/media/materials/textures/interbotix_black.png
[0.826s] -- Up-to-date: /home/mscrobotics2425laptop11/interbotix_ws/install/interbotix_common_sim/share/interbotix_common_sim/media/materials/scripts
[0.826s] -- Up-to-date: /home/mscrobotics2425laptop11/interbotix_ws/install/interbotix_common_sim/share/interbotix_common_sim/media/materials/scripts/interbotix_black.material
[0.826s] -- Up-to-date: /home/mscrobotics2425laptop11/interbotix_ws/install/interbotix_common_sim/share/interbotix_common_sim/media/materials/scripts/interbotix_texture.gazebo
[0.827s] -- Up-to-date: /home/mscrobotics2425laptop11/interbotix_ws/install/interbotix_common_sim/share/ament_index/resource_index/package_run_dependencies/interbotix_common_sim
[0.827s] -- Up-to-date: /home/mscrobotics2425laptop11/interbotix_ws/install/interbotix_common_sim/share/ament_index/resource_index/parent_prefix_path/interbotix_common_sim
[0.827s] -- Up-to-date: /home/mscrobotics2425laptop11/interbotix_ws/install/interbotix_common_sim/share/interbotix_common_sim/environment/ament_prefix_path.sh
[0.827s] -- Up-to-date: /home/mscrobotics2425laptop11/interbotix_ws/install/interbotix_common_sim/share/interbotix_common_sim/environment/ament_prefix_path.dsv
[0.827s] -- Up-to-date: /home/mscrobotics2425laptop11/interbotix_ws/install/interbotix_common_sim/share/interbotix_common_sim/environment/path.sh
[0.828s] -- Up-to-date: /home/mscrobotics2425laptop11/interbotix_ws/install/interbotix_common_sim/share/interbotix_common_sim/environment/path.dsv
[0.828s] -- Up-to-date: /home/mscrobotics2425laptop11/interbotix_ws/install/interbotix_common_sim/share/interbotix_common_sim/local_setup.bash
[0.828s] -- Up-to-date: /home/mscrobotics2425laptop11/interbotix_ws/install/interbotix_common_sim/share/interbotix_common_sim/local_setup.sh
[0.828s] -- Up-to-date: /home/mscrobotics2425laptop11/interbotix_ws/install/interbotix_common_sim/share/interbotix_common_sim/local_setup.zsh
[0.828s] -- Up-to-date: /home/mscrobotics2425laptop11/interbotix_ws/install/interbotix_common_sim/share/interbotix_common_sim/local_setup.dsv
[0.829s] -- Up-to-date: /home/mscrobotics2425laptop11/interbotix_ws/install/interbotix_common_sim/share/interbotix_common_sim/package.dsv
[0.829s] -- Up-to-date: /home/mscrobotics2425laptop11/interbotix_ws/install/interbotix_common_sim/share/ament_index/resource_index/packages/interbotix_common_sim
[0.835s] -- Up-to-date: /home/mscrobotics2425laptop11/interbotix_ws/install/interbotix_common_sim/share/interbotix_common_sim/cmake/interbotix_common_simConfig.cmake
[0.836s] -- Up-to-date: /home/mscrobotics2425laptop11/interbotix_ws/install/interbotix_common_sim/share/interbotix_common_sim/cmake/interbotix_common_simConfig-version.cmake
[0.836s] -- Up-to-date: /home/mscrobotics2425laptop11/interbotix_ws/install/interbotix_common_sim/share/interbotix_common_sim/package.xml
[0.951s] Invoked command in '/home/mscrobotics2425laptop11/interbotix_ws/build/interbotix_common_sim' returned '0': CMAKE_PREFIX_PATH=/opt/ros/humble /usr/bin/cmake --install /home/mscrobotics2425laptop11/interbotix_ws/build/interbotix_common_sim
