-- The C compiler identification is GNU 11.4.0
-- The CXX compiler identification is GNU 11.4.0
-- Detecting C compiler ABI info
-- Detecting C compiler ABI info - done
-- Check for working C compiler: /usr/bin/cc - skipped
-- Detecting C compile features
-- Detecting C compile features - done
-- Detecting CXX compiler ABI info
-- Detecting CXX compiler ABI info - done
-- Check for working CXX compiler: /usr/bin/c++ - skipped
-- Detecting CXX compile features
-- Detecting CXX compile features - done
-- Found ament_cmake: 1.3.11 (/opt/ros/humble/share/ament_cmake/cmake)
-- Found Python3: /usr/bin/python3 (found version "3.10.12") found components: Interpreter 
-- Found ament_lint_auto: 0.12.11 (/opt/ros/humble/share/ament_lint_auto/cmake)
-- Added test 'copyright' to check source files copyright and LICENSE
-- Added test 'lint_cmake' to check CMake code style
-- Added test 'xmllint' to check XML markup files
-- Configuring done
-- Generating done
-- Build files have been written to: /home/mscrobotics2425laptop11/interbotix_ws/build/interbotix_ros_xseries
-- Install configuration: ""
-- Installing: /home/mscrobotics2425laptop11/interbotix_ws/install/interbotix_ros_xseries/share/ament_index/resource_index/package_run_dependencies/interbotix_ros_xseries
-- Installing: /home/mscrobotics2425laptop11/interbotix_ws/install/interbotix_ros_xseries/share/ament_index/resource_index/parent_prefix_path/interbotix_ros_xseries
-- Installing: /home/mscrobotics2425laptop11/interbotix_ws/install/interbotix_ros_xseries/share/interbotix_ros_xseries/environment/ament_prefix_path.sh
-- Installing: /home/mscrobotics2425laptop11/interbotix_ws/install/interbotix_ros_xseries/share/interbotix_ros_xseries/environment/ament_prefix_path.dsv
-- Installing: /home/mscrobotics2425laptop11/interbotix_ws/install/interbotix_ros_xseries/share/interbotix_ros_xseries/environment/path.sh
-- Installing: /home/mscrobotics2425laptop11/interbotix_ws/install/interbotix_ros_xseries/share/interbotix_ros_xseries/environment/path.dsv
-- Installing: /home/mscrobotics2425laptop11/interbotix_ws/install/interbotix_ros_xseries/share/interbotix_ros_xseries/local_setup.bash
-- Installing: /home/mscrobotics2425laptop11/interbotix_ws/install/interbotix_ros_xseries/share/interbotix_ros_xseries/local_setup.sh
-- Installing: /home/mscrobotics2425laptop11/interbotix_ws/install/interbotix_ros_xseries/share/interbotix_ros_xseries/local_setup.zsh
-- Installing: /home/mscrobotics2425laptop11/interbotix_ws/install/interbotix_ros_xseries/share/interbotix_ros_xseries/local_setup.dsv
-- Installing: /home/mscrobotics2425laptop11/interbotix_ws/install/interbotix_ros_xseries/share/interbotix_ros_xseries/package.dsv
-- Installing: /home/mscrobotics2425laptop11/interbotix_ws/install/interbotix_ros_xseries/share/ament_index/resource_index/packages/interbotix_ros_xseries
-- Installing: /home/mscrobotics2425laptop11/interbotix_ws/install/interbotix_ros_xseries/share/interbotix_ros_xseries/cmake/interbotix_ros_xseriesConfig.cmake
-- Installing: /home/mscrobotics2425laptop11/interbotix_ws/install/interbotix_ros_xseries/share/interbotix_ros_xseries/cmake/interbotix_ros_xseriesConfig-version.cmake
-- Installing: /home/mscrobotics2425laptop11/interbotix_ws/install/interbotix_ros_xseries/share/interbotix_ros_xseries/package.xml
