[0.148s] DEBUG:colcon:Command line arguments: ['/usr/bin/colcon', 'build']
[0.148s] DEBUG:colcon:Parsed command line arguments: Namespace(log_base=None, log_level=None, verb_name='build', build_base='build', install_base='install', merge_install=False, symlink_install=False, test_result_base=None, continue_on_error=False, executor='parallel', parallel_workers=12, event_handlers=None, ignore_user_meta=False, metas=['./colcon.meta'], base_paths=['.'], packages_ignore=None, packages_ignore_regex=None, paths=None, packages_up_to=None, packages_up_to_regex=None, packages_above=None, packages_above_and_dependencies=None, packages_above_depth=None, packages_select_by_dep=None, packages_skip_by_dep=None, packages_skip_up_to=None, packages_select_build_failed=False, packages_skip_build_finished=False, packages_select_test_failures=False, packages_skip_test_passed=False, packages_select=None, packages_skip=None, packages_select_regex=None, packages_skip_regex=None, packages_start=None, packages_end=None, allow_overriding=[], cmake_args=None, cmake_target=None, cmake_target_skip_unavailable=False, cmake_clean_cache=False, cmake_clean_first=False, cmake_force_configure=False, ament_cmake_args=None, catkin_cmake_args=None, catkin_skip_building_tests=False, mixin_files=None, mixin=None, verb_parser=<colcon_mixin.mixin.mixin_argument.MixinArgumentDecorator object at 0x7a9139631f30>, verb_extension=<colcon_core.verb.build.BuildVerb object at 0x7a913979a5c0>, main=<bound method BuildVerb.main of <colcon_core.verb.build.BuildVerb object at 0x7a913979a5c0>>, mixin_verb=('build',))
[0.354s] Level 1:colcon.colcon_core.package_discovery:discover_packages(colcon_meta) check parameters
[0.354s] Level 1:colcon.colcon_core.package_discovery:discover_packages(recursive) check parameters
[0.354s] Level 1:colcon.colcon_core.package_discovery:discover_packages(ignore) check parameters
[0.354s] Level 1:colcon.colcon_core.package_discovery:discover_packages(path) check parameters
[0.354s] Level 1:colcon.colcon_core.package_discovery:discover_packages(colcon_meta) discover
[0.354s] Level 1:colcon.colcon_core.package_discovery:discover_packages(recursive) discover
[0.354s] INFO:colcon.colcon_core.package_discovery:Crawling recursively for packages in '/home/mscrobotics2425laptop5/bin_detector'
[0.354s] Level 1:colcon.colcon_core.package_identification:_identify(.) by extensions ['ignore', 'ignore_ament_install']
[0.354s] Level 1:colcon.colcon_core.package_identification:_identify(.) by extension 'ignore'
[0.354s] Level 1:colcon.colcon_core.package_identification:_identify(.) by extension 'ignore_ament_install'
[0.354s] Level 1:colcon.colcon_core.package_identification:_identify(.) by extensions ['colcon_pkg']
[0.354s] Level 1:colcon.colcon_core.package_identification:_identify(.) by extension 'colcon_pkg'
[0.354s] Level 1:colcon.colcon_core.package_identification:_identify(.) by extensions ['colcon_meta']
[0.354s] Level 1:colcon.colcon_core.package_identification:_identify(.) by extension 'colcon_meta'
[0.354s] Level 1:colcon.colcon_core.package_identification:_identify(.) by extensions ['ros']
[0.355s] Level 1:colcon.colcon_core.package_identification:_identify(.) by extension 'ros'
[0.373s] DEBUG:colcon.colcon_core.package_identification:Package '.' with type 'ros.ament_python' and name 'bin_detector'
[0.373s] Level 1:colcon.colcon_core.package_discovery:discover_packages(recursive) using defaults
[0.374s] Level 1:colcon.colcon_core.package_discovery:discover_packages(ignore) discover
[0.374s] Level 1:colcon.colcon_core.package_discovery:discover_packages(ignore) using defaults
[0.374s] Level 1:colcon.colcon_core.package_discovery:discover_packages(path) discover
[0.374s] Level 1:colcon.colcon_core.package_discovery:discover_packages(path) using defaults
[0.463s] Level 1:colcon.colcon_core.package_discovery:discover_packages(prefix_path) check parameters
[0.464s] Level 1:colcon.colcon_core.package_discovery:discover_packages(prefix_path) discover
[0.472s] DEBUG:colcon.colcon_installed_package_information.package_discovery:Found 1 installed packages in /home/mscrobotics2425laptop5/bin_detector/install
[0.474s] DEBUG:colcon.colcon_installed_package_information.package_discovery:Found 1 installed packages in /home/mscrobotics2425laptop5/ros2_Leo/src/ros2_realsense/install
[0.474s] DEBUG:colcon.colcon_installed_package_information.package_discovery:Found 4 installed packages in /home/mscrobotics2425laptop5/ros2_Leo/install
[0.477s] DEBUG:colcon.colcon_installed_package_information.package_discovery:Found 21 installed packages in /home/mscrobotics2425laptop5/ros2_tutorial_workspace/install
[0.480s] DEBUG:colcon.colcon_installed_package_information.package_discovery:Found 345 installed packages in /opt/ros/humble
[0.485s] Level 1:colcon.colcon_core.package_discovery:discover_packages(prefix_path) using defaults
[0.570s] Level 5:colcon.colcon_core.verb:set package 'bin_detector' build argument 'cmake_args' from command line to 'None'
[0.570s] Level 5:colcon.colcon_core.verb:set package 'bin_detector' build argument 'cmake_target' from command line to 'None'
[0.570s] Level 5:colcon.colcon_core.verb:set package 'bin_detector' build argument 'cmake_target_skip_unavailable' from command line to 'False'
[0.570s] Level 5:colcon.colcon_core.verb:set package 'bin_detector' build argument 'cmake_clean_cache' from command line to 'False'
[0.570s] Level 5:colcon.colcon_core.verb:set package 'bin_detector' build argument 'cmake_clean_first' from command line to 'False'
[0.570s] Level 5:colcon.colcon_core.verb:set package 'bin_detector' build argument 'cmake_force_configure' from command line to 'False'
[0.570s] Level 5:colcon.colcon_core.verb:set package 'bin_detector' build argument 'ament_cmake_args' from command line to 'None'
[0.571s] Level 5:colcon.colcon_core.verb:set package 'bin_detector' build argument 'catkin_cmake_args' from command line to 'None'
[0.571s] Level 5:colcon.colcon_core.verb:set package 'bin_detector' build argument 'catkin_skip_building_tests' from command line to 'False'
[0.571s] DEBUG:colcon.colcon_core.verb:Building package 'bin_detector' with the following arguments: {'ament_cmake_args': None, 'build_base': '/home/mscrobotics2425laptop5/bin_detector/build/bin_detector', 'catkin_cmake_args': None, 'catkin_skip_building_tests': False, 'cmake_args': None, 'cmake_clean_cache': False, 'cmake_clean_first': False, 'cmake_force_configure': False, 'cmake_target': None, 'cmake_target_skip_unavailable': False, 'install_base': '/home/mscrobotics2425laptop5/bin_detector/install/bin_detector', 'merge_install': False, 'path': '/home/mscrobotics2425laptop5/bin_detector', 'symlink_install': False, 'test_result_base': None}
[0.571s] INFO:colcon.colcon_core.executor:Executing jobs using 'parallel' executor
[0.573s] DEBUG:colcon.colcon_parallel_executor.executor.parallel:run_until_complete
[0.574s] INFO:colcon.colcon_ros.task.ament_python.build:Building ROS package in '/home/mscrobotics2425laptop5/bin_detector' with build type 'ament_python'
[0.574s] Level 1:colcon.colcon_core.shell:create_environment_hook('bin_detector', 'ament_prefix_path')
[0.577s] INFO:colcon.colcon_core.plugin_system:Skipping extension 'colcon_core.shell.bat': Not used on non-Windows systems
[0.578s] INFO:colcon.colcon_core.shell:Creating environment hook '/home/mscrobotics2425laptop5/bin_detector/install/bin_detector/share/bin_detector/hook/ament_prefix_path.ps1'
[0.579s] INFO:colcon.colcon_core.shell:Creating environment descriptor '/home/mscrobotics2425laptop5/bin_detector/install/bin_detector/share/bin_detector/hook/ament_prefix_path.dsv'
[0.580s] INFO:colcon.colcon_core.shell:Creating environment hook '/home/mscrobotics2425laptop5/bin_detector/install/bin_detector/share/bin_detector/hook/ament_prefix_path.sh'
[0.583s] INFO:colcon.colcon_core.shell:Skip shell extension 'powershell' for command environment: Not usable outside of PowerShell
[0.583s] DEBUG:colcon.colcon_core.shell:Skip shell extension 'dsv' for command environment
[0.972s] INFO:colcon.colcon_core.task.python.build:Building Python package in '/home/mscrobotics2425laptop5/bin_detector'
[0.972s] INFO:colcon.colcon_core.shell:Skip shell extension 'powershell' for command environment: Not usable outside of PowerShell
[0.972s] DEBUG:colcon.colcon_core.shell:Skip shell extension 'dsv' for command environment
[1.514s] DEBUG:colcon.colcon_core.event_handler.log_command:Invoking command in '/home/mscrobotics2425laptop5/bin_detector': PYTHONPATH=/home/mscrobotics2425laptop5/bin_detector/build/bin_detector/prefix_override:/usr/lib/python3/dist-packages/colcon_core/task/python/colcon_distutils_commands:/home/mscrobotics2425laptop5/bin_detector/install/bin_detector/lib/python3.10/site-packages:${PYTHONPATH} /usr/bin/python3 -W ignore:setup.py install is deprecated setup.py egg_info --egg-base build/bin_detector build --build-base /home/mscrobotics2425laptop5/bin_detector/build/bin_detector/build install --record /home/mscrobotics2425laptop5/bin_detector/build/bin_detector/install.log --single-version-externally-managed install_data
[2.005s] DEBUG:colcon.colcon_core.event_handler.log_command:Invoked command in '/home/mscrobotics2425laptop5/bin_detector' returned '0': PYTHONPATH=/home/mscrobotics2425laptop5/bin_detector/build/bin_detector/prefix_override:/usr/lib/python3/dist-packages/colcon_core/task/python/colcon_distutils_commands:/home/mscrobotics2425laptop5/bin_detector/install/bin_detector/lib/python3.10/site-packages:${PYTHONPATH} /usr/bin/python3 -W ignore:setup.py install is deprecated setup.py egg_info --egg-base build/bin_detector build --build-base /home/mscrobotics2425laptop5/bin_detector/build/bin_detector/build install --record /home/mscrobotics2425laptop5/bin_detector/build/bin_detector/install.log --single-version-externally-managed install_data
[2.013s] Level 1:colcon.colcon_core.environment:checking '/home/mscrobotics2425laptop5/bin_detector/install/bin_detector' for CMake module files
[2.014s] Level 1:colcon.colcon_core.environment:checking '/home/mscrobotics2425laptop5/bin_detector/install/bin_detector' for CMake config files
[2.015s] Level 1:colcon.colcon_core.environment:checking '/home/mscrobotics2425laptop5/bin_detector/install/bin_detector/lib'
[2.016s] Level 1:colcon.colcon_core.environment:checking '/home/mscrobotics2425laptop5/bin_detector/install/bin_detector/bin'
[2.016s] Level 1:colcon.colcon_core.environment:checking '/home/mscrobotics2425laptop5/bin_detector/install/bin_detector/lib/pkgconfig/bin_detector.pc'
[2.017s] Level 1:colcon.colcon_core.environment:checking '/home/mscrobotics2425laptop5/bin_detector/install/bin_detector/lib/python3.10/site-packages'
[2.017s] Level 1:colcon.colcon_core.shell:create_environment_hook('bin_detector', 'pythonpath')
[2.017s] INFO:colcon.colcon_core.shell:Creating environment hook '/home/mscrobotics2425laptop5/bin_detector/install/bin_detector/share/bin_detector/hook/pythonpath.ps1'
[2.018s] INFO:colcon.colcon_core.shell:Creating environment descriptor '/home/mscrobotics2425laptop5/bin_detector/install/bin_detector/share/bin_detector/hook/pythonpath.dsv'
[2.020s] INFO:colcon.colcon_core.shell:Creating environment hook '/home/mscrobotics2425laptop5/bin_detector/install/bin_detector/share/bin_detector/hook/pythonpath.sh'
[2.021s] Level 1:colcon.colcon_core.environment:checking '/home/mscrobotics2425laptop5/bin_detector/install/bin_detector/bin'
[2.022s] Level 1:colcon.colcon_core.environment:create_environment_scripts_only(bin_detector)
[2.023s] INFO:colcon.colcon_core.shell:Creating package script '/home/mscrobotics2425laptop5/bin_detector/install/bin_detector/share/bin_detector/package.ps1'
[2.025s] INFO:colcon.colcon_core.shell:Creating package descriptor '/home/mscrobotics2425laptop5/bin_detector/install/bin_detector/share/bin_detector/package.dsv'
[2.027s] INFO:colcon.colcon_core.shell:Creating package script '/home/mscrobotics2425laptop5/bin_detector/install/bin_detector/share/bin_detector/package.sh'
[2.029s] INFO:colcon.colcon_core.shell:Creating package script '/home/mscrobotics2425laptop5/bin_detector/install/bin_detector/share/bin_detector/package.bash'
[2.031s] INFO:colcon.colcon_core.shell:Creating package script '/home/mscrobotics2425laptop5/bin_detector/install/bin_detector/share/bin_detector/package.zsh'
[2.034s] Level 1:colcon.colcon_core.environment:create_file_with_runtime_dependencies(/home/mscrobotics2425laptop5/bin_detector/install/bin_detector/share/colcon-core/packages/bin_detector)
[2.035s] DEBUG:colcon.colcon_parallel_executor.executor.parallel:closing loop
[2.037s] DEBUG:colcon.colcon_parallel_executor.executor.parallel:loop closed
[2.038s] DEBUG:colcon.colcon_parallel_executor.executor.parallel:run_until_complete finished with '0'
[2.039s] DEBUG:colcon.colcon_core.event_reactor:joining thread
[2.057s] INFO:colcon.colcon_core.plugin_system:Skipping extension 'colcon_notification.desktop_notification.terminal_notifier': Not used on non-Darwin systems
[2.057s] INFO:colcon.colcon_core.plugin_system:Skipping extension 'colcon_notification.desktop_notification.win32': Not used on non-Windows systems
[2.057s] INFO:colcon.colcon_notification.desktop_notification:Sending desktop notification using 'notify2'
[2.079s] DEBUG:colcon.colcon_core.event_reactor:joined thread
[2.080s] INFO:colcon.colcon_core.shell:Creating prefix script '/home/mscrobotics2425laptop5/bin_detector/install/local_setup.ps1'
[2.082s] INFO:colcon.colcon_core.shell:Creating prefix util module '/home/mscrobotics2425laptop5/bin_detector/install/_local_setup_util_ps1.py'
[2.086s] INFO:colcon.colcon_core.shell:Creating prefix chain script '/home/mscrobotics2425laptop5/bin_detector/install/setup.ps1'
[2.091s] INFO:colcon.colcon_core.shell:Creating prefix script '/home/mscrobotics2425laptop5/bin_detector/install/local_setup.sh'
[2.092s] INFO:colcon.colcon_core.shell:Creating prefix util module '/home/mscrobotics2425laptop5/bin_detector/install/_local_setup_util_sh.py'
[2.094s] INFO:colcon.colcon_core.shell:Creating prefix chain script '/home/mscrobotics2425laptop5/bin_detector/install/setup.sh'
[2.102s] INFO:colcon.colcon_core.shell:Creating prefix script '/home/mscrobotics2425laptop5/bin_detector/install/local_setup.bash'
[2.105s] INFO:colcon.colcon_core.shell:Creating prefix chain script '/home/mscrobotics2425laptop5/bin_detector/install/setup.bash'
[2.112s] INFO:colcon.colcon_core.shell:Creating prefix script '/home/mscrobotics2425laptop5/bin_detector/install/local_setup.zsh'
[2.114s] INFO:colcon.colcon_core.shell:Creating prefix chain script '/home/mscrobotics2425laptop5/bin_detector/install/setup.zsh'
