[0.590s] Invoking command in '/home/mscrobotics2425laptop11/interbotix_ws/build/interbotix_tf_tools': CMAKE_PREFIX_PATH=/opt/ros/humble /usr/bin/cmake --build /home/mscrobotics2425laptop11/interbotix_ws/build/interbotix_tf_tools -- -j12 -l12
[0.874s] [35m[1mConsolidate compiler generated dependencies of target tf_rebroadcaster[0m
[0.883s] [100%] Built target tf_rebroadcaster
[0.962s] Invoked command in '/home/mscrobotics2425laptop11/interbotix_ws/build/interbotix_tf_tools' returned '0': CMAKE_PREFIX_PATH=/opt/ros/humble /usr/bin/cmake --build /home/mscrobotics2425laptop11/interbotix_ws/build/interbotix_tf_tools -- -j12 -l12
[0.965s] Invoking command in '/home/mscrobotics2425laptop11/interbotix_ws/build/interbotix_tf_tools': CMAKE_PREFIX_PATH=/opt/ros/humble /usr/bin/cmake --install /home/mscrobotics2425laptop11/interbotix_ws/build/interbotix_tf_tools
[1.023s] -- Install configuration: ""
[1.023s] -- Up-to-date: /home/mscrobotics2425laptop11/interbotix_ws/install/interbotix_tf_tools/lib/libtf_rebroadcaster.so
[1.023s] -- Up-to-date: /home/mscrobotics2425laptop11/interbotix_ws/install/interbotix_tf_tools/lib/interbotix_tf_tools/static_trans_pub.py
[1.023s] -- Up-to-date: /home/mscrobotics2425laptop11/interbotix_ws/install/interbotix_tf_tools/share/interbotix_tf_tools//config
[1.023s] -- Up-to-date: /home/mscrobotics2425laptop11/interbotix_ws/install/interbotix_tf_tools/share/interbotix_tf_tools//config/tf_rebroadcaster.yaml
[1.023s] -- Up-to-date: /home/mscrobotics2425laptop11/interbotix_ws/install/interbotix_tf_tools/share/interbotix_tf_tools//launch
[1.024s] -- Up-to-date: /home/mscrobotics2425laptop11/interbotix_ws/install/interbotix_tf_tools/share/interbotix_tf_tools//launch/static_transform_pub.launch.py
[1.024s] -- Up-to-date: /home/mscrobotics2425laptop11/interbotix_ws/install/interbotix_tf_tools/share/interbotix_tf_tools//launch/tf_rebroadcaster.launch.py
[1.024s] -- Up-to-date: /home/mscrobotics2425laptop11/interbotix_ws/install/interbotix_tf_tools/share/ament_index/resource_index/package_run_dependencies/interbotix_tf_tools
[1.024s] -- Up-to-date: /home/mscrobotics2425laptop11/interbotix_ws/install/interbotix_tf_tools/share/ament_index/resource_index/parent_prefix_path/interbotix_tf_tools
[1.024s] -- Up-to-date: /home/mscrobotics2425laptop11/interbotix_ws/install/interbotix_tf_tools/share/interbotix_tf_tools/environment/ament_prefix_path.sh
[1.024s] -- Up-to-date: /home/mscrobotics2425laptop11/interbotix_ws/install/interbotix_tf_tools/share/interbotix_tf_tools/environment/ament_prefix_path.dsv
[1.024s] -- Up-to-date: /home/mscrobotics2425laptop11/interbotix_ws/install/interbotix_tf_tools/share/interbotix_tf_tools/environment/path.sh
[1.024s] -- Up-to-date: /home/mscrobotics2425laptop11/interbotix_ws/install/interbotix_tf_tools/share/interbotix_tf_tools/environment/path.dsv
[1.024s] -- Up-to-date: /home/mscrobotics2425laptop11/interbotix_ws/install/interbotix_tf_tools/share/interbotix_tf_tools/local_setup.bash
[1.024s] -- Up-to-date: /home/mscrobotics2425laptop11/interbotix_ws/install/interbotix_tf_tools/share/interbotix_tf_tools/local_setup.sh
[1.025s] -- Up-to-date: /home/mscrobotics2425laptop11/interbotix_ws/install/interbotix_tf_tools/share/interbotix_tf_tools/local_setup.zsh
[1.025s] -- Up-to-date: /home/mscrobotics2425laptop11/interbotix_ws/install/interbotix_tf_tools/share/interbotix_tf_tools/local_setup.dsv
[1.025s] -- Installing: /home/mscrobotics2425laptop11/interbotix_ws/install/interbotix_tf_tools/share/interbotix_tf_tools/package.dsv
[1.025s] -- Up-to-date: /home/mscrobotics2425laptop11/interbotix_ws/install/interbotix_tf_tools/share/ament_index/resource_index/packages/interbotix_tf_tools
[1.025s] -- Up-to-date: /home/mscrobotics2425laptop11/interbotix_ws/install/interbotix_tf_tools/share/ament_index/resource_index/rclcpp_components/interbotix_tf_tools
[1.025s] -- Up-to-date: /home/mscrobotics2425laptop11/interbotix_ws/install/interbotix_tf_tools/share/interbotix_tf_tools/cmake/interbotix_tf_toolsConfig.cmake
[1.025s] -- Up-to-date: /home/mscrobotics2425laptop11/interbotix_ws/install/interbotix_tf_tools/share/interbotix_tf_tools/cmake/interbotix_tf_toolsConfig-version.cmake
[1.025s] -- Up-to-date: /home/mscrobotics2425laptop11/interbotix_ws/install/interbotix_tf_tools/share/interbotix_tf_tools/package.xml
[1.058s] Invoked command in '/home/mscrobotics2425laptop11/interbotix_ws/build/interbotix_tf_tools' returned '0': CMAKE_PREFIX_PATH=/opt/ros/humble /usr/bin/cmake --install /home/mscrobotics2425laptop11/interbotix_ws/build/interbotix_tf_tools
