[0.578s] Invoking command in '/home/mscrobotics2425laptop11/interbotix_ws/build/moveit_visual_tools': CMAKE_PREFIX_PATH=${CMAKE_PREFIX_PATH}:/home/mscrobotics2425laptop11/interbotix_ws/install/interbotix_xs_modules:/home/mscrobotics2425laptop11/interbotix_ws/install/interbotix_perception_modules:/home/mscrobotics2425laptop11/interbotix_ws/install/interbotix_common_modules:/opt/ros/humble /usr/bin/cmake --build /home/mscrobotics2425laptop11/interbotix_ws/build/moveit_visual_tools -- -j12 -l12
[0.972s] [ 66%] Built target moveit_visual_tools
[1.106s] [100%] Built target moveit_visual_tools_demo
[1.133s] Invoked command in '/home/mscrobotics2425laptop11/interbotix_ws/build/moveit_visual_tools' returned '0': CMAKE_PREFIX_PATH=${CMAKE_PREFIX_PATH}:/home/mscrobotics2425laptop11/interbotix_ws/install/interbotix_xs_modules:/home/mscrobotics2425laptop11/interbotix_ws/install/interbotix_perception_modules:/home/mscrobotics2425laptop11/interbotix_ws/install/interbotix_common_modules:/opt/ros/humble /usr/bin/cmake --build /home/mscrobotics2425laptop11/interbotix_ws/build/moveit_visual_tools -- -j12 -l12
[1.147s] Invoking command in '/home/mscrobotics2425laptop11/interbotix_ws/build/moveit_visual_tools': CMAKE_PREFIX_PATH=${CMAKE_PREFIX_PATH}:/home/mscrobotics2425laptop11/interbotix_ws/install/interbotix_xs_modules:/home/mscrobotics2425laptop11/interbotix_ws/install/interbotix_perception_modules:/home/mscrobotics2425laptop11/interbotix_ws/install/interbotix_common_modules:/opt/ros/humble /usr/bin/cmake --install /home/mscrobotics2425laptop11/interbotix_ws/build/moveit_visual_tools
[1.162s] -- Install configuration: "Release"
[1.163s] -- Up-to-date: /home/mscrobotics2425laptop11/interbotix_ws/install/moveit_visual_tools/share/moveit_visual_tools/environment/library_path.sh
[1.163s] -- Up-to-date: /home/mscrobotics2425laptop11/interbotix_ws/install/moveit_visual_tools/share/moveit_visual_tools/environment/library_path.dsv
[1.169s] -- Up-to-date: /home/mscrobotics2425laptop11/interbotix_ws/install/moveit_visual_tools/lib/libmoveit_visual_tools.so
[1.172s] -- Up-to-date: /home/mscrobotics2425laptop11/interbotix_ws/install/moveit_visual_tools/lib/moveit_visual_tools/moveit_visual_tools_demo
[1.173s] -- Up-to-date: /home/mscrobotics2425laptop11/interbotix_ws/install/moveit_visual_tools/include
[1.173s] -- Up-to-date: /home/mscrobotics2425laptop11/interbotix_ws/install/moveit_visual_tools/include/moveit_visual_tools
[1.173s] -- Up-to-date: /home/mscrobotics2425laptop11/interbotix_ws/install/moveit_visual_tools/include/moveit_visual_tools/moveit_visual_tools.h
[1.174s] -- Up-to-date: /home/mscrobotics2425laptop11/interbotix_ws/install/moveit_visual_tools/include/moveit_visual_tools/imarker_end_effector.h
[1.174s] -- Up-to-date: /home/mscrobotics2425laptop11/interbotix_ws/install/moveit_visual_tools/include/moveit_visual_tools/imarker_robot_state.h
[1.174s] -- Up-to-date: /home/mscrobotics2425laptop11/interbotix_ws/install/moveit_visual_tools/share/moveit_visual_tools/launch
[1.174s] -- Up-to-date: /home/mscrobotics2425laptop11/interbotix_ws/install/moveit_visual_tools/share/moveit_visual_tools/launch/demo_rviz.launch.py
[1.174s] -- Up-to-date: /home/mscrobotics2425laptop11/interbotix_ws/install/moveit_visual_tools/share/moveit_visual_tools/launch/demo.rviz
[1.175s] -- Up-to-date: /home/mscrobotics2425laptop11/interbotix_ws/install/moveit_visual_tools/share/moveit_visual_tools/resources
[1.175s] -- Up-to-date: /home/mscrobotics2425laptop11/interbotix_ws/install/moveit_visual_tools/share/moveit_visual_tools/resources/demo.png
[1.175s] -- Up-to-date: /home/mscrobotics2425laptop11/interbotix_ws/install/moveit_visual_tools/share/moveit_visual_tools/resources/rrbot.srdf
[1.190s] -- Up-to-date: /home/mscrobotics2425laptop11/interbotix_ws/install/moveit_visual_tools/share/moveit_visual_tools/resources/screenshot.png
[1.190s] -- Up-to-date: /home/mscrobotics2425laptop11/interbotix_ws/install/moveit_visual_tools/share/moveit_visual_tools/resources/demo_mesh.stl
[1.190s] -- Up-to-date: /home/mscrobotics2425laptop11/interbotix_ws/install/moveit_visual_tools/share/moveit_visual_tools/resources/rrbot.urdf
[1.191s] -- Up-to-date: /home/mscrobotics2425laptop11/interbotix_ws/install/moveit_visual_tools/share/ament_index/resource_index/package_run_dependencies/moveit_visual_tools
[1.191s] -- Up-to-date: /home/mscrobotics2425laptop11/interbotix_ws/install/moveit_visual_tools/share/ament_index/resource_index/parent_prefix_path/moveit_visual_tools
[1.191s] -- Up-to-date: /home/mscrobotics2425laptop11/interbotix_ws/install/moveit_visual_tools/share/moveit_visual_tools/environment/ament_prefix_path.sh
[1.191s] -- Up-to-date: /home/mscrobotics2425laptop11/interbotix_ws/install/moveit_visual_tools/share/moveit_visual_tools/environment/ament_prefix_path.dsv
[1.191s] -- Up-to-date: /home/mscrobotics2425laptop11/interbotix_ws/install/moveit_visual_tools/share/moveit_visual_tools/environment/path.sh
[1.192s] -- Up-to-date: /home/mscrobotics2425laptop11/interbotix_ws/install/moveit_visual_tools/share/moveit_visual_tools/environment/path.dsv
[1.192s] -- Up-to-date: /home/mscrobotics2425laptop11/interbotix_ws/install/moveit_visual_tools/share/moveit_visual_tools/local_setup.bash
[1.192s] -- Up-to-date: /home/mscrobotics2425laptop11/interbotix_ws/install/moveit_visual_tools/share/moveit_visual_tools/local_setup.sh
[1.192s] -- Up-to-date: /home/mscrobotics2425laptop11/interbotix_ws/install/moveit_visual_tools/share/moveit_visual_tools/local_setup.zsh
[1.192s] -- Up-to-date: /home/mscrobotics2425laptop11/interbotix_ws/install/moveit_visual_tools/share/moveit_visual_tools/local_setup.dsv
[1.193s] -- Installing: /home/mscrobotics2425laptop11/interbotix_ws/install/moveit_visual_tools/share/moveit_visual_tools/package.dsv
[1.193s] -- Up-to-date: /home/mscrobotics2425laptop11/interbotix_ws/install/moveit_visual_tools/share/ament_index/resource_index/packages/moveit_visual_tools
[1.193s] -- Up-to-date: /home/mscrobotics2425laptop11/interbotix_ws/install/moveit_visual_tools/share/moveit_visual_tools/cmake/export_moveit_visual_toolsExport.cmake
[1.199s] -- Up-to-date: /home/mscrobotics2425laptop11/interbotix_ws/install/moveit_visual_tools/share/moveit_visual_tools/cmake/export_moveit_visual_toolsExport-release.cmake
[1.199s] -- Up-to-date: /home/mscrobotics2425laptop11/interbotix_ws/install/moveit_visual_tools/share/moveit_visual_tools/cmake/ament_cmake_export_targets-extras.cmake
[1.199s] -- Up-to-date: /home/mscrobotics2425laptop11/interbotix_ws/install/moveit_visual_tools/share/moveit_visual_tools/cmake/ament_cmake_export_dependencies-extras.cmake
[1.199s] -- Up-to-date: /home/mscrobotics2425laptop11/interbotix_ws/install/moveit_visual_tools/share/moveit_visual_tools/cmake/moveit_visual_toolsConfig.cmake
[1.200s] -- Up-to-date: /home/mscrobotics2425laptop11/interbotix_ws/install/moveit_visual_tools/share/moveit_visual_tools/cmake/moveit_visual_toolsConfig-version.cmake
[1.200s] -- Up-to-date: /home/mscrobotics2425laptop11/interbotix_ws/install/moveit_visual_tools/share/moveit_visual_tools/package.xml
[1.234s] Invoked command in '/home/mscrobotics2425laptop11/interbotix_ws/build/moveit_visual_tools' returned '0': CMAKE_PREFIX_PATH=${CMAKE_PREFIX_PATH}:/home/mscrobotics2425laptop11/interbotix_ws/install/interbotix_xs_modules:/home/mscrobotics2425laptop11/interbotix_ws/install/interbotix_perception_modules:/home/mscrobotics2425laptop11/interbotix_ws/install/interbotix_common_modules:/opt/ros/humble /usr/bin/cmake --install /home/mscrobotics2425laptop11/interbotix_ws/build/moveit_visual_tools
