[0.634s] Invoking command in '/home/mscrobotics2425laptop11/interbotix_ws/build/interbotix_perception_msgs': CMAKE_PREFIX_PATH=${CMAKE_PREFIX_PATH}:/home/mscrobotics2425laptop11/interbotix_ws/install/interbotix_xs_modules:/home/mscrobotics2425laptop11/interbotix_ws/install/interbotix_perception_modules:/home/mscrobotics2425laptop11/interbotix_ws/install/interbotix_common_modules:/opt/ros/humble /usr/bin/cmake --build /home/mscrobotics2425laptop11/interbotix_ws/build/interbotix_perception_msgs -- -j12 -l12
[0.788s] [  1%] Built target interbotix_perception_msgs__cpp
[0.798s] [ 12%] Built target interbotix_perception_msgs__rosidl_generator_c
[0.825s] [ 12%] Built target ament_cmake_python_copy_interbotix_perception_msgs
[0.907s] [ 23%] Built target interbotix_perception_msgs__rosidl_typesupport_cpp
[0.944s] [ 41%] Built target interbotix_perception_msgs__rosidl_typesupport_fastrtps_cpp
[0.944s] [ 45%] Built target interbotix_perception_msgs__rosidl_typesupport_introspection_cpp
[0.944s] [ 56%] Built target interbotix_perception_msgs__rosidl_typesupport_c
[0.954s] [ 67%] Built target interbotix_perception_msgs__rosidl_typesupport_introspection_c
[0.963s] [ 78%] Built target interbotix_perception_msgs__rosidl_typesupport_fastrtps_c
[1.024s] [ 78%] Built target interbotix_perception_msgs
[1.179s] [ 80%] Built target interbotix_perception_msgs__py
[1.179s] [ 89%] Built target interbotix_perception_msgs__rosidl_generator_py
[1.216s] [ 92%] Built target interbotix_perception_msgs__rosidl_typesupport_introspection_c__pyext
[1.236s] [ 96%] Built target interbotix_perception_msgs__rosidl_typesupport_fastrtps_c__pyext
[1.249s] [100%] Built target interbotix_perception_msgs__rosidl_typesupport_c__pyext
[1.661s] running egg_info
[1.663s] writing interbotix_perception_msgs.egg-info/PKG-INFO
[1.664s] writing dependency_links to interbotix_perception_msgs.egg-info/dependency_links.txt
[1.664s] writing top-level names to interbotix_perception_msgs.egg-info/top_level.txt
[1.670s] reading manifest file 'interbotix_perception_msgs.egg-info/SOURCES.txt'
[1.672s] writing manifest file 'interbotix_perception_msgs.egg-info/SOURCES.txt'
[1.744s] [100%] Built target ament_cmake_python_build_interbotix_perception_msgs_egg
[1.777s] Invoked command in '/home/mscrobotics2425laptop11/interbotix_ws/build/interbotix_perception_msgs' returned '0': CMAKE_PREFIX_PATH=${CMAKE_PREFIX_PATH}:/home/mscrobotics2425laptop11/interbotix_ws/install/interbotix_xs_modules:/home/mscrobotics2425laptop11/interbotix_ws/install/interbotix_perception_modules:/home/mscrobotics2425laptop11/interbotix_ws/install/interbotix_common_modules:/opt/ros/humble /usr/bin/cmake --build /home/mscrobotics2425laptop11/interbotix_ws/build/interbotix_perception_msgs -- -j12 -l12
[1.788s] Invoking command in '/home/mscrobotics2425laptop11/interbotix_ws/build/interbotix_perception_msgs': CMAKE_PREFIX_PATH=${CMAKE_PREFIX_PATH}:/home/mscrobotics2425laptop11/interbotix_ws/install/interbotix_xs_modules:/home/mscrobotics2425laptop11/interbotix_ws/install/interbotix_perception_modules:/home/mscrobotics2425laptop11/interbotix_ws/install/interbotix_common_modules:/opt/ros/humble /usr/bin/cmake --install /home/mscrobotics2425laptop11/interbotix_ws/build/interbotix_perception_msgs
[1.807s] -- Install configuration: ""
[1.808s] -- Up-to-date: /home/mscrobotics2425laptop11/interbotix_ws/install/interbotix_perception_msgs/share/ament_index/resource_index/rosidl_interfaces/interbotix_perception_msgs
[1.808s] -- Up-to-date: /home/mscrobotics2425laptop11/interbotix_ws/install/interbotix_perception_msgs/include/interbotix_perception_msgs/interbotix_perception_msgs
[1.808s] -- Up-to-date: /home/mscrobotics2425laptop11/interbotix_ws/install/interbotix_perception_msgs/include/interbotix_perception_msgs/interbotix_perception_msgs/msg
[1.809s] -- Up-to-date: /home/mscrobotics2425laptop11/interbotix_ws/install/interbotix_perception_msgs/include/interbotix_perception_msgs/interbotix_perception_msgs/msg/cluster_info.h
[1.809s] -- Up-to-date: /home/mscrobotics2425laptop11/interbotix_ws/install/interbotix_perception_msgs/include/interbotix_perception_msgs/interbotix_perception_msgs/msg/rosidl_generator_c__visibility_control.h
[1.810s] -- Up-to-date: /home/mscrobotics2425laptop11/interbotix_ws/install/interbotix_perception_msgs/include/interbotix_perception_msgs/interbotix_perception_msgs/msg/detail
[1.810s] -- Up-to-date: /home/mscrobotics2425laptop11/interbotix_ws/install/interbotix_perception_msgs/include/interbotix_perception_msgs/interbotix_perception_msgs/msg/detail/cluster_info__functions.h
[1.811s] -- Up-to-date: /home/mscrobotics2425laptop11/interbotix_ws/install/interbotix_perception_msgs/include/interbotix_perception_msgs/interbotix_perception_msgs/msg/detail/cluster_info__functions.c
[1.811s] -- Up-to-date: /home/mscrobotics2425laptop11/interbotix_ws/install/interbotix_perception_msgs/include/interbotix_perception_msgs/interbotix_perception_msgs/msg/detail/cluster_info__struct.h
[1.811s] -- Up-to-date: /home/mscrobotics2425laptop11/interbotix_ws/install/interbotix_perception_msgs/include/interbotix_perception_msgs/interbotix_perception_msgs/msg/detail/cluster_info__type_support.h
[1.812s] -- Up-to-date: /home/mscrobotics2425laptop11/interbotix_ws/install/interbotix_perception_msgs/include/interbotix_perception_msgs/interbotix_perception_msgs/srv
[1.814s] -- Up-to-date: /home/mscrobotics2425laptop11/interbotix_ws/install/interbotix_perception_msgs/include/interbotix_perception_msgs/interbotix_perception_msgs/srv/filter_params.h
[1.814s] -- Up-to-date: /home/mscrobotics2425laptop11/interbotix_ws/install/interbotix_perception_msgs/include/interbotix_perception_msgs/interbotix_perception_msgs/srv/snap_picture.h
[1.814s] -- Up-to-date: /home/mscrobotics2425laptop11/interbotix_ws/install/interbotix_perception_msgs/include/interbotix_perception_msgs/interbotix_perception_msgs/srv/cluster_info_array.h
[1.815s] -- Up-to-date: /home/mscrobotics2425laptop11/interbotix_ws/install/interbotix_perception_msgs/include/interbotix_perception_msgs/interbotix_perception_msgs/srv/detail
[1.815s] -- Up-to-date: /home/mscrobotics2425laptop11/interbotix_ws/install/interbotix_perception_msgs/include/interbotix_perception_msgs/interbotix_perception_msgs/srv/detail/filter_params__functions.h
[1.816s] -- Up-to-date: /home/mscrobotics2425laptop11/interbotix_ws/install/interbotix_perception_msgs/include/interbotix_perception_msgs/interbotix_perception_msgs/srv/detail/cluster_info_array__functions.h
[1.817s] -- Up-to-date: /home/mscrobotics2425laptop11/interbotix_ws/install/interbotix_perception_msgs/include/interbotix_perception_msgs/interbotix_perception_msgs/srv/detail/snap_picture__struct.h
[1.817s] -- Up-to-date: /home/mscrobotics2425laptop11/interbotix_ws/install/interbotix_perception_msgs/include/interbotix_perception_msgs/interbotix_perception_msgs/srv/detail/cluster_info_array__struct.h
[1.817s] -- Up-to-date: /home/mscrobotics2425laptop11/interbotix_ws/install/interbotix_perception_msgs/include/interbotix_perception_msgs/interbotix_perception_msgs/srv/detail/filter_params__type_support.h
[1.818s] -- Up-to-date: /home/mscrobotics2425laptop11/interbotix_ws/install/interbotix_perception_msgs/include/interbotix_perception_msgs/interbotix_perception_msgs/srv/detail/cluster_info_array__type_support.h
[1.818s] -- Up-to-date: /home/mscrobotics2425laptop11/interbotix_ws/install/interbotix_perception_msgs/include/interbotix_perception_msgs/interbotix_perception_msgs/srv/detail/filter_params__functions.c
[1.818s] -- Up-to-date: /home/mscrobotics2425laptop11/interbotix_ws/install/interbotix_perception_msgs/include/interbotix_perception_msgs/interbotix_perception_msgs/srv/detail/cluster_info_array__functions.c
[1.818s] -- Up-to-date: /home/mscrobotics2425laptop11/interbotix_ws/install/interbotix_perception_msgs/include/interbotix_perception_msgs/interbotix_perception_msgs/srv/detail/snap_picture__functions.c
[1.819s] -- Up-to-date: /home/mscrobotics2425laptop11/interbotix_ws/install/interbotix_perception_msgs/include/interbotix_perception_msgs/interbotix_perception_msgs/srv/detail/snap_picture__type_support.h
[1.819s] -- Up-to-date: /home/mscrobotics2425laptop11/interbotix_ws/install/interbotix_perception_msgs/include/interbotix_perception_msgs/interbotix_perception_msgs/srv/detail/snap_picture__functions.h
[1.819s] -- Up-to-date: /home/mscrobotics2425laptop11/interbotix_ws/install/interbotix_perception_msgs/include/interbotix_perception_msgs/interbotix_perception_msgs/srv/detail/filter_params__struct.h
[1.819s] -- Up-to-date: /home/mscrobotics2425laptop11/interbotix_ws/install/interbotix_perception_msgs/share/interbotix_perception_msgs/environment/library_path.sh
[1.819s] -- Up-to-date: /home/mscrobotics2425laptop11/interbotix_ws/install/interbotix_perception_msgs/share/interbotix_perception_msgs/environment/library_path.dsv
[1.820s] -- Up-to-date: /home/mscrobotics2425laptop11/interbotix_ws/install/interbotix_perception_msgs/lib/libinterbotix_perception_msgs__rosidl_generator_c.so
[1.820s] -- Up-to-date: /home/mscrobotics2425laptop11/interbotix_ws/install/interbotix_perception_msgs/include/interbotix_perception_msgs/interbotix_perception_msgs
[1.820s] -- Up-to-date: /home/mscrobotics2425laptop11/interbotix_ws/install/interbotix_perception_msgs/include/interbotix_perception_msgs/interbotix_perception_msgs/msg
[1.820s] -- Up-to-date: /home/mscrobotics2425laptop11/interbotix_ws/install/interbotix_perception_msgs/include/interbotix_perception_msgs/interbotix_perception_msgs/msg/rosidl_typesupport_fastrtps_c__visibility_control.h
[1.820s] -- Up-to-date: /home/mscrobotics2425laptop11/interbotix_ws/install/interbotix_perception_msgs/include/interbotix_perception_msgs/interbotix_perception_msgs/msg/detail
[1.821s] -- Up-to-date: /home/mscrobotics2425laptop11/interbotix_ws/install/interbotix_perception_msgs/include/interbotix_perception_msgs/interbotix_perception_msgs/msg/detail/cluster_info__rosidl_typesupport_fastrtps_c.h
[1.821s] -- Up-to-date: /home/mscrobotics2425laptop11/interbotix_ws/install/interbotix_perception_msgs/include/interbotix_perception_msgs/interbotix_perception_msgs/srv
[1.821s] -- Up-to-date: /home/mscrobotics2425laptop11/interbotix_ws/install/interbotix_perception_msgs/include/interbotix_perception_msgs/interbotix_perception_msgs/srv/detail
[1.825s] -- Up-to-date: /home/mscrobotics2425laptop11/interbotix_ws/install/interbotix_perception_msgs/include/interbotix_perception_msgs/interbotix_perception_msgs/srv/detail/cluster_info_array__rosidl_typesupport_fastrtps_c.h
[1.826s] -- Up-to-date: /home/mscrobotics2425laptop11/interbotix_ws/install/interbotix_perception_msgs/include/interbotix_perception_msgs/interbotix_perception_msgs/srv/detail/filter_params__rosidl_typesupport_fastrtps_c.h
[1.826s] -- Up-to-date: /home/mscrobotics2425laptop11/interbotix_ws/install/interbotix_perception_msgs/include/interbotix_perception_msgs/interbotix_perception_msgs/srv/detail/snap_picture__rosidl_typesupport_fastrtps_c.h
[1.826s] -- Up-to-date: /home/mscrobotics2425laptop11/interbotix_ws/install/interbotix_perception_msgs/lib/libinterbotix_perception_msgs__rosidl_typesupport_fastrtps_c.so
[1.826s] -- Up-to-date: /home/mscrobotics2425laptop11/interbotix_ws/install/interbotix_perception_msgs/include/interbotix_perception_msgs/interbotix_perception_msgs
[1.826s] -- Up-to-date: /home/mscrobotics2425laptop11/interbotix_ws/install/interbotix_perception_msgs/include/interbotix_perception_msgs/interbotix_perception_msgs/msg
[1.827s] -- Up-to-date: /home/mscrobotics2425laptop11/interbotix_ws/install/interbotix_perception_msgs/include/interbotix_perception_msgs/interbotix_perception_msgs/msg/rosidl_typesupport_introspection_c__visibility_control.h
[1.835s] -- Up-to-date: /home/mscrobotics2425laptop11/interbotix_ws/install/interbotix_perception_msgs/include/interbotix_perception_msgs/interbotix_perception_msgs/msg/detail
[1.836s] -- Up-to-date: /home/mscrobotics2425laptop11/interbotix_ws/install/interbotix_perception_msgs/include/interbotix_perception_msgs/interbotix_perception_msgs/msg/detail/cluster_info__type_support.c
[1.836s] -- Up-to-date: /home/mscrobotics2425laptop11/interbotix_ws/install/interbotix_perception_msgs/include/interbotix_perception_msgs/interbotix_perception_msgs/msg/detail/cluster_info__rosidl_typesupport_introspection_c.h
[1.836s] -- Up-to-date: /home/mscrobotics2425laptop11/interbotix_ws/install/interbotix_perception_msgs/include/interbotix_perception_msgs/interbotix_perception_msgs/srv
[1.837s] -- Up-to-date: /home/mscrobotics2425laptop11/interbotix_ws/install/interbotix_perception_msgs/include/interbotix_perception_msgs/interbotix_perception_msgs/srv/detail
[1.837s] -- Up-to-date: /home/mscrobotics2425laptop11/interbotix_ws/install/interbotix_perception_msgs/include/interbotix_perception_msgs/interbotix_perception_msgs/srv/detail/cluster_info_array__type_support.c
[1.837s] -- Up-to-date: /home/mscrobotics2425laptop11/interbotix_ws/install/interbotix_perception_msgs/include/interbotix_perception_msgs/interbotix_perception_msgs/srv/detail/cluster_info_array__rosidl_typesupport_introspection_c.h
[1.837s] -- Up-to-date: /home/mscrobotics2425laptop11/interbotix_ws/install/interbotix_perception_msgs/include/interbotix_perception_msgs/interbotix_perception_msgs/srv/detail/snap_picture__type_support.c
[1.842s] -- Up-to-date: /home/mscrobotics2425laptop11/interbotix_ws/install/interbotix_perception_msgs/include/interbotix_perception_msgs/interbotix_perception_msgs/srv/detail/filter_params__rosidl_typesupport_introspection_c.h
[1.842s] -- Up-to-date: /home/mscrobotics2425laptop11/interbotix_ws/install/interbotix_perception_msgs/include/interbotix_perception_msgs/interbotix_perception_msgs/srv/detail/snap_picture__rosidl_typesupport_introspection_c.h
[1.843s] -- Up-to-date: /home/mscrobotics2425laptop11/interbotix_ws/install/interbotix_perception_msgs/include/interbotix_perception_msgs/interbotix_perception_msgs/srv/detail/filter_params__type_support.c
[1.844s] -- Up-to-date: /home/mscrobotics2425laptop11/interbotix_ws/install/interbotix_perception_msgs/lib/libinterbotix_perception_msgs__rosidl_typesupport_introspection_c.so
[1.845s] -- Up-to-date: /home/mscrobotics2425laptop11/interbotix_ws/install/interbotix_perception_msgs/lib/libinterbotix_perception_msgs__rosidl_typesupport_c.so
[1.845s] -- Up-to-date: /home/mscrobotics2425laptop11/interbotix_ws/install/interbotix_perception_msgs/include/interbotix_perception_msgs/interbotix_perception_msgs
[1.847s] -- Up-to-date: /home/mscrobotics2425laptop11/interbotix_ws/install/interbotix_perception_msgs/include/interbotix_perception_msgs/interbotix_perception_msgs/msg
[1.847s] -- Up-to-date: /home/mscrobotics2425laptop11/interbotix_ws/install/interbotix_perception_msgs/include/interbotix_perception_msgs/interbotix_perception_msgs/msg/rosidl_generator_cpp__visibility_control.hpp
[1.848s] -- Up-to-date: /home/mscrobotics2425laptop11/interbotix_ws/install/interbotix_perception_msgs/include/interbotix_perception_msgs/interbotix_perception_msgs/msg/cluster_info.hpp
[1.848s] -- Up-to-date: /home/mscrobotics2425laptop11/interbotix_ws/install/interbotix_perception_msgs/include/interbotix_perception_msgs/interbotix_perception_msgs/msg/detail
[1.849s] -- Up-to-date: /home/mscrobotics2425laptop11/interbotix_ws/install/interbotix_perception_msgs/include/interbotix_perception_msgs/interbotix_perception_msgs/msg/detail/cluster_info__traits.hpp
[1.849s] -- Up-to-date: /home/mscrobotics2425laptop11/interbotix_ws/install/interbotix_perception_msgs/include/interbotix_perception_msgs/interbotix_perception_msgs/msg/detail/cluster_info__struct.hpp
[1.851s] -- Up-to-date: /home/mscrobotics2425laptop11/interbotix_ws/install/interbotix_perception_msgs/include/interbotix_perception_msgs/interbotix_perception_msgs/msg/detail/cluster_info__type_support.hpp
[1.851s] -- Up-to-date: /home/mscrobotics2425laptop11/interbotix_ws/install/interbotix_perception_msgs/include/interbotix_perception_msgs/interbotix_perception_msgs/msg/detail/cluster_info__builder.hpp
[1.852s] -- Up-to-date: /home/mscrobotics2425laptop11/interbotix_ws/install/interbotix_perception_msgs/include/interbotix_perception_msgs/interbotix_perception_msgs/srv
[1.852s] -- Up-to-date: /home/mscrobotics2425laptop11/interbotix_ws/install/interbotix_perception_msgs/include/interbotix_perception_msgs/interbotix_perception_msgs/srv/filter_params.hpp
[1.853s] -- Up-to-date: /home/mscrobotics2425laptop11/interbotix_ws/install/interbotix_perception_msgs/include/interbotix_perception_msgs/interbotix_perception_msgs/srv/cluster_info_array.hpp
[1.853s] -- Up-to-date: /home/mscrobotics2425laptop11/interbotix_ws/install/interbotix_perception_msgs/include/interbotix_perception_msgs/interbotix_perception_msgs/srv/detail
[1.853s] -- Up-to-date: /home/mscrobotics2425laptop11/interbotix_ws/install/interbotix_perception_msgs/include/interbotix_perception_msgs/interbotix_perception_msgs/srv/detail/filter_params__builder.hpp
[1.853s] -- Up-to-date: /home/mscrobotics2425laptop11/interbotix_ws/install/interbotix_perception_msgs/include/interbotix_perception_msgs/interbotix_perception_msgs/srv/detail/cluster_info_array__traits.hpp
[1.854s] -- Up-to-date: /home/mscrobotics2425laptop11/interbotix_ws/install/interbotix_perception_msgs/include/interbotix_perception_msgs/interbotix_perception_msgs/srv/detail/snap_picture__traits.hpp
[1.854s] -- Up-to-date: /home/mscrobotics2425laptop11/interbotix_ws/install/interbotix_perception_msgs/include/interbotix_perception_msgs/interbotix_perception_msgs/srv/detail/snap_picture__type_support.hpp
[1.854s] -- Up-to-date: /home/mscrobotics2425laptop11/interbotix_ws/install/interbotix_perception_msgs/include/interbotix_perception_msgs/interbotix_perception_msgs/srv/detail/filter_params__type_support.hpp
[1.855s] -- Up-to-date: /home/mscrobotics2425laptop11/interbotix_ws/install/interbotix_perception_msgs/include/interbotix_perception_msgs/interbotix_perception_msgs/srv/detail/filter_params__struct.hpp
[1.855s] -- Up-to-date: /home/mscrobotics2425laptop11/interbotix_ws/install/interbotix_perception_msgs/include/interbotix_perception_msgs/interbotix_perception_msgs/srv/detail/cluster_info_array__type_support.hpp
[1.855s] -- Up-to-date: /home/mscrobotics2425laptop11/interbotix_ws/install/interbotix_perception_msgs/include/interbotix_perception_msgs/interbotix_perception_msgs/srv/detail/cluster_info_array__builder.hpp
[1.855s] -- Up-to-date: /home/mscrobotics2425laptop11/interbotix_ws/install/interbotix_perception_msgs/include/interbotix_perception_msgs/interbotix_perception_msgs/srv/detail/snap_picture__builder.hpp
[1.855s] -- Up-to-date: /home/mscrobotics2425laptop11/interbotix_ws/install/interbotix_perception_msgs/include/interbotix_perception_msgs/interbotix_perception_msgs/srv/detail/cluster_info_array__struct.hpp
[1.856s] -- Up-to-date: /home/mscrobotics2425laptop11/interbotix_ws/install/interbotix_perception_msgs/include/interbotix_perception_msgs/interbotix_perception_msgs/srv/detail/snap_picture__struct.hpp
[1.856s] -- Up-to-date: /home/mscrobotics2425laptop11/interbotix_ws/install/interbotix_perception_msgs/include/interbotix_perception_msgs/interbotix_perception_msgs/srv/detail/filter_params__traits.hpp
[1.857s] -- Up-to-date: /home/mscrobotics2425laptop11/interbotix_ws/install/interbotix_perception_msgs/include/interbotix_perception_msgs/interbotix_perception_msgs/srv/snap_picture.hpp
[1.857s] -- Up-to-date: /home/mscrobotics2425laptop11/interbotix_ws/install/interbotix_perception_msgs/include/interbotix_perception_msgs/interbotix_perception_msgs
[1.857s] -- Up-to-date: /home/mscrobotics2425laptop11/interbotix_ws/install/interbotix_perception_msgs/include/interbotix_perception_msgs/interbotix_perception_msgs/msg
[1.857s] -- Up-to-date: /home/mscrobotics2425laptop11/interbotix_ws/install/interbotix_perception_msgs/include/interbotix_perception_msgs/interbotix_perception_msgs/msg/rosidl_typesupport_fastrtps_cpp__visibility_control.h
[1.858s] -- Up-to-date: /home/mscrobotics2425laptop11/interbotix_ws/install/interbotix_perception_msgs/include/interbotix_perception_msgs/interbotix_perception_msgs/msg/detail
[1.858s] -- Up-to-date: /home/mscrobotics2425laptop11/interbotix_ws/install/interbotix_perception_msgs/include/interbotix_perception_msgs/interbotix_perception_msgs/msg/detail/cluster_info__rosidl_typesupport_fastrtps_cpp.hpp
[1.858s] -- Up-to-date: /home/mscrobotics2425laptop11/interbotix_ws/install/interbotix_perception_msgs/include/interbotix_perception_msgs/interbotix_perception_msgs/msg/detail/dds_fastrtps
[1.859s] -- Up-to-date: /home/mscrobotics2425laptop11/interbotix_ws/install/interbotix_perception_msgs/include/interbotix_perception_msgs/interbotix_perception_msgs/srv
[1.859s] -- Up-to-date: /home/mscrobotics2425laptop11/interbotix_ws/install/interbotix_perception_msgs/include/interbotix_perception_msgs/interbotix_perception_msgs/srv/detail
[1.859s] -- Up-to-date: /home/mscrobotics2425laptop11/interbotix_ws/install/interbotix_perception_msgs/include/interbotix_perception_msgs/interbotix_perception_msgs/srv/detail/cluster_info_array__rosidl_typesupport_fastrtps_cpp.hpp
[1.859s] -- Up-to-date: /home/mscrobotics2425laptop11/interbotix_ws/install/interbotix_perception_msgs/include/interbotix_perception_msgs/interbotix_perception_msgs/srv/detail/snap_picture__rosidl_typesupport_fastrtps_cpp.hpp
[1.859s] -- Up-to-date: /home/mscrobotics2425laptop11/interbotix_ws/install/interbotix_perception_msgs/include/interbotix_perception_msgs/interbotix_perception_msgs/srv/detail/filter_params__rosidl_typesupport_fastrtps_cpp.hpp
[1.859s] -- Up-to-date: /home/mscrobotics2425laptop11/interbotix_ws/install/interbotix_perception_msgs/include/interbotix_perception_msgs/interbotix_perception_msgs/srv/detail/dds_fastrtps
[1.859s] -- Up-to-date: /home/mscrobotics2425laptop11/interbotix_ws/install/interbotix_perception_msgs/lib/libinterbotix_perception_msgs__rosidl_typesupport_fastrtps_cpp.so
[1.859s] -- Up-to-date: /home/mscrobotics2425laptop11/interbotix_ws/install/interbotix_perception_msgs/include/interbotix_perception_msgs/interbotix_perception_msgs
[1.860s] -- Up-to-date: /home/mscrobotics2425laptop11/interbotix_ws/install/interbotix_perception_msgs/include/interbotix_perception_msgs/interbotix_perception_msgs/msg
[1.860s] -- Up-to-date: /home/mscrobotics2425laptop11/interbotix_ws/install/interbotix_perception_msgs/include/interbotix_perception_msgs/interbotix_perception_msgs/msg/detail
[1.861s] -- Up-to-date: /home/mscrobotics2425laptop11/interbotix_ws/install/interbotix_perception_msgs/include/interbotix_perception_msgs/interbotix_perception_msgs/msg/detail/cluster_info__type_support.cpp
[1.862s] -- Up-to-date: /home/mscrobotics2425laptop11/interbotix_ws/install/interbotix_perception_msgs/include/interbotix_perception_msgs/interbotix_perception_msgs/msg/detail/cluster_info__rosidl_typesupport_introspection_cpp.hpp
[1.862s] -- Up-to-date: /home/mscrobotics2425laptop11/interbotix_ws/install/interbotix_perception_msgs/include/interbotix_perception_msgs/interbotix_perception_msgs/srv
[1.863s] -- Up-to-date: /home/mscrobotics2425laptop11/interbotix_ws/install/interbotix_perception_msgs/include/interbotix_perception_msgs/interbotix_perception_msgs/srv/detail
[1.863s] -- Up-to-date: /home/mscrobotics2425laptop11/interbotix_ws/install/interbotix_perception_msgs/include/interbotix_perception_msgs/interbotix_perception_msgs/srv/detail/filter_params__type_support.cpp
[1.866s] -- Up-to-date: /home/mscrobotics2425laptop11/interbotix_ws/install/interbotix_perception_msgs/include/interbotix_perception_msgs/interbotix_perception_msgs/srv/detail/snap_picture__rosidl_typesupport_introspection_cpp.hpp
[1.867s] -- Up-to-date: /home/mscrobotics2425laptop11/interbotix_ws/install/interbotix_perception_msgs/include/interbotix_perception_msgs/interbotix_perception_msgs/srv/detail/snap_picture__type_support.cpp
[1.867s] -- Up-to-date: /home/mscrobotics2425laptop11/interbotix_ws/install/interbotix_perception_msgs/include/interbotix_perception_msgs/interbotix_perception_msgs/srv/detail/filter_params__rosidl_typesupport_introspection_cpp.hpp
[1.867s] -- Up-to-date: /home/mscrobotics2425laptop11/interbotix_ws/install/interbotix_perception_msgs/include/interbotix_perception_msgs/interbotix_perception_msgs/srv/detail/cluster_info_array__rosidl_typesupport_introspection_cpp.hpp
[1.867s] -- Up-to-date: /home/mscrobotics2425laptop11/interbotix_ws/install/interbotix_perception_msgs/include/interbotix_perception_msgs/interbotix_perception_msgs/srv/detail/cluster_info_array__type_support.cpp
[1.868s] -- Up-to-date: /home/mscrobotics2425laptop11/interbotix_ws/install/interbotix_perception_msgs/lib/libinterbotix_perception_msgs__rosidl_typesupport_introspection_cpp.so
[1.868s] -- Up-to-date: /home/mscrobotics2425laptop11/interbotix_ws/install/interbotix_perception_msgs/lib/libinterbotix_perception_msgs__rosidl_typesupport_cpp.so
[1.868s] -- Up-to-date: /home/mscrobotics2425laptop11/interbotix_ws/install/interbotix_perception_msgs/share/interbotix_perception_msgs/environment/pythonpath.sh
[1.868s] -- Up-to-date: /home/mscrobotics2425laptop11/interbotix_ws/install/interbotix_perception_msgs/share/interbotix_perception_msgs/environment/pythonpath.dsv
[1.868s] -- Up-to-date: /home/mscrobotics2425laptop11/interbotix_ws/install/interbotix_perception_msgs/local/lib/python3.10/dist-packages/interbotix_perception_msgs-0.0.0-py3.10.egg-info
[1.869s] -- Installing: /home/mscrobotics2425laptop11/interbotix_ws/install/interbotix_perception_msgs/local/lib/python3.10/dist-packages/interbotix_perception_msgs-0.0.0-py3.10.egg-info/SOURCES.txt
[1.869s] -- Installing: /home/mscrobotics2425laptop11/interbotix_ws/install/interbotix_perception_msgs/local/lib/python3.10/dist-packages/interbotix_perception_msgs-0.0.0-py3.10.egg-info/dependency_links.txt
[1.869s] -- Installing: /home/mscrobotics2425laptop11/interbotix_ws/install/interbotix_perception_msgs/local/lib/python3.10/dist-packages/interbotix_perception_msgs-0.0.0-py3.10.egg-info/top_level.txt
[1.869s] -- Installing: /home/mscrobotics2425laptop11/interbotix_ws/install/interbotix_perception_msgs/local/lib/python3.10/dist-packages/interbotix_perception_msgs-0.0.0-py3.10.egg-info/PKG-INFO
[1.869s] -- Up-to-date: /home/mscrobotics2425laptop11/interbotix_ws/install/interbotix_perception_msgs/local/lib/python3.10/dist-packages/interbotix_perception_msgs
[1.870s] -- Up-to-date: /home/mscrobotics2425laptop11/interbotix_ws/install/interbotix_perception_msgs/local/lib/python3.10/dist-packages/interbotix_perception_msgs/interbotix_perception_msgs_s__rosidl_typesupport_introspection_c.cpython-310-x86_64-linux-gnu.so
[1.870s] -- Up-to-date: /home/mscrobotics2425laptop11/interbotix_ws/install/interbotix_perception_msgs/local/lib/python3.10/dist-packages/interbotix_perception_msgs/interbotix_perception_msgs_s__rosidl_typesupport_fastrtps_c.cpython-310-x86_64-linux-gnu.so
[1.870s] -- Up-to-date: /home/mscrobotics2425laptop11/interbotix_ws/install/interbotix_perception_msgs/local/lib/python3.10/dist-packages/interbotix_perception_msgs/libinterbotix_perception_msgs__rosidl_generator_py.so
[1.870s] -- Up-to-date: /home/mscrobotics2425laptop11/interbotix_ws/install/interbotix_perception_msgs/local/lib/python3.10/dist-packages/interbotix_perception_msgs/msg
[1.871s] -- Up-to-date: /home/mscrobotics2425laptop11/interbotix_ws/install/interbotix_perception_msgs/local/lib/python3.10/dist-packages/interbotix_perception_msgs/msg/_cluster_info.py
[1.871s] -- Up-to-date: /home/mscrobotics2425laptop11/interbotix_ws/install/interbotix_perception_msgs/local/lib/python3.10/dist-packages/interbotix_perception_msgs/msg/__init__.py
[1.871s] -- Up-to-date: /home/mscrobotics2425laptop11/interbotix_ws/install/interbotix_perception_msgs/local/lib/python3.10/dist-packages/interbotix_perception_msgs/msg/_cluster_info_s.c
[1.871s] -- Up-to-date: /home/mscrobotics2425laptop11/interbotix_ws/install/interbotix_perception_msgs/local/lib/python3.10/dist-packages/interbotix_perception_msgs/srv
[1.871s] -- Up-to-date: /home/mscrobotics2425laptop11/interbotix_ws/install/interbotix_perception_msgs/local/lib/python3.10/dist-packages/interbotix_perception_msgs/srv/_cluster_info_array_s.c
[1.872s] -- Up-to-date: /home/mscrobotics2425laptop11/interbotix_ws/install/interbotix_perception_msgs/local/lib/python3.10/dist-packages/interbotix_perception_msgs/srv/_snap_picture_s.c
[1.872s] -- Up-to-date: /home/mscrobotics2425laptop11/interbotix_ws/install/interbotix_perception_msgs/local/lib/python3.10/dist-packages/interbotix_perception_msgs/srv/_cluster_info_array.py
[1.872s] -- Up-to-date: /home/mscrobotics2425laptop11/interbotix_ws/install/interbotix_perception_msgs/local/lib/python3.10/dist-packages/interbotix_perception_msgs/srv/_filter_params_s.c
[1.872s] -- Up-to-date: /home/mscrobotics2425laptop11/interbotix_ws/install/interbotix_perception_msgs/local/lib/python3.10/dist-packages/interbotix_perception_msgs/srv/__init__.py
[1.872s] -- Up-to-date: /home/mscrobotics2425laptop11/interbotix_ws/install/interbotix_perception_msgs/local/lib/python3.10/dist-packages/interbotix_perception_msgs/srv/_filter_params.py
[1.873s] -- Up-to-date: /home/mscrobotics2425laptop11/interbotix_ws/install/interbotix_perception_msgs/local/lib/python3.10/dist-packages/interbotix_perception_msgs/srv/_snap_picture.py
[1.873s] -- Up-to-date: /home/mscrobotics2425laptop11/interbotix_ws/install/interbotix_perception_msgs/local/lib/python3.10/dist-packages/interbotix_perception_msgs/_interbotix_perception_msgs_s.ep.rosidl_typesupport_introspection_c.c
[1.873s] -- Up-to-date: /home/mscrobotics2425laptop11/interbotix_ws/install/interbotix_perception_msgs/local/lib/python3.10/dist-packages/interbotix_perception_msgs/__init__.py
[1.873s] -- Up-to-date: /home/mscrobotics2425laptop11/interbotix_ws/install/interbotix_perception_msgs/local/lib/python3.10/dist-packages/interbotix_perception_msgs/_interbotix_perception_msgs_s.ep.rosidl_typesupport_fastrtps_c.c
[1.874s] -- Up-to-date: /home/mscrobotics2425laptop11/interbotix_ws/install/interbotix_perception_msgs/local/lib/python3.10/dist-packages/interbotix_perception_msgs/interbotix_perception_msgs_s__rosidl_typesupport_c.cpython-310-x86_64-linux-gnu.so
[1.874s] -- Up-to-date: /home/mscrobotics2425laptop11/interbotix_ws/install/interbotix_perception_msgs/local/lib/python3.10/dist-packages/interbotix_perception_msgs/_interbotix_perception_msgs_s.ep.rosidl_typesupport_c.c
[1.904s] Listing '/home/mscrobotics2425laptop11/interbotix_ws/install/interbotix_perception_msgs/local/lib/python3.10/dist-packages/interbotix_perception_msgs'...
[1.904s] Listing '/home/mscrobotics2425laptop11/interbotix_ws/install/interbotix_perception_msgs/local/lib/python3.10/dist-packages/interbotix_perception_msgs/msg'...
[1.905s] Listing '/home/mscrobotics2425laptop11/interbotix_ws/install/interbotix_perception_msgs/local/lib/python3.10/dist-packages/interbotix_perception_msgs/srv'...
[1.914s] -- Up-to-date: /home/mscrobotics2425laptop11/interbotix_ws/install/interbotix_perception_msgs/local/lib/python3.10/dist-packages/interbotix_perception_msgs/interbotix_perception_msgs_s__rosidl_typesupport_fastrtps_c.cpython-310-x86_64-linux-gnu.so
[1.915s] -- Up-to-date: /home/mscrobotics2425laptop11/interbotix_ws/install/interbotix_perception_msgs/local/lib/python3.10/dist-packages/interbotix_perception_msgs/interbotix_perception_msgs_s__rosidl_typesupport_introspection_c.cpython-310-x86_64-linux-gnu.so
[1.915s] -- Up-to-date: /home/mscrobotics2425laptop11/interbotix_ws/install/interbotix_perception_msgs/local/lib/python3.10/dist-packages/interbotix_perception_msgs/interbotix_perception_msgs_s__rosidl_typesupport_c.cpython-310-x86_64-linux-gnu.so
[1.916s] -- Up-to-date: /home/mscrobotics2425laptop11/interbotix_ws/install/interbotix_perception_msgs/lib/libinterbotix_perception_msgs__rosidl_generator_py.so
[1.916s] -- Up-to-date: /home/mscrobotics2425laptop11/interbotix_ws/install/interbotix_perception_msgs/share/interbotix_perception_msgs/msg/ClusterInfo.idl
[1.925s] -- Up-to-date: /home/mscrobotics2425laptop11/interbotix_ws/install/interbotix_perception_msgs/share/interbotix_perception_msgs/srv/ClusterInfoArray.idl
[1.927s] -- Up-to-date: /home/mscrobotics2425laptop11/interbotix_ws/install/interbotix_perception_msgs/share/interbotix_perception_msgs/srv/FilterParams.idl
[1.931s] -- Up-to-date: /home/mscrobotics2425laptop11/interbotix_ws/install/interbotix_perception_msgs/share/interbotix_perception_msgs/srv/SnapPicture.idl
[1.931s] -- Up-to-date: /home/mscrobotics2425laptop11/interbotix_ws/install/interbotix_perception_msgs/share/interbotix_perception_msgs/msg/ClusterInfo.msg
[1.934s] -- Up-to-date: /home/mscrobotics2425laptop11/interbotix_ws/install/interbotix_perception_msgs/share/interbotix_perception_msgs/srv/ClusterInfoArray.srv
[1.934s] -- Up-to-date: /home/mscrobotics2425laptop11/interbotix_ws/install/interbotix_perception_msgs/share/interbotix_perception_msgs/srv/ClusterInfoArray_Request.msg
[1.936s] -- Up-to-date: /home/mscrobotics2425laptop11/interbotix_ws/install/interbotix_perception_msgs/share/interbotix_perception_msgs/srv/ClusterInfoArray_Response.msg
[1.936s] -- Up-to-date: /home/mscrobotics2425laptop11/interbotix_ws/install/interbotix_perception_msgs/share/interbotix_perception_msgs/srv/FilterParams.srv
[1.936s] -- Up-to-date: /home/mscrobotics2425laptop11/interbotix_ws/install/interbotix_perception_msgs/share/interbotix_perception_msgs/srv/FilterParams_Request.msg
[1.936s] -- Up-to-date: /home/mscrobotics2425laptop11/interbotix_ws/install/interbotix_perception_msgs/share/interbotix_perception_msgs/srv/FilterParams_Response.msg
[1.936s] -- Up-to-date: /home/mscrobotics2425laptop11/interbotix_ws/install/interbotix_perception_msgs/share/interbotix_perception_msgs/srv/SnapPicture.srv
[1.938s] -- Up-to-date: /home/mscrobotics2425laptop11/interbotix_ws/install/interbotix_perception_msgs/share/interbotix_perception_msgs/srv/SnapPicture_Request.msg
[1.938s] -- Up-to-date: /home/mscrobotics2425laptop11/interbotix_ws/install/interbotix_perception_msgs/share/interbotix_perception_msgs/srv/SnapPicture_Response.msg
[1.939s] -- Up-to-date: /home/mscrobotics2425laptop11/interbotix_ws/install/interbotix_perception_msgs/share/ament_index/resource_index/package_run_dependencies/interbotix_perception_msgs
[1.940s] -- Up-to-date: /home/mscrobotics2425laptop11/interbotix_ws/install/interbotix_perception_msgs/share/ament_index/resource_index/parent_prefix_path/interbotix_perception_msgs
[1.940s] -- Up-to-date: /home/mscrobotics2425laptop11/interbotix_ws/install/interbotix_perception_msgs/share/interbotix_perception_msgs/environment/ament_prefix_path.sh
[1.941s] -- Up-to-date: /home/mscrobotics2425laptop11/interbotix_ws/install/interbotix_perception_msgs/share/interbotix_perception_msgs/environment/ament_prefix_path.dsv
[1.941s] -- Up-to-date: /home/mscrobotics2425laptop11/interbotix_ws/install/interbotix_perception_msgs/share/interbotix_perception_msgs/environment/path.sh
[1.941s] -- Up-to-date: /home/mscrobotics2425laptop11/interbotix_ws/install/interbotix_perception_msgs/share/interbotix_perception_msgs/environment/path.dsv
[1.941s] -- Up-to-date: /home/mscrobotics2425laptop11/interbotix_ws/install/interbotix_perception_msgs/share/interbotix_perception_msgs/local_setup.bash
[1.941s] -- Up-to-date: /home/mscrobotics2425laptop11/interbotix_ws/install/interbotix_perception_msgs/share/interbotix_perception_msgs/local_setup.sh
[1.942s] -- Up-to-date: /home/mscrobotics2425laptop11/interbotix_ws/install/interbotix_perception_msgs/share/interbotix_perception_msgs/local_setup.zsh
[1.942s] -- Up-to-date: /home/mscrobotics2425laptop11/interbotix_ws/install/interbotix_perception_msgs/share/interbotix_perception_msgs/local_setup.dsv
[1.942s] -- Installing: /home/mscrobotics2425laptop11/interbotix_ws/install/interbotix_perception_msgs/share/interbotix_perception_msgs/package.dsv
[1.945s] -- Up-to-date: /home/mscrobotics2425laptop11/interbotix_ws/install/interbotix_perception_msgs/share/ament_index/resource_index/packages/interbotix_perception_msgs
[1.946s] -- Up-to-date: /home/mscrobotics2425laptop11/interbotix_ws/install/interbotix_perception_msgs/share/interbotix_perception_msgs/cmake/export_interbotix_perception_msgs__rosidl_generator_cExport.cmake
[1.946s] -- Up-to-date: /home/mscrobotics2425laptop11/interbotix_ws/install/interbotix_perception_msgs/share/interbotix_perception_msgs/cmake/export_interbotix_perception_msgs__rosidl_generator_cExport-noconfig.cmake
[1.946s] -- Up-to-date: /home/mscrobotics2425laptop11/interbotix_ws/install/interbotix_perception_msgs/share/interbotix_perception_msgs/cmake/export_interbotix_perception_msgs__rosidl_typesupport_fastrtps_cExport.cmake
[1.946s] -- Up-to-date: /home/mscrobotics2425laptop11/interbotix_ws/install/interbotix_perception_msgs/share/interbotix_perception_msgs/cmake/export_interbotix_perception_msgs__rosidl_typesupport_fastrtps_cExport-noconfig.cmake
[1.947s] -- Up-to-date: /home/mscrobotics2425laptop11/interbotix_ws/install/interbotix_perception_msgs/share/interbotix_perception_msgs/cmake/interbotix_perception_msgs__rosidl_typesupport_introspection_cExport.cmake
[1.947s] -- Up-to-date: /home/mscrobotics2425laptop11/interbotix_ws/install/interbotix_perception_msgs/share/interbotix_perception_msgs/cmake/interbotix_perception_msgs__rosidl_typesupport_introspection_cExport-noconfig.cmake
[1.947s] -- Up-to-date: /home/mscrobotics2425laptop11/interbotix_ws/install/interbotix_perception_msgs/share/interbotix_perception_msgs/cmake/interbotix_perception_msgs__rosidl_typesupport_cExport.cmake
[1.948s] -- Up-to-date: /home/mscrobotics2425laptop11/interbotix_ws/install/interbotix_perception_msgs/share/interbotix_perception_msgs/cmake/interbotix_perception_msgs__rosidl_typesupport_cExport-noconfig.cmake
[1.948s] -- Up-to-date: /home/mscrobotics2425laptop11/interbotix_ws/install/interbotix_perception_msgs/share/interbotix_perception_msgs/cmake/export_interbotix_perception_msgs__rosidl_generator_cppExport.cmake
[1.948s] -- Up-to-date: /home/mscrobotics2425laptop11/interbotix_ws/install/interbotix_perception_msgs/share/interbotix_perception_msgs/cmake/export_interbotix_perception_msgs__rosidl_typesupport_fastrtps_cppExport.cmake
[1.948s] -- Up-to-date: /home/mscrobotics2425laptop11/interbotix_ws/install/interbotix_perception_msgs/share/interbotix_perception_msgs/cmake/export_interbotix_perception_msgs__rosidl_typesupport_fastrtps_cppExport-noconfig.cmake
[1.949s] -- Up-to-date: /home/mscrobotics2425laptop11/interbotix_ws/install/interbotix_perception_msgs/share/interbotix_perception_msgs/cmake/interbotix_perception_msgs__rosidl_typesupport_introspection_cppExport.cmake
[1.949s] -- Up-to-date: /home/mscrobotics2425laptop11/interbotix_ws/install/interbotix_perception_msgs/share/interbotix_perception_msgs/cmake/interbotix_perception_msgs__rosidl_typesupport_introspection_cppExport-noconfig.cmake
[1.949s] -- Up-to-date: /home/mscrobotics2425laptop11/interbotix_ws/install/interbotix_perception_msgs/share/interbotix_perception_msgs/cmake/interbotix_perception_msgs__rosidl_typesupport_cppExport.cmake
[1.949s] -- Up-to-date: /home/mscrobotics2425laptop11/interbotix_ws/install/interbotix_perception_msgs/share/interbotix_perception_msgs/cmake/interbotix_perception_msgs__rosidl_typesupport_cppExport-noconfig.cmake
[1.949s] -- Up-to-date: /home/mscrobotics2425laptop11/interbotix_ws/install/interbotix_perception_msgs/share/interbotix_perception_msgs/cmake/export_interbotix_perception_msgs__rosidl_generator_pyExport.cmake
[1.949s] -- Up-to-date: /home/mscrobotics2425laptop11/interbotix_ws/install/interbotix_perception_msgs/share/interbotix_perception_msgs/cmake/export_interbotix_perception_msgs__rosidl_generator_pyExport-noconfig.cmake
[1.950s] -- Up-to-date: /home/mscrobotics2425laptop11/interbotix_ws/install/interbotix_perception_msgs/share/interbotix_perception_msgs/cmake/rosidl_cmake-extras.cmake
[1.950s] -- Up-to-date: /home/mscrobotics2425laptop11/interbotix_ws/install/interbotix_perception_msgs/share/interbotix_perception_msgs/cmake/ament_cmake_export_dependencies-extras.cmake
[1.950s] -- Up-to-date: /home/mscrobotics2425laptop11/interbotix_ws/install/interbotix_perception_msgs/share/interbotix_perception_msgs/cmake/ament_cmake_export_include_directories-extras.cmake
[1.950s] -- Up-to-date: /home/mscrobotics2425laptop11/interbotix_ws/install/interbotix_perception_msgs/share/interbotix_perception_msgs/cmake/ament_cmake_export_libraries-extras.cmake
[1.950s] -- Up-to-date: /home/mscrobotics2425laptop11/interbotix_ws/install/interbotix_perception_msgs/share/interbotix_perception_msgs/cmake/ament_cmake_export_targets-extras.cmake
[1.951s] -- Up-to-date: /home/mscrobotics2425laptop11/interbotix_ws/install/interbotix_perception_msgs/share/interbotix_perception_msgs/cmake/rosidl_cmake_export_typesupport_targets-extras.cmake
[1.951s] -- Up-to-date: /home/mscrobotics2425laptop11/interbotix_ws/install/interbotix_perception_msgs/share/interbotix_perception_msgs/cmake/rosidl_cmake_export_typesupport_libraries-extras.cmake
[1.951s] -- Up-to-date: /home/mscrobotics2425laptop11/interbotix_ws/install/interbotix_perception_msgs/share/interbotix_perception_msgs/cmake/interbotix_perception_msgsConfig.cmake
[1.952s] -- Up-to-date: /home/mscrobotics2425laptop11/interbotix_ws/install/interbotix_perception_msgs/share/interbotix_perception_msgs/cmake/interbotix_perception_msgsConfig-version.cmake
[1.952s] -- Up-to-date: /home/mscrobotics2425laptop11/interbotix_ws/install/interbotix_perception_msgs/share/interbotix_perception_msgs/package.xml
[1.994s] Invoked command in '/home/mscrobotics2425laptop11/interbotix_ws/build/interbotix_perception_msgs' returned '0': CMAKE_PREFIX_PATH=${CMAKE_PREFIX_PATH}:/home/mscrobotics2425laptop11/interbotix_ws/install/interbotix_xs_modules:/home/mscrobotics2425laptop11/interbotix_ws/install/interbotix_perception_modules:/home/mscrobotics2425laptop11/interbotix_ws/install/interbotix_common_modules:/opt/ros/humble /usr/bin/cmake --install /home/mscrobotics2425laptop11/interbotix_ws/build/interbotix_perception_msgs
