[0.876s] Invoking command in '/home/mscrobotics2425laptop11/interbotix_ws/src/interbotix_ros_toolboxes/interbotix_perception_toolbox/interbotix_perception_modules': AMENT_PREFIX_PATH=/home/mscrobotics2425laptop11/interbotix_ws/install/interbotix_perception_pipelines:/home/mscrobotics2425laptop11/interbotix_ws/install/interbotix_xs_msgs:/home/mscrobotics2425laptop11/interbotix_ws/install/interbotix_perception_msgs:/home/mscrobotics2425laptop11/interbotix_ws/install/interbotix_common_modules:${AMENT_PREFIX_PATH} CMAKE_PREFIX_PATH=/home/mscrobotics2425laptop11/interbotix_ws/install/interbotix_perception_pipelines:/home/mscrobotics2425laptop11/interbotix_ws/install/interbotix_xs_msgs:/home/mscrobotics2425laptop11/interbotix_ws/install/interbotix_perception_msgs:${CMAKE_PREFIX_PATH} LD_LIBRARY_PATH=/home/mscrobotics2425laptop11/interbotix_ws/install/interbotix_xs_msgs/lib:/home/mscrobotics2425laptop11/interbotix_ws/install/interbotix_perception_msgs/lib:${LD_LIBRARY_PATH} PYTHONPATH=/home/mscrobotics2425laptop11/interbotix_ws/build/interbotix_perception_modules/prefix_override:/usr/lib/python3/dist-packages/colcon_core/task/python/colcon_distutils_commands:/home/mscrobotics2425laptop11/interbotix_ws/install/interbotix_perception_modules/lib/python3.10/site-packages:/home/mscrobotics2425laptop11/interbotix_ws/install/interbotix_xs_msgs/local/lib/python3.10/dist-packages:/home/mscrobotics2425laptop11/interbotix_ws/install/interbotix_perception_msgs/local/lib/python3.10/dist-packages:/home/mscrobotics2425laptop11/interbotix_ws/install/interbotix_common_modules/lib/python3.10/site-packages:${PYTHONPATH} /usr/bin/python3 -W ignore:setup.py install is deprecated -W ignore:easy_install command is deprecated setup.py egg_info --egg-base ../../../../build/interbotix_perception_modules build --build-base /home/mscrobotics2425laptop11/interbotix_ws/build/interbotix_perception_modules/build install --record /home/mscrobotics2425laptop11/interbotix_ws/build/interbotix_perception_modules/install.log --single-version-externally-managed install_data
[1.339s] running egg_info
[1.340s] creating ../../../../build/interbotix_perception_modules/interbotix_perception_modules.egg-info
[1.340s] writing ../../../../build/interbotix_perception_modules/interbotix_perception_modules.egg-info/PKG-INFO
[1.341s] writing dependency_links to ../../../../build/interbotix_perception_modules/interbotix_perception_modules.egg-info/dependency_links.txt
[1.342s] writing entry points to ../../../../build/interbotix_perception_modules/interbotix_perception_modules.egg-info/entry_points.txt
[1.342s] writing requirements to ../../../../build/interbotix_perception_modules/interbotix_perception_modules.egg-info/requires.txt
[1.342s] writing top-level names to ../../../../build/interbotix_perception_modules/interbotix_perception_modules.egg-info/top_level.txt
[1.343s] writing manifest file '../../../../build/interbotix_perception_modules/interbotix_perception_modules.egg-info/SOURCES.txt'
[1.347s] reading manifest file '../../../../build/interbotix_perception_modules/interbotix_perception_modules.egg-info/SOURCES.txt'
[1.349s] writing manifest file '../../../../build/interbotix_perception_modules/interbotix_perception_modules.egg-info/SOURCES.txt'
[1.350s] running build
[1.350s] running build_py
[1.350s] creating /home/mscrobotics2425laptop11/interbotix_ws/build/interbotix_perception_modules/build
[1.351s] creating /home/mscrobotics2425laptop11/interbotix_ws/build/interbotix_perception_modules/build/lib
[1.351s] creating /home/mscrobotics2425laptop11/interbotix_ws/build/interbotix_perception_modules/build/lib/interbotix_perception_modules
[1.351s] copying interbotix_perception_modules/pointcloud_tuner_gui.py -> /home/mscrobotics2425laptop11/interbotix_ws/build/interbotix_perception_modules/build/lib/interbotix_perception_modules
[1.352s] copying interbotix_perception_modules/picture_snapper.py -> /home/mscrobotics2425laptop11/interbotix_ws/build/interbotix_perception_modules/build/lib/interbotix_perception_modules
[1.353s] copying interbotix_perception_modules/armtag_tuner_gui.py -> /home/mscrobotics2425laptop11/interbotix_ws/build/interbotix_perception_modules/build/lib/interbotix_perception_modules
[1.354s] copying interbotix_perception_modules/pointcloud.py -> /home/mscrobotics2425laptop11/interbotix_ws/build/interbotix_perception_modules/build/lib/interbotix_perception_modules
[1.354s] copying interbotix_perception_modules/armtag.py -> /home/mscrobotics2425laptop11/interbotix_ws/build/interbotix_perception_modules/build/lib/interbotix_perception_modules
[1.354s] copying interbotix_perception_modules/__init__.py -> /home/mscrobotics2425laptop11/interbotix_ws/build/interbotix_perception_modules/build/lib/interbotix_perception_modules
[1.354s] copying interbotix_perception_modules/apriltag.py -> /home/mscrobotics2425laptop11/interbotix_ws/build/interbotix_perception_modules/build/lib/interbotix_perception_modules
[1.355s] running install
[1.355s] running install_lib
[1.357s] creating /home/mscrobotics2425laptop11/interbotix_ws/install/interbotix_perception_modules/lib/python3.10/site-packages/interbotix_perception_modules
[1.357s] copying /home/mscrobotics2425laptop11/interbotix_ws/build/interbotix_perception_modules/build/lib/interbotix_perception_modules/pointcloud_tuner_gui.py -> /home/mscrobotics2425laptop11/interbotix_ws/install/interbotix_perception_modules/lib/python3.10/site-packages/interbotix_perception_modules
[1.358s] copying /home/mscrobotics2425laptop11/interbotix_ws/build/interbotix_perception_modules/build/lib/interbotix_perception_modules/picture_snapper.py -> /home/mscrobotics2425laptop11/interbotix_ws/install/interbotix_perception_modules/lib/python3.10/site-packages/interbotix_perception_modules
[1.359s] copying /home/mscrobotics2425laptop11/interbotix_ws/build/interbotix_perception_modules/build/lib/interbotix_perception_modules/armtag_tuner_gui.py -> /home/mscrobotics2425laptop11/interbotix_ws/install/interbotix_perception_modules/lib/python3.10/site-packages/interbotix_perception_modules
[1.359s] copying /home/mscrobotics2425laptop11/interbotix_ws/build/interbotix_perception_modules/build/lib/interbotix_perception_modules/pointcloud.py -> /home/mscrobotics2425laptop11/interbotix_ws/install/interbotix_perception_modules/lib/python3.10/site-packages/interbotix_perception_modules
[1.359s] copying /home/mscrobotics2425laptop11/interbotix_ws/build/interbotix_perception_modules/build/lib/interbotix_perception_modules/armtag.py -> /home/mscrobotics2425laptop11/interbotix_ws/install/interbotix_perception_modules/lib/python3.10/site-packages/interbotix_perception_modules
[1.360s] copying /home/mscrobotics2425laptop11/interbotix_ws/build/interbotix_perception_modules/build/lib/interbotix_perception_modules/__init__.py -> /home/mscrobotics2425laptop11/interbotix_ws/install/interbotix_perception_modules/lib/python3.10/site-packages/interbotix_perception_modules
[1.360s] copying /home/mscrobotics2425laptop11/interbotix_ws/build/interbotix_perception_modules/build/lib/interbotix_perception_modules/apriltag.py -> /home/mscrobotics2425laptop11/interbotix_ws/install/interbotix_perception_modules/lib/python3.10/site-packages/interbotix_perception_modules
[1.361s] byte-compiling /home/mscrobotics2425laptop11/interbotix_ws/install/interbotix_perception_modules/lib/python3.10/site-packages/interbotix_perception_modules/pointcloud_tuner_gui.py to pointcloud_tuner_gui.cpython-310.pyc
[1.367s] byte-compiling /home/mscrobotics2425laptop11/interbotix_ws/install/interbotix_perception_modules/lib/python3.10/site-packages/interbotix_perception_modules/picture_snapper.py to picture_snapper.cpython-310.pyc
[1.369s] byte-compiling /home/mscrobotics2425laptop11/interbotix_ws/install/interbotix_perception_modules/lib/python3.10/site-packages/interbotix_perception_modules/armtag_tuner_gui.py to armtag_tuner_gui.cpython-310.pyc
[1.371s] byte-compiling /home/mscrobotics2425laptop11/interbotix_ws/install/interbotix_perception_modules/lib/python3.10/site-packages/interbotix_perception_modules/pointcloud.py to pointcloud.cpython-310.pyc
[1.379s] byte-compiling /home/mscrobotics2425laptop11/interbotix_ws/install/interbotix_perception_modules/lib/python3.10/site-packages/interbotix_perception_modules/armtag.py to armtag.cpython-310.pyc
[1.382s] byte-compiling /home/mscrobotics2425laptop11/interbotix_ws/install/interbotix_perception_modules/lib/python3.10/site-packages/interbotix_perception_modules/__init__.py to __init__.cpython-310.pyc
[1.383s] byte-compiling /home/mscrobotics2425laptop11/interbotix_ws/install/interbotix_perception_modules/lib/python3.10/site-packages/interbotix_perception_modules/apriltag.py to apriltag.cpython-310.pyc
[1.385s] running install_data
[1.385s] creating /home/mscrobotics2425laptop11/interbotix_ws/install/interbotix_perception_modules/share/ament_index
[1.386s] creating /home/mscrobotics2425laptop11/interbotix_ws/install/interbotix_perception_modules/share/ament_index/resource_index
[1.386s] creating /home/mscrobotics2425laptop11/interbotix_ws/install/interbotix_perception_modules/share/ament_index/resource_index/packages
[1.386s] copying resource/interbotix_perception_modules -> /home/mscrobotics2425laptop11/interbotix_ws/install/interbotix_perception_modules/share/ament_index/resource_index/packages
[1.387s] copying package.xml -> /home/mscrobotics2425laptop11/interbotix_ws/install/interbotix_perception_modules/share/interbotix_perception_modules
[1.387s] creating /home/mscrobotics2425laptop11/interbotix_ws/install/interbotix_perception_modules/share/interbotix_perception_modules/launch
[1.387s] copying launch/picture_snapper.launch.py -> /home/mscrobotics2425laptop11/interbotix_ws/install/interbotix_perception_modules/share/interbotix_perception_modules/launch
[1.387s] copying launch/apriltag.launch.py -> /home/mscrobotics2425laptop11/interbotix_ws/install/interbotix_perception_modules/share/interbotix_perception_modules/launch
[1.387s] copying launch/pc_filter.launch.py -> /home/mscrobotics2425laptop11/interbotix_ws/install/interbotix_perception_modules/share/interbotix_perception_modules/launch
[1.387s] copying launch/armtag.launch.py -> /home/mscrobotics2425laptop11/interbotix_ws/install/interbotix_perception_modules/share/interbotix_perception_modules/launch
[1.388s] creating /home/mscrobotics2425laptop11/interbotix_ws/install/interbotix_perception_modules/share/interbotix_perception_modules/config
[1.388s] copying config/tags.yaml -> /home/mscrobotics2425laptop11/interbotix_ws/install/interbotix_perception_modules/share/interbotix_perception_modules/config
[1.388s] copying config/filter_params.yaml -> /home/mscrobotics2425laptop11/interbotix_ws/install/interbotix_perception_modules/share/interbotix_perception_modules/config
[1.388s] creating /home/mscrobotics2425laptop11/interbotix_ws/install/interbotix_perception_modules/share/interbotix_perception_modules/ui
[1.388s] copying src/ui/armtagtunergui.ui -> /home/mscrobotics2425laptop11/interbotix_ws/install/interbotix_perception_modules/share/interbotix_perception_modules/ui
[1.389s] copying src/ui/pointcloudtunergui.ui -> /home/mscrobotics2425laptop11/interbotix_ws/install/interbotix_perception_modules/share/interbotix_perception_modules/ui
[1.389s] running install_egg_info
[1.394s] Copying ../../../../build/interbotix_perception_modules/interbotix_perception_modules.egg-info to /home/mscrobotics2425laptop11/interbotix_ws/install/interbotix_perception_modules/lib/python3.10/site-packages/interbotix_perception_modules-0.0.0-py3.10.egg-info
[1.397s] running install_scripts
[1.433s] Installing armtag_tuner_gui script to /home/mscrobotics2425laptop11/interbotix_ws/install/interbotix_perception_modules/lib/interbotix_perception_modules
[1.433s] Installing picture_snapper script to /home/mscrobotics2425laptop11/interbotix_ws/install/interbotix_perception_modules/lib/interbotix_perception_modules
[1.433s] Installing pointcloud_tuner_gui script to /home/mscrobotics2425laptop11/interbotix_ws/install/interbotix_perception_modules/lib/interbotix_perception_modules
[1.434s] writing list of installed files to '/home/mscrobotics2425laptop11/interbotix_ws/build/interbotix_perception_modules/install.log'
[1.478s] Invoked command in '/home/mscrobotics2425laptop11/interbotix_ws/src/interbotix_ros_toolboxes/interbotix_perception_toolbox/interbotix_perception_modules' returned '0': AMENT_PREFIX_PATH=/home/mscrobotics2425laptop11/interbotix_ws/install/interbotix_perception_pipelines:/home/mscrobotics2425laptop11/interbotix_ws/install/interbotix_xs_msgs:/home/mscrobotics2425laptop11/interbotix_ws/install/interbotix_perception_msgs:/home/mscrobotics2425laptop11/interbotix_ws/install/interbotix_common_modules:${AMENT_PREFIX_PATH} CMAKE_PREFIX_PATH=/home/mscrobotics2425laptop11/interbotix_ws/install/interbotix_perception_pipelines:/home/mscrobotics2425laptop11/interbotix_ws/install/interbotix_xs_msgs:/home/mscrobotics2425laptop11/interbotix_ws/install/interbotix_perception_msgs:${CMAKE_PREFIX_PATH} LD_LIBRARY_PATH=/home/mscrobotics2425laptop11/interbotix_ws/install/interbotix_xs_msgs/lib:/home/mscrobotics2425laptop11/interbotix_ws/install/interbotix_perception_msgs/lib:${LD_LIBRARY_PATH} PYTHONPATH=/home/mscrobotics2425laptop11/interbotix_ws/build/interbotix_perception_modules/prefix_override:/usr/lib/python3/dist-packages/colcon_core/task/python/colcon_distutils_commands:/home/mscrobotics2425laptop11/interbotix_ws/install/interbotix_perception_modules/lib/python3.10/site-packages:/home/mscrobotics2425laptop11/interbotix_ws/install/interbotix_xs_msgs/local/lib/python3.10/dist-packages:/home/mscrobotics2425laptop11/interbotix_ws/install/interbotix_perception_msgs/local/lib/python3.10/dist-packages:/home/mscrobotics2425laptop11/interbotix_ws/install/interbotix_common_modules/lib/python3.10/site-packages:${PYTHONPATH} /usr/bin/python3 -W ignore:setup.py install is deprecated -W ignore:easy_install command is deprecated setup.py egg_info --egg-base ../../../../build/interbotix_perception_modules build --build-base /home/mscrobotics2425laptop11/interbotix_ws/build/interbotix_perception_modules/build install --record /home/mscrobotics2425laptop11/interbotix_ws/build/interbotix_perception_modules/install.log --single-version-externally-managed install_data
