[0.553s] Invoking command in '/home/mscrobotics2425laptop11/interbotix_ws/build/interbotix_moveit_interface_msgs': CMAKE_PREFIX_PATH=${CMAKE_PREFIX_PATH}:/opt/ros/humble /usr/bin/cmake /home/mscrobotics2425laptop11/interbotix_ws/src/interbotix_ros_toolboxes/interbotix_common_toolbox/interbotix_moveit_interface_msgs -DCMAKE_INSTALL_PREFIX=/home/mscrobotics2425laptop11/interbotix_ws/install/interbotix_moveit_interface_msgs
[0.654s] -- The C compiler identification is GNU 11.4.0
[0.793s] -- The CXX compiler identification is GNU 11.4.0
[0.817s] -- Detecting C compiler ABI info
[0.953s] -- Detecting C compiler ABI info - done
[0.977s] -- Check for working C compiler: /usr/bin/cc - skipped
[0.977s] -- Detecting C compile features
[0.978s] -- Detecting C compile features - done
[0.986s] -- Detecting CXX compiler ABI info
[1.146s] -- Detecting CXX compiler ABI info - done
[1.167s] -- Check for working CXX compiler: /usr/bin/c++ - skipped
[1.167s] -- Detecting CXX compile features
[1.169s] -- Detecting CXX compile features - done
[1.174s] -- Found rosidl_default_generators: 1.2.0 (/opt/ros/humble/share/rosidl_default_generators/cmake)
[1.178s] -- Found ament_cmake_core: 1.3.11 (/opt/ros/humble/share/ament_cmake_core/cmake)
[1.466s] -- Found Python3: /usr/bin/python3 (found version "3.10.12") found components: Interpreter 
[1.590s] -- Using all available rosidl_typesupport_c: rosidl_typesupport_fastrtps_c;rosidl_typesupport_introspection_c
[1.605s] -- Found rosidl_adapter: 3.1.6 (/opt/ros/humble/share/rosidl_adapter/cmake)
[1.766s] -- Using all available rosidl_typesupport_cpp: rosidl_typesupport_fastrtps_cpp;rosidl_typesupport_introspection_cpp
[1.831s] -- Found std_msgs: 4.2.4 (/opt/ros/humble/share/std_msgs/cmake)
[1.894s] -- Found geometry_msgs: 4.2.4 (/opt/ros/humble/share/geometry_msgs/cmake)
[2.640s] -- Found ament_cmake_ros: 0.10.0 (/opt/ros/humble/share/ament_cmake_ros/cmake)
[3.388s] -- Using all available rosidl_typesupport_c: rosidl_typesupport_fastrtps_c;rosidl_typesupport_introspection_c
[4.177s] -- Using all available rosidl_typesupport_cpp: rosidl_typesupport_fastrtps_cpp;rosidl_typesupport_introspection_cpp
[4.232s] -- Found PythonInterp: /usr/bin/python3 (found suitable version "3.10.12", minimum required is "3.6") 
[4.236s] -- Found python_cmake_module: 0.10.0 (/opt/ros/humble/share/python_cmake_module/cmake)
[4.283s] -- Found PythonLibs: /usr/lib/x86_64-linux-gnu/libpython3.10.so (found suitable version "3.10.12", minimum required is "3.5") 
[4.283s] -- Using PYTHON_EXECUTABLE: /usr/bin/python3
[4.283s] -- Using PYTHON_INCLUDE_DIRS: /usr/include/python3.10
[4.283s] -- Using PYTHON_LIBRARIES: /usr/lib/x86_64-linux-gnu/libpython3.10.so
[4.324s] -- Found PythonExtra: .so  
[4.481s] -- Found ament_lint_auto: 0.12.11 (/opt/ros/humble/share/ament_lint_auto/cmake)
[4.517s] -- Configuring done
[4.609s] -- Generating done
[4.626s] -- Build files have been written to: /home/mscrobotics2425laptop11/interbotix_ws/build/interbotix_moveit_interface_msgs
[4.635s] Invoked command in '/home/mscrobotics2425laptop11/interbotix_ws/build/interbotix_moveit_interface_msgs' returned '0': CMAKE_PREFIX_PATH=${CMAKE_PREFIX_PATH}:/opt/ros/humble /usr/bin/cmake /home/mscrobotics2425laptop11/interbotix_ws/src/interbotix_ros_toolboxes/interbotix_common_toolbox/interbotix_moveit_interface_msgs -DCMAKE_INSTALL_PREFIX=/home/mscrobotics2425laptop11/interbotix_ws/install/interbotix_moveit_interface_msgs
[4.638s] Invoking command in '/home/mscrobotics2425laptop11/interbotix_ws/build/interbotix_moveit_interface_msgs': CMAKE_PREFIX_PATH=${CMAKE_PREFIX_PATH}:/opt/ros/humble /usr/bin/cmake --build /home/mscrobotics2425laptop11/interbotix_ws/build/interbotix_moveit_interface_msgs -- -j12 -l12
[4.714s] [  3%] [34m[1mGenerating C code for ROS interfaces[0m
[4.744s] [  6%] [34m[1mGenerating C++ code for ROS interfaces[0m
[4.765s] [  6%] Built target ament_cmake_python_copy_interbotix_moveit_interface_msgs
[5.284s] running egg_info
[5.285s] creating interbotix_moveit_interface_msgs.egg-info
[5.285s] writing interbotix_moveit_interface_msgs.egg-info/PKG-INFO
[5.285s] writing dependency_links to interbotix_moveit_interface_msgs.egg-info/dependency_links.txt
[5.285s] writing top-level names to interbotix_moveit_interface_msgs.egg-info/top_level.txt
[5.286s] writing manifest file 'interbotix_moveit_interface_msgs.egg-info/SOURCES.txt'
[5.292s] reading manifest file 'interbotix_moveit_interface_msgs.egg-info/SOURCES.txt'
[5.295s] writing manifest file 'interbotix_moveit_interface_msgs.egg-info/SOURCES.txt'
[5.359s] [  6%] Built target ament_cmake_python_build_interbotix_moveit_interface_msgs_egg
[5.727s] [  9%] [32mBuilding C object CMakeFiles/interbotix_moveit_interface_msgs__rosidl_generator_c.dir/rosidl_generator_c/interbotix_moveit_interface_msgs/srv/detail/move_it_plan__functions.c.o[0m
[5.823s] [  9%] Built target interbotix_moveit_interface_msgs__cpp
[5.851s] [ 12%] [34m[1mGenerating C++ introspection for ROS interfaces[0m
[5.855s] [ 16%] [34m[1mGenerating C++ type support dispatch for ROS interfaces[0m
[5.861s] [ 19%] [34m[1mGenerating C++ type support for eProsima Fast-RTPS[0m
[5.920s] [ 22%] [32m[1mLinking C shared library libinterbotix_moveit_interface_msgs__rosidl_generator_c.so[0m
[6.024s] [ 22%] Built target interbotix_moveit_interface_msgs__rosidl_generator_c
[6.071s] [ 25%] [34m[1mGenerating C type support for eProsima Fast-RTPS[0m
[6.077s] [ 29%] [34m[1mGenerating C introspection for ROS interfaces[0m
[6.085s] [ 32%] [34m[1mGenerating C type support dispatch for ROS interfaces[0m
[6.765s] [ 35%] [32mBuilding CXX object CMakeFiles/interbotix_moveit_interface_msgs__rosidl_typesupport_cpp.dir/rosidl_typesupport_cpp/interbotix_moveit_interface_msgs/srv/move_it_plan__type_support.cpp.o[0m
[6.961s] [ 38%] [32mBuilding CXX object CMakeFiles/interbotix_moveit_interface_msgs__rosidl_typesupport_introspection_cpp.dir/rosidl_typesupport_introspection_cpp/interbotix_moveit_interface_msgs/srv/detail/move_it_plan__type_support.cpp.o[0m
[7.158s] [ 41%] [32mBuilding CXX object CMakeFiles/interbotix_moveit_interface_msgs__rosidl_typesupport_c.dir/rosidl_typesupport_c/interbotix_moveit_interface_msgs/srv/move_it_plan__type_support.cpp.o[0m
[7.179s] [ 45%] [32mBuilding CXX object CMakeFiles/interbotix_moveit_interface_msgs__rosidl_typesupport_fastrtps_cpp.dir/rosidl_typesupport_fastrtps_cpp/interbotix_moveit_interface_msgs/srv/detail/dds_fastrtps/move_it_plan__type_support.cpp.o[0m
[7.284s] [ 48%] [32mBuilding C object CMakeFiles/interbotix_moveit_interface_msgs__rosidl_typesupport_introspection_c.dir/rosidl_typesupport_introspection_c/interbotix_moveit_interface_msgs/srv/detail/move_it_plan__type_support.c.o[0m
[7.305s] [ 51%] [32m[1mLinking CXX shared library libinterbotix_moveit_interface_msgs__rosidl_typesupport_c.so[0m
[7.365s] [ 54%] [32mBuilding CXX object CMakeFiles/interbotix_moveit_interface_msgs__rosidl_typesupport_fastrtps_c.dir/rosidl_typesupport_fastrtps_c/interbotix_moveit_interface_msgs/srv/detail/move_it_plan__type_support_c.cpp.o[0m
[7.403s] [ 58%] [32m[1mLinking CXX shared library libinterbotix_moveit_interface_msgs__rosidl_typesupport_cpp.so[0m
[7.442s] [ 58%] Built target interbotix_moveit_interface_msgs__rosidl_typesupport_c
[7.502s] [ 61%] [32m[1mLinking C shared library libinterbotix_moveit_interface_msgs__rosidl_typesupport_introspection_c.so[0m
[7.550s] [ 61%] Built target interbotix_moveit_interface_msgs__rosidl_typesupport_cpp
[7.621s] [ 61%] Built target interbotix_moveit_interface_msgs__rosidl_typesupport_introspection_c
[8.017s] [ 64%] [32m[1mLinking CXX shared library libinterbotix_moveit_interface_msgs__rosidl_typesupport_introspection_cpp.so[0m
[8.105s] [ 67%] [32m[1mLinking CXX shared library libinterbotix_moveit_interface_msgs__rosidl_typesupport_fastrtps_c.so[0m
[8.155s] [ 67%] Built target interbotix_moveit_interface_msgs__rosidl_typesupport_introspection_cpp
[8.372s] [ 67%] Built target interbotix_moveit_interface_msgs__rosidl_typesupport_fastrtps_c
[8.662s] [ 70%] [32m[1mLinking CXX shared library libinterbotix_moveit_interface_msgs__rosidl_typesupport_fastrtps_cpp.so[0m
[8.913s] [ 70%] Built target interbotix_moveit_interface_msgs__rosidl_typesupport_fastrtps_cpp
[8.960s] [ 70%] Built target interbotix_moveit_interface_msgs
[9.011s] [ 74%] [34m[1mGenerating Python code for ROS interfaces[0m
[10.378s] [ 74%] Built target interbotix_moveit_interface_msgs__py
[10.429s] [ 77%] [32mBuilding C object CMakeFiles/interbotix_moveit_interface_msgs__rosidl_generator_py.dir/rosidl_generator_py/interbotix_moveit_interface_msgs/srv/_move_it_plan_s.c.o[0m
[11.046s] [ 80%] [32m[1mLinking C shared library rosidl_generator_py/interbotix_moveit_interface_msgs/libinterbotix_moveit_interface_msgs__rosidl_generator_py.so[0m
[11.225s] [ 80%] Built target interbotix_moveit_interface_msgs__rosidl_generator_py
[11.353s] [ 83%] [32mBuilding C object CMakeFiles/interbotix_moveit_interface_msgs__rosidl_typesupport_c__pyext.dir/rosidl_generator_py/interbotix_moveit_interface_msgs/_interbotix_moveit_interface_msgs_s.ep.rosidl_typesupport_c.c.o[0m
[11.393s] [ 87%] [32mBuilding C object CMakeFiles/interbotix_moveit_interface_msgs__rosidl_typesupport_fastrtps_c__pyext.dir/rosidl_generator_py/interbotix_moveit_interface_msgs/_interbotix_moveit_interface_msgs_s.ep.rosidl_typesupport_fastrtps_c.c.o[0m
[11.418s] [ 90%] [32mBuilding C object CMakeFiles/interbotix_moveit_interface_msgs__rosidl_typesupport_introspection_c__pyext.dir/rosidl_generator_py/interbotix_moveit_interface_msgs/_interbotix_moveit_interface_msgs_s.ep.rosidl_typesupport_introspection_c.c.o[0m
[12.062s] [ 93%] [32m[1mLinking C shared library rosidl_generator_py/interbotix_moveit_interface_msgs/interbotix_moveit_interface_msgs_s__rosidl_typesupport_fastrtps_c.cpython-310-x86_64-linux-gnu.so[0m
[12.110s] [ 96%] [32m[1mLinking C shared library rosidl_generator_py/interbotix_moveit_interface_msgs/interbotix_moveit_interface_msgs_s__rosidl_typesupport_c.cpython-310-x86_64-linux-gnu.so[0m
[12.161s] [100%] [32m[1mLinking C shared library rosidl_generator_py/interbotix_moveit_interface_msgs/interbotix_moveit_interface_msgs_s__rosidl_typesupport_introspection_c.cpython-310-x86_64-linux-gnu.so[0m
[12.352s] [100%] Built target interbotix_moveit_interface_msgs__rosidl_typesupport_c__pyext
[12.389s] [100%] Built target interbotix_moveit_interface_msgs__rosidl_typesupport_fastrtps_c__pyext
[12.496s] [100%] Built target interbotix_moveit_interface_msgs__rosidl_typesupport_introspection_c__pyext
[12.601s] Invoked command in '/home/mscrobotics2425laptop11/interbotix_ws/build/interbotix_moveit_interface_msgs' returned '0': CMAKE_PREFIX_PATH=${CMAKE_PREFIX_PATH}:/opt/ros/humble /usr/bin/cmake --build /home/mscrobotics2425laptop11/interbotix_ws/build/interbotix_moveit_interface_msgs -- -j12 -l12
[12.603s] Invoking command in '/home/mscrobotics2425laptop11/interbotix_ws/build/interbotix_moveit_interface_msgs': CMAKE_PREFIX_PATH=${CMAKE_PREFIX_PATH}:/opt/ros/humble /usr/bin/cmake --install /home/mscrobotics2425laptop11/interbotix_ws/build/interbotix_moveit_interface_msgs
[12.652s] -- Install configuration: ""
[12.653s] -- Installing: /home/mscrobotics2425laptop11/interbotix_ws/install/interbotix_moveit_interface_msgs/share/ament_index/resource_index/rosidl_interfaces/interbotix_moveit_interface_msgs
[12.653s] -- Installing: /home/mscrobotics2425laptop11/interbotix_ws/install/interbotix_moveit_interface_msgs/include/interbotix_moveit_interface_msgs/interbotix_moveit_interface_msgs
[12.653s] -- Installing: /home/mscrobotics2425laptop11/interbotix_ws/install/interbotix_moveit_interface_msgs/include/interbotix_moveit_interface_msgs/interbotix_moveit_interface_msgs/msg
[12.653s] -- Installing: /home/mscrobotics2425laptop11/interbotix_ws/install/interbotix_moveit_interface_msgs/include/interbotix_moveit_interface_msgs/interbotix_moveit_interface_msgs/msg/rosidl_generator_c__visibility_control.h
[12.654s] -- Installing: /home/mscrobotics2425laptop11/interbotix_ws/install/interbotix_moveit_interface_msgs/include/interbotix_moveit_interface_msgs/interbotix_moveit_interface_msgs/srv
[12.655s] -- Installing: /home/mscrobotics2425laptop11/interbotix_ws/install/interbotix_moveit_interface_msgs/include/interbotix_moveit_interface_msgs/interbotix_moveit_interface_msgs/srv/move_it_plan.h
[12.657s] -- Installing: /home/mscrobotics2425laptop11/interbotix_ws/install/interbotix_moveit_interface_msgs/include/interbotix_moveit_interface_msgs/interbotix_moveit_interface_msgs/srv/detail
[12.657s] -- Installing: /home/mscrobotics2425laptop11/interbotix_ws/install/interbotix_moveit_interface_msgs/include/interbotix_moveit_interface_msgs/interbotix_moveit_interface_msgs/srv/detail/move_it_plan__functions.h
[12.661s] -- Installing: /home/mscrobotics2425laptop11/interbotix_ws/install/interbotix_moveit_interface_msgs/include/interbotix_moveit_interface_msgs/interbotix_moveit_interface_msgs/srv/detail/move_it_plan__struct.h
[12.662s] -- Installing: /home/mscrobotics2425laptop11/interbotix_ws/install/interbotix_moveit_interface_msgs/include/interbotix_moveit_interface_msgs/interbotix_moveit_interface_msgs/srv/detail/move_it_plan__type_support.h
[12.663s] -- Installing: /home/mscrobotics2425laptop11/interbotix_ws/install/interbotix_moveit_interface_msgs/include/interbotix_moveit_interface_msgs/interbotix_moveit_interface_msgs/srv/detail/move_it_plan__functions.c
[12.664s] -- Installing: /home/mscrobotics2425laptop11/interbotix_ws/install/interbotix_moveit_interface_msgs/share/interbotix_moveit_interface_msgs/environment/library_path.sh
[12.666s] -- Installing: /home/mscrobotics2425laptop11/interbotix_ws/install/interbotix_moveit_interface_msgs/share/interbotix_moveit_interface_msgs/environment/library_path.dsv
[12.666s] -- Installing: /home/mscrobotics2425laptop11/interbotix_ws/install/interbotix_moveit_interface_msgs/lib/libinterbotix_moveit_interface_msgs__rosidl_generator_c.so
[12.670s] -- Set runtime path of "/home/mscrobotics2425laptop11/interbotix_ws/install/interbotix_moveit_interface_msgs/lib/libinterbotix_moveit_interface_msgs__rosidl_generator_c.so" to ""
[12.674s] -- Up-to-date: /home/mscrobotics2425laptop11/interbotix_ws/install/interbotix_moveit_interface_msgs/include/interbotix_moveit_interface_msgs/interbotix_moveit_interface_msgs
[12.675s] -- Up-to-date: /home/mscrobotics2425laptop11/interbotix_ws/install/interbotix_moveit_interface_msgs/include/interbotix_moveit_interface_msgs/interbotix_moveit_interface_msgs/msg
[12.675s] -- Installing: /home/mscrobotics2425laptop11/interbotix_ws/install/interbotix_moveit_interface_msgs/include/interbotix_moveit_interface_msgs/interbotix_moveit_interface_msgs/msg/rosidl_typesupport_fastrtps_c__visibility_control.h
[12.675s] -- Up-to-date: /home/mscrobotics2425laptop11/interbotix_ws/install/interbotix_moveit_interface_msgs/include/interbotix_moveit_interface_msgs/interbotix_moveit_interface_msgs/srv
[12.676s] -- Up-to-date: /home/mscrobotics2425laptop11/interbotix_ws/install/interbotix_moveit_interface_msgs/include/interbotix_moveit_interface_msgs/interbotix_moveit_interface_msgs/srv/detail
[12.676s] -- Installing: /home/mscrobotics2425laptop11/interbotix_ws/install/interbotix_moveit_interface_msgs/include/interbotix_moveit_interface_msgs/interbotix_moveit_interface_msgs/srv/detail/move_it_plan__rosidl_typesupport_fastrtps_c.h
[12.676s] -- Installing: /home/mscrobotics2425laptop11/interbotix_ws/install/interbotix_moveit_interface_msgs/lib/libinterbotix_moveit_interface_msgs__rosidl_typesupport_fastrtps_c.so
[12.676s] -- Set runtime path of "/home/mscrobotics2425laptop11/interbotix_ws/install/interbotix_moveit_interface_msgs/lib/libinterbotix_moveit_interface_msgs__rosidl_typesupport_fastrtps_c.so" to ""
[12.676s] -- Up-to-date: /home/mscrobotics2425laptop11/interbotix_ws/install/interbotix_moveit_interface_msgs/include/interbotix_moveit_interface_msgs/interbotix_moveit_interface_msgs
[12.676s] -- Up-to-date: /home/mscrobotics2425laptop11/interbotix_ws/install/interbotix_moveit_interface_msgs/include/interbotix_moveit_interface_msgs/interbotix_moveit_interface_msgs/msg
[12.677s] -- Installing: /home/mscrobotics2425laptop11/interbotix_ws/install/interbotix_moveit_interface_msgs/include/interbotix_moveit_interface_msgs/interbotix_moveit_interface_msgs/msg/rosidl_typesupport_introspection_c__visibility_control.h
[12.677s] -- Up-to-date: /home/mscrobotics2425laptop11/interbotix_ws/install/interbotix_moveit_interface_msgs/include/interbotix_moveit_interface_msgs/interbotix_moveit_interface_msgs/srv
[12.681s] -- Up-to-date: /home/mscrobotics2425laptop11/interbotix_ws/install/interbotix_moveit_interface_msgs/include/interbotix_moveit_interface_msgs/interbotix_moveit_interface_msgs/srv/detail
[12.681s] -- Installing: /home/mscrobotics2425laptop11/interbotix_ws/install/interbotix_moveit_interface_msgs/include/interbotix_moveit_interface_msgs/interbotix_moveit_interface_msgs/srv/detail/move_it_plan__type_support.c
[12.682s] -- Installing: /home/mscrobotics2425laptop11/interbotix_ws/install/interbotix_moveit_interface_msgs/include/interbotix_moveit_interface_msgs/interbotix_moveit_interface_msgs/srv/detail/move_it_plan__rosidl_typesupport_introspection_c.h
[12.687s] -- Installing: /home/mscrobotics2425laptop11/interbotix_ws/install/interbotix_moveit_interface_msgs/lib/libinterbotix_moveit_interface_msgs__rosidl_typesupport_introspection_c.so
[12.690s] -- Set runtime path of "/home/mscrobotics2425laptop11/interbotix_ws/install/interbotix_moveit_interface_msgs/lib/libinterbotix_moveit_interface_msgs__rosidl_typesupport_introspection_c.so" to ""
[12.690s] -- Installing: /home/mscrobotics2425laptop11/interbotix_ws/install/interbotix_moveit_interface_msgs/lib/libinterbotix_moveit_interface_msgs__rosidl_typesupport_c.so
[12.692s] -- Set runtime path of "/home/mscrobotics2425laptop11/interbotix_ws/install/interbotix_moveit_interface_msgs/lib/libinterbotix_moveit_interface_msgs__rosidl_typesupport_c.so" to ""
[12.693s] -- Up-to-date: /home/mscrobotics2425laptop11/interbotix_ws/install/interbotix_moveit_interface_msgs/include/interbotix_moveit_interface_msgs/interbotix_moveit_interface_msgs
[12.693s] -- Up-to-date: /home/mscrobotics2425laptop11/interbotix_ws/install/interbotix_moveit_interface_msgs/include/interbotix_moveit_interface_msgs/interbotix_moveit_interface_msgs/msg
[12.694s] -- Installing: /home/mscrobotics2425laptop11/interbotix_ws/install/interbotix_moveit_interface_msgs/include/interbotix_moveit_interface_msgs/interbotix_moveit_interface_msgs/msg/rosidl_generator_cpp__visibility_control.hpp
[12.695s] -- Up-to-date: /home/mscrobotics2425laptop11/interbotix_ws/install/interbotix_moveit_interface_msgs/include/interbotix_moveit_interface_msgs/interbotix_moveit_interface_msgs/srv
[12.696s] -- Installing: /home/mscrobotics2425laptop11/interbotix_ws/install/interbotix_moveit_interface_msgs/include/interbotix_moveit_interface_msgs/interbotix_moveit_interface_msgs/srv/move_it_plan.hpp
[12.697s] -- Up-to-date: /home/mscrobotics2425laptop11/interbotix_ws/install/interbotix_moveit_interface_msgs/include/interbotix_moveit_interface_msgs/interbotix_moveit_interface_msgs/srv/detail
[12.700s] -- Installing: /home/mscrobotics2425laptop11/interbotix_ws/install/interbotix_moveit_interface_msgs/include/interbotix_moveit_interface_msgs/interbotix_moveit_interface_msgs/srv/detail/move_it_plan__struct.hpp
[12.702s] -- Installing: /home/mscrobotics2425laptop11/interbotix_ws/install/interbotix_moveit_interface_msgs/include/interbotix_moveit_interface_msgs/interbotix_moveit_interface_msgs/srv/detail/move_it_plan__builder.hpp
[12.705s] -- Installing: /home/mscrobotics2425laptop11/interbotix_ws/install/interbotix_moveit_interface_msgs/include/interbotix_moveit_interface_msgs/interbotix_moveit_interface_msgs/srv/detail/move_it_plan__traits.hpp
[12.708s] -- Installing: /home/mscrobotics2425laptop11/interbotix_ws/install/interbotix_moveit_interface_msgs/include/interbotix_moveit_interface_msgs/interbotix_moveit_interface_msgs/srv/detail/move_it_plan__type_support.hpp
[12.713s] -- Up-to-date: /home/mscrobotics2425laptop11/interbotix_ws/install/interbotix_moveit_interface_msgs/include/interbotix_moveit_interface_msgs/interbotix_moveit_interface_msgs
[12.714s] -- Up-to-date: /home/mscrobotics2425laptop11/interbotix_ws/install/interbotix_moveit_interface_msgs/include/interbotix_moveit_interface_msgs/interbotix_moveit_interface_msgs/msg
[12.714s] -- Installing: /home/mscrobotics2425laptop11/interbotix_ws/install/interbotix_moveit_interface_msgs/include/interbotix_moveit_interface_msgs/interbotix_moveit_interface_msgs/msg/rosidl_typesupport_fastrtps_cpp__visibility_control.h
[12.715s] -- Up-to-date: /home/mscrobotics2425laptop11/interbotix_ws/install/interbotix_moveit_interface_msgs/include/interbotix_moveit_interface_msgs/interbotix_moveit_interface_msgs/srv
[12.715s] -- Up-to-date: /home/mscrobotics2425laptop11/interbotix_ws/install/interbotix_moveit_interface_msgs/include/interbotix_moveit_interface_msgs/interbotix_moveit_interface_msgs/srv/detail
[12.715s] -- Installing: /home/mscrobotics2425laptop11/interbotix_ws/install/interbotix_moveit_interface_msgs/include/interbotix_moveit_interface_msgs/interbotix_moveit_interface_msgs/srv/detail/move_it_plan__rosidl_typesupport_fastrtps_cpp.hpp
[12.716s] -- Installing: /home/mscrobotics2425laptop11/interbotix_ws/install/interbotix_moveit_interface_msgs/include/interbotix_moveit_interface_msgs/interbotix_moveit_interface_msgs/srv/detail/dds_fastrtps
[12.716s] -- Installing: /home/mscrobotics2425laptop11/interbotix_ws/install/interbotix_moveit_interface_msgs/lib/libinterbotix_moveit_interface_msgs__rosidl_typesupport_fastrtps_cpp.so
[12.720s] -- Set runtime path of "/home/mscrobotics2425laptop11/interbotix_ws/install/interbotix_moveit_interface_msgs/lib/libinterbotix_moveit_interface_msgs__rosidl_typesupport_fastrtps_cpp.so" to ""
[12.721s] -- Up-to-date: /home/mscrobotics2425laptop11/interbotix_ws/install/interbotix_moveit_interface_msgs/include/interbotix_moveit_interface_msgs/interbotix_moveit_interface_msgs
[12.721s] -- Up-to-date: /home/mscrobotics2425laptop11/interbotix_ws/install/interbotix_moveit_interface_msgs/include/interbotix_moveit_interface_msgs/interbotix_moveit_interface_msgs/srv
[12.721s] -- Up-to-date: /home/mscrobotics2425laptop11/interbotix_ws/install/interbotix_moveit_interface_msgs/include/interbotix_moveit_interface_msgs/interbotix_moveit_interface_msgs/srv/detail
[12.721s] -- Installing: /home/mscrobotics2425laptop11/interbotix_ws/install/interbotix_moveit_interface_msgs/include/interbotix_moveit_interface_msgs/interbotix_moveit_interface_msgs/srv/detail/move_it_plan__type_support.cpp
[12.721s] -- Installing: /home/mscrobotics2425laptop11/interbotix_ws/install/interbotix_moveit_interface_msgs/include/interbotix_moveit_interface_msgs/interbotix_moveit_interface_msgs/srv/detail/move_it_plan__rosidl_typesupport_introspection_cpp.hpp
[12.722s] -- Installing: /home/mscrobotics2425laptop11/interbotix_ws/install/interbotix_moveit_interface_msgs/lib/libinterbotix_moveit_interface_msgs__rosidl_typesupport_introspection_cpp.so
[12.722s] -- Set runtime path of "/home/mscrobotics2425laptop11/interbotix_ws/install/interbotix_moveit_interface_msgs/lib/libinterbotix_moveit_interface_msgs__rosidl_typesupport_introspection_cpp.so" to ""
[12.722s] -- Installing: /home/mscrobotics2425laptop11/interbotix_ws/install/interbotix_moveit_interface_msgs/lib/libinterbotix_moveit_interface_msgs__rosidl_typesupport_cpp.so
[12.722s] -- Set runtime path of "/home/mscrobotics2425laptop11/interbotix_ws/install/interbotix_moveit_interface_msgs/lib/libinterbotix_moveit_interface_msgs__rosidl_typesupport_cpp.so" to ""
[12.723s] -- Installing: /home/mscrobotics2425laptop11/interbotix_ws/install/interbotix_moveit_interface_msgs/share/interbotix_moveit_interface_msgs/environment/pythonpath.sh
[12.723s] -- Installing: /home/mscrobotics2425laptop11/interbotix_ws/install/interbotix_moveit_interface_msgs/share/interbotix_moveit_interface_msgs/environment/pythonpath.dsv
[12.723s] -- Installing: /home/mscrobotics2425laptop11/interbotix_ws/install/interbotix_moveit_interface_msgs/local/lib/python3.10/dist-packages/interbotix_moveit_interface_msgs-0.0.0-py3.10.egg-info
[12.723s] -- Installing: /home/mscrobotics2425laptop11/interbotix_ws/install/interbotix_moveit_interface_msgs/local/lib/python3.10/dist-packages/interbotix_moveit_interface_msgs-0.0.0-py3.10.egg-info/SOURCES.txt
[12.723s] -- Installing: /home/mscrobotics2425laptop11/interbotix_ws/install/interbotix_moveit_interface_msgs/local/lib/python3.10/dist-packages/interbotix_moveit_interface_msgs-0.0.0-py3.10.egg-info/dependency_links.txt
[12.723s] -- Installing: /home/mscrobotics2425laptop11/interbotix_ws/install/interbotix_moveit_interface_msgs/local/lib/python3.10/dist-packages/interbotix_moveit_interface_msgs-0.0.0-py3.10.egg-info/top_level.txt
[12.724s] -- Installing: /home/mscrobotics2425laptop11/interbotix_ws/install/interbotix_moveit_interface_msgs/local/lib/python3.10/dist-packages/interbotix_moveit_interface_msgs-0.0.0-py3.10.egg-info/PKG-INFO
[12.724s] -- Installing: /home/mscrobotics2425laptop11/interbotix_ws/install/interbotix_moveit_interface_msgs/local/lib/python3.10/dist-packages/interbotix_moveit_interface_msgs
[12.724s] -- Installing: /home/mscrobotics2425laptop11/interbotix_ws/install/interbotix_moveit_interface_msgs/local/lib/python3.10/dist-packages/interbotix_moveit_interface_msgs/_interbotix_moveit_interface_msgs_s.ep.rosidl_typesupport_fastrtps_c.c
[12.724s] -- Installing: /home/mscrobotics2425laptop11/interbotix_ws/install/interbotix_moveit_interface_msgs/local/lib/python3.10/dist-packages/interbotix_moveit_interface_msgs/libinterbotix_moveit_interface_msgs__rosidl_generator_py.so
[12.724s] -- Installing: /home/mscrobotics2425laptop11/interbotix_ws/install/interbotix_moveit_interface_msgs/local/lib/python3.10/dist-packages/interbotix_moveit_interface_msgs/interbotix_moveit_interface_msgs_s__rosidl_typesupport_introspection_c.cpython-310-x86_64-linux-gnu.so
[12.728s] -- Installing: /home/mscrobotics2425laptop11/interbotix_ws/install/interbotix_moveit_interface_msgs/local/lib/python3.10/dist-packages/interbotix_moveit_interface_msgs/srv
[12.728s] -- Installing: /home/mscrobotics2425laptop11/interbotix_ws/install/interbotix_moveit_interface_msgs/local/lib/python3.10/dist-packages/interbotix_moveit_interface_msgs/srv/_move_it_plan_s.c
[12.729s] -- Installing: /home/mscrobotics2425laptop11/interbotix_ws/install/interbotix_moveit_interface_msgs/local/lib/python3.10/dist-packages/interbotix_moveit_interface_msgs/srv/__init__.py
[12.729s] -- Installing: /home/mscrobotics2425laptop11/interbotix_ws/install/interbotix_moveit_interface_msgs/local/lib/python3.10/dist-packages/interbotix_moveit_interface_msgs/srv/_move_it_plan.py
[12.729s] -- Installing: /home/mscrobotics2425laptop11/interbotix_ws/install/interbotix_moveit_interface_msgs/local/lib/python3.10/dist-packages/interbotix_moveit_interface_msgs/__init__.py
[12.729s] -- Installing: /home/mscrobotics2425laptop11/interbotix_ws/install/interbotix_moveit_interface_msgs/local/lib/python3.10/dist-packages/interbotix_moveit_interface_msgs/interbotix_moveit_interface_msgs_s__rosidl_typesupport_fastrtps_c.cpython-310-x86_64-linux-gnu.so
[12.729s] -- Installing: /home/mscrobotics2425laptop11/interbotix_ws/install/interbotix_moveit_interface_msgs/local/lib/python3.10/dist-packages/interbotix_moveit_interface_msgs/interbotix_moveit_interface_msgs_s__rosidl_typesupport_c.cpython-310-x86_64-linux-gnu.so
[12.730s] -- Installing: /home/mscrobotics2425laptop11/interbotix_ws/install/interbotix_moveit_interface_msgs/local/lib/python3.10/dist-packages/interbotix_moveit_interface_msgs/_interbotix_moveit_interface_msgs_s.ep.rosidl_typesupport_c.c
[12.730s] -- Installing: /home/mscrobotics2425laptop11/interbotix_ws/install/interbotix_moveit_interface_msgs/local/lib/python3.10/dist-packages/interbotix_moveit_interface_msgs/_interbotix_moveit_interface_msgs_s.ep.rosidl_typesupport_introspection_c.c
[13.005s] Listing '/home/mscrobotics2425laptop11/interbotix_ws/install/interbotix_moveit_interface_msgs/local/lib/python3.10/dist-packages/interbotix_moveit_interface_msgs'...
[13.005s] Compiling '/home/mscrobotics2425laptop11/interbotix_ws/install/interbotix_moveit_interface_msgs/local/lib/python3.10/dist-packages/interbotix_moveit_interface_msgs/__init__.py'...
[13.005s] Listing '/home/mscrobotics2425laptop11/interbotix_ws/install/interbotix_moveit_interface_msgs/local/lib/python3.10/dist-packages/interbotix_moveit_interface_msgs/srv'...
[13.005s] Compiling '/home/mscrobotics2425laptop11/interbotix_ws/install/interbotix_moveit_interface_msgs/local/lib/python3.10/dist-packages/interbotix_moveit_interface_msgs/srv/__init__.py'...
[13.005s] Compiling '/home/mscrobotics2425laptop11/interbotix_ws/install/interbotix_moveit_interface_msgs/local/lib/python3.10/dist-packages/interbotix_moveit_interface_msgs/srv/_move_it_plan.py'...
[13.055s] -- Installing: /home/mscrobotics2425laptop11/interbotix_ws/install/interbotix_moveit_interface_msgs/local/lib/python3.10/dist-packages/interbotix_moveit_interface_msgs/interbotix_moveit_interface_msgs_s__rosidl_typesupport_fastrtps_c.cpython-310-x86_64-linux-gnu.so
[13.062s] -- Set runtime path of "/home/mscrobotics2425laptop11/interbotix_ws/install/interbotix_moveit_interface_msgs/local/lib/python3.10/dist-packages/interbotix_moveit_interface_msgs/interbotix_moveit_interface_msgs_s__rosidl_typesupport_fastrtps_c.cpython-310-x86_64-linux-gnu.so" to ""
[13.064s] -- Installing: /home/mscrobotics2425laptop11/interbotix_ws/install/interbotix_moveit_interface_msgs/local/lib/python3.10/dist-packages/interbotix_moveit_interface_msgs/interbotix_moveit_interface_msgs_s__rosidl_typesupport_introspection_c.cpython-310-x86_64-linux-gnu.so
[13.068s] -- Set runtime path of "/home/mscrobotics2425laptop11/interbotix_ws/install/interbotix_moveit_interface_msgs/local/lib/python3.10/dist-packages/interbotix_moveit_interface_msgs/interbotix_moveit_interface_msgs_s__rosidl_typesupport_introspection_c.cpython-310-x86_64-linux-gnu.so" to ""
[13.071s] -- Installing: /home/mscrobotics2425laptop11/interbotix_ws/install/interbotix_moveit_interface_msgs/local/lib/python3.10/dist-packages/interbotix_moveit_interface_msgs/interbotix_moveit_interface_msgs_s__rosidl_typesupport_c.cpython-310-x86_64-linux-gnu.so
[13.080s] -- Set runtime path of "/home/mscrobotics2425laptop11/interbotix_ws/install/interbotix_moveit_interface_msgs/local/lib/python3.10/dist-packages/interbotix_moveit_interface_msgs/interbotix_moveit_interface_msgs_s__rosidl_typesupport_c.cpython-310-x86_64-linux-gnu.so" to ""
[13.083s] -- Installing: /home/mscrobotics2425laptop11/interbotix_ws/install/interbotix_moveit_interface_msgs/lib/libinterbotix_moveit_interface_msgs__rosidl_generator_py.so
[13.083s] -- Set runtime path of "/home/mscrobotics2425laptop11/interbotix_ws/install/interbotix_moveit_interface_msgs/lib/libinterbotix_moveit_interface_msgs__rosidl_generator_py.so" to ""
[13.090s] -- Installing: /home/mscrobotics2425laptop11/interbotix_ws/install/interbotix_moveit_interface_msgs/share/interbotix_moveit_interface_msgs/srv/MoveItPlan.idl
[13.091s] -- Installing: /home/mscrobotics2425laptop11/interbotix_ws/install/interbotix_moveit_interface_msgs/share/interbotix_moveit_interface_msgs/srv/MoveItPlan.srv
[13.095s] -- Installing: /home/mscrobotics2425laptop11/interbotix_ws/install/interbotix_moveit_interface_msgs/share/interbotix_moveit_interface_msgs/srv/MoveItPlan_Request.msg
[13.098s] -- Installing: /home/mscrobotics2425laptop11/interbotix_ws/install/interbotix_moveit_interface_msgs/share/interbotix_moveit_interface_msgs/srv/MoveItPlan_Response.msg
[13.102s] -- Installing: /home/mscrobotics2425laptop11/interbotix_ws/install/interbotix_moveit_interface_msgs/share/ament_index/resource_index/package_run_dependencies/interbotix_moveit_interface_msgs
[13.103s] -- Installing: /home/mscrobotics2425laptop11/interbotix_ws/install/interbotix_moveit_interface_msgs/share/ament_index/resource_index/parent_prefix_path/interbotix_moveit_interface_msgs
[13.106s] -- Installing: /home/mscrobotics2425laptop11/interbotix_ws/install/interbotix_moveit_interface_msgs/share/interbotix_moveit_interface_msgs/environment/ament_prefix_path.sh
[13.109s] -- Installing: /home/mscrobotics2425laptop11/interbotix_ws/install/interbotix_moveit_interface_msgs/share/interbotix_moveit_interface_msgs/environment/ament_prefix_path.dsv
[13.112s] -- Installing: /home/mscrobotics2425laptop11/interbotix_ws/install/interbotix_moveit_interface_msgs/share/interbotix_moveit_interface_msgs/environment/path.sh
[13.117s] -- Installing: /home/mscrobotics2425laptop11/interbotix_ws/install/interbotix_moveit_interface_msgs/share/interbotix_moveit_interface_msgs/environment/path.dsv
[13.119s] -- Installing: /home/mscrobotics2425laptop11/interbotix_ws/install/interbotix_moveit_interface_msgs/share/interbotix_moveit_interface_msgs/local_setup.bash
[13.126s] -- Installing: /home/mscrobotics2425laptop11/interbotix_ws/install/interbotix_moveit_interface_msgs/share/interbotix_moveit_interface_msgs/local_setup.sh
[13.127s] -- Installing: /home/mscrobotics2425laptop11/interbotix_ws/install/interbotix_moveit_interface_msgs/share/interbotix_moveit_interface_msgs/local_setup.zsh
[13.134s] -- Installing: /home/mscrobotics2425laptop11/interbotix_ws/install/interbotix_moveit_interface_msgs/share/interbotix_moveit_interface_msgs/local_setup.dsv
[13.135s] -- Installing: /home/mscrobotics2425laptop11/interbotix_ws/install/interbotix_moveit_interface_msgs/share/interbotix_moveit_interface_msgs/package.dsv
[13.141s] -- Installing: /home/mscrobotics2425laptop11/interbotix_ws/install/interbotix_moveit_interface_msgs/share/ament_index/resource_index/packages/interbotix_moveit_interface_msgs
[13.147s] -- Installing: /home/mscrobotics2425laptop11/interbotix_ws/install/interbotix_moveit_interface_msgs/share/interbotix_moveit_interface_msgs/cmake/export_interbotix_moveit_interface_msgs__rosidl_generator_cExport.cmake
[13.155s] -- Installing: /home/mscrobotics2425laptop11/interbotix_ws/install/interbotix_moveit_interface_msgs/share/interbotix_moveit_interface_msgs/cmake/export_interbotix_moveit_interface_msgs__rosidl_generator_cExport-noconfig.cmake
[13.156s] -- Installing: /home/mscrobotics2425laptop11/interbotix_ws/install/interbotix_moveit_interface_msgs/share/interbotix_moveit_interface_msgs/cmake/export_interbotix_moveit_interface_msgs__rosidl_typesupport_fastrtps_cExport.cmake
[13.156s] -- Installing: /home/mscrobotics2425laptop11/interbotix_ws/install/interbotix_moveit_interface_msgs/share/interbotix_moveit_interface_msgs/cmake/export_interbotix_moveit_interface_msgs__rosidl_typesupport_fastrtps_cExport-noconfig.cmake
[13.159s] -- Installing: /home/mscrobotics2425laptop11/interbotix_ws/install/interbotix_moveit_interface_msgs/share/interbotix_moveit_interface_msgs/cmake/interbotix_moveit_interface_msgs__rosidl_typesupport_introspection_cExport.cmake
[13.160s] -- Installing: /home/mscrobotics2425laptop11/interbotix_ws/install/interbotix_moveit_interface_msgs/share/interbotix_moveit_interface_msgs/cmake/interbotix_moveit_interface_msgs__rosidl_typesupport_introspection_cExport-noconfig.cmake
[13.160s] -- Installing: /home/mscrobotics2425laptop11/interbotix_ws/install/interbotix_moveit_interface_msgs/share/interbotix_moveit_interface_msgs/cmake/interbotix_moveit_interface_msgs__rosidl_typesupport_cExport.cmake
[13.166s] -- Installing: /home/mscrobotics2425laptop11/interbotix_ws/install/interbotix_moveit_interface_msgs/share/interbotix_moveit_interface_msgs/cmake/interbotix_moveit_interface_msgs__rosidl_typesupport_cExport-noconfig.cmake
[13.170s] -- Installing: /home/mscrobotics2425laptop11/interbotix_ws/install/interbotix_moveit_interface_msgs/share/interbotix_moveit_interface_msgs/cmake/export_interbotix_moveit_interface_msgs__rosidl_generator_cppExport.cmake
[13.174s] -- Installing: /home/mscrobotics2425laptop11/interbotix_ws/install/interbotix_moveit_interface_msgs/share/interbotix_moveit_interface_msgs/cmake/export_interbotix_moveit_interface_msgs__rosidl_typesupport_fastrtps_cppExport.cmake
[13.176s] -- Installing: /home/mscrobotics2425laptop11/interbotix_ws/install/interbotix_moveit_interface_msgs/share/interbotix_moveit_interface_msgs/cmake/export_interbotix_moveit_interface_msgs__rosidl_typesupport_fastrtps_cppExport-noconfig.cmake
[13.182s] -- Installing: /home/mscrobotics2425laptop11/interbotix_ws/install/interbotix_moveit_interface_msgs/share/interbotix_moveit_interface_msgs/cmake/interbotix_moveit_interface_msgs__rosidl_typesupport_introspection_cppExport.cmake
[13.183s] -- Installing: /home/mscrobotics2425laptop11/interbotix_ws/install/interbotix_moveit_interface_msgs/share/interbotix_moveit_interface_msgs/cmake/interbotix_moveit_interface_msgs__rosidl_typesupport_introspection_cppExport-noconfig.cmake
[13.187s] -- Installing: /home/mscrobotics2425laptop11/interbotix_ws/install/interbotix_moveit_interface_msgs/share/interbotix_moveit_interface_msgs/cmake/interbotix_moveit_interface_msgs__rosidl_typesupport_cppExport.cmake
[13.187s] -- Installing: /home/mscrobotics2425laptop11/interbotix_ws/install/interbotix_moveit_interface_msgs/share/interbotix_moveit_interface_msgs/cmake/interbotix_moveit_interface_msgs__rosidl_typesupport_cppExport-noconfig.cmake
[13.187s] -- Installing: /home/mscrobotics2425laptop11/interbotix_ws/install/interbotix_moveit_interface_msgs/share/interbotix_moveit_interface_msgs/cmake/export_interbotix_moveit_interface_msgs__rosidl_generator_pyExport.cmake
[13.192s] -- Installing: /home/mscrobotics2425laptop11/interbotix_ws/install/interbotix_moveit_interface_msgs/share/interbotix_moveit_interface_msgs/cmake/export_interbotix_moveit_interface_msgs__rosidl_generator_pyExport-noconfig.cmake
[13.193s] -- Installing: /home/mscrobotics2425laptop11/interbotix_ws/install/interbotix_moveit_interface_msgs/share/interbotix_moveit_interface_msgs/cmake/rosidl_cmake-extras.cmake
[13.194s] -- Installing: /home/mscrobotics2425laptop11/interbotix_ws/install/interbotix_moveit_interface_msgs/share/interbotix_moveit_interface_msgs/cmake/ament_cmake_export_dependencies-extras.cmake
[13.194s] -- Installing: /home/mscrobotics2425laptop11/interbotix_ws/install/interbotix_moveit_interface_msgs/share/interbotix_moveit_interface_msgs/cmake/ament_cmake_export_include_directories-extras.cmake
[13.199s] -- Installing: /home/mscrobotics2425laptop11/interbotix_ws/install/interbotix_moveit_interface_msgs/share/interbotix_moveit_interface_msgs/cmake/ament_cmake_export_libraries-extras.cmake
[13.202s] -- Installing: /home/mscrobotics2425laptop11/interbotix_ws/install/interbotix_moveit_interface_msgs/share/interbotix_moveit_interface_msgs/cmake/ament_cmake_export_targets-extras.cmake
[13.203s] -- Installing: /home/mscrobotics2425laptop11/interbotix_ws/install/interbotix_moveit_interface_msgs/share/interbotix_moveit_interface_msgs/cmake/rosidl_cmake_export_typesupport_targets-extras.cmake
[13.203s] -- Installing: /home/mscrobotics2425laptop11/interbotix_ws/install/interbotix_moveit_interface_msgs/share/interbotix_moveit_interface_msgs/cmake/rosidl_cmake_export_typesupport_libraries-extras.cmake
[13.203s] -- Installing: /home/mscrobotics2425laptop11/interbotix_ws/install/interbotix_moveit_interface_msgs/share/interbotix_moveit_interface_msgs/cmake/interbotix_moveit_interface_msgsConfig.cmake
[13.204s] -- Installing: /home/mscrobotics2425laptop11/interbotix_ws/install/interbotix_moveit_interface_msgs/share/interbotix_moveit_interface_msgs/cmake/interbotix_moveit_interface_msgsConfig-version.cmake
[13.205s] -- Installing: /home/mscrobotics2425laptop11/interbotix_ws/install/interbotix_moveit_interface_msgs/share/interbotix_moveit_interface_msgs/package.xml
[13.228s] Invoked command in '/home/mscrobotics2425laptop11/interbotix_ws/build/interbotix_moveit_interface_msgs' returned '0': CMAKE_PREFIX_PATH=${CMAKE_PREFIX_PATH}:/opt/ros/humble /usr/bin/cmake --install /home/mscrobotics2425laptop11/interbotix_ws/build/interbotix_moveit_interface_msgs
