/home/group4/ros2_ws/install/real_leo/lib/python3.10/site-packages/real_leo/__init__.py
/home/group4/ros2_ws/install/real_leo/lib/python3.10/site-packages/real_leo/__pycache__/__init__.cpython-310.pyc
/home/group4/ros2_ws/install/real_leo/share/ament_index/resource_index/packages/real_leo
/home/group4/ros2_ws/install/real_leo/share/real_leo/package.xml
/home/group4/ros2_ws/install/real_leo/share/real_leo/launch/real_leo.launch.py
/home/group4/ros2_ws/install/real_leo/share/real_leo/launch/navigation.launch.py
/home/group4/ros2_ws/install/real_leo/share/real_leo/launch/teleop_joy.launch.py
/home/group4/ros2_ws/install/real_leo/share/real_leo/launch/rviz_leo.launch.py
/home/group4/ros2_ws/install/real_leo/share/real_leo/urdf/leo_sim.urdf.xacro
/home/group4/ros2_ws/install/real_leo/share/real_leo/urdf/laser.urdf.xacro
/home/group4/ros2_ws/install/real_leo/share/real_leo/urdf/macros.xacro
/home/group4/ros2_ws/install/real_leo/share/real_leo/behavior_tree_xml/bt_example_0.xml
/home/group4/ros2_ws/install/real_leo/share/real_leo/rviz/slam.rviz
/home/group4/ros2_ws/install/real_leo/share/real_leo/rviz/robot.rviz
/home/group4/ros2_ws/install/real_leo/share/real_leo/rviz/robot1.rviz
/home/group4/ros2_ws/install/real_leo/share/real_leo/worlds
/home/group4/ros2_ws/install/real_leo/share/real_leo/models/WheelMecanumA.dae
/home/group4/ros2_ws/install/real_leo/share/real_leo/models/Rocker_outline.stl
/home/group4/ros2_ws/install/real_leo/share/real_leo/models/Mecanum_wheel_outline.stl
/home/group4/ros2_ws/install/real_leo/share/real_leo/models/Antenna.dae
/home/group4/ros2_ws/install/real_leo/share/real_leo/models/WheelB.dae
/home/group4/ros2_ws/install/real_leo/share/real_leo/models/Chassis.dae
/home/group4/ros2_ws/install/real_leo/share/real_leo/models/WheelMecanumB.dae
/home/group4/ros2_ws/install/real_leo/share/real_leo/models/Wheel_outline.stl
/home/group4/ros2_ws/install/real_leo/share/real_leo/models/Rocker.dae
/home/group4/ros2_ws/install/real_leo/share/real_leo/models/Chassis_outline.stl
/home/group4/ros2_ws/install/real_leo/share/real_leo/models/WheelA.dae
/home/group4/ros2_ws/install/real_leo/share/real_leo/config/params.yaml
/home/group4/ros2_ws/install/real_leo/share/real_leo/config/ekf_node.yaml
/home/group4/ros2_ws/install/real_leo/share/real_leo/config/controller.yaml
/home/group4/ros2_ws/install/real_leo/share/real_leo/config/bt_nav.yaml
/home/group4/ros2_ws/install/real_leo/share/real_leo/config/simple_smoother.yaml
/home/group4/ros2_ws/install/real_leo/share/real_leo/config/twist_mux.yaml
/home/group4/ros2_ws/install/real_leo/share/real_leo/config/joy_config.yaml
/home/group4/ros2_ws/install/real_leo/share/real_leo/config/planner.yaml
/home/group4/ros2_ws/install/real_leo/share/real_leo/maps
/home/group4/ros2_ws/install/real_leo/lib/python3.10/site-packages/real_leo-0.0.0-py3.10.egg-info/dependency_links.txt
/home/group4/ros2_ws/install/real_leo/lib/python3.10/site-packages/real_leo-0.0.0-py3.10.egg-info/entry_points.txt
/home/group4/ros2_ws/install/real_leo/lib/python3.10/site-packages/real_leo-0.0.0-py3.10.egg-info/requires.txt
/home/group4/ros2_ws/install/real_leo/lib/python3.10/site-packages/real_leo-0.0.0-py3.10.egg-info/zip-safe
/home/group4/ros2_ws/install/real_leo/lib/python3.10/site-packages/real_leo-0.0.0-py3.10.egg-info/SOURCES.txt
/home/group4/ros2_ws/install/real_leo/lib/python3.10/site-packages/real_leo-0.0.0-py3.10.egg-info/PKG-INFO
/home/group4/ros2_ws/install/real_leo/lib/python3.10/site-packages/real_leo-0.0.0-py3.10.egg-info/top_level.txt
