[0.036s] Invoking command in '/home/mscrobotics2425laptop11/interbotix_ws/build/interbotix_perception_pipelines': AMENT_PREFIX_PATH=/home/mscrobotics2425laptop11/interbotix_ws/install/interbotix_perception_msgs:${AMENT_PREFIX_PATH} CMAKE_PREFIX_PATH=/home/mscrobotics2425laptop11/interbotix_ws/install/interbotix_perception_msgs:/home/mscrobotics2425laptop11/apriltag_ws/install/apriltag_ros:/opt/ros/humble LD_LIBRARY_PATH=/home/mscrobotics2425laptop11/interbotix_ws/install/interbotix_perception_msgs/lib:${LD_LIBRARY_PATH} PYTHONPATH=/home/mscrobotics2425laptop11/interbotix_ws/install/interbotix_perception_msgs/local/lib/python3.10/dist-packages:${PYTHONPATH} /usr/bin/cmake /home/mscrobotics2425laptop11/interbotix_ws/src/interbotix_ros_toolboxes/interbotix_perception_toolbox/interbotix_perception_pipelines -DCMAKE_INSTALL_PREFIX=/home/mscrobotics2425laptop11/interbotix_ws/install/interbotix_perception_pipelines
[0.304s] -- The C compiler identification is GNU 11.4.0
[0.580s] -- The CXX compiler identification is GNU 11.4.0
[0.625s] -- Detecting C compiler ABI info
[0.949s] -- Detecting C compiler ABI info - done
[1.006s] -- Check for working C compiler: /usr/bin/cc - skipped
[1.007s] -- Detecting C compile features
[1.015s] -- Detecting C compile features - done
[1.033s] -- Detecting CXX compiler ABI info
[1.435s] -- Detecting CXX compiler ABI info - done
[1.515s] -- Check for working CXX compiler: /usr/bin/c++ - skipped
[1.515s] -- Detecting CXX compile features
[1.516s] -- Detecting CXX compile features - done
[1.535s] -- Found ament_cmake: 1.3.11 (/opt/ros/humble/share/ament_cmake/cmake)
[2.233s] -- Found Python3: /usr/bin/python3 (found version "3.10.12") found components: Interpreter 
[2.749s] -- Found ament_index_cpp: 1.4.0 (/opt/ros/humble/share/ament_index_cpp/cmake)
[2.752s] -- Found interbotix_perception_msgs: 0.0.0 (/home/mscrobotics2425laptop11/interbotix_ws/install/interbotix_perception_msgs/share/interbotix_perception_msgs/cmake)
[2.882s] -- Found rosidl_generator_c: 3.1.6 (/opt/ros/humble/share/rosidl_generator_c/cmake)
[2.902s] -- Found rosidl_adapter: 3.1.6 (/opt/ros/humble/share/rosidl_adapter/cmake)
[2.926s] -- Found rosidl_generator_cpp: 3.1.6 (/opt/ros/humble/share/rosidl_generator_cpp/cmake)
[2.971s] -- Using all available rosidl_typesupport_c: rosidl_typesupport_fastrtps_c;rosidl_typesupport_introspection_c
[3.026s] -- Using all available rosidl_typesupport_cpp: rosidl_typesupport_fastrtps_cpp;rosidl_typesupport_introspection_cpp
[3.492s] -- Found pcl_conversions: 2.4.5 (/opt/ros/humble/share/pcl_conversions/cmake)
[3.683s] -- Found rmw_implementation_cmake: 6.1.2 (/opt/ros/humble/share/rmw_implementation_cmake/cmake)
[3.694s] -- Found rmw_fastrtps_cpp: 6.2.7 (/opt/ros/humble/share/rmw_fastrtps_cpp/cmake)
[4.086s] -- Found OpenSSL: /usr/lib/x86_64-linux-gnu/libcrypto.so (found version "3.0.2")  
[4.246s] -- Found FastRTPS: /opt/ros/humble/include  
[4.497s] -- Using RMW implementation 'rmw_fastrtps_cpp' as default
[4.548s] -- Looking for pthread.h
[4.953s] -- Looking for pthread.h - found
[4.955s] -- Performing Test CMAKE_HAVE_LIBC_PTHREAD
[5.346s] -- Performing Test CMAKE_HAVE_LIBC_PTHREAD - Success
[5.355s] -- Found Threads: TRUE  
[5.885s] -- Checking for module 'eigen3'
[5.963s] --   Found eigen3, version 3.4.0
[6.128s] -- Found Eigen: /usr/include/eigen3 (Required is at least version "3.1") 
[6.128s] -- Eigen found (include: /usr/include/eigen3, version: 3.4.0)
[6.324s] -- Checking for module 'flann'
[6.390s] --   Found flann, version 1.9.1
[6.679s] -- Found FLANN: /usr/lib/x86_64-linux-gnu/libflann_cpp.so  
[6.680s] -- FLANN found (include: /usr/include, lib: /usr/lib/x86_64-linux-gnu/libflann_cpp.so)
[10.675s] -- Checking for module 'libusb-1.0'
[10.706s] --   Found libusb-1.0, version 1.0.25
[10.805s] -- Found libusb: /usr/lib/x86_64-linux-gnu/libusb-1.0.so  
[10.808s] -- OpenNI found (version: 1.5.4.0, include: /usr/include/ni, lib: /usr/lib/libOpenNI.so;libusb::libusb)
[10.945s] -- OpenNI2 found (version: 2.2.0.33, include: /usr/include/openni2, lib: /usr/lib/x86_64-linux-gnu/libOpenNI2.so;libusb::libusb)
[11.326s] -- Eigen found (include: /usr/include/eigen3, version: 3.4.0)
[11.341s] -- OpenNI found (version: 1.5.4.0, include: /usr/include/ni, lib: /usr/lib/libOpenNI.so;libusb::libusb)
[11.358s] -- OpenNI2 found (version: 2.2.0.33, include: /usr/include/openni2, lib: /usr/lib/x86_64-linux-gnu/libOpenNI2.so;libusb::libusb)
[11.713s] -- Found Qhull version 8.0.2
[12.040s] -- OpenNI found (version: 1.5.4.0, include: /usr/include/ni, lib: /usr/lib/libOpenNI.so;libusb::libusb)
[12.323s] -- Found PCL_COMMON: /usr/lib/x86_64-linux-gnu/libpcl_common.so  
[12.325s] -- Found PCL_KDTREE: /usr/lib/x86_64-linux-gnu/libpcl_kdtree.so  
[12.326s] -- Found PCL_OCTREE: /usr/lib/x86_64-linux-gnu/libpcl_octree.so  
[12.328s] -- Found PCL_SEARCH: /usr/lib/x86_64-linux-gnu/libpcl_search.so  
[12.329s] -- Found PCL_SAMPLE_CONSENSUS: /usr/lib/x86_64-linux-gnu/libpcl_sample_consensus.so  
[12.330s] -- Found PCL_FILTERS: /usr/lib/x86_64-linux-gnu/libpcl_filters.so  
[12.331s] -- Found PCL_2D: /usr/include/pcl-1.12  
[12.331s] -- Found PCL_GEOMETRY: /usr/include/pcl-1.12  
[12.333s] -- Found PCL_IO: /usr/lib/x86_64-linux-gnu/libpcl_io.so  
[12.334s] -- Found PCL_FEATURES: /usr/lib/x86_64-linux-gnu/libpcl_features.so  
[12.335s] -- Found PCL_ML: /usr/lib/x86_64-linux-gnu/libpcl_ml.so  
[12.337s] -- Found PCL_SEGMENTATION: /usr/lib/x86_64-linux-gnu/libpcl_segmentation.so  
[12.340s] -- Found PCL_VISUALIZATION: /usr/lib/x86_64-linux-gnu/libpcl_visualization.so  
[12.344s] -- Found PCL_SURFACE: /usr/lib/x86_64-linux-gnu/libpcl_surface.so  
[12.347s] -- Found PCL_REGISTRATION: /usr/lib/x86_64-linux-gnu/libpcl_registration.so  
[12.351s] -- Found PCL_KEYPOINTS: /usr/lib/x86_64-linux-gnu/libpcl_keypoints.so  
[12.354s] -- Found PCL_TRACKING: /usr/lib/x86_64-linux-gnu/libpcl_tracking.so  
[12.358s] -- Found PCL_RECOGNITION: /usr/lib/x86_64-linux-gnu/libpcl_recognition.so  
[12.361s] -- Found PCL_STEREO: /usr/lib/x86_64-linux-gnu/libpcl_stereo.so  
[12.365s] -- Found PCL_APPS: /usr/lib/x86_64-linux-gnu/libpcl_apps.so  
[12.368s] -- Found PCL_IN_HAND_SCANNER: /usr/include/pcl-1.12  
[12.369s] -- Found PCL_MODELER: /usr/include/pcl-1.12  
[12.374s] -- Found PCL_POINT_CLOUD_EDITOR: /usr/include/pcl-1.12  
[12.377s] -- Found PCL_OUTOFCORE: /usr/lib/x86_64-linux-gnu/libpcl_outofcore.so  
[12.381s] -- Found PCL_PEOPLE: /usr/lib/x86_64-linux-gnu/libpcl_people.so  
[12.390s] -- Found pcl_ros: 2.4.5 (/opt/ros/humble/share/pcl_ros/cmake)
[12.488s] -- Found eigen3_cmake_module: 0.1.1 (/opt/ros/humble/share/eigen3_cmake_module/cmake)
[12.492s] -- Found Eigen3: TRUE (found version "3.4.0") 
[12.492s] -- Ensuring Eigen3 include directory is part of orocos-kdl CMake target
[12.749s] -- Found std_srvs: 4.2.4 (/opt/ros/humble/share/std_srvs/cmake)
[12.778s] -- Found visualization_msgs: 4.2.4 (/opt/ros/humble/share/visualization_msgs/cmake)
[12.863s] -- Found ament_lint_auto: 0.12.11 (/opt/ros/humble/share/ament_lint_auto/cmake)
[13.023s] -- Added test 'copyright' to check source files copyright and LICENSE
[13.025s] -- Added test 'cppcheck' to perform static code analysis on C / C++ code
[13.026s] -- Configured cppcheck include dirs: 
[13.026s] -- Configured cppcheck exclude dirs and/or files: 
[13.028s] -- Added test 'cpplint' to check C / C++ code against the Google style
[13.028s] -- Configured cpplint exclude dirs and/or files: 
[13.029s] -- Added test 'lint_cmake' to check CMake code style
[13.031s] -- Added test 'uncrustify' to check C / C++ code style
[13.032s] -- Configured uncrustify additional arguments: 
[13.033s] -- Added test 'xmllint' to check XML markup files
[13.037s] -- Configuring done
[13.205s] -- Generating done
[13.229s] -- Build files have been written to: /home/mscrobotics2425laptop11/interbotix_ws/build/interbotix_perception_pipelines
[13.256s] Invoked command in '/home/mscrobotics2425laptop11/interbotix_ws/build/interbotix_perception_pipelines' returned '0': AMENT_PREFIX_PATH=/home/mscrobotics2425laptop11/interbotix_ws/install/interbotix_perception_msgs:${AMENT_PREFIX_PATH} CMAKE_PREFIX_PATH=/home/mscrobotics2425laptop11/interbotix_ws/install/interbotix_perception_msgs:/home/mscrobotics2425laptop11/apriltag_ws/install/apriltag_ros:/opt/ros/humble LD_LIBRARY_PATH=/home/mscrobotics2425laptop11/interbotix_ws/install/interbotix_perception_msgs/lib:${LD_LIBRARY_PATH} PYTHONPATH=/home/mscrobotics2425laptop11/interbotix_ws/install/interbotix_perception_msgs/local/lib/python3.10/dist-packages:${PYTHONPATH} /usr/bin/cmake /home/mscrobotics2425laptop11/interbotix_ws/src/interbotix_ros_toolboxes/interbotix_perception_toolbox/interbotix_perception_pipelines -DCMAKE_INSTALL_PREFIX=/home/mscrobotics2425laptop11/interbotix_ws/install/interbotix_perception_pipelines
[13.260s] Invoking command in '/home/mscrobotics2425laptop11/interbotix_ws/build/interbotix_perception_pipelines': AMENT_PREFIX_PATH=/home/mscrobotics2425laptop11/interbotix_ws/install/interbotix_perception_msgs:${AMENT_PREFIX_PATH} CMAKE_PREFIX_PATH=/home/mscrobotics2425laptop11/interbotix_ws/install/interbotix_perception_msgs:/home/mscrobotics2425laptop11/apriltag_ws/install/apriltag_ros:/opt/ros/humble LD_LIBRARY_PATH=/home/mscrobotics2425laptop11/interbotix_ws/install/interbotix_perception_msgs/lib:${LD_LIBRARY_PATH} PYTHONPATH=/home/mscrobotics2425laptop11/interbotix_ws/install/interbotix_perception_msgs/local/lib/python3.10/dist-packages:${PYTHONPATH} /usr/bin/cmake --build /home/mscrobotics2425laptop11/interbotix_ws/build/interbotix_perception_pipelines -- -j12 -l12
[13.390s] [ 50%] [32mBuilding CXX object CMakeFiles/pointcloud_pipeline.dir/src/pointcloud_pipeline.cpp.o[0m
[52.065s] [100%] [32m[1mLinking CXX executable pointcloud_pipeline[0m
[54.585s] [100%] Built target pointcloud_pipeline
[54.605s] Invoked command in '/home/mscrobotics2425laptop11/interbotix_ws/build/interbotix_perception_pipelines' returned '0': AMENT_PREFIX_PATH=/home/mscrobotics2425laptop11/interbotix_ws/install/interbotix_perception_msgs:${AMENT_PREFIX_PATH} CMAKE_PREFIX_PATH=/home/mscrobotics2425laptop11/interbotix_ws/install/interbotix_perception_msgs:/home/mscrobotics2425laptop11/apriltag_ws/install/apriltag_ros:/opt/ros/humble LD_LIBRARY_PATH=/home/mscrobotics2425laptop11/interbotix_ws/install/interbotix_perception_msgs/lib:${LD_LIBRARY_PATH} PYTHONPATH=/home/mscrobotics2425laptop11/interbotix_ws/install/interbotix_perception_msgs/local/lib/python3.10/dist-packages:${PYTHONPATH} /usr/bin/cmake --build /home/mscrobotics2425laptop11/interbotix_ws/build/interbotix_perception_pipelines -- -j12 -l12
[54.607s] Invoking command in '/home/mscrobotics2425laptop11/interbotix_ws/build/interbotix_perception_pipelines': AMENT_PREFIX_PATH=/home/mscrobotics2425laptop11/interbotix_ws/install/interbotix_perception_msgs:${AMENT_PREFIX_PATH} CMAKE_PREFIX_PATH=/home/mscrobotics2425laptop11/interbotix_ws/install/interbotix_perception_msgs:/home/mscrobotics2425laptop11/apriltag_ws/install/apriltag_ros:/opt/ros/humble LD_LIBRARY_PATH=/home/mscrobotics2425laptop11/interbotix_ws/install/interbotix_perception_msgs/lib:${LD_LIBRARY_PATH} PYTHONPATH=/home/mscrobotics2425laptop11/interbotix_ws/install/interbotix_perception_msgs/local/lib/python3.10/dist-packages:${PYTHONPATH} /usr/bin/cmake --install /home/mscrobotics2425laptop11/interbotix_ws/build/interbotix_perception_pipelines
[54.618s] -- Install configuration: ""
[54.618s] -- Installing: /home/mscrobotics2425laptop11/interbotix_ws/install/interbotix_perception_pipelines/lib/interbotix_perception_pipelines/pointcloud_pipeline
[54.630s] -- Set runtime path of "/home/mscrobotics2425laptop11/interbotix_ws/install/interbotix_perception_pipelines/lib/interbotix_perception_pipelines/pointcloud_pipeline" to ""
[54.631s] -- Installing: /home/mscrobotics2425laptop11/interbotix_ws/install/interbotix_perception_pipelines/share/ament_index/resource_index/package_run_dependencies/interbotix_perception_pipelines
[54.632s] -- Installing: /home/mscrobotics2425laptop11/interbotix_ws/install/interbotix_perception_pipelines/share/ament_index/resource_index/parent_prefix_path/interbotix_perception_pipelines
[54.632s] -- Installing: /home/mscrobotics2425laptop11/interbotix_ws/install/interbotix_perception_pipelines/share/interbotix_perception_pipelines/environment/ament_prefix_path.sh
[54.633s] -- Installing: /home/mscrobotics2425laptop11/interbotix_ws/install/interbotix_perception_pipelines/share/interbotix_perception_pipelines/environment/ament_prefix_path.dsv
[54.634s] -- Installing: /home/mscrobotics2425laptop11/interbotix_ws/install/interbotix_perception_pipelines/share/interbotix_perception_pipelines/environment/path.sh
[54.634s] -- Installing: /home/mscrobotics2425laptop11/interbotix_ws/install/interbotix_perception_pipelines/share/interbotix_perception_pipelines/environment/path.dsv
[54.635s] -- Installing: /home/mscrobotics2425laptop11/interbotix_ws/install/interbotix_perception_pipelines/share/interbotix_perception_pipelines/local_setup.bash
[54.635s] -- Installing: /home/mscrobotics2425laptop11/interbotix_ws/install/interbotix_perception_pipelines/share/interbotix_perception_pipelines/local_setup.sh
[54.636s] -- Installing: /home/mscrobotics2425laptop11/interbotix_ws/install/interbotix_perception_pipelines/share/interbotix_perception_pipelines/local_setup.zsh
[54.637s] -- Installing: /home/mscrobotics2425laptop11/interbotix_ws/install/interbotix_perception_pipelines/share/interbotix_perception_pipelines/local_setup.dsv
[54.637s] -- Installing: /home/mscrobotics2425laptop11/interbotix_ws/install/interbotix_perception_pipelines/share/interbotix_perception_pipelines/package.dsv
[54.637s] -- Installing: /home/mscrobotics2425laptop11/interbotix_ws/install/interbotix_perception_pipelines/share/ament_index/resource_index/packages/interbotix_perception_pipelines
[54.638s] -- Installing: /home/mscrobotics2425laptop11/interbotix_ws/install/interbotix_perception_pipelines/share/interbotix_perception_pipelines/cmake/interbotix_perception_pipelinesConfig.cmake
[54.638s] -- Installing: /home/mscrobotics2425laptop11/interbotix_ws/install/interbotix_perception_pipelines/share/interbotix_perception_pipelines/cmake/interbotix_perception_pipelinesConfig-version.cmake
[54.639s] -- Installing: /home/mscrobotics2425laptop11/interbotix_ws/install/interbotix_perception_pipelines/share/interbotix_perception_pipelines/package.xml
[54.645s] Invoked command in '/home/mscrobotics2425laptop11/interbotix_ws/build/interbotix_perception_pipelines' returned '0': AMENT_PREFIX_PATH=/home/mscrobotics2425laptop11/interbotix_ws/install/interbotix_perception_msgs:${AMENT_PREFIX_PATH} CMAKE_PREFIX_PATH=/home/mscrobotics2425laptop11/interbotix_ws/install/interbotix_perception_msgs:/home/mscrobotics2425laptop11/apriltag_ws/install/apriltag_ros:/opt/ros/humble LD_LIBRARY_PATH=/home/mscrobotics2425laptop11/interbotix_ws/install/interbotix_perception_msgs/lib:${LD_LIBRARY_PATH} PYTHONPATH=/home/mscrobotics2425laptop11/interbotix_ws/install/interbotix_perception_msgs/local/lib/python3.10/dist-packages:${PYTHONPATH} /usr/bin/cmake --install /home/mscrobotics2425laptop11/interbotix_ws/build/interbotix_perception_pipelines
