[0.633s] Invoking command in '/home/mscrobotics2425laptop11/interbotix_ws/build/interbotix_tf_tools': CMAKE_PREFIX_PATH=${CMAKE_PREFIX_PATH}:/home/mscrobotics2425laptop11/interbotix_ws/install/interbotix_xs_modules:/home/mscrobotics2425laptop11/interbotix_ws/install/interbotix_perception_modules:/home/mscrobotics2425laptop11/interbotix_ws/install/interbotix_common_modules:/opt/ros/humble /usr/bin/cmake --build /home/mscrobotics2425laptop11/interbotix_ws/build/interbotix_tf_tools -- -j12 -l12
[0.899s] [100%] Built target tf_rebroadcaster
[0.921s] Invoked command in '/home/mscrobotics2425laptop11/interbotix_ws/build/interbotix_tf_tools' returned '0': CMAKE_PREFIX_PATH=${CMAKE_PREFIX_PATH}:/home/mscrobotics2425laptop11/interbotix_ws/install/interbotix_xs_modules:/home/mscrobotics2425laptop11/interbotix_ws/install/interbotix_perception_modules:/home/mscrobotics2425laptop11/interbotix_ws/install/interbotix_common_modules:/opt/ros/humble /usr/bin/cmake --build /home/mscrobotics2425laptop11/interbotix_ws/build/interbotix_tf_tools -- -j12 -l12
[0.926s] Invoking command in '/home/mscrobotics2425laptop11/interbotix_ws/build/interbotix_tf_tools': CMAKE_PREFIX_PATH=${CMAKE_PREFIX_PATH}:/home/mscrobotics2425laptop11/interbotix_ws/install/interbotix_xs_modules:/home/mscrobotics2425laptop11/interbotix_ws/install/interbotix_perception_modules:/home/mscrobotics2425laptop11/interbotix_ws/install/interbotix_common_modules:/opt/ros/humble /usr/bin/cmake --install /home/mscrobotics2425laptop11/interbotix_ws/build/interbotix_tf_tools
[0.940s] -- Install configuration: ""
[0.940s] -- Up-to-date: /home/mscrobotics2425laptop11/interbotix_ws/install/interbotix_tf_tools/lib/libtf_rebroadcaster.so
[0.941s] -- Up-to-date: /home/mscrobotics2425laptop11/interbotix_ws/install/interbotix_tf_tools/lib/interbotix_tf_tools/static_trans_pub.py
[0.942s] -- Up-to-date: /home/mscrobotics2425laptop11/interbotix_ws/install/interbotix_tf_tools/share/interbotix_tf_tools//config
[0.942s] -- Up-to-date: /home/mscrobotics2425laptop11/interbotix_ws/install/interbotix_tf_tools/share/interbotix_tf_tools//config/tf_rebroadcaster.yaml
[0.942s] -- Up-to-date: /home/mscrobotics2425laptop11/interbotix_ws/install/interbotix_tf_tools/share/interbotix_tf_tools//launch
[0.942s] -- Up-to-date: /home/mscrobotics2425laptop11/interbotix_ws/install/interbotix_tf_tools/share/interbotix_tf_tools//launch/static_transform_pub.launch.py
[0.942s] -- Up-to-date: /home/mscrobotics2425laptop11/interbotix_ws/install/interbotix_tf_tools/share/interbotix_tf_tools//launch/tf_rebroadcaster.launch.py
[0.942s] -- Up-to-date: /home/mscrobotics2425laptop11/interbotix_ws/install/interbotix_tf_tools/share/ament_index/resource_index/package_run_dependencies/interbotix_tf_tools
[0.943s] -- Up-to-date: /home/mscrobotics2425laptop11/interbotix_ws/install/interbotix_tf_tools/share/ament_index/resource_index/parent_prefix_path/interbotix_tf_tools
[0.943s] -- Up-to-date: /home/mscrobotics2425laptop11/interbotix_ws/install/interbotix_tf_tools/share/interbotix_tf_tools/environment/ament_prefix_path.sh
[0.943s] -- Up-to-date: /home/mscrobotics2425laptop11/interbotix_ws/install/interbotix_tf_tools/share/interbotix_tf_tools/environment/ament_prefix_path.dsv
[0.943s] -- Up-to-date: /home/mscrobotics2425laptop11/interbotix_ws/install/interbotix_tf_tools/share/interbotix_tf_tools/environment/path.sh
[0.943s] -- Up-to-date: /home/mscrobotics2425laptop11/interbotix_ws/install/interbotix_tf_tools/share/interbotix_tf_tools/environment/path.dsv
[0.943s] -- Up-to-date: /home/mscrobotics2425laptop11/interbotix_ws/install/interbotix_tf_tools/share/interbotix_tf_tools/local_setup.bash
[0.943s] -- Up-to-date: /home/mscrobotics2425laptop11/interbotix_ws/install/interbotix_tf_tools/share/interbotix_tf_tools/local_setup.sh
[0.944s] -- Up-to-date: /home/mscrobotics2425laptop11/interbotix_ws/install/interbotix_tf_tools/share/interbotix_tf_tools/local_setup.zsh
[0.944s] -- Up-to-date: /home/mscrobotics2425laptop11/interbotix_ws/install/interbotix_tf_tools/share/interbotix_tf_tools/local_setup.dsv
[0.944s] -- Installing: /home/mscrobotics2425laptop11/interbotix_ws/install/interbotix_tf_tools/share/interbotix_tf_tools/package.dsv
[0.944s] -- Up-to-date: /home/mscrobotics2425laptop11/interbotix_ws/install/interbotix_tf_tools/share/ament_index/resource_index/packages/interbotix_tf_tools
[0.945s] -- Up-to-date: /home/mscrobotics2425laptop11/interbotix_ws/install/interbotix_tf_tools/share/ament_index/resource_index/rclcpp_components/interbotix_tf_tools
[0.945s] -- Up-to-date: /home/mscrobotics2425laptop11/interbotix_ws/install/interbotix_tf_tools/share/interbotix_tf_tools/cmake/interbotix_tf_toolsConfig.cmake
[0.946s] -- Up-to-date: /home/mscrobotics2425laptop11/interbotix_ws/install/interbotix_tf_tools/share/interbotix_tf_tools/cmake/interbotix_tf_toolsConfig-version.cmake
[0.946s] -- Up-to-date: /home/mscrobotics2425laptop11/interbotix_ws/install/interbotix_tf_tools/share/interbotix_tf_tools/package.xml
[0.948s] Invoked command in '/home/mscrobotics2425laptop11/interbotix_ws/build/interbotix_tf_tools' returned '0': CMAKE_PREFIX_PATH=${CMAKE_PREFIX_PATH}:/home/mscrobotics2425laptop11/interbotix_ws/install/interbotix_xs_modules:/home/mscrobotics2425laptop11/interbotix_ws/install/interbotix_perception_modules:/home/mscrobotics2425laptop11/interbotix_ws/install/interbotix_common_modules:/opt/ros/humble /usr/bin/cmake --install /home/mscrobotics2425laptop11/interbotix_ws/build/interbotix_tf_tools
