[0.639s] Invoking command in '/home/mscrobotics2425laptop5/bin_detector': PYTHONPATH=/home/mscrobotics2425laptop5/bin_detector/build/bin_detector/prefix_override:/usr/lib/python3/dist-packages/colcon_core/task/python/colcon_distutils_commands:/home/mscrobotics2425laptop5/bin_detector/install/bin_detector/lib/python3.10/site-packages:${PYTHONPATH} /usr/bin/python3 -W ignore:setup.py install is deprecated -W ignore:easy_install command is deprecated setup.py egg_info --egg-base build/bin_detector build --build-base /home/mscrobotics2425laptop5/bin_detector/build/bin_detector/build install --record /home/mscrobotics2425laptop5/bin_detector/build/bin_detector/install.log --single-version-externally-managed install_data
[0.859s] running egg_info
[0.859s] writing build/bin_detector/bin_detector.egg-info/PKG-INFO
[0.860s] writing dependency_links to build/bin_detector/bin_detector.egg-info/dependency_links.txt
[0.861s] writing entry points to build/bin_detector/bin_detector.egg-info/entry_points.txt
[0.861s] writing requirements to build/bin_detector/bin_detector.egg-info/requires.txt
[0.861s] writing top-level names to build/bin_detector/bin_detector.egg-info/top_level.txt
[0.865s] reading manifest file 'build/bin_detector/bin_detector.egg-info/SOURCES.txt'
[0.867s] writing manifest file 'build/bin_detector/bin_detector.egg-info/SOURCES.txt'
[0.867s] running build
[0.867s] running build_py
[0.867s] copying bin_detector/test_bin.py -> /home/mscrobotics2425laptop5/bin_detector/build/bin_detector/build/lib/bin_detector
[0.868s] running install
[0.869s] running install_lib
[0.870s] copying /home/mscrobotics2425laptop5/bin_detector/build/bin_detector/build/lib/bin_detector/test_bin.py -> /home/mscrobotics2425laptop5/bin_detector/install/bin_detector/lib/python3.10/site-packages/bin_detector
[0.873s] byte-compiling /home/mscrobotics2425laptop5/bin_detector/install/bin_detector/lib/python3.10/site-packages/bin_detector/test_bin.py to test_bin.cpython-310.pyc
[0.878s] running install_data
[0.878s] running install_egg_info
[0.883s] removing '/home/mscrobotics2425laptop5/bin_detector/install/bin_detector/lib/python3.10/site-packages/bin_detector-0.0.0-py3.10.egg-info' (and everything under it)
[0.884s] Copying build/bin_detector/bin_detector.egg-info to /home/mscrobotics2425laptop5/bin_detector/install/bin_detector/lib/python3.10/site-packages/bin_detector-0.0.0-py3.10.egg-info
[0.886s] running install_scripts
[0.919s] Installing bin_dectection_node script to /home/mscrobotics2425laptop5/bin_detector/install/bin_detector/lib/bin_detector
[0.920s] Installing test_dectection_node script to /home/mscrobotics2425laptop5/bin_detector/install/bin_detector/lib/bin_detector
[0.920s] writing list of installed files to '/home/mscrobotics2425laptop5/bin_detector/build/bin_detector/install.log'
[0.958s] Invoked command in '/home/mscrobotics2425laptop5/bin_detector' returned '0': PYTHONPATH=/home/mscrobotics2425laptop5/bin_detector/build/bin_detector/prefix_override:/usr/lib/python3/dist-packages/colcon_core/task/python/colcon_distutils_commands:/home/mscrobotics2425laptop5/bin_detector/install/bin_detector/lib/python3.10/site-packages:${PYTHONPATH} /usr/bin/python3 -W ignore:setup.py install is deprecated -W ignore:easy_install command is deprecated setup.py egg_info --egg-base build/bin_detector build --build-base /home/mscrobotics2425laptop5/bin_detector/build/bin_detector/build install --record /home/mscrobotics2425laptop5/bin_detector/build/bin_detector/install.log --single-version-externally-managed install_data
