/home/group4/ros2_ws/install/teleop_leo/lib/python3.10/site-packages/teleop_leo/__init__.py
/home/group4/ros2_ws/install/teleop_leo/lib/python3.10/site-packages/teleop_leo/__pycache__/__init__.cpython-310.pyc
/home/group4/ros2_ws/install/teleop_leo/share/ament_index/resource_index/packages/teleop_leo
/home/group4/ros2_ws/install/teleop_leo/share/teleop_leo/package.xml
/home/group4/ros2_ws/install/teleop_leo/share/teleop_leo/launch/slam_leo.launch.py
/home/group4/ros2_ws/install/teleop_leo/share/teleop_leo/launch/laser.launch.xml
/home/group4/ros2_ws/install/teleop_leo/share/teleop_leo/launch/teleop_key.launch.py
/home/group4/ros2_ws/install/teleop_leo/share/teleop_leo/launch/teleop_joy.launch.py
/home/group4/ros2_ws/install/teleop_leo/share/teleop_leo/launch/rviz_leo.launch.py
/home/group4/ros2_ws/install/teleop_leo/share/teleop_leo/urdf
/home/group4/ros2_ws/install/teleop_leo/share/teleop_leo/rviz/robot.rviz
/home/group4/ros2_ws/install/teleop_leo/share/teleop_leo/worlds
/home/group4/ros2_ws/install/teleop_leo/share/teleop_leo/models
/home/group4/ros2_ws/install/teleop_leo/share/teleop_leo/config/joy_config.yaml
/home/group4/ros2_ws/install/teleop_leo/share/teleop_leo/maps
/home/group4/ros2_ws/install/teleop_leo/lib/python3.10/site-packages/teleop_leo-0.0.0-py3.10.egg-info/dependency_links.txt
/home/group4/ros2_ws/install/teleop_leo/lib/python3.10/site-packages/teleop_leo-0.0.0-py3.10.egg-info/entry_points.txt
/home/group4/ros2_ws/install/teleop_leo/lib/python3.10/site-packages/teleop_leo-0.0.0-py3.10.egg-info/requires.txt
/home/group4/ros2_ws/install/teleop_leo/lib/python3.10/site-packages/teleop_leo-0.0.0-py3.10.egg-info/zip-safe
/home/group4/ros2_ws/install/teleop_leo/lib/python3.10/site-packages/teleop_leo-0.0.0-py3.10.egg-info/SOURCES.txt
/home/group4/ros2_ws/install/teleop_leo/lib/python3.10/site-packages/teleop_leo-0.0.0-py3.10.egg-info/PKG-INFO
/home/group4/ros2_ws/install/teleop_leo/lib/python3.10/site-packages/teleop_leo-0.0.0-py3.10.egg-info/top_level.txt
