[35m[1mConsolidate compiler generated dependencies of target leo_gz_differential_plugin[0m
[100%] Built target leo_gz_differential_plugin
-- Install configuration: ""
-- Execute custom install script
-- Symlinking: /home/group4/ros2_ws/install/leo_gz_plugins/lib/libleo_gz_differential_plugin.so
-- Symlinking: /home/group4/ros2_ws/install/leo_gz_plugins/share/leo_gz_plugins/environment/gz_sim_system_plugin_path.dsv
-- Symlinking: /home/group4/ros2_ws/install/leo_gz_plugins/share/ament_index/resource_index/package_run_dependencies/leo_gz_plugins
-- Symlinking: /home/group4/ros2_ws/install/leo_gz_plugins/share/ament_index/resource_index/parent_prefix_path/leo_gz_plugins
-- Symlinking: /home/group4/ros2_ws/install/leo_gz_plugins/share/leo_gz_plugins/environment/ament_prefix_path.sh
-- Symlinking: /home/group4/ros2_ws/install/leo_gz_plugins/share/leo_gz_plugins/environment/ament_prefix_path.dsv
-- Symlinking: /home/group4/ros2_ws/install/leo_gz_plugins/share/leo_gz_plugins/environment/path.sh
-- Symlinking: /home/group4/ros2_ws/install/leo_gz_plugins/share/leo_gz_plugins/environment/path.dsv
-- Symlinking: /home/group4/ros2_ws/install/leo_gz_plugins/share/leo_gz_plugins/local_setup.bash
-- Symlinking: /home/group4/ros2_ws/install/leo_gz_plugins/share/leo_gz_plugins/local_setup.sh
-- Symlinking: /home/group4/ros2_ws/install/leo_gz_plugins/share/leo_gz_plugins/local_setup.zsh
-- Symlinking: /home/group4/ros2_ws/install/leo_gz_plugins/share/leo_gz_plugins/local_setup.dsv
-- Symlinking: /home/group4/ros2_ws/install/leo_gz_plugins/share/leo_gz_plugins/package.dsv
-- Symlinking: /home/group4/ros2_ws/install/leo_gz_plugins/share/ament_index/resource_index/packages/leo_gz_plugins
-- Symlinking: /home/group4/ros2_ws/install/leo_gz_plugins/share/leo_gz_plugins/cmake/leo_gz_pluginsConfig.cmake
-- Symlinking: /home/group4/ros2_ws/install/leo_gz_plugins/share/leo_gz_plugins/cmake/leo_gz_pluginsConfig-version.cmake
-- Symlinking: /home/group4/ros2_ws/install/leo_gz_plugins/share/leo_gz_plugins/package.xml
