-- Install configuration: ""
-- Up-to-date: /home/mscrobotics2425laptop11/interbotix_ws/install/interbotix_xsarm_perception/lib/interbotix_xsarm_perception/block_organizer.py
-- Up-to-date: /home/mscrobotics2425laptop11/interbotix_ws/install/interbotix_xsarm_perception/lib/interbotix_xsarm_perception/chessboard_cleanup.py
-- Up-to-date: /home/mscrobotics2425laptop11/interbotix_ws/install/interbotix_xsarm_perception/lib/interbotix_xsarm_perception/color_sorter.py
-- Up-to-date: /home/mscrobotics2425laptop11/interbotix_ws/install/interbotix_xsarm_perception/lib/interbotix_xsarm_perception/pick_place.py
-- Up-to-date: /home/mscrobotics2425laptop11/interbotix_ws/install/interbotix_xsarm_perception/lib/interbotix_xsarm_perception/size_organizer.py
-- Up-to-date: /home/mscrobotics2425laptop11/interbotix_ws/install/interbotix_xsarm_perception/share/interbotix_xsarm_perception//launch
-- Up-to-date: /home/mscrobotics2425laptop11/interbotix_ws/install/interbotix_xsarm_perception/share/interbotix_xsarm_perception//launch/xsarm_perception.launch.py
-- Up-to-date: /home/mscrobotics2425laptop11/interbotix_ws/install/interbotix_xsarm_perception/share/interbotix_xsarm_perception//config
-- Up-to-date: /home/mscrobotics2425laptop11/interbotix_ws/install/interbotix_xsarm_perception/share/interbotix_xsarm_perception//config/filter_params.yaml
-- Up-to-date: /home/mscrobotics2425laptop11/interbotix_ws/install/interbotix_xsarm_perception/share/interbotix_xsarm_perception//rviz
-- Up-to-date: /home/mscrobotics2425laptop11/interbotix_ws/install/interbotix_xsarm_perception/share/interbotix_xsarm_perception//rviz/xsarm_perception.rviz
-- Up-to-date: /home/mscrobotics2425laptop11/interbotix_ws/install/interbotix_xsarm_perception/share/ament_index/resource_index/package_run_dependencies/interbotix_xsarm_perception
-- Up-to-date: /home/mscrobotics2425laptop11/interbotix_ws/install/interbotix_xsarm_perception/share/ament_index/resource_index/parent_prefix_path/interbotix_xsarm_perception
-- Up-to-date: /home/mscrobotics2425laptop11/interbotix_ws/install/interbotix_xsarm_perception/share/interbotix_xsarm_perception/environment/ament_prefix_path.sh
-- Up-to-date: /home/mscrobotics2425laptop11/interbotix_ws/install/interbotix_xsarm_perception/share/interbotix_xsarm_perception/environment/ament_prefix_path.dsv
-- Up-to-date: /home/mscrobotics2425laptop11/interbotix_ws/install/interbotix_xsarm_perception/share/interbotix_xsarm_perception/environment/path.sh
-- Up-to-date: /home/mscrobotics2425laptop11/interbotix_ws/install/interbotix_xsarm_perception/share/interbotix_xsarm_perception/environment/path.dsv
-- Up-to-date: /home/mscrobotics2425laptop11/interbotix_ws/install/interbotix_xsarm_perception/share/interbotix_xsarm_perception/local_setup.bash
-- Up-to-date: /home/mscrobotics2425laptop11/interbotix_ws/install/interbotix_xsarm_perception/share/interbotix_xsarm_perception/local_setup.sh
-- Up-to-date: /home/mscrobotics2425laptop11/interbotix_ws/install/interbotix_xsarm_perception/share/interbotix_xsarm_perception/local_setup.zsh
-- Up-to-date: /home/mscrobotics2425laptop11/interbotix_ws/install/interbotix_xsarm_perception/share/interbotix_xsarm_perception/local_setup.dsv
-- Up-to-date: /home/mscrobotics2425laptop11/interbotix_ws/install/interbotix_xsarm_perception/share/interbotix_xsarm_perception/package.dsv
-- Up-to-date: /home/mscrobotics2425laptop11/interbotix_ws/install/interbotix_xsarm_perception/share/ament_index/resource_index/packages/interbotix_xsarm_perception
-- Up-to-date: /home/mscrobotics2425laptop11/interbotix_ws/install/interbotix_xsarm_perception/share/interbotix_xsarm_perception/cmake/interbotix_xsarm_perceptionConfig.cmake
-- Up-to-date: /home/mscrobotics2425laptop11/interbotix_ws/install/interbotix_xsarm_perception/share/interbotix_xsarm_perception/cmake/interbotix_xsarm_perceptionConfig-version.cmake
-- Up-to-date: /home/mscrobotics2425laptop11/interbotix_ws/install/interbotix_xsarm_perception/share/interbotix_xsarm_perception/package.xml
