[0.016s] Invoking command in '/home/mscrobotics2425laptop11/interbotix_ws/build/interbotix_xs_driver': AMENT_PREFIX_PATH=/home/mscrobotics2425laptop11/interbotix_ws/install/dynamixel_workbench_toolbox:${AMENT_PREFIX_PATH} CMAKE_PREFIX_PATH=/home/mscrobotics2425laptop11/interbotix_ws/install/dynamixel_workbench_toolbox:/home/mscrobotics2425laptop11/apriltag_ws/install/apriltag_ros:/opt/ros/humble LD_LIBRARY_PATH=/home/mscrobotics2425laptop11/interbotix_ws/install/dynamixel_workbench_toolbox/lib:${LD_LIBRARY_PATH} /usr/bin/cmake /home/mscrobotics2425laptop11/interbotix_ws/src/interbotix_ros_core/interbotix_ros_xseries/interbotix_xs_driver -DCMAKE_INSTALL_PREFIX=/home/mscrobotics2425laptop11/interbotix_ws/install/interbotix_xs_driver
[0.177s] -- The CXX compiler identification is GNU 11.4.0
[0.190s] -- Detecting CXX compiler ABI info
[0.342s] -- Detecting CXX compiler ABI info - done
[0.355s] -- Check for working CXX compiler: /usr/bin/c++ - skipped
[0.355s] -- Detecting CXX compile features
[0.356s] -- Detecting CXX compile features - done
[0.357s] -- Found dynamixel_workbench_toolbox: 2.2.2 (/home/mscrobotics2425laptop11/interbotix_ws/install/dynamixel_workbench_toolbox/share/dynamixel_workbench_toolbox/cmake)
[0.634s] -- Found Python3: /usr/bin/python3 (found version "3.10.12") found components: Interpreter 
[1.046s] -- Found rosidl_generator_c: 3.1.6 (/opt/ros/humble/share/rosidl_generator_c/cmake)
[1.067s] -- Found rosidl_adapter: 3.1.6 (/opt/ros/humble/share/rosidl_adapter/cmake)
[1.099s] -- Found rosidl_generator_cpp: 3.1.6 (/opt/ros/humble/share/rosidl_generator_cpp/cmake)
[1.145s] -- Using all available rosidl_typesupport_c: rosidl_typesupport_fastrtps_c;rosidl_typesupport_introspection_c
[1.203s] -- Using all available rosidl_typesupport_cpp: rosidl_typesupport_fastrtps_cpp;rosidl_typesupport_introspection_cpp
[1.349s] -- Found rmw_implementation_cmake: 6.1.2 (/opt/ros/humble/share/rmw_implementation_cmake/cmake)
[1.358s] -- Found rmw_fastrtps_cpp: 6.2.7 (/opt/ros/humble/share/rmw_fastrtps_cpp/cmake)
[1.620s] -- Found OpenSSL: /usr/lib/x86_64-linux-gnu/libcrypto.so (found version "3.0.2")  
[1.711s] -- Found FastRTPS: /opt/ros/humble/include  
[1.816s] -- Using RMW implementation 'rmw_fastrtps_cpp' as default
[1.848s] -- Looking for C++ include pthread.h
[2.137s] -- Looking for C++ include pthread.h - found
[2.139s] -- Performing Test CMAKE_HAVE_LIBC_PTHREAD
[2.618s] -- Performing Test CMAKE_HAVE_LIBC_PTHREAD - Success
[2.628s] -- Found Threads: TRUE  
[3.038s] -- Found ament_lint_auto: 0.12.11 (/opt/ros/humble/share/ament_lint_auto/cmake)
[3.522s] -- Added test 'copyright' to check source files copyright and LICENSE
[3.541s] -- Added test 'cppcheck' to perform static code analysis on C / C++ code
[3.542s] -- Configured cppcheck include dirs: /home/mscrobotics2425laptop11/interbotix_ws/src/interbotix_ros_core/interbotix_ros_xseries/interbotix_xs_driver/include;$<BUILD_INTERFACE:/home/mscrobotics2425laptop11/interbotix_ws/src/interbotix_ros_core/interbotix_ros_xseries/interbotix_xs_driver/include>
[3.542s] -- Configured cppcheck exclude dirs and/or files: 
[3.556s] -- Added test 'cpplint' to check C / C++ code against the Google style
[3.556s] -- Configured cpplint exclude dirs and/or files: 
[3.562s] -- Added test 'lint_cmake' to check CMake code style
[3.576s] -- Added test 'uncrustify' to check C / C++ code style
[3.576s] -- Configured uncrustify additional arguments: 
[3.580s] -- Added test 'xmllint' to check XML markup files
[3.608s] -- Configuring done
[3.683s] -- Generating done
[3.709s] -- Build files have been written to: /home/mscrobotics2425laptop11/interbotix_ws/build/interbotix_xs_driver
[3.737s] Invoked command in '/home/mscrobotics2425laptop11/interbotix_ws/build/interbotix_xs_driver' returned '0': AMENT_PREFIX_PATH=/home/mscrobotics2425laptop11/interbotix_ws/install/dynamixel_workbench_toolbox:${AMENT_PREFIX_PATH} CMAKE_PREFIX_PATH=/home/mscrobotics2425laptop11/interbotix_ws/install/dynamixel_workbench_toolbox:/home/mscrobotics2425laptop11/apriltag_ws/install/apriltag_ros:/opt/ros/humble LD_LIBRARY_PATH=/home/mscrobotics2425laptop11/interbotix_ws/install/dynamixel_workbench_toolbox/lib:${LD_LIBRARY_PATH} /usr/bin/cmake /home/mscrobotics2425laptop11/interbotix_ws/src/interbotix_ros_core/interbotix_ros_xseries/interbotix_xs_driver -DCMAKE_INSTALL_PREFIX=/home/mscrobotics2425laptop11/interbotix_ws/install/interbotix_xs_driver
[3.743s] Invoking command in '/home/mscrobotics2425laptop11/interbotix_ws/build/interbotix_xs_driver': AMENT_PREFIX_PATH=/home/mscrobotics2425laptop11/interbotix_ws/install/dynamixel_workbench_toolbox:${AMENT_PREFIX_PATH} CMAKE_PREFIX_PATH=/home/mscrobotics2425laptop11/interbotix_ws/install/dynamixel_workbench_toolbox:/home/mscrobotics2425laptop11/apriltag_ws/install/apriltag_ros:/opt/ros/humble LD_LIBRARY_PATH=/home/mscrobotics2425laptop11/interbotix_ws/install/dynamixel_workbench_toolbox/lib:${LD_LIBRARY_PATH} /usr/bin/cmake --build /home/mscrobotics2425laptop11/interbotix_ws/build/interbotix_xs_driver -- -j12 -l12
[3.899s] [ 33%] [32mBuilding CXX object CMakeFiles/interbotix_xs_driver.dir/src/xs_driver.cpp.o[0m
[3.903s] [ 66%] [32mBuilding CXX object CMakeFiles/interbotix_xs_driver.dir/src/xs_logging.cpp.o[0m
[14.972s] [100%] [32m[1mLinking CXX shared library libinterbotix_xs_driver.so[0m
[15.535s] [100%] Built target interbotix_xs_driver
[15.573s] Invoked command in '/home/mscrobotics2425laptop11/interbotix_ws/build/interbotix_xs_driver' returned '0': AMENT_PREFIX_PATH=/home/mscrobotics2425laptop11/interbotix_ws/install/dynamixel_workbench_toolbox:${AMENT_PREFIX_PATH} CMAKE_PREFIX_PATH=/home/mscrobotics2425laptop11/interbotix_ws/install/dynamixel_workbench_toolbox:/home/mscrobotics2425laptop11/apriltag_ws/install/apriltag_ros:/opt/ros/humble LD_LIBRARY_PATH=/home/mscrobotics2425laptop11/interbotix_ws/install/dynamixel_workbench_toolbox/lib:${LD_LIBRARY_PATH} /usr/bin/cmake --build /home/mscrobotics2425laptop11/interbotix_ws/build/interbotix_xs_driver -- -j12 -l12
[15.574s] Invoking command in '/home/mscrobotics2425laptop11/interbotix_ws/build/interbotix_xs_driver': AMENT_PREFIX_PATH=/home/mscrobotics2425laptop11/interbotix_ws/install/dynamixel_workbench_toolbox:${AMENT_PREFIX_PATH} CMAKE_PREFIX_PATH=/home/mscrobotics2425laptop11/interbotix_ws/install/dynamixel_workbench_toolbox:/home/mscrobotics2425laptop11/apriltag_ws/install/apriltag_ros:/opt/ros/humble LD_LIBRARY_PATH=/home/mscrobotics2425laptop11/interbotix_ws/install/dynamixel_workbench_toolbox/lib:${LD_LIBRARY_PATH} /usr/bin/cmake --install /home/mscrobotics2425laptop11/interbotix_ws/build/interbotix_xs_driver
[15.596s] -- Install configuration: ""
[15.596s] -- Installing: /home/mscrobotics2425laptop11/interbotix_ws/install/interbotix_xs_driver/lib/libinterbotix_xs_driver.so
[15.597s] -- Set runtime path of "/home/mscrobotics2425laptop11/interbotix_ws/install/interbotix_xs_driver/lib/libinterbotix_xs_driver.so" to ""
[15.599s] -- Installing: /home/mscrobotics2425laptop11/interbotix_ws/install/interbotix_xs_driver/include/interbotix_xs_driver/version.hpp
[15.600s] -- Up-to-date: /home/mscrobotics2425laptop11/interbotix_ws/install/interbotix_xs_driver/include/interbotix_xs_driver
[15.601s] -- Installing: /home/mscrobotics2425laptop11/interbotix_ws/install/interbotix_xs_driver/include/interbotix_xs_driver/xs_logging.hpp
[15.602s] -- Installing: /home/mscrobotics2425laptop11/interbotix_ws/install/interbotix_xs_driver/include/interbotix_xs_driver/xs_driver.hpp
[15.604s] -- Installing: /home/mscrobotics2425laptop11/interbotix_ws/install/interbotix_xs_driver/include/interbotix_xs_driver/xs_common.hpp
[15.607s] -- Installing: /home/mscrobotics2425laptop11/interbotix_ws/install/interbotix_xs_driver/share/interbotix_xs_driver/package.xml
[15.607s] -- Installing: /home/mscrobotics2425laptop11/interbotix_ws/install/interbotix_xs_driver/share/ament_index/resource_index/package_run_dependencies/interbotix_xs_driver
[15.607s] -- Installing: /home/mscrobotics2425laptop11/interbotix_ws/install/interbotix_xs_driver/share/ament_index/resource_index/parent_prefix_path/interbotix_xs_driver
[15.608s] -- Installing: /home/mscrobotics2425laptop11/interbotix_ws/install/interbotix_xs_driver/share/interbotix_xs_driver/environment/ament_prefix_path.sh
[15.608s] -- Installing: /home/mscrobotics2425laptop11/interbotix_ws/install/interbotix_xs_driver/share/interbotix_xs_driver/environment/ament_prefix_path.dsv
[15.609s] -- Installing: /home/mscrobotics2425laptop11/interbotix_ws/install/interbotix_xs_driver/share/interbotix_xs_driver/environment/path.sh
[15.609s] -- Installing: /home/mscrobotics2425laptop11/interbotix_ws/install/interbotix_xs_driver/share/interbotix_xs_driver/environment/path.dsv
[15.614s] -- Installing: /home/mscrobotics2425laptop11/interbotix_ws/install/interbotix_xs_driver/share/interbotix_xs_driver/local_setup.bash
[15.615s] -- Installing: /home/mscrobotics2425laptop11/interbotix_ws/install/interbotix_xs_driver/share/interbotix_xs_driver/local_setup.sh
[15.615s] -- Installing: /home/mscrobotics2425laptop11/interbotix_ws/install/interbotix_xs_driver/share/interbotix_xs_driver/local_setup.zsh
[15.616s] -- Installing: /home/mscrobotics2425laptop11/interbotix_ws/install/interbotix_xs_driver/share/interbotix_xs_driver/local_setup.dsv
[15.616s] -- Installing: /home/mscrobotics2425laptop11/interbotix_ws/install/interbotix_xs_driver/share/interbotix_xs_driver/package.dsv
[15.616s] -- Installing: /home/mscrobotics2425laptop11/interbotix_ws/install/interbotix_xs_driver/share/ament_index/resource_index/packages/interbotix_xs_driver
[15.616s] -- Installing: /home/mscrobotics2425laptop11/interbotix_ws/install/interbotix_xs_driver/share/interbotix_xs_driver/cmake/export_interbotix_xs_driverExport.cmake
[15.617s] -- Installing: /home/mscrobotics2425laptop11/interbotix_ws/install/interbotix_xs_driver/share/interbotix_xs_driver/cmake/export_interbotix_xs_driverExport-noconfig.cmake
[15.617s] -- Installing: /home/mscrobotics2425laptop11/interbotix_ws/install/interbotix_xs_driver/share/interbotix_xs_driver/cmake/ament_cmake_export_dependencies-extras.cmake
[15.617s] -- Installing: /home/mscrobotics2425laptop11/interbotix_ws/install/interbotix_xs_driver/share/interbotix_xs_driver/cmake/ament_cmake_export_targets-extras.cmake
[15.617s] -- Installing: /home/mscrobotics2425laptop11/interbotix_ws/install/interbotix_xs_driver/share/interbotix_xs_driver/cmake/interbotix_xs_driverConfig.cmake
[15.618s] -- Installing: /home/mscrobotics2425laptop11/interbotix_ws/install/interbotix_xs_driver/share/interbotix_xs_driver/cmake/interbotix_xs_driverConfig-version.cmake
[15.624s] -- Up-to-date: /home/mscrobotics2425laptop11/interbotix_ws/install/interbotix_xs_driver/share/interbotix_xs_driver/package.xml
[15.627s] Invoked command in '/home/mscrobotics2425laptop11/interbotix_ws/build/interbotix_xs_driver' returned '0': AMENT_PREFIX_PATH=/home/mscrobotics2425laptop11/interbotix_ws/install/dynamixel_workbench_toolbox:${AMENT_PREFIX_PATH} CMAKE_PREFIX_PATH=/home/mscrobotics2425laptop11/interbotix_ws/install/dynamixel_workbench_toolbox:/home/mscrobotics2425laptop11/apriltag_ws/install/apriltag_ros:/opt/ros/humble LD_LIBRARY_PATH=/home/mscrobotics2425laptop11/interbotix_ws/install/dynamixel_workbench_toolbox/lib:${LD_LIBRARY_PATH} /usr/bin/cmake --install /home/mscrobotics2425laptop11/interbotix_ws/build/interbotix_xs_driver
