[0.216s] Invoking command in '/home/group4/ros2_ws/build/explore_lite': CMAKE_PREFIX_PATH=${CMAKE_PREFIX_PATH}:/home/group4/ros2_ws/install/teleop_leo:/home/group4/ros2_ws/install/real_leo:/home/group4/ros2_ws/install/my_leo:/home/group4/ros2_ws/install/gz_example_robot_description:/home/group4/ros2_ws/install/bt_demos:/home/group4/ros2_ws/install/autonomous_exploration:/home/group4/interbotix_ws/install/interbotix_xs_modules:/home/group4/interbotix_ws/install/interbotix_perception_modules:/home/group4/interbotix_ws/install/interbotix_common_modules:/opt/ros/humble /usr/bin/cmake --build /home/group4/ros2_ws/build/explore_lite -- -j16 -l16
[0.824s] [ 20%] Built target gtest_main
[0.824s] [ 40%] Built target gtest
[0.824s] [ 80%] Built target explore
[0.824s] [100%] Built target test_explore
[0.827s] Invoked command in '/home/group4/ros2_ws/build/explore_lite' returned '0': CMAKE_PREFIX_PATH=${CMAKE_PREFIX_PATH}:/home/group4/ros2_ws/install/teleop_leo:/home/group4/ros2_ws/install/real_leo:/home/group4/ros2_ws/install/my_leo:/home/group4/ros2_ws/install/gz_example_robot_description:/home/group4/ros2_ws/install/bt_demos:/home/group4/ros2_ws/install/autonomous_exploration:/home/group4/interbotix_ws/install/interbotix_xs_modules:/home/group4/interbotix_ws/install/interbotix_perception_modules:/home/group4/interbotix_ws/install/interbotix_common_modules:/opt/ros/humble /usr/bin/cmake --build /home/group4/ros2_ws/build/explore_lite -- -j16 -l16
[0.865s] Invoking command in '/home/group4/ros2_ws/build/explore_lite': CMAKE_PREFIX_PATH=${CMAKE_PREFIX_PATH}:/home/group4/ros2_ws/install/teleop_leo:/home/group4/ros2_ws/install/real_leo:/home/group4/ros2_ws/install/my_leo:/home/group4/ros2_ws/install/gz_example_robot_description:/home/group4/ros2_ws/install/bt_demos:/home/group4/ros2_ws/install/autonomous_exploration:/home/group4/interbotix_ws/install/interbotix_xs_modules:/home/group4/interbotix_ws/install/interbotix_perception_modules:/home/group4/interbotix_ws/install/interbotix_common_modules:/opt/ros/humble /usr/bin/cmake --install /home/group4/ros2_ws/build/explore_lite
[0.882s] -- Install configuration: ""
[0.882s] -- Up-to-date: /home/group4/ros2_ws/install/explore_lite/include/explore/
[0.882s] -- Up-to-date: /home/group4/ros2_ws/install/explore_lite/include/explore//costmap_tools.h
[0.882s] -- Up-to-date: /home/group4/ros2_ws/install/explore_lite/include/explore//explore.h
[0.882s] -- Up-to-date: /home/group4/ros2_ws/install/explore_lite/include/explore//frontier_search.h
[0.882s] -- Up-to-date: /home/group4/ros2_ws/install/explore_lite/include/explore//costmap_client.h
[0.882s] -- Up-to-date: /home/group4/ros2_ws/install/explore_lite/share/explore_lite/config
[0.882s] -- Up-to-date: /home/group4/ros2_ws/install/explore_lite/share/explore_lite/config/params.yaml
[0.882s] -- Up-to-date: /home/group4/ros2_ws/install/explore_lite/share/explore_lite/config/params_costmap.yaml
[0.882s] -- Up-to-date: /home/group4/ros2_ws/install/explore_lite/share/explore_lite/launch
[0.882s] -- Up-to-date: /home/group4/ros2_ws/install/explore_lite/share/explore_lite/launch/explore.launch.py
[0.882s] -- Up-to-date: /home/group4/ros2_ws/install/explore_lite/lib/explore_lite/explore
[0.882s] -- Up-to-date: /home/group4/ros2_ws/install/explore_lite/share/ament_index/resource_index/package_run_dependencies/explore_lite
[0.883s] -- Up-to-date: /home/group4/ros2_ws/install/explore_lite/share/ament_index/resource_index/parent_prefix_path/explore_lite
[0.883s] -- Up-to-date: /home/group4/ros2_ws/install/explore_lite/share/explore_lite/environment/ament_prefix_path.sh
[0.883s] -- Up-to-date: /home/group4/ros2_ws/install/explore_lite/share/explore_lite/environment/ament_prefix_path.dsv
[0.883s] -- Up-to-date: /home/group4/ros2_ws/install/explore_lite/share/explore_lite/environment/path.sh
[0.883s] -- Up-to-date: /home/group4/ros2_ws/install/explore_lite/share/explore_lite/environment/path.dsv
[0.883s] -- Up-to-date: /home/group4/ros2_ws/install/explore_lite/share/explore_lite/local_setup.bash
[0.883s] -- Up-to-date: /home/group4/ros2_ws/install/explore_lite/share/explore_lite/local_setup.sh
[0.883s] -- Up-to-date: /home/group4/ros2_ws/install/explore_lite/share/explore_lite/local_setup.zsh
[0.883s] -- Up-to-date: /home/group4/ros2_ws/install/explore_lite/share/explore_lite/local_setup.dsv
[0.883s] -- Installing: /home/group4/ros2_ws/install/explore_lite/share/explore_lite/package.dsv
[0.883s] -- Up-to-date: /home/group4/ros2_ws/install/explore_lite/share/ament_index/resource_index/packages/explore_lite
[0.883s] -- Up-to-date: /home/group4/ros2_ws/install/explore_lite/share/explore_lite/cmake/ament_cmake_export_include_directories-extras.cmake
[0.883s] -- Up-to-date: /home/group4/ros2_ws/install/explore_lite/share/explore_lite/cmake/explore_liteConfig.cmake
[0.883s] -- Up-to-date: /home/group4/ros2_ws/install/explore_lite/share/explore_lite/cmake/explore_liteConfig-version.cmake
[0.883s] -- Up-to-date: /home/group4/ros2_ws/install/explore_lite/share/explore_lite/package.xml
[0.917s] Invoked command in '/home/group4/ros2_ws/build/explore_lite' returned '0': CMAKE_PREFIX_PATH=${CMAKE_PREFIX_PATH}:/home/group4/ros2_ws/install/teleop_leo:/home/group4/ros2_ws/install/real_leo:/home/group4/ros2_ws/install/my_leo:/home/group4/ros2_ws/install/gz_example_robot_description:/home/group4/ros2_ws/install/bt_demos:/home/group4/ros2_ws/install/autonomous_exploration:/home/group4/interbotix_ws/install/interbotix_xs_modules:/home/group4/interbotix_ws/install/interbotix_perception_modules:/home/group4/interbotix_ws/install/interbotix_common_modules:/opt/ros/humble /usr/bin/cmake --install /home/group4/ros2_ws/build/explore_lite
