[0.629s] Invoking command in '/home/mscrobotics2425laptop11/interbotix_ws/build/moveit_visual_tools': CMAKE_PREFIX_PATH=${CMAKE_PREFIX_PATH}:/home/mscrobotics2425laptop11/interbotix_ws/install/interbotix_xs_modules:/home/mscrobotics2425laptop11/interbotix_ws/install/interbotix_perception_modules:/home/mscrobotics2425laptop11/interbotix_ws/install/interbotix_common_modules:/opt/ros/humble /usr/bin/cmake --build /home/mscrobotics2425laptop11/interbotix_ws/build/moveit_visual_tools -- -j12 -l12
[0.887s] [35m[1mConsolidate compiler generated dependencies of target moveit_visual_tools[0m
[0.993s] [ 66%] Built target moveit_visual_tools
[1.057s] [35m[1mConsolidate compiler generated dependencies of target moveit_visual_tools_demo[0m
[1.186s] [100%] Built target moveit_visual_tools_demo
[1.187s] Invoked command in '/home/mscrobotics2425laptop11/interbotix_ws/build/moveit_visual_tools' returned '0': CMAKE_PREFIX_PATH=${CMAKE_PREFIX_PATH}:/home/mscrobotics2425laptop11/interbotix_ws/install/interbotix_xs_modules:/home/mscrobotics2425laptop11/interbotix_ws/install/interbotix_perception_modules:/home/mscrobotics2425laptop11/interbotix_ws/install/interbotix_common_modules:/opt/ros/humble /usr/bin/cmake --build /home/mscrobotics2425laptop11/interbotix_ws/build/moveit_visual_tools -- -j12 -l12
[1.189s] Invoking command in '/home/mscrobotics2425laptop11/interbotix_ws/build/moveit_visual_tools': CMAKE_PREFIX_PATH=${CMAKE_PREFIX_PATH}:/home/mscrobotics2425laptop11/interbotix_ws/install/interbotix_xs_modules:/home/mscrobotics2425laptop11/interbotix_ws/install/interbotix_perception_modules:/home/mscrobotics2425laptop11/interbotix_ws/install/interbotix_common_modules:/opt/ros/humble /usr/bin/cmake --install /home/mscrobotics2425laptop11/interbotix_ws/build/moveit_visual_tools
[1.193s] -- Install configuration: "Release"
[1.193s] -- Up-to-date: /home/mscrobotics2425laptop11/interbotix_ws/install/moveit_visual_tools/share/moveit_visual_tools/environment/library_path.sh
[1.194s] -- Up-to-date: /home/mscrobotics2425laptop11/interbotix_ws/install/moveit_visual_tools/share/moveit_visual_tools/environment/library_path.dsv
[1.195s] -- Up-to-date: /home/mscrobotics2425laptop11/interbotix_ws/install/moveit_visual_tools/lib/libmoveit_visual_tools.so
[1.199s] -- Up-to-date: /home/mscrobotics2425laptop11/interbotix_ws/install/moveit_visual_tools/lib/moveit_visual_tools/moveit_visual_tools_demo
[1.199s] -- Up-to-date: /home/mscrobotics2425laptop11/interbotix_ws/install/moveit_visual_tools/include
[1.200s] -- Up-to-date: /home/mscrobotics2425laptop11/interbotix_ws/install/moveit_visual_tools/include/moveit_visual_tools
[1.200s] -- Up-to-date: /home/mscrobotics2425laptop11/interbotix_ws/install/moveit_visual_tools/include/moveit_visual_tools/moveit_visual_tools.h
[1.200s] -- Up-to-date: /home/mscrobotics2425laptop11/interbotix_ws/install/moveit_visual_tools/include/moveit_visual_tools/imarker_end_effector.h
[1.200s] -- Up-to-date: /home/mscrobotics2425laptop11/interbotix_ws/install/moveit_visual_tools/include/moveit_visual_tools/imarker_robot_state.h
[1.200s] -- Up-to-date: /home/mscrobotics2425laptop11/interbotix_ws/install/moveit_visual_tools/share/moveit_visual_tools/launch
[1.200s] -- Up-to-date: /home/mscrobotics2425laptop11/interbotix_ws/install/moveit_visual_tools/share/moveit_visual_tools/launch/demo_rviz.launch.py
[1.201s] -- Up-to-date: /home/mscrobotics2425laptop11/interbotix_ws/install/moveit_visual_tools/share/moveit_visual_tools/launch/demo.rviz
[1.201s] -- Up-to-date: /home/mscrobotics2425laptop11/interbotix_ws/install/moveit_visual_tools/share/moveit_visual_tools/resources
[1.201s] -- Up-to-date: /home/mscrobotics2425laptop11/interbotix_ws/install/moveit_visual_tools/share/moveit_visual_tools/resources/demo.png
[1.201s] -- Up-to-date: /home/mscrobotics2425laptop11/interbotix_ws/install/moveit_visual_tools/share/moveit_visual_tools/resources/rrbot.srdf
[1.202s] -- Up-to-date: /home/mscrobotics2425laptop11/interbotix_ws/install/moveit_visual_tools/share/moveit_visual_tools/resources/screenshot.png
[1.202s] -- Up-to-date: /home/mscrobotics2425laptop11/interbotix_ws/install/moveit_visual_tools/share/moveit_visual_tools/resources/demo_mesh.stl
[1.202s] -- Up-to-date: /home/mscrobotics2425laptop11/interbotix_ws/install/moveit_visual_tools/share/moveit_visual_tools/resources/rrbot.urdf
[1.202s] -- Up-to-date: /home/mscrobotics2425laptop11/interbotix_ws/install/moveit_visual_tools/share/ament_index/resource_index/package_run_dependencies/moveit_visual_tools
[1.204s] -- Up-to-date: /home/mscrobotics2425laptop11/interbotix_ws/install/moveit_visual_tools/share/ament_index/resource_index/parent_prefix_path/moveit_visual_tools
[1.204s] -- Up-to-date: /home/mscrobotics2425laptop11/interbotix_ws/install/moveit_visual_tools/share/moveit_visual_tools/environment/ament_prefix_path.sh
[1.204s] -- Up-to-date: /home/mscrobotics2425laptop11/interbotix_ws/install/moveit_visual_tools/share/moveit_visual_tools/environment/ament_prefix_path.dsv
[1.204s] -- Up-to-date: /home/mscrobotics2425laptop11/interbotix_ws/install/moveit_visual_tools/share/moveit_visual_tools/environment/path.sh
[1.205s] -- Up-to-date: /home/mscrobotics2425laptop11/interbotix_ws/install/moveit_visual_tools/share/moveit_visual_tools/environment/path.dsv
[1.205s] -- Up-to-date: /home/mscrobotics2425laptop11/interbotix_ws/install/moveit_visual_tools/share/moveit_visual_tools/local_setup.bash
[1.205s] -- Up-to-date: /home/mscrobotics2425laptop11/interbotix_ws/install/moveit_visual_tools/share/moveit_visual_tools/local_setup.sh
[1.205s] -- Up-to-date: /home/mscrobotics2425laptop11/interbotix_ws/install/moveit_visual_tools/share/moveit_visual_tools/local_setup.zsh
[1.205s] -- Up-to-date: /home/mscrobotics2425laptop11/interbotix_ws/install/moveit_visual_tools/share/moveit_visual_tools/local_setup.dsv
[1.205s] -- Installing: /home/mscrobotics2425laptop11/interbotix_ws/install/moveit_visual_tools/share/moveit_visual_tools/package.dsv
[1.206s] -- Up-to-date: /home/mscrobotics2425laptop11/interbotix_ws/install/moveit_visual_tools/share/ament_index/resource_index/packages/moveit_visual_tools
[1.212s] -- Up-to-date: /home/mscrobotics2425laptop11/interbotix_ws/install/moveit_visual_tools/share/moveit_visual_tools/cmake/export_moveit_visual_toolsExport.cmake
[1.213s] -- Up-to-date: /home/mscrobotics2425laptop11/interbotix_ws/install/moveit_visual_tools/share/moveit_visual_tools/cmake/export_moveit_visual_toolsExport-release.cmake
[1.214s] -- Up-to-date: /home/mscrobotics2425laptop11/interbotix_ws/install/moveit_visual_tools/share/moveit_visual_tools/cmake/ament_cmake_export_targets-extras.cmake
[1.215s] -- Up-to-date: /home/mscrobotics2425laptop11/interbotix_ws/install/moveit_visual_tools/share/moveit_visual_tools/cmake/ament_cmake_export_dependencies-extras.cmake
[1.215s] -- Up-to-date: /home/mscrobotics2425laptop11/interbotix_ws/install/moveit_visual_tools/share/moveit_visual_tools/cmake/moveit_visual_toolsConfig.cmake
[1.215s] -- Up-to-date: /home/mscrobotics2425laptop11/interbotix_ws/install/moveit_visual_tools/share/moveit_visual_tools/cmake/moveit_visual_toolsConfig-version.cmake
[1.216s] -- Up-to-date: /home/mscrobotics2425laptop11/interbotix_ws/install/moveit_visual_tools/share/moveit_visual_tools/package.xml
[1.230s] Invoked command in '/home/mscrobotics2425laptop11/interbotix_ws/build/moveit_visual_tools' returned '0': CMAKE_PREFIX_PATH=${CMAKE_PREFIX_PATH}:/home/mscrobotics2425laptop11/interbotix_ws/install/interbotix_xs_modules:/home/mscrobotics2425laptop11/interbotix_ws/install/interbotix_perception_modules:/home/mscrobotics2425laptop11/interbotix_ws/install/interbotix_common_modules:/opt/ros/humble /usr/bin/cmake --install /home/mscrobotics2425laptop11/interbotix_ws/build/moveit_visual_tools
