[0.228s] Invoking command in '/home/mscrobotics2425laptop28/sim_ws/build/explore_lite': CMAKE_PREFIX_PATH=${CMAKE_PREFIX_PATH}:/home/mscrobotics2425laptop28/sim_ws/install/my_leo:/home/mscrobotics2425laptop28/sim_ws/install/leo_t3:/home/mscrobotics2425laptop28/sim_ws/install/autonomous_exploration:/home/mscrobotics2425laptop28/ros2_tutorial_workspace/install/hans_christian_orsted_pkg:/home/mscrobotics2425laptop28/ros2_tutorial_workspace/install/gertrude_elion_description:/home/mscrobotics2425laptop28/ros2_tutorial_workspace/install/example_urdf_robot:/home/mscrobotics2425laptop28/ros2_tutorial_workspace/install/coursework_support:/home/mscrobotics2425laptop28/new/install/gertrude_elion_description:/home/mscrobotics2425laptop28/new/install/coursework_support:/opt/ros/humble /usr/bin/cmake /home/mscrobotics2425laptop28/sim_ws/ros2_ws/src/m-explore-ros2/explore -DAMENT_CMAKE_SYMLINK_INSTALL=1 -DCMAKE_INSTALL_PREFIX=/home/mscrobotics2425laptop28/sim_ws/install/explore_lite
[0.839s] -- The C compiler identification is GNU 11.4.0
[0.839s] -- The CXX compiler identification is GNU 11.4.0
[0.839s] -- Detecting C compiler ABI info
[0.839s] -- Detecting C compiler ABI info - done
[0.839s] -- Check for working C compiler: /usr/bin/cc - skipped
[0.839s] -- Detecting C compile features
[0.839s] -- Detecting C compile features - done
[0.839s] -- Detecting CXX compiler ABI info
[0.839s] -- Detecting CXX compiler ABI info - done
[0.839s] -- Check for working CXX compiler: /usr/bin/c++ - skipped
[0.839s] -- Detecting CXX compile features
[0.839s] -- Detecting CXX compile features - done
[0.839s] -- BuilD for ROS2: humble
[0.839s] -- Found ament_cmake: 1.3.11 (/opt/ros/humble/share/ament_cmake/cmake)
[1.164s] -- Found Python3: /usr/bin/python3 (found version "3.10.12") found components: Interpreter 
[1.298s] -- Override CMake install command with custom implementation using symlinks instead of copying resources
[1.365s] -- Found rclcpp: 16.0.11 (/opt/ros/humble/share/rclcpp/cmake)
[1.450s] -- Found rosidl_generator_c: 3.1.6 (/opt/ros/humble/share/rosidl_generator_c/cmake)
[1.461s] -- Found rosidl_adapter: 3.1.6 (/opt/ros/humble/share/rosidl_adapter/cmake)
[1.477s] -- Found rosidl_generator_cpp: 3.1.6 (/opt/ros/humble/share/rosidl_generator_cpp/cmake)
[1.500s] -- Using all available rosidl_typesupport_c: rosidl_typesupport_fastrtps_c;rosidl_typesupport_introspection_c
[1.531s] -- Using all available rosidl_typesupport_cpp: rosidl_typesupport_fastrtps_cpp;rosidl_typesupport_introspection_cpp
[1.625s] -- Found rmw_implementation_cmake: 6.1.2 (/opt/ros/humble/share/rmw_implementation_cmake/cmake)
[1.629s] -- Found rmw_fastrtps_cpp: 6.2.7 (/opt/ros/humble/share/rmw_fastrtps_cpp/cmake)
[1.770s] -- Found OpenSSL: /usr/lib/x86_64-linux-gnu/libcrypto.so (found version "3.0.2")  
[1.826s] -- Found FastRTPS: /opt/ros/humble/include  
[1.901s] -- Using RMW implementation 'rmw_fastrtps_cpp' as default
[1.914s] -- Looking for pthread.h
[2.045s] -- Looking for pthread.h - found
[2.045s] -- Performing Test CMAKE_HAVE_LIBC_PTHREAD
[2.156s] -- Performing Test CMAKE_HAVE_LIBC_PTHREAD - Success
[2.157s] -- Found Threads: TRUE  
[2.208s] -- Found sensor_msgs: 4.2.4 (/opt/ros/humble/share/sensor_msgs/cmake)
[2.236s] -- Found tf2_ros: 0.25.9 (/opt/ros/humble/share/tf2_ros/cmake)
[2.329s] -- Found tf2_geometry_msgs: 0.25.9 (/opt/ros/humble/share/tf2_geometry_msgs/cmake)
[2.343s] -- Found eigen3_cmake_module: 0.1.1 (/opt/ros/humble/share/eigen3_cmake_module/cmake)
[2.344s] -- Found Eigen3: TRUE (found version "3.4.0") 
[2.345s] -- Ensuring Eigen3 include directory is part of orocos-kdl CMake target
[2.347s] -- Found nav2_msgs: 1.1.18 (/opt/ros/humble/share/nav2_msgs/cmake)
[2.383s] -- Found map_msgs: 2.1.0 (/opt/ros/humble/share/map_msgs/cmake)
[2.399s] -- Found visualization_msgs: 4.2.4 (/opt/ros/humble/share/visualization_msgs/cmake)
[2.419s] -- Found nav2_costmap_2d: 1.1.18 (/opt/ros/humble/share/nav2_costmap_2d/cmake)
[2.568s] -- Found ament_lint_auto: 0.12.11 (/opt/ros/humble/share/ament_lint_auto/cmake)
[2.703s] -- Found ament_cmake_gtest: 1.3.11 (/opt/ros/humble/share/ament_cmake_gtest/cmake)
[2.707s] -- Found gtest sources under '/opt/ros/humble/src/gtest_vendor': C++ tests using 'Google Test' will be built
[2.741s] -- Added test 'cppcheck' to perform static code analysis on C / C++ code
[2.742s] -- Configured cppcheck include dirs: /home/mscrobotics2425laptop28/sim_ws/ros2_ws/src/m-explore-ros2/explore/include;$<BUILD_INTERFACE:/home/mscrobotics2425laptop28/sim_ws/ros2_ws/src/m-explore-ros2/explore/include>
[2.742s] -- Configured cppcheck exclude dirs and/or files: 
[2.742s] -- Added test 'flake8' to check Python code syntax and style conventions
[2.744s] -- Added test 'lint_cmake' to check CMake code style
[2.745s] -- Added test 'pep257' to check Python code against some of the docstring style conventions in PEP 257
[2.747s] -- Added test 'uncrustify' to check C / C++ code style
[2.747s] -- Configured uncrustify additional arguments: 
[2.748s] -- Added test 'xmllint' to check XML markup files
[2.752s] -- Configuring done
[2.901s] -- Generating done
[2.923s] -- Build files have been written to: /home/mscrobotics2425laptop28/sim_ws/build/explore_lite
[2.941s] Invoked command in '/home/mscrobotics2425laptop28/sim_ws/build/explore_lite' returned '0': CMAKE_PREFIX_PATH=${CMAKE_PREFIX_PATH}:/home/mscrobotics2425laptop28/sim_ws/install/my_leo:/home/mscrobotics2425laptop28/sim_ws/install/leo_t3:/home/mscrobotics2425laptop28/sim_ws/install/autonomous_exploration:/home/mscrobotics2425laptop28/ros2_tutorial_workspace/install/hans_christian_orsted_pkg:/home/mscrobotics2425laptop28/ros2_tutorial_workspace/install/gertrude_elion_description:/home/mscrobotics2425laptop28/ros2_tutorial_workspace/install/example_urdf_robot:/home/mscrobotics2425laptop28/ros2_tutorial_workspace/install/coursework_support:/home/mscrobotics2425laptop28/new/install/gertrude_elion_description:/home/mscrobotics2425laptop28/new/install/coursework_support:/opt/ros/humble /usr/bin/cmake /home/mscrobotics2425laptop28/sim_ws/ros2_ws/src/m-explore-ros2/explore -DAMENT_CMAKE_SYMLINK_INSTALL=1 -DCMAKE_INSTALL_PREFIX=/home/mscrobotics2425laptop28/sim_ws/install/explore_lite
[2.942s] Invoking command in '/home/mscrobotics2425laptop28/sim_ws/build/explore_lite': CMAKE_PREFIX_PATH=${CMAKE_PREFIX_PATH}:/home/mscrobotics2425laptop28/sim_ws/install/my_leo:/home/mscrobotics2425laptop28/sim_ws/install/leo_t3:/home/mscrobotics2425laptop28/sim_ws/install/autonomous_exploration:/home/mscrobotics2425laptop28/ros2_tutorial_workspace/install/hans_christian_orsted_pkg:/home/mscrobotics2425laptop28/ros2_tutorial_workspace/install/gertrude_elion_description:/home/mscrobotics2425laptop28/ros2_tutorial_workspace/install/example_urdf_robot:/home/mscrobotics2425laptop28/ros2_tutorial_workspace/install/coursework_support:/home/mscrobotics2425laptop28/new/install/gertrude_elion_description:/home/mscrobotics2425laptop28/new/install/coursework_support:/opt/ros/humble /usr/bin/cmake --build /home/mscrobotics2425laptop28/sim_ws/build/explore_lite -- -j12 -l12
[3.014s] [ 10%] [32mBuilding CXX object gtest/CMakeFiles/gtest_main.dir/src/gtest_main.cc.o[0m
[3.018s] [ 20%] [32mBuilding CXX object CMakeFiles/explore.dir/src/costmap_client.cpp.o[0m
[3.029s] [ 30%] [32mBuilding CXX object gtest/CMakeFiles/gtest.dir/src/gtest-all.cc.o[0m
[3.038s] [ 40%] [32mBuilding CXX object CMakeFiles/explore.dir/src/frontier_search.cpp.o[0m
[3.039s] [ 50%] [32mBuilding CXX object CMakeFiles/explore.dir/src/explore.cpp.o[0m
[4.621s] [ 60%] [32m[1mLinking CXX static library libgtest_main.a[0m
[4.812s] [ 60%] Built target gtest_main
[10.562s] [ 70%] [32m[1mLinking CXX static library libgtest.a[0m
[10.714s] [ 70%] Built target gtest
[10.738s] [ 80%] [32mBuilding CXX object CMakeFiles/test_explore.dir/test/test_explore.cpp.o[0m
[12.143s] [ 90%] [32m[1mLinking CXX executable test_explore[0m
[13.267s] [ 90%] Built target test_explore
[22.909s] [100%] [32m[1mLinking CXX executable explore[0m
[24.368s] [100%] Built target explore
[24.380s] Invoked command in '/home/mscrobotics2425laptop28/sim_ws/build/explore_lite' returned '0': CMAKE_PREFIX_PATH=${CMAKE_PREFIX_PATH}:/home/mscrobotics2425laptop28/sim_ws/install/my_leo:/home/mscrobotics2425laptop28/sim_ws/install/leo_t3:/home/mscrobotics2425laptop28/sim_ws/install/autonomous_exploration:/home/mscrobotics2425laptop28/ros2_tutorial_workspace/install/hans_christian_orsted_pkg:/home/mscrobotics2425laptop28/ros2_tutorial_workspace/install/gertrude_elion_description:/home/mscrobotics2425laptop28/ros2_tutorial_workspace/install/example_urdf_robot:/home/mscrobotics2425laptop28/ros2_tutorial_workspace/install/coursework_support:/home/mscrobotics2425laptop28/new/install/gertrude_elion_description:/home/mscrobotics2425laptop28/new/install/coursework_support:/opt/ros/humble /usr/bin/cmake --build /home/mscrobotics2425laptop28/sim_ws/build/explore_lite -- -j12 -l12
[24.382s] Invoking command in '/home/mscrobotics2425laptop28/sim_ws/build/explore_lite': CMAKE_PREFIX_PATH=${CMAKE_PREFIX_PATH}:/home/mscrobotics2425laptop28/sim_ws/install/my_leo:/home/mscrobotics2425laptop28/sim_ws/install/leo_t3:/home/mscrobotics2425laptop28/sim_ws/install/autonomous_exploration:/home/mscrobotics2425laptop28/ros2_tutorial_workspace/install/hans_christian_orsted_pkg:/home/mscrobotics2425laptop28/ros2_tutorial_workspace/install/gertrude_elion_description:/home/mscrobotics2425laptop28/ros2_tutorial_workspace/install/example_urdf_robot:/home/mscrobotics2425laptop28/ros2_tutorial_workspace/install/coursework_support:/home/mscrobotics2425laptop28/new/install/gertrude_elion_description:/home/mscrobotics2425laptop28/new/install/coursework_support:/opt/ros/humble /usr/bin/cmake --install /home/mscrobotics2425laptop28/sim_ws/build/explore_lite
[24.390s] -- Install configuration: ""
[24.390s] -- Execute custom install script
[24.391s] -- Symlinking: /home/mscrobotics2425laptop28/sim_ws/install/explore_lite/include/explore//costmap_client.h
[24.401s] -- Symlinking: /home/mscrobotics2425laptop28/sim_ws/install/explore_lite/include/explore//costmap_tools.h
[24.407s] -- Symlinking: /home/mscrobotics2425laptop28/sim_ws/install/explore_lite/include/explore//explore.h
[24.413s] -- Symlinking: /home/mscrobotics2425laptop28/sim_ws/install/explore_lite/include/explore//frontier_search.h
[24.425s] -- Symlinking: /home/mscrobotics2425laptop28/sim_ws/install/explore_lite/share/explore_lite/config/params.yaml
[24.435s] -- Symlinking: /home/mscrobotics2425laptop28/sim_ws/install/explore_lite/share/explore_lite/config/params_costmap.yaml
[24.445s] -- Symlinking: /home/mscrobotics2425laptop28/sim_ws/install/explore_lite/share/explore_lite/launch/explore.launch.py
[24.456s] -- Symlinking: /home/mscrobotics2425laptop28/sim_ws/install/explore_lite/lib/explore_lite/explore
[24.466s] -- Symlinking: /home/mscrobotics2425laptop28/sim_ws/install/explore_lite/share/ament_index/resource_index/package_run_dependencies/explore_lite
[24.476s] -- Symlinking: /home/mscrobotics2425laptop28/sim_ws/install/explore_lite/share/ament_index/resource_index/parent_prefix_path/explore_lite
[24.484s] -- Symlinking: /home/mscrobotics2425laptop28/sim_ws/install/explore_lite/share/explore_lite/environment/ament_prefix_path.sh
[24.491s] -- Symlinking: /home/mscrobotics2425laptop28/sim_ws/install/explore_lite/share/explore_lite/environment/ament_prefix_path.dsv
[24.497s] -- Symlinking: /home/mscrobotics2425laptop28/sim_ws/install/explore_lite/share/explore_lite/environment/path.sh
[24.507s] -- Symlinking: /home/mscrobotics2425laptop28/sim_ws/install/explore_lite/share/explore_lite/environment/path.dsv
[24.514s] -- Symlinking: /home/mscrobotics2425laptop28/sim_ws/install/explore_lite/share/explore_lite/local_setup.bash
[24.525s] -- Symlinking: /home/mscrobotics2425laptop28/sim_ws/install/explore_lite/share/explore_lite/local_setup.sh
[24.531s] -- Symlinking: /home/mscrobotics2425laptop28/sim_ws/install/explore_lite/share/explore_lite/local_setup.zsh
[24.538s] -- Symlinking: /home/mscrobotics2425laptop28/sim_ws/install/explore_lite/share/explore_lite/local_setup.dsv
[24.548s] -- Symlinking: /home/mscrobotics2425laptop28/sim_ws/install/explore_lite/share/explore_lite/package.dsv
[24.556s] -- Symlinking: /home/mscrobotics2425laptop28/sim_ws/install/explore_lite/share/ament_index/resource_index/packages/explore_lite
[24.563s] -- Symlinking: /home/mscrobotics2425laptop28/sim_ws/install/explore_lite/share/explore_lite/cmake/ament_cmake_export_include_directories-extras.cmake
[24.573s] -- Symlinking: /home/mscrobotics2425laptop28/sim_ws/install/explore_lite/share/explore_lite/cmake/explore_liteConfig.cmake
[24.584s] -- Symlinking: /home/mscrobotics2425laptop28/sim_ws/install/explore_lite/share/explore_lite/cmake/explore_liteConfig-version.cmake
[24.594s] -- Symlinking: /home/mscrobotics2425laptop28/sim_ws/install/explore_lite/share/explore_lite/package.xml
[24.602s] Invoked command in '/home/mscrobotics2425laptop28/sim_ws/build/explore_lite' returned '0': CMAKE_PREFIX_PATH=${CMAKE_PREFIX_PATH}:/home/mscrobotics2425laptop28/sim_ws/install/my_leo:/home/mscrobotics2425laptop28/sim_ws/install/leo_t3:/home/mscrobotics2425laptop28/sim_ws/install/autonomous_exploration:/home/mscrobotics2425laptop28/ros2_tutorial_workspace/install/hans_christian_orsted_pkg:/home/mscrobotics2425laptop28/ros2_tutorial_workspace/install/gertrude_elion_description:/home/mscrobotics2425laptop28/ros2_tutorial_workspace/install/example_urdf_robot:/home/mscrobotics2425laptop28/ros2_tutorial_workspace/install/coursework_support:/home/mscrobotics2425laptop28/new/install/gertrude_elion_description:/home/mscrobotics2425laptop28/new/install/coursework_support:/opt/ros/humble /usr/bin/cmake --install /home/mscrobotics2425laptop28/sim_ws/build/explore_lite
