[0.795s] Invoking command in '/home/mscrobotics2425laptop11/interbotix_ws/build/interbotix_tf_tools': CMAKE_PREFIX_PATH=${CMAKE_PREFIX_PATH}:/home/mscrobotics2425laptop11/interbotix_ws/install/interbotix_xs_modules:/home/mscrobotics2425laptop11/interbotix_ws/install/interbotix_perception_modules:/home/mscrobotics2425laptop11/interbotix_ws/install/interbotix_common_modules:/opt/ros/humble /usr/bin/cmake --build /home/mscrobotics2425laptop11/interbotix_ws/build/interbotix_tf_tools -- -j12 -l12
[1.084s] [100%] Built target tf_rebroadcaster
[1.109s] Invoked command in '/home/mscrobotics2425laptop11/interbotix_ws/build/interbotix_tf_tools' returned '0': CMAKE_PREFIX_PATH=${CMAKE_PREFIX_PATH}:/home/mscrobotics2425laptop11/interbotix_ws/install/interbotix_xs_modules:/home/mscrobotics2425laptop11/interbotix_ws/install/interbotix_perception_modules:/home/mscrobotics2425laptop11/interbotix_ws/install/interbotix_common_modules:/opt/ros/humble /usr/bin/cmake --build /home/mscrobotics2425laptop11/interbotix_ws/build/interbotix_tf_tools -- -j12 -l12
[1.114s] Invoking command in '/home/mscrobotics2425laptop11/interbotix_ws/build/interbotix_tf_tools': CMAKE_PREFIX_PATH=${CMAKE_PREFIX_PATH}:/home/mscrobotics2425laptop11/interbotix_ws/install/interbotix_xs_modules:/home/mscrobotics2425laptop11/interbotix_ws/install/interbotix_perception_modules:/home/mscrobotics2425laptop11/interbotix_ws/install/interbotix_common_modules:/opt/ros/humble /usr/bin/cmake --install /home/mscrobotics2425laptop11/interbotix_ws/build/interbotix_tf_tools
[1.170s] -- Install configuration: ""
[1.170s] -- Up-to-date: /home/mscrobotics2425laptop11/interbotix_ws/install/interbotix_tf_tools/lib/libtf_rebroadcaster.so
[1.179s] -- Up-to-date: /home/mscrobotics2425laptop11/interbotix_ws/install/interbotix_tf_tools/lib/interbotix_tf_tools/static_trans_pub.py
[1.179s] -- Up-to-date: /home/mscrobotics2425laptop11/interbotix_ws/install/interbotix_tf_tools/share/interbotix_tf_tools//config
[1.182s] -- Up-to-date: /home/mscrobotics2425laptop11/interbotix_ws/install/interbotix_tf_tools/share/interbotix_tf_tools//config/tf_rebroadcaster.yaml
[1.182s] -- Up-to-date: /home/mscrobotics2425laptop11/interbotix_ws/install/interbotix_tf_tools/share/interbotix_tf_tools//launch
[1.182s] -- Up-to-date: /home/mscrobotics2425laptop11/interbotix_ws/install/interbotix_tf_tools/share/interbotix_tf_tools//launch/static_transform_pub.launch.py
[1.182s] -- Up-to-date: /home/mscrobotics2425laptop11/interbotix_ws/install/interbotix_tf_tools/share/interbotix_tf_tools//launch/tf_rebroadcaster.launch.py
[1.183s] -- Up-to-date: /home/mscrobotics2425laptop11/interbotix_ws/install/interbotix_tf_tools/share/ament_index/resource_index/package_run_dependencies/interbotix_tf_tools
[1.183s] -- Up-to-date: /home/mscrobotics2425laptop11/interbotix_ws/install/interbotix_tf_tools/share/ament_index/resource_index/parent_prefix_path/interbotix_tf_tools
[1.183s] -- Up-to-date: /home/mscrobotics2425laptop11/interbotix_ws/install/interbotix_tf_tools/share/interbotix_tf_tools/environment/ament_prefix_path.sh
[1.183s] -- Up-to-date: /home/mscrobotics2425laptop11/interbotix_ws/install/interbotix_tf_tools/share/interbotix_tf_tools/environment/ament_prefix_path.dsv
[1.183s] -- Up-to-date: /home/mscrobotics2425laptop11/interbotix_ws/install/interbotix_tf_tools/share/interbotix_tf_tools/environment/path.sh
[1.183s] -- Up-to-date: /home/mscrobotics2425laptop11/interbotix_ws/install/interbotix_tf_tools/share/interbotix_tf_tools/environment/path.dsv
[1.183s] -- Up-to-date: /home/mscrobotics2425laptop11/interbotix_ws/install/interbotix_tf_tools/share/interbotix_tf_tools/local_setup.bash
[1.183s] -- Up-to-date: /home/mscrobotics2425laptop11/interbotix_ws/install/interbotix_tf_tools/share/interbotix_tf_tools/local_setup.sh
[1.184s] -- Up-to-date: /home/mscrobotics2425laptop11/interbotix_ws/install/interbotix_tf_tools/share/interbotix_tf_tools/local_setup.zsh
[1.185s] -- Up-to-date: /home/mscrobotics2425laptop11/interbotix_ws/install/interbotix_tf_tools/share/interbotix_tf_tools/local_setup.dsv
[1.186s] -- Installing: /home/mscrobotics2425laptop11/interbotix_ws/install/interbotix_tf_tools/share/interbotix_tf_tools/package.dsv
[1.190s] -- Up-to-date: /home/mscrobotics2425laptop11/interbotix_ws/install/interbotix_tf_tools/share/ament_index/resource_index/packages/interbotix_tf_tools
[1.190s] -- Up-to-date: /home/mscrobotics2425laptop11/interbotix_ws/install/interbotix_tf_tools/share/ament_index/resource_index/rclcpp_components/interbotix_tf_tools
[1.190s] -- Up-to-date: /home/mscrobotics2425laptop11/interbotix_ws/install/interbotix_tf_tools/share/interbotix_tf_tools/cmake/interbotix_tf_toolsConfig.cmake
[1.190s] -- Up-to-date: /home/mscrobotics2425laptop11/interbotix_ws/install/interbotix_tf_tools/share/interbotix_tf_tools/cmake/interbotix_tf_toolsConfig-version.cmake
[1.190s] -- Up-to-date: /home/mscrobotics2425laptop11/interbotix_ws/install/interbotix_tf_tools/share/interbotix_tf_tools/package.xml
[1.199s] Invoked command in '/home/mscrobotics2425laptop11/interbotix_ws/build/interbotix_tf_tools' returned '0': CMAKE_PREFIX_PATH=${CMAKE_PREFIX_PATH}:/home/mscrobotics2425laptop11/interbotix_ws/install/interbotix_xs_modules:/home/mscrobotics2425laptop11/interbotix_ws/install/interbotix_perception_modules:/home/mscrobotics2425laptop11/interbotix_ws/install/interbotix_common_modules:/opt/ros/humble /usr/bin/cmake --install /home/mscrobotics2425laptop11/interbotix_ws/build/interbotix_tf_tools
