[0.058s] Invoking command in '/home/group4/ros2_ws/build/leo_gz_plugins': CMAKE_PREFIX_PATH=${CMAKE_PREFIX_PATH}:/home/group4/ros2_ws/install/teleop_leo:/home/group4/ros2_ws/install/real_leo:/home/group4/ros2_ws/install/my_leo:/home/group4/ros2_ws/install/gz_example_robot_description:/home/group4/ros2_ws/install/bt_demos:/home/group4/ros2_ws/install/autonomous_exploration:/home/group4/interbotix_ws/install/interbotix_xs_modules:/home/group4/interbotix_ws/install/interbotix_perception_modules:/home/group4/interbotix_ws/install/interbotix_common_modules:/opt/ros/humble /usr/bin/cmake /home/group4/ros2_ws/src/leo_simulator-ros2/leo_gz_plugins -DCMAKE_INSTALL_PREFIX=/home/group4/ros2_ws/install/leo_gz_plugins
[1.271s] -- The C compiler identification is GNU 11.4.0
[1.271s] -- The CXX compiler identification is GNU 11.4.0
[1.272s] -- Detecting C compiler ABI info
[1.273s] -- Detecting C compiler ABI info - done
[1.273s] -- Check for working C compiler: /usr/bin/cc - skipped
[1.273s] -- Detecting C compile features
[1.273s] -- Detecting C compile features - done
[1.273s] -- Detecting CXX compiler ABI info
[1.273s] -- Detecting CXX compiler ABI info - done
[1.274s] -- Check for working CXX compiler: /usr/bin/c++ - skipped
[1.274s] -- Detecting CXX compile features
[1.274s] -- Detecting CXX compile features - done
[1.274s] -- Found ament_cmake: 1.3.8 (/opt/ros/humble/share/ament_cmake/cmake)
[1.274s] -- Found Python3: /usr/bin/python3 (found version "3.10.12") found components: Interpreter 
[1.274s] -- Looking for ignition-plugin1 -- found version 1.4.0
[1.274s] -- Searching for dependencies of ignition-plugin1
[1.274s] -- Searching for <ignition-plugin1> component [register]
[1.274s] -- Looking for ignition-plugin1-register -- found version 1.4.0
[1.275s] -- Searching for dependencies of ignition-plugin1-register
[1.275s] -- Looking for ignition-gazebo6 -- found version 6.16.0
[1.275s] -- Searching for dependencies of ignition-gazebo6
[1.275s] -- Looking for sdformat12 -- found version 12.7.2
[1.275s] -- Searching for dependencies of sdformat12
[1.275s] -- Checking for module 'tinyxml2'
[1.275s] --   Found tinyxml2, version 9.0.0
[1.275s] -- Looking for ignition-math6 -- found version 6.15.1
[1.275s] -- Searching for dependencies of ignition-math6
[1.275s] -- Looking for ignition-utils1 -- found version 1.5.1
[1.275s] -- Searching for dependencies of ignition-utils1
[1.275s] -- Looking for ignition-plugin1 -- found version 1.4.0
[1.276s] -- Searching for dependencies of ignition-plugin1
[1.276s] -- Searching for <ignition-plugin1> component [loader]
[1.276s] -- Looking for ignition-plugin1-loader -- found version 1.4.0
[1.276s] -- Searching for dependencies of ignition-plugin1-loader
[1.276s] -- Searching for <ignition-plugin1> component [register]
[1.276s] -- Looking for ignition-transport11 -- found version 11.4.1
[1.276s] -- Searching for dependencies of ignition-transport11
[1.276s] -- Found Protobuf: /usr/lib/x86_64-linux-gnu/libprotobuf.so (found version "3.12.4") 
[1.276s] -- Config-file not installed for ZeroMQ -- checking for pkg-config
[1.276s] -- Checking for module 'libzmq >= 4'
[1.276s] --   Found libzmq , version 4.3.4
[1.276s] -- Found ZeroMQ: TRUE (Required is at least version "4") 
[1.276s] -- Checking for module 'uuid'
[1.276s] --   Found uuid, version 2.37.2
[1.277s] -- Found UUID: TRUE  
[1.277s] -- Looking for ignition-utils1 -- found version 1.5.1
[1.277s] -- Searching for dependencies of ignition-utils1
[1.277s] -- Searching for <ignition-utils1> component [cli]
[1.277s] -- Looking for ignition-utils1-cli -- found version 1.5.1
[1.277s] -- Searching for dependencies of ignition-utils1-cli
[1.277s] -- Looking for ignition-msgs8 -- found version 8.7.0
[1.277s] -- Searching for dependencies of ignition-msgs8
[1.277s] -- Found Protobuf: /usr/lib/x86_64-linux-gnu/libprotobuf.so (found suitable version "3.12.4", minimum required is "3") 
[1.277s] -- Looking for ignition-math6 -- found version 6.15.1
[1.277s] -- Searching for <ignition-transport11> component [log]
[1.277s] -- Looking for ignition-transport11-log -- found version 11.4.1
[1.277s] -- Searching for dependencies of ignition-transport11-log
[1.277s] -- Searching for <ignition-transport11> component [parameters]
[1.277s] -- Looking for ignition-transport11-parameters -- found version 11.4.1
[1.278s] -- Searching for dependencies of ignition-transport11-parameters
[1.278s] -- Looking for ignition-msgs8 -- found version 8.7.0
[1.278s] -- Looking for ignition-common4 -- found version 4.7.0
[1.278s] -- Searching for dependencies of ignition-common4
[1.278s] -- Looking for dlfcn.h - found
[1.278s] -- Looking for libdl - found
[1.278s] -- Found DL: TRUE  
[1.278s] -- Searching for <ignition-common4> component [profiler]
[1.278s] -- Looking for ignition-common4-profiler -- found version 4.7.0
[1.278s] -- Searching for dependencies of ignition-common4-profiler
[1.278s] -- Searching for <ignition-common4> component [events]
[1.278s] -- Looking for ignition-common4-events -- found version 4.7.0
[1.278s] -- Searching for dependencies of ignition-common4-events
[1.278s] -- Looking for ignition-math6 -- found version 6.15.1
[1.279s] -- Searching for <ignition-common4> component [av]
[1.279s] -- Looking for ignition-common4-av -- found version 4.7.0
[1.279s] -- Searching for dependencies of ignition-common4-av
[1.279s] -- Checking for module 'libswscale'
[1.279s] --   Found libswscale, version 5.9.100
[1.279s] -- Found SWSCALE: TRUE  
[1.279s] -- Checking for module 'libavdevice >= 56.4.100'
[1.279s] --   Found libavdevice , version 58.13.100
[1.279s] -- Found AVDEVICE: TRUE (Required is at least version "56.4.100") 
[1.279s] -- Checking for module 'libavformat'
[1.280s] --   Found libavformat, version 58.76.100
[1.280s] -- Found AVFORMAT: TRUE  
[1.280s] -- Checking for module 'libavcodec'
[1.280s] --   Found libavcodec, version 58.134.100
[1.280s] -- Found AVCODEC: TRUE  
[1.298s] -- Checking for module 'libavutil'
[1.304s] --   Found libavutil, version 56.70.100
[1.325s] -- Found AVUTIL: TRUE  
[1.331s] -- Looking for ignition-fuel_tools7 -- found version 7.3.0
[1.332s] -- Searching for dependencies of ignition-fuel_tools7
[1.442s] -- Found CURL: /usr/lib/x86_64-linux-gnu/libcurl.so (found version "7.81.0")  
[1.464s] -- Checking for module 'jsoncpp'
[1.556s] --   Found jsoncpp, version 1.9.5
[1.617s] -- Found JSONCPP: TRUE  
[1.629s] -- Checking for module 'libzip'
[1.663s] --   Found libzip, version 1.7.3
[1.702s] -- Found ZIP: TRUE  
[1.702s] -- Looking for ignition-common4 -- found version 4.7.0
[1.703s] -- Looking for ignition-math6 -- found version 6.15.1
[1.704s] -- Looking for ignition-msgs8 -- found version 8.7.0
[1.712s] -- Looking for ignition-gui6 -- found version 6.8.0
[1.712s] -- Searching for dependencies of ignition-gui6
[1.771s] -- Looking for ignition-math6 -- found version 6.15.1
[1.771s] -- Looking for ignition-common4 -- found version 4.7.0
[1.771s] -- Looking for ignition-plugin1 -- found version 1.4.0
[1.772s] -- Looking for ignition-transport11 -- found version 11.4.1
[1.797s] -- Looking for ignition-rendering6 -- found version 6.6.3
[1.797s] -- Searching for dependencies of ignition-rendering6
[1.798s] -- Looking for ignition-math6 -- found version 6.15.1
[1.799s] -- Searching for dependencies of ignition-math6
[1.804s] -- Searching for <ignition-math6> component [eigen3]
[1.807s] -- Looking for ignition-math6-eigen3 -- found version 6.15.1
[1.808s] -- Searching for dependencies of ignition-math6-eigen3
[1.850s] -- Looking for ignition-common4 -- found version 4.7.0
[1.851s] -- Searching for dependencies of ignition-common4
[1.851s] -- Looking for dlfcn.h - found
[1.851s] -- Looking for libdl - found
[1.865s] -- Searching for <ignition-common4> component [graphics]
[1.915s] -- Looking for ignition-common4-graphics -- found version 4.7.0
[1.915s] -- Searching for dependencies of ignition-common4-graphics
[1.915s] -- Looking for ignition-math6 -- found version 6.15.1
[1.915s] -- Looking for ignition-utils1 -- found version 1.5.1
[1.915s] -- Searching for <ignition-common4> component [events]
[1.915s] -- Looking for ignition-plugin1 -- found version 1.4.0
[1.916s] -- Searching for dependencies of ignition-plugin1
[1.916s] -- Searching for <ignition-plugin1> component [all]
[1.924s] -- Looking for all libraries of ignition-plugin1 -- found version 1.4.0
[1.925s] -- Looking for ignition-plugin1 -- found version 1.4.0
[1.939s] -- Looking for ignition-msgs8 -- found version 8.7.0
[2.031s] -- Looking for ignition-physics5 -- found version 5.3.2
[2.033s] -- Searching for dependencies of ignition-physics5
[2.036s] -- Looking for ignition-math6 -- found version 6.15.1
[2.038s] -- Looking for ignition-plugin1 -- found version 1.4.0
[2.039s] -- Looking for ignition-utils1 -- found version 1.5.1
[2.048s] -- Searching for <ignition-physics5> component [heightmap]
[2.074s] -- Looking for ignition-physics5-heightmap -- found version 5.3.2
[2.075s] -- Searching for dependencies of ignition-physics5-heightmap
[2.075s] -- Looking for ignition-common4 -- found version 4.7.0
[2.076s] -- Searching for <ignition-physics5> component [mesh]
[2.100s] -- Looking for ignition-physics5-mesh -- found version 5.3.2
[2.101s] -- Searching for dependencies of ignition-physics5-mesh
[2.102s] -- Looking for ignition-common4 -- found version 4.7.0
[2.102s] -- Searching for <ignition-physics5> component [sdf]
[2.110s] -- Looking for ignition-physics5-sdf -- found version 5.3.2
[2.111s] -- Searching for dependencies of ignition-physics5-sdf
[2.111s] -- Looking for sdformat12 -- found version 12.7.2
[2.148s] -- Looking for ignition-sensors6 -- found version 6.8.0
[2.149s] -- Searching for dependencies of ignition-sensors6
[2.214s] -- Found Protobuf: /usr/lib/x86_64-linux-gnu/libprotobuf.so (found version "3.12.4") 
[2.215s] -- Looking for ignition-math6 -- found version 6.15.1
[2.216s] -- Looking for ignition-common4 -- found version 4.7.0
[2.216s] -- Looking for ignition-transport11 -- found version 11.4.1
[2.217s] -- Looking for ignition-rendering6 -- found version 6.6.3
[2.217s] -- Looking for ignition-msgs8 -- found version 8.7.0
[2.223s] -- Looking for sdformat12 -- found version 12.7.2
[2.228s] -- Searching for <ignition-sensors6> component [air_pressure]
[2.247s] -- Looking for ignition-sensors6-air_pressure -- found version 6.8.0
[2.247s] -- Searching for dependencies of ignition-sensors6-air_pressure
[2.253s] -- Searching for <ignition-sensors6> component [altimeter]
[2.254s] -- Looking for ignition-sensors6-altimeter -- found version 6.8.0
[2.255s] -- Searching for dependencies of ignition-sensors6-altimeter
[2.258s] -- Searching for <ignition-sensors6> component [imu]
[2.270s] -- Looking for ignition-sensors6-imu -- found version 6.8.0
[2.270s] -- Searching for dependencies of ignition-sensors6-imu
[2.272s] -- Searching for <ignition-sensors6> component [force_torque]
[2.291s] -- Looking for ignition-sensors6-force_torque -- found version 6.8.0
[2.292s] -- Searching for dependencies of ignition-sensors6-force_torque
[2.293s] -- Searching for <ignition-sensors6> component [logical_camera]
[2.313s] -- Looking for ignition-sensors6-logical_camera -- found version 6.8.0
[2.313s] -- Searching for dependencies of ignition-sensors6-logical_camera
[2.314s] -- Searching for <ignition-sensors6> component [magnetometer]
[2.320s] -- Looking for ignition-sensors6-magnetometer -- found version 6.8.0
[2.320s] -- Searching for dependencies of ignition-sensors6-magnetometer
[2.321s] -- Searching for <ignition-sensors6> component [navsat]
[2.338s] -- Looking for ignition-sensors6-navsat -- found version 6.8.0
[2.346s] -- Searching for dependencies of ignition-sensors6-navsat
[2.347s] -- Searching for <ignition-sensors6> component [rendering]
[2.353s] -- Looking for ignition-sensors6-rendering -- found version 6.8.0
[2.353s] -- Searching for dependencies of ignition-sensors6-rendering
[2.354s] -- Searching for <ignition-sensors6> component [lidar]
[2.375s] -- Looking for ignition-sensors6-lidar -- found version 6.8.0
[2.376s] -- Searching for dependencies of ignition-sensors6-lidar
[2.376s] -- Looking for ignition-sensors6 -- found version 6.8.0
[2.376s] -- Searching for <ignition-sensors6> component [gpu_lidar]
[2.380s] -- Looking for ignition-sensors6-gpu_lidar -- found version 6.8.0
[2.381s] -- Searching for dependencies of ignition-sensors6-gpu_lidar
[2.382s] -- Looking for ignition-sensors6 -- found version 6.8.0
[2.393s] -- Searching for <ignition-sensors6> component [camera]
[2.401s] -- Looking for ignition-sensors6-camera -- found version 6.8.0
[2.402s] -- Searching for dependencies of ignition-sensors6-camera
[2.402s] -- Looking for ignition-sensors6 -- found version 6.8.0
[2.402s] -- Searching for <ignition-sensors6> component [boundingbox_camera]
[2.415s] -- Looking for ignition-sensors6-boundingbox_camera -- found version 6.8.0
[2.416s] -- Searching for dependencies of ignition-sensors6-boundingbox_camera
[2.417s] -- Searching for <ignition-sensors6> component [segmentation_camera]
[2.432s] -- Looking for ignition-sensors6-segmentation_camera -- found version 6.8.0
[2.433s] -- Searching for dependencies of ignition-sensors6-segmentation_camera
[2.434s] -- Searching for <ignition-sensors6> component [depth_camera]
[2.449s] -- Looking for ignition-sensors6-depth_camera -- found version 6.8.0
[2.450s] -- Searching for dependencies of ignition-sensors6-depth_camera
[2.450s] -- Looking for ignition-sensors6 -- found version 6.8.0
[2.452s] -- Searching for <ignition-sensors6> component [rgbd_camera]
[2.466s] -- Looking for ignition-sensors6-rgbd_camera -- found version 6.8.0
[2.466s] -- Searching for dependencies of ignition-sensors6-rgbd_camera
[2.467s] -- Looking for ignition-sensors6 -- found version 6.8.0
[2.468s] -- Searching for <ignition-sensors6> component [thermal_camera]
[2.482s] -- Looking for ignition-sensors6-thermal_camera -- found version 6.8.0
[2.483s] -- Searching for dependencies of ignition-sensors6-thermal_camera
[2.483s] -- Looking for ignition-sensors6 -- found version 6.8.0
[2.485s] -- Looking for ignition-rendering6 -- found version 6.6.3
[2.486s] -- Looking for ignition-math6 -- found version 6.15.1
[2.499s] -- Looking for ignition-utils1 -- found version 1.5.1
[2.563s] -- Found ament_lint_auto: 0.12.10 (/opt/ros/humble/share/ament_lint_auto/cmake)
[2.747s] -- Added test 'copyright' to check source files copyright and LICENSE
[2.761s] -- Added test 'cpplint' to check C / C++ code against the Google style
[2.761s] -- Configured cpplint exclude dirs and/or files: 
[2.762s] -- Added test 'lint_cmake' to check CMake code style
[2.764s] -- Added test 'uncrustify' to check C / C++ code style
[2.765s] -- Configured uncrustify additional arguments: 
[2.766s] -- Added test 'xmllint' to check XML markup files
[2.769s] -- Configuring done
[2.801s] -- Generating done
[2.803s] -- Build files have been written to: /home/group4/ros2_ws/build/leo_gz_plugins
[2.822s] Invoked command in '/home/group4/ros2_ws/build/leo_gz_plugins' returned '0': CMAKE_PREFIX_PATH=${CMAKE_PREFIX_PATH}:/home/group4/ros2_ws/install/teleop_leo:/home/group4/ros2_ws/install/real_leo:/home/group4/ros2_ws/install/my_leo:/home/group4/ros2_ws/install/gz_example_robot_description:/home/group4/ros2_ws/install/bt_demos:/home/group4/ros2_ws/install/autonomous_exploration:/home/group4/interbotix_ws/install/interbotix_xs_modules:/home/group4/interbotix_ws/install/interbotix_perception_modules:/home/group4/interbotix_ws/install/interbotix_common_modules:/opt/ros/humble /usr/bin/cmake /home/group4/ros2_ws/src/leo_simulator-ros2/leo_gz_plugins -DCMAKE_INSTALL_PREFIX=/home/group4/ros2_ws/install/leo_gz_plugins
[2.840s] Invoking command in '/home/group4/ros2_ws/build/leo_gz_plugins': CMAKE_PREFIX_PATH=${CMAKE_PREFIX_PATH}:/home/group4/ros2_ws/install/teleop_leo:/home/group4/ros2_ws/install/real_leo:/home/group4/ros2_ws/install/my_leo:/home/group4/ros2_ws/install/gz_example_robot_description:/home/group4/ros2_ws/install/bt_demos:/home/group4/ros2_ws/install/autonomous_exploration:/home/group4/interbotix_ws/install/interbotix_xs_modules:/home/group4/interbotix_ws/install/interbotix_perception_modules:/home/group4/interbotix_ws/install/interbotix_common_modules:/opt/ros/humble /usr/bin/cmake --build /home/group4/ros2_ws/build/leo_gz_plugins -- -j16 -l16
[3.066s] [ 50%] [32mBuilding CXX object CMakeFiles/leo_gz_differential_plugin.dir/src/differential_system.cpp.o[0m
[22.383s] [100%] [32m[1mLinking CXX shared library libleo_gz_differential_plugin.so[0m
[22.891s] [100%] Built target leo_gz_differential_plugin
[22.901s] Invoked command in '/home/group4/ros2_ws/build/leo_gz_plugins' returned '0': CMAKE_PREFIX_PATH=${CMAKE_PREFIX_PATH}:/home/group4/ros2_ws/install/teleop_leo:/home/group4/ros2_ws/install/real_leo:/home/group4/ros2_ws/install/my_leo:/home/group4/ros2_ws/install/gz_example_robot_description:/home/group4/ros2_ws/install/bt_demos:/home/group4/ros2_ws/install/autonomous_exploration:/home/group4/interbotix_ws/install/interbotix_xs_modules:/home/group4/interbotix_ws/install/interbotix_perception_modules:/home/group4/interbotix_ws/install/interbotix_common_modules:/opt/ros/humble /usr/bin/cmake --build /home/group4/ros2_ws/build/leo_gz_plugins -- -j16 -l16
[22.921s] Invoking command in '/home/group4/ros2_ws/build/leo_gz_plugins': CMAKE_PREFIX_PATH=${CMAKE_PREFIX_PATH}:/home/group4/ros2_ws/install/teleop_leo:/home/group4/ros2_ws/install/real_leo:/home/group4/ros2_ws/install/my_leo:/home/group4/ros2_ws/install/gz_example_robot_description:/home/group4/ros2_ws/install/bt_demos:/home/group4/ros2_ws/install/autonomous_exploration:/home/group4/interbotix_ws/install/interbotix_xs_modules:/home/group4/interbotix_ws/install/interbotix_perception_modules:/home/group4/interbotix_ws/install/interbotix_common_modules:/opt/ros/humble /usr/bin/cmake --install /home/group4/ros2_ws/build/leo_gz_plugins
[22.930s] -- Install configuration: ""
[22.930s] -- Installing: /home/group4/ros2_ws/install/leo_gz_plugins/lib/libleo_gz_differential_plugin.so
[22.939s] -- Installing: /home/group4/ros2_ws/install/leo_gz_plugins/share/leo_gz_plugins/environment/gz_sim_system_plugin_path.dsv
[22.939s] -- Installing: /home/group4/ros2_ws/install/leo_gz_plugins/share/ament_index/resource_index/package_run_dependencies/leo_gz_plugins
[22.939s] -- Installing: /home/group4/ros2_ws/install/leo_gz_plugins/share/ament_index/resource_index/parent_prefix_path/leo_gz_plugins
[22.939s] -- Installing: /home/group4/ros2_ws/install/leo_gz_plugins/share/leo_gz_plugins/environment/ament_prefix_path.sh
[22.939s] -- Installing: /home/group4/ros2_ws/install/leo_gz_plugins/share/leo_gz_plugins/environment/ament_prefix_path.dsv
[22.939s] -- Installing: /home/group4/ros2_ws/install/leo_gz_plugins/share/leo_gz_plugins/environment/path.sh
[22.939s] -- Installing: /home/group4/ros2_ws/install/leo_gz_plugins/share/leo_gz_plugins/environment/path.dsv
[22.939s] -- Installing: /home/group4/ros2_ws/install/leo_gz_plugins/share/leo_gz_plugins/local_setup.bash
[22.939s] -- Installing: /home/group4/ros2_ws/install/leo_gz_plugins/share/leo_gz_plugins/local_setup.sh
[22.939s] -- Installing: /home/group4/ros2_ws/install/leo_gz_plugins/share/leo_gz_plugins/local_setup.zsh
[22.940s] -- Installing: /home/group4/ros2_ws/install/leo_gz_plugins/share/leo_gz_plugins/local_setup.dsv
[22.940s] -- Installing: /home/group4/ros2_ws/install/leo_gz_plugins/share/leo_gz_plugins/package.dsv
[22.940s] -- Installing: /home/group4/ros2_ws/install/leo_gz_plugins/share/ament_index/resource_index/packages/leo_gz_plugins
[22.940s] -- Installing: /home/group4/ros2_ws/install/leo_gz_plugins/share/leo_gz_plugins/cmake/leo_gz_pluginsConfig.cmake
[22.940s] -- Installing: /home/group4/ros2_ws/install/leo_gz_plugins/share/leo_gz_plugins/cmake/leo_gz_pluginsConfig-version.cmake
[22.940s] -- Installing: /home/group4/ros2_ws/install/leo_gz_plugins/share/leo_gz_plugins/package.xml
[22.941s] Invoked command in '/home/group4/ros2_ws/build/leo_gz_plugins' returned '0': CMAKE_PREFIX_PATH=${CMAKE_PREFIX_PATH}:/home/group4/ros2_ws/install/teleop_leo:/home/group4/ros2_ws/install/real_leo:/home/group4/ros2_ws/install/my_leo:/home/group4/ros2_ws/install/gz_example_robot_description:/home/group4/ros2_ws/install/bt_demos:/home/group4/ros2_ws/install/autonomous_exploration:/home/group4/interbotix_ws/install/interbotix_xs_modules:/home/group4/interbotix_ws/install/interbotix_perception_modules:/home/group4/interbotix_ws/install/interbotix_common_modules:/opt/ros/humble /usr/bin/cmake --install /home/group4/ros2_ws/build/leo_gz_plugins
