[0.053s] Invoking command in '/home/group4/ros2_ws/build/leo_msgs': CMAKE_PREFIX_PATH=${CMAKE_PREFIX_PATH}:/home/group4/ros2_ws/install/teleop_leo:/home/group4/ros2_ws/install/real_leo:/home/group4/ros2_ws/install/my_leo:/home/group4/ros2_ws/install/gz_example_robot_description:/home/group4/ros2_ws/install/bt_demos:/home/group4/ros2_ws/install/autonomous_exploration:/home/group4/interbotix_ws/install/interbotix_xs_modules:/home/group4/interbotix_ws/install/interbotix_perception_modules:/home/group4/interbotix_ws/install/interbotix_common_modules:/opt/ros/humble /usr/bin/cmake --build /home/group4/ros2_ws/build/leo_msgs -- -j16 -l16
[0.830s] [ 11%] Built target leo_msgs__rosidl_generator_c
[0.830s] [ 12%] Built target leo_msgs__cpp
[0.830s] [ 12%] Built target ament_cmake_python_copy_leo_msgs
[0.830s] [ 23%] Built target leo_msgs__rosidl_typesupport_fastrtps_c
[0.831s] [ 34%] Built target leo_msgs__rosidl_typesupport_introspection_c
[0.831s] [ 46%] Built target leo_msgs__rosidl_typesupport_c
[0.831s] [ 57%] Built target leo_msgs__rosidl_typesupport_fastrtps_cpp
[0.831s] [ 68%] Built target leo_msgs__rosidl_typesupport_cpp
[0.831s] [ 79%] Built target leo_msgs__rosidl_typesupport_introspection_cpp
[0.831s] [ 79%] Built target leo_msgs
[0.831s] [ 80%] Built target leo_msgs__py
[0.831s] [ 90%] Built target leo_msgs__rosidl_generator_py
[0.832s] [ 93%] Built target leo_msgs__rosidl_typesupport_fastrtps_c__pyext
[0.833s] [ 96%] Built target leo_msgs__rosidl_typesupport_introspection_c__pyext
[0.834s] [100%] Built target leo_msgs__rosidl_typesupport_c__pyext
[0.834s] running egg_info
[0.834s] writing leo_msgs.egg-info/PKG-INFO
[0.834s] writing dependency_links to leo_msgs.egg-info/dependency_links.txt
[0.834s] writing top-level names to leo_msgs.egg-info/top_level.txt
[0.835s] reading manifest file 'leo_msgs.egg-info/SOURCES.txt'
[0.835s] writing manifest file 'leo_msgs.egg-info/SOURCES.txt'
[0.835s] [100%] Built target ament_cmake_python_build_leo_msgs_egg
[0.839s] Invoked command in '/home/group4/ros2_ws/build/leo_msgs' returned '0': CMAKE_PREFIX_PATH=${CMAKE_PREFIX_PATH}:/home/group4/ros2_ws/install/teleop_leo:/home/group4/ros2_ws/install/real_leo:/home/group4/ros2_ws/install/my_leo:/home/group4/ros2_ws/install/gz_example_robot_description:/home/group4/ros2_ws/install/bt_demos:/home/group4/ros2_ws/install/autonomous_exploration:/home/group4/interbotix_ws/install/interbotix_xs_modules:/home/group4/interbotix_ws/install/interbotix_perception_modules:/home/group4/interbotix_ws/install/interbotix_common_modules:/opt/ros/humble /usr/bin/cmake --build /home/group4/ros2_ws/build/leo_msgs -- -j16 -l16
