[0.533s] Invoking command in '/home/mscrobotics2425laptop11/interbotix_ws/build/interbotix_perception_msgs': CMAKE_PREFIX_PATH=${CMAKE_PREFIX_PATH}:/home/mscrobotics2425laptop11/interbotix_ws/install/interbotix_xs_modules:/home/mscrobotics2425laptop11/interbotix_ws/install/interbotix_perception_modules:/home/mscrobotics2425laptop11/interbotix_ws/install/interbotix_common_modules:/opt/ros/humble /usr/bin/cmake --build /home/mscrobotics2425laptop11/interbotix_ws/build/interbotix_perception_msgs -- -j12 -l12
[0.702s] [ 10%] Built target interbotix_perception_msgs__rosidl_generator_c
[0.737s] [ 12%] Built target interbotix_perception_msgs__cpp
[0.762s] [ 12%] Built target ament_cmake_python_copy_interbotix_perception_msgs
[0.817s] [ 23%] Built target interbotix_perception_msgs__rosidl_typesupport_fastrtps_c
[0.824s] [ 34%] Built target interbotix_perception_msgs__rosidl_typesupport_fastrtps_cpp
[0.825s] [ 45%] Built target interbotix_perception_msgs__rosidl_typesupport_c
[0.852s] [ 56%] Built target interbotix_perception_msgs__rosidl_typesupport_introspection_c
[0.852s] [ 67%] Built target interbotix_perception_msgs__rosidl_typesupport_cpp
[0.854s] [ 78%] Built target interbotix_perception_msgs__rosidl_typesupport_introspection_cpp
[0.901s] [ 78%] Built target interbotix_perception_msgs
[1.026s] [ 80%] Built target interbotix_perception_msgs__py
[1.050s] [ 89%] Built target interbotix_perception_msgs__rosidl_generator_py
[1.099s] [ 92%] Built target interbotix_perception_msgs__rosidl_typesupport_fastrtps_c__pyext
[1.101s] [ 96%] Built target interbotix_perception_msgs__rosidl_typesupport_c__pyext
[1.102s] [100%] Built target interbotix_perception_msgs__rosidl_typesupport_introspection_c__pyext
[1.368s] running egg_info
[1.370s] writing interbotix_perception_msgs.egg-info/PKG-INFO
[1.370s] writing dependency_links to interbotix_perception_msgs.egg-info/dependency_links.txt
[1.370s] writing top-level names to interbotix_perception_msgs.egg-info/top_level.txt
[1.374s] reading manifest file 'interbotix_perception_msgs.egg-info/SOURCES.txt'
[1.375s] writing manifest file 'interbotix_perception_msgs.egg-info/SOURCES.txt'
[1.437s] [100%] Built target ament_cmake_python_build_interbotix_perception_msgs_egg
[1.485s] Invoked command in '/home/mscrobotics2425laptop11/interbotix_ws/build/interbotix_perception_msgs' returned '0': CMAKE_PREFIX_PATH=${CMAKE_PREFIX_PATH}:/home/mscrobotics2425laptop11/interbotix_ws/install/interbotix_xs_modules:/home/mscrobotics2425laptop11/interbotix_ws/install/interbotix_perception_modules:/home/mscrobotics2425laptop11/interbotix_ws/install/interbotix_common_modules:/opt/ros/humble /usr/bin/cmake --build /home/mscrobotics2425laptop11/interbotix_ws/build/interbotix_perception_msgs -- -j12 -l12
[1.489s] Invoking command in '/home/mscrobotics2425laptop11/interbotix_ws/build/interbotix_perception_msgs': CMAKE_PREFIX_PATH=${CMAKE_PREFIX_PATH}:/home/mscrobotics2425laptop11/interbotix_ws/install/interbotix_xs_modules:/home/mscrobotics2425laptop11/interbotix_ws/install/interbotix_perception_modules:/home/mscrobotics2425laptop11/interbotix_ws/install/interbotix_common_modules:/opt/ros/humble /usr/bin/cmake --install /home/mscrobotics2425laptop11/interbotix_ws/build/interbotix_perception_msgs
[1.527s] -- Install configuration: ""
[1.531s] -- Up-to-date: /home/mscrobotics2425laptop11/interbotix_ws/install/interbotix_perception_msgs/share/ament_index/resource_index/rosidl_interfaces/interbotix_perception_msgs
[1.532s] -- Up-to-date: /home/mscrobotics2425laptop11/interbotix_ws/install/interbotix_perception_msgs/include/interbotix_perception_msgs/interbotix_perception_msgs
[1.532s] -- Up-to-date: /home/mscrobotics2425laptop11/interbotix_ws/install/interbotix_perception_msgs/include/interbotix_perception_msgs/interbotix_perception_msgs/msg
[1.532s] -- Up-to-date: /home/mscrobotics2425laptop11/interbotix_ws/install/interbotix_perception_msgs/include/interbotix_perception_msgs/interbotix_perception_msgs/msg/cluster_info.h
[1.532s] -- Up-to-date: /home/mscrobotics2425laptop11/interbotix_ws/install/interbotix_perception_msgs/include/interbotix_perception_msgs/interbotix_perception_msgs/msg/rosidl_generator_c__visibility_control.h
[1.532s] -- Up-to-date: /home/mscrobotics2425laptop11/interbotix_ws/install/interbotix_perception_msgs/include/interbotix_perception_msgs/interbotix_perception_msgs/msg/detail
[1.533s] -- Up-to-date: /home/mscrobotics2425laptop11/interbotix_ws/install/interbotix_perception_msgs/include/interbotix_perception_msgs/interbotix_perception_msgs/msg/detail/cluster_info__functions.h
[1.533s] -- Up-to-date: /home/mscrobotics2425laptop11/interbotix_ws/install/interbotix_perception_msgs/include/interbotix_perception_msgs/interbotix_perception_msgs/msg/detail/cluster_info__functions.c
[1.533s] -- Up-to-date: /home/mscrobotics2425laptop11/interbotix_ws/install/interbotix_perception_msgs/include/interbotix_perception_msgs/interbotix_perception_msgs/msg/detail/cluster_info__struct.h
[1.533s] -- Up-to-date: /home/mscrobotics2425laptop11/interbotix_ws/install/interbotix_perception_msgs/include/interbotix_perception_msgs/interbotix_perception_msgs/msg/detail/cluster_info__type_support.h
[1.535s] -- Up-to-date: /home/mscrobotics2425laptop11/interbotix_ws/install/interbotix_perception_msgs/include/interbotix_perception_msgs/interbotix_perception_msgs/srv
[1.535s] -- Up-to-date: /home/mscrobotics2425laptop11/interbotix_ws/install/interbotix_perception_msgs/include/interbotix_perception_msgs/interbotix_perception_msgs/srv/filter_params.h
[1.536s] -- Up-to-date: /home/mscrobotics2425laptop11/interbotix_ws/install/interbotix_perception_msgs/include/interbotix_perception_msgs/interbotix_perception_msgs/srv/snap_picture.h
[1.536s] -- Up-to-date: /home/mscrobotics2425laptop11/interbotix_ws/install/interbotix_perception_msgs/include/interbotix_perception_msgs/interbotix_perception_msgs/srv/cluster_info_array.h
[1.536s] -- Up-to-date: /home/mscrobotics2425laptop11/interbotix_ws/install/interbotix_perception_msgs/include/interbotix_perception_msgs/interbotix_perception_msgs/srv/detail
[1.537s] -- Up-to-date: /home/mscrobotics2425laptop11/interbotix_ws/install/interbotix_perception_msgs/include/interbotix_perception_msgs/interbotix_perception_msgs/srv/detail/filter_params__functions.h
[1.538s] -- Up-to-date: /home/mscrobotics2425laptop11/interbotix_ws/install/interbotix_perception_msgs/include/interbotix_perception_msgs/interbotix_perception_msgs/srv/detail/cluster_info_array__functions.h
[1.538s] -- Up-to-date: /home/mscrobotics2425laptop11/interbotix_ws/install/interbotix_perception_msgs/include/interbotix_perception_msgs/interbotix_perception_msgs/srv/detail/snap_picture__struct.h
[1.538s] -- Up-to-date: /home/mscrobotics2425laptop11/interbotix_ws/install/interbotix_perception_msgs/include/interbotix_perception_msgs/interbotix_perception_msgs/srv/detail/cluster_info_array__struct.h
[1.538s] -- Up-to-date: /home/mscrobotics2425laptop11/interbotix_ws/install/interbotix_perception_msgs/include/interbotix_perception_msgs/interbotix_perception_msgs/srv/detail/filter_params__type_support.h
[1.539s] -- Up-to-date: /home/mscrobotics2425laptop11/interbotix_ws/install/interbotix_perception_msgs/include/interbotix_perception_msgs/interbotix_perception_msgs/srv/detail/cluster_info_array__type_support.h
[1.539s] -- Up-to-date: /home/mscrobotics2425laptop11/interbotix_ws/install/interbotix_perception_msgs/include/interbotix_perception_msgs/interbotix_perception_msgs/srv/detail/filter_params__functions.c
[1.539s] -- Up-to-date: /home/mscrobotics2425laptop11/interbotix_ws/install/interbotix_perception_msgs/include/interbotix_perception_msgs/interbotix_perception_msgs/srv/detail/cluster_info_array__functions.c
[1.539s] -- Up-to-date: /home/mscrobotics2425laptop11/interbotix_ws/install/interbotix_perception_msgs/include/interbotix_perception_msgs/interbotix_perception_msgs/srv/detail/snap_picture__functions.c
[1.539s] -- Up-to-date: /home/mscrobotics2425laptop11/interbotix_ws/install/interbotix_perception_msgs/include/interbotix_perception_msgs/interbotix_perception_msgs/srv/detail/snap_picture__type_support.h
[1.539s] -- Up-to-date: /home/mscrobotics2425laptop11/interbotix_ws/install/interbotix_perception_msgs/include/interbotix_perception_msgs/interbotix_perception_msgs/srv/detail/snap_picture__functions.h
[1.539s] -- Up-to-date: /home/mscrobotics2425laptop11/interbotix_ws/install/interbotix_perception_msgs/include/interbotix_perception_msgs/interbotix_perception_msgs/srv/detail/filter_params__struct.h
[1.539s] -- Up-to-date: /home/mscrobotics2425laptop11/interbotix_ws/install/interbotix_perception_msgs/share/interbotix_perception_msgs/environment/library_path.sh
[1.540s] -- Up-to-date: /home/mscrobotics2425laptop11/interbotix_ws/install/interbotix_perception_msgs/share/interbotix_perception_msgs/environment/library_path.dsv
[1.540s] -- Up-to-date: /home/mscrobotics2425laptop11/interbotix_ws/install/interbotix_perception_msgs/lib/libinterbotix_perception_msgs__rosidl_generator_c.so
[1.541s] -- Up-to-date: /home/mscrobotics2425laptop11/interbotix_ws/install/interbotix_perception_msgs/include/interbotix_perception_msgs/interbotix_perception_msgs
[1.541s] -- Up-to-date: /home/mscrobotics2425laptop11/interbotix_ws/install/interbotix_perception_msgs/include/interbotix_perception_msgs/interbotix_perception_msgs/msg
[1.541s] -- Up-to-date: /home/mscrobotics2425laptop11/interbotix_ws/install/interbotix_perception_msgs/include/interbotix_perception_msgs/interbotix_perception_msgs/msg/rosidl_typesupport_fastrtps_c__visibility_control.h
[1.541s] -- Up-to-date: /home/mscrobotics2425laptop11/interbotix_ws/install/interbotix_perception_msgs/include/interbotix_perception_msgs/interbotix_perception_msgs/msg/detail
[1.541s] -- Up-to-date: /home/mscrobotics2425laptop11/interbotix_ws/install/interbotix_perception_msgs/include/interbotix_perception_msgs/interbotix_perception_msgs/msg/detail/cluster_info__rosidl_typesupport_fastrtps_c.h
[1.541s] -- Up-to-date: /home/mscrobotics2425laptop11/interbotix_ws/install/interbotix_perception_msgs/include/interbotix_perception_msgs/interbotix_perception_msgs/srv
[1.541s] -- Up-to-date: /home/mscrobotics2425laptop11/interbotix_ws/install/interbotix_perception_msgs/include/interbotix_perception_msgs/interbotix_perception_msgs/srv/detail
[1.542s] -- Up-to-date: /home/mscrobotics2425laptop11/interbotix_ws/install/interbotix_perception_msgs/include/interbotix_perception_msgs/interbotix_perception_msgs/srv/detail/cluster_info_array__rosidl_typesupport_fastrtps_c.h
[1.542s] -- Up-to-date: /home/mscrobotics2425laptop11/interbotix_ws/install/interbotix_perception_msgs/include/interbotix_perception_msgs/interbotix_perception_msgs/srv/detail/filter_params__rosidl_typesupport_fastrtps_c.h
[1.542s] -- Up-to-date: /home/mscrobotics2425laptop11/interbotix_ws/install/interbotix_perception_msgs/include/interbotix_perception_msgs/interbotix_perception_msgs/srv/detail/snap_picture__rosidl_typesupport_fastrtps_c.h
[1.542s] -- Up-to-date: /home/mscrobotics2425laptop11/interbotix_ws/install/interbotix_perception_msgs/lib/libinterbotix_perception_msgs__rosidl_typesupport_fastrtps_c.so
[1.542s] -- Up-to-date: /home/mscrobotics2425laptop11/interbotix_ws/install/interbotix_perception_msgs/include/interbotix_perception_msgs/interbotix_perception_msgs
[1.542s] -- Up-to-date: /home/mscrobotics2425laptop11/interbotix_ws/install/interbotix_perception_msgs/include/interbotix_perception_msgs/interbotix_perception_msgs/msg
[1.542s] -- Up-to-date: /home/mscrobotics2425laptop11/interbotix_ws/install/interbotix_perception_msgs/include/interbotix_perception_msgs/interbotix_perception_msgs/msg/rosidl_typesupport_introspection_c__visibility_control.h
[1.542s] -- Up-to-date: /home/mscrobotics2425laptop11/interbotix_ws/install/interbotix_perception_msgs/include/interbotix_perception_msgs/interbotix_perception_msgs/msg/detail
[1.543s] -- Up-to-date: /home/mscrobotics2425laptop11/interbotix_ws/install/interbotix_perception_msgs/include/interbotix_perception_msgs/interbotix_perception_msgs/msg/detail/cluster_info__type_support.c
[1.543s] -- Up-to-date: /home/mscrobotics2425laptop11/interbotix_ws/install/interbotix_perception_msgs/include/interbotix_perception_msgs/interbotix_perception_msgs/msg/detail/cluster_info__rosidl_typesupport_introspection_c.h
[1.544s] -- Up-to-date: /home/mscrobotics2425laptop11/interbotix_ws/install/interbotix_perception_msgs/include/interbotix_perception_msgs/interbotix_perception_msgs/srv
[1.547s] -- Up-to-date: /home/mscrobotics2425laptop11/interbotix_ws/install/interbotix_perception_msgs/include/interbotix_perception_msgs/interbotix_perception_msgs/srv/detail
[1.548s] -- Up-to-date: /home/mscrobotics2425laptop11/interbotix_ws/install/interbotix_perception_msgs/include/interbotix_perception_msgs/interbotix_perception_msgs/srv/detail/cluster_info_array__type_support.c
[1.548s] -- Up-to-date: /home/mscrobotics2425laptop11/interbotix_ws/install/interbotix_perception_msgs/include/interbotix_perception_msgs/interbotix_perception_msgs/srv/detail/cluster_info_array__rosidl_typesupport_introspection_c.h
[1.550s] -- Up-to-date: /home/mscrobotics2425laptop11/interbotix_ws/install/interbotix_perception_msgs/include/interbotix_perception_msgs/interbotix_perception_msgs/srv/detail/snap_picture__type_support.c
[1.551s] -- Up-to-date: /home/mscrobotics2425laptop11/interbotix_ws/install/interbotix_perception_msgs/include/interbotix_perception_msgs/interbotix_perception_msgs/srv/detail/filter_params__rosidl_typesupport_introspection_c.h
[1.551s] -- Up-to-date: /home/mscrobotics2425laptop11/interbotix_ws/install/interbotix_perception_msgs/include/interbotix_perception_msgs/interbotix_perception_msgs/srv/detail/snap_picture__rosidl_typesupport_introspection_c.h
[1.551s] -- Up-to-date: /home/mscrobotics2425laptop11/interbotix_ws/install/interbotix_perception_msgs/include/interbotix_perception_msgs/interbotix_perception_msgs/srv/detail/filter_params__type_support.c
[1.551s] -- Up-to-date: /home/mscrobotics2425laptop11/interbotix_ws/install/interbotix_perception_msgs/lib/libinterbotix_perception_msgs__rosidl_typesupport_introspection_c.so
[1.557s] -- Up-to-date: /home/mscrobotics2425laptop11/interbotix_ws/install/interbotix_perception_msgs/lib/libinterbotix_perception_msgs__rosidl_typesupport_c.so
[1.557s] -- Up-to-date: /home/mscrobotics2425laptop11/interbotix_ws/install/interbotix_perception_msgs/include/interbotix_perception_msgs/interbotix_perception_msgs
[1.558s] -- Up-to-date: /home/mscrobotics2425laptop11/interbotix_ws/install/interbotix_perception_msgs/include/interbotix_perception_msgs/interbotix_perception_msgs/msg
[1.558s] -- Up-to-date: /home/mscrobotics2425laptop11/interbotix_ws/install/interbotix_perception_msgs/include/interbotix_perception_msgs/interbotix_perception_msgs/msg/rosidl_generator_cpp__visibility_control.hpp
[1.558s] -- Up-to-date: /home/mscrobotics2425laptop11/interbotix_ws/install/interbotix_perception_msgs/include/interbotix_perception_msgs/interbotix_perception_msgs/msg/cluster_info.hpp
[1.558s] -- Up-to-date: /home/mscrobotics2425laptop11/interbotix_ws/install/interbotix_perception_msgs/include/interbotix_perception_msgs/interbotix_perception_msgs/msg/detail
[1.558s] -- Up-to-date: /home/mscrobotics2425laptop11/interbotix_ws/install/interbotix_perception_msgs/include/interbotix_perception_msgs/interbotix_perception_msgs/msg/detail/cluster_info__traits.hpp
[1.559s] -- Up-to-date: /home/mscrobotics2425laptop11/interbotix_ws/install/interbotix_perception_msgs/include/interbotix_perception_msgs/interbotix_perception_msgs/msg/detail/cluster_info__struct.hpp
[1.559s] -- Up-to-date: /home/mscrobotics2425laptop11/interbotix_ws/install/interbotix_perception_msgs/include/interbotix_perception_msgs/interbotix_perception_msgs/msg/detail/cluster_info__type_support.hpp
[1.559s] -- Up-to-date: /home/mscrobotics2425laptop11/interbotix_ws/install/interbotix_perception_msgs/include/interbotix_perception_msgs/interbotix_perception_msgs/msg/detail/cluster_info__builder.hpp
[1.559s] -- Up-to-date: /home/mscrobotics2425laptop11/interbotix_ws/install/interbotix_perception_msgs/include/interbotix_perception_msgs/interbotix_perception_msgs/srv
[1.560s] -- Up-to-date: /home/mscrobotics2425laptop11/interbotix_ws/install/interbotix_perception_msgs/include/interbotix_perception_msgs/interbotix_perception_msgs/srv/filter_params.hpp
[1.560s] -- Up-to-date: /home/mscrobotics2425laptop11/interbotix_ws/install/interbotix_perception_msgs/include/interbotix_perception_msgs/interbotix_perception_msgs/srv/cluster_info_array.hpp
[1.560s] -- Up-to-date: /home/mscrobotics2425laptop11/interbotix_ws/install/interbotix_perception_msgs/include/interbotix_perception_msgs/interbotix_perception_msgs/srv/detail
[1.560s] -- Up-to-date: /home/mscrobotics2425laptop11/interbotix_ws/install/interbotix_perception_msgs/include/interbotix_perception_msgs/interbotix_perception_msgs/srv/detail/filter_params__builder.hpp
[1.560s] -- Up-to-date: /home/mscrobotics2425laptop11/interbotix_ws/install/interbotix_perception_msgs/include/interbotix_perception_msgs/interbotix_perception_msgs/srv/detail/cluster_info_array__traits.hpp
[1.560s] -- Up-to-date: /home/mscrobotics2425laptop11/interbotix_ws/install/interbotix_perception_msgs/include/interbotix_perception_msgs/interbotix_perception_msgs/srv/detail/snap_picture__traits.hpp
[1.561s] -- Up-to-date: /home/mscrobotics2425laptop11/interbotix_ws/install/interbotix_perception_msgs/include/interbotix_perception_msgs/interbotix_perception_msgs/srv/detail/snap_picture__type_support.hpp
[1.561s] -- Up-to-date: /home/mscrobotics2425laptop11/interbotix_ws/install/interbotix_perception_msgs/include/interbotix_perception_msgs/interbotix_perception_msgs/srv/detail/filter_params__type_support.hpp
[1.561s] -- Up-to-date: /home/mscrobotics2425laptop11/interbotix_ws/install/interbotix_perception_msgs/include/interbotix_perception_msgs/interbotix_perception_msgs/srv/detail/filter_params__struct.hpp
[1.561s] -- Up-to-date: /home/mscrobotics2425laptop11/interbotix_ws/install/interbotix_perception_msgs/include/interbotix_perception_msgs/interbotix_perception_msgs/srv/detail/cluster_info_array__type_support.hpp
[1.561s] -- Up-to-date: /home/mscrobotics2425laptop11/interbotix_ws/install/interbotix_perception_msgs/include/interbotix_perception_msgs/interbotix_perception_msgs/srv/detail/cluster_info_array__builder.hpp
[1.561s] -- Up-to-date: /home/mscrobotics2425laptop11/interbotix_ws/install/interbotix_perception_msgs/include/interbotix_perception_msgs/interbotix_perception_msgs/srv/detail/snap_picture__builder.hpp
[1.562s] -- Up-to-date: /home/mscrobotics2425laptop11/interbotix_ws/install/interbotix_perception_msgs/include/interbotix_perception_msgs/interbotix_perception_msgs/srv/detail/cluster_info_array__struct.hpp
[1.562s] -- Up-to-date: /home/mscrobotics2425laptop11/interbotix_ws/install/interbotix_perception_msgs/include/interbotix_perception_msgs/interbotix_perception_msgs/srv/detail/snap_picture__struct.hpp
[1.562s] -- Up-to-date: /home/mscrobotics2425laptop11/interbotix_ws/install/interbotix_perception_msgs/include/interbotix_perception_msgs/interbotix_perception_msgs/srv/detail/filter_params__traits.hpp
[1.562s] -- Up-to-date: /home/mscrobotics2425laptop11/interbotix_ws/install/interbotix_perception_msgs/include/interbotix_perception_msgs/interbotix_perception_msgs/srv/snap_picture.hpp
[1.562s] -- Up-to-date: /home/mscrobotics2425laptop11/interbotix_ws/install/interbotix_perception_msgs/include/interbotix_perception_msgs/interbotix_perception_msgs
[1.563s] -- Up-to-date: /home/mscrobotics2425laptop11/interbotix_ws/install/interbotix_perception_msgs/include/interbotix_perception_msgs/interbotix_perception_msgs/msg
[1.563s] -- Up-to-date: /home/mscrobotics2425laptop11/interbotix_ws/install/interbotix_perception_msgs/include/interbotix_perception_msgs/interbotix_perception_msgs/msg/rosidl_typesupport_fastrtps_cpp__visibility_control.h
[1.563s] -- Up-to-date: /home/mscrobotics2425laptop11/interbotix_ws/install/interbotix_perception_msgs/include/interbotix_perception_msgs/interbotix_perception_msgs/msg/detail
[1.563s] -- Up-to-date: /home/mscrobotics2425laptop11/interbotix_ws/install/interbotix_perception_msgs/include/interbotix_perception_msgs/interbotix_perception_msgs/msg/detail/cluster_info__rosidl_typesupport_fastrtps_cpp.hpp
[1.565s] -- Up-to-date: /home/mscrobotics2425laptop11/interbotix_ws/install/interbotix_perception_msgs/include/interbotix_perception_msgs/interbotix_perception_msgs/msg/detail/dds_fastrtps
[1.566s] -- Up-to-date: /home/mscrobotics2425laptop11/interbotix_ws/install/interbotix_perception_msgs/include/interbotix_perception_msgs/interbotix_perception_msgs/srv
[1.566s] -- Up-to-date: /home/mscrobotics2425laptop11/interbotix_ws/install/interbotix_perception_msgs/include/interbotix_perception_msgs/interbotix_perception_msgs/srv/detail
[1.566s] -- Up-to-date: /home/mscrobotics2425laptop11/interbotix_ws/install/interbotix_perception_msgs/include/interbotix_perception_msgs/interbotix_perception_msgs/srv/detail/cluster_info_array__rosidl_typesupport_fastrtps_cpp.hpp
[1.566s] -- Up-to-date: /home/mscrobotics2425laptop11/interbotix_ws/install/interbotix_perception_msgs/include/interbotix_perception_msgs/interbotix_perception_msgs/srv/detail/snap_picture__rosidl_typesupport_fastrtps_cpp.hpp
[1.566s] -- Up-to-date: /home/mscrobotics2425laptop11/interbotix_ws/install/interbotix_perception_msgs/include/interbotix_perception_msgs/interbotix_perception_msgs/srv/detail/filter_params__rosidl_typesupport_fastrtps_cpp.hpp
[1.566s] -- Up-to-date: /home/mscrobotics2425laptop11/interbotix_ws/install/interbotix_perception_msgs/include/interbotix_perception_msgs/interbotix_perception_msgs/srv/detail/dds_fastrtps
[1.566s] -- Up-to-date: /home/mscrobotics2425laptop11/interbotix_ws/install/interbotix_perception_msgs/lib/libinterbotix_perception_msgs__rosidl_typesupport_fastrtps_cpp.so
[1.566s] -- Up-to-date: /home/mscrobotics2425laptop11/interbotix_ws/install/interbotix_perception_msgs/include/interbotix_perception_msgs/interbotix_perception_msgs
[1.567s] -- Up-to-date: /home/mscrobotics2425laptop11/interbotix_ws/install/interbotix_perception_msgs/include/interbotix_perception_msgs/interbotix_perception_msgs/msg
[1.567s] -- Up-to-date: /home/mscrobotics2425laptop11/interbotix_ws/install/interbotix_perception_msgs/include/interbotix_perception_msgs/interbotix_perception_msgs/msg/detail
[1.567s] -- Up-to-date: /home/mscrobotics2425laptop11/interbotix_ws/install/interbotix_perception_msgs/include/interbotix_perception_msgs/interbotix_perception_msgs/msg/detail/cluster_info__type_support.cpp
[1.567s] -- Up-to-date: /home/mscrobotics2425laptop11/interbotix_ws/install/interbotix_perception_msgs/include/interbotix_perception_msgs/interbotix_perception_msgs/msg/detail/cluster_info__rosidl_typesupport_introspection_cpp.hpp
[1.567s] -- Up-to-date: /home/mscrobotics2425laptop11/interbotix_ws/install/interbotix_perception_msgs/include/interbotix_perception_msgs/interbotix_perception_msgs/srv
[1.567s] -- Up-to-date: /home/mscrobotics2425laptop11/interbotix_ws/install/interbotix_perception_msgs/include/interbotix_perception_msgs/interbotix_perception_msgs/srv/detail
[1.567s] -- Up-to-date: /home/mscrobotics2425laptop11/interbotix_ws/install/interbotix_perception_msgs/include/interbotix_perception_msgs/interbotix_perception_msgs/srv/detail/filter_params__type_support.cpp
[1.567s] -- Up-to-date: /home/mscrobotics2425laptop11/interbotix_ws/install/interbotix_perception_msgs/include/interbotix_perception_msgs/interbotix_perception_msgs/srv/detail/snap_picture__rosidl_typesupport_introspection_cpp.hpp
[1.567s] -- Up-to-date: /home/mscrobotics2425laptop11/interbotix_ws/install/interbotix_perception_msgs/include/interbotix_perception_msgs/interbotix_perception_msgs/srv/detail/snap_picture__type_support.cpp
[1.567s] -- Up-to-date: /home/mscrobotics2425laptop11/interbotix_ws/install/interbotix_perception_msgs/include/interbotix_perception_msgs/interbotix_perception_msgs/srv/detail/filter_params__rosidl_typesupport_introspection_cpp.hpp
[1.567s] -- Up-to-date: /home/mscrobotics2425laptop11/interbotix_ws/install/interbotix_perception_msgs/include/interbotix_perception_msgs/interbotix_perception_msgs/srv/detail/cluster_info_array__rosidl_typesupport_introspection_cpp.hpp
[1.567s] -- Up-to-date: /home/mscrobotics2425laptop11/interbotix_ws/install/interbotix_perception_msgs/include/interbotix_perception_msgs/interbotix_perception_msgs/srv/detail/cluster_info_array__type_support.cpp
[1.567s] -- Up-to-date: /home/mscrobotics2425laptop11/interbotix_ws/install/interbotix_perception_msgs/lib/libinterbotix_perception_msgs__rosidl_typesupport_introspection_cpp.so
[1.567s] -- Up-to-date: /home/mscrobotics2425laptop11/interbotix_ws/install/interbotix_perception_msgs/lib/libinterbotix_perception_msgs__rosidl_typesupport_cpp.so
[1.568s] -- Up-to-date: /home/mscrobotics2425laptop11/interbotix_ws/install/interbotix_perception_msgs/share/interbotix_perception_msgs/environment/pythonpath.sh
[1.568s] -- Up-to-date: /home/mscrobotics2425laptop11/interbotix_ws/install/interbotix_perception_msgs/share/interbotix_perception_msgs/environment/pythonpath.dsv
[1.568s] -- Up-to-date: /home/mscrobotics2425laptop11/interbotix_ws/install/interbotix_perception_msgs/local/lib/python3.10/dist-packages/interbotix_perception_msgs-0.0.0-py3.10.egg-info
[1.568s] -- Installing: /home/mscrobotics2425laptop11/interbotix_ws/install/interbotix_perception_msgs/local/lib/python3.10/dist-packages/interbotix_perception_msgs-0.0.0-py3.10.egg-info/SOURCES.txt
[1.568s] -- Installing: /home/mscrobotics2425laptop11/interbotix_ws/install/interbotix_perception_msgs/local/lib/python3.10/dist-packages/interbotix_perception_msgs-0.0.0-py3.10.egg-info/dependency_links.txt
[1.569s] -- Installing: /home/mscrobotics2425laptop11/interbotix_ws/install/interbotix_perception_msgs/local/lib/python3.10/dist-packages/interbotix_perception_msgs-0.0.0-py3.10.egg-info/top_level.txt
[1.569s] -- Installing: /home/mscrobotics2425laptop11/interbotix_ws/install/interbotix_perception_msgs/local/lib/python3.10/dist-packages/interbotix_perception_msgs-0.0.0-py3.10.egg-info/PKG-INFO
[1.569s] -- Up-to-date: /home/mscrobotics2425laptop11/interbotix_ws/install/interbotix_perception_msgs/local/lib/python3.10/dist-packages/interbotix_perception_msgs
[1.569s] -- Up-to-date: /home/mscrobotics2425laptop11/interbotix_ws/install/interbotix_perception_msgs/local/lib/python3.10/dist-packages/interbotix_perception_msgs/interbotix_perception_msgs_s__rosidl_typesupport_introspection_c.cpython-310-x86_64-linux-gnu.so
[1.569s] -- Up-to-date: /home/mscrobotics2425laptop11/interbotix_ws/install/interbotix_perception_msgs/local/lib/python3.10/dist-packages/interbotix_perception_msgs/interbotix_perception_msgs_s__rosidl_typesupport_fastrtps_c.cpython-310-x86_64-linux-gnu.so
[1.569s] -- Up-to-date: /home/mscrobotics2425laptop11/interbotix_ws/install/interbotix_perception_msgs/local/lib/python3.10/dist-packages/interbotix_perception_msgs/libinterbotix_perception_msgs__rosidl_generator_py.so
[1.569s] -- Up-to-date: /home/mscrobotics2425laptop11/interbotix_ws/install/interbotix_perception_msgs/local/lib/python3.10/dist-packages/interbotix_perception_msgs/msg
[1.569s] -- Up-to-date: /home/mscrobotics2425laptop11/interbotix_ws/install/interbotix_perception_msgs/local/lib/python3.10/dist-packages/interbotix_perception_msgs/msg/_cluster_info.py
[1.569s] -- Up-to-date: /home/mscrobotics2425laptop11/interbotix_ws/install/interbotix_perception_msgs/local/lib/python3.10/dist-packages/interbotix_perception_msgs/msg/__init__.py
[1.569s] -- Up-to-date: /home/mscrobotics2425laptop11/interbotix_ws/install/interbotix_perception_msgs/local/lib/python3.10/dist-packages/interbotix_perception_msgs/msg/_cluster_info_s.c
[1.569s] -- Up-to-date: /home/mscrobotics2425laptop11/interbotix_ws/install/interbotix_perception_msgs/local/lib/python3.10/dist-packages/interbotix_perception_msgs/srv
[1.570s] -- Up-to-date: /home/mscrobotics2425laptop11/interbotix_ws/install/interbotix_perception_msgs/local/lib/python3.10/dist-packages/interbotix_perception_msgs/srv/_cluster_info_array_s.c
[1.570s] -- Up-to-date: /home/mscrobotics2425laptop11/interbotix_ws/install/interbotix_perception_msgs/local/lib/python3.10/dist-packages/interbotix_perception_msgs/srv/_snap_picture_s.c
[1.570s] -- Up-to-date: /home/mscrobotics2425laptop11/interbotix_ws/install/interbotix_perception_msgs/local/lib/python3.10/dist-packages/interbotix_perception_msgs/srv/_cluster_info_array.py
[1.570s] -- Up-to-date: /home/mscrobotics2425laptop11/interbotix_ws/install/interbotix_perception_msgs/local/lib/python3.10/dist-packages/interbotix_perception_msgs/srv/_filter_params_s.c
[1.570s] -- Up-to-date: /home/mscrobotics2425laptop11/interbotix_ws/install/interbotix_perception_msgs/local/lib/python3.10/dist-packages/interbotix_perception_msgs/srv/__init__.py
[1.570s] -- Up-to-date: /home/mscrobotics2425laptop11/interbotix_ws/install/interbotix_perception_msgs/local/lib/python3.10/dist-packages/interbotix_perception_msgs/srv/_filter_params.py
[1.570s] -- Up-to-date: /home/mscrobotics2425laptop11/interbotix_ws/install/interbotix_perception_msgs/local/lib/python3.10/dist-packages/interbotix_perception_msgs/srv/_snap_picture.py
[1.570s] -- Up-to-date: /home/mscrobotics2425laptop11/interbotix_ws/install/interbotix_perception_msgs/local/lib/python3.10/dist-packages/interbotix_perception_msgs/_interbotix_perception_msgs_s.ep.rosidl_typesupport_introspection_c.c
[1.570s] -- Up-to-date: /home/mscrobotics2425laptop11/interbotix_ws/install/interbotix_perception_msgs/local/lib/python3.10/dist-packages/interbotix_perception_msgs/__init__.py
[1.570s] -- Up-to-date: /home/mscrobotics2425laptop11/interbotix_ws/install/interbotix_perception_msgs/local/lib/python3.10/dist-packages/interbotix_perception_msgs/_interbotix_perception_msgs_s.ep.rosidl_typesupport_fastrtps_c.c
[1.570s] -- Up-to-date: /home/mscrobotics2425laptop11/interbotix_ws/install/interbotix_perception_msgs/local/lib/python3.10/dist-packages/interbotix_perception_msgs/interbotix_perception_msgs_s__rosidl_typesupport_c.cpython-310-x86_64-linux-gnu.so
[1.570s] -- Up-to-date: /home/mscrobotics2425laptop11/interbotix_ws/install/interbotix_perception_msgs/local/lib/python3.10/dist-packages/interbotix_perception_msgs/_interbotix_perception_msgs_s.ep.rosidl_typesupport_c.c
[1.585s] Listing '/home/mscrobotics2425laptop11/interbotix_ws/install/interbotix_perception_msgs/local/lib/python3.10/dist-packages/interbotix_perception_msgs'...
[1.586s] Listing '/home/mscrobotics2425laptop11/interbotix_ws/install/interbotix_perception_msgs/local/lib/python3.10/dist-packages/interbotix_perception_msgs/msg'...
[1.586s] Listing '/home/mscrobotics2425laptop11/interbotix_ws/install/interbotix_perception_msgs/local/lib/python3.10/dist-packages/interbotix_perception_msgs/srv'...
[1.593s] -- Up-to-date: /home/mscrobotics2425laptop11/interbotix_ws/install/interbotix_perception_msgs/local/lib/python3.10/dist-packages/interbotix_perception_msgs/interbotix_perception_msgs_s__rosidl_typesupport_fastrtps_c.cpython-310-x86_64-linux-gnu.so
[1.594s] -- Up-to-date: /home/mscrobotics2425laptop11/interbotix_ws/install/interbotix_perception_msgs/local/lib/python3.10/dist-packages/interbotix_perception_msgs/interbotix_perception_msgs_s__rosidl_typesupport_introspection_c.cpython-310-x86_64-linux-gnu.so
[1.594s] -- Up-to-date: /home/mscrobotics2425laptop11/interbotix_ws/install/interbotix_perception_msgs/local/lib/python3.10/dist-packages/interbotix_perception_msgs/interbotix_perception_msgs_s__rosidl_typesupport_c.cpython-310-x86_64-linux-gnu.so
[1.595s] -- Up-to-date: /home/mscrobotics2425laptop11/interbotix_ws/install/interbotix_perception_msgs/lib/libinterbotix_perception_msgs__rosidl_generator_py.so
[1.595s] -- Up-to-date: /home/mscrobotics2425laptop11/interbotix_ws/install/interbotix_perception_msgs/share/interbotix_perception_msgs/msg/ClusterInfo.idl
[1.596s] -- Up-to-date: /home/mscrobotics2425laptop11/interbotix_ws/install/interbotix_perception_msgs/share/interbotix_perception_msgs/srv/ClusterInfoArray.idl
[1.596s] -- Up-to-date: /home/mscrobotics2425laptop11/interbotix_ws/install/interbotix_perception_msgs/share/interbotix_perception_msgs/srv/FilterParams.idl
[1.596s] -- Up-to-date: /home/mscrobotics2425laptop11/interbotix_ws/install/interbotix_perception_msgs/share/interbotix_perception_msgs/srv/SnapPicture.idl
[1.596s] -- Up-to-date: /home/mscrobotics2425laptop11/interbotix_ws/install/interbotix_perception_msgs/share/interbotix_perception_msgs/msg/ClusterInfo.msg
[1.596s] -- Up-to-date: /home/mscrobotics2425laptop11/interbotix_ws/install/interbotix_perception_msgs/share/interbotix_perception_msgs/srv/ClusterInfoArray.srv
[1.596s] -- Up-to-date: /home/mscrobotics2425laptop11/interbotix_ws/install/interbotix_perception_msgs/share/interbotix_perception_msgs/srv/ClusterInfoArray_Request.msg
[1.596s] -- Up-to-date: /home/mscrobotics2425laptop11/interbotix_ws/install/interbotix_perception_msgs/share/interbotix_perception_msgs/srv/ClusterInfoArray_Response.msg
[1.596s] -- Up-to-date: /home/mscrobotics2425laptop11/interbotix_ws/install/interbotix_perception_msgs/share/interbotix_perception_msgs/srv/FilterParams.srv
[1.596s] -- Up-to-date: /home/mscrobotics2425laptop11/interbotix_ws/install/interbotix_perception_msgs/share/interbotix_perception_msgs/srv/FilterParams_Request.msg
[1.596s] -- Up-to-date: /home/mscrobotics2425laptop11/interbotix_ws/install/interbotix_perception_msgs/share/interbotix_perception_msgs/srv/FilterParams_Response.msg
[1.596s] -- Up-to-date: /home/mscrobotics2425laptop11/interbotix_ws/install/interbotix_perception_msgs/share/interbotix_perception_msgs/srv/SnapPicture.srv
[1.597s] -- Up-to-date: /home/mscrobotics2425laptop11/interbotix_ws/install/interbotix_perception_msgs/share/interbotix_perception_msgs/srv/SnapPicture_Request.msg
[1.597s] -- Up-to-date: /home/mscrobotics2425laptop11/interbotix_ws/install/interbotix_perception_msgs/share/interbotix_perception_msgs/srv/SnapPicture_Response.msg
[1.597s] -- Up-to-date: /home/mscrobotics2425laptop11/interbotix_ws/install/interbotix_perception_msgs/share/ament_index/resource_index/package_run_dependencies/interbotix_perception_msgs
[1.597s] -- Up-to-date: /home/mscrobotics2425laptop11/interbotix_ws/install/interbotix_perception_msgs/share/ament_index/resource_index/parent_prefix_path/interbotix_perception_msgs
[1.597s] -- Up-to-date: /home/mscrobotics2425laptop11/interbotix_ws/install/interbotix_perception_msgs/share/interbotix_perception_msgs/environment/ament_prefix_path.sh
[1.597s] -- Up-to-date: /home/mscrobotics2425laptop11/interbotix_ws/install/interbotix_perception_msgs/share/interbotix_perception_msgs/environment/ament_prefix_path.dsv
[1.599s] -- Up-to-date: /home/mscrobotics2425laptop11/interbotix_ws/install/interbotix_perception_msgs/share/interbotix_perception_msgs/environment/path.sh
[1.599s] -- Up-to-date: /home/mscrobotics2425laptop11/interbotix_ws/install/interbotix_perception_msgs/share/interbotix_perception_msgs/environment/path.dsv
[1.599s] -- Up-to-date: /home/mscrobotics2425laptop11/interbotix_ws/install/interbotix_perception_msgs/share/interbotix_perception_msgs/local_setup.bash
[1.600s] -- Up-to-date: /home/mscrobotics2425laptop11/interbotix_ws/install/interbotix_perception_msgs/share/interbotix_perception_msgs/local_setup.sh
[1.600s] -- Up-to-date: /home/mscrobotics2425laptop11/interbotix_ws/install/interbotix_perception_msgs/share/interbotix_perception_msgs/local_setup.zsh
[1.600s] -- Up-to-date: /home/mscrobotics2425laptop11/interbotix_ws/install/interbotix_perception_msgs/share/interbotix_perception_msgs/local_setup.dsv
[1.601s] -- Installing: /home/mscrobotics2425laptop11/interbotix_ws/install/interbotix_perception_msgs/share/interbotix_perception_msgs/package.dsv
[1.601s] -- Up-to-date: /home/mscrobotics2425laptop11/interbotix_ws/install/interbotix_perception_msgs/share/ament_index/resource_index/packages/interbotix_perception_msgs
[1.601s] -- Up-to-date: /home/mscrobotics2425laptop11/interbotix_ws/install/interbotix_perception_msgs/share/interbotix_perception_msgs/cmake/export_interbotix_perception_msgs__rosidl_generator_cExport.cmake
[1.602s] -- Up-to-date: /home/mscrobotics2425laptop11/interbotix_ws/install/interbotix_perception_msgs/share/interbotix_perception_msgs/cmake/export_interbotix_perception_msgs__rosidl_generator_cExport-noconfig.cmake
[1.602s] -- Up-to-date: /home/mscrobotics2425laptop11/interbotix_ws/install/interbotix_perception_msgs/share/interbotix_perception_msgs/cmake/export_interbotix_perception_msgs__rosidl_typesupport_fastrtps_cExport.cmake
[1.602s] -- Up-to-date: /home/mscrobotics2425laptop11/interbotix_ws/install/interbotix_perception_msgs/share/interbotix_perception_msgs/cmake/export_interbotix_perception_msgs__rosidl_typesupport_fastrtps_cExport-noconfig.cmake
[1.603s] -- Up-to-date: /home/mscrobotics2425laptop11/interbotix_ws/install/interbotix_perception_msgs/share/interbotix_perception_msgs/cmake/interbotix_perception_msgs__rosidl_typesupport_introspection_cExport.cmake
[1.603s] -- Up-to-date: /home/mscrobotics2425laptop11/interbotix_ws/install/interbotix_perception_msgs/share/interbotix_perception_msgs/cmake/interbotix_perception_msgs__rosidl_typesupport_introspection_cExport-noconfig.cmake
[1.604s] -- Up-to-date: /home/mscrobotics2425laptop11/interbotix_ws/install/interbotix_perception_msgs/share/interbotix_perception_msgs/cmake/interbotix_perception_msgs__rosidl_typesupport_cExport.cmake
[1.604s] -- Up-to-date: /home/mscrobotics2425laptop11/interbotix_ws/install/interbotix_perception_msgs/share/interbotix_perception_msgs/cmake/interbotix_perception_msgs__rosidl_typesupport_cExport-noconfig.cmake
[1.604s] -- Up-to-date: /home/mscrobotics2425laptop11/interbotix_ws/install/interbotix_perception_msgs/share/interbotix_perception_msgs/cmake/export_interbotix_perception_msgs__rosidl_generator_cppExport.cmake
[1.604s] -- Up-to-date: /home/mscrobotics2425laptop11/interbotix_ws/install/interbotix_perception_msgs/share/interbotix_perception_msgs/cmake/export_interbotix_perception_msgs__rosidl_typesupport_fastrtps_cppExport.cmake
[1.604s] -- Up-to-date: /home/mscrobotics2425laptop11/interbotix_ws/install/interbotix_perception_msgs/share/interbotix_perception_msgs/cmake/export_interbotix_perception_msgs__rosidl_typesupport_fastrtps_cppExport-noconfig.cmake
[1.604s] -- Up-to-date: /home/mscrobotics2425laptop11/interbotix_ws/install/interbotix_perception_msgs/share/interbotix_perception_msgs/cmake/interbotix_perception_msgs__rosidl_typesupport_introspection_cppExport.cmake
[1.605s] -- Up-to-date: /home/mscrobotics2425laptop11/interbotix_ws/install/interbotix_perception_msgs/share/interbotix_perception_msgs/cmake/interbotix_perception_msgs__rosidl_typesupport_introspection_cppExport-noconfig.cmake
[1.605s] -- Up-to-date: /home/mscrobotics2425laptop11/interbotix_ws/install/interbotix_perception_msgs/share/interbotix_perception_msgs/cmake/interbotix_perception_msgs__rosidl_typesupport_cppExport.cmake
[1.606s] -- Up-to-date: /home/mscrobotics2425laptop11/interbotix_ws/install/interbotix_perception_msgs/share/interbotix_perception_msgs/cmake/interbotix_perception_msgs__rosidl_typesupport_cppExport-noconfig.cmake
[1.606s] -- Up-to-date: /home/mscrobotics2425laptop11/interbotix_ws/install/interbotix_perception_msgs/share/interbotix_perception_msgs/cmake/export_interbotix_perception_msgs__rosidl_generator_pyExport.cmake
[1.606s] -- Up-to-date: /home/mscrobotics2425laptop11/interbotix_ws/install/interbotix_perception_msgs/share/interbotix_perception_msgs/cmake/export_interbotix_perception_msgs__rosidl_generator_pyExport-noconfig.cmake
[1.607s] -- Up-to-date: /home/mscrobotics2425laptop11/interbotix_ws/install/interbotix_perception_msgs/share/interbotix_perception_msgs/cmake/rosidl_cmake-extras.cmake
[1.607s] -- Up-to-date: /home/mscrobotics2425laptop11/interbotix_ws/install/interbotix_perception_msgs/share/interbotix_perception_msgs/cmake/ament_cmake_export_dependencies-extras.cmake
[1.607s] -- Up-to-date: /home/mscrobotics2425laptop11/interbotix_ws/install/interbotix_perception_msgs/share/interbotix_perception_msgs/cmake/ament_cmake_export_include_directories-extras.cmake
[1.608s] -- Up-to-date: /home/mscrobotics2425laptop11/interbotix_ws/install/interbotix_perception_msgs/share/interbotix_perception_msgs/cmake/ament_cmake_export_libraries-extras.cmake
[1.608s] -- Up-to-date: /home/mscrobotics2425laptop11/interbotix_ws/install/interbotix_perception_msgs/share/interbotix_perception_msgs/cmake/ament_cmake_export_targets-extras.cmake
[1.608s] -- Up-to-date: /home/mscrobotics2425laptop11/interbotix_ws/install/interbotix_perception_msgs/share/interbotix_perception_msgs/cmake/rosidl_cmake_export_typesupport_targets-extras.cmake
[1.609s] -- Up-to-date: /home/mscrobotics2425laptop11/interbotix_ws/install/interbotix_perception_msgs/share/interbotix_perception_msgs/cmake/rosidl_cmake_export_typesupport_libraries-extras.cmake
[1.609s] -- Up-to-date: /home/mscrobotics2425laptop11/interbotix_ws/install/interbotix_perception_msgs/share/interbotix_perception_msgs/cmake/interbotix_perception_msgsConfig.cmake
[1.609s] -- Up-to-date: /home/mscrobotics2425laptop11/interbotix_ws/install/interbotix_perception_msgs/share/interbotix_perception_msgs/cmake/interbotix_perception_msgsConfig-version.cmake
[1.609s] -- Up-to-date: /home/mscrobotics2425laptop11/interbotix_ws/install/interbotix_perception_msgs/share/interbotix_perception_msgs/package.xml
[1.662s] Invoked command in '/home/mscrobotics2425laptop11/interbotix_ws/build/interbotix_perception_msgs' returned '0': CMAKE_PREFIX_PATH=${CMAKE_PREFIX_PATH}:/home/mscrobotics2425laptop11/interbotix_ws/install/interbotix_xs_modules:/home/mscrobotics2425laptop11/interbotix_ws/install/interbotix_perception_modules:/home/mscrobotics2425laptop11/interbotix_ws/install/interbotix_common_modules:/opt/ros/humble /usr/bin/cmake --install /home/mscrobotics2425laptop11/interbotix_ws/build/interbotix_perception_msgs
