[0.634s] Invoking command in '/home/mscrobotics2425laptop11/interbotix_ws/build/moveit_visual_tools': CMAKE_PREFIX_PATH=${CMAKE_PREFIX_PATH}:/home/mscrobotics2425laptop11/interbotix_ws/install/interbotix_xs_modules:/home/mscrobotics2425laptop11/interbotix_ws/install/interbotix_perception_modules:/home/mscrobotics2425laptop11/interbotix_ws/install/interbotix_common_modules:/opt/ros/humble /usr/bin/cmake --build /home/mscrobotics2425laptop11/interbotix_ws/build/moveit_visual_tools -- -j12 -l12
[0.949s] [ 16%] [32m[1mLinking CXX shared library libmoveit_visual_tools.so[0m
[2.230s] [ 66%] Built target moveit_visual_tools
[2.314s] [ 83%] [32m[1mLinking CXX executable moveit_visual_tools_demo[0m
[3.146s] [100%] Built target moveit_visual_tools_demo
[3.444s] Invoked command in '/home/mscrobotics2425laptop11/interbotix_ws/build/moveit_visual_tools' returned '0': CMAKE_PREFIX_PATH=${CMAKE_PREFIX_PATH}:/home/mscrobotics2425laptop11/interbotix_ws/install/interbotix_xs_modules:/home/mscrobotics2425laptop11/interbotix_ws/install/interbotix_perception_modules:/home/mscrobotics2425laptop11/interbotix_ws/install/interbotix_common_modules:/opt/ros/humble /usr/bin/cmake --build /home/mscrobotics2425laptop11/interbotix_ws/build/moveit_visual_tools -- -j12 -l12
[3.448s] Invoking command in '/home/mscrobotics2425laptop11/interbotix_ws/build/moveit_visual_tools': CMAKE_PREFIX_PATH=${CMAKE_PREFIX_PATH}:/home/mscrobotics2425laptop11/interbotix_ws/install/interbotix_xs_modules:/home/mscrobotics2425laptop11/interbotix_ws/install/interbotix_perception_modules:/home/mscrobotics2425laptop11/interbotix_ws/install/interbotix_common_modules:/opt/ros/humble /usr/bin/cmake --install /home/mscrobotics2425laptop11/interbotix_ws/build/moveit_visual_tools
[3.464s] -- Install configuration: "Release"
[3.465s] -- Up-to-date: /home/mscrobotics2425laptop11/interbotix_ws/install/moveit_visual_tools/share/moveit_visual_tools/environment/library_path.sh
[3.465s] -- Up-to-date: /home/mscrobotics2425laptop11/interbotix_ws/install/moveit_visual_tools/share/moveit_visual_tools/environment/library_path.dsv
[3.465s] -- Installing: /home/mscrobotics2425laptop11/interbotix_ws/install/moveit_visual_tools/lib/libmoveit_visual_tools.so
[3.468s] -- Set runtime path of "/home/mscrobotics2425laptop11/interbotix_ws/install/moveit_visual_tools/lib/libmoveit_visual_tools.so" to ""
[3.469s] -- Installing: /home/mscrobotics2425laptop11/interbotix_ws/install/moveit_visual_tools/lib/moveit_visual_tools/moveit_visual_tools_demo
[3.471s] -- Set runtime path of "/home/mscrobotics2425laptop11/interbotix_ws/install/moveit_visual_tools/lib/moveit_visual_tools/moveit_visual_tools_demo" to ""
[3.471s] -- Up-to-date: /home/mscrobotics2425laptop11/interbotix_ws/install/moveit_visual_tools/include
[3.472s] -- Up-to-date: /home/mscrobotics2425laptop11/interbotix_ws/install/moveit_visual_tools/include/moveit_visual_tools
[3.472s] -- Up-to-date: /home/mscrobotics2425laptop11/interbotix_ws/install/moveit_visual_tools/include/moveit_visual_tools/moveit_visual_tools.h
[3.472s] -- Up-to-date: /home/mscrobotics2425laptop11/interbotix_ws/install/moveit_visual_tools/include/moveit_visual_tools/imarker_end_effector.h
[3.473s] -- Up-to-date: /home/mscrobotics2425laptop11/interbotix_ws/install/moveit_visual_tools/include/moveit_visual_tools/imarker_robot_state.h
[3.473s] -- Up-to-date: /home/mscrobotics2425laptop11/interbotix_ws/install/moveit_visual_tools/share/moveit_visual_tools/launch
[3.473s] -- Up-to-date: /home/mscrobotics2425laptop11/interbotix_ws/install/moveit_visual_tools/share/moveit_visual_tools/launch/demo_rviz.launch.py
[3.473s] -- Up-to-date: /home/mscrobotics2425laptop11/interbotix_ws/install/moveit_visual_tools/share/moveit_visual_tools/launch/demo.rviz
[3.474s] -- Up-to-date: /home/mscrobotics2425laptop11/interbotix_ws/install/moveit_visual_tools/share/moveit_visual_tools/resources
[3.474s] -- Up-to-date: /home/mscrobotics2425laptop11/interbotix_ws/install/moveit_visual_tools/share/moveit_visual_tools/resources/demo.png
[3.474s] -- Up-to-date: /home/mscrobotics2425laptop11/interbotix_ws/install/moveit_visual_tools/share/moveit_visual_tools/resources/rrbot.srdf
[3.475s] -- Up-to-date: /home/mscrobotics2425laptop11/interbotix_ws/install/moveit_visual_tools/share/moveit_visual_tools/resources/screenshot.png
[3.476s] -- Up-to-date: /home/mscrobotics2425laptop11/interbotix_ws/install/moveit_visual_tools/share/moveit_visual_tools/resources/demo_mesh.stl
[3.476s] -- Up-to-date: /home/mscrobotics2425laptop11/interbotix_ws/install/moveit_visual_tools/share/moveit_visual_tools/resources/rrbot.urdf
[3.476s] -- Up-to-date: /home/mscrobotics2425laptop11/interbotix_ws/install/moveit_visual_tools/share/ament_index/resource_index/package_run_dependencies/moveit_visual_tools
[3.476s] -- Up-to-date: /home/mscrobotics2425laptop11/interbotix_ws/install/moveit_visual_tools/share/ament_index/resource_index/parent_prefix_path/moveit_visual_tools
[3.477s] -- Up-to-date: /home/mscrobotics2425laptop11/interbotix_ws/install/moveit_visual_tools/share/moveit_visual_tools/environment/ament_prefix_path.sh
[3.477s] -- Up-to-date: /home/mscrobotics2425laptop11/interbotix_ws/install/moveit_visual_tools/share/moveit_visual_tools/environment/ament_prefix_path.dsv
[3.477s] -- Up-to-date: /home/mscrobotics2425laptop11/interbotix_ws/install/moveit_visual_tools/share/moveit_visual_tools/environment/path.sh
[3.478s] -- Up-to-date: /home/mscrobotics2425laptop11/interbotix_ws/install/moveit_visual_tools/share/moveit_visual_tools/environment/path.dsv
[3.478s] -- Up-to-date: /home/mscrobotics2425laptop11/interbotix_ws/install/moveit_visual_tools/share/moveit_visual_tools/local_setup.bash
[3.478s] -- Up-to-date: /home/mscrobotics2425laptop11/interbotix_ws/install/moveit_visual_tools/share/moveit_visual_tools/local_setup.sh
[3.479s] -- Up-to-date: /home/mscrobotics2425laptop11/interbotix_ws/install/moveit_visual_tools/share/moveit_visual_tools/local_setup.zsh
[3.479s] -- Up-to-date: /home/mscrobotics2425laptop11/interbotix_ws/install/moveit_visual_tools/share/moveit_visual_tools/local_setup.dsv
[3.479s] -- Installing: /home/mscrobotics2425laptop11/interbotix_ws/install/moveit_visual_tools/share/moveit_visual_tools/package.dsv
[3.480s] -- Up-to-date: /home/mscrobotics2425laptop11/interbotix_ws/install/moveit_visual_tools/share/ament_index/resource_index/packages/moveit_visual_tools
[3.481s] -- Up-to-date: /home/mscrobotics2425laptop11/interbotix_ws/install/moveit_visual_tools/share/moveit_visual_tools/cmake/export_moveit_visual_toolsExport.cmake
[3.481s] -- Up-to-date: /home/mscrobotics2425laptop11/interbotix_ws/install/moveit_visual_tools/share/moveit_visual_tools/cmake/export_moveit_visual_toolsExport-release.cmake
[3.481s] -- Up-to-date: /home/mscrobotics2425laptop11/interbotix_ws/install/moveit_visual_tools/share/moveit_visual_tools/cmake/ament_cmake_export_targets-extras.cmake
[3.481s] -- Up-to-date: /home/mscrobotics2425laptop11/interbotix_ws/install/moveit_visual_tools/share/moveit_visual_tools/cmake/ament_cmake_export_dependencies-extras.cmake
[3.482s] -- Up-to-date: /home/mscrobotics2425laptop11/interbotix_ws/install/moveit_visual_tools/share/moveit_visual_tools/cmake/moveit_visual_toolsConfig.cmake
[3.482s] -- Up-to-date: /home/mscrobotics2425laptop11/interbotix_ws/install/moveit_visual_tools/share/moveit_visual_tools/cmake/moveit_visual_toolsConfig-version.cmake
[3.483s] -- Up-to-date: /home/mscrobotics2425laptop11/interbotix_ws/install/moveit_visual_tools/share/moveit_visual_tools/package.xml
[3.487s] Invoked command in '/home/mscrobotics2425laptop11/interbotix_ws/build/moveit_visual_tools' returned '0': CMAKE_PREFIX_PATH=${CMAKE_PREFIX_PATH}:/home/mscrobotics2425laptop11/interbotix_ws/install/interbotix_xs_modules:/home/mscrobotics2425laptop11/interbotix_ws/install/interbotix_perception_modules:/home/mscrobotics2425laptop11/interbotix_ws/install/interbotix_common_modules:/opt/ros/humble /usr/bin/cmake --install /home/mscrobotics2425laptop11/interbotix_ws/build/moveit_visual_tools
