--2024-05-06 10:04:29--  https://raw.githubusercontent.com/hrnr/m-explore-extra/master/map_merge/hector_maps/map00.pgm
Resolving raw.githubusercontent.com (raw.githubusercontent.com)... 185.199.111.133, 185.199.108.133, 185.199.109.133, ...
Connecting to raw.githubusercontent.com (raw.githubusercontent.com)|185.199.111.133|:443... connected.
HTTP request sent, awaiting response... 200 OK
Length: 4194362 (4.0M) [application/octet-stream]
Saving to: ‘/home/group4/ros2_ws/build/multirobot_map_merge/map00.pgm’

     0K .......... .......... .......... .......... ..........  1% 1.34M 3s
    50K .......... .......... .......... .......... ..........  2% 1.44M 3s
   100K .......... .......... .......... .......... ..........  3% 3.46M 2s
   150K .......... .......... .......... .......... ..........  4% 3.08M 2s
   200K .......... .......... .......... .......... ..........  6% 1.96M 2s
   250K .......... .......... .......... .......... ..........  7% 2.52M 2s
   300K .......... .......... .......... .......... ..........  8% 50.3M 2s
   350K .......... .......... .......... .......... ..........  9% 1.80M 2s
   400K .......... .......... .......... .......... .......... 10% 8.38M 1s
   450K .......... .......... .......... .......... .......... 12% 8.70M 1s
   500K .......... .......... .......... .......... .......... 13% 4.59M 1s
   550K .......... .......... .......... .......... .......... 14% 5.76M 1s
   600K .......... .......... .......... .......... .......... 15% 5.86M 1s
   650K .......... .......... .......... .......... .......... 17% 7.34M 1s
   700K .......... .......... .......... .......... .......... 18% 6.15M 1s
   750K .......... .......... .......... .......... .......... 19% 6.86M 1s
   800K .......... .......... .......... .......... .......... 20% 8.41M 1s
   850K .......... .......... .......... .......... .......... 21% 7.24M 1s
   900K .......... .......... .......... .......... .......... 23% 8.37M 1s
   950K .......... .......... .......... .......... .......... 24% 6.99M 1s
  1000K .......... .......... .......... .......... .......... 25% 3.18M 1s
  1050K .......... .......... .......... .......... .......... 26% 4.73M 1s
  1100K .......... .......... .......... .......... .......... 28% 4.47M 1s
  1150K .......... .......... .......... .......... .......... 29% 7.46M 1s
  1200K .......... .......... .......... .......... .......... 30% 8.17M 1s
  1250K .......... .......... .......... .......... .......... 31% 5.70M 1s
  1300K .......... .......... .......... .......... .......... 32% 2.86M 1s
  1350K .......... .......... .......... .......... .......... 34% 4.89M 1s
  1400K .......... .......... .......... .......... .......... 35% 6.37M 1s
  1450K .......... .......... .......... .......... .......... 36% 6.44M 1s
  1500K .......... .......... .......... .......... .......... 37% 5.36M 1s
  1550K .......... .......... .......... .......... .......... 39% 5.90M 1s
  1600K .......... .......... .......... .......... .......... 40% 5.18M 1s
  1650K .......... .......... .......... .......... .......... 41% 4.33M 1s
  1700K .......... .......... .......... .......... .......... 42% 5.26M 1s
  1750K .......... .......... .......... .......... .......... 43% 10.1M 1s
  1800K .......... .......... .......... .......... .......... 45% 4.03M 1s
  1850K .......... .......... .......... .......... .......... 46% 3.12M 1s
  1900K .......... .......... .......... .......... .......... 47% 6.96M 0s
  1950K .......... .......... .......... .......... .......... 48% 10.2M 0s
  2000K .......... .......... .......... .......... .......... 50% 7.25M 0s
  2050K .......... .......... .......... .......... .......... 51% 8.21M 0s
  2100K .......... .......... .......... .......... .......... 52% 6.24M 0s
  2150K .......... .......... .......... .......... .......... 53% 5.25M 0s
  2200K .......... .......... .......... .......... .......... 54% 6.94M 0s
  2250K .......... .......... .......... .......... .......... 56% 6.35M 0s
  2300K .......... .......... .......... .......... .......... 57% 5.80M 0s
  2350K .......... .......... .......... .......... .......... 58% 8.92M 0s
  2400K .......... .......... .......... .......... .......... 59% 6.92M 0s
  2450K .......... .......... .......... .......... .......... 61% 4.88M 0s
  2500K .......... .......... .......... .......... .......... 62% 3.66M 0s
  2550K .......... .......... .......... .......... .......... 63% 8.91M 0s
  2600K .......... .......... .......... .......... .......... 64% 4.67M 0s
  2650K .......... .......... .......... .......... .......... 65% 5.80M 0s
  2700K .......... .......... .......... .......... .......... 67% 7.22M 0s
  2750K .......... .......... .......... .......... .......... 68% 4.11M 0s
  2800K .......... .......... .......... .......... .......... 69% 8.54M 0s
  2850K .......... .......... .......... .......... .......... 70% 7.15M 0s
  2900K .......... .......... .......... .......... .......... 72% 3.82M 0s
  2950K .......... .......... .......... .......... .......... 73% 6.29M 0s
  3000K .......... .......... .......... .......... .......... 74% 5.53M 0s
  3050K .......... .......... .......... .......... .......... 75% 8.18M 0s
  3100K .......... .......... .......... .......... .......... 76% 6.06M 0s
  3150K .......... .......... .......... .......... .......... 78% 7.13M 0s
  3200K .......... .......... .......... .......... .......... 79% 5.50M 0s
  3250K .......... .......... .......... .......... .......... 80% 9.51M 0s
  3300K .......... .......... .......... .......... .......... 81% 11.6M 0s
  3350K .......... .......... .......... .......... .......... 83% 5.20M 0s
  3400K .......... .......... .......... .......... .......... 84% 4.33M 0s
  3450K .......... .......... .......... .......... .......... 85% 5.97M 0s
  3500K .......... .......... .......... .......... .......... 86% 6.90M 0s
  3550K .......... .......... .......... .......... .......... 87% 9.75M 0s
  3600K .......... .......... .......... .......... .......... 89% 4.42M 0s
  3650K .......... .......... .......... .......... .......... 90% 11.2M 0s
  3700K .......... .......... .......... .......... .......... 91% 6.18M 0s
  3750K .......... .......... .......... .......... .......... 92% 5.88M 0s
  3800K .......... .......... .......... .......... .......... 93% 3.40M 0s
  3850K .......... .......... .......... .......... .......... 95% 11.2M 0s
  3900K .......... .......... .......... .......... .......... 96% 3.13M 0s
  3950K .......... .......... .......... .......... .......... 97% 4.21M 0s
  4000K .......... .......... .......... .......... .......... 98% 6.27M 0s
  4050K .......... .......... .......... .......... ......    100% 3.53M=0.8s

2024-05-06 10:04:30 (4.98 MB/s) - ‘/home/group4/ros2_ws/build/multirobot_map_merge/map00.pgm’ saved [4194362/4194362]

--2024-05-06 10:04:30--  https://raw.githubusercontent.com/hrnr/m-explore-extra/master/map_merge/hector_maps/map05.pgm
Resolving raw.githubusercontent.com (raw.githubusercontent.com)... 185.199.110.133, 185.199.108.133, 185.199.109.133, ...
Connecting to raw.githubusercontent.com (raw.githubusercontent.com)|185.199.110.133|:443... connected.
HTTP request sent, awaiting response... 200 OK
Length: 4194362 (4.0M) [application/octet-stream]
Saving to: ‘/home/group4/ros2_ws/build/multirobot_map_merge/map05.pgm’

     0K .......... .......... .......... .......... ..........  1% 3.08M 1s
    50K .......... .......... .......... .......... ..........  2% 3.13M 1s
   100K .......... .......... .......... .......... ..........  3% 5.16M 1s
   150K .......... .......... .......... .......... ..........  4% 6.76M 1s
   200K .......... .......... .......... .......... ..........  6% 6.90M 1s
   250K .......... .......... .......... .......... ..........  7% 4.92M 1s
   300K .......... .......... .......... .......... ..........  8% 7.28M 1s
   350K .......... .......... .......... .......... ..........  9% 8.26M 1s
   400K .......... .......... .......... .......... .......... 10% 4.71M 1s
   450K .......... .......... .......... .......... .......... 12% 8.39M 1s
   500K .......... .......... .......... .......... .......... 13% 2.71M 1s
   550K .......... .......... .......... .......... .......... 14% 5.62M 1s
   600K .......... .......... .......... .......... .......... 15% 2.53M 1s
   650K .......... .......... .......... .......... .......... 17% 3.39M 1s
   700K .......... .......... .......... .......... .......... 18% 6.67M 1s
   750K .......... .......... .......... .......... .......... 19% 4.94M 1s
   800K .......... .......... .......... .......... .......... 20% 7.26M 1s
   850K .......... .......... .......... .......... .......... 21% 6.11M 1s
   900K .......... .......... .......... .......... .......... 23% 8.57M 1s
   950K .......... .......... .......... .......... .......... 24% 5.24M 1s
  1000K .......... .......... .......... .......... .......... 25% 6.24M 1s
  1050K .......... .......... .......... .......... .......... 26% 4.00M 1s
  1100K .......... .......... .......... .......... .......... 28% 9.94M 1s
  1150K .......... .......... .......... .......... .......... 29% 6.65M 1s
  1200K .......... .......... .......... .......... .......... 30% 8.82M 1s
  1250K .......... .......... .......... .......... .......... 31% 6.27M 1s
  1300K .......... .......... .......... .......... .......... 32% 6.26M 1s
  1350K .......... .......... .......... .......... .......... 34% 5.65M 1s
  1400K .......... .......... .......... .......... .......... 35% 5.95M 0s
  1450K .......... .......... .......... .......... .......... 36% 7.04M 0s
  1500K .......... .......... .......... .......... .......... 37% 8.61M 0s
  1550K .......... .......... .......... .......... .......... 39% 8.41M 0s
  1600K .......... .......... .......... .......... .......... 40% 5.39M 0s
  1650K .......... .......... .......... .......... .......... 41% 8.62M 0s
  1700K .......... .......... .......... .......... .......... 42% 4.27M 0s
  1750K .......... .......... .......... .......... .......... 43% 7.57M 0s
  1800K .......... .......... .......... .......... .......... 45% 1.68M 0s
  1850K .......... .......... .......... .......... .......... 46% 9.25M 0s
  1900K .......... .......... .......... .......... .......... 47% 5.83M 0s
  1950K .......... .......... .......... .......... .......... 48% 4.11M 0s
  2000K .......... .......... .......... .......... .......... 50% 7.91M 0s
  2050K .......... .......... .......... .......... .......... 51% 10.3M 0s
  2100K .......... .......... .......... .......... .......... 52% 2.65M 0s
  2150K .......... .......... .......... .......... .......... 53%  920K 0s
  2200K .......... .......... .......... .......... .......... 54% 2.87M 0s
  2250K .......... .......... .......... .......... .......... 56% 4.35M 0s
  2300K .......... .......... .......... .......... .......... 57% 8.51M 0s
  2350K .......... .......... .......... .......... .......... 58% 3.21M 0s
  2400K .......... .......... .......... .......... .......... 59% 3.63M 0s
  2450K .......... .......... .......... .......... .......... 61% 3.97M 0s
  2500K .......... .......... .......... .......... .......... 62% 6.25M 0s
  2550K .......... .......... .......... .......... .......... 63% 9.90M 0s
  2600K .......... .......... .......... .......... .......... 64% 3.10M 0s
  2650K .......... .......... .......... .......... .......... 65% 8.87M 0s
  2700K .......... .......... .......... .......... .......... 67% 6.48M 0s
  2750K .......... .......... .......... .......... .......... 68% 1.41M 0s
  2800K .......... .......... .......... .......... .......... 69% 2.49M 0s
  2850K .......... .......... .......... .......... .......... 70% 4.59M 0s
  2900K .......... .......... .......... .......... .......... 72% 2.76M 0s
  2950K .......... .......... .......... .......... .......... 73% 7.41M 0s
  3000K .......... .......... .......... .......... .......... 74% 3.66M 0s
  3050K .......... .......... .......... .......... .......... 75% 35.1M 0s
  3100K .......... .......... .......... .......... .......... 76% 12.7M 0s
  3150K .......... .......... .......... .......... .......... 78% 11.8M 0s
  3200K .......... .......... .......... .......... .......... 79% 6.58M 0s
  3250K .......... .......... .......... .......... .......... 80% 7.14M 0s
  3300K .......... .......... .......... .......... .......... 81% 5.96M 0s
  3350K .......... .......... .......... .......... .......... 83%  188M 0s
  3400K .......... .......... .......... .......... .......... 84% 8.61M 0s
  3450K .......... .......... .......... .......... .......... 85% 5.30M 0s
  3500K .......... .......... .......... .......... .......... 86%  290M 0s
  3550K .......... .......... .......... .......... .......... 87% 7.54M 0s
  3600K .......... .......... .......... .......... .......... 89% 2.74M 0s
  3650K .......... .......... .......... .......... .......... 90% 3.38M 0s
  3700K .......... .......... .......... .......... .......... 91% 3.36M 0s
  3750K .......... .......... .......... .......... .......... 92% 3.30M 0s
  3800K .......... .......... .......... .......... .......... 93% 3.20M 0s
  3850K .......... .......... .......... .......... .......... 95% 3.24M 0s
  3900K .......... .......... .......... .......... .......... 96% 2.62M 0s
  3950K .......... .......... .......... .......... .......... 97% 2.78M 0s
  4000K .......... .......... .......... .......... .......... 98% 3.75M 0s
  4050K .......... .......... .......... .......... ......    100% 5.90M=0.9s

2024-05-06 10:04:31 (4.54 MB/s) - ‘/home/group4/ros2_ws/build/multirobot_map_merge/map05.pgm’ saved [4194362/4194362]

--2024-05-06 10:04:31--  https://raw.githubusercontent.com/hrnr/m-explore-extra/master/map_merge/gmapping_maps/2011-08-09-12-22-52.pgm
Resolving raw.githubusercontent.com (raw.githubusercontent.com)... 185.199.111.133, 185.199.110.133, 185.199.108.133, ...
Connecting to raw.githubusercontent.com (raw.githubusercontent.com)|185.199.111.133|:443... connected.
HTTP request sent, awaiting response... 200 OK
Length: 16000058 (15M) [text/plain]
Saving to: ‘/home/group4/ros2_ws/build/multirobot_map_merge/2011-08-09-12-22-52.pgm’

     0K .......... .......... .......... .......... ..........  0% 4.00M 4s
    50K .......... .......... .......... .......... ..........  0% 3.75M 4s
   100K .......... .......... .......... .......... ..........  0% 7.98M 3s
   150K .......... .......... .......... .......... ..........  1% 17.0M 3s
   200K .......... .......... .......... .......... ..........  1% 6.60M 3s
   250K .......... .......... .......... .......... ..........  1% 9.07M 2s
   300K .......... .......... .......... .......... ..........  2% 26.0M 2s
   350K .......... .......... .......... .......... ..........  2% 7.63M 2s
   400K .......... .......... .......... .......... ..........  2% 9.11M 2s
   450K .......... .......... .......... .......... ..........  3% 11.7M 2s
   500K .......... .......... .......... .......... ..........  3% 9.02M 2s
   550K .......... .......... .......... .......... ..........  3% 4.78M 2s
   600K .......... .......... .......... .......... ..........  4% 32.4M 2s
   650K .......... .......... .......... .......... ..........  4% 13.5M 2s
   700K .......... .......... .......... .......... ..........  4% 4.08M 2s
   750K .......... .......... .......... .......... ..........  5% 8.13M 2s
   800K .......... .......... .......... .......... ..........  5% 7.85M 2s
   850K .......... .......... .......... .......... ..........  5% 9.21M 2s
   900K .......... .......... .......... .......... ..........  6% 26.5M 2s
   950K .......... .......... .......... .......... ..........  6% 7.03M 2s
  1000K .......... .......... .......... .......... ..........  6%  231M 2s
  1050K .......... .......... .......... .......... ..........  7% 4.40M 2s
  1100K .......... .......... .......... .......... ..........  7% 8.37M 2s
  1150K .......... .......... .......... .......... ..........  7% 4.17M 2s
  1200K .......... .......... .......... .......... ..........  7% 6.05M 2s
  1250K .......... .......... .......... .......... ..........  8% 9.27M 2s
  1300K .......... .......... .......... .......... ..........  8% 11.3M 2s
  1350K .......... .......... .......... .......... ..........  8%  275M 2s
  1400K .......... .......... .......... .......... ..........  9% 4.11M 2s
  1450K .......... .......... .......... .......... ..........  9% 2.50M 2s
  1500K .......... .......... .......... .......... ..........  9% 8.96M 2s
  1550K .......... .......... .......... .......... .......... 10% 9.92M 2s
  1600K .......... .......... .......... .......... .......... 10% 40.8M 2s
  1650K .......... .......... .......... .......... .......... 10% 7.39M 2s
  1700K .......... .......... .......... .......... .......... 11% 10.5M 2s
  1750K .......... .......... .......... .......... .......... 11% 5.21M 2s
  1800K .......... .......... .......... .......... .......... 11%  236M 2s
  1850K .......... .......... .......... .......... .......... 12% 6.22M 2s
  1900K .......... .......... .......... .......... .......... 12% 6.50M 2s
  1950K .......... .......... .......... .......... .......... 12%  124M 2s
  2000K .......... .......... .......... .......... .......... 13% 6.09M 2s
  2050K .......... .......... .......... .......... .......... 13% 6.73M 2s
  2100K .......... .......... .......... .......... .......... 13% 4.87M 2s
  2150K .......... .......... .......... .......... .......... 14% 29.3M 2s
  2200K .......... .......... .......... .......... .......... 14% 10.2M 2s
  2250K .......... .......... .......... .......... .......... 14% 6.50M 2s
  2300K .......... .......... .......... .......... .......... 15% 7.55M 2s
  2350K .......... .......... .......... .......... .......... 15% 10.5M 2s
  2400K .......... .......... .......... .......... .......... 15% 4.37M 2s
  2450K .......... .......... .......... .......... .......... 15% 10.0M 2s
  2500K .......... .......... .......... .......... .......... 16% 5.62M 2s
  2550K .......... .......... .......... .......... .......... 16%  236M 2s
  2600K .......... .......... .......... .......... .......... 16% 4.55M 2s
  2650K .......... .......... .......... .......... .......... 17%  195M 2s
  2700K .......... .......... .......... .......... .......... 17% 11.1M 2s
  2750K .......... .......... .......... .......... .......... 17% 4.96M 2s
  2800K .......... .......... .......... .......... .......... 18% 11.4M 2s
  2850K .......... .......... .......... .......... .......... 18%  326M 2s
  2900K .......... .......... .......... .......... .......... 18% 6.51M 2s
  2950K .......... .......... .......... .......... .......... 19%  291M 2s
  3000K .......... .......... .......... .......... .......... 19% 6.41M 2s
  3050K .......... .......... .......... .......... .......... 19% 7.77M 2s
  3100K .......... .......... .......... .......... .......... 20%  250M 1s
  3150K .......... .......... .......... .......... .......... 20% 10.2M 1s
  3200K .......... .......... .......... .......... .......... 20% 9.93M 1s
  3250K .......... .......... .......... .......... .......... 21% 8.76M 1s
  3300K .......... .......... .......... .......... .......... 21% 9.15M 1s
  3350K .......... .......... .......... .......... .......... 21% 16.3M 1s
  3400K .......... .......... .......... .......... .......... 22% 8.21M 1s
  3450K .......... .......... .......... .......... .......... 22% 9.01M 1s
  3500K .......... .......... .......... .......... .......... 22% 8.86M 1s
  3550K .......... .......... .......... .......... .......... 23% 10.8M 1s
  3600K .......... .......... .......... .......... .......... 23% 7.52M 1s
  3650K .......... .......... .......... .......... .......... 23% 7.30M 1s
  3700K .......... .......... .......... .......... .......... 23% 15.3M 1s
  3750K .......... .......... .......... .......... .......... 24% 2.90M 1s
  3800K .......... .......... .......... .......... .......... 24% 8.41M 1s
  3850K .......... .......... .......... .......... .......... 24%  231M 1s
  3900K .......... .......... .......... .......... .......... 25% 3.11M 1s
  3950K .......... .......... .......... .......... .......... 25% 7.88M 1s
  4000K .......... .......... .......... .......... .......... 25% 26.4M 1s
  4050K .......... .......... .......... .......... .......... 26% 7.73M 1s
  4100K .......... .......... .......... .......... .......... 26% 7.57M 1s
  4150K .......... .......... .......... .......... .......... 26% 4.98M 1s
  4200K .......... .......... .......... .......... .......... 27% 6.04M 1s
  4250K .......... .......... .......... .......... .......... 27% 10.7M 1s
  4300K .......... .......... .......... .......... .......... 27% 6.24M 1s
  4350K .......... .......... .......... .......... .......... 28% 10.2M 1s
  4400K .......... .......... .......... .......... .......... 28%  216M 1s
  4450K .......... .......... .......... .......... .......... 28% 5.07M 1s
  4500K .......... .......... .......... .......... .......... 29% 5.86M 1s
  4550K .......... .......... .......... .......... .......... 29% 14.8M 1s
  4600K .......... .......... .......... .......... .......... 29% 7.70M 1s
  4650K .......... .......... .......... .......... .......... 30% 5.75M 1s
  4700K .......... .......... .......... .......... .......... 30% 8.30M 1s
  4750K .......... .......... .......... .......... .......... 30% 15.7M 1s
  4800K .......... .......... .......... .......... .......... 31% 6.15M 1s
  4850K .......... .......... .......... .......... .......... 31% 5.41M 1s
  4900K .......... .......... .......... .......... .......... 31% 4.06M 1s
  4950K .......... .......... .......... .......... .......... 31% 3.82M 1s
  5000K .......... .......... .......... .......... .......... 32%  229M 1s
  5050K .......... .......... .......... .......... .......... 32% 6.43M 1s
  5100K .......... .......... .......... .......... .......... 32% 10.5M 1s
  5150K .......... .......... .......... .......... .......... 33% 5.45M 1s
  5200K .......... .......... .......... .......... .......... 33%  297M 1s
  5250K .......... .......... .......... .......... .......... 33% 3.13M 1s
  5300K .......... .......... .......... .......... .......... 34% 12.3M 1s
  5350K .......... .......... .......... .......... .......... 34% 8.05M 1s
  5400K .......... .......... .......... .......... .......... 34% 5.65M 1s
  5450K .......... .......... .......... .......... .......... 35% 8.40M 1s
  5500K .......... .......... .......... .......... .......... 35% 37.6M 1s
  5550K .......... .......... .......... .......... .......... 35% 5.95M 1s
  5600K .......... .......... .......... .......... .......... 36% 4.67M 1s
  5650K .......... .......... .......... .......... .......... 36% 7.10M 1s
  5700K .......... .......... .......... .......... .......... 36% 9.82M 1s
  5750K .......... .......... .......... .......... .......... 37% 4.03M 1s
  5800K .......... .......... .......... .......... .......... 37% 4.43M 1s
  5850K .......... .......... .......... .......... .......... 37%  296M 1s
  5900K .......... .......... .......... .......... .......... 38% 4.59M 1s
  5950K .......... .......... .......... .......... .......... 38% 3.45M 1s
  6000K .......... .......... .......... .......... .......... 38% 9.62M 1s
  6050K .......... .......... .......... .......... .......... 39%  297M 1s
  6100K .......... .......... .......... .......... .......... 39% 5.49M 1s
  6150K .......... .......... .......... .......... .......... 39% 4.60M 1s
  6200K .......... .......... .......... .......... .......... 39%  298M 1s
  6250K .......... .......... .......... .......... .......... 40% 4.78M 1s
  6300K .......... .......... .......... .......... .......... 40%  204M 1s
  6350K .......... .......... .......... .......... .......... 40% 2.80M 1s
  6400K .......... .......... .......... .......... .......... 41%  287M 1s
  6450K .......... .......... .......... .......... .......... 41% 10.6M 1s
  6500K .......... .......... .......... .......... .......... 41% 9.90M 1s
  6550K .......... .......... .......... .......... .......... 42% 8.47M 1s
  6600K .......... .......... .......... .......... .......... 42% 6.64M 1s
  6650K .......... .......... .......... .......... .......... 42% 7.19M 1s
  6700K .......... .......... .......... .......... .......... 43% 5.98M 1s
  6750K .......... .......... .......... .......... .......... 43% 8.78M 1s
  6800K .......... .......... .......... .......... .......... 43% 10.8M 1s
  6850K .......... .......... .......... .......... .......... 44%  247M 1s
  6900K .......... .......... .......... .......... .......... 44% 5.09M 1s
  6950K .......... .......... .......... .......... .......... 44%  218M 1s
  7000K .......... .......... .......... .......... .......... 45% 10.5M 1s
  7050K .......... .......... .......... .......... .......... 45% 9.03M 1s
  7100K .......... .......... .......... .......... .......... 45% 4.58M 1s
  7150K .......... .......... .......... .......... .......... 46% 4.30M 1s
  7200K .......... .......... .......... .......... .......... 46% 3.75M 1s
  7250K .......... .......... .......... .......... .......... 46% 3.39M 1s
  7300K .......... .......... .......... .......... .......... 47% 3.52M 1s
  7350K .......... .......... .......... .......... .......... 47% 2.22M 1s
  7400K .......... .......... .......... .......... .......... 47% 3.84M 1s
  7450K .......... .......... .......... .......... .......... 47% 3.31M 1s
  7500K .......... .......... .......... .......... .......... 48% 6.96M 1s
  7550K .......... .......... .......... .......... .......... 48% 6.59M 1s
  7600K .......... .......... .......... .......... .......... 48% 1.89M 1s
  7650K .......... .......... .......... .......... .......... 49%  269M 1s
  7700K .......... .......... .......... .......... .......... 49% 3.85M 1s
  7750K .......... .......... .......... .......... .......... 49% 7.93M 1s
  7800K .......... .......... .......... .......... .......... 50% 8.38M 1s
  7850K .......... .......... .......... .......... .......... 50% 9.39M 1s
  7900K .......... .......... .......... .......... .......... 50% 8.71M 1s
  7950K .......... .......... .......... .......... .......... 51%  273M 1s
  8000K .......... .......... .......... .......... .......... 51% 7.14M 1s
  8050K .......... .......... .......... .......... .......... 51% 5.76M 1s
  8100K .......... .......... .......... .......... .......... 52% 5.41M 1s
  8150K .......... .......... .......... .......... .......... 52% 6.66M 1s
  8200K .......... .......... .......... .......... .......... 52% 8.76M 1s
  8250K .......... .......... .......... .......... .......... 53% 13.7M 1s
  8300K .......... .......... .......... .......... .......... 53% 9.58M 1s
  8350K .......... .......... .......... .......... .......... 53% 8.58M 1s
  8400K .......... .......... .......... .......... .......... 54% 6.51M 1s
  8450K .......... .......... .......... .......... .......... 54% 9.86M 1s
  8500K .......... .......... .......... .......... .......... 54% 7.93M 1s
  8550K .......... .......... .......... .......... .......... 55% 8.70M 1s
  8600K .......... .......... .......... .......... .......... 55% 1.99M 1s
  8650K .......... .......... .......... .......... .......... 55%  186M 1s
  8700K .......... .......... .......... .......... .......... 55% 6.36M 1s
  8750K .......... .......... .......... .......... .......... 56%  254M 1s
  8800K .......... .......... .......... .......... .......... 56% 2.92M 1s
  8850K .......... .......... .......... .......... .......... 56% 4.64M 1s
  8900K .......... .......... .......... .......... .......... 57% 21.3M 1s
  8950K .......... .......... .......... .......... .......... 57% 5.49M 1s
  9000K .......... .......... .......... .......... .......... 57% 5.43M 1s
  9050K .......... .......... .......... .......... .......... 58% 8.76M 1s
  9100K .......... .......... .......... .......... .......... 58% 25.8M 1s
  9150K .......... .......... .......... .......... .......... 58% 7.80M 1s
  9200K .......... .......... .......... .......... .......... 59% 3.21M 1s
  9250K .......... .......... .......... .......... .......... 59% 8.65M 1s
  9300K .......... .......... .......... .......... .......... 59% 6.32M 1s
  9350K .......... .......... .......... .......... .......... 60% 7.69M 1s
  9400K .......... .......... .......... .......... .......... 60% 38.3M 1s
  9450K .......... .......... .......... .......... .......... 60% 3.97M 1s
  9500K .......... .......... .......... .......... .......... 61%  295M 1s
  9550K .......... .......... .......... .......... .......... 61% 6.67M 1s
  9600K .......... .......... .......... .......... .......... 61% 10.5M 1s
  9650K .......... .......... .......... .......... .......... 62% 5.78M 1s
  9700K .......... .......... .......... .......... .......... 62% 7.11M 1s
  9750K .......... .......... .......... .......... .......... 62% 3.96M 1s
  9800K .......... .......... .......... .......... .......... 63% 10.4M 1s
  9850K .......... .......... .......... .......... .......... 63% 4.77M 1s
  9900K .......... .......... .......... .......... .......... 63% 19.5M 1s
  9950K .......... .......... .......... .......... .......... 63% 4.57M 1s
 10000K .......... .......... .......... .......... .......... 64%  291M 1s
 10050K .......... .......... .......... .......... .......... 64% 10.2M 1s
 10100K .......... .......... .......... .......... .......... 64% 10.5M 1s
 10150K .......... .......... .......... .......... .......... 65% 9.28M 1s
 10200K .......... .......... .......... .......... .......... 65% 5.70M 1s
 10250K .......... .......... .......... .......... .......... 65%  246M 1s
 10300K .......... .......... .......... .......... .......... 66% 43.3M 1s
 10350K .......... .......... .......... .......... .......... 66% 5.02M 1s
 10400K .......... .......... .......... .......... .......... 66%  186M 1s
 10450K .......... .......... .......... .......... .......... 67% 10.1M 1s
 10500K .......... .......... .......... .......... .......... 67% 6.82M 1s
 10550K .......... .......... .......... .......... .......... 67% 2.30M 1s
 10600K .......... .......... .......... .......... .......... 68% 9.81M 1s
 10650K .......... .......... .......... .......... .......... 68% 14.2M 1s
 10700K .......... .......... .......... .......... .......... 68% 9.04M 1s
 10750K .......... .......... .......... .......... .......... 69% 10.5M 1s
 10800K .......... .......... .......... .......... .......... 69% 9.53M 1s
 10850K .......... .......... .......... .......... .......... 69% 12.3M 1s
 10900K .......... .......... .......... .......... .......... 70% 6.84M 1s
 10950K .......... .......... .......... .......... .......... 70% 10.6M 1s
 11000K .......... .......... .......... .......... .......... 70% 14.2M 1s
 11050K .......... .......... .......... .......... .......... 71% 9.62M 1s
 11100K .......... .......... .......... .......... .......... 71% 8.48M 1s
 11150K .......... .......... .......... .......... .......... 71% 9.50M 1s
 11200K .......... .......... .......... .......... .......... 71% 6.39M 1s
 11250K .......... .......... .......... .......... .......... 72%  205M 1s
 11300K .......... .......... .......... .......... .......... 72% 20.8M 1s
 11350K .......... .......... .......... .......... .......... 72% 4.01M 1s
 11400K .......... .......... .......... .......... .......... 73%  282M 1s
 11450K .......... .......... .......... .......... .......... 73% 16.4M 1s
 11500K .......... .......... .......... .......... .......... 73% 3.11M 1s
 11550K .......... .......... .......... .......... .......... 74% 8.89M 1s
 11600K .......... .......... .......... .......... .......... 74% 6.39M 1s
 11650K .......... .......... .......... .......... .......... 74%  196M 1s
 11700K .......... .......... .......... .......... .......... 75% 8.24M 1s
 11750K .......... .......... .......... .......... .......... 75% 10.7M 1s
 11800K .......... .......... .......... .......... .......... 75% 8.77M 0s
 11850K .......... .......... .......... .......... .......... 76% 9.33M 0s
 11900K .......... .......... .......... .......... .......... 76% 9.33M 0s
 11950K .......... .......... .......... .......... .......... 76% 10.6M 0s
 12000K .......... .......... .......... .......... .......... 77%  201M 0s
 12050K .......... .......... .......... .......... .......... 77% 11.3M 0s
 12100K .......... .......... .......... .......... .......... 77% 5.72M 0s
 12150K .......... .......... .......... .......... .......... 78%  282M 0s
 12200K .......... .......... .......... .......... .......... 78% 9.14M 0s
 12250K .......... .......... .......... .......... .......... 78% 10.1M 0s
 12300K .......... .......... .......... .......... .......... 79% 8.44M 0s
 12350K .......... .......... .......... .......... .......... 79% 5.50M 0s
 12400K .......... .......... .......... .......... .......... 79%  200M 0s
 12450K .......... .......... .......... .......... .......... 79% 4.16M 0s
 12500K .......... .......... .......... .......... .......... 80%  203M 0s
 12550K .......... .......... .......... .......... .......... 80% 4.14M 0s
 12600K .......... .......... .......... .......... .......... 80% 4.02M 0s
 12650K .......... .......... .......... .......... .......... 81% 8.87M 0s
 12700K .......... .......... .......... .......... .......... 81% 5.43M 0s
 12750K .......... .......... .......... .......... .......... 81%  192M 0s
 12800K .......... .......... .......... .......... .......... 82% 4.14M 0s
 12850K .......... .......... .......... .......... .......... 82% 6.04M 0s
 12900K .......... .......... .......... .......... .......... 82%  264M 0s
 12950K .......... .......... .......... .......... .......... 83% 10.2M 0s
 13000K .......... .......... .......... .......... .......... 83% 6.29M 0s
 13050K .......... .......... .......... .......... .......... 83% 5.85M 0s
 13100K .......... .......... .......... .......... .......... 84% 18.9M 0s
 13150K .......... .......... .......... .......... .......... 84% 4.69M 0s
 13200K .......... .......... .......... .......... .......... 84%  191M 0s
 13250K .......... .......... .......... .......... .......... 85% 7.91M 0s
 13300K .......... .......... .......... .......... .......... 85% 3.15M 0s
 13350K .......... .......... .......... .......... .......... 85% 3.13M 0s
 13400K .......... .......... .......... .......... .......... 86% 5.80M 0s
 13450K .......... .......... .......... .......... .......... 86% 4.91M 0s
 13500K .......... .......... .......... .......... .......... 86% 6.90M 0s
 13550K .......... .......... .......... .......... .......... 87% 4.74M 0s
 13600K .......... .......... .......... .......... .......... 87% 3.67M 0s
 13650K .......... .......... .......... .......... .......... 87% 2.83M 0s
 13700K .......... .......... .......... .......... .......... 87%  250M 0s
 13750K .......... .......... .......... .......... .......... 88% 3.80M 0s
 13800K .......... .......... .......... .......... .......... 88% 7.24M 0s
 13850K .......... .......... .......... .......... .......... 88% 7.62M 0s
 13900K .......... .......... .......... .......... .......... 89% 2.28M 0s
 13950K .......... .......... .......... .......... .......... 89% 5.34M 0s
 14000K .......... .......... .......... .......... .......... 89% 5.87M 0s
 14050K .......... .......... .......... .......... .......... 90% 3.40M 0s
 14100K .......... .......... .......... .......... .......... 90% 4.96M 0s
 14150K .......... .......... .......... .......... .......... 90% 7.71M 0s
 14200K .......... .......... .......... .......... .......... 91% 5.02M 0s
 14250K .......... .......... .......... .......... .......... 91% 7.17M 0s
 14300K .......... .......... .......... .......... .......... 91% 8.95M 0s
 14350K .......... .......... .......... .......... .......... 92% 6.55M 0s
 14400K .......... .......... .......... .......... .......... 92% 8.12M 0s
 14450K .......... .......... .......... .......... .......... 92% 1.35M 0s
 14500K .......... .......... .......... .......... .......... 93% 9.77M 0s
 14550K .......... .......... .......... .......... .......... 93% 7.83M 0s
 14600K .......... .......... .......... .......... .......... 93% 6.25M 0s
 14650K .......... .......... .......... .......... .......... 94% 7.44M 0s
 14700K .......... .......... .......... .......... .......... 94% 3.76M 0s
 14750K .......... .......... .......... .......... .......... 94% 8.81M 0s
 14800K .......... .......... .......... .......... .......... 95% 4.28M 0s
 14850K .......... .......... .......... .......... .......... 95% 5.60M 0s
 14900K .......... .......... .......... .......... .......... 95% 8.38M 0s
 14950K .......... .......... .......... .......... .......... 95% 6.65M 0s
 15000K .......... .......... .......... .......... .......... 96% 6.97M 0s
 15050K .......... .......... .......... .......... .......... 96% 3.46M 0s
 15100K .......... .......... .......... .......... .......... 96% 10.0M 0s
 15150K .......... .......... .......... .......... .......... 97% 6.28M 0s
 15200K .......... .......... .......... .......... .......... 97% 6.95M 0s
 15250K .......... .......... .......... .......... .......... 97% 3.47M 0s
 15300K .......... .......... .......... .......... .......... 98% 3.40M 0s
 15350K .......... .......... .......... .......... .......... 98% 5.74M 0s
 15400K .......... .......... .......... .......... .......... 98% 3.10M 0s
 15450K .......... .......... .......... .......... .......... 99% 5.31M 0s
 15500K .......... .......... .......... .......... .......... 99% 5.75M 0s
 15550K .......... .......... .......... .......... .......... 99% 9.98M 0s
 15600K .......... .......... .....                           100% 12.2M=2.2s

2024-05-06 10:04:34 (7.00 MB/s) - ‘/home/group4/ros2_ws/build/multirobot_map_merge/2011-08-09-12-22-52.pgm’ saved [16000058/16000058]

--2024-05-06 10:04:34--  https://raw.githubusercontent.com/hrnr/m-explore-extra/master/map_merge/gmapping_maps/2012-01-28-11-12-01.pgm
Resolving raw.githubusercontent.com (raw.githubusercontent.com)... 185.199.111.133, 185.199.109.133, 185.199.110.133, ...
Connecting to raw.githubusercontent.com (raw.githubusercontent.com)|185.199.111.133|:443... connected.
HTTP request sent, awaiting response... 200 OK
Length: 16000058 (15M) [text/plain]
Saving to: ‘/home/group4/ros2_ws/build/multirobot_map_merge/2012-01-28-11-12-01.pgm’

     0K .......... .......... .......... .......... ..........  0% 3.30M 5s
    50K .......... .......... .......... .......... ..........  0% 3.95M 4s
   100K .......... .......... .......... .......... ..........  0% 3.10M 4s
   150K .......... .......... .......... .......... ..........  1% 7.48M 4s
   200K .......... .......... .......... .......... ..........  1% 34.5M 3s
   250K .......... .......... .......... .......... ..........  1% 3.46M 3s
   300K .......... .......... .......... .......... ..........  2% 6.55M 3s
   350K .......... .......... .......... .......... ..........  2% 7.75M 3s
   400K .......... .......... .......... .......... ..........  2% 10.1M 3s
   450K .......... .......... .......... .......... ..........  3% 29.3M 3s
   500K .......... .......... .......... .......... ..........  3% 10.9M 2s
   550K .......... .......... .......... .......... ..........  3% 8.56M 2s
   600K .......... .......... .......... .......... ..........  4% 7.33M 2s
   650K .......... .......... .......... .......... ..........  4% 8.52M 2s
   700K .......... .......... .......... .......... ..........  4% 30.6M 2s
   750K .......... .......... .......... .......... ..........  5% 4.04M 2s
   800K .......... .......... .......... .......... ..........  5% 33.8M 2s
   850K .......... .......... .......... .......... ..........  5% 6.38M 2s
   900K .......... .......... .......... .......... ..........  6% 9.04M 2s
   950K .......... .......... .......... .......... ..........  6% 6.85M 2s
  1000K .......... .......... .......... .......... ..........  6% 12.4M 2s
  1050K .......... .......... .......... .......... ..........  7% 24.8M 2s
  1100K .......... .......... .......... .......... ..........  7% 11.0M 2s
  1150K .......... .......... .......... .......... ..........  7% 7.96M 2s
  1200K .......... .......... .......... .......... ..........  7% 8.10M 2s
  1250K .......... .......... .......... .......... ..........  8% 3.72M 2s
  1300K .......... .......... .......... .......... ..........  8% 10.4M 2s
  1350K .......... .......... .......... .......... ..........  8% 10.0M 2s
  1400K .......... .......... .......... .......... ..........  9% 3.40M 2s
  1450K .......... .......... .......... .......... ..........  9% 3.66M 2s
  1500K .......... .......... .......... .......... ..........  9% 3.83M 2s
  1550K .......... .......... .......... .......... .......... 10% 3.50M 2s
  1600K .......... .......... .......... .......... .......... 10% 4.22M 2s
  1650K .......... .......... .......... .......... .......... 10% 3.28M 2s
  1700K .......... .......... .......... .......... .......... 11% 3.64M 2s
  1750K .......... .......... .......... .......... .......... 11% 3.35M 2s
  1800K .......... .......... .......... .......... .......... 11% 5.79M 2s
  1850K .......... .......... .......... .......... .......... 12% 9.41M 2s
  1900K .......... .......... .......... .......... .......... 12% 8.99M 2s
  1950K .......... .......... .......... .......... .......... 12% 8.45M 2s
  2000K .......... .......... .......... .......... .......... 13% 15.4M 2s
  2050K .......... .......... .......... .......... .......... 13% 7.03M 2s
  2100K .......... .......... .......... .......... .......... 13% 5.81M 2s
  2150K .......... .......... .......... .......... .......... 14% 29.6M 2s
  2200K .......... .......... .......... .......... .......... 14% 3.91M 2s
  2250K .......... .......... .......... .......... .......... 14% 8.77M 2s
  2300K .......... .......... .......... .......... .......... 15% 4.41M 2s
  2350K .......... .......... .......... .......... .......... 15% 32.3M 2s
  2400K .......... .......... .......... .......... .......... 15% 12.9M 2s
  2450K .......... .......... .......... .......... .......... 15% 3.35M 2s
  2500K .......... .......... .......... .......... .......... 16% 6.02M 2s
  2550K .......... .......... .......... .......... .......... 16% 33.2M 2s
  2600K .......... .......... .......... .......... .......... 16% 5.80M 2s
  2650K .......... .......... .......... .......... .......... 17% 13.0M 2s
  2700K .......... .......... .......... .......... .......... 17% 10.5M 2s
  2750K .......... .......... .......... .......... .......... 17% 7.48M 2s
  2800K .......... .......... .......... .......... .......... 18% 7.73M 2s
  2850K .......... .......... .......... .......... .......... 18% 10.9M 2s
  2900K .......... .......... .......... .......... .......... 18% 11.3M 2s
  2950K .......... .......... .......... .......... .......... 19% 6.68M 2s
  3000K .......... .......... .......... .......... .......... 19% 27.7M 2s
  3050K .......... .......... .......... .......... .......... 19% 3.86M 2s
  3100K .......... .......... .......... .......... .......... 20% 36.5M 2s
  3150K .......... .......... .......... .......... .......... 20% 3.11M 2s
  3200K .......... .......... .......... .......... .......... 20% 3.15M 2s
  3250K .......... .......... .......... .......... .......... 21% 3.02M 2s
  3300K .......... .......... .......... .......... .......... 21% 23.8M 2s
  3350K .......... .......... .......... .......... .......... 21% 3.13M 2s
  3400K .......... .......... .......... .......... .......... 22% 25.1M 2s
  3450K .......... .......... .......... .......... .......... 22% 3.37M 2s
  3500K .......... .......... .......... .......... .......... 22% 3.24M 2s
  3550K .......... .......... .......... .......... .......... 23% 2.72M 2s
  3600K .......... .......... .......... .......... .......... 23% 3.40M 2s
  3650K .......... .......... .......... .......... .......... 23% 2.46M 2s
  3700K .......... .......... .......... .......... .......... 23% 2.58M 2s
  3750K .......... .......... .......... .......... .......... 24% 3.46M 2s
  3800K .......... .......... .......... .......... .......... 24% 7.71M 2s
  3850K .......... .......... .......... .......... .......... 24% 7.57M 2s
  3900K .......... .......... .......... .......... .......... 25% 4.01M 2s
  3950K .......... .......... .......... .......... .......... 25% 8.14M 2s
  4000K .......... .......... .......... .......... .......... 25% 3.61M 2s
  4050K .......... .......... .......... .......... .......... 26% 6.41M 2s
  4100K .......... .......... .......... .......... .......... 26% 6.31M 2s
  4150K .......... .......... .......... .......... .......... 26% 7.93M 2s
  4200K .......... .......... .......... .......... .......... 27% 3.36M 2s
  4250K .......... .......... .......... .......... .......... 27% 3.89M 2s
  4300K .......... .......... .......... .......... .......... 27% 7.27M 2s
  4350K .......... .......... .......... .......... .......... 28% 8.27M 2s
  4400K .......... .......... .......... .......... .......... 28% 4.97M 2s
  4450K .......... .......... .......... .......... .......... 28% 2.49M 2s
  4500K .......... .......... .......... .......... .......... 29% 5.03M 2s
  4550K .......... .......... .......... .......... .......... 29% 6.61M 2s
  4600K .......... .......... .......... .......... .......... 29% 2.79M 2s
  4650K .......... .......... .......... .......... .......... 30% 5.67M 2s
  4700K .......... .......... .......... .......... .......... 30% 7.38M 2s
  4750K .......... .......... .......... .......... .......... 30% 5.02M 2s
  4800K .......... .......... .......... .......... .......... 31% 6.16M 2s
  4850K .......... .......... .......... .......... .......... 31% 8.67M 2s
  4900K .......... .......... .......... .......... .......... 31% 10.4M 2s
  4950K .......... .......... .......... .......... .......... 31% 3.39M 2s
  5000K .......... .......... .......... .......... .......... 32% 6.39M 2s
  5050K .......... .......... .......... .......... .......... 32% 4.53M 2s
  5100K .......... .......... .......... .......... .......... 32% 8.83M 2s
  5150K .......... .......... .......... .......... .......... 33% 10.7M 2s
  5200K .......... .......... .......... .......... .......... 33% 6.17M 2s
  5250K .......... .......... .......... .......... .......... 33% 5.23M 2s
  5300K .......... .......... .......... .......... .......... 34% 8.53M 2s
  5350K .......... .......... .......... .......... .......... 34% 8.81M 2s
  5400K .......... .......... .......... .......... .......... 34% 9.88M 2s
  5450K .......... .......... .......... .......... .......... 35% 7.09M 2s
  5500K .......... .......... .......... .......... .......... 35% 3.09M 2s
  5550K .......... .......... .......... .......... .......... 35% 9.37M 2s
  5600K .......... .......... .......... .......... .......... 36% 5.68M 2s
  5650K .......... .......... .......... .......... .......... 36% 8.73M 2s
  5700K .......... .......... .......... .......... .......... 36% 8.11M 2s
  5750K .......... .......... .......... .......... .......... 37% 5.17M 2s
  5800K .......... .......... .......... .......... .......... 37% 9.10M 2s
  5850K .......... .......... .......... .......... .......... 37% 7.61M 2s
  5900K .......... .......... .......... .......... .......... 38% 8.56M 2s
  5950K .......... .......... .......... .......... .......... 38% 8.96M 2s
  6000K .......... .......... .......... .......... .......... 38% 4.54M 2s
  6050K .......... .......... .......... .......... .......... 39% 8.22M 2s
  6100K .......... .......... .......... .......... .......... 39% 9.05M 2s
  6150K .......... .......... .......... .......... .......... 39% 6.15M 2s
  6200K .......... .......... .......... .......... .......... 39% 6.26M 2s
  6250K .......... .......... .......... .......... .......... 40% 5.70M 2s
  6300K .......... .......... .......... .......... .......... 40% 17.1M 2s
  6350K .......... .......... .......... .......... .......... 40% 6.74M 2s
  6400K .......... .......... .......... .......... .......... 41% 2.87M 2s
  6450K .......... .......... .......... .......... .......... 41%  128M 2s
  6500K .......... .......... .......... .......... .......... 41% 2.63M 2s
  6550K .......... .......... .......... .......... .......... 42%  279M 2s
  6600K .......... .......... .......... .......... .......... 42%  270M 1s
  6650K .......... .......... .......... .......... .......... 42% 3.59M 1s
  6700K .......... .......... .......... .......... .......... 43% 68.6M 1s
  6750K .......... .......... .......... .......... .......... 43% 2.32M 1s
  6800K .......... .......... .......... .......... .......... 43% 2.94M 1s
  6850K .......... .......... .......... .......... .......... 44% 7.92M 1s
  6900K .......... .......... .......... .......... .......... 44% 4.96M 1s
  6950K .......... .......... .......... .......... .......... 44% 7.39M 1s
  7000K .......... .......... .......... .......... .......... 45% 3.64M 1s
  7050K .......... .......... .......... .......... .......... 45% 7.80M 1s
  7100K .......... .......... .......... .......... .......... 45% 7.39M 1s
  7150K .......... .......... .......... .......... .......... 46% 6.07M 1s
  7200K .......... .......... .......... .......... .......... 46% 5.64M 1s
  7250K .......... .......... .......... .......... .......... 46% 3.75M 1s
  7300K .......... .......... .......... .......... .......... 47% 9.10M 1s
  7350K .......... .......... .......... .......... .......... 47% 6.96M 1s
  7400K .......... .......... .......... .......... .......... 47% 4.43M 1s
  7450K .......... .......... .......... .......... .......... 47% 18.8M 1s
  7500K .......... .......... .......... .......... .......... 48% 8.87M 1s
  7550K .......... .......... .......... .......... .......... 48% 5.58M 1s
  7600K .......... .......... .......... .......... .......... 48% 6.28M 1s
  7650K .......... .......... .......... .......... .......... 49% 6.69M 1s
  7700K .......... .......... .......... .......... .......... 49% 6.42M 1s
  7750K .......... .......... .......... .......... .......... 49% 6.14M 1s
  7800K .......... .......... .......... .......... .......... 50% 10.2M 1s
  7850K .......... .......... .......... .......... .......... 50% 9.63M 1s
  7900K .......... .......... .......... .......... .......... 50% 6.07M 1s
  7950K .......... .......... .......... .......... .......... 51% 8.02M 1s
  8000K .......... .......... .......... .......... .......... 51% 6.84M 1s
  8050K .......... .......... .......... .......... .......... 51% 9.62M 1s
  8100K .......... .......... .......... .......... .......... 52% 4.84M 1s
  8150K .......... .......... .......... .......... .......... 52% 5.50M 1s
  8200K .......... .......... .......... .......... .......... 52% 9.74M 1s
  8250K .......... .......... .......... .......... .......... 53% 15.7M 1s
  8300K .......... .......... .......... .......... .......... 53% 6.20M 1s
  8350K .......... .......... .......... .......... .......... 53% 6.48M 1s
  8400K .......... .......... .......... .......... .......... 54% 6.74M 1s
  8450K .......... .......... .......... .......... .......... 54% 7.44M 1s
  8500K .......... .......... .......... .......... .......... 54% 7.87M 1s
  8550K .......... .......... .......... .......... .......... 55% 10.1M 1s
  8600K .......... .......... .......... .......... .......... 55% 5.93M 1s
  8650K .......... .......... .......... .......... .......... 55% 8.68M 1s
  8700K .......... .......... .......... .......... .......... 55% 3.27M 1s
  8750K .......... .......... .......... .......... .......... 56% 9.68M 1s
  8800K .......... .......... .......... .......... .......... 56% 5.26M 1s
  8850K .......... .......... .......... .......... .......... 56% 9.01M 1s
  8900K .......... .......... .......... .......... .......... 57% 10.2M 1s
  8950K .......... .......... .......... .......... .......... 57% 6.37M 1s
  9000K .......... .......... .......... .......... .......... 57% 8.59M 1s
  9050K .......... .......... .......... .......... .......... 58% 2.96M 1s
  9100K .......... .......... .......... .......... .......... 58% 8.80M 1s
  9150K .......... .......... .......... .......... .......... 58% 6.86M 1s
  9200K .......... .......... .......... .......... .......... 59% 7.16M 1s
  9250K .......... .......... .......... .......... .......... 59% 9.31M 1s
  9300K .......... .......... .......... .......... .......... 59% 9.74M 1s
  9350K .......... .......... .......... .......... .......... 60% 6.02M 1s
  9400K .......... .......... .......... .......... .......... 60% 9.00M 1s
  9450K .......... .......... .......... .......... .......... 60% 5.59M 1s
  9500K .......... .......... .......... .......... .......... 61% 8.87M 1s
  9550K .......... .......... .......... .......... .......... 61% 8.72M 1s
  9600K .......... .......... .......... .......... .......... 61% 3.40M 1s
  9650K .......... .......... .......... .......... .......... 62% 6.29M 1s
  9700K .......... .......... .......... .......... .......... 62% 7.84M 1s
  9750K .......... .......... .......... .......... .......... 62% 8.17M 1s
  9800K .......... .......... .......... .......... .......... 63% 3.40M 1s
  9850K .......... .......... .......... .......... .......... 63% 4.99M 1s
  9900K .......... .......... .......... .......... .......... 63% 7.24M 1s
  9950K .......... .......... .......... .......... .......... 63% 2.90M 1s
 10000K .......... .......... .......... .......... .......... 64% 8.87M 1s
 10050K .......... .......... .......... .......... .......... 64% 5.87M 1s
 10100K .......... .......... .......... .......... .......... 64% 8.09M 1s
 10150K .......... .......... .......... .......... .......... 65% 3.58M 1s
 10200K .......... .......... .......... .......... .......... 65% 6.85M 1s
 10250K .......... .......... .......... .......... .......... 65% 6.69M 1s
 10300K .......... .......... .......... .......... .......... 66% 9.86M 1s
 10350K .......... .......... .......... .......... .......... 66% 5.36M 1s
 10400K .......... .......... .......... .......... .......... 66% 8.94M 1s
 10450K .......... .......... .......... .......... .......... 67% 9.37M 1s
 10500K .......... .......... .......... .......... .......... 67% 6.30M 1s
 10550K .......... .......... .......... .......... .......... 67% 7.21M 1s
 10600K .......... .......... .......... .......... .......... 68% 9.53M 1s
 10650K .......... .......... .......... .......... .......... 68% 5.85M 1s
 10700K .......... .......... .......... .......... .......... 68% 7.36M 1s
 10750K .......... .......... .......... .......... .......... 69% 9.17M 1s
 10800K .......... .......... .......... .......... .......... 69% 6.20M 1s
 10850K .......... .......... .......... .......... .......... 69% 8.00M 1s
 10900K .......... .......... .......... .......... .......... 70% 9.34M 1s
 10950K .......... .......... .......... .......... .......... 70% 9.17M 1s
 11000K .......... .......... .......... .......... .......... 70% 7.84M 1s
 11050K .......... .......... .......... .......... .......... 71% 5.21M 1s
 11100K .......... .......... .......... .......... .......... 71% 8.00M 1s
 11150K .......... .......... .......... .......... .......... 71% 5.72M 1s
 11200K .......... .......... .......... .......... .......... 71% 7.93M 1s
 11250K .......... .......... .......... .......... .......... 72% 8.51M 1s
 11300K .......... .......... .......... .......... .......... 72% 4.49M 1s
 11350K .......... .......... .......... .......... .......... 72% 5.11M 1s
 11400K .......... .......... .......... .......... .......... 73% 8.20M 1s
 11450K .......... .......... .......... .......... .......... 73% 4.97M 1s
 11500K .......... .......... .......... .......... .......... 73% 7.91M 1s
 11550K .......... .......... .......... .......... .......... 74% 9.08M 1s
 11600K .......... .......... .......... .......... .......... 74% 6.00M 1s
 11650K .......... .......... .......... .......... .......... 74% 7.63M 1s
 11700K .......... .......... .......... .......... .......... 75% 8.67M 1s
 11750K .......... .......... .......... .......... .......... 75% 5.81M 1s
 11800K .......... .......... .......... .......... .......... 75% 6.59M 1s
 11850K .......... .......... .......... .......... .......... 76% 8.74M 1s
 11900K .......... .......... .......... .......... .......... 76% 5.86M 1s
 11950K .......... .......... .......... .......... .......... 76% 5.63M 1s
 12000K .......... .......... .......... .......... .......... 77% 8.81M 1s
 12050K .......... .......... .......... .......... .......... 77%  298M 1s
 12100K .......... .......... .......... .......... .......... 77% 9.14M 1s
 12150K .......... .......... .......... .......... .......... 78% 8.34M 1s
 12200K .......... .......... .......... .......... .......... 78% 4.72M 1s
 12250K .......... .......... .......... .......... .......... 78%  239M 1s
 12300K .......... .......... .......... .......... .......... 79% 31.9M 1s
 12350K .......... .......... .......... .......... .......... 79% 2.58M 1s
 12400K .......... .......... .......... .......... .......... 79% 9.43M 1s
 12450K .......... .......... .......... .......... .......... 79% 8.34M 0s
 12500K .......... .......... .......... .......... .......... 80% 9.43M 0s
 12550K .......... .......... .......... .......... .......... 80% 13.2M 0s
 12600K .......... .......... .......... .......... .......... 80% 5.37M 0s
 12650K .......... .......... .......... .......... .......... 81%  265M 0s
 12700K .......... .......... .......... .......... .......... 81% 10.1M 0s
 12750K .......... .......... .......... .......... .......... 81% 9.04M 0s
 12800K .......... .......... .......... .......... .......... 82%  331M 0s
 12850K .......... .......... .......... .......... .......... 82% 4.08M 0s
 12900K .......... .......... .......... .......... .......... 82% 4.84M 0s
 12950K .......... .......... .......... .......... .......... 83%  291M 0s
 13000K .......... .......... .......... .......... .......... 83% 5.55M 0s
 13050K .......... .......... .......... .......... .......... 83% 11.4M 0s
 13100K .......... .......... .......... .......... .......... 84%  274M 0s
 13150K .......... .......... .......... .......... .......... 84% 10.7M 0s
 13200K .......... .......... .......... .......... .......... 84% 10.7M 0s
 13250K .......... .......... .......... .......... .......... 85% 9.77M 0s
 13300K .......... .......... .......... .......... .......... 85% 6.26M 0s
 13350K .......... .......... .......... .......... .......... 85% 9.46M 0s
 13400K .......... .......... .......... .......... .......... 86% 11.8M 0s
 13450K .......... .......... .......... .......... .......... 86% 8.21M 0s
 13500K .......... .......... .......... .......... .......... 86% 35.6M 0s
 13550K .......... .......... .......... .......... .......... 87% 9.90M 0s
 13600K .......... .......... .......... .......... .......... 87% 7.69M 0s
 13650K .......... .......... .......... .......... .......... 87% 3.75M 0s
 13700K .......... .......... .......... .......... .......... 87% 3.81M 0s
 13750K .......... .......... .......... .......... .......... 88% 3.59M 0s
 13800K .......... .......... .......... .......... .......... 88% 3.40M 0s
 13850K .......... .......... .......... .......... .......... 88% 3.85M 0s
 13900K .......... .......... .......... .......... .......... 89% 3.41M 0s
 13950K .......... .......... .......... .......... .......... 89% 3.63M 0s
 14000K .......... .......... .......... .......... .......... 89% 7.35M 0s
 14050K .......... .......... .......... .......... .......... 90% 7.68M 0s
 14100K .......... .......... .......... .......... .......... 90% 3.85M 0s
 14150K .......... .......... .......... .......... .......... 90% 8.85M 0s
 14200K .......... .......... .......... .......... .......... 91% 8.10M 0s
 14250K .......... .......... .......... .......... .......... 91% 4.25M 0s
 14300K .......... .......... .......... .......... .......... 91% 7.50M 0s
 14350K .......... .......... .......... .......... .......... 92% 9.72M 0s
 14400K .......... .......... .......... .......... .......... 92% 9.03M 0s
 14450K .......... .......... .......... .......... .......... 92% 7.60M 0s
 14500K .......... .......... .......... .......... .......... 93% 5.93M 0s
 14550K .......... .......... .......... .......... .......... 93% 6.73M 0s
 14600K .......... .......... .......... .......... .......... 93% 9.49M 0s
 14650K .......... .......... .......... .......... .......... 94% 7.63M 0s
 14700K .......... .......... .......... .......... .......... 94% 9.65M 0s
 14750K .......... .......... .......... .......... .......... 94% 4.17M 0s
 14800K .......... .......... .......... .......... .......... 95% 4.04M 0s
 14850K .......... .......... .......... .......... .......... 95%  306M 0s
 14900K .......... .......... .......... .......... .......... 95% 9.00M 0s
 14950K .......... .......... .......... .......... .......... 95% 2.75M 0s
 15000K .......... .......... .......... .......... .......... 96% 3.22M 0s
 15050K .......... .......... .......... .......... .......... 96%  342M 0s
 15100K .......... .......... .......... .......... .......... 96% 15.5M 0s
 15150K .......... .......... .......... .......... .......... 97% 8.87M 0s
 15200K .......... .......... .......... .......... .......... 97% 4.54M 0s
 15250K .......... .......... .......... .......... .......... 97% 3.53M 0s
 15300K .......... .......... .......... .......... .......... 98%  286M 0s
 15350K .......... .......... .......... .......... .......... 98% 9.15M 0s
 15400K .......... .......... .......... .......... .......... 98% 9.44M 0s
 15450K .......... .......... .......... .......... .......... 99% 4.26M 0s
 15500K .......... .......... .......... .......... .......... 99% 5.85M 0s
 15550K .......... .......... .......... .......... .......... 99%  341M 0s
 15600K .......... .......... .....                           100% 8.94M=2.4s

2024-05-06 10:04:37 (6.29 MB/s) - ‘/home/group4/ros2_ws/build/multirobot_map_merge/2012-01-28-11-12-01.pgm’ saved [16000058/16000058]

In file included from [01m[K/home/group4/ros2_ws/src/m-explore-ros2/map_merge/test/testing_helpers.h:7[m[K,
                 from [01m[K/home/group4/ros2_ws/src/m-explore-ros2/map_merge/test/test_merging_pipeline.cpp:42[m[K:
[01m[K/opt/ros/humble/include/tf2_geometry_msgs/tf2_geometry_msgs/tf2_geometry_msgs.h:35:2:[m[K [01;35m[Kwarning: [m[K#warning This header is obsolete, please include tf2_geometry_msgs/tf2_geometry_msgs.hpp instead [[01;35m[K]8;;https://gcc.gnu.org/onlinedocs/gcc/Warning-Options.html#index-Wcpp-Wcpp]8;;[m[K]
   35 | #[01;35m[Kwarning[m[K This header is obsolete, please include tf2_geometry_msgs/tf2_geometry_msgs.hpp instead
      |  [01;35m[K^~~~~~~[m[K
In file included from [01m[K/home/group4/ros2_ws/src/m-explore-ros2/map_merge/src/map_merge.cpp:44[m[K:
[01m[K/opt/ros/humble/include/tf2_geometry_msgs/tf2_geometry_msgs/tf2_geometry_msgs.h:35:2:[m[K [01;35m[Kwarning: [m[K#warning This header is obsolete, please include tf2_geometry_msgs/tf2_geometry_msgs.hpp instead [[01;35m[K]8;;https://gcc.gnu.org/onlinedocs/gcc/Warning-Options.html#index-Wcpp-Wcpp]8;;[m[K]
   35 | #[01;35m[Kwarning[m[K This header is obsolete, please include tf2_geometry_msgs/tf2_geometry_msgs.hpp instead
      |  [01;35m[K^~~~~~~[m[K
