[0.692s] Invoking command in '/home/group4/ros2_ws/build/multirobot_map_merge': CMAKE_PREFIX_PATH=${CMAKE_PREFIX_PATH}:/home/group4/ros2_ws/install/teleop_leo:/home/group4/ros2_ws/install/real_leo:/home/group4/ros2_ws/install/my_leo:/home/group4/ros2_ws/install/gz_example_robot_description:/home/group4/ros2_ws/install/bt_demos:/home/group4/ros2_ws/install/autonomous_exploration:/home/group4/interbotix_ws/install/interbotix_xs_modules:/home/group4/interbotix_ws/install/interbotix_perception_modules:/home/group4/interbotix_ws/install/interbotix_common_modules:/opt/ros/humble /usr/bin/cmake /home/group4/ros2_ws/src/m-explore-ros2/map_merge -DCMAKE_INSTALL_PREFIX=/home/group4/ros2_ws/install/multirobot_map_merge
[1.263s] -- The C compiler identification is GNU 11.4.0
[1.263s] -- The CXX compiler identification is GNU 11.4.0
[1.263s] -- Detecting C compiler ABI info
[1.263s] -- Detecting C compiler ABI info - done
[1.263s] -- Check for working C compiler: /usr/bin/cc - skipped
[1.263s] -- Detecting C compile features
[1.263s] -- Detecting C compile features - done
[1.263s] -- Detecting CXX compiler ABI info
[1.263s] -- Detecting CXX compiler ABI info - done
[1.263s] -- Check for working CXX compiler: /usr/bin/c++ - skipped
[1.263s] -- Detecting CXX compile features
[1.263s] -- Detecting CXX compile features - done
[1.264s] -- Found ament_cmake: 1.3.8 (/opt/ros/humble/share/ament_cmake/cmake)
[1.264s] -- Found Python3: /usr/bin/python3 (found version "3.10.12") found components: Interpreter 
[1.264s] -- Found rclcpp: 16.0.8 (/opt/ros/humble/share/rclcpp/cmake)
[1.264s] -- Found rosidl_generator_c: 3.1.5 (/opt/ros/humble/share/rosidl_generator_c/cmake)
[1.264s] -- Found rosidl_adapter: 3.1.5 (/opt/ros/humble/share/rosidl_adapter/cmake)
[1.264s] -- Found rosidl_generator_cpp: 3.1.5 (/opt/ros/humble/share/rosidl_generator_cpp/cmake)
[1.268s] -- Using all available rosidl_typesupport_c: rosidl_typesupport_fastrtps_c;rosidl_typesupport_introspection_c
[1.280s] -- Using all available rosidl_typesupport_cpp: rosidl_typesupport_fastrtps_cpp;rosidl_typesupport_introspection_cpp
[1.411s] -- Found rmw_implementation_cmake: 6.1.1 (/opt/ros/humble/share/rmw_implementation_cmake/cmake)
[1.421s] -- Found rmw_fastrtps_cpp: 6.2.6 (/opt/ros/humble/share/rmw_fastrtps_cpp/cmake)
[1.636s] -- Found OpenSSL: /usr/lib/x86_64-linux-gnu/libcrypto.so (found version "3.0.2")  
[1.671s] -- Found FastRTPS: /opt/ros/humble/include  
[1.746s] -- Using RMW implementation 'rmw_fastrtps_cpp' as default
[1.770s] -- Looking for pthread.h
[2.030s] -- Looking for pthread.h - found
[2.031s] -- Performing Test CMAKE_HAVE_LIBC_PTHREAD
[2.224s] -- Performing Test CMAKE_HAVE_LIBC_PTHREAD - Success
[2.225s] -- Found Threads: TRUE  
[2.728s] -- Found geometry_msgs: 4.2.3 (/opt/ros/humble/share/geometry_msgs/cmake)
[2.787s] -- Found image_geometry: 3.2.1 (/opt/ros/humble/share/image_geometry/cmake)
[3.059s] -- Found map_msgs: 2.1.0 (/opt/ros/humble/share/map_msgs/cmake)
[3.627s] -- Found tf2_geometry_msgs: 0.25.6 (/opt/ros/humble/share/tf2_geometry_msgs/cmake)
[3.698s] -- Found eigen3_cmake_module: 0.1.1 (/opt/ros/humble/share/eigen3_cmake_module/cmake)
[3.707s] -- Found Eigen3: TRUE (found version "3.4.0") 
[3.707s] -- Ensuring Eigen3 include directory is part of orocos-kdl CMake target
[5.147s] -- Found Boost: /usr/lib/x86_64-linux-gnu/cmake/Boost-1.74.0/BoostConfig.cmake (found version "1.74.0") found components: thread 
[5.155s] -- Found OpenCV: /usr (found version "4.5.4") 
[5.281s] -- Found ament_lint_auto: 0.12.10 (/opt/ros/humble/share/ament_lint_auto/cmake)
[5.637s] -- Found ament_cmake_gtest: 1.3.8 (/opt/ros/humble/share/ament_cmake_gtest/cmake)
[5.677s] --2024-05-06 10:04:29--  https://raw.githubusercontent.com/hrnr/m-explore-extra/master/map_merge/hector_maps/map00.pgm
[5.693s] Resolving raw.githubusercontent.com (raw.githubusercontent.com)... 185.199.111.133, 185.199.108.133, 185.199.109.133, ...
[5.703s] Connecting to raw.githubusercontent.com (raw.githubusercontent.com)|185.199.111.133|:443... connected.
[6.223s] HTTP request sent, awaiting response... 200 OK
[6.224s] Length: 4194362 (4.0M) [application/octet-stream]
[6.224s] Saving to: ‘/home/group4/ros2_ws/build/multirobot_map_merge/map00.pgm’
[6.224s] 
[6.260s]      0K .......... .......... .......... .......... ..........  1% 1.34M 3s
[6.294s]     50K .......... .......... .......... .......... ..........  2% 1.44M 3s
[6.308s]    100K .......... .......... .......... .......... ..........  3% 3.46M 2s
[6.324s]    150K .......... .......... .......... .......... ..........  4% 3.08M 2s
[6.349s]    200K .......... .......... .......... .......... ..........  6% 1.96M 2s
[6.368s]    250K .......... .......... .......... .......... ..........  7% 2.52M 2s
[6.390s]    300K .......... .......... .......... .......... ..........  8% 50.3M 2s
[6.396s]    350K .......... .......... .......... .......... ..........  9% 1.80M 2s
[6.402s]    400K .......... .......... .......... .......... .......... 10% 8.38M 1s
[6.408s]    450K .......... .......... .......... .......... .......... 12% 8.70M 1s
[6.418s]    500K .......... .......... .......... .......... .......... 13% 4.59M 1s
[6.428s]    550K .......... .......... .......... .......... .......... 14% 5.76M 1s
[6.435s]    600K .......... .......... .......... .......... .......... 15% 5.86M 1s
[6.442s]    650K .......... .......... .......... .......... .......... 17% 7.34M 1s
[6.450s]    700K .......... .......... .......... .......... .......... 18% 6.15M 1s
[6.457s]    750K .......... .......... .......... .......... .......... 19% 6.86M 1s
[6.463s]    800K .......... .......... .......... .......... .......... 20% 8.41M 1s
[6.469s]    850K .......... .......... .......... .......... .......... 21% 7.24M 1s
[6.475s]    900K .......... .......... .......... .......... .......... 23% 8.37M 1s
[6.485s]    950K .......... .......... .......... .......... .......... 24% 6.99M 1s
[6.498s]   1000K .......... .......... .......... .......... .......... 25% 3.18M 1s
[6.508s]   1050K .......... .......... .......... .......... .......... 26% 4.73M 1s
[6.519s]   1100K .......... .......... .......... .......... .......... 28% 4.47M 1s
[6.525s]   1150K .......... .......... .......... .......... .......... 29% 7.46M 1s
[6.531s]   1200K .......... .......... .......... .......... .......... 30% 8.17M 1s
[6.540s]   1250K .......... .......... .......... .......... .......... 31% 5.70M 1s
[6.557s]   1300K .......... .......... .......... .......... .......... 32% 2.86M 1s
[6.567s]   1350K .......... .......... .......... .......... .......... 34% 4.89M 1s
[6.575s]   1400K .......... .......... .......... .......... .......... 35% 6.37M 1s
[6.582s]   1450K .......... .......... .......... .......... .......... 36% 6.44M 1s
[6.591s]   1500K .......... .......... .......... .......... .......... 37% 5.36M 1s
[6.600s]   1550K .......... .......... .......... .......... .......... 39% 5.90M 1s
[6.609s]   1600K .......... .......... .......... .......... .......... 40% 5.18M 1s
[6.620s]   1650K .......... .......... .......... .......... .......... 41% 4.33M 1s
[6.630s]   1700K .......... .......... .......... .......... .......... 42% 5.26M 1s
[6.638s]   1750K .......... .......... .......... .......... .......... 43% 10.1M 1s
[6.646s]   1800K .......... .......... .......... .......... .......... 45% 4.03M 1s
[6.662s]   1850K .......... .......... .......... .......... .......... 46% 3.12M 1s
[6.669s]   1900K .......... .......... .......... .......... .......... 47% 6.96M 0s
[6.674s]   1950K .......... .......... .......... .......... .......... 48% 10.2M 0s
[6.680s]   2000K .......... .......... .......... .......... .......... 50% 7.25M 0s
[6.686s]   2050K .......... .......... .......... .......... .......... 51% 8.21M 0s
[6.694s]   2100K .......... .......... .......... .......... .......... 52% 6.24M 0s
[6.704s]   2150K .......... .......... .......... .......... .......... 53% 5.25M 0s
[6.711s]   2200K .......... .......... .......... .......... .......... 54% 6.94M 0s
[6.719s]   2250K .......... .......... .......... .......... .......... 56% 6.35M 0s
[6.727s]   2300K .......... .......... .......... .......... .......... 57% 5.80M 0s
[6.733s]   2350K .......... .......... .......... .......... .......... 58% 8.92M 0s
[6.739s]   2400K .......... .......... .......... .......... .......... 59% 6.92M 0s
[6.749s]   2450K .......... .......... .......... .......... .......... 61% 4.88M 0s
[6.763s]   2500K .......... .......... .......... .......... .......... 62% 3.66M 0s
[6.770s]   2550K .......... .......... .......... .......... .......... 63% 8.91M 0s
[6.779s]   2600K .......... .......... .......... .......... .......... 64% 4.67M 0s
[6.787s]   2650K .......... .......... .......... .......... .......... 65% 5.80M 0s
[6.794s]   2700K .......... .......... .......... .......... .......... 67% 7.22M 0s
[6.806s]   2750K .......... .......... .......... .......... .......... 68% 4.11M 0s
[6.811s]   2800K .......... .......... .......... .......... .......... 69% 8.54M 0s
[6.818s]   2850K .......... .......... .......... .......... .......... 70% 7.15M 0s
[6.831s]   2900K .......... .......... .......... .......... .......... 72% 3.82M 0s
[6.840s]   2950K .......... .......... .......... .......... .......... 73% 6.29M 0s
[6.848s]   3000K .......... .......... .......... .......... .......... 74% 5.53M 0s
[6.854s]   3050K .......... .......... .......... .......... .......... 75% 8.18M 0s
[6.862s]   3100K .......... .......... .......... .......... .......... 76% 6.06M 0s
[6.869s]   3150K .......... .......... .......... .......... .......... 78% 7.13M 0s
[6.878s]   3200K .......... .......... .......... .......... .......... 79% 5.50M 0s
[6.882s]   3250K .......... .......... .......... .......... .......... 80% 9.51M 0s
[6.887s]   3300K .......... .......... .......... .......... .......... 81% 11.6M 0s
[6.899s]   3350K .......... .......... .......... .......... .......... 83% 5.20M 0s
[6.907s]   3400K .......... .......... .......... .......... .......... 84% 4.33M 0s
[6.916s]   3450K .......... .......... .......... .......... .......... 85% 5.97M 0s
[6.923s]   3500K .......... .......... .......... .......... .......... 86% 6.90M 0s
[6.928s]   3550K .......... .......... .......... .......... .......... 87% 9.75M 0s
[6.939s]   3600K .......... .......... .......... .......... .......... 89% 4.42M 0s
[6.943s]   3650K .......... .......... .......... .......... .......... 90% 11.2M 0s
[6.951s]   3700K .......... .......... .......... .......... .......... 91% 6.18M 0s
[6.966s]   3750K .......... .......... .......... .......... .......... 92% 5.88M 0s
[6.974s]   3800K .......... .......... .......... .......... .......... 93% 3.40M 0s
[6.978s]   3850K .......... .......... .......... .......... .......... 95% 11.2M 0s
[6.994s]   3900K .......... .......... .......... .......... .......... 96% 3.13M 0s
[7.005s]   3950K .......... .......... .......... .......... .......... 97% 4.21M 0s
[7.013s]   4000K .......... .......... .......... .......... .......... 98% 6.27M 0s
[7.026s]   4050K .......... .......... .......... .......... ......    100% 3.53M=0.8s
[7.026s] 
[7.026s] 2024-05-06 10:04:30 (4.98 MB/s) - ‘/home/group4/ros2_ws/build/multirobot_map_merge/map00.pgm’ saved [4194362/4194362]
[7.026s] 
[7.028s] Checking MD5 sum of /home/group4/ros2_ws/build/multirobot_map_merge/map00.pgm
[7.036s] /home/group4/ros2_ws/build/multirobot_map_merge/map00.pgm: OK
[7.073s] --2024-05-06 10:04:30--  https://raw.githubusercontent.com/hrnr/m-explore-extra/master/map_merge/hector_maps/map05.pgm
[7.076s] Resolving raw.githubusercontent.com (raw.githubusercontent.com)... 185.199.110.133, 185.199.108.133, 185.199.109.133, ...
[7.089s] Connecting to raw.githubusercontent.com (raw.githubusercontent.com)|185.199.110.133|:443... connected.
[7.452s] HTTP request sent, awaiting response... 200 OK
[7.452s] Length: 4194362 (4.0M) [application/octet-stream]
[7.452s] Saving to: ‘/home/group4/ros2_ws/build/multirobot_map_merge/map05.pgm’
[7.455s] 
[7.468s]      0K .......... .......... .......... .......... ..........  1% 3.08M 1s
[7.484s]     50K .......... .......... .......... .......... ..........  2% 3.13M 1s
[7.493s]    100K .......... .......... .......... .......... ..........  3% 5.16M 1s
[7.501s]    150K .......... .......... .......... .......... ..........  4% 6.76M 1s
[7.507s]    200K .......... .......... .......... .......... ..........  6% 6.90M 1s
[7.517s]    250K .......... .......... .......... .......... ..........  7% 4.92M 1s
[7.524s]    300K .......... .......... .......... .......... ..........  8% 7.28M 1s
[7.530s]    350K .......... .......... .......... .......... ..........  9% 8.26M 1s
[7.540s]    400K .......... .......... .......... .......... .......... 10% 4.71M 1s
[7.546s]    450K .......... .......... .......... .......... .......... 12% 8.39M 1s
[7.564s]    500K .......... .......... .......... .......... .......... 13% 2.71M 1s
[7.573s]    550K .......... .......... .......... .......... .......... 14% 5.62M 1s
[7.592s]    600K .......... .......... .......... .......... .......... 15% 2.53M 1s
[7.607s]    650K .......... .......... .......... .......... .......... 17% 3.39M 1s
[7.614s]    700K .......... .......... .......... .......... .......... 18% 6.67M 1s
[7.624s]    750K .......... .......... .......... .......... .......... 19% 4.94M 1s
[7.630s]    800K .......... .......... .......... .......... .......... 20% 7.26M 1s
[7.638s]    850K .......... .......... .......... .......... .......... 21% 6.11M 1s
[7.644s]    900K .......... .......... .......... .......... .......... 23% 8.57M 1s
[7.654s]    950K .......... .......... .......... .......... .......... 24% 5.24M 1s
[7.661s]   1000K .......... .......... .......... .......... .......... 25% 6.24M 1s
[7.673s]   1050K .......... .......... .......... .......... .......... 26% 4.00M 1s
[7.678s]   1100K .......... .......... .......... .......... .......... 28% 9.94M 1s
[7.686s]   1150K .......... .......... .......... .......... .......... 29% 6.65M 1s
[7.691s]   1200K .......... .......... .......... .......... .......... 30% 8.82M 1s
[7.701s]   1250K .......... .......... .......... .......... .......... 31% 6.27M 1s
[7.707s]   1300K .......... .......... .......... .......... .......... 32% 6.26M 1s
[7.716s]   1350K .......... .......... .......... .......... .......... 34% 5.65M 1s
[7.724s]   1400K .......... .......... .......... .......... .......... 35% 5.95M 0s
[7.731s]   1450K .......... .......... .......... .......... .......... 36% 7.04M 0s
[7.736s]   1500K .......... .......... .......... .......... .......... 37% 8.61M 0s
[7.742s]   1550K .......... .......... .......... .......... .......... 39% 8.41M 0s
[7.751s]   1600K .......... .......... .......... .......... .......... 40% 5.39M 0s
[7.759s]   1650K .......... .......... .......... .......... .......... 41% 8.62M 0s
[7.768s]   1700K .......... .......... .......... .......... .......... 42% 4.27M 0s
[7.775s]   1750K .......... .......... .......... .......... .......... 43% 7.57M 0s
[7.804s]   1800K .......... .......... .......... .......... .......... 45% 1.68M 0s
[7.809s]   1850K .......... .......... .......... .......... .......... 46% 9.25M 0s
[7.817s]   1900K .......... .......... .......... .......... .......... 47% 5.83M 0s
[7.829s]   1950K .......... .......... .......... .......... .......... 48% 4.11M 0s
[7.835s]   2000K .......... .......... .......... .......... .......... 50% 7.91M 0s
[7.844s]   2050K .......... .......... .......... .......... .......... 51% 10.3M 0s
[7.859s]   2100K .......... .......... .......... .......... .......... 52% 2.65M 0s
[7.913s]   2150K .......... .......... .......... .......... .......... 53%  920K 0s
[7.930s]   2200K .......... .......... .......... .......... .......... 54% 2.87M 0s
[7.941s]   2250K .......... .......... .......... .......... .......... 56% 4.35M 0s
[7.947s]   2300K .......... .......... .......... .......... .......... 57% 8.51M 0s
[7.962s]   2350K .......... .......... .......... .......... .......... 58% 3.21M 0s
[7.976s]   2400K .......... .......... .......... .......... .......... 59% 3.63M 0s
[7.988s]   2450K .......... .......... .......... .......... .......... 61% 3.97M 0s
[7.996s]   2500K .......... .......... .......... .......... .......... 62% 6.25M 0s
[8.001s]   2550K .......... .......... .......... .......... .......... 63% 9.90M 0s
[8.017s]   2600K .......... .......... .......... .......... .......... 64% 3.10M 0s
[8.022s]   2650K .......... .......... .......... .......... .......... 65% 8.87M 0s
[8.029s]   2700K .......... .......... .......... .......... .......... 67% 6.48M 0s
[8.064s]   2750K .......... .......... .......... .......... .......... 68% 1.41M 0s
[8.084s]   2800K .......... .......... .......... .......... .......... 69% 2.49M 0s
[8.094s]   2850K .......... .......... .......... .......... .......... 70% 4.59M 0s
[8.112s]   2900K .......... .......... .......... .......... .......... 72% 2.76M 0s
[8.119s]   2950K .......... .......... .......... .......... .......... 73% 7.41M 0s
[8.132s]   3000K .......... .......... .......... .......... .......... 74% 3.66M 0s
[8.133s]   3050K .......... .......... .......... .......... .......... 75% 35.1M 0s
[8.137s]   3100K .......... .......... .......... .......... .......... 76% 12.7M 0s
[8.142s]   3150K .......... .......... .......... .......... .......... 78% 11.8M 0s
[8.149s]   3200K .......... .......... .......... .......... .......... 79% 6.58M 0s
[8.156s]   3250K .......... .......... .......... .......... .......... 80% 7.14M 0s
[8.164s]   3300K .......... .......... .......... .......... .......... 81% 5.96M 0s
[8.164s]   3350K .......... .......... .......... .......... .......... 83%  188M 0s
[8.170s]   3400K .......... .......... .......... .......... .......... 84% 8.61M 0s
[8.179s]   3450K .......... .......... .......... .......... .......... 85% 5.30M 0s
[8.179s]   3500K .......... .......... .......... .......... .......... 86%  290M 0s
[8.185s]   3550K .......... .......... .......... .......... .......... 87% 7.54M 0s
[8.203s]   3600K .......... .......... .......... .......... .......... 89% 2.74M 0s
[8.218s]   3650K .......... .......... .......... .......... .......... 90% 3.38M 0s
[8.233s]   3700K .......... .......... .......... .......... .......... 91% 3.36M 0s
[8.247s]   3750K .......... .......... .......... .......... .......... 92% 3.30M 0s
[8.262s]   3800K .......... .......... .......... .......... .......... 93% 3.20M 0s
[8.277s]   3850K .......... .......... .......... .......... .......... 95% 3.24M 0s
[8.296s]   3900K .......... .......... .......... .......... .......... 96% 2.62M 0s
[8.313s]   3950K .......... .......... .......... .......... .......... 97% 2.78M 0s
[8.327s]   4000K .......... .......... .......... .......... .......... 98% 3.75M 0s
[8.334s]   4050K .......... .......... .......... .......... ......    100% 5.90M=0.9s
[8.335s] 
[8.335s] 2024-05-06 10:04:31 (4.54 MB/s) - ‘/home/group4/ros2_ws/build/multirobot_map_merge/map05.pgm’ saved [4194362/4194362]
[8.335s] 
[8.336s] Checking MD5 sum of /home/group4/ros2_ws/build/multirobot_map_merge/map05.pgm
[8.344s] /home/group4/ros2_ws/build/multirobot_map_merge/map05.pgm: OK
[8.352s] --2024-05-06 10:04:31--  https://raw.githubusercontent.com/hrnr/m-explore-extra/master/map_merge/gmapping_maps/2011-08-09-12-22-52.pgm
[8.356s] Resolving raw.githubusercontent.com (raw.githubusercontent.com)... 185.199.111.133, 185.199.110.133, 185.199.108.133, ...
[8.366s] Connecting to raw.githubusercontent.com (raw.githubusercontent.com)|185.199.111.133|:443... connected.
[9.083s] HTTP request sent, awaiting response... 200 OK
[9.083s] Length: 16000058 (15M) [text/plain]
[9.084s] Saving to: ‘/home/group4/ros2_ws/build/multirobot_map_merge/2011-08-09-12-22-52.pgm’
[9.084s] 
[9.095s]      0K .......... .......... .......... .......... ..........  0% 4.00M 4s
[9.108s]     50K .......... .......... .......... .......... ..........  0% 3.75M 4s
[9.115s]    100K .......... .......... .......... .......... ..........  0% 7.98M 3s
[9.117s]    150K .......... .......... .......... .......... ..........  1% 17.0M 3s
[9.125s]    200K .......... .......... .......... .......... ..........  1% 6.60M 3s
[9.130s]    250K .......... .......... .......... .......... ..........  1% 9.07M 2s
[9.136s]    300K .......... .......... .......... .......... ..........  2% 26.0M 2s
[9.138s]    350K .......... .......... .......... .......... ..........  2% 7.63M 2s
[9.144s]    400K .......... .......... .......... .......... ..........  2% 9.11M 2s
[9.148s]    450K .......... .......... .......... .......... ..........  3% 11.7M 2s
[9.154s]    500K .......... .......... .......... .......... ..........  3% 9.02M 2s
[9.164s]    550K .......... .......... .......... .......... ..........  3% 4.78M 2s
[9.165s]    600K .......... .......... .......... .......... ..........  4% 32.4M 2s
[9.169s]    650K .......... .......... .......... .......... ..........  4% 13.5M 2s
[9.181s]    700K .......... .......... .......... .......... ..........  4% 4.08M 2s
[9.187s]    750K .......... .......... .......... .......... ..........  5% 8.13M 2s
[9.193s]    800K .......... .......... .......... .......... ..........  5% 7.85M 2s
[9.198s]    850K .......... .......... .......... .......... ..........  5% 9.21M 2s
[9.200s]    900K .......... .......... .......... .......... ..........  6% 26.5M 2s
[9.207s]    950K .......... .......... .......... .......... ..........  6% 7.03M 2s
[9.207s]   1000K .......... .......... .......... .......... ..........  6%  231M 2s
[9.234s]   1050K .......... .......... .......... .......... ..........  7% 4.40M 2s
[9.234s]   1100K .......... .......... .......... .......... ..........  7% 8.37M 2s
[9.236s]   1150K .......... .......... .......... .......... ..........  7% 4.17M 2s
[9.244s]   1200K .......... .......... .......... .......... ..........  7% 6.05M 2s
[9.249s]   1250K .......... .......... .......... .......... ..........  8% 9.27M 2s
[9.253s]   1300K .......... .......... .......... .......... ..........  8% 11.3M 2s
[9.254s]   1350K .......... .......... .......... .......... ..........  8%  275M 2s
[9.265s]   1400K .......... .......... .......... .......... ..........  9% 4.11M 2s
[9.285s]   1450K .......... .......... .......... .......... ..........  9% 2.50M 2s
[9.290s]   1500K .......... .......... .......... .......... ..........  9% 8.96M 2s
[9.295s]   1550K .......... .......... .......... .......... .......... 10% 9.92M 2s
[9.296s]   1600K .......... .......... .......... .......... .......... 10% 40.8M 2s
[9.303s]   1650K .......... .......... .......... .......... .......... 10% 7.39M 2s
[9.308s]   1700K .......... .......... .......... .......... .......... 11% 10.5M 2s
[9.317s]   1750K .......... .......... .......... .......... .......... 11% 5.21M 2s
[9.317s]   1800K .......... .......... .......... .......... .......... 11%  236M 2s
[9.325s]   1850K .......... .......... .......... .......... .......... 12% 6.22M 2s
[9.333s]   1900K .......... .......... .......... .......... .......... 12% 6.50M 2s
[9.333s]   1950K .......... .......... .......... .......... .......... 12%  124M 2s
[9.341s]   2000K .......... .......... .......... .......... .......... 13% 6.09M 2s
[9.349s]   2050K .......... .......... .......... .......... .......... 13% 6.73M 2s
[9.359s]   2100K .......... .......... .......... .......... .......... 13% 4.87M 2s
[9.360s]   2150K .......... .......... .......... .......... .......... 14% 29.3M 2s
[9.365s]   2200K .......... .......... .......... .......... .......... 14% 10.2M 2s
[9.372s]   2250K .......... .......... .......... .......... .......... 14% 6.50M 2s
[9.379s]   2300K .......... .......... .......... .......... .......... 15% 7.55M 2s
[9.383s]   2350K .......... .......... .......... .......... .......... 15% 10.5M 2s
[9.394s]   2400K .......... .......... .......... .......... .......... 15% 4.37M 2s
[9.399s]   2450K .......... .......... .......... .......... .......... 15% 10.0M 2s
[9.408s]   2500K .......... .......... .......... .......... .......... 16% 5.62M 2s
[9.408s]   2550K .......... .......... .......... .......... .......... 16%  236M 2s
[9.419s]   2600K .......... .......... .......... .......... .......... 16% 4.55M 2s
[9.419s]   2650K .......... .......... .......... .......... .......... 17%  195M 2s
[9.424s]   2700K .......... .......... .......... .......... .......... 17% 11.1M 2s
[9.434s]   2750K .......... .......... .......... .......... .......... 17% 4.96M 2s
[9.438s]   2800K .......... .......... .......... .......... .......... 18% 11.4M 2s
[9.438s]   2850K .......... .......... .......... .......... .......... 18%  326M 2s
[9.445s]   2900K .......... .......... .......... .......... .......... 18% 6.51M 2s
[9.449s]   2950K .......... .......... .......... .......... .......... 19%  291M 2s
[9.453s]   3000K .......... .......... .......... .......... .......... 19% 6.41M 2s
[9.459s]   3050K .......... .......... .......... .......... .......... 19% 7.77M 2s
[9.460s]   3100K .......... .......... .......... .......... .......... 20%  250M 1s
[9.464s]   3150K .......... .......... .......... .......... .......... 20% 10.2M 1s
[9.469s]   3200K .......... .......... .......... .......... .......... 20% 9.93M 1s
[9.475s]   3250K .......... .......... .......... .......... .......... 21% 8.76M 1s
[9.480s]   3300K .......... .......... .......... .......... .......... 21% 9.15M 1s
[9.489s]   3350K .......... .......... .......... .......... .......... 21% 16.3M 1s
[9.489s]   3400K .......... .......... .......... .......... .......... 22% 8.21M 1s
[9.495s]   3450K .......... .......... .......... .......... .......... 22% 9.01M 1s
[9.500s]   3500K .......... .......... .......... .......... .......... 22% 8.86M 1s
[9.505s]   3550K .......... .......... .......... .......... .......... 23% 10.8M 1s
[9.511s]   3600K .......... .......... .......... .......... .......... 23% 7.52M 1s
[9.518s]   3650K .......... .......... .......... .......... .......... 23% 7.30M 1s
[9.521s]   3700K .......... .......... .......... .......... .......... 23% 15.3M 1s
[9.538s]   3750K .......... .......... .......... .......... .......... 24% 2.90M 1s
[9.544s]   3800K .......... .......... .......... .......... .......... 24% 8.41M 1s
[9.544s]   3850K .......... .......... .......... .......... .......... 24%  231M 1s
[9.560s]   3900K .......... .......... .......... .......... .......... 25% 3.11M 1s
[9.566s]   3950K .......... .......... .......... .......... .......... 25% 7.88M 1s
[9.567s]   4000K .......... .......... .......... .......... .......... 25% 26.4M 1s
[9.574s]   4050K .......... .......... .......... .......... .......... 26% 7.73M 1s
[9.580s]   4100K .......... .......... .......... .......... .......... 26% 7.57M 1s
[9.590s]   4150K .......... .......... .......... .......... .......... 26% 4.98M 1s
[9.598s]   4200K .......... .......... .......... .......... .......... 27% 6.04M 1s
[9.603s]   4250K .......... .......... .......... .......... .......... 27% 10.7M 1s
[9.611s]   4300K .......... .......... .......... .......... .......... 27% 6.24M 1s
[9.616s]   4350K .......... .......... .......... .......... .......... 28% 10.2M 1s
[9.616s]   4400K .......... .......... .......... .......... .......... 28%  216M 1s
[9.625s]   4450K .......... .......... .......... .......... .......... 28% 5.07M 1s
[9.634s]   4500K .......... .......... .......... .......... .......... 29% 5.86M 1s
[9.637s]   4550K .......... .......... .......... .......... .......... 29% 14.8M 1s
[9.643s]   4600K .......... .......... .......... .......... .......... 29% 7.70M 1s
[9.652s]   4650K .......... .......... .......... .......... .......... 30% 5.75M 1s
[9.658s]   4700K .......... .......... .......... .......... .......... 30% 8.30M 1s
[9.661s]   4750K .......... .......... .......... .......... .......... 30% 15.7M 1s
[9.669s]   4800K .......... .......... .......... .......... .......... 31% 6.15M 1s
[9.678s]   4850K .......... .......... .......... .......... .......... 31% 5.41M 1s
[9.704s]   4900K .......... .......... .......... .......... .......... 31% 4.06M 1s
[9.704s]   4950K .......... .......... .......... .......... .......... 31% 3.82M 1s
[9.704s]   5000K .......... .......... .......... .......... .......... 32%  229M 1s
[9.710s]   5050K .......... .......... .......... .......... .......... 32% 6.43M 1s
[9.715s]   5100K .......... .......... .......... .......... .......... 32% 10.5M 1s
[9.724s]   5150K .......... .......... .......... .......... .......... 33% 5.45M 1s
[9.724s]   5200K .......... .......... .......... .......... .......... 33%  297M 1s
[9.740s]   5250K .......... .......... .......... .......... .......... 33% 3.13M 1s
[9.744s]   5300K .......... .......... .......... .......... .......... 34% 12.3M 1s
[9.750s]   5350K .......... .......... .......... .......... .......... 34% 8.05M 1s
[9.759s]   5400K .......... .......... .......... .......... .......... 34% 5.65M 1s
[9.764s]   5450K .......... .......... .......... .......... .......... 35% 8.40M 1s
[9.766s]   5500K .......... .......... .......... .......... .......... 35% 37.6M 1s
[9.774s]   5550K .......... .......... .......... .......... .......... 35% 5.95M 1s
[9.784s]   5600K .......... .......... .......... .......... .......... 36% 4.67M 1s
[9.791s]   5650K .......... .......... .......... .......... .......... 36% 7.10M 1s
[9.796s]   5700K .......... .......... .......... .......... .......... 36% 9.82M 1s
[9.808s]   5750K .......... .......... .......... .......... .......... 37% 4.03M 1s
[9.819s]   5800K .......... .......... .......... .......... .......... 37% 4.43M 1s
[9.819s]   5850K .......... .......... .......... .......... .......... 37%  296M 1s
[9.830s]   5900K .......... .......... .......... .......... .......... 38% 4.59M 1s
[9.844s]   5950K .......... .......... .......... .......... .......... 38% 3.45M 1s
[9.849s]   6000K .......... .......... .......... .......... .......... 38% 9.62M 1s
[9.849s]   6050K .......... .......... .......... .......... .......... 39%  297M 1s
[9.858s]   6100K .......... .......... .......... .......... .......... 39% 5.49M 1s
[9.869s]   6150K .......... .......... .......... .......... .......... 39% 4.60M 1s
[9.869s]   6200K .......... .......... .......... .......... .......... 39%  298M 1s
[9.880s]   6250K .......... .......... .......... .......... .......... 40% 4.78M 1s
[9.880s]   6300K .......... .......... .......... .......... .......... 40%  204M 1s
[9.897s]   6350K .......... .......... .......... .......... .......... 40% 2.80M 1s
[9.897s]   6400K .......... .......... .......... .......... .......... 41%  287M 1s
[9.902s]   6450K .......... .......... .......... .......... .......... 41% 10.6M 1s
[9.907s]   6500K .......... .......... .......... .......... .......... 41% 9.90M 1s
[9.913s]   6550K .......... .......... .......... .......... .......... 42% 8.47M 1s
[9.920s]   6600K .......... .......... .......... .......... .......... 42% 6.64M 1s
[9.927s]   6650K .......... .......... .......... .......... .......... 42% 7.19M 1s
[9.935s]   6700K .......... .......... .......... .......... .......... 43% 5.98M 1s
[9.940s]   6750K .......... .......... .......... .......... .......... 43% 8.78M 1s
[9.945s]   6800K .......... .......... .......... .......... .......... 43% 10.8M 1s
[9.950s]   6850K .......... .......... .......... .......... .......... 44%  247M 1s
[9.955s]   6900K .......... .......... .......... .......... .......... 44% 5.09M 1s
[9.955s]   6950K .......... .......... .......... .......... .......... 44%  218M 1s
[9.960s]   7000K .......... .......... .......... .......... .......... 45% 10.5M 1s
[9.965s]   7050K .......... .......... .......... .......... .......... 45% 9.03M 1s
[9.976s]   7100K .......... .......... .......... .......... .......... 45% 4.58M 1s
[9.987s]   7150K .......... .......... .......... .......... .......... 46% 4.30M 1s
[10.000s]   7200K .......... .......... .......... .......... .......... 46% 3.75M 1s
[10.014s]   7250K .......... .......... .......... .......... .......... 46% 3.39M 1s
[10.028s]   7300K .......... .......... .......... .......... .......... 47% 3.52M 1s
[10.050s]   7350K .......... .......... .......... .......... .......... 47% 2.22M 1s
[10.063s]   7400K .......... .......... .......... .......... .......... 47% 3.84M 1s
[10.078s]   7450K .......... .......... .......... .......... .......... 47% 3.31M 1s
[10.085s]   7500K .......... .......... .......... .......... .......... 48% 6.96M 1s
[10.092s]   7550K .......... .......... .......... .......... .......... 48% 6.59M 1s
[10.118s]   7600K .......... .......... .......... .......... .......... 48% 1.89M 1s
[10.118s]   7650K .......... .......... .......... .......... .......... 49%  269M 1s
[10.131s]   7700K .......... .......... .......... .......... .......... 49% 3.85M 1s
[10.137s]   7750K .......... .......... .......... .......... .......... 49% 7.93M 1s
[10.143s]   7800K .......... .......... .......... .......... .......... 50% 8.38M 1s
[10.148s]   7850K .......... .......... .......... .......... .......... 50% 9.39M 1s
[10.154s]   7900K .......... .......... .......... .......... .......... 50% 8.71M 1s
[10.154s]   7950K .......... .......... .......... .......... .......... 51%  273M 1s
[10.160s]   8000K .......... .......... .......... .......... .......... 51% 7.14M 1s
[10.169s]   8050K .......... .......... .......... .......... .......... 51% 5.76M 1s
[10.178s]   8100K .......... .......... .......... .......... .......... 52% 5.41M 1s
[10.185s]   8150K .......... .......... .......... .......... .......... 52% 6.66M 1s
[10.191s]   8200K .......... .......... .......... .......... .......... 52% 8.76M 1s
[10.194s]   8250K .......... .......... .......... .......... .......... 53% 13.7M 1s
[10.200s]   8300K .......... .......... .......... .......... .......... 53% 9.58M 1s
[10.205s]   8350K .......... .......... .......... .......... .......... 53% 8.58M 1s
[10.213s]   8400K .......... .......... .......... .......... .......... 54% 6.51M 1s
[10.218s]   8450K .......... .......... .......... .......... .......... 54% 9.86M 1s
[10.224s]   8500K .......... .......... .......... .......... .......... 54% 7.93M 1s
[10.230s]   8550K .......... .......... .......... .......... .......... 55% 8.70M 1s
[10.254s]   8600K .......... .......... .......... .......... .......... 55% 1.99M 1s
[10.254s]   8650K .......... .......... .......... .......... .......... 55%  186M 1s
[10.262s]   8700K .......... .......... .......... .......... .......... 55% 6.36M 1s
[10.279s]   8750K .......... .......... .......... .......... .......... 56%  254M 1s
[10.279s]   8800K .......... .......... .......... .......... .......... 56% 2.92M 1s
[10.289s]   8850K .......... .......... .......... .......... .......... 56% 4.64M 1s
[10.292s]   8900K .......... .......... .......... .......... .......... 57% 21.3M 1s
[10.301s]   8950K .......... .......... .......... .......... .......... 57% 5.49M 1s
[10.310s]   9000K .......... .......... .......... .......... .......... 57% 5.43M 1s
[10.315s]   9050K .......... .......... .......... .......... .......... 58% 8.76M 1s
[10.317s]   9100K .......... .......... .......... .......... .......... 58% 25.8M 1s
[10.323s]   9150K .......... .......... .......... .......... .......... 58% 7.80M 1s
[10.339s]   9200K .......... .......... .......... .......... .......... 59% 3.21M 1s
[10.344s]   9250K .......... .......... .......... .......... .......... 59% 8.65M 1s
[10.352s]   9300K .......... .......... .......... .......... .......... 59% 6.32M 1s
[10.358s]   9350K .......... .......... .......... .......... .......... 60% 7.69M 1s
[10.359s]   9400K .......... .......... .......... .......... .......... 60% 38.3M 1s
[10.372s]   9450K .......... .......... .......... .......... .......... 60% 3.97M 1s
[10.372s]   9500K .......... .......... .......... .......... .......... 61%  295M 1s
[10.379s]   9550K .......... .......... .......... .......... .......... 61% 6.67M 1s
[10.384s]   9600K .......... .......... .......... .......... .......... 61% 10.5M 1s
[10.392s]   9650K .......... .......... .......... .......... .......... 62% 5.78M 1s
[10.399s]   9700K .......... .......... .......... .......... .......... 62% 7.11M 1s
[10.412s]   9750K .......... .......... .......... .......... .......... 62% 3.96M 1s
[10.417s]   9800K .......... .......... .......... .......... .......... 63% 10.4M 1s
[10.426s]   9850K .......... .......... .......... .......... .......... 63% 4.77M 1s
[10.429s]   9900K .......... .......... .......... .......... .......... 63% 19.5M 1s
[10.440s]   9950K .......... .......... .......... .......... .......... 63% 4.57M 1s
[10.440s]  10000K .......... .......... .......... .......... .......... 64%  291M 1s
[10.445s]  10050K .......... .......... .......... .......... .......... 64% 10.2M 1s
[10.449s]  10100K .......... .......... .......... .......... .......... 64% 10.5M 1s
[10.455s]  10150K .......... .......... .......... .......... .......... 65% 9.28M 1s
[10.463s]  10200K .......... .......... .......... .......... .......... 65% 5.70M 1s
[10.463s]  10250K .......... .......... .......... .......... .......... 65%  246M 1s
[10.469s]  10300K .......... .......... .......... .......... .......... 66% 43.3M 1s
[10.474s]  10350K .......... .......... .......... .......... .......... 66% 5.02M 1s
[10.475s]  10400K .......... .......... .......... .......... .......... 66%  186M 1s
[10.479s]  10450K .......... .......... .......... .......... .......... 67% 10.1M 1s
[10.487s]  10500K .......... .......... .......... .......... .......... 67% 6.82M 1s
[10.508s]  10550K .......... .......... .......... .......... .......... 67% 2.30M 1s
[10.513s]  10600K .......... .......... .......... .......... .......... 68% 9.81M 1s
[10.516s]  10650K .......... .......... .......... .......... .......... 68% 14.2M 1s
[10.522s]  10700K .......... .......... .......... .......... .......... 68% 9.04M 1s
[10.526s]  10750K .......... .......... .......... .......... .......... 69% 10.5M 1s
[10.531s]  10800K .......... .......... .......... .......... .......... 69% 9.53M 1s
[10.535s]  10850K .......... .......... .......... .......... .......... 69% 12.3M 1s
[10.542s]  10900K .......... .......... .......... .......... .......... 70% 6.84M 1s
[10.547s]  10950K .......... .......... .......... .......... .......... 70% 10.6M 1s
[10.550s]  11000K .......... .......... .......... .......... .......... 70% 14.2M 1s
[10.556s]  11050K .......... .......... .......... .......... .......... 71% 9.62M 1s
[10.561s]  11100K .......... .......... .......... .......... .......... 71% 8.48M 1s
[10.567s]  11150K .......... .......... .......... .......... .......... 71% 9.50M 1s
[10.574s]  11200K .......... .......... .......... .......... .......... 71% 6.39M 1s
[10.574s]  11250K .......... .......... .......... .......... .......... 72%  205M 1s
[10.577s]  11300K .......... .......... .......... .......... .......... 72% 20.8M 1s
[10.589s]  11350K .......... .......... .......... .......... .......... 72% 4.01M 1s
[10.589s]  11400K .......... .......... .......... .......... .......... 73%  282M 1s
[10.592s]  11450K .......... .......... .......... .......... .......... 73% 16.4M 1s
[10.608s]  11500K .......... .......... .......... .......... .......... 73% 3.11M 1s
[10.613s]  11550K .......... .......... .......... .......... .......... 74% 8.89M 1s
[10.621s]  11600K .......... .......... .......... .......... .......... 74% 6.39M 1s
[10.621s]  11650K .......... .......... .......... .......... .......... 74%  196M 1s
[10.627s]  11700K .......... .......... .......... .......... .......... 75% 8.24M 1s
[10.631s]  11750K .......... .......... .......... .......... .......... 75% 10.7M 1s
[10.637s]  11800K .......... .......... .......... .......... .......... 75% 8.77M 0s
[10.642s]  11850K .......... .......... .......... .......... .......... 76% 9.33M 0s
[10.648s]  11900K .......... .......... .......... .......... .......... 76% 9.33M 0s
[10.652s]  11950K .......... .......... .......... .......... .......... 76% 10.6M 0s
[10.652s]  12000K .......... .......... .......... .......... .......... 77%  201M 0s
[10.657s]  12050K .......... .......... .......... .......... .......... 77% 11.3M 0s
[10.665s]  12100K .......... .......... .......... .......... .......... 77% 5.72M 0s
[10.666s]  12150K .......... .......... .......... .......... .......... 78%  282M 0s
[10.671s]  12200K .......... .......... .......... .......... .......... 78% 9.14M 0s
[10.676s]  12250K .......... .......... .......... .......... .......... 78% 10.1M 0s
[10.681s]  12300K .......... .......... .......... .......... .......... 79% 8.44M 0s
[10.691s]  12350K .......... .......... .......... .......... .......... 79% 5.50M 0s
[10.691s]  12400K .......... .......... .......... .......... .......... 79%  200M 0s
[10.703s]  12450K .......... .......... .......... .......... .......... 79% 4.16M 0s
[10.703s]  12500K .......... .......... .......... .......... .......... 80%  203M 0s
[10.714s]  12550K .......... .......... .......... .......... .......... 80% 4.14M 0s
[10.726s]  12600K .......... .......... .......... .......... .......... 80% 4.02M 0s
[10.732s]  12650K .......... .......... .......... .......... .......... 81% 8.87M 0s
[10.741s]  12700K .......... .......... .......... .......... .......... 81% 5.43M 0s
[10.741s]  12750K .......... .......... .......... .......... .......... 81%  192M 0s
[10.753s]  12800K .......... .......... .......... .......... .......... 82% 4.14M 0s
[10.761s]  12850K .......... .......... .......... .......... .......... 82% 6.04M 0s
[10.761s]  12900K .......... .......... .......... .......... .......... 82%  264M 0s
[10.766s]  12950K .......... .......... .......... .......... .......... 83% 10.2M 0s
[10.774s]  13000K .......... .......... .......... .......... .......... 83% 6.29M 0s
[10.782s]  13050K .......... .......... .......... .......... .......... 83% 5.85M 0s
[10.785s]  13100K .......... .......... .......... .......... .......... 84% 18.9M 0s
[10.795s]  13150K .......... .......... .......... .......... .......... 84% 4.69M 0s
[10.795s]  13200K .......... .......... .......... .......... .......... 84%  191M 0s
[10.802s]  13250K .......... .......... .......... .......... .......... 85% 7.91M 0s
[10.817s]  13300K .......... .......... .......... .......... .......... 85% 3.15M 0s
[10.833s]  13350K .......... .......... .......... .......... .......... 85% 3.13M 0s
[10.841s]  13400K .......... .......... .......... .......... .......... 86% 5.80M 0s
[10.851s]  13450K .......... .......... .......... .......... .......... 86% 4.91M 0s
[10.858s]  13500K .......... .......... .......... .......... .......... 86% 6.90M 0s
[10.868s]  13550K .......... .......... .......... .......... .......... 87% 4.74M 0s
[10.882s]  13600K .......... .......... .......... .......... .......... 87% 3.67M 0s
[10.899s]  13650K .......... .......... .......... .......... .......... 87% 2.83M 0s
[10.899s]  13700K .......... .......... .......... .......... .......... 87%  250M 0s
[10.912s]  13750K .......... .......... .......... .......... .......... 88% 3.80M 0s
[10.919s]  13800K .......... .......... .......... .......... .......... 88% 7.24M 0s
[10.925s]  13850K .......... .......... .......... .......... .......... 88% 7.62M 0s
[10.947s]  13900K .......... .......... .......... .......... .......... 89% 2.28M 0s
[10.956s]  13950K .......... .......... .......... .......... .......... 89% 5.34M 0s
[10.964s]  14000K .......... .......... .......... .......... .......... 89% 5.87M 0s
[10.978s]  14050K .......... .......... .......... .......... .......... 90% 3.40M 0s
[10.988s]  14100K .......... .......... .......... .......... .......... 90% 4.96M 0s
[10.995s]  14150K .......... .......... .......... .......... .......... 90% 7.71M 0s
[11.004s]  14200K .......... .......... .......... .......... .......... 91% 5.02M 0s
[11.011s]  14250K .......... .......... .......... .......... .......... 91% 7.17M 0s
[11.017s]  14300K .......... .......... .......... .......... .......... 91% 8.95M 0s
[11.024s]  14350K .......... .......... .......... .......... .......... 92% 6.55M 0s
[11.030s]  14400K .......... .......... .......... .......... .......... 92% 8.12M 0s
[11.066s]  14450K .......... .......... .......... .......... .......... 92% 1.35M 0s
[11.071s]  14500K .......... .......... .......... .......... .......... 93% 9.77M 0s
[11.078s]  14550K .......... .......... .......... .......... .......... 93% 7.83M 0s
[11.085s]  14600K .......... .......... .......... .......... .......... 93% 6.25M 0s
[11.092s]  14650K .......... .......... .......... .......... .......... 94% 7.44M 0s
[11.105s]  14700K .......... .......... .......... .......... .......... 94% 3.76M 0s
[11.110s]  14750K .......... .......... .......... .......... .......... 94% 8.81M 0s
[11.122s]  14800K .......... .......... .......... .......... .......... 95% 4.28M 0s
[11.131s]  14850K .......... .......... .......... .......... .......... 95% 5.60M 0s
[11.136s]  14900K .......... .......... .......... .......... .......... 95% 8.38M 0s
[11.144s]  14950K .......... .......... .......... .......... .......... 95% 6.65M 0s
[11.151s]  15000K .......... .......... .......... .......... .......... 96% 6.97M 0s
[11.165s]  15050K .......... .......... .......... .......... .......... 96% 3.46M 0s
[11.170s]  15100K .......... .......... .......... .......... .......... 96% 10.0M 0s
[11.178s]  15150K .......... .......... .......... .......... .......... 97% 6.28M 0s
[11.185s]  15200K .......... .......... .......... .......... .......... 97% 6.95M 0s
[11.199s]  15250K .......... .......... .......... .......... .......... 97% 3.47M 0s
[11.213s]  15300K .......... .......... .......... .......... .......... 98% 3.40M 0s
[11.222s]  15350K .......... .......... .......... .......... .......... 98% 5.74M 0s
[11.237s]  15400K .......... .......... .......... .......... .......... 98% 3.10M 0s
[11.247s]  15450K .......... .......... .......... .......... .......... 99% 5.31M 0s
[11.255s]  15500K .......... .......... .......... .......... .......... 99% 5.75M 0s
[11.260s]  15550K .......... .......... .......... .......... .......... 99% 9.98M 0s
[11.263s]  15600K .......... .......... .....                           100% 12.2M=2.2s
[11.263s] 
[11.263s] 2024-05-06 10:04:34 (7.00 MB/s) - ‘/home/group4/ros2_ws/build/multirobot_map_merge/2011-08-09-12-22-52.pgm’ saved [16000058/16000058]
[11.263s] 
[11.263s] Checking MD5 sum of /home/group4/ros2_ws/build/multirobot_map_merge/2011-08-09-12-22-52.pgm
[11.347s] /home/group4/ros2_ws/build/multirobot_map_merge/2011-08-09-12-22-52.pgm: OK
[11.381s] --2024-05-06 10:04:34--  https://raw.githubusercontent.com/hrnr/m-explore-extra/master/map_merge/gmapping_maps/2012-01-28-11-12-01.pgm
[11.394s] Resolving raw.githubusercontent.com (raw.githubusercontent.com)... 185.199.111.133, 185.199.109.133, 185.199.110.133, ...
[11.406s] Connecting to raw.githubusercontent.com (raw.githubusercontent.com)|185.199.111.133|:443... connected.
[12.061s] HTTP request sent, awaiting response... 200 OK
[12.061s] Length: 16000058 (15M) [text/plain]
[12.061s] Saving to: ‘/home/group4/ros2_ws/build/multirobot_map_merge/2012-01-28-11-12-01.pgm’
[12.061s] 
[12.075s]      0K .......... .......... .......... .......... ..........  0% 3.30M 5s
[12.087s]     50K .......... .......... .......... .......... ..........  0% 3.95M 4s
[12.103s]    100K .......... .......... .......... .......... ..........  0% 3.10M 4s
[12.109s]    150K .......... .......... .......... .......... ..........  1% 7.48M 4s
[12.111s]    200K .......... .......... .......... .......... ..........  1% 34.5M 3s
[12.125s]    250K .......... .......... .......... .......... ..........  1% 3.46M 3s
[12.133s]    300K .......... .......... .......... .......... ..........  2% 6.55M 3s
[12.139s]    350K .......... .......... .......... .......... ..........  2% 7.75M 3s
[12.144s]    400K .......... .......... .......... .......... ..........  2% 10.1M 3s
[12.145s]    450K .......... .......... .......... .......... ..........  3% 29.3M 3s
[12.150s]    500K .......... .......... .......... .......... ..........  3% 10.9M 2s
[12.156s]    550K .......... .......... .......... .......... ..........  3% 8.56M 2s
[12.162s]    600K .......... .......... .......... .......... ..........  4% 7.33M 2s
[12.168s]    650K .......... .......... .......... .......... ..........  4% 8.52M 2s
[12.169s]    700K .......... .......... .......... .......... ..........  4% 30.6M 2s
[12.182s]    750K .......... .......... .......... .......... ..........  5% 4.04M 2s
[12.183s]    800K .......... .......... .......... .......... ..........  5% 33.8M 2s
[12.191s]    850K .......... .......... .......... .......... ..........  5% 6.38M 2s
[12.196s]    900K .......... .......... .......... .......... ..........  6% 9.04M 2s
[12.203s]    950K .......... .......... .......... .......... ..........  6% 6.85M 2s
[12.207s]   1000K .......... .......... .......... .......... ..........  6% 12.4M 2s
[12.209s]   1050K .......... .......... .......... .......... ..........  7% 24.8M 2s
[12.214s]   1100K .......... .......... .......... .......... ..........  7% 11.0M 2s
[12.220s]   1150K .......... .......... .......... .......... ..........  7% 7.96M 2s
[12.226s]   1200K .......... .......... .......... .......... ..........  7% 8.10M 2s
[12.239s]   1250K .......... .......... .......... .......... ..........  8% 3.72M 2s
[12.248s]   1300K .......... .......... .......... .......... ..........  8% 10.4M 2s
[12.248s]   1350K .......... .......... .......... .......... ..........  8% 10.0M 2s
[12.274s]   1400K .......... .......... .......... .......... ..........  9% 3.40M 2s
[12.276s]   1450K .......... .......... .......... .......... ..........  9% 3.66M 2s
[12.289s]   1500K .......... .......... .......... .......... ..........  9% 3.83M 2s
[12.303s]   1550K .......... .......... .......... .......... .......... 10% 3.50M 2s
[12.314s]   1600K .......... .......... .......... .......... .......... 10% 4.22M 2s
[12.329s]   1650K .......... .......... .......... .......... .......... 10% 3.28M 2s
[12.343s]   1700K .......... .......... .......... .......... .......... 11% 3.64M 2s
[12.357s]   1750K .......... .......... .......... .......... .......... 11% 3.35M 2s
[12.379s]   1800K .......... .......... .......... .......... .......... 11% 5.79M 2s
[12.379s]   1850K .......... .......... .......... .......... .......... 12% 9.41M 2s
[12.379s]   1900K .......... .......... .......... .......... .......... 12% 8.99M 2s
[12.382s]   1950K .......... .......... .......... .......... .......... 12% 8.45M 2s
[12.385s]   2000K .......... .......... .......... .......... .......... 13% 15.4M 2s
[12.392s]   2050K .......... .......... .......... .......... .......... 13% 7.03M 2s
[12.401s]   2100K .......... .......... .......... .......... .......... 13% 5.81M 2s
[12.402s]   2150K .......... .......... .......... .......... .......... 14% 29.6M 2s
[12.415s]   2200K .......... .......... .......... .......... .......... 14% 3.91M 2s
[12.420s]   2250K .......... .......... .......... .......... .......... 14% 8.77M 2s
[12.432s]   2300K .......... .......... .......... .......... .......... 15% 4.41M 2s
[12.433s]   2350K .......... .......... .......... .......... .......... 15% 32.3M 2s
[12.437s]   2400K .......... .......... .......... .......... .......... 15% 12.9M 2s
[12.451s]   2450K .......... .......... .......... .......... .......... 15% 3.35M 2s
[12.459s]   2500K .......... .......... .......... .......... .......... 16% 6.02M 2s
[12.461s]   2550K .......... .......... .......... .......... .......... 16% 33.2M 2s
[12.469s]   2600K .......... .......... .......... .......... .......... 16% 5.80M 2s
[12.473s]   2650K .......... .......... .......... .......... .......... 17% 13.0M 2s
[12.478s]   2700K .......... .......... .......... .......... .......... 17% 10.5M 2s
[12.485s]   2750K .......... .......... .......... .......... .......... 17% 7.48M 2s
[12.491s]   2800K .......... .......... .......... .......... .......... 18% 7.73M 2s
[12.495s]   2850K .......... .......... .......... .......... .......... 18% 10.9M 2s
[12.499s]   2900K .......... .......... .......... .......... .......... 18% 11.3M 2s
[12.507s]   2950K .......... .......... .......... .......... .......... 19% 6.68M 2s
[12.508s]   3000K .......... .......... .......... .......... .......... 19% 27.7M 2s
[12.521s]   3050K .......... .......... .......... .......... .......... 19% 3.86M 2s
[12.522s]   3100K .......... .......... .......... .......... .......... 20% 36.5M 2s
[12.539s]   3150K .......... .......... .......... .......... .......... 20% 3.11M 2s
[12.554s]   3200K .......... .......... .......... .......... .......... 20% 3.15M 2s
[12.570s]   3250K .......... .......... .......... .......... .......... 21% 3.02M 2s
[12.572s]   3300K .......... .......... .......... .......... .......... 21% 23.8M 2s
[12.588s]   3350K .......... .......... .......... .......... .......... 21% 3.13M 2s
[12.589s]   3400K .......... .......... .......... .......... .......... 22% 25.1M 2s
[12.604s]   3450K .......... .......... .......... .......... .......... 22% 3.37M 2s
[12.619s]   3500K .......... .......... .......... .......... .......... 22% 3.24M 2s
[12.637s]   3550K .......... .......... .......... .......... .......... 23% 2.72M 2s
[12.651s]   3600K .......... .......... .......... .......... .......... 23% 3.40M 2s
[12.671s]   3650K .......... .......... .......... .......... .......... 23% 2.46M 2s
[12.690s]   3700K .......... .......... .......... .......... .......... 23% 2.58M 2s
[12.704s]   3750K .......... .......... .......... .......... .......... 24% 3.46M 2s
[12.711s]   3800K .......... .......... .......... .......... .......... 24% 7.71M 2s
[12.717s]   3850K .......... .......... .......... .......... .......... 24% 7.57M 2s
[12.729s]   3900K .......... .......... .......... .......... .......... 25% 4.01M 2s
[12.739s]   3950K .......... .......... .......... .......... .......... 25% 8.14M 2s
[12.749s]   4000K .......... .......... .......... .......... .......... 25% 3.61M 2s
[12.756s]   4050K .......... .......... .......... .......... .......... 26% 6.41M 2s
[12.764s]   4100K .......... .......... .......... .......... .......... 26% 6.31M 2s
[12.771s]   4150K .......... .......... .......... .......... .......... 26% 7.93M 2s
[12.785s]   4200K .......... .......... .......... .......... .......... 27% 3.36M 2s
[12.798s]   4250K .......... .......... .......... .......... .......... 27% 3.89M 2s
[12.804s]   4300K .......... .......... .......... .......... .......... 27% 7.27M 2s
[12.818s]   4350K .......... .......... .......... .......... .......... 28% 8.27M 2s
[12.820s]   4400K .......... .......... .......... .......... .......... 28% 4.97M 2s
[12.839s]   4450K .......... .......... .......... .......... .......... 28% 2.49M 2s
[12.849s]   4500K .......... .......... .......... .......... .......... 29% 5.03M 2s
[12.857s]   4550K .......... .......... .......... .......... .......... 29% 6.61M 2s
[12.874s]   4600K .......... .......... .......... .......... .......... 29% 2.79M 2s
[12.883s]   4650K .......... .......... .......... .......... .......... 30% 5.67M 2s
[12.889s]   4700K .......... .......... .......... .......... .......... 30% 7.38M 2s
[12.900s]   4750K .......... .......... .......... .......... .......... 30% 5.02M 2s
[12.907s]   4800K .......... .......... .......... .......... .......... 31% 6.16M 2s
[12.913s]   4850K .......... .......... .......... .......... .......... 31% 8.67M 2s
[12.917s]   4900K .......... .......... .......... .......... .......... 31% 10.4M 2s
[12.932s]   4950K .......... .......... .......... .......... .......... 31% 3.39M 2s
[12.939s]   5000K .......... .......... .......... .......... .......... 32% 6.39M 2s
[12.950s]   5050K .......... .......... .......... .......... .......... 32% 4.53M 2s
[12.955s]   5100K .......... .......... .......... .......... .......... 32% 8.83M 2s
[12.963s]   5150K .......... .......... .......... .......... .......... 33% 10.7M 2s
[12.968s]   5200K .......... .......... .......... .......... .......... 33% 6.17M 2s
[12.977s]   5250K .......... .......... .......... .......... .......... 33% 5.23M 2s
[12.983s]   5300K .......... .......... .......... .......... .......... 34% 8.53M 2s
[12.988s]   5350K .......... .......... .......... .......... .......... 34% 8.81M 2s
[12.993s]   5400K .......... .......... .......... .......... .......... 34% 9.88M 2s
[13.000s]   5450K .......... .......... .......... .......... .......... 35% 7.09M 2s
[13.016s]   5500K .......... .......... .......... .......... .......... 35% 3.09M 2s
[13.025s]   5550K .......... .......... .......... .......... .......... 35% 9.37M 2s
[13.030s]   5600K .......... .......... .......... .......... .......... 36% 5.68M 2s
[13.035s]   5650K .......... .......... .......... .......... .......... 36% 8.73M 2s
[13.041s]   5700K .......... .......... .......... .......... .......... 36% 8.11M 2s
[13.051s]   5750K .......... .......... .......... .......... .......... 37% 5.17M 2s
[13.056s]   5800K .......... .......... .......... .......... .......... 37% 9.10M 2s
[13.063s]   5850K .......... .......... .......... .......... .......... 37% 7.61M 2s
[13.068s]   5900K .......... .......... .......... .......... .......... 38% 8.56M 2s
[13.077s]   5950K .......... .......... .......... .......... .......... 38% 8.96M 2s
[13.085s]   6000K .......... .......... .......... .......... .......... 38% 4.54M 2s
[13.091s]   6050K .......... .......... .......... .......... .......... 39% 8.22M 2s
[13.096s]   6100K .......... .......... .......... .......... .......... 39% 9.05M 2s
[13.104s]   6150K .......... .......... .......... .......... .......... 39% 6.15M 2s
[13.112s]   6200K .......... .......... .......... .......... .......... 39% 6.26M 2s
[13.120s]   6250K .......... .......... .......... .......... .......... 40% 5.70M 2s
[13.123s]   6300K .......... .......... .......... .......... .......... 40% 17.1M 2s
[13.133s]   6350K .......... .......... .......... .......... .......... 40% 6.74M 2s
[13.148s]   6400K .......... .......... .......... .......... .......... 41% 2.87M 2s
[13.148s]   6450K .......... .......... .......... .......... .......... 41%  128M 2s
[13.167s]   6500K .......... .......... .......... .......... .......... 41% 2.63M 2s
[13.167s]   6550K .......... .......... .......... .......... .......... 42%  279M 2s
[13.167s]   6600K .......... .......... .......... .......... .......... 42%  270M 1s
[13.180s]   6650K .......... .......... .......... .......... .......... 42% 3.59M 1s
[13.181s]   6700K .......... .......... .......... .......... .......... 43% 68.6M 1s
[13.205s]   6750K .......... .......... .......... .......... .......... 43% 2.32M 1s
[13.219s]   6800K .......... .......... .......... .......... .......... 43% 2.94M 1s
[13.225s]   6850K .......... .......... .......... .......... .......... 44% 7.92M 1s
[13.235s]   6900K .......... .......... .......... .......... .......... 44% 4.96M 1s
[13.241s]   6950K .......... .......... .......... .......... .......... 44% 7.39M 1s
[13.255s]   7000K .......... .......... .......... .......... .......... 45% 3.64M 1s
[13.261s]   7050K .......... .......... .......... .......... .......... 45% 7.80M 1s
[13.267s]   7100K .......... .......... .......... .......... .......... 45% 7.39M 1s
[13.276s]   7150K .......... .......... .......... .......... .......... 46% 6.07M 1s
[13.284s]   7200K .......... .......... .......... .......... .......... 46% 5.64M 1s
[13.297s]   7250K .......... .......... .......... .......... .......... 46% 3.75M 1s
[13.303s]   7300K .......... .......... .......... .......... .......... 47% 9.10M 1s
[13.310s]   7350K .......... .......... .......... .......... .......... 47% 6.96M 1s
[13.321s]   7400K .......... .......... .......... .......... .......... 47% 4.43M 1s
[13.323s]   7450K .......... .......... .......... .......... .......... 47% 18.8M 1s
[13.329s]   7500K .......... .......... .......... .......... .......... 48% 8.87M 1s
[13.340s]   7550K .......... .......... .......... .......... .......... 48% 5.58M 1s
[13.345s]   7600K .......... .......... .......... .......... .......... 48% 6.28M 1s
[13.353s]   7650K .......... .......... .......... .......... .......... 49% 6.69M 1s
[13.360s]   7700K .......... .......... .......... .......... .......... 49% 6.42M 1s
[13.368s]   7750K .......... .......... .......... .......... .......... 49% 6.14M 1s
[13.373s]   7800K .......... .......... .......... .......... .......... 50% 10.2M 1s
[13.383s]   7850K .......... .......... .......... .......... .......... 50% 9.63M 1s
[13.386s]   7900K .......... .......... .......... .......... .......... 50% 6.07M 1s
[13.392s]   7950K .......... .......... .......... .......... .......... 51% 8.02M 1s
[13.399s]   8000K .......... .......... .......... .......... .......... 51% 6.84M 1s
[13.404s]   8050K .......... .......... .......... .......... .......... 51% 9.62M 1s
[13.418s]   8100K .......... .......... .......... .......... .......... 52% 4.84M 1s
[13.423s]   8150K .......... .......... .......... .......... .......... 52% 5.50M 1s
[13.428s]   8200K .......... .......... .......... .......... .......... 52% 9.74M 1s
[13.435s]   8250K .......... .......... .......... .......... .......... 53% 15.7M 1s
[13.439s]   8300K .......... .......... .......... .......... .......... 53% 6.20M 1s
[13.447s]   8350K .......... .......... .......... .......... .......... 53% 6.48M 1s
[13.454s]   8400K .......... .......... .......... .......... .......... 54% 6.74M 1s
[13.461s]   8450K .......... .......... .......... .......... .......... 54% 7.44M 1s
[13.467s]   8500K .......... .......... .......... .......... .......... 54% 7.87M 1s
[13.472s]   8550K .......... .......... .......... .......... .......... 55% 10.1M 1s
[13.480s]   8600K .......... .......... .......... .......... .......... 55% 5.93M 1s
[13.488s]   8650K .......... .......... .......... .......... .......... 55% 8.68M 1s
[13.500s]   8700K .......... .......... .......... .......... .......... 55% 3.27M 1s
[13.505s]   8750K .......... .......... .......... .......... .......... 56% 9.68M 1s
[13.515s]   8800K .......... .......... .......... .......... .......... 56% 5.26M 1s
[13.520s]   8850K .......... .......... .......... .......... .......... 56% 9.01M 1s
[13.525s]   8900K .......... .......... .......... .......... .......... 57% 10.2M 1s
[13.533s]   8950K .......... .......... .......... .......... .......... 57% 6.37M 1s
[13.538s]   9000K .......... .......... .......... .......... .......... 57% 8.59M 1s
[13.555s]   9050K .......... .......... .......... .......... .......... 58% 2.96M 1s
[13.560s]   9100K .......... .......... .......... .......... .......... 58% 8.80M 1s
[13.568s]   9150K .......... .......... .......... .......... .......... 58% 6.86M 1s
[13.574s]   9200K .......... .......... .......... .......... .......... 59% 7.16M 1s
[13.579s]   9250K .......... .......... .......... .......... .......... 59% 9.31M 1s
[13.585s]   9300K .......... .......... .......... .......... .......... 59% 9.74M 1s
[13.593s]   9350K .......... .......... .......... .......... .......... 60% 6.02M 1s
[13.598s]   9400K .......... .......... .......... .......... .......... 60% 9.00M 1s
[13.607s]   9450K .......... .......... .......... .......... .......... 60% 5.59M 1s
[13.612s]   9500K .......... .......... .......... .......... .......... 61% 8.87M 1s
[13.618s]   9550K .......... .......... .......... .......... .......... 61% 8.72M 1s
[13.632s]   9600K .......... .......... .......... .......... .......... 61% 3.40M 1s
[13.640s]   9650K .......... .......... .......... .......... .......... 62% 6.29M 1s
[13.646s]   9700K .......... .......... .......... .......... .......... 62% 7.84M 1s
[13.652s]   9750K .......... .......... .......... .......... .......... 62% 8.17M 1s
[13.667s]   9800K .......... .......... .......... .......... .......... 63% 3.40M 1s
[13.676s]   9850K .......... .......... .......... .......... .......... 63% 4.99M 1s
[13.683s]   9900K .......... .......... .......... .......... .......... 63% 7.24M 1s
[13.700s]   9950K .......... .......... .......... .......... .......... 63% 2.90M 1s
[13.705s]  10000K .......... .......... .......... .......... .......... 64% 8.87M 1s
[13.714s]  10050K .......... .......... .......... .......... .......... 64% 5.87M 1s
[13.720s]  10100K .......... .......... .......... .......... .......... 64% 8.09M 1s
[13.733s]  10150K .......... .......... .......... .......... .......... 65% 3.58M 1s
[13.741s]  10200K .......... .......... .......... .......... .......... 65% 6.85M 1s
[13.748s]  10250K .......... .......... .......... .......... .......... 65% 6.69M 1s
[13.753s]  10300K .......... .......... .......... .......... .......... 66% 9.86M 1s
[13.762s]  10350K .......... .......... .......... .......... .......... 66% 5.36M 1s
[13.767s]  10400K .......... .......... .......... .......... .......... 66% 8.94M 1s
[13.773s]  10450K .......... .......... .......... .......... .......... 67% 9.37M 1s
[13.781s]  10500K .......... .......... .......... .......... .......... 67% 6.30M 1s
[13.803s]  10550K .......... .......... .......... .......... .......... 67% 7.21M 1s
[13.803s]  10600K .......... .......... .......... .......... .......... 68% 9.53M 1s
[13.803s]  10650K .......... .......... .......... .......... .......... 68% 5.85M 1s
[13.807s]  10700K .......... .......... .......... .......... .......... 68% 7.36M 1s
[13.813s]  10750K .......... .......... .......... .......... .......... 69% 9.17M 1s
[13.821s]  10800K .......... .......... .......... .......... .......... 69% 6.20M 1s
[13.827s]  10850K .......... .......... .......... .......... .......... 69% 8.00M 1s
[13.832s]  10900K .......... .......... .......... .......... .......... 70% 9.34M 1s
[13.837s]  10950K .......... .......... .......... .......... .......... 70% 9.17M 1s
[13.843s]  11000K .......... .......... .......... .......... .......... 70% 7.84M 1s
[13.853s]  11050K .......... .......... .......... .......... .......... 71% 5.21M 1s
[13.859s]  11100K .......... .......... .......... .......... .......... 71% 8.00M 1s
[13.867s]  11150K .......... .......... .......... .......... .......... 71% 5.72M 1s
[13.873s]  11200K .......... .......... .......... .......... .......... 71% 7.93M 1s
[13.879s]  11250K .......... .......... .......... .......... .......... 72% 8.51M 1s
[13.890s]  11300K .......... .......... .......... .......... .......... 72% 4.49M 1s
[13.900s]  11350K .......... .......... .......... .......... .......... 72% 5.11M 1s
[13.906s]  11400K .......... .......... .......... .......... .......... 73% 8.20M 1s
[13.916s]  11450K .......... .......... .......... .......... .......... 73% 4.97M 1s
[13.922s]  11500K .......... .......... .......... .......... .......... 73% 7.91M 1s
[13.935s]  11550K .......... .......... .......... .......... .......... 74% 9.08M 1s
[13.935s]  11600K .......... .......... .......... .......... .......... 74% 6.00M 1s
[13.942s]  11650K .......... .......... .......... .......... .......... 74% 7.63M 1s
[13.947s]  11700K .......... .......... .......... .......... .......... 75% 8.67M 1s
[13.956s]  11750K .......... .......... .......... .......... .......... 75% 5.81M 1s
[13.963s]  11800K .......... .......... .......... .......... .......... 75% 6.59M 1s
[13.969s]  11850K .......... .......... .......... .......... .......... 76% 8.74M 1s
[13.977s]  11900K .......... .......... .......... .......... .......... 76% 5.86M 1s
[13.986s]  11950K .......... .......... .......... .......... .......... 76% 5.63M 1s
[13.991s]  12000K .......... .......... .......... .......... .......... 77% 8.81M 1s
[13.991s]  12050K .......... .......... .......... .......... .......... 77%  298M 1s
[13.997s]  12100K .......... .......... .......... .......... .......... 77% 9.14M 1s
[14.003s]  12150K .......... .......... .......... .......... .......... 78% 8.34M 1s
[14.013s]  12200K .......... .......... .......... .......... .......... 78% 4.72M 1s
[14.013s]  12250K .......... .......... .......... .......... .......... 78%  239M 1s
[14.015s]  12300K .......... .......... .......... .......... .......... 79% 31.9M 1s
[14.033s]  12350K .......... .......... .......... .......... .......... 79% 2.58M 1s
[14.039s]  12400K .......... .......... .......... .......... .......... 79% 9.43M 1s
[14.045s]  12450K .......... .......... .......... .......... .......... 79% 8.34M 0s
[14.053s]  12500K .......... .......... .......... .......... .......... 80% 9.43M 0s
[14.054s]  12550K .......... .......... .......... .......... .......... 80% 13.2M 0s
[14.063s]  12600K .......... .......... .......... .......... .......... 80% 5.37M 0s
[14.063s]  12650K .......... .......... .......... .......... .......... 81%  265M 0s
[14.068s]  12700K .......... .......... .......... .......... .......... 81% 10.1M 0s
[14.073s]  12750K .......... .......... .......... .......... .......... 81% 9.04M 0s
[14.073s]  12800K .......... .......... .......... .......... .......... 82%  331M 0s
[14.085s]  12850K .......... .......... .......... .......... .......... 82% 4.08M 0s
[14.095s]  12900K .......... .......... .......... .......... .......... 82% 4.84M 0s
[14.095s]  12950K .......... .......... .......... .......... .......... 83%  291M 0s
[14.104s]  13000K .......... .......... .......... .......... .......... 83% 5.55M 0s
[14.109s]  13050K .......... .......... .......... .......... .......... 83% 11.4M 0s
[14.109s]  13100K .......... .......... .......... .......... .......... 84%  274M 0s
[14.113s]  13150K .......... .......... .......... .......... .......... 84% 10.7M 0s
[14.118s]  13200K .......... .......... .......... .......... .......... 84% 10.7M 0s
[14.123s]  13250K .......... .......... .......... .......... .......... 85% 9.77M 0s
[14.131s]  13300K .......... .......... .......... .......... .......... 85% 6.26M 0s
[14.136s]  13350K .......... .......... .......... .......... .......... 85% 9.46M 0s
[14.147s]  13400K .......... .......... .......... .......... .......... 86% 11.8M 0s
[14.147s]  13450K .......... .......... .......... .......... .......... 86% 8.21M 0s
[14.147s]  13500K .......... .......... .......... .......... .......... 86% 35.6M 0s
[14.152s]  13550K .......... .......... .......... .......... .......... 87% 9.90M 0s
[14.159s]  13600K .......... .......... .......... .......... .......... 87% 7.69M 0s
[14.171s]  13650K .......... .......... .......... .......... .......... 87% 3.75M 0s
[14.184s]  13700K .......... .......... .......... .......... .......... 87% 3.81M 0s
[14.198s]  13750K .......... .......... .......... .......... .......... 88% 3.59M 0s
[14.212s]  13800K .......... .......... .......... .......... .......... 88% 3.40M 0s
[14.225s]  13850K .......... .......... .......... .......... .......... 88% 3.85M 0s
[14.239s]  13900K .......... .......... .......... .......... .......... 89% 3.41M 0s
[14.253s]  13950K .......... .......... .......... .......... .......... 89% 3.63M 0s
[14.259s]  14000K .......... .......... .......... .......... .......... 89% 7.35M 0s
[14.266s]  14050K .......... .......... .......... .......... .......... 90% 7.68M 0s
[14.278s]  14100K .......... .......... .......... .......... .......... 90% 3.85M 0s
[14.284s]  14150K .......... .......... .......... .......... .......... 90% 8.85M 0s
[14.290s]  14200K .......... .......... .......... .......... .......... 91% 8.10M 0s
[14.301s]  14250K .......... .......... .......... .......... .......... 91% 4.25M 0s
[14.308s]  14300K .......... .......... .......... .......... .......... 91% 7.50M 0s
[14.313s]  14350K .......... .......... .......... .......... .......... 92% 9.72M 0s
[14.318s]  14400K .......... .......... .......... .......... .......... 92% 9.03M 0s
[14.326s]  14450K .......... .......... .......... .......... .......... 92% 7.60M 0s
[14.333s]  14500K .......... .......... .......... .......... .......... 93% 5.93M 0s
[14.340s]  14550K .......... .......... .......... .......... .......... 93% 6.73M 0s
[14.345s]  14600K .......... .......... .......... .......... .......... 93% 9.49M 0s
[14.352s]  14650K .......... .......... .......... .......... .......... 94% 7.63M 0s
[14.357s]  14700K .......... .......... .......... .......... .......... 94% 9.65M 0s
[14.369s]  14750K .......... .......... .......... .......... .......... 94% 4.17M 0s
[14.381s]  14800K .......... .......... .......... .......... .......... 95% 4.04M 0s
[14.381s]  14850K .......... .......... .......... .......... .......... 95%  306M 0s
[14.389s]  14900K .......... .......... .......... .......... .......... 95% 9.00M 0s
[14.405s]  14950K .......... .......... .......... .......... .......... 95% 2.75M 0s
[14.419s]  15000K .......... .......... .......... .......... .......... 96% 3.22M 0s
[14.419s]  15050K .......... .......... .......... .......... .......... 96%  342M 0s
[14.422s]  15100K .......... .......... .......... .......... .......... 96% 15.5M 0s
[14.428s]  15150K .......... .......... .......... .......... .......... 97% 8.87M 0s
[14.439s]  15200K .......... .......... .......... .......... .......... 97% 4.54M 0s
[14.453s]  15250K .......... .......... .......... .......... .......... 97% 3.53M 0s
[14.453s]  15300K .......... .......... .......... .......... .......... 98%  286M 0s
[14.458s]  15350K .......... .......... .......... .......... .......... 98% 9.15M 0s
[14.463s]  15400K .......... .......... .......... .......... .......... 98% 9.44M 0s
[14.475s]  15450K .......... .......... .......... .......... .......... 99% 4.26M 0s
[14.483s]  15500K .......... .......... .......... .......... .......... 99% 5.85M 0s
[14.483s]  15550K .......... .......... .......... .......... .......... 99%  341M 0s
[14.487s] Checking MD5 sum of /home/group4/ros2_ws/build/multirobot_map_merge/2012-01-28-11-12-01.pgm
[14.487s]  15600K .......... .......... .....                           100% 8.94M=2.4s
[14.488s] 
[14.488s] 2024-05-06 10:04:37 (6.29 MB/s) - ‘/home/group4/ros2_ws/build/multirobot_map_merge/2012-01-28-11-12-01.pgm’ saved [16000058/16000058]
[14.488s] 
[14.556s] /home/group4/ros2_ws/build/multirobot_map_merge/2012-01-28-11-12-01.pgm: OK
[14.569s] -- Found gtest sources under '/opt/ros/humble/src/gtest_vendor': C++ tests using 'Google Test' will be built
[14.594s] -- Added test 'cppcheck' to perform static code analysis on C / C++ code
[14.596s] -- Configured cppcheck include dirs: /home/group4/ros2_ws/src/m-explore-ros2/map_merge/include;$<BUILD_INTERFACE:/home/group4/ros2_ws/src/m-explore-ros2/map_merge/include>
[14.596s] -- Configured cppcheck exclude dirs and/or files: 
[14.599s] -- Added test 'flake8' to check Python code syntax and style conventions
[14.601s] -- Added test 'lint_cmake' to check CMake code style
[14.606s] -- Added test 'pep257' to check Python code against some of the docstring style conventions in PEP 257
[14.610s] -- Added test 'uncrustify' to check C / C++ code style
[14.610s] -- Configured uncrustify additional arguments: 
[14.613s] -- Added test 'xmllint' to check XML markup files
[14.627s] -- Configuring done
[14.772s] -- Generating done
[14.784s] -- Build files have been written to: /home/group4/ros2_ws/build/multirobot_map_merge
[14.801s] Invoked command in '/home/group4/ros2_ws/build/multirobot_map_merge' returned '0': CMAKE_PREFIX_PATH=${CMAKE_PREFIX_PATH}:/home/group4/ros2_ws/install/teleop_leo:/home/group4/ros2_ws/install/real_leo:/home/group4/ros2_ws/install/my_leo:/home/group4/ros2_ws/install/gz_example_robot_description:/home/group4/ros2_ws/install/bt_demos:/home/group4/ros2_ws/install/autonomous_exploration:/home/group4/interbotix_ws/install/interbotix_xs_modules:/home/group4/interbotix_ws/install/interbotix_perception_modules:/home/group4/interbotix_ws/install/interbotix_common_modules:/opt/ros/humble /usr/bin/cmake /home/group4/ros2_ws/src/m-explore-ros2/map_merge -DCMAKE_INSTALL_PREFIX=/home/group4/ros2_ws/install/multirobot_map_merge
[14.805s] Invoking command in '/home/group4/ros2_ws/build/multirobot_map_merge': CMAKE_PREFIX_PATH=${CMAKE_PREFIX_PATH}:/home/group4/ros2_ws/install/teleop_leo:/home/group4/ros2_ws/install/real_leo:/home/group4/ros2_ws/install/my_leo:/home/group4/ros2_ws/install/gz_example_robot_description:/home/group4/ros2_ws/install/bt_demos:/home/group4/ros2_ws/install/autonomous_exploration:/home/group4/interbotix_ws/install/interbotix_xs_modules:/home/group4/interbotix_ws/install/interbotix_perception_modules:/home/group4/interbotix_ws/install/interbotix_common_modules:/opt/ros/humble /usr/bin/cmake --build /home/group4/ros2_ws/build/multirobot_map_merge -- -j16 -l16
[14.870s] [  8%] [32mBuilding CXX object gtest/CMakeFiles/gtest_main.dir/src/gtest_main.cc.o[0m
[14.871s] [ 25%] [32mBuilding CXX object gtest/CMakeFiles/gtest.dir/src/gtest-all.cc.o[0m
[14.871s] [ 25%] [32mBuilding CXX object CMakeFiles/combine_grids.dir/src/combine_grids/grid_compositor.cpp.o[0m
[14.874s] [ 33%] [32mBuilding CXX object CMakeFiles/combine_grids.dir/src/combine_grids/merging_pipeline.cpp.o[0m
[14.878s] [ 41%] [32mBuilding CXX object CMakeFiles/combine_grids.dir/src/combine_grids/grid_warper.cpp.o[0m
[15.844s] [ 50%] [32m[1mLinking CXX static library libgtest_main.a[0m
[15.894s] [ 50%] Built target gtest_main
[18.987s] [ 58%] [32m[1mLinking CXX static library libgtest.a[0m
[19.098s] [ 58%] Built target gtest
[20.185s] [ 66%] [32m[1mLinking CXX static library libcombine_grids.a[0m
[20.232s] [ 66%] Built target combine_grids
[20.257s] [ 83%] [32mBuilding CXX object CMakeFiles/test_merging_pipeline.dir/test/test_merging_pipeline.cpp.o[0m
[20.257s] [ 83%] [32mBuilding CXX object CMakeFiles/map_merge.dir/src/map_merge.cpp.o[0m
[20.453s] In file included from [01m[K/home/group4/ros2_ws/src/m-explore-ros2/map_merge/test/testing_helpers.h:7[m[K,
[20.453s]                  from [01m[K/home/group4/ros2_ws/src/m-explore-ros2/map_merge/test/test_merging_pipeline.cpp:42[m[K:
[20.454s] [01m[K/opt/ros/humble/include/tf2_geometry_msgs/tf2_geometry_msgs/tf2_geometry_msgs.h:35:2:[m[K [01;35m[Kwarning: [m[K#warning This header is obsolete, please include tf2_geometry_msgs/tf2_geometry_msgs.hpp instead [[01;35m[K]8;;https://gcc.gnu.org/onlinedocs/gcc/Warning-Options.html#index-Wcpp-Wcpp]8;;[m[K]
[20.454s]    35 | #[01;35m[Kwarning[m[K This header is obsolete, please include tf2_geometry_msgs/tf2_geometry_msgs.hpp instead
[20.454s]       |  [01;35m[K^~~~~~~[m[K
[21.235s] In file included from [01m[K/home/group4/ros2_ws/src/m-explore-ros2/map_merge/src/map_merge.cpp:44[m[K:
[21.235s] [01m[K/opt/ros/humble/include/tf2_geometry_msgs/tf2_geometry_msgs/tf2_geometry_msgs.h:35:2:[m[K [01;35m[Kwarning: [m[K#warning This header is obsolete, please include tf2_geometry_msgs/tf2_geometry_msgs.hpp instead [[01;35m[K]8;;https://gcc.gnu.org/onlinedocs/gcc/Warning-Options.html#index-Wcpp-Wcpp]8;;[m[K]
[21.235s]    35 | #[01;35m[Kwarning[m[K This header is obsolete, please include tf2_geometry_msgs/tf2_geometry_msgs.hpp instead
[21.235s]       |  [01;35m[K^~~~~~~[m[K
[23.848s] [ 91%] [32m[1mLinking CXX executable test_merging_pipeline[0m
[24.290s] [ 91%] Built target test_merging_pipeline
[29.020s] [100%] [32m[1mLinking CXX executable map_merge[0m
[29.636s] [100%] Built target map_merge
[29.644s] Invoked command in '/home/group4/ros2_ws/build/multirobot_map_merge' returned '0': CMAKE_PREFIX_PATH=${CMAKE_PREFIX_PATH}:/home/group4/ros2_ws/install/teleop_leo:/home/group4/ros2_ws/install/real_leo:/home/group4/ros2_ws/install/my_leo:/home/group4/ros2_ws/install/gz_example_robot_description:/home/group4/ros2_ws/install/bt_demos:/home/group4/ros2_ws/install/autonomous_exploration:/home/group4/interbotix_ws/install/interbotix_xs_modules:/home/group4/interbotix_ws/install/interbotix_perception_modules:/home/group4/interbotix_ws/install/interbotix_common_modules:/opt/ros/humble /usr/bin/cmake --build /home/group4/ros2_ws/build/multirobot_map_merge -- -j16 -l16
[29.669s] Invoking command in '/home/group4/ros2_ws/build/multirobot_map_merge': CMAKE_PREFIX_PATH=${CMAKE_PREFIX_PATH}:/home/group4/ros2_ws/install/teleop_leo:/home/group4/ros2_ws/install/real_leo:/home/group4/ros2_ws/install/my_leo:/home/group4/ros2_ws/install/gz_example_robot_description:/home/group4/ros2_ws/install/bt_demos:/home/group4/ros2_ws/install/autonomous_exploration:/home/group4/interbotix_ws/install/interbotix_xs_modules:/home/group4/interbotix_ws/install/interbotix_perception_modules:/home/group4/interbotix_ws/install/interbotix_common_modules:/opt/ros/humble /usr/bin/cmake --install /home/group4/ros2_ws/build/multirobot_map_merge
[29.675s] -- Install configuration: ""
[29.675s] -- Installing: /home/group4/ros2_ws/install/multirobot_map_merge/include/map_merge/
[29.676s] -- Installing: /home/group4/ros2_ws/install/multirobot_map_merge/include/map_merge//ros1_names.hpp
[29.676s] -- Installing: /home/group4/ros2_ws/install/multirobot_map_merge/include/map_merge//map_merge.h
[29.676s] -- Installing: /home/group4/ros2_ws/install/multirobot_map_merge/share/multirobot_map_merge/launch
[29.676s] -- Installing: /home/group4/ros2_ws/install/multirobot_map_merge/share/multirobot_map_merge/launch/from_map_server.launch.py
[29.676s] -- Installing: /home/group4/ros2_ws/install/multirobot_map_merge/share/multirobot_map_merge/launch/map_merge.rviz
[29.676s] -- Installing: /home/group4/ros2_ws/install/multirobot_map_merge/share/multirobot_map_merge/launch/map_merge.launch.py
[29.676s] -- Installing: /home/group4/ros2_ws/install/multirobot_map_merge/share/multirobot_map_merge/launch/tb3_simulation
[29.676s] -- Installing: /home/group4/ros2_ws/install/multirobot_map_merge/share/multirobot_map_merge/launch/tb3_simulation/slam_toolbox.py
[29.676s] -- Installing: /home/group4/ros2_ws/install/multirobot_map_merge/share/multirobot_map_merge/launch/tb3_simulation/bringup_launch.py
[29.676s] -- Installing: /home/group4/ros2_ws/install/multirobot_map_merge/share/multirobot_map_merge/launch/tb3_simulation/tb3_simulation_launch.py
[29.676s] -- Installing: /home/group4/ros2_ws/install/multirobot_map_merge/share/multirobot_map_merge/launch/tb3_simulation/worlds
[29.676s] -- Installing: /home/group4/ros2_ws/install/multirobot_map_merge/share/multirobot_map_merge/launch/tb3_simulation/worlds/world_only.model
[29.676s] -- Installing: /home/group4/ros2_ws/install/multirobot_map_merge/share/multirobot_map_merge/launch/tb3_simulation/multi_tb3_simulation_launch.py
[29.676s] -- Installing: /home/group4/ros2_ws/install/multirobot_map_merge/share/multirobot_map_merge/launch/tb3_simulation/config
[29.677s] -- Installing: /home/group4/ros2_ws/install/multirobot_map_merge/share/multirobot_map_merge/launch/tb3_simulation/config/nav2_multirobot_params_2.yaml
[29.677s] -- Installing: /home/group4/ros2_ws/install/multirobot_map_merge/share/multirobot_map_merge/launch/tb3_simulation/config/nav2_multirobot_params_1.yaml
[29.677s] -- Installing: /home/group4/ros2_ws/install/multirobot_map_merge/share/multirobot_map_merge/config
[29.677s] -- Installing: /home/group4/ros2_ws/install/multirobot_map_merge/share/multirobot_map_merge/config/params.yaml
[29.677s] -- Installing: /home/group4/ros2_ws/install/multirobot_map_merge/lib/libcombine_grids.a
[29.677s] -- Installing: /home/group4/ros2_ws/install/multirobot_map_merge/lib/multirobot_map_merge/map_merge
[29.681s] -- Set runtime path of "/home/group4/ros2_ws/install/multirobot_map_merge/lib/multirobot_map_merge/map_merge" to ""
[29.681s] -- Installing: /home/group4/ros2_ws/install/multirobot_map_merge/share/multirobot_map_merge/environment/library_path.sh
[29.681s] -- Installing: /home/group4/ros2_ws/install/multirobot_map_merge/share/multirobot_map_merge/environment/library_path.dsv
[29.681s] -- Installing: /home/group4/ros2_ws/install/multirobot_map_merge/share/ament_index/resource_index/package_run_dependencies/multirobot_map_merge
[29.682s] -- Installing: /home/group4/ros2_ws/install/multirobot_map_merge/share/ament_index/resource_index/parent_prefix_path/multirobot_map_merge
[29.682s] -- Installing: /home/group4/ros2_ws/install/multirobot_map_merge/share/multirobot_map_merge/environment/ament_prefix_path.sh
[29.682s] -- Installing: /home/group4/ros2_ws/install/multirobot_map_merge/share/multirobot_map_merge/environment/ament_prefix_path.dsv
[29.682s] -- Installing: /home/group4/ros2_ws/install/multirobot_map_merge/share/multirobot_map_merge/environment/path.sh
[29.682s] -- Installing: /home/group4/ros2_ws/install/multirobot_map_merge/share/multirobot_map_merge/environment/path.dsv
[29.682s] -- Installing: /home/group4/ros2_ws/install/multirobot_map_merge/share/multirobot_map_merge/local_setup.bash
[29.682s] -- Installing: /home/group4/ros2_ws/install/multirobot_map_merge/share/multirobot_map_merge/local_setup.sh
[29.682s] -- Installing: /home/group4/ros2_ws/install/multirobot_map_merge/share/multirobot_map_merge/local_setup.zsh
[29.682s] -- Installing: /home/group4/ros2_ws/install/multirobot_map_merge/share/multirobot_map_merge/local_setup.dsv
[29.682s] -- Installing: /home/group4/ros2_ws/install/multirobot_map_merge/share/multirobot_map_merge/package.dsv
[29.682s] -- Installing: /home/group4/ros2_ws/install/multirobot_map_merge/share/ament_index/resource_index/packages/multirobot_map_merge
[29.682s] -- Installing: /home/group4/ros2_ws/install/multirobot_map_merge/share/multirobot_map_merge/cmake/ament_cmake_export_include_directories-extras.cmake
[29.682s] -- Installing: /home/group4/ros2_ws/install/multirobot_map_merge/share/multirobot_map_merge/cmake/ament_cmake_export_libraries-extras.cmake
[29.682s] -- Installing: /home/group4/ros2_ws/install/multirobot_map_merge/share/multirobot_map_merge/cmake/multirobot_map_mergeConfig.cmake
[29.682s] -- Installing: /home/group4/ros2_ws/install/multirobot_map_merge/share/multirobot_map_merge/cmake/multirobot_map_mergeConfig-version.cmake
[29.682s] -- Installing: /home/group4/ros2_ws/install/multirobot_map_merge/share/multirobot_map_merge/package.xml
[29.684s] Invoked command in '/home/group4/ros2_ws/build/multirobot_map_merge' returned '0': CMAKE_PREFIX_PATH=${CMAKE_PREFIX_PATH}:/home/group4/ros2_ws/install/teleop_leo:/home/group4/ros2_ws/install/real_leo:/home/group4/ros2_ws/install/my_leo:/home/group4/ros2_ws/install/gz_example_robot_description:/home/group4/ros2_ws/install/bt_demos:/home/group4/ros2_ws/install/autonomous_exploration:/home/group4/interbotix_ws/install/interbotix_xs_modules:/home/group4/interbotix_ws/install/interbotix_perception_modules:/home/group4/interbotix_ws/install/interbotix_common_modules:/opt/ros/humble /usr/bin/cmake --install /home/group4/ros2_ws/build/multirobot_map_merge
