[1.709s] Invoking command in '/home/mscrobotics2425laptop11/interbotix_ws/src/interbotix_ros_toolboxes/interbotix_common_toolbox/interbotix_common_modules': PYTHONPATH=/home/mscrobotics2425laptop11/interbotix_ws/build/interbotix_common_modules/prefix_override:/usr/lib/python3/dist-packages/colcon_core/task/python/colcon_distutils_commands:/home/mscrobotics2425laptop11/interbotix_ws/install/interbotix_common_modules/lib/python3.10/site-packages:${PYTHONPATH} /usr/bin/python3 -W ignore:setup.py install is deprecated -W ignore:easy_install command is deprecated setup.py egg_info --egg-base ../../../../build/interbotix_common_modules build --build-base /home/mscrobotics2425laptop11/interbotix_ws/build/interbotix_common_modules/build install --record /home/mscrobotics2425laptop11/interbotix_ws/build/interbotix_common_modules/install.log --single-version-externally-managed install_data
[2.406s] running egg_info
[2.408s] creating ../../../../build/interbotix_common_modules/interbotix_common_modules.egg-info
[2.408s] writing ../../../../build/interbotix_common_modules/interbotix_common_modules.egg-info/PKG-INFO
[2.409s] writing dependency_links to ../../../../build/interbotix_common_modules/interbotix_common_modules.egg-info/dependency_links.txt
[2.411s] writing entry points to ../../../../build/interbotix_common_modules/interbotix_common_modules.egg-info/entry_points.txt
[2.411s] writing requirements to ../../../../build/interbotix_common_modules/interbotix_common_modules.egg-info/requires.txt
[2.412s] writing top-level names to ../../../../build/interbotix_common_modules/interbotix_common_modules.egg-info/top_level.txt
[2.412s] writing manifest file '../../../../build/interbotix_common_modules/interbotix_common_modules.egg-info/SOURCES.txt'
[2.418s] reading manifest file '../../../../build/interbotix_common_modules/interbotix_common_modules.egg-info/SOURCES.txt'
[2.422s] writing manifest file '../../../../build/interbotix_common_modules/interbotix_common_modules.egg-info/SOURCES.txt'
[2.422s] running build
[2.422s] running build_py
[2.423s] creating /home/mscrobotics2425laptop11/interbotix_ws/build/interbotix_common_modules/build
[2.423s] creating /home/mscrobotics2425laptop11/interbotix_ws/build/interbotix_common_modules/build/lib
[2.424s] creating /home/mscrobotics2425laptop11/interbotix_ws/build/interbotix_common_modules/build/lib/interbotix_common_modules
[2.424s] copying interbotix_common_modules/__init__.py -> /home/mscrobotics2425laptop11/interbotix_ws/build/interbotix_common_modules/build/lib/interbotix_common_modules
[2.425s] creating /home/mscrobotics2425laptop11/interbotix_ws/build/interbotix_common_modules/build/lib/interbotix_common_modules/angle_manipulation
[2.425s] copying interbotix_common_modules/angle_manipulation/angle_manipulation.py -> /home/mscrobotics2425laptop11/interbotix_ws/build/interbotix_common_modules/build/lib/interbotix_common_modules/angle_manipulation
[2.425s] copying interbotix_common_modules/angle_manipulation/__init__.py -> /home/mscrobotics2425laptop11/interbotix_ws/build/interbotix_common_modules/build/lib/interbotix_common_modules/angle_manipulation
[2.426s] creating /home/mscrobotics2425laptop11/interbotix_ws/build/interbotix_common_modules/build/lib/interbotix_common_modules/common_robot
[2.426s] copying interbotix_common_modules/common_robot/exceptions.py -> /home/mscrobotics2425laptop11/interbotix_ws/build/interbotix_common_modules/build/lib/interbotix_common_modules/common_robot
[2.426s] copying interbotix_common_modules/common_robot/robot.py -> /home/mscrobotics2425laptop11/interbotix_ws/build/interbotix_common_modules/build/lib/interbotix_common_modules/common_robot
[2.427s] copying interbotix_common_modules/common_robot/__init__.py -> /home/mscrobotics2425laptop11/interbotix_ws/build/interbotix_common_modules/build/lib/interbotix_common_modules/common_robot
[2.428s] creating /home/mscrobotics2425laptop11/interbotix_ws/build/interbotix_common_modules/build/lib/interbotix_common_modules/py_common
[2.428s] copying interbotix_common_modules/py_common/params.py -> /home/mscrobotics2425laptop11/interbotix_ws/build/interbotix_common_modules/build/lib/interbotix_common_modules/py_common
[2.428s] copying interbotix_common_modules/py_common/__init__.py -> /home/mscrobotics2425laptop11/interbotix_ws/build/interbotix_common_modules/build/lib/interbotix_common_modules/py_common
[2.429s] creating /home/mscrobotics2425laptop11/interbotix_ws/build/interbotix_common_modules/build/lib/interbotix_common_modules/launch
[2.431s] copying interbotix_common_modules/launch/and_condition.py -> /home/mscrobotics2425laptop11/interbotix_ws/build/interbotix_common_modules/build/lib/interbotix_common_modules/launch
[2.431s] copying interbotix_common_modules/launch/__init__.py -> /home/mscrobotics2425laptop11/interbotix_ws/build/interbotix_common_modules/build/lib/interbotix_common_modules/launch
[2.431s] copying interbotix_common_modules/launch/or_condition.py -> /home/mscrobotics2425laptop11/interbotix_ws/build/interbotix_common_modules/build/lib/interbotix_common_modules/launch
[2.433s] running install
[2.434s] running install_lib
[2.438s] creating /home/mscrobotics2425laptop11/interbotix_ws/install/interbotix_common_modules/lib/python3.10/site-packages/interbotix_common_modules
[2.441s] creating /home/mscrobotics2425laptop11/interbotix_ws/install/interbotix_common_modules/lib/python3.10/site-packages/interbotix_common_modules/angle_manipulation
[2.442s] copying /home/mscrobotics2425laptop11/interbotix_ws/build/interbotix_common_modules/build/lib/interbotix_common_modules/angle_manipulation/angle_manipulation.py -> /home/mscrobotics2425laptop11/interbotix_ws/install/interbotix_common_modules/lib/python3.10/site-packages/interbotix_common_modules/angle_manipulation
[2.442s] copying /home/mscrobotics2425laptop11/interbotix_ws/build/interbotix_common_modules/build/lib/interbotix_common_modules/angle_manipulation/__init__.py -> /home/mscrobotics2425laptop11/interbotix_ws/install/interbotix_common_modules/lib/python3.10/site-packages/interbotix_common_modules/angle_manipulation
[2.444s] creating /home/mscrobotics2425laptop11/interbotix_ws/install/interbotix_common_modules/lib/python3.10/site-packages/interbotix_common_modules/common_robot
[2.444s] copying /home/mscrobotics2425laptop11/interbotix_ws/build/interbotix_common_modules/build/lib/interbotix_common_modules/common_robot/exceptions.py -> /home/mscrobotics2425laptop11/interbotix_ws/install/interbotix_common_modules/lib/python3.10/site-packages/interbotix_common_modules/common_robot
[2.444s] copying /home/mscrobotics2425laptop11/interbotix_ws/build/interbotix_common_modules/build/lib/interbotix_common_modules/common_robot/robot.py -> /home/mscrobotics2425laptop11/interbotix_ws/install/interbotix_common_modules/lib/python3.10/site-packages/interbotix_common_modules/common_robot
[2.444s] copying /home/mscrobotics2425laptop11/interbotix_ws/build/interbotix_common_modules/build/lib/interbotix_common_modules/common_robot/__init__.py -> /home/mscrobotics2425laptop11/interbotix_ws/install/interbotix_common_modules/lib/python3.10/site-packages/interbotix_common_modules/common_robot
[2.445s] creating /home/mscrobotics2425laptop11/interbotix_ws/install/interbotix_common_modules/lib/python3.10/site-packages/interbotix_common_modules/py_common
[2.445s] copying /home/mscrobotics2425laptop11/interbotix_ws/build/interbotix_common_modules/build/lib/interbotix_common_modules/py_common/params.py -> /home/mscrobotics2425laptop11/interbotix_ws/install/interbotix_common_modules/lib/python3.10/site-packages/interbotix_common_modules/py_common
[2.446s] copying /home/mscrobotics2425laptop11/interbotix_ws/build/interbotix_common_modules/build/lib/interbotix_common_modules/py_common/__init__.py -> /home/mscrobotics2425laptop11/interbotix_ws/install/interbotix_common_modules/lib/python3.10/site-packages/interbotix_common_modules/py_common
[2.447s] copying /home/mscrobotics2425laptop11/interbotix_ws/build/interbotix_common_modules/build/lib/interbotix_common_modules/__init__.py -> /home/mscrobotics2425laptop11/interbotix_ws/install/interbotix_common_modules/lib/python3.10/site-packages/interbotix_common_modules
[2.447s] creating /home/mscrobotics2425laptop11/interbotix_ws/install/interbotix_common_modules/lib/python3.10/site-packages/interbotix_common_modules/launch
[2.447s] copying /home/mscrobotics2425laptop11/interbotix_ws/build/interbotix_common_modules/build/lib/interbotix_common_modules/launch/and_condition.py -> /home/mscrobotics2425laptop11/interbotix_ws/install/interbotix_common_modules/lib/python3.10/site-packages/interbotix_common_modules/launch
[2.448s] copying /home/mscrobotics2425laptop11/interbotix_ws/build/interbotix_common_modules/build/lib/interbotix_common_modules/launch/__init__.py -> /home/mscrobotics2425laptop11/interbotix_ws/install/interbotix_common_modules/lib/python3.10/site-packages/interbotix_common_modules/launch
[2.448s] copying /home/mscrobotics2425laptop11/interbotix_ws/build/interbotix_common_modules/build/lib/interbotix_common_modules/launch/or_condition.py -> /home/mscrobotics2425laptop11/interbotix_ws/install/interbotix_common_modules/lib/python3.10/site-packages/interbotix_common_modules/launch
[2.448s] byte-compiling /home/mscrobotics2425laptop11/interbotix_ws/install/interbotix_common_modules/lib/python3.10/site-packages/interbotix_common_modules/angle_manipulation/angle_manipulation.py to angle_manipulation.cpython-310.pyc
[2.450s] byte-compiling /home/mscrobotics2425laptop11/interbotix_ws/install/interbotix_common_modules/lib/python3.10/site-packages/interbotix_common_modules/angle_manipulation/__init__.py to __init__.cpython-310.pyc
[2.451s] byte-compiling /home/mscrobotics2425laptop11/interbotix_ws/install/interbotix_common_modules/lib/python3.10/site-packages/interbotix_common_modules/common_robot/exceptions.py to exceptions.cpython-310.pyc
[2.452s] byte-compiling /home/mscrobotics2425laptop11/interbotix_ws/install/interbotix_common_modules/lib/python3.10/site-packages/interbotix_common_modules/common_robot/robot.py to robot.cpython-310.pyc
[2.456s] byte-compiling /home/mscrobotics2425laptop11/interbotix_ws/install/interbotix_common_modules/lib/python3.10/site-packages/interbotix_common_modules/common_robot/__init__.py to __init__.cpython-310.pyc
[2.458s] byte-compiling /home/mscrobotics2425laptop11/interbotix_ws/install/interbotix_common_modules/lib/python3.10/site-packages/interbotix_common_modules/py_common/params.py to params.cpython-310.pyc
[2.459s] byte-compiling /home/mscrobotics2425laptop11/interbotix_ws/install/interbotix_common_modules/lib/python3.10/site-packages/interbotix_common_modules/py_common/__init__.py to __init__.cpython-310.pyc
[2.461s] byte-compiling /home/mscrobotics2425laptop11/interbotix_ws/install/interbotix_common_modules/lib/python3.10/site-packages/interbotix_common_modules/__init__.py to __init__.cpython-310.pyc
[2.462s] byte-compiling /home/mscrobotics2425laptop11/interbotix_ws/install/interbotix_common_modules/lib/python3.10/site-packages/interbotix_common_modules/launch/and_condition.py to and_condition.cpython-310.pyc
[2.463s] byte-compiling /home/mscrobotics2425laptop11/interbotix_ws/install/interbotix_common_modules/lib/python3.10/site-packages/interbotix_common_modules/launch/__init__.py to __init__.cpython-310.pyc
[2.463s] byte-compiling /home/mscrobotics2425laptop11/interbotix_ws/install/interbotix_common_modules/lib/python3.10/site-packages/interbotix_common_modules/launch/or_condition.py to or_condition.cpython-310.pyc
[2.465s] running install_data
[2.466s] creating /home/mscrobotics2425laptop11/interbotix_ws/install/interbotix_common_modules/share/ament_index
[2.466s] creating /home/mscrobotics2425laptop11/interbotix_ws/install/interbotix_common_modules/share/ament_index/resource_index
[2.466s] creating /home/mscrobotics2425laptop11/interbotix_ws/install/interbotix_common_modules/share/ament_index/resource_index/packages
[2.466s] copying resource/interbotix_common_modules -> /home/mscrobotics2425laptop11/interbotix_ws/install/interbotix_common_modules/share/ament_index/resource_index/packages
[2.466s] copying package.xml -> /home/mscrobotics2425laptop11/interbotix_ws/install/interbotix_common_modules/share/interbotix_common_modules
[2.467s] running install_egg_info
[2.471s] Copying ../../../../build/interbotix_common_modules/interbotix_common_modules.egg-info to /home/mscrobotics2425laptop11/interbotix_ws/install/interbotix_common_modules/lib/python3.10/site-packages/interbotix_common_modules-0.0.0-py3.10.egg-info
[2.474s] running install_scripts
[2.548s] writing list of installed files to '/home/mscrobotics2425laptop11/interbotix_ws/build/interbotix_common_modules/install.log'
[2.622s] Invoked command in '/home/mscrobotics2425laptop11/interbotix_ws/src/interbotix_ros_toolboxes/interbotix_common_toolbox/interbotix_common_modules' returned '0': PYTHONPATH=/home/mscrobotics2425laptop11/interbotix_ws/build/interbotix_common_modules/prefix_override:/usr/lib/python3/dist-packages/colcon_core/task/python/colcon_distutils_commands:/home/mscrobotics2425laptop11/interbotix_ws/install/interbotix_common_modules/lib/python3.10/site-packages:${PYTHONPATH} /usr/bin/python3 -W ignore:setup.py install is deprecated -W ignore:easy_install command is deprecated setup.py egg_info --egg-base ../../../../build/interbotix_common_modules build --build-base /home/mscrobotics2425laptop11/interbotix_ws/build/interbotix_common_modules/build install --record /home/mscrobotics2425laptop11/interbotix_ws/build/interbotix_common_modules/install.log --single-version-externally-managed install_data
