[0.923s] Invoking command in '/home/mscrobotics2425laptop11/interbotix_ws/src/interbotix_ros_toolboxes/interbotix_perception_toolbox/interbotix_perception_modules': AMENT_PREFIX_PATH=/home/mscrobotics2425laptop11/interbotix_ws/install/interbotix_perception_pipelines:/home/mscrobotics2425laptop11/interbotix_ws/install/interbotix_xs_msgs:/home/mscrobotics2425laptop11/interbotix_ws/install/interbotix_perception_msgs:/home/mscrobotics2425laptop11/interbotix_ws/install/interbotix_common_modules:${AMENT_PREFIX_PATH} CMAKE_PREFIX_PATH=/home/mscrobotics2425laptop11/interbotix_ws/install/interbotix_perception_pipelines:/home/mscrobotics2425laptop11/interbotix_ws/install/interbotix_xs_msgs:/home/mscrobotics2425laptop11/interbotix_ws/install/interbotix_perception_msgs LD_LIBRARY_PATH=/home/mscrobotics2425laptop11/interbotix_ws/install/interbotix_xs_msgs/lib:/home/mscrobotics2425laptop11/interbotix_ws/install/interbotix_perception_msgs/lib:${LD_LIBRARY_PATH} PYTHONPATH=/home/mscrobotics2425laptop11/interbotix_ws/build/interbotix_perception_modules/prefix_override:/usr/lib/python3/dist-packages/colcon_core/task/python/colcon_distutils_commands:/home/mscrobotics2425laptop11/interbotix_ws/install/interbotix_perception_modules/lib/python3.10/site-packages:/home/mscrobotics2425laptop11/interbotix_ws/install/interbotix_xs_msgs/local/lib/python3.10/dist-packages:/home/mscrobotics2425laptop11/interbotix_ws/install/interbotix_perception_msgs/local/lib/python3.10/dist-packages:/home/mscrobotics2425laptop11/interbotix_ws/install/interbotix_common_modules/lib/python3.10/site-packages:${PYTHONPATH} /usr/bin/python3 -W ignore:setup.py install is deprecated -W ignore:easy_install command is deprecated setup.py egg_info --egg-base ../../../../build/interbotix_perception_modules build --build-base /home/mscrobotics2425laptop11/interbotix_ws/build/interbotix_perception_modules/build install --record /home/mscrobotics2425laptop11/interbotix_ws/build/interbotix_perception_modules/install.log --single-version-externally-managed install_data
[1.185s] running egg_info
[1.185s] writing ../../../../build/interbotix_perception_modules/interbotix_perception_modules.egg-info/PKG-INFO
[1.186s] writing dependency_links to ../../../../build/interbotix_perception_modules/interbotix_perception_modules.egg-info/dependency_links.txt
[1.186s] writing entry points to ../../../../build/interbotix_perception_modules/interbotix_perception_modules.egg-info/entry_points.txt
[1.186s] writing requirements to ../../../../build/interbotix_perception_modules/interbotix_perception_modules.egg-info/requires.txt
[1.187s] writing top-level names to ../../../../build/interbotix_perception_modules/interbotix_perception_modules.egg-info/top_level.txt
[1.189s] reading manifest file '../../../../build/interbotix_perception_modules/interbotix_perception_modules.egg-info/SOURCES.txt'
[1.192s] writing manifest file '../../../../build/interbotix_perception_modules/interbotix_perception_modules.egg-info/SOURCES.txt'
[1.192s] running build
[1.192s] running build_py
[1.195s] running install
[1.195s] running install_lib
[1.199s] running install_data
[1.200s] running install_egg_info
[1.206s] removing '/home/mscrobotics2425laptop11/interbotix_ws/install/interbotix_perception_modules/lib/python3.10/site-packages/interbotix_perception_modules-0.0.0-py3.10.egg-info' (and everything under it)
[1.207s] Copying ../../../../build/interbotix_perception_modules/interbotix_perception_modules.egg-info to /home/mscrobotics2425laptop11/interbotix_ws/install/interbotix_perception_modules/lib/python3.10/site-packages/interbotix_perception_modules-0.0.0-py3.10.egg-info
[1.210s] running install_scripts
[1.259s] Installing armtag_tuner_gui script to /home/mscrobotics2425laptop11/interbotix_ws/install/interbotix_perception_modules/lib/interbotix_perception_modules
[1.260s] Installing picture_snapper script to /home/mscrobotics2425laptop11/interbotix_ws/install/interbotix_perception_modules/lib/interbotix_perception_modules
[1.260s] Installing pointcloud_tuner_gui script to /home/mscrobotics2425laptop11/interbotix_ws/install/interbotix_perception_modules/lib/interbotix_perception_modules
[1.260s] writing list of installed files to '/home/mscrobotics2425laptop11/interbotix_ws/build/interbotix_perception_modules/install.log'
[1.298s] Invoked command in '/home/mscrobotics2425laptop11/interbotix_ws/src/interbotix_ros_toolboxes/interbotix_perception_toolbox/interbotix_perception_modules' returned '0': AMENT_PREFIX_PATH=/home/mscrobotics2425laptop11/interbotix_ws/install/interbotix_perception_pipelines:/home/mscrobotics2425laptop11/interbotix_ws/install/interbotix_xs_msgs:/home/mscrobotics2425laptop11/interbotix_ws/install/interbotix_perception_msgs:/home/mscrobotics2425laptop11/interbotix_ws/install/interbotix_common_modules:${AMENT_PREFIX_PATH} CMAKE_PREFIX_PATH=/home/mscrobotics2425laptop11/interbotix_ws/install/interbotix_perception_pipelines:/home/mscrobotics2425laptop11/interbotix_ws/install/interbotix_xs_msgs:/home/mscrobotics2425laptop11/interbotix_ws/install/interbotix_perception_msgs LD_LIBRARY_PATH=/home/mscrobotics2425laptop11/interbotix_ws/install/interbotix_xs_msgs/lib:/home/mscrobotics2425laptop11/interbotix_ws/install/interbotix_perception_msgs/lib:${LD_LIBRARY_PATH} PYTHONPATH=/home/mscrobotics2425laptop11/interbotix_ws/build/interbotix_perception_modules/prefix_override:/usr/lib/python3/dist-packages/colcon_core/task/python/colcon_distutils_commands:/home/mscrobotics2425laptop11/interbotix_ws/install/interbotix_perception_modules/lib/python3.10/site-packages:/home/mscrobotics2425laptop11/interbotix_ws/install/interbotix_xs_msgs/local/lib/python3.10/dist-packages:/home/mscrobotics2425laptop11/interbotix_ws/install/interbotix_perception_msgs/local/lib/python3.10/dist-packages:/home/mscrobotics2425laptop11/interbotix_ws/install/interbotix_common_modules/lib/python3.10/site-packages:${PYTHONPATH} /usr/bin/python3 -W ignore:setup.py install is deprecated -W ignore:easy_install command is deprecated setup.py egg_info --egg-base ../../../../build/interbotix_perception_modules build --build-base /home/mscrobotics2425laptop11/interbotix_ws/build/interbotix_perception_modules/build install --record /home/mscrobotics2425laptop11/interbotix_ws/build/interbotix_perception_modules/install.log --single-version-externally-managed install_data
