[0.067s] Invoking command in '/home/group4/ros2_ws/build/leo_teleop': CMAKE_PREFIX_PATH=${CMAKE_PREFIX_PATH}:/home/group4/ros2_ws/install/teleop_leo:/home/group4/ros2_ws/install/rplidar_ros:/home/group4/ros2_ws/install/real_leo:/home/group4/ros2_ws/install/my_leo:/home/group4/ros2_ws/install/gz_example_robot_description:/home/group4/ros2_ws/install/bt_demos:/home/group4/ros2_ws/install/autonomous_exploration:/home/group4/interbotix_ws/install/interbotix_xs_modules:/home/group4/interbotix_ws/install/interbotix_perception_modules:/home/group4/interbotix_ws/install/interbotix_common_modules:/opt/ros/humble /usr/bin/cmake --build /home/group4/ros2_ws/build/leo_teleop -- -j16 -l16
[1.216s] Invoked command in '/home/group4/ros2_ws/build/leo_teleop' returned '0': CMAKE_PREFIX_PATH=${CMAKE_PREFIX_PATH}:/home/group4/ros2_ws/install/teleop_leo:/home/group4/ros2_ws/install/rplidar_ros:/home/group4/ros2_ws/install/real_leo:/home/group4/ros2_ws/install/my_leo:/home/group4/ros2_ws/install/gz_example_robot_description:/home/group4/ros2_ws/install/bt_demos:/home/group4/ros2_ws/install/autonomous_exploration:/home/group4/interbotix_ws/install/interbotix_xs_modules:/home/group4/interbotix_ws/install/interbotix_perception_modules:/home/group4/interbotix_ws/install/interbotix_common_modules:/opt/ros/humble /usr/bin/cmake --build /home/group4/ros2_ws/build/leo_teleop -- -j16 -l16
[1.252s] Invoking command in '/home/group4/ros2_ws/build/leo_teleop': CMAKE_PREFIX_PATH=${CMAKE_PREFIX_PATH}:/home/group4/ros2_ws/install/teleop_leo:/home/group4/ros2_ws/install/rplidar_ros:/home/group4/ros2_ws/install/real_leo:/home/group4/ros2_ws/install/my_leo:/home/group4/ros2_ws/install/gz_example_robot_description:/home/group4/ros2_ws/install/bt_demos:/home/group4/ros2_ws/install/autonomous_exploration:/home/group4/interbotix_ws/install/interbotix_xs_modules:/home/group4/interbotix_ws/install/interbotix_perception_modules:/home/group4/interbotix_ws/install/interbotix_common_modules:/opt/ros/humble /usr/bin/cmake --install /home/group4/ros2_ws/build/leo_teleop
[1.274s] -- Install configuration: ""
[1.274s] -- Up-to-date: /home/group4/ros2_ws/install/leo_teleop/share/leo_teleop/config
[1.274s] -- Up-to-date: /home/group4/ros2_ws/install/leo_teleop/share/leo_teleop/config/joy_config.yaml
[1.274s] -- Up-to-date: /home/group4/ros2_ws/install/leo_teleop/share/leo_teleop/launch
[1.274s] -- Up-to-date: /home/group4/ros2_ws/install/leo_teleop/share/leo_teleop/launch/key_teleop.launch.xml
[1.274s] -- Up-to-date: /home/group4/ros2_ws/install/leo_teleop/share/leo_teleop/launch/joy_teleop.launch.xml
[1.274s] -- Up-to-date: /home/group4/ros2_ws/install/leo_teleop/share/ament_index/resource_index/package_run_dependencies/leo_teleop
[1.274s] -- Up-to-date: /home/group4/ros2_ws/install/leo_teleop/share/ament_index/resource_index/parent_prefix_path/leo_teleop
[1.274s] -- Up-to-date: /home/group4/ros2_ws/install/leo_teleop/share/leo_teleop/environment/ament_prefix_path.sh
[1.274s] -- Up-to-date: /home/group4/ros2_ws/install/leo_teleop/share/leo_teleop/environment/ament_prefix_path.dsv
[1.275s] -- Up-to-date: /home/group4/ros2_ws/install/leo_teleop/share/leo_teleop/environment/path.sh
[1.275s] -- Up-to-date: /home/group4/ros2_ws/install/leo_teleop/share/leo_teleop/environment/path.dsv
[1.275s] -- Up-to-date: /home/group4/ros2_ws/install/leo_teleop/share/leo_teleop/local_setup.bash
[1.275s] -- Up-to-date: /home/group4/ros2_ws/install/leo_teleop/share/leo_teleop/local_setup.sh
[1.275s] -- Up-to-date: /home/group4/ros2_ws/install/leo_teleop/share/leo_teleop/local_setup.zsh
[1.275s] -- Up-to-date: /home/group4/ros2_ws/install/leo_teleop/share/leo_teleop/local_setup.dsv
[1.275s] -- Installing: /home/group4/ros2_ws/install/leo_teleop/share/leo_teleop/package.dsv
[1.275s] -- Up-to-date: /home/group4/ros2_ws/install/leo_teleop/share/ament_index/resource_index/packages/leo_teleop
[1.275s] -- Up-to-date: /home/group4/ros2_ws/install/leo_teleop/share/leo_teleop/cmake/leo_teleopConfig.cmake
[1.275s] -- Up-to-date: /home/group4/ros2_ws/install/leo_teleop/share/leo_teleop/cmake/leo_teleopConfig-version.cmake
[1.275s] -- Up-to-date: /home/group4/ros2_ws/install/leo_teleop/share/leo_teleop/package.xml
[1.308s] Invoked command in '/home/group4/ros2_ws/build/leo_teleop' returned '0': CMAKE_PREFIX_PATH=${CMAKE_PREFIX_PATH}:/home/group4/ros2_ws/install/teleop_leo:/home/group4/ros2_ws/install/rplidar_ros:/home/group4/ros2_ws/install/real_leo:/home/group4/ros2_ws/install/my_leo:/home/group4/ros2_ws/install/gz_example_robot_description:/home/group4/ros2_ws/install/bt_demos:/home/group4/ros2_ws/install/autonomous_exploration:/home/group4/interbotix_ws/install/interbotix_xs_modules:/home/group4/interbotix_ws/install/interbotix_perception_modules:/home/group4/interbotix_ws/install/interbotix_common_modules:/opt/ros/humble /usr/bin/cmake --install /home/group4/ros2_ws/build/leo_teleop
