[0.077s] Invoking command in '/home/mscrobotics2425laptop11/interbotix_ws/build/interbotix_xs_msgs': CMAKE_PREFIX_PATH=/opt/ros/humble /usr/bin/cmake --build /home/mscrobotics2425laptop11/interbotix_ws/build/interbotix_xs_msgs -- -j12 -l12
[0.632s] [35m[1mConsolidate compiler generated dependencies of target interbotix_xs_msgs__rosidl_generator_c[0m
[0.632s] [  0%] Built target interbotix_xs_msgs__cpp
[0.634s] [ 12%] Built target interbotix_xs_msgs__rosidl_generator_c
[0.635s] [ 12%] Built target ament_cmake_python_copy_interbotix_xs_msgs
[0.635s] [35m[1mConsolidate compiler generated dependencies of target interbotix_xs_msgs__rosidl_typesupport_fastrtps_cpp[0m
[0.636s] [35m[1mConsolidate compiler generated dependencies of target interbotix_xs_msgs__rosidl_typesupport_c[0m
[0.636s] [35m[1mConsolidate compiler generated dependencies of target interbotix_xs_msgs__rosidl_typesupport_introspection_c[0m
[0.638s] [35m[1mConsolidate compiler generated dependencies of target interbotix_xs_msgs__rosidl_typesupport_cpp[0m
[0.638s] [35m[1mConsolidate compiler generated dependencies of target interbotix_xs_msgs__rosidl_typesupport_introspection_cpp[0m
[0.639s] [35m[1mConsolidate compiler generated dependencies of target interbotix_xs_msgs__rosidl_typesupport_fastrtps_c[0m
[0.639s] [ 33%] Built target interbotix_xs_msgs__rosidl_typesupport_introspection_c
[0.639s] [ 36%] Built target interbotix_xs_msgs__rosidl_typesupport_c
[0.640s] [ 48%] Built target interbotix_xs_msgs__rosidl_typesupport_fastrtps_cpp
[0.640s] [ 60%] Built target interbotix_xs_msgs__rosidl_typesupport_cpp
[0.640s] [ 72%] Built target interbotix_xs_msgs__rosidl_typesupport_fastrtps_c
[0.640s] [ 84%] Built target interbotix_xs_msgs__rosidl_typesupport_introspection_cpp
[0.640s] [ 84%] Built target interbotix_xs_msgs
[0.640s] [ 85%] Built target interbotix_xs_msgs__py
[0.640s] [35m[1mConsolidate compiler generated dependencies of target interbotix_xs_msgs__rosidl_generator_py[0m
[0.641s] [ 96%] Built target interbotix_xs_msgs__rosidl_generator_py
[0.641s] [35m[1mConsolidate compiler generated dependencies of target interbotix_xs_msgs__rosidl_typesupport_c__pyext[0m
[0.641s] [35m[1mConsolidate compiler generated dependencies of target interbotix_xs_msgs__rosidl_typesupport_fastrtps_c__pyext[0m
[0.641s] [35m[1mConsolidate compiler generated dependencies of target interbotix_xs_msgs__rosidl_typesupport_introspection_c__pyext[0m
[0.641s] [ 97%] Built target interbotix_xs_msgs__rosidl_typesupport_fastrtps_c__pyext
[0.641s] [ 99%] Built target interbotix_xs_msgs__rosidl_typesupport_introspection_c__pyext
[0.641s] [100%] Built target interbotix_xs_msgs__rosidl_typesupport_c__pyext
[0.641s] running egg_info
[0.641s] writing interbotix_xs_msgs.egg-info/PKG-INFO
[0.641s] writing dependency_links to interbotix_xs_msgs.egg-info/dependency_links.txt
[0.641s] writing top-level names to interbotix_xs_msgs.egg-info/top_level.txt
[0.641s] reading manifest file 'interbotix_xs_msgs.egg-info/SOURCES.txt'
[0.641s] writing manifest file 'interbotix_xs_msgs.egg-info/SOURCES.txt'
[0.642s] [100%] Built target ament_cmake_python_build_interbotix_xs_msgs_egg
[0.651s] Invoked command in '/home/mscrobotics2425laptop11/interbotix_ws/build/interbotix_xs_msgs' returned '0': CMAKE_PREFIX_PATH=/opt/ros/humble /usr/bin/cmake --build /home/mscrobotics2425laptop11/interbotix_ws/build/interbotix_xs_msgs -- -j12 -l12
[0.668s] Invoking command in '/home/mscrobotics2425laptop11/interbotix_ws/build/interbotix_xs_msgs': CMAKE_PREFIX_PATH=/opt/ros/humble /usr/bin/cmake --install /home/mscrobotics2425laptop11/interbotix_ws/build/interbotix_xs_msgs
[0.696s] -- Install configuration: ""
[0.697s] -- Up-to-date: /home/mscrobotics2425laptop11/interbotix_ws/install/interbotix_xs_msgs/share/ament_index/resource_index/rosidl_interfaces/interbotix_xs_msgs
[0.697s] -- Up-to-date: /home/mscrobotics2425laptop11/interbotix_ws/install/interbotix_xs_msgs/include/interbotix_xs_msgs/interbotix_xs_msgs
[0.703s] -- Up-to-date: /home/mscrobotics2425laptop11/interbotix_ws/install/interbotix_xs_msgs/include/interbotix_xs_msgs/interbotix_xs_msgs/msg
[0.703s] -- Up-to-date: /home/mscrobotics2425laptop11/interbotix_ws/install/interbotix_xs_msgs/include/interbotix_xs_msgs/interbotix_xs_msgs/msg/turret_joy.h
[0.703s] -- Up-to-date: /home/mscrobotics2425laptop11/interbotix_ws/install/interbotix_xs_msgs/include/interbotix_xs_msgs/interbotix_xs_msgs/msg/joint_single_command.h
[0.703s] -- Up-to-date: /home/mscrobotics2425laptop11/interbotix_ws/install/interbotix_xs_msgs/include/interbotix_xs_msgs/interbotix_xs_msgs/msg/rosidl_generator_c__visibility_control.h
[0.704s] -- Up-to-date: /home/mscrobotics2425laptop11/interbotix_ws/install/interbotix_xs_msgs/include/interbotix_xs_msgs/interbotix_xs_msgs/msg/joint_trajectory_command.h
[0.704s] -- Up-to-date: /home/mscrobotics2425laptop11/interbotix_ws/install/interbotix_xs_msgs/include/interbotix_xs_msgs/interbotix_xs_msgs/msg/detail
[0.704s] -- Up-to-date: /home/mscrobotics2425laptop11/interbotix_ws/install/interbotix_xs_msgs/include/interbotix_xs_msgs/interbotix_xs_msgs/msg/detail/joint_trajectory_command__struct.h
[0.704s] -- Up-to-date: /home/mscrobotics2425laptop11/interbotix_ws/install/interbotix_xs_msgs/include/interbotix_xs_msgs/interbotix_xs_msgs/msg/detail/joint_group_command__type_support.h
[0.705s] -- Up-to-date: /home/mscrobotics2425laptop11/interbotix_ws/install/interbotix_xs_msgs/include/interbotix_xs_msgs/interbotix_xs_msgs/msg/detail/joint_trajectory_command__type_support.h
[0.708s] -- Up-to-date: /home/mscrobotics2425laptop11/interbotix_ws/install/interbotix_xs_msgs/include/interbotix_xs_msgs/interbotix_xs_msgs/msg/detail/arm_joy__functions.c
[0.708s] -- Up-to-date: /home/mscrobotics2425laptop11/interbotix_ws/install/interbotix_xs_msgs/include/interbotix_xs_msgs/interbotix_xs_msgs/msg/detail/locobot_joy__struct.h
[0.708s] -- Up-to-date: /home/mscrobotics2425laptop11/interbotix_ws/install/interbotix_xs_msgs/include/interbotix_xs_msgs/interbotix_xs_msgs/msg/detail/turret_joy__functions.c
[0.709s] -- Up-to-date: /home/mscrobotics2425laptop11/interbotix_ws/install/interbotix_xs_msgs/include/interbotix_xs_msgs/interbotix_xs_msgs/msg/detail/joint_single_command__functions.c
[0.709s] -- Up-to-date: /home/mscrobotics2425laptop11/interbotix_ws/install/interbotix_xs_msgs/include/interbotix_xs_msgs/interbotix_xs_msgs/msg/detail/joint_group_command__functions.c
[0.709s] -- Up-to-date: /home/mscrobotics2425laptop11/interbotix_ws/install/interbotix_xs_msgs/include/interbotix_xs_msgs/interbotix_xs_msgs/msg/detail/joint_single_command__type_support.h
[0.709s] -- Up-to-date: /home/mscrobotics2425laptop11/interbotix_ws/install/interbotix_xs_msgs/include/interbotix_xs_msgs/interbotix_xs_msgs/msg/detail/joint_group_command__struct.h
[0.709s] -- Up-to-date: /home/mscrobotics2425laptop11/interbotix_ws/install/interbotix_xs_msgs/include/interbotix_xs_msgs/interbotix_xs_msgs/msg/detail/hex_joy__struct.h
[0.710s] -- Up-to-date: /home/mscrobotics2425laptop11/interbotix_ws/install/interbotix_xs_msgs/include/interbotix_xs_msgs/interbotix_xs_msgs/msg/detail/locobot_joy__functions.c
[0.710s] -- Up-to-date: /home/mscrobotics2425laptop11/interbotix_ws/install/interbotix_xs_msgs/include/interbotix_xs_msgs/interbotix_xs_msgs/msg/detail/joint_trajectory_command__functions.c
[0.710s] -- Up-to-date: /home/mscrobotics2425laptop11/interbotix_ws/install/interbotix_xs_msgs/include/interbotix_xs_msgs/interbotix_xs_msgs/msg/detail/joint_temps__functions.c
[0.718s] -- Up-to-date: /home/mscrobotics2425laptop11/interbotix_ws/install/interbotix_xs_msgs/include/interbotix_xs_msgs/interbotix_xs_msgs/msg/detail/joint_trajectory_command__functions.h
[0.721s] -- Up-to-date: /home/mscrobotics2425laptop11/interbotix_ws/install/interbotix_xs_msgs/include/interbotix_xs_msgs/interbotix_xs_msgs/msg/detail/locobot_joy__functions.h
[0.722s] -- Up-to-date: /home/mscrobotics2425laptop11/interbotix_ws/install/interbotix_xs_msgs/include/interbotix_xs_msgs/interbotix_xs_msgs/msg/detail/joint_group_command__functions.h
[0.723s] -- Up-to-date: /home/mscrobotics2425laptop11/interbotix_ws/install/interbotix_xs_msgs/include/interbotix_xs_msgs/interbotix_xs_msgs/msg/detail/arm_joy__struct.h
[0.723s] -- Up-to-date: /home/mscrobotics2425laptop11/interbotix_ws/install/interbotix_xs_msgs/include/interbotix_xs_msgs/interbotix_xs_msgs/msg/detail/locobot_joy__type_support.h
[0.725s] -- Up-to-date: /home/mscrobotics2425laptop11/interbotix_ws/install/interbotix_xs_msgs/include/interbotix_xs_msgs/interbotix_xs_msgs/msg/detail/arm_joy__functions.h
[0.725s] -- Up-to-date: /home/mscrobotics2425laptop11/interbotix_ws/install/interbotix_xs_msgs/include/interbotix_xs_msgs/interbotix_xs_msgs/msg/detail/joint_temps__type_support.h
[0.739s] -- Up-to-date: /home/mscrobotics2425laptop11/interbotix_ws/install/interbotix_xs_msgs/include/interbotix_xs_msgs/interbotix_xs_msgs/msg/detail/hex_joy__type_support.h
[0.740s] -- Up-to-date: /home/mscrobotics2425laptop11/interbotix_ws/install/interbotix_xs_msgs/include/interbotix_xs_msgs/interbotix_xs_msgs/msg/detail/hex_joy__functions.c
[0.740s] -- Up-to-date: /home/mscrobotics2425laptop11/interbotix_ws/install/interbotix_xs_msgs/include/interbotix_xs_msgs/interbotix_xs_msgs/msg/detail/joint_single_command__struct.h
[0.740s] -- Up-to-date: /home/mscrobotics2425laptop11/interbotix_ws/install/interbotix_xs_msgs/include/interbotix_xs_msgs/interbotix_xs_msgs/msg/detail/arm_joy__type_support.h
[0.740s] -- Up-to-date: /home/mscrobotics2425laptop11/interbotix_ws/install/interbotix_xs_msgs/include/interbotix_xs_msgs/interbotix_xs_msgs/msg/detail/hex_joy__functions.h
[0.741s] -- Up-to-date: /home/mscrobotics2425laptop11/interbotix_ws/install/interbotix_xs_msgs/include/interbotix_xs_msgs/interbotix_xs_msgs/msg/detail/turret_joy__struct.h
[0.741s] -- Up-to-date: /home/mscrobotics2425laptop11/interbotix_ws/install/interbotix_xs_msgs/include/interbotix_xs_msgs/interbotix_xs_msgs/msg/detail/joint_temps__struct.h
[0.741s] -- Up-to-date: /home/mscrobotics2425laptop11/interbotix_ws/install/interbotix_xs_msgs/include/interbotix_xs_msgs/interbotix_xs_msgs/msg/detail/turret_joy__type_support.h
[0.741s] -- Up-to-date: /home/mscrobotics2425laptop11/interbotix_ws/install/interbotix_xs_msgs/include/interbotix_xs_msgs/interbotix_xs_msgs/msg/detail/joint_single_command__functions.h
[0.741s] -- Up-to-date: /home/mscrobotics2425laptop11/interbotix_ws/install/interbotix_xs_msgs/include/interbotix_xs_msgs/interbotix_xs_msgs/msg/detail/turret_joy__functions.h
[0.741s] -- Up-to-date: /home/mscrobotics2425laptop11/interbotix_ws/install/interbotix_xs_msgs/include/interbotix_xs_msgs/interbotix_xs_msgs/msg/detail/joint_temps__functions.h
[0.742s] -- Up-to-date: /home/mscrobotics2425laptop11/interbotix_ws/install/interbotix_xs_msgs/include/interbotix_xs_msgs/interbotix_xs_msgs/msg/joint_group_command.h
[0.742s] -- Up-to-date: /home/mscrobotics2425laptop11/interbotix_ws/install/interbotix_xs_msgs/include/interbotix_xs_msgs/interbotix_xs_msgs/msg/joint_temps.h
[0.742s] -- Up-to-date: /home/mscrobotics2425laptop11/interbotix_ws/install/interbotix_xs_msgs/include/interbotix_xs_msgs/interbotix_xs_msgs/msg/hex_joy.h
[0.742s] -- Up-to-date: /home/mscrobotics2425laptop11/interbotix_ws/install/interbotix_xs_msgs/include/interbotix_xs_msgs/interbotix_xs_msgs/msg/arm_joy.h
[0.743s] -- Up-to-date: /home/mscrobotics2425laptop11/interbotix_ws/install/interbotix_xs_msgs/include/interbotix_xs_msgs/interbotix_xs_msgs/msg/locobot_joy.h
[0.743s] -- Up-to-date: /home/mscrobotics2425laptop11/interbotix_ws/install/interbotix_xs_msgs/include/interbotix_xs_msgs/interbotix_xs_msgs/srv
[0.748s] -- Up-to-date: /home/mscrobotics2425laptop11/interbotix_ws/install/interbotix_xs_msgs/include/interbotix_xs_msgs/interbotix_xs_msgs/srv/operating_modes.h
[0.748s] -- Up-to-date: /home/mscrobotics2425laptop11/interbotix_ws/install/interbotix_xs_msgs/include/interbotix_xs_msgs/interbotix_xs_msgs/srv/register_values.h
[0.749s] -- Up-to-date: /home/mscrobotics2425laptop11/interbotix_ws/install/interbotix_xs_msgs/include/interbotix_xs_msgs/interbotix_xs_msgs/srv/reboot.h
[0.749s] -- Up-to-date: /home/mscrobotics2425laptop11/interbotix_ws/install/interbotix_xs_msgs/include/interbotix_xs_msgs/interbotix_xs_msgs/srv/detail
[0.749s] -- Up-to-date: /home/mscrobotics2425laptop11/interbotix_ws/install/interbotix_xs_msgs/include/interbotix_xs_msgs/interbotix_xs_msgs/srv/detail/torque_enable__type_support.h
[0.749s] -- Up-to-date: /home/mscrobotics2425laptop11/interbotix_ws/install/interbotix_xs_msgs/include/interbotix_xs_msgs/interbotix_xs_msgs/srv/detail/motor_gains__functions.h
[0.749s] -- Up-to-date: /home/mscrobotics2425laptop11/interbotix_ws/install/interbotix_xs_msgs/include/interbotix_xs_msgs/interbotix_xs_msgs/srv/detail/operating_modes__functions.c
[0.750s] -- Up-to-date: /home/mscrobotics2425laptop11/interbotix_ws/install/interbotix_xs_msgs/include/interbotix_xs_msgs/interbotix_xs_msgs/srv/detail/operating_modes__type_support.h
[0.750s] -- Up-to-date: /home/mscrobotics2425laptop11/interbotix_ws/install/interbotix_xs_msgs/include/interbotix_xs_msgs/interbotix_xs_msgs/srv/detail/operating_modes__functions.h
[0.750s] -- Up-to-date: /home/mscrobotics2425laptop11/interbotix_ws/install/interbotix_xs_msgs/include/interbotix_xs_msgs/interbotix_xs_msgs/srv/detail/robot_info__functions.c
[0.754s] -- Up-to-date: /home/mscrobotics2425laptop11/interbotix_ws/install/interbotix_xs_msgs/include/interbotix_xs_msgs/interbotix_xs_msgs/srv/detail/reboot__functions.h
[0.754s] -- Up-to-date: /home/mscrobotics2425laptop11/interbotix_ws/install/interbotix_xs_msgs/include/interbotix_xs_msgs/interbotix_xs_msgs/srv/detail/reboot__struct.h
[0.754s] -- Up-to-date: /home/mscrobotics2425laptop11/interbotix_ws/install/interbotix_xs_msgs/include/interbotix_xs_msgs/interbotix_xs_msgs/srv/detail/register_values__struct.h
[0.754s] -- Up-to-date: /home/mscrobotics2425laptop11/interbotix_ws/install/interbotix_xs_msgs/include/interbotix_xs_msgs/interbotix_xs_msgs/srv/detail/torque_enable__functions.h
[0.755s] -- Up-to-date: /home/mscrobotics2425laptop11/interbotix_ws/install/interbotix_xs_msgs/include/interbotix_xs_msgs/interbotix_xs_msgs/srv/detail/register_values__type_support.h
[0.755s] -- Up-to-date: /home/mscrobotics2425laptop11/interbotix_ws/install/interbotix_xs_msgs/include/interbotix_xs_msgs/interbotix_xs_msgs/srv/detail/operating_modes__struct.h
[0.755s] -- Up-to-date: /home/mscrobotics2425laptop11/interbotix_ws/install/interbotix_xs_msgs/include/interbotix_xs_msgs/interbotix_xs_msgs/srv/detail/robot_info__type_support.h
[0.758s] -- Up-to-date: /home/mscrobotics2425laptop11/interbotix_ws/install/interbotix_xs_msgs/include/interbotix_xs_msgs/interbotix_xs_msgs/srv/detail/reboot__type_support.h
[0.759s] -- Up-to-date: /home/mscrobotics2425laptop11/interbotix_ws/install/interbotix_xs_msgs/include/interbotix_xs_msgs/interbotix_xs_msgs/srv/detail/torque_enable__struct.h
[0.759s] -- Up-to-date: /home/mscrobotics2425laptop11/interbotix_ws/install/interbotix_xs_msgs/include/interbotix_xs_msgs/interbotix_xs_msgs/srv/detail/motor_gains__type_support.h
[0.759s] -- Up-to-date: /home/mscrobotics2425laptop11/interbotix_ws/install/interbotix_xs_msgs/include/interbotix_xs_msgs/interbotix_xs_msgs/srv/detail/motor_gains__struct.h
[0.759s] -- Up-to-date: /home/mscrobotics2425laptop11/interbotix_ws/install/interbotix_xs_msgs/include/interbotix_xs_msgs/interbotix_xs_msgs/srv/detail/torque_enable__functions.c
[0.759s] -- Up-to-date: /home/mscrobotics2425laptop11/interbotix_ws/install/interbotix_xs_msgs/include/interbotix_xs_msgs/interbotix_xs_msgs/srv/detail/robot_info__struct.h
[0.760s] -- Up-to-date: /home/mscrobotics2425laptop11/interbotix_ws/install/interbotix_xs_msgs/include/interbotix_xs_msgs/interbotix_xs_msgs/srv/detail/motor_gains__functions.c
[0.760s] -- Up-to-date: /home/mscrobotics2425laptop11/interbotix_ws/install/interbotix_xs_msgs/include/interbotix_xs_msgs/interbotix_xs_msgs/srv/detail/register_values__functions.h
[0.760s] -- Up-to-date: /home/mscrobotics2425laptop11/interbotix_ws/install/interbotix_xs_msgs/include/interbotix_xs_msgs/interbotix_xs_msgs/srv/detail/robot_info__functions.h
[0.760s] -- Up-to-date: /home/mscrobotics2425laptop11/interbotix_ws/install/interbotix_xs_msgs/include/interbotix_xs_msgs/interbotix_xs_msgs/srv/detail/register_values__functions.c
[0.760s] -- Up-to-date: /home/mscrobotics2425laptop11/interbotix_ws/install/interbotix_xs_msgs/include/interbotix_xs_msgs/interbotix_xs_msgs/srv/detail/reboot__functions.c
[0.760s] -- Up-to-date: /home/mscrobotics2425laptop11/interbotix_ws/install/interbotix_xs_msgs/include/interbotix_xs_msgs/interbotix_xs_msgs/srv/robot_info.h
[0.761s] -- Up-to-date: /home/mscrobotics2425laptop11/interbotix_ws/install/interbotix_xs_msgs/include/interbotix_xs_msgs/interbotix_xs_msgs/srv/torque_enable.h
[0.761s] -- Up-to-date: /home/mscrobotics2425laptop11/interbotix_ws/install/interbotix_xs_msgs/include/interbotix_xs_msgs/interbotix_xs_msgs/srv/motor_gains.h
[0.761s] -- Up-to-date: /home/mscrobotics2425laptop11/interbotix_ws/install/interbotix_xs_msgs/share/interbotix_xs_msgs/environment/library_path.sh
[0.765s] -- Up-to-date: /home/mscrobotics2425laptop11/interbotix_ws/install/interbotix_xs_msgs/share/interbotix_xs_msgs/environment/library_path.dsv
[0.774s] -- Up-to-date: /home/mscrobotics2425laptop11/interbotix_ws/install/interbotix_xs_msgs/lib/libinterbotix_xs_msgs__rosidl_generator_c.so
[0.775s] -- Up-to-date: /home/mscrobotics2425laptop11/interbotix_ws/install/interbotix_xs_msgs/include/interbotix_xs_msgs/interbotix_xs_msgs
[0.775s] -- Up-to-date: /home/mscrobotics2425laptop11/interbotix_ws/install/interbotix_xs_msgs/include/interbotix_xs_msgs/interbotix_xs_msgs/msg
[0.794s] -- Up-to-date: /home/mscrobotics2425laptop11/interbotix_ws/install/interbotix_xs_msgs/include/interbotix_xs_msgs/interbotix_xs_msgs/msg/rosidl_typesupport_fastrtps_c__visibility_control.h
[0.795s] -- Up-to-date: /home/mscrobotics2425laptop11/interbotix_ws/install/interbotix_xs_msgs/include/interbotix_xs_msgs/interbotix_xs_msgs/msg/detail
[0.797s] -- Up-to-date: /home/mscrobotics2425laptop11/interbotix_ws/install/interbotix_xs_msgs/include/interbotix_xs_msgs/interbotix_xs_msgs/msg/detail/joint_single_command__rosidl_typesupport_fastrtps_c.h
[0.797s] -- Up-to-date: /home/mscrobotics2425laptop11/interbotix_ws/install/interbotix_xs_msgs/include/interbotix_xs_msgs/interbotix_xs_msgs/msg/detail/joint_temps__rosidl_typesupport_fastrtps_c.h
[0.797s] -- Up-to-date: /home/mscrobotics2425laptop11/interbotix_ws/install/interbotix_xs_msgs/include/interbotix_xs_msgs/interbotix_xs_msgs/msg/detail/hex_joy__rosidl_typesupport_fastrtps_c.h
[0.797s] -- Up-to-date: /home/mscrobotics2425laptop11/interbotix_ws/install/interbotix_xs_msgs/include/interbotix_xs_msgs/interbotix_xs_msgs/msg/detail/turret_joy__rosidl_typesupport_fastrtps_c.h
[0.798s] -- Up-to-date: /home/mscrobotics2425laptop11/interbotix_ws/install/interbotix_xs_msgs/include/interbotix_xs_msgs/interbotix_xs_msgs/msg/detail/arm_joy__rosidl_typesupport_fastrtps_c.h
[0.798s] -- Up-to-date: /home/mscrobotics2425laptop11/interbotix_ws/install/interbotix_xs_msgs/include/interbotix_xs_msgs/interbotix_xs_msgs/msg/detail/joint_trajectory_command__rosidl_typesupport_fastrtps_c.h
[0.798s] -- Up-to-date: /home/mscrobotics2425laptop11/interbotix_ws/install/interbotix_xs_msgs/include/interbotix_xs_msgs/interbotix_xs_msgs/msg/detail/joint_group_command__rosidl_typesupport_fastrtps_c.h
[0.799s] -- Up-to-date: /home/mscrobotics2425laptop11/interbotix_ws/install/interbotix_xs_msgs/include/interbotix_xs_msgs/interbotix_xs_msgs/msg/detail/locobot_joy__rosidl_typesupport_fastrtps_c.h
[0.799s] -- Up-to-date: /home/mscrobotics2425laptop11/interbotix_ws/install/interbotix_xs_msgs/include/interbotix_xs_msgs/interbotix_xs_msgs/srv
[0.799s] -- Up-to-date: /home/mscrobotics2425laptop11/interbotix_ws/install/interbotix_xs_msgs/include/interbotix_xs_msgs/interbotix_xs_msgs/srv/detail
[0.799s] -- Up-to-date: /home/mscrobotics2425laptop11/interbotix_ws/install/interbotix_xs_msgs/include/interbotix_xs_msgs/interbotix_xs_msgs/srv/detail/register_values__rosidl_typesupport_fastrtps_c.h
[0.802s] -- Up-to-date: /home/mscrobotics2425laptop11/interbotix_ws/install/interbotix_xs_msgs/include/interbotix_xs_msgs/interbotix_xs_msgs/srv/detail/robot_info__rosidl_typesupport_fastrtps_c.h
[0.803s] -- Up-to-date: /home/mscrobotics2425laptop11/interbotix_ws/install/interbotix_xs_msgs/include/interbotix_xs_msgs/interbotix_xs_msgs/srv/detail/operating_modes__rosidl_typesupport_fastrtps_c.h
[0.806s] -- Up-to-date: /home/mscrobotics2425laptop11/interbotix_ws/install/interbotix_xs_msgs/include/interbotix_xs_msgs/interbotix_xs_msgs/srv/detail/motor_gains__rosidl_typesupport_fastrtps_c.h
[0.808s] -- Up-to-date: /home/mscrobotics2425laptop11/interbotix_ws/install/interbotix_xs_msgs/include/interbotix_xs_msgs/interbotix_xs_msgs/srv/detail/torque_enable__rosidl_typesupport_fastrtps_c.h
[0.809s] -- Up-to-date: /home/mscrobotics2425laptop11/interbotix_ws/install/interbotix_xs_msgs/include/interbotix_xs_msgs/interbotix_xs_msgs/srv/detail/reboot__rosidl_typesupport_fastrtps_c.h
[0.809s] -- Up-to-date: /home/mscrobotics2425laptop11/interbotix_ws/install/interbotix_xs_msgs/lib/libinterbotix_xs_msgs__rosidl_typesupport_fastrtps_c.so
[0.809s] -- Up-to-date: /home/mscrobotics2425laptop11/interbotix_ws/install/interbotix_xs_msgs/include/interbotix_xs_msgs/interbotix_xs_msgs
[0.809s] -- Up-to-date: /home/mscrobotics2425laptop11/interbotix_ws/install/interbotix_xs_msgs/include/interbotix_xs_msgs/interbotix_xs_msgs/msg
[0.809s] -- Up-to-date: /home/mscrobotics2425laptop11/interbotix_ws/install/interbotix_xs_msgs/include/interbotix_xs_msgs/interbotix_xs_msgs/msg/rosidl_typesupport_introspection_c__visibility_control.h
[0.810s] -- Up-to-date: /home/mscrobotics2425laptop11/interbotix_ws/install/interbotix_xs_msgs/include/interbotix_xs_msgs/interbotix_xs_msgs/msg/detail
[0.810s] -- Up-to-date: /home/mscrobotics2425laptop11/interbotix_ws/install/interbotix_xs_msgs/include/interbotix_xs_msgs/interbotix_xs_msgs/msg/detail/joint_temps__type_support.c
[0.810s] -- Up-to-date: /home/mscrobotics2425laptop11/interbotix_ws/install/interbotix_xs_msgs/include/interbotix_xs_msgs/interbotix_xs_msgs/msg/detail/joint_single_command__type_support.c
[0.810s] -- Up-to-date: /home/mscrobotics2425laptop11/interbotix_ws/install/interbotix_xs_msgs/include/interbotix_xs_msgs/interbotix_xs_msgs/msg/detail/joint_group_command__type_support.c
[0.811s] -- Up-to-date: /home/mscrobotics2425laptop11/interbotix_ws/install/interbotix_xs_msgs/include/interbotix_xs_msgs/interbotix_xs_msgs/msg/detail/joint_group_command__rosidl_typesupport_introspection_c.h
[0.811s] -- Up-to-date: /home/mscrobotics2425laptop11/interbotix_ws/install/interbotix_xs_msgs/include/interbotix_xs_msgs/interbotix_xs_msgs/msg/detail/arm_joy__rosidl_typesupport_introspection_c.h
[0.811s] -- Up-to-date: /home/mscrobotics2425laptop11/interbotix_ws/install/interbotix_xs_msgs/include/interbotix_xs_msgs/interbotix_xs_msgs/msg/detail/locobot_joy__rosidl_typesupport_introspection_c.h
[0.811s] -- Up-to-date: /home/mscrobotics2425laptop11/interbotix_ws/install/interbotix_xs_msgs/include/interbotix_xs_msgs/interbotix_xs_msgs/msg/detail/hex_joy__rosidl_typesupport_introspection_c.h
[0.811s] -- Up-to-date: /home/mscrobotics2425laptop11/interbotix_ws/install/interbotix_xs_msgs/include/interbotix_xs_msgs/interbotix_xs_msgs/msg/detail/turret_joy__rosidl_typesupport_introspection_c.h
[0.816s] -- Up-to-date: /home/mscrobotics2425laptop11/interbotix_ws/install/interbotix_xs_msgs/include/interbotix_xs_msgs/interbotix_xs_msgs/msg/detail/joint_trajectory_command__rosidl_typesupport_introspection_c.h
[0.816s] -- Up-to-date: /home/mscrobotics2425laptop11/interbotix_ws/install/interbotix_xs_msgs/include/interbotix_xs_msgs/interbotix_xs_msgs/msg/detail/locobot_joy__type_support.c
[0.817s] -- Up-to-date: /home/mscrobotics2425laptop11/interbotix_ws/install/interbotix_xs_msgs/include/interbotix_xs_msgs/interbotix_xs_msgs/msg/detail/joint_single_command__rosidl_typesupport_introspection_c.h
[0.817s] -- Up-to-date: /home/mscrobotics2425laptop11/interbotix_ws/install/interbotix_xs_msgs/include/interbotix_xs_msgs/interbotix_xs_msgs/msg/detail/joint_temps__rosidl_typesupport_introspection_c.h
[0.817s] -- Up-to-date: /home/mscrobotics2425laptop11/interbotix_ws/install/interbotix_xs_msgs/include/interbotix_xs_msgs/interbotix_xs_msgs/msg/detail/hex_joy__type_support.c
[0.817s] -- Up-to-date: /home/mscrobotics2425laptop11/interbotix_ws/install/interbotix_xs_msgs/include/interbotix_xs_msgs/interbotix_xs_msgs/msg/detail/arm_joy__type_support.c
[0.817s] -- Up-to-date: /home/mscrobotics2425laptop11/interbotix_ws/install/interbotix_xs_msgs/include/interbotix_xs_msgs/interbotix_xs_msgs/msg/detail/joint_trajectory_command__type_support.c
[0.818s] -- Up-to-date: /home/mscrobotics2425laptop11/interbotix_ws/install/interbotix_xs_msgs/include/interbotix_xs_msgs/interbotix_xs_msgs/msg/detail/turret_joy__type_support.c
[0.818s] -- Up-to-date: /home/mscrobotics2425laptop11/interbotix_ws/install/interbotix_xs_msgs/include/interbotix_xs_msgs/interbotix_xs_msgs/srv
[0.818s] -- Up-to-date: /home/mscrobotics2425laptop11/interbotix_ws/install/interbotix_xs_msgs/include/interbotix_xs_msgs/interbotix_xs_msgs/srv/detail
[0.818s] -- Up-to-date: /home/mscrobotics2425laptop11/interbotix_ws/install/interbotix_xs_msgs/include/interbotix_xs_msgs/interbotix_xs_msgs/srv/detail/operating_modes__rosidl_typesupport_introspection_c.h
[0.818s] -- Up-to-date: /home/mscrobotics2425laptop11/interbotix_ws/install/interbotix_xs_msgs/include/interbotix_xs_msgs/interbotix_xs_msgs/srv/detail/reboot__rosidl_typesupport_introspection_c.h
[0.818s] -- Up-to-date: /home/mscrobotics2425laptop11/interbotix_ws/install/interbotix_xs_msgs/include/interbotix_xs_msgs/interbotix_xs_msgs/srv/detail/operating_modes__type_support.c
[0.819s] -- Up-to-date: /home/mscrobotics2425laptop11/interbotix_ws/install/interbotix_xs_msgs/include/interbotix_xs_msgs/interbotix_xs_msgs/srv/detail/motor_gains__type_support.c
[0.819s] -- Up-to-date: /home/mscrobotics2425laptop11/interbotix_ws/install/interbotix_xs_msgs/include/interbotix_xs_msgs/interbotix_xs_msgs/srv/detail/register_values__rosidl_typesupport_introspection_c.h
[0.819s] -- Up-to-date: /home/mscrobotics2425laptop11/interbotix_ws/install/interbotix_xs_msgs/include/interbotix_xs_msgs/interbotix_xs_msgs/srv/detail/reboot__type_support.c
[0.824s] -- Up-to-date: /home/mscrobotics2425laptop11/interbotix_ws/install/interbotix_xs_msgs/include/interbotix_xs_msgs/interbotix_xs_msgs/srv/detail/motor_gains__rosidl_typesupport_introspection_c.h
[0.824s] -- Up-to-date: /home/mscrobotics2425laptop11/interbotix_ws/install/interbotix_xs_msgs/include/interbotix_xs_msgs/interbotix_xs_msgs/srv/detail/robot_info__rosidl_typesupport_introspection_c.h
[0.824s] -- Up-to-date: /home/mscrobotics2425laptop11/interbotix_ws/install/interbotix_xs_msgs/include/interbotix_xs_msgs/interbotix_xs_msgs/srv/detail/robot_info__type_support.c
[0.824s] -- Up-to-date: /home/mscrobotics2425laptop11/interbotix_ws/install/interbotix_xs_msgs/include/interbotix_xs_msgs/interbotix_xs_msgs/srv/detail/torque_enable__rosidl_typesupport_introspection_c.h
[0.825s] -- Up-to-date: /home/mscrobotics2425laptop11/interbotix_ws/install/interbotix_xs_msgs/include/interbotix_xs_msgs/interbotix_xs_msgs/srv/detail/register_values__type_support.c
[0.825s] -- Up-to-date: /home/mscrobotics2425laptop11/interbotix_ws/install/interbotix_xs_msgs/include/interbotix_xs_msgs/interbotix_xs_msgs/srv/detail/torque_enable__type_support.c
[0.825s] -- Up-to-date: /home/mscrobotics2425laptop11/interbotix_ws/install/interbotix_xs_msgs/lib/libinterbotix_xs_msgs__rosidl_typesupport_introspection_c.so
[0.825s] -- Up-to-date: /home/mscrobotics2425laptop11/interbotix_ws/install/interbotix_xs_msgs/lib/libinterbotix_xs_msgs__rosidl_typesupport_c.so
[0.825s] -- Up-to-date: /home/mscrobotics2425laptop11/interbotix_ws/install/interbotix_xs_msgs/include/interbotix_xs_msgs/interbotix_xs_msgs
[0.826s] -- Up-to-date: /home/mscrobotics2425laptop11/interbotix_ws/install/interbotix_xs_msgs/include/interbotix_xs_msgs/interbotix_xs_msgs/msg
[0.826s] -- Up-to-date: /home/mscrobotics2425laptop11/interbotix_ws/install/interbotix_xs_msgs/include/interbotix_xs_msgs/interbotix_xs_msgs/msg/rosidl_generator_cpp__visibility_control.hpp
[0.826s] -- Up-to-date: /home/mscrobotics2425laptop11/interbotix_ws/install/interbotix_xs_msgs/include/interbotix_xs_msgs/interbotix_xs_msgs/msg/hex_joy.hpp
[0.826s] -- Up-to-date: /home/mscrobotics2425laptop11/interbotix_ws/install/interbotix_xs_msgs/include/interbotix_xs_msgs/interbotix_xs_msgs/msg/joint_temps.hpp
[0.826s] -- Up-to-date: /home/mscrobotics2425laptop11/interbotix_ws/install/interbotix_xs_msgs/include/interbotix_xs_msgs/interbotix_xs_msgs/msg/turret_joy.hpp
[0.827s] -- Up-to-date: /home/mscrobotics2425laptop11/interbotix_ws/install/interbotix_xs_msgs/include/interbotix_xs_msgs/interbotix_xs_msgs/msg/locobot_joy.hpp
[0.827s] -- Up-to-date: /home/mscrobotics2425laptop11/interbotix_ws/install/interbotix_xs_msgs/include/interbotix_xs_msgs/interbotix_xs_msgs/msg/joint_group_command.hpp
[0.827s] -- Up-to-date: /home/mscrobotics2425laptop11/interbotix_ws/install/interbotix_xs_msgs/include/interbotix_xs_msgs/interbotix_xs_msgs/msg/arm_joy.hpp
[0.833s] -- Up-to-date: /home/mscrobotics2425laptop11/interbotix_ws/install/interbotix_xs_msgs/include/interbotix_xs_msgs/interbotix_xs_msgs/msg/joint_trajectory_command.hpp
[0.833s] -- Up-to-date: /home/mscrobotics2425laptop11/interbotix_ws/install/interbotix_xs_msgs/include/interbotix_xs_msgs/interbotix_xs_msgs/msg/detail
[0.833s] -- Up-to-date: /home/mscrobotics2425laptop11/interbotix_ws/install/interbotix_xs_msgs/include/interbotix_xs_msgs/interbotix_xs_msgs/msg/detail/arm_joy__type_support.hpp
[0.833s] -- Up-to-date: /home/mscrobotics2425laptop11/interbotix_ws/install/interbotix_xs_msgs/include/interbotix_xs_msgs/interbotix_xs_msgs/msg/detail/joint_single_command__type_support.hpp
[0.865s] -- Up-to-date: /home/mscrobotics2425laptop11/interbotix_ws/install/interbotix_xs_msgs/include/interbotix_xs_msgs/interbotix_xs_msgs/msg/detail/turret_joy__traits.hpp
[0.866s] -- Up-to-date: /home/mscrobotics2425laptop11/interbotix_ws/install/interbotix_xs_msgs/include/interbotix_xs_msgs/interbotix_xs_msgs/msg/detail/locobot_joy__struct.hpp
[0.866s] -- Up-to-date: /home/mscrobotics2425laptop11/interbotix_ws/install/interbotix_xs_msgs/include/interbotix_xs_msgs/interbotix_xs_msgs/msg/detail/arm_joy__traits.hpp
[0.866s] -- Up-to-date: /home/mscrobotics2425laptop11/interbotix_ws/install/interbotix_xs_msgs/include/interbotix_xs_msgs/interbotix_xs_msgs/msg/detail/hex_joy__struct.hpp
[0.866s] -- Up-to-date: /home/mscrobotics2425laptop11/interbotix_ws/install/interbotix_xs_msgs/include/interbotix_xs_msgs/interbotix_xs_msgs/msg/detail/arm_joy__struct.hpp
[0.867s] -- Up-to-date: /home/mscrobotics2425laptop11/interbotix_ws/install/interbotix_xs_msgs/include/interbotix_xs_msgs/interbotix_xs_msgs/msg/detail/locobot_joy__type_support.hpp
[0.867s] -- Up-to-date: /home/mscrobotics2425laptop11/interbotix_ws/install/interbotix_xs_msgs/include/interbotix_xs_msgs/interbotix_xs_msgs/msg/detail/joint_group_command__builder.hpp
[0.867s] -- Up-to-date: /home/mscrobotics2425laptop11/interbotix_ws/install/interbotix_xs_msgs/include/interbotix_xs_msgs/interbotix_xs_msgs/msg/detail/turret_joy__builder.hpp
[0.867s] -- Up-to-date: /home/mscrobotics2425laptop11/interbotix_ws/install/interbotix_xs_msgs/include/interbotix_xs_msgs/interbotix_xs_msgs/msg/detail/joint_temps__type_support.hpp
[0.867s] -- Up-to-date: /home/mscrobotics2425laptop11/interbotix_ws/install/interbotix_xs_msgs/include/interbotix_xs_msgs/interbotix_xs_msgs/msg/detail/joint_temps__struct.hpp
[0.868s] -- Up-to-date: /home/mscrobotics2425laptop11/interbotix_ws/install/interbotix_xs_msgs/include/interbotix_xs_msgs/interbotix_xs_msgs/msg/detail/joint_trajectory_command__builder.hpp
[0.868s] -- Up-to-date: /home/mscrobotics2425laptop11/interbotix_ws/install/interbotix_xs_msgs/include/interbotix_xs_msgs/interbotix_xs_msgs/msg/detail/joint_temps__traits.hpp
[0.868s] -- Up-to-date: /home/mscrobotics2425laptop11/interbotix_ws/install/interbotix_xs_msgs/include/interbotix_xs_msgs/interbotix_xs_msgs/msg/detail/joint_trajectory_command__struct.hpp
[0.868s] -- Up-to-date: /home/mscrobotics2425laptop11/interbotix_ws/install/interbotix_xs_msgs/include/interbotix_xs_msgs/interbotix_xs_msgs/msg/detail/locobot_joy__builder.hpp
[0.868s] -- Up-to-date: /home/mscrobotics2425laptop11/interbotix_ws/install/interbotix_xs_msgs/include/interbotix_xs_msgs/interbotix_xs_msgs/msg/detail/turret_joy__type_support.hpp
[0.869s] -- Up-to-date: /home/mscrobotics2425laptop11/interbotix_ws/install/interbotix_xs_msgs/include/interbotix_xs_msgs/interbotix_xs_msgs/msg/detail/joint_temps__builder.hpp
[0.872s] -- Up-to-date: /home/mscrobotics2425laptop11/interbotix_ws/install/interbotix_xs_msgs/include/interbotix_xs_msgs/interbotix_xs_msgs/msg/detail/joint_single_command__traits.hpp
[0.872s] -- Up-to-date: /home/mscrobotics2425laptop11/interbotix_ws/install/interbotix_xs_msgs/include/interbotix_xs_msgs/interbotix_xs_msgs/msg/detail/joint_trajectory_command__traits.hpp
[0.872s] -- Up-to-date: /home/mscrobotics2425laptop11/interbotix_ws/install/interbotix_xs_msgs/include/interbotix_xs_msgs/interbotix_xs_msgs/msg/detail/joint_group_command__traits.hpp
[0.873s] -- Up-to-date: /home/mscrobotics2425laptop11/interbotix_ws/install/interbotix_xs_msgs/include/interbotix_xs_msgs/interbotix_xs_msgs/msg/detail/joint_group_command__struct.hpp
[0.873s] -- Up-to-date: /home/mscrobotics2425laptop11/interbotix_ws/install/interbotix_xs_msgs/include/interbotix_xs_msgs/interbotix_xs_msgs/msg/detail/joint_trajectory_command__type_support.hpp
[0.873s] -- Up-to-date: /home/mscrobotics2425laptop11/interbotix_ws/install/interbotix_xs_msgs/include/interbotix_xs_msgs/interbotix_xs_msgs/msg/detail/arm_joy__builder.hpp
[0.873s] -- Up-to-date: /home/mscrobotics2425laptop11/interbotix_ws/install/interbotix_xs_msgs/include/interbotix_xs_msgs/interbotix_xs_msgs/msg/detail/hex_joy__traits.hpp
[0.873s] -- Up-to-date: /home/mscrobotics2425laptop11/interbotix_ws/install/interbotix_xs_msgs/include/interbotix_xs_msgs/interbotix_xs_msgs/msg/detail/joint_single_command__builder.hpp
[0.874s] -- Up-to-date: /home/mscrobotics2425laptop11/interbotix_ws/install/interbotix_xs_msgs/include/interbotix_xs_msgs/interbotix_xs_msgs/msg/detail/joint_single_command__struct.hpp
[0.874s] -- Up-to-date: /home/mscrobotics2425laptop11/interbotix_ws/install/interbotix_xs_msgs/include/interbotix_xs_msgs/interbotix_xs_msgs/msg/detail/hex_joy__builder.hpp
[0.875s] -- Up-to-date: /home/mscrobotics2425laptop11/interbotix_ws/install/interbotix_xs_msgs/include/interbotix_xs_msgs/interbotix_xs_msgs/msg/detail/joint_group_command__type_support.hpp
[0.875s] -- Up-to-date: /home/mscrobotics2425laptop11/interbotix_ws/install/interbotix_xs_msgs/include/interbotix_xs_msgs/interbotix_xs_msgs/msg/detail/turret_joy__struct.hpp
[0.876s] -- Up-to-date: /home/mscrobotics2425laptop11/interbotix_ws/install/interbotix_xs_msgs/include/interbotix_xs_msgs/interbotix_xs_msgs/msg/detail/locobot_joy__traits.hpp
[0.879s] -- Up-to-date: /home/mscrobotics2425laptop11/interbotix_ws/install/interbotix_xs_msgs/include/interbotix_xs_msgs/interbotix_xs_msgs/msg/detail/hex_joy__type_support.hpp
[0.882s] -- Up-to-date: /home/mscrobotics2425laptop11/interbotix_ws/install/interbotix_xs_msgs/include/interbotix_xs_msgs/interbotix_xs_msgs/msg/joint_single_command.hpp
[0.882s] -- Up-to-date: /home/mscrobotics2425laptop11/interbotix_ws/install/interbotix_xs_msgs/include/interbotix_xs_msgs/interbotix_xs_msgs/srv
[0.882s] -- Up-to-date: /home/mscrobotics2425laptop11/interbotix_ws/install/interbotix_xs_msgs/include/interbotix_xs_msgs/interbotix_xs_msgs/srv/operating_modes.hpp
[0.883s] -- Up-to-date: /home/mscrobotics2425laptop11/interbotix_ws/install/interbotix_xs_msgs/include/interbotix_xs_msgs/interbotix_xs_msgs/srv/reboot.hpp
[0.883s] -- Up-to-date: /home/mscrobotics2425laptop11/interbotix_ws/install/interbotix_xs_msgs/include/interbotix_xs_msgs/interbotix_xs_msgs/srv/motor_gains.hpp
[0.883s] -- Up-to-date: /home/mscrobotics2425laptop11/interbotix_ws/install/interbotix_xs_msgs/include/interbotix_xs_msgs/interbotix_xs_msgs/srv/torque_enable.hpp
[0.883s] -- Up-to-date: /home/mscrobotics2425laptop11/interbotix_ws/install/interbotix_xs_msgs/include/interbotix_xs_msgs/interbotix_xs_msgs/srv/register_values.hpp
[0.883s] -- Up-to-date: /home/mscrobotics2425laptop11/interbotix_ws/install/interbotix_xs_msgs/include/interbotix_xs_msgs/interbotix_xs_msgs/srv/detail
[0.883s] -- Up-to-date: /home/mscrobotics2425laptop11/interbotix_ws/install/interbotix_xs_msgs/include/interbotix_xs_msgs/interbotix_xs_msgs/srv/detail/reboot__builder.hpp
[0.883s] -- Up-to-date: /home/mscrobotics2425laptop11/interbotix_ws/install/interbotix_xs_msgs/include/interbotix_xs_msgs/interbotix_xs_msgs/srv/detail/operating_modes__builder.hpp
[0.883s] -- Up-to-date: /home/mscrobotics2425laptop11/interbotix_ws/install/interbotix_xs_msgs/include/interbotix_xs_msgs/interbotix_xs_msgs/srv/detail/motor_gains__type_support.hpp
[0.884s] -- Up-to-date: /home/mscrobotics2425laptop11/interbotix_ws/install/interbotix_xs_msgs/include/interbotix_xs_msgs/interbotix_xs_msgs/srv/detail/operating_modes__traits.hpp
[0.884s] -- Up-to-date: /home/mscrobotics2425laptop11/interbotix_ws/install/interbotix_xs_msgs/include/interbotix_xs_msgs/interbotix_xs_msgs/srv/detail/reboot__traits.hpp
[0.884s] -- Up-to-date: /home/mscrobotics2425laptop11/interbotix_ws/install/interbotix_xs_msgs/include/interbotix_xs_msgs/interbotix_xs_msgs/srv/detail/reboot__struct.hpp
[0.885s] -- Up-to-date: /home/mscrobotics2425laptop11/interbotix_ws/install/interbotix_xs_msgs/include/interbotix_xs_msgs/interbotix_xs_msgs/srv/detail/torque_enable__struct.hpp
[0.885s] -- Up-to-date: /home/mscrobotics2425laptop11/interbotix_ws/install/interbotix_xs_msgs/include/interbotix_xs_msgs/interbotix_xs_msgs/srv/detail/reboot__type_support.hpp
[0.886s] -- Up-to-date: /home/mscrobotics2425laptop11/interbotix_ws/install/interbotix_xs_msgs/include/interbotix_xs_msgs/interbotix_xs_msgs/srv/detail/operating_modes__struct.hpp
[0.887s] -- Up-to-date: /home/mscrobotics2425laptop11/interbotix_ws/install/interbotix_xs_msgs/include/interbotix_xs_msgs/interbotix_xs_msgs/srv/detail/register_values__type_support.hpp
[0.887s] -- Up-to-date: /home/mscrobotics2425laptop11/interbotix_ws/install/interbotix_xs_msgs/include/interbotix_xs_msgs/interbotix_xs_msgs/srv/detail/motor_gains__builder.hpp
[0.887s] -- Up-to-date: /home/mscrobotics2425laptop11/interbotix_ws/install/interbotix_xs_msgs/include/interbotix_xs_msgs/interbotix_xs_msgs/srv/detail/robot_info__traits.hpp
[0.888s] -- Up-to-date: /home/mscrobotics2425laptop11/interbotix_ws/install/interbotix_xs_msgs/include/interbotix_xs_msgs/interbotix_xs_msgs/srv/detail/torque_enable__type_support.hpp
[0.888s] -- Up-to-date: /home/mscrobotics2425laptop11/interbotix_ws/install/interbotix_xs_msgs/include/interbotix_xs_msgs/interbotix_xs_msgs/srv/detail/register_values__traits.hpp
[0.891s] -- Up-to-date: /home/mscrobotics2425laptop11/interbotix_ws/install/interbotix_xs_msgs/include/interbotix_xs_msgs/interbotix_xs_msgs/srv/detail/robot_info__builder.hpp
[0.891s] -- Up-to-date: /home/mscrobotics2425laptop11/interbotix_ws/install/interbotix_xs_msgs/include/interbotix_xs_msgs/interbotix_xs_msgs/srv/detail/register_values__struct.hpp
[0.891s] -- Up-to-date: /home/mscrobotics2425laptop11/interbotix_ws/install/interbotix_xs_msgs/include/interbotix_xs_msgs/interbotix_xs_msgs/srv/detail/motor_gains__traits.hpp
[0.891s] -- Up-to-date: /home/mscrobotics2425laptop11/interbotix_ws/install/interbotix_xs_msgs/include/interbotix_xs_msgs/interbotix_xs_msgs/srv/detail/robot_info__struct.hpp
[0.891s] -- Up-to-date: /home/mscrobotics2425laptop11/interbotix_ws/install/interbotix_xs_msgs/include/interbotix_xs_msgs/interbotix_xs_msgs/srv/detail/operating_modes__type_support.hpp
[0.892s] -- Up-to-date: /home/mscrobotics2425laptop11/interbotix_ws/install/interbotix_xs_msgs/include/interbotix_xs_msgs/interbotix_xs_msgs/srv/detail/torque_enable__traits.hpp
[0.892s] -- Up-to-date: /home/mscrobotics2425laptop11/interbotix_ws/install/interbotix_xs_msgs/include/interbotix_xs_msgs/interbotix_xs_msgs/srv/detail/robot_info__type_support.hpp
[0.892s] -- Up-to-date: /home/mscrobotics2425laptop11/interbotix_ws/install/interbotix_xs_msgs/include/interbotix_xs_msgs/interbotix_xs_msgs/srv/detail/motor_gains__struct.hpp
[0.892s] -- Up-to-date: /home/mscrobotics2425laptop11/interbotix_ws/install/interbotix_xs_msgs/include/interbotix_xs_msgs/interbotix_xs_msgs/srv/detail/register_values__builder.hpp
[0.892s] -- Up-to-date: /home/mscrobotics2425laptop11/interbotix_ws/install/interbotix_xs_msgs/include/interbotix_xs_msgs/interbotix_xs_msgs/srv/detail/torque_enable__builder.hpp
[0.892s] -- Up-to-date: /home/mscrobotics2425laptop11/interbotix_ws/install/interbotix_xs_msgs/include/interbotix_xs_msgs/interbotix_xs_msgs/srv/robot_info.hpp
[0.892s] -- Up-to-date: /home/mscrobotics2425laptop11/interbotix_ws/install/interbotix_xs_msgs/include/interbotix_xs_msgs/interbotix_xs_msgs
[0.892s] -- Up-to-date: /home/mscrobotics2425laptop11/interbotix_ws/install/interbotix_xs_msgs/include/interbotix_xs_msgs/interbotix_xs_msgs/msg
[0.892s] -- Up-to-date: /home/mscrobotics2425laptop11/interbotix_ws/install/interbotix_xs_msgs/include/interbotix_xs_msgs/interbotix_xs_msgs/msg/rosidl_typesupport_fastrtps_cpp__visibility_control.h
[0.892s] -- Up-to-date: /home/mscrobotics2425laptop11/interbotix_ws/install/interbotix_xs_msgs/include/interbotix_xs_msgs/interbotix_xs_msgs/msg/detail
[0.892s] -- Up-to-date: /home/mscrobotics2425laptop11/interbotix_ws/install/interbotix_xs_msgs/include/interbotix_xs_msgs/interbotix_xs_msgs/msg/detail/joint_single_command__rosidl_typesupport_fastrtps_cpp.hpp
[0.893s] -- Up-to-date: /home/mscrobotics2425laptop11/interbotix_ws/install/interbotix_xs_msgs/include/interbotix_xs_msgs/interbotix_xs_msgs/msg/detail/joint_trajectory_command__rosidl_typesupport_fastrtps_cpp.hpp
[0.893s] -- Up-to-date: /home/mscrobotics2425laptop11/interbotix_ws/install/interbotix_xs_msgs/include/interbotix_xs_msgs/interbotix_xs_msgs/msg/detail/joint_group_command__rosidl_typesupport_fastrtps_cpp.hpp
[0.893s] -- Up-to-date: /home/mscrobotics2425laptop11/interbotix_ws/install/interbotix_xs_msgs/include/interbotix_xs_msgs/interbotix_xs_msgs/msg/detail/arm_joy__rosidl_typesupport_fastrtps_cpp.hpp
[0.893s] -- Up-to-date: /home/mscrobotics2425laptop11/interbotix_ws/install/interbotix_xs_msgs/include/interbotix_xs_msgs/interbotix_xs_msgs/msg/detail/hex_joy__rosidl_typesupport_fastrtps_cpp.hpp
[0.893s] -- Up-to-date: /home/mscrobotics2425laptop11/interbotix_ws/install/interbotix_xs_msgs/include/interbotix_xs_msgs/interbotix_xs_msgs/msg/detail/joint_temps__rosidl_typesupport_fastrtps_cpp.hpp
[0.893s] -- Up-to-date: /home/mscrobotics2425laptop11/interbotix_ws/install/interbotix_xs_msgs/include/interbotix_xs_msgs/interbotix_xs_msgs/msg/detail/locobot_joy__rosidl_typesupport_fastrtps_cpp.hpp
[0.893s] -- Up-to-date: /home/mscrobotics2425laptop11/interbotix_ws/install/interbotix_xs_msgs/include/interbotix_xs_msgs/interbotix_xs_msgs/msg/detail/turret_joy__rosidl_typesupport_fastrtps_cpp.hpp
[0.893s] -- Up-to-date: /home/mscrobotics2425laptop11/interbotix_ws/install/interbotix_xs_msgs/include/interbotix_xs_msgs/interbotix_xs_msgs/msg/detail/dds_fastrtps
[0.893s] -- Up-to-date: /home/mscrobotics2425laptop11/interbotix_ws/install/interbotix_xs_msgs/include/interbotix_xs_msgs/interbotix_xs_msgs/srv
[0.893s] -- Up-to-date: /home/mscrobotics2425laptop11/interbotix_ws/install/interbotix_xs_msgs/include/interbotix_xs_msgs/interbotix_xs_msgs/srv/detail
[0.893s] -- Up-to-date: /home/mscrobotics2425laptop11/interbotix_ws/install/interbotix_xs_msgs/include/interbotix_xs_msgs/interbotix_xs_msgs/srv/detail/register_values__rosidl_typesupport_fastrtps_cpp.hpp
[0.893s] -- Up-to-date: /home/mscrobotics2425laptop11/interbotix_ws/install/interbotix_xs_msgs/include/interbotix_xs_msgs/interbotix_xs_msgs/srv/detail/motor_gains__rosidl_typesupport_fastrtps_cpp.hpp
[0.894s] -- Up-to-date: /home/mscrobotics2425laptop11/interbotix_ws/install/interbotix_xs_msgs/include/interbotix_xs_msgs/interbotix_xs_msgs/srv/detail/robot_info__rosidl_typesupport_fastrtps_cpp.hpp
[0.894s] -- Up-to-date: /home/mscrobotics2425laptop11/interbotix_ws/install/interbotix_xs_msgs/include/interbotix_xs_msgs/interbotix_xs_msgs/srv/detail/operating_modes__rosidl_typesupport_fastrtps_cpp.hpp
[0.894s] -- Up-to-date: /home/mscrobotics2425laptop11/interbotix_ws/install/interbotix_xs_msgs/include/interbotix_xs_msgs/interbotix_xs_msgs/srv/detail/torque_enable__rosidl_typesupport_fastrtps_cpp.hpp
[0.894s] -- Up-to-date: /home/mscrobotics2425laptop11/interbotix_ws/install/interbotix_xs_msgs/include/interbotix_xs_msgs/interbotix_xs_msgs/srv/detail/reboot__rosidl_typesupport_fastrtps_cpp.hpp
[0.894s] -- Up-to-date: /home/mscrobotics2425laptop11/interbotix_ws/install/interbotix_xs_msgs/include/interbotix_xs_msgs/interbotix_xs_msgs/srv/detail/dds_fastrtps
[0.894s] -- Up-to-date: /home/mscrobotics2425laptop11/interbotix_ws/install/interbotix_xs_msgs/lib/libinterbotix_xs_msgs__rosidl_typesupport_fastrtps_cpp.so
[0.896s] -- Up-to-date: /home/mscrobotics2425laptop11/interbotix_ws/install/interbotix_xs_msgs/include/interbotix_xs_msgs/interbotix_xs_msgs
[0.896s] -- Up-to-date: /home/mscrobotics2425laptop11/interbotix_ws/install/interbotix_xs_msgs/include/interbotix_xs_msgs/interbotix_xs_msgs/msg
[0.896s] -- Up-to-date: /home/mscrobotics2425laptop11/interbotix_ws/install/interbotix_xs_msgs/include/interbotix_xs_msgs/interbotix_xs_msgs/msg/detail
[0.897s] -- Up-to-date: /home/mscrobotics2425laptop11/interbotix_ws/install/interbotix_xs_msgs/include/interbotix_xs_msgs/interbotix_xs_msgs/msg/detail/hex_joy__rosidl_typesupport_introspection_cpp.hpp
[0.897s] -- Up-to-date: /home/mscrobotics2425laptop11/interbotix_ws/install/interbotix_xs_msgs/include/interbotix_xs_msgs/interbotix_xs_msgs/msg/detail/joint_group_command__type_support.cpp
[0.897s] -- Up-to-date: /home/mscrobotics2425laptop11/interbotix_ws/install/interbotix_xs_msgs/include/interbotix_xs_msgs/interbotix_xs_msgs/msg/detail/joint_trajectory_command__rosidl_typesupport_introspection_cpp.hpp
[0.898s] -- Up-to-date: /home/mscrobotics2425laptop11/interbotix_ws/install/interbotix_xs_msgs/include/interbotix_xs_msgs/interbotix_xs_msgs/msg/detail/joint_temps__rosidl_typesupport_introspection_cpp.hpp
[0.899s] -- Up-to-date: /home/mscrobotics2425laptop11/interbotix_ws/install/interbotix_xs_msgs/include/interbotix_xs_msgs/interbotix_xs_msgs/msg/detail/locobot_joy__type_support.cpp
[0.900s] -- Up-to-date: /home/mscrobotics2425laptop11/interbotix_ws/install/interbotix_xs_msgs/include/interbotix_xs_msgs/interbotix_xs_msgs/msg/detail/joint_single_command__rosidl_typesupport_introspection_cpp.hpp
[0.900s] -- Up-to-date: /home/mscrobotics2425laptop11/interbotix_ws/install/interbotix_xs_msgs/include/interbotix_xs_msgs/interbotix_xs_msgs/msg/detail/joint_temps__type_support.cpp
[0.900s] -- Up-to-date: /home/mscrobotics2425laptop11/interbotix_ws/install/interbotix_xs_msgs/include/interbotix_xs_msgs/interbotix_xs_msgs/msg/detail/joint_single_command__type_support.cpp
[0.901s] -- Up-to-date: /home/mscrobotics2425laptop11/interbotix_ws/install/interbotix_xs_msgs/include/interbotix_xs_msgs/interbotix_xs_msgs/msg/detail/arm_joy__rosidl_typesupport_introspection_cpp.hpp
[0.901s] -- Up-to-date: /home/mscrobotics2425laptop11/interbotix_ws/install/interbotix_xs_msgs/include/interbotix_xs_msgs/interbotix_xs_msgs/msg/detail/turret_joy__type_support.cpp
[0.901s] -- Up-to-date: /home/mscrobotics2425laptop11/interbotix_ws/install/interbotix_xs_msgs/include/interbotix_xs_msgs/interbotix_xs_msgs/msg/detail/hex_joy__type_support.cpp
[0.902s] -- Up-to-date: /home/mscrobotics2425laptop11/interbotix_ws/install/interbotix_xs_msgs/include/interbotix_xs_msgs/interbotix_xs_msgs/msg/detail/joint_group_command__rosidl_typesupport_introspection_cpp.hpp
[0.904s] -- Up-to-date: /home/mscrobotics2425laptop11/interbotix_ws/install/interbotix_xs_msgs/include/interbotix_xs_msgs/interbotix_xs_msgs/msg/detail/joint_trajectory_command__type_support.cpp
[0.905s] -- Up-to-date: /home/mscrobotics2425laptop11/interbotix_ws/install/interbotix_xs_msgs/include/interbotix_xs_msgs/interbotix_xs_msgs/msg/detail/locobot_joy__rosidl_typesupport_introspection_cpp.hpp
[0.905s] -- Up-to-date: /home/mscrobotics2425laptop11/interbotix_ws/install/interbotix_xs_msgs/include/interbotix_xs_msgs/interbotix_xs_msgs/msg/detail/arm_joy__type_support.cpp
[0.905s] -- Up-to-date: /home/mscrobotics2425laptop11/interbotix_ws/install/interbotix_xs_msgs/include/interbotix_xs_msgs/interbotix_xs_msgs/msg/detail/turret_joy__rosidl_typesupport_introspection_cpp.hpp
[0.905s] -- Up-to-date: /home/mscrobotics2425laptop11/interbotix_ws/install/interbotix_xs_msgs/include/interbotix_xs_msgs/interbotix_xs_msgs/srv
[0.906s] -- Up-to-date: /home/mscrobotics2425laptop11/interbotix_ws/install/interbotix_xs_msgs/include/interbotix_xs_msgs/interbotix_xs_msgs/srv/detail
[0.906s] -- Up-to-date: /home/mscrobotics2425laptop11/interbotix_ws/install/interbotix_xs_msgs/include/interbotix_xs_msgs/interbotix_xs_msgs/srv/detail/motor_gains__rosidl_typesupport_introspection_cpp.hpp
[0.907s] -- Up-to-date: /home/mscrobotics2425laptop11/interbotix_ws/install/interbotix_xs_msgs/include/interbotix_xs_msgs/interbotix_xs_msgs/srv/detail/operating_modes__type_support.cpp
[0.908s] -- Up-to-date: /home/mscrobotics2425laptop11/interbotix_ws/install/interbotix_xs_msgs/include/interbotix_xs_msgs/interbotix_xs_msgs/srv/detail/robot_info__type_support.cpp
[0.909s] -- Up-to-date: /home/mscrobotics2425laptop11/interbotix_ws/install/interbotix_xs_msgs/include/interbotix_xs_msgs/interbotix_xs_msgs/srv/detail/robot_info__rosidl_typesupport_introspection_cpp.hpp
[0.909s] -- Up-to-date: /home/mscrobotics2425laptop11/interbotix_ws/install/interbotix_xs_msgs/include/interbotix_xs_msgs/interbotix_xs_msgs/srv/detail/reboot__type_support.cpp
[0.911s] -- Up-to-date: /home/mscrobotics2425laptop11/interbotix_ws/install/interbotix_xs_msgs/include/interbotix_xs_msgs/interbotix_xs_msgs/srv/detail/motor_gains__type_support.cpp
[0.911s] -- Up-to-date: /home/mscrobotics2425laptop11/interbotix_ws/install/interbotix_xs_msgs/include/interbotix_xs_msgs/interbotix_xs_msgs/srv/detail/reboot__rosidl_typesupport_introspection_cpp.hpp
[0.911s] -- Up-to-date: /home/mscrobotics2425laptop11/interbotix_ws/install/interbotix_xs_msgs/include/interbotix_xs_msgs/interbotix_xs_msgs/srv/detail/torque_enable__rosidl_typesupport_introspection_cpp.hpp
[0.911s] -- Up-to-date: /home/mscrobotics2425laptop11/interbotix_ws/install/interbotix_xs_msgs/include/interbotix_xs_msgs/interbotix_xs_msgs/srv/detail/operating_modes__rosidl_typesupport_introspection_cpp.hpp
[0.913s] -- Up-to-date: /home/mscrobotics2425laptop11/interbotix_ws/install/interbotix_xs_msgs/include/interbotix_xs_msgs/interbotix_xs_msgs/srv/detail/torque_enable__type_support.cpp
[0.913s] -- Up-to-date: /home/mscrobotics2425laptop11/interbotix_ws/install/interbotix_xs_msgs/include/interbotix_xs_msgs/interbotix_xs_msgs/srv/detail/register_values__type_support.cpp
[0.917s] -- Up-to-date: /home/mscrobotics2425laptop11/interbotix_ws/install/interbotix_xs_msgs/include/interbotix_xs_msgs/interbotix_xs_msgs/srv/detail/register_values__rosidl_typesupport_introspection_cpp.hpp
[0.917s] -- Up-to-date: /home/mscrobotics2425laptop11/interbotix_ws/install/interbotix_xs_msgs/lib/libinterbotix_xs_msgs__rosidl_typesupport_introspection_cpp.so
[0.918s] -- Up-to-date: /home/mscrobotics2425laptop11/interbotix_ws/install/interbotix_xs_msgs/lib/libinterbotix_xs_msgs__rosidl_typesupport_cpp.so
[0.918s] -- Up-to-date: /home/mscrobotics2425laptop11/interbotix_ws/install/interbotix_xs_msgs/share/interbotix_xs_msgs/environment/pythonpath.sh
[0.918s] -- Up-to-date: /home/mscrobotics2425laptop11/interbotix_ws/install/interbotix_xs_msgs/share/interbotix_xs_msgs/environment/pythonpath.dsv
[0.919s] -- Up-to-date: /home/mscrobotics2425laptop11/interbotix_ws/install/interbotix_xs_msgs/local/lib/python3.10/dist-packages/interbotix_xs_msgs-0.0.0-py3.10.egg-info
[0.919s] -- Installing: /home/mscrobotics2425laptop11/interbotix_ws/install/interbotix_xs_msgs/local/lib/python3.10/dist-packages/interbotix_xs_msgs-0.0.0-py3.10.egg-info/SOURCES.txt
[0.920s] -- Installing: /home/mscrobotics2425laptop11/interbotix_ws/install/interbotix_xs_msgs/local/lib/python3.10/dist-packages/interbotix_xs_msgs-0.0.0-py3.10.egg-info/dependency_links.txt
[0.920s] -- Installing: /home/mscrobotics2425laptop11/interbotix_ws/install/interbotix_xs_msgs/local/lib/python3.10/dist-packages/interbotix_xs_msgs-0.0.0-py3.10.egg-info/top_level.txt
[0.920s] -- Installing: /home/mscrobotics2425laptop11/interbotix_ws/install/interbotix_xs_msgs/local/lib/python3.10/dist-packages/interbotix_xs_msgs-0.0.0-py3.10.egg-info/PKG-INFO
[0.921s] -- Up-to-date: /home/mscrobotics2425laptop11/interbotix_ws/install/interbotix_xs_msgs/local/lib/python3.10/dist-packages/interbotix_xs_msgs
[0.921s] -- Up-to-date: /home/mscrobotics2425laptop11/interbotix_ws/install/interbotix_xs_msgs/local/lib/python3.10/dist-packages/interbotix_xs_msgs/_interbotix_xs_msgs_s.ep.rosidl_typesupport_fastrtps_c.c
[0.922s] -- Up-to-date: /home/mscrobotics2425laptop11/interbotix_ws/install/interbotix_xs_msgs/local/lib/python3.10/dist-packages/interbotix_xs_msgs/libinterbotix_xs_msgs__rosidl_generator_py.so
[0.922s] -- Up-to-date: /home/mscrobotics2425laptop11/interbotix_ws/install/interbotix_xs_msgs/local/lib/python3.10/dist-packages/interbotix_xs_msgs/_interbotix_xs_msgs_s.ep.rosidl_typesupport_c.c
[0.922s] -- Up-to-date: /home/mscrobotics2425laptop11/interbotix_ws/install/interbotix_xs_msgs/local/lib/python3.10/dist-packages/interbotix_xs_msgs/interbotix_xs_msgs_s__rosidl_typesupport_introspection_c.cpython-310-x86_64-linux-gnu.so
[0.923s] -- Up-to-date: /home/mscrobotics2425laptop11/interbotix_ws/install/interbotix_xs_msgs/local/lib/python3.10/dist-packages/interbotix_xs_msgs/_interbotix_xs_msgs_s.ep.rosidl_typesupport_introspection_c.c
[0.923s] -- Up-to-date: /home/mscrobotics2425laptop11/interbotix_ws/install/interbotix_xs_msgs/local/lib/python3.10/dist-packages/interbotix_xs_msgs/msg
[0.923s] -- Up-to-date: /home/mscrobotics2425laptop11/interbotix_ws/install/interbotix_xs_msgs/local/lib/python3.10/dist-packages/interbotix_xs_msgs/msg/_joint_trajectory_command.py
[0.924s] -- Up-to-date: /home/mscrobotics2425laptop11/interbotix_ws/install/interbotix_xs_msgs/local/lib/python3.10/dist-packages/interbotix_xs_msgs/msg/_joint_temps_s.c
[0.924s] -- Up-to-date: /home/mscrobotics2425laptop11/interbotix_ws/install/interbotix_xs_msgs/local/lib/python3.10/dist-packages/interbotix_xs_msgs/msg/_turret_joy_s.c
[0.924s] -- Up-to-date: /home/mscrobotics2425laptop11/interbotix_ws/install/interbotix_xs_msgs/local/lib/python3.10/dist-packages/interbotix_xs_msgs/msg/_joint_single_command.py
[0.925s] -- Up-to-date: /home/mscrobotics2425laptop11/interbotix_ws/install/interbotix_xs_msgs/local/lib/python3.10/dist-packages/interbotix_xs_msgs/msg/_turret_joy.py
[0.925s] -- Up-to-date: /home/mscrobotics2425laptop11/interbotix_ws/install/interbotix_xs_msgs/local/lib/python3.10/dist-packages/interbotix_xs_msgs/msg/_joint_group_command.py
[0.926s] -- Up-to-date: /home/mscrobotics2425laptop11/interbotix_ws/install/interbotix_xs_msgs/local/lib/python3.10/dist-packages/interbotix_xs_msgs/msg/_locobot_joy_s.c
[0.926s] -- Up-to-date: /home/mscrobotics2425laptop11/interbotix_ws/install/interbotix_xs_msgs/local/lib/python3.10/dist-packages/interbotix_xs_msgs/msg/_hex_joy.py
[0.927s] -- Up-to-date: /home/mscrobotics2425laptop11/interbotix_ws/install/interbotix_xs_msgs/local/lib/python3.10/dist-packages/interbotix_xs_msgs/msg/_arm_joy.py
[0.927s] -- Up-to-date: /home/mscrobotics2425laptop11/interbotix_ws/install/interbotix_xs_msgs/local/lib/python3.10/dist-packages/interbotix_xs_msgs/msg/__init__.py
[0.927s] -- Up-to-date: /home/mscrobotics2425laptop11/interbotix_ws/install/interbotix_xs_msgs/local/lib/python3.10/dist-packages/interbotix_xs_msgs/msg/_joint_single_command_s.c
[0.928s] -- Up-to-date: /home/mscrobotics2425laptop11/interbotix_ws/install/interbotix_xs_msgs/local/lib/python3.10/dist-packages/interbotix_xs_msgs/msg/_locobot_joy.py
[0.928s] -- Up-to-date: /home/mscrobotics2425laptop11/interbotix_ws/install/interbotix_xs_msgs/local/lib/python3.10/dist-packages/interbotix_xs_msgs/msg/_arm_joy_s.c
[0.928s] -- Up-to-date: /home/mscrobotics2425laptop11/interbotix_ws/install/interbotix_xs_msgs/local/lib/python3.10/dist-packages/interbotix_xs_msgs/msg/_joint_trajectory_command_s.c
[0.928s] -- Up-to-date: /home/mscrobotics2425laptop11/interbotix_ws/install/interbotix_xs_msgs/local/lib/python3.10/dist-packages/interbotix_xs_msgs/msg/_joint_group_command_s.c
[0.929s] -- Up-to-date: /home/mscrobotics2425laptop11/interbotix_ws/install/interbotix_xs_msgs/local/lib/python3.10/dist-packages/interbotix_xs_msgs/msg/_hex_joy_s.c
[0.929s] -- Up-to-date: /home/mscrobotics2425laptop11/interbotix_ws/install/interbotix_xs_msgs/local/lib/python3.10/dist-packages/interbotix_xs_msgs/msg/_joint_temps.py
[0.930s] -- Up-to-date: /home/mscrobotics2425laptop11/interbotix_ws/install/interbotix_xs_msgs/local/lib/python3.10/dist-packages/interbotix_xs_msgs/srv
[0.930s] -- Up-to-date: /home/mscrobotics2425laptop11/interbotix_ws/install/interbotix_xs_msgs/local/lib/python3.10/dist-packages/interbotix_xs_msgs/srv/_robot_info.py
[0.930s] -- Up-to-date: /home/mscrobotics2425laptop11/interbotix_ws/install/interbotix_xs_msgs/local/lib/python3.10/dist-packages/interbotix_xs_msgs/srv/_operating_modes_s.c
[0.931s] -- Up-to-date: /home/mscrobotics2425laptop11/interbotix_ws/install/interbotix_xs_msgs/local/lib/python3.10/dist-packages/interbotix_xs_msgs/srv/_register_values.py
[0.931s] -- Up-to-date: /home/mscrobotics2425laptop11/interbotix_ws/install/interbotix_xs_msgs/local/lib/python3.10/dist-packages/interbotix_xs_msgs/srv/_reboot.py
[0.931s] -- Up-to-date: /home/mscrobotics2425laptop11/interbotix_ws/install/interbotix_xs_msgs/local/lib/python3.10/dist-packages/interbotix_xs_msgs/srv/_robot_info_s.c
[0.931s] -- Up-to-date: /home/mscrobotics2425laptop11/interbotix_ws/install/interbotix_xs_msgs/local/lib/python3.10/dist-packages/interbotix_xs_msgs/srv/_register_values_s.c
[0.932s] -- Up-to-date: /home/mscrobotics2425laptop11/interbotix_ws/install/interbotix_xs_msgs/local/lib/python3.10/dist-packages/interbotix_xs_msgs/srv/_operating_modes.py
[0.932s] -- Up-to-date: /home/mscrobotics2425laptop11/interbotix_ws/install/interbotix_xs_msgs/local/lib/python3.10/dist-packages/interbotix_xs_msgs/srv/_motor_gains.py
[0.932s] -- Up-to-date: /home/mscrobotics2425laptop11/interbotix_ws/install/interbotix_xs_msgs/local/lib/python3.10/dist-packages/interbotix_xs_msgs/srv/__init__.py
[0.932s] -- Up-to-date: /home/mscrobotics2425laptop11/interbotix_ws/install/interbotix_xs_msgs/local/lib/python3.10/dist-packages/interbotix_xs_msgs/srv/_reboot_s.c
[0.932s] -- Up-to-date: /home/mscrobotics2425laptop11/interbotix_ws/install/interbotix_xs_msgs/local/lib/python3.10/dist-packages/interbotix_xs_msgs/srv/_torque_enable_s.c
[0.933s] -- Up-to-date: /home/mscrobotics2425laptop11/interbotix_ws/install/interbotix_xs_msgs/local/lib/python3.10/dist-packages/interbotix_xs_msgs/srv/_torque_enable.py
[0.933s] -- Up-to-date: /home/mscrobotics2425laptop11/interbotix_ws/install/interbotix_xs_msgs/local/lib/python3.10/dist-packages/interbotix_xs_msgs/srv/_motor_gains_s.c
[0.933s] -- Up-to-date: /home/mscrobotics2425laptop11/interbotix_ws/install/interbotix_xs_msgs/local/lib/python3.10/dist-packages/interbotix_xs_msgs/__init__.py
[0.933s] -- Up-to-date: /home/mscrobotics2425laptop11/interbotix_ws/install/interbotix_xs_msgs/local/lib/python3.10/dist-packages/interbotix_xs_msgs/interbotix_xs_msgs_s__rosidl_typesupport_c.cpython-310-x86_64-linux-gnu.so
[0.934s] -- Up-to-date: /home/mscrobotics2425laptop11/interbotix_ws/install/interbotix_xs_msgs/local/lib/python3.10/dist-packages/interbotix_xs_msgs/interbotix_xs_msgs_s__rosidl_typesupport_fastrtps_c.cpython-310-x86_64-linux-gnu.so
[0.950s] Listing '/home/mscrobotics2425laptop11/interbotix_ws/install/interbotix_xs_msgs/local/lib/python3.10/dist-packages/interbotix_xs_msgs'...
[0.950s] Listing '/home/mscrobotics2425laptop11/interbotix_ws/install/interbotix_xs_msgs/local/lib/python3.10/dist-packages/interbotix_xs_msgs/msg'...
[0.951s] Listing '/home/mscrobotics2425laptop11/interbotix_ws/install/interbotix_xs_msgs/local/lib/python3.10/dist-packages/interbotix_xs_msgs/srv'...
[0.951s] -- Up-to-date: /home/mscrobotics2425laptop11/interbotix_ws/install/interbotix_xs_msgs/local/lib/python3.10/dist-packages/interbotix_xs_msgs/interbotix_xs_msgs_s__rosidl_typesupport_fastrtps_c.cpython-310-x86_64-linux-gnu.so
[0.951s] -- Up-to-date: /home/mscrobotics2425laptop11/interbotix_ws/install/interbotix_xs_msgs/local/lib/python3.10/dist-packages/interbotix_xs_msgs/interbotix_xs_msgs_s__rosidl_typesupport_introspection_c.cpython-310-x86_64-linux-gnu.so
[0.951s] -- Up-to-date: /home/mscrobotics2425laptop11/interbotix_ws/install/interbotix_xs_msgs/local/lib/python3.10/dist-packages/interbotix_xs_msgs/interbotix_xs_msgs_s__rosidl_typesupport_c.cpython-310-x86_64-linux-gnu.so
[0.952s] -- Up-to-date: /home/mscrobotics2425laptop11/interbotix_ws/install/interbotix_xs_msgs/lib/libinterbotix_xs_msgs__rosidl_generator_py.so
[0.952s] -- Up-to-date: /home/mscrobotics2425laptop11/interbotix_ws/install/interbotix_xs_msgs/share/interbotix_xs_msgs/msg/ArmJoy.idl
[0.952s] -- Up-to-date: /home/mscrobotics2425laptop11/interbotix_ws/install/interbotix_xs_msgs/share/interbotix_xs_msgs/msg/HexJoy.idl
[0.953s] -- Up-to-date: /home/mscrobotics2425laptop11/interbotix_ws/install/interbotix_xs_msgs/share/interbotix_xs_msgs/msg/JointGroupCommand.idl
[0.953s] -- Up-to-date: /home/mscrobotics2425laptop11/interbotix_ws/install/interbotix_xs_msgs/share/interbotix_xs_msgs/msg/JointSingleCommand.idl
[0.953s] -- Up-to-date: /home/mscrobotics2425laptop11/interbotix_ws/install/interbotix_xs_msgs/share/interbotix_xs_msgs/msg/JointTemps.idl
[0.954s] -- Up-to-date: /home/mscrobotics2425laptop11/interbotix_ws/install/interbotix_xs_msgs/share/interbotix_xs_msgs/msg/JointTrajectoryCommand.idl
[0.956s] -- Up-to-date: /home/mscrobotics2425laptop11/interbotix_ws/install/interbotix_xs_msgs/share/interbotix_xs_msgs/msg/LocobotJoy.idl
[0.959s] -- Up-to-date: /home/mscrobotics2425laptop11/interbotix_ws/install/interbotix_xs_msgs/share/interbotix_xs_msgs/msg/TurretJoy.idl
[0.959s] -- Up-to-date: /home/mscrobotics2425laptop11/interbotix_ws/install/interbotix_xs_msgs/share/interbotix_xs_msgs/srv/MotorGains.idl
[0.960s] -- Up-to-date: /home/mscrobotics2425laptop11/interbotix_ws/install/interbotix_xs_msgs/share/interbotix_xs_msgs/srv/OperatingModes.idl
[0.960s] -- Up-to-date: /home/mscrobotics2425laptop11/interbotix_ws/install/interbotix_xs_msgs/share/interbotix_xs_msgs/srv/Reboot.idl
[0.960s] -- Up-to-date: /home/mscrobotics2425laptop11/interbotix_ws/install/interbotix_xs_msgs/share/interbotix_xs_msgs/srv/RegisterValues.idl
[0.960s] -- Up-to-date: /home/mscrobotics2425laptop11/interbotix_ws/install/interbotix_xs_msgs/share/interbotix_xs_msgs/srv/RobotInfo.idl
[0.960s] -- Up-to-date: /home/mscrobotics2425laptop11/interbotix_ws/install/interbotix_xs_msgs/share/interbotix_xs_msgs/srv/TorqueEnable.idl
[0.960s] -- Up-to-date: /home/mscrobotics2425laptop11/interbotix_ws/install/interbotix_xs_msgs/share/interbotix_xs_msgs/msg/ArmJoy.msg
[0.960s] -- Up-to-date: /home/mscrobotics2425laptop11/interbotix_ws/install/interbotix_xs_msgs/share/interbotix_xs_msgs/msg/HexJoy.msg
[0.960s] -- Up-to-date: /home/mscrobotics2425laptop11/interbotix_ws/install/interbotix_xs_msgs/share/interbotix_xs_msgs/msg/JointGroupCommand.msg
[0.960s] -- Up-to-date: /home/mscrobotics2425laptop11/interbotix_ws/install/interbotix_xs_msgs/share/interbotix_xs_msgs/msg/JointSingleCommand.msg
[0.961s] -- Up-to-date: /home/mscrobotics2425laptop11/interbotix_ws/install/interbotix_xs_msgs/share/interbotix_xs_msgs/msg/JointTemps.msg
[0.961s] -- Up-to-date: /home/mscrobotics2425laptop11/interbotix_ws/install/interbotix_xs_msgs/share/interbotix_xs_msgs/msg/JointTrajectoryCommand.msg
[0.961s] -- Up-to-date: /home/mscrobotics2425laptop11/interbotix_ws/install/interbotix_xs_msgs/share/interbotix_xs_msgs/msg/LocobotJoy.msg
[0.961s] -- Up-to-date: /home/mscrobotics2425laptop11/interbotix_ws/install/interbotix_xs_msgs/share/interbotix_xs_msgs/msg/TurretJoy.msg
[0.962s] -- Up-to-date: /home/mscrobotics2425laptop11/interbotix_ws/install/interbotix_xs_msgs/share/interbotix_xs_msgs/srv/MotorGains.srv
[0.962s] -- Up-to-date: /home/mscrobotics2425laptop11/interbotix_ws/install/interbotix_xs_msgs/share/interbotix_xs_msgs/srv/MotorGains_Request.msg
[0.962s] -- Up-to-date: /home/mscrobotics2425laptop11/interbotix_ws/install/interbotix_xs_msgs/share/interbotix_xs_msgs/srv/MotorGains_Response.msg
[0.962s] -- Up-to-date: /home/mscrobotics2425laptop11/interbotix_ws/install/interbotix_xs_msgs/share/interbotix_xs_msgs/srv/OperatingModes.srv
[0.962s] -- Up-to-date: /home/mscrobotics2425laptop11/interbotix_ws/install/interbotix_xs_msgs/share/interbotix_xs_msgs/srv/OperatingModes_Request.msg
[0.962s] -- Up-to-date: /home/mscrobotics2425laptop11/interbotix_ws/install/interbotix_xs_msgs/share/interbotix_xs_msgs/srv/OperatingModes_Response.msg
[0.962s] -- Up-to-date: /home/mscrobotics2425laptop11/interbotix_ws/install/interbotix_xs_msgs/share/interbotix_xs_msgs/srv/Reboot.srv
[0.962s] -- Up-to-date: /home/mscrobotics2425laptop11/interbotix_ws/install/interbotix_xs_msgs/share/interbotix_xs_msgs/srv/Reboot_Request.msg
[0.962s] -- Up-to-date: /home/mscrobotics2425laptop11/interbotix_ws/install/interbotix_xs_msgs/share/interbotix_xs_msgs/srv/Reboot_Response.msg
[0.963s] -- Up-to-date: /home/mscrobotics2425laptop11/interbotix_ws/install/interbotix_xs_msgs/share/interbotix_xs_msgs/srv/RegisterValues.srv
[0.963s] -- Up-to-date: /home/mscrobotics2425laptop11/interbotix_ws/install/interbotix_xs_msgs/share/interbotix_xs_msgs/srv/RegisterValues_Request.msg
[0.964s] -- Up-to-date: /home/mscrobotics2425laptop11/interbotix_ws/install/interbotix_xs_msgs/share/interbotix_xs_msgs/srv/RegisterValues_Response.msg
[0.964s] -- Up-to-date: /home/mscrobotics2425laptop11/interbotix_ws/install/interbotix_xs_msgs/share/interbotix_xs_msgs/srv/RobotInfo.srv
[0.964s] -- Up-to-date: /home/mscrobotics2425laptop11/interbotix_ws/install/interbotix_xs_msgs/share/interbotix_xs_msgs/srv/RobotInfo_Request.msg
[0.965s] -- Up-to-date: /home/mscrobotics2425laptop11/interbotix_ws/install/interbotix_xs_msgs/share/interbotix_xs_msgs/srv/RobotInfo_Response.msg
[0.965s] -- Up-to-date: /home/mscrobotics2425laptop11/interbotix_ws/install/interbotix_xs_msgs/share/interbotix_xs_msgs/srv/TorqueEnable.srv
[0.965s] -- Up-to-date: /home/mscrobotics2425laptop11/interbotix_ws/install/interbotix_xs_msgs/share/interbotix_xs_msgs/srv/TorqueEnable_Request.msg
[0.965s] -- Up-to-date: /home/mscrobotics2425laptop11/interbotix_ws/install/interbotix_xs_msgs/share/interbotix_xs_msgs/srv/TorqueEnable_Response.msg
[0.965s] -- Up-to-date: /home/mscrobotics2425laptop11/interbotix_ws/install/interbotix_xs_msgs/share/ament_index/resource_index/package_run_dependencies/interbotix_xs_msgs
[0.965s] -- Up-to-date: /home/mscrobotics2425laptop11/interbotix_ws/install/interbotix_xs_msgs/share/ament_index/resource_index/parent_prefix_path/interbotix_xs_msgs
[0.965s] -- Up-to-date: /home/mscrobotics2425laptop11/interbotix_ws/install/interbotix_xs_msgs/share/interbotix_xs_msgs/environment/ament_prefix_path.sh
[0.965s] -- Up-to-date: /home/mscrobotics2425laptop11/interbotix_ws/install/interbotix_xs_msgs/share/interbotix_xs_msgs/environment/ament_prefix_path.dsv
[0.966s] -- Up-to-date: /home/mscrobotics2425laptop11/interbotix_ws/install/interbotix_xs_msgs/share/interbotix_xs_msgs/environment/path.sh
[0.966s] -- Up-to-date: /home/mscrobotics2425laptop11/interbotix_ws/install/interbotix_xs_msgs/share/interbotix_xs_msgs/environment/path.dsv
[0.966s] -- Up-to-date: /home/mscrobotics2425laptop11/interbotix_ws/install/interbotix_xs_msgs/share/interbotix_xs_msgs/local_setup.bash
[0.967s] -- Up-to-date: /home/mscrobotics2425laptop11/interbotix_ws/install/interbotix_xs_msgs/share/interbotix_xs_msgs/local_setup.sh
[0.967s] -- Up-to-date: /home/mscrobotics2425laptop11/interbotix_ws/install/interbotix_xs_msgs/share/interbotix_xs_msgs/local_setup.zsh
[0.967s] -- Up-to-date: /home/mscrobotics2425laptop11/interbotix_ws/install/interbotix_xs_msgs/share/interbotix_xs_msgs/local_setup.dsv
[0.967s] -- Installing: /home/mscrobotics2425laptop11/interbotix_ws/install/interbotix_xs_msgs/share/interbotix_xs_msgs/package.dsv
[0.967s] -- Up-to-date: /home/mscrobotics2425laptop11/interbotix_ws/install/interbotix_xs_msgs/share/ament_index/resource_index/packages/interbotix_xs_msgs
[0.967s] -- Up-to-date: /home/mscrobotics2425laptop11/interbotix_ws/install/interbotix_xs_msgs/share/interbotix_xs_msgs/cmake/export_interbotix_xs_msgs__rosidl_generator_cExport.cmake
[0.967s] -- Up-to-date: /home/mscrobotics2425laptop11/interbotix_ws/install/interbotix_xs_msgs/share/interbotix_xs_msgs/cmake/export_interbotix_xs_msgs__rosidl_generator_cExport-noconfig.cmake
[0.967s] -- Up-to-date: /home/mscrobotics2425laptop11/interbotix_ws/install/interbotix_xs_msgs/share/interbotix_xs_msgs/cmake/export_interbotix_xs_msgs__rosidl_typesupport_fastrtps_cExport.cmake
[0.968s] -- Up-to-date: /home/mscrobotics2425laptop11/interbotix_ws/install/interbotix_xs_msgs/share/interbotix_xs_msgs/cmake/export_interbotix_xs_msgs__rosidl_typesupport_fastrtps_cExport-noconfig.cmake
[0.968s] -- Up-to-date: /home/mscrobotics2425laptop11/interbotix_ws/install/interbotix_xs_msgs/share/interbotix_xs_msgs/cmake/interbotix_xs_msgs__rosidl_typesupport_introspection_cExport.cmake
[0.968s] -- Up-to-date: /home/mscrobotics2425laptop11/interbotix_ws/install/interbotix_xs_msgs/share/interbotix_xs_msgs/cmake/interbotix_xs_msgs__rosidl_typesupport_introspection_cExport-noconfig.cmake
[0.968s] -- Up-to-date: /home/mscrobotics2425laptop11/interbotix_ws/install/interbotix_xs_msgs/share/interbotix_xs_msgs/cmake/interbotix_xs_msgs__rosidl_typesupport_cExport.cmake
[0.968s] -- Up-to-date: /home/mscrobotics2425laptop11/interbotix_ws/install/interbotix_xs_msgs/share/interbotix_xs_msgs/cmake/interbotix_xs_msgs__rosidl_typesupport_cExport-noconfig.cmake
[0.968s] -- Up-to-date: /home/mscrobotics2425laptop11/interbotix_ws/install/interbotix_xs_msgs/share/interbotix_xs_msgs/cmake/export_interbotix_xs_msgs__rosidl_generator_cppExport.cmake
[0.969s] -- Up-to-date: /home/mscrobotics2425laptop11/interbotix_ws/install/interbotix_xs_msgs/share/interbotix_xs_msgs/cmake/export_interbotix_xs_msgs__rosidl_typesupport_fastrtps_cppExport.cmake
[0.969s] -- Up-to-date: /home/mscrobotics2425laptop11/interbotix_ws/install/interbotix_xs_msgs/share/interbotix_xs_msgs/cmake/export_interbotix_xs_msgs__rosidl_typesupport_fastrtps_cppExport-noconfig.cmake
[0.969s] -- Up-to-date: /home/mscrobotics2425laptop11/interbotix_ws/install/interbotix_xs_msgs/share/interbotix_xs_msgs/cmake/interbotix_xs_msgs__rosidl_typesupport_introspection_cppExport.cmake
[0.969s] -- Up-to-date: /home/mscrobotics2425laptop11/interbotix_ws/install/interbotix_xs_msgs/share/interbotix_xs_msgs/cmake/interbotix_xs_msgs__rosidl_typesupport_introspection_cppExport-noconfig.cmake
[0.969s] -- Up-to-date: /home/mscrobotics2425laptop11/interbotix_ws/install/interbotix_xs_msgs/share/interbotix_xs_msgs/cmake/interbotix_xs_msgs__rosidl_typesupport_cppExport.cmake
[0.970s] -- Up-to-date: /home/mscrobotics2425laptop11/interbotix_ws/install/interbotix_xs_msgs/share/interbotix_xs_msgs/cmake/interbotix_xs_msgs__rosidl_typesupport_cppExport-noconfig.cmake
[0.970s] -- Up-to-date: /home/mscrobotics2425laptop11/interbotix_ws/install/interbotix_xs_msgs/share/interbotix_xs_msgs/cmake/export_interbotix_xs_msgs__rosidl_generator_pyExport.cmake
[0.970s] -- Up-to-date: /home/mscrobotics2425laptop11/interbotix_ws/install/interbotix_xs_msgs/share/interbotix_xs_msgs/cmake/export_interbotix_xs_msgs__rosidl_generator_pyExport-noconfig.cmake
[0.971s] -- Up-to-date: /home/mscrobotics2425laptop11/interbotix_ws/install/interbotix_xs_msgs/share/interbotix_xs_msgs/cmake/rosidl_cmake-extras.cmake
[0.971s] -- Up-to-date: /home/mscrobotics2425laptop11/interbotix_ws/install/interbotix_xs_msgs/share/interbotix_xs_msgs/cmake/ament_cmake_export_dependencies-extras.cmake
[0.971s] -- Up-to-date: /home/mscrobotics2425laptop11/interbotix_ws/install/interbotix_xs_msgs/share/interbotix_xs_msgs/cmake/ament_cmake_export_include_directories-extras.cmake
[0.973s] -- Up-to-date: /home/mscrobotics2425laptop11/interbotix_ws/install/interbotix_xs_msgs/share/interbotix_xs_msgs/cmake/ament_cmake_export_libraries-extras.cmake
[0.973s] -- Up-to-date: /home/mscrobotics2425laptop11/interbotix_ws/install/interbotix_xs_msgs/share/interbotix_xs_msgs/cmake/ament_cmake_export_targets-extras.cmake
[0.973s] -- Up-to-date: /home/mscrobotics2425laptop11/interbotix_ws/install/interbotix_xs_msgs/share/interbotix_xs_msgs/cmake/rosidl_cmake_export_typesupport_targets-extras.cmake
[0.976s] -- Up-to-date: /home/mscrobotics2425laptop11/interbotix_ws/install/interbotix_xs_msgs/share/interbotix_xs_msgs/cmake/rosidl_cmake_export_typesupport_libraries-extras.cmake
[0.976s] -- Up-to-date: /home/mscrobotics2425laptop11/interbotix_ws/install/interbotix_xs_msgs/share/interbotix_xs_msgs/cmake/interbotix_xs_msgsConfig.cmake
[0.976s] -- Up-to-date: /home/mscrobotics2425laptop11/interbotix_ws/install/interbotix_xs_msgs/share/interbotix_xs_msgs/cmake/interbotix_xs_msgsConfig-version.cmake
[0.977s] -- Up-to-date: /home/mscrobotics2425laptop11/interbotix_ws/install/interbotix_xs_msgs/share/interbotix_xs_msgs/package.xml
[1.027s] Invoked command in '/home/mscrobotics2425laptop11/interbotix_ws/build/interbotix_xs_msgs' returned '0': CMAKE_PREFIX_PATH=/opt/ros/humble /usr/bin/cmake --install /home/mscrobotics2425laptop11/interbotix_ws/build/interbotix_xs_msgs
