[1.768s] Invoking command in '/home/group4/ros2_ws/src/my_leo': PYTHONPATH=/home/group4/ros2_ws/build/my_leo/prefix_override:/home/group4/ros2_ws/install/my_leo/lib/python3.10/site-packages:${PYTHONPATH} /usr/bin/python3 -W ignore:setup.py install is deprecated setup.py egg_info --egg-base ../../build/my_leo build --build-base /home/group4/ros2_ws/build/my_leo/build install --record /home/group4/ros2_ws/build/my_leo/install.log --single-version-externally-managed install_data
[2.101s] running egg_info
[2.102s] creating ../../build/my_leo/my_leo.egg-info
[2.102s] writing ../../build/my_leo/my_leo.egg-info/PKG-INFO
[2.102s] writing dependency_links to ../../build/my_leo/my_leo.egg-info/dependency_links.txt
[2.102s] writing entry points to ../../build/my_leo/my_leo.egg-info/entry_points.txt
[2.102s] writing requirements to ../../build/my_leo/my_leo.egg-info/requires.txt
[2.102s] writing top-level names to ../../build/my_leo/my_leo.egg-info/top_level.txt
[2.102s] writing manifest file '../../build/my_leo/my_leo.egg-info/SOURCES.txt'
[2.105s] reading manifest file '../../build/my_leo/my_leo.egg-info/SOURCES.txt'
[2.106s] writing manifest file '../../build/my_leo/my_leo.egg-info/SOURCES.txt'
[2.106s] running build
[2.106s] running build_py
[2.106s] creating /home/group4/ros2_ws/build/my_leo/build
[2.106s] creating /home/group4/ros2_ws/build/my_leo/build/lib
[2.106s] creating /home/group4/ros2_ws/build/my_leo/build/lib/my_leo
[2.106s] copying my_leo/__init__.py -> /home/group4/ros2_ws/build/my_leo/build/lib/my_leo
[2.106s] running install
[2.107s] running install_lib
[2.108s] creating /home/group4/ros2_ws/install/my_leo/lib/python3.10/site-packages/my_leo
[2.108s] copying /home/group4/ros2_ws/build/my_leo/build/lib/my_leo/__init__.py -> /home/group4/ros2_ws/install/my_leo/lib/python3.10/site-packages/my_leo
[2.108s] byte-compiling /home/group4/ros2_ws/install/my_leo/lib/python3.10/site-packages/my_leo/__init__.py to __init__.cpython-310.pyc
[2.108s] running install_data
[2.108s] creating /home/group4/ros2_ws/install/my_leo/share/ament_index
[2.109s] creating /home/group4/ros2_ws/install/my_leo/share/ament_index/resource_index
[2.109s] creating /home/group4/ros2_ws/install/my_leo/share/ament_index/resource_index/packages
[2.109s] copying resource/my_leo -> /home/group4/ros2_ws/install/my_leo/share/ament_index/resource_index/packages
[2.109s] copying package.xml -> /home/group4/ros2_ws/install/my_leo/share/my_leo
[2.109s] creating /home/group4/ros2_ws/install/my_leo/share/my_leo/launch
[2.109s] copying launch/my_leo.launch.py -> /home/group4/ros2_ws/install/my_leo/share/my_leo/launch
[2.109s] copying launch/navigation.launch.py -> /home/group4/ros2_ws/install/my_leo/share/my_leo/launch
[2.109s] copying launch/teleop_joy.launch.py -> /home/group4/ros2_ws/install/my_leo/share/my_leo/launch
[2.109s] copying launch/real_my_leo.launch.py -> /home/group4/ros2_ws/install/my_leo/share/my_leo/launch
[2.109s] copying launch/rviz_leo.launch.py -> /home/group4/ros2_ws/install/my_leo/share/my_leo/launch
[2.109s] creating /home/group4/ros2_ws/install/my_leo/share/my_leo/urdf
[2.109s] copying urdf/leo_sim.urdf.xacro -> /home/group4/ros2_ws/install/my_leo/share/my_leo/urdf
[2.109s] copying urdf/laser.urdf.xacro -> /home/group4/ros2_ws/install/my_leo/share/my_leo/urdf
[2.110s] copying urdf/arm.urdf.xacro -> /home/group4/ros2_ws/install/my_leo/share/my_leo/urdf
[2.110s] copying urdf/macros.xacro -> /home/group4/ros2_ws/install/my_leo/share/my_leo/urdf
[2.110s] creating /home/group4/ros2_ws/install/my_leo/share/my_leo/behavior_tree_xml
[2.110s] copying behavior_tree_xml/bt_example_0.xml -> /home/group4/ros2_ws/install/my_leo/share/my_leo/behavior_tree_xml
[2.113s] creating /home/group4/ros2_ws/install/my_leo/share/my_leo/rviz
[2.113s] copying rviz/slam.rviz -> /home/group4/ros2_ws/install/my_leo/share/my_leo/rviz
[2.115s] copying rviz/nav2.rviz -> /home/group4/ros2_ws/install/my_leo/share/my_leo/rviz
[2.121s] copying rviz/robot.rviz -> /home/group4/ros2_ws/install/my_leo/share/my_leo/rviz
[2.121s] creating /home/group4/ros2_ws/install/my_leo/share/my_leo/worlds
[2.121s] copying worlds/tb3.sdf -> /home/group4/ros2_ws/install/my_leo/share/my_leo/worlds
[2.121s] copying worlds/meshes/wall.dae -> /home/group4/ros2_ws/install/my_leo/share/my_leo/worlds
[2.121s] copying worlds/meshes/hexagon.dae -> /home/group4/ros2_ws/install/my_leo/share/my_leo/worlds
[2.121s] creating /home/group4/ros2_ws/install/my_leo/share/my_leo/models
[2.122s] copying models/px150_4_forearm.stl -> /home/group4/ros2_ws/install/my_leo/share/my_leo/models
[2.122s] copying models/WheelMecanumA.dae -> /home/group4/ros2_ws/install/my_leo/share/my_leo/models
[2.135s] copying models/px150_1_base.stl -> /home/group4/ros2_ws/install/my_leo/share/my_leo/models
[2.136s] copying models/Rocker_outline.stl -> /home/group4/ros2_ws/install/my_leo/share/my_leo/models
[2.136s] copying models/Mecanum_wheel_outline.stl -> /home/group4/ros2_ws/install/my_leo/share/my_leo/models
[2.136s] copying models/px150_8_gripper_bar.stl -> /home/group4/ros2_ws/install/my_leo/share/my_leo/models
[2.136s] copying models/px150_2_shoulder.stl -> /home/group4/ros2_ws/install/my_leo/share/my_leo/models
[2.137s] copying models/Antenna.dae -> /home/group4/ros2_ws/install/my_leo/share/my_leo/models
[2.137s] copying models/WheelB.dae -> /home/group4/ros2_ws/install/my_leo/share/my_leo/models
[2.142s] copying models/Chassis.dae -> /home/group4/ros2_ws/install/my_leo/share/my_leo/models
[2.165s] copying models/px150_7_gripper_prop.stl -> /home/group4/ros2_ws/install/my_leo/share/my_leo/models
[2.179s] copying models/px150_3_upper_arm.stl -> /home/group4/ros2_ws/install/my_leo/share/my_leo/models
[2.179s] copying models/WheelMecanumB.dae -> /home/group4/ros2_ws/install/my_leo/share/my_leo/models
[2.185s] copying models/Wheel_outline.stl -> /home/group4/ros2_ws/install/my_leo/share/my_leo/models
[2.185s] copying models/Rocker.dae -> /home/group4/ros2_ws/install/my_leo/share/my_leo/models
[2.190s] copying models/px150_5_wrist.stl -> /home/group4/ros2_ws/install/my_leo/share/my_leo/models
[2.199s] copying models/px150_6_gripper.stl -> /home/group4/ros2_ws/install/my_leo/share/my_leo/models
[2.199s] copying models/Chassis_outline.stl -> /home/group4/ros2_ws/install/my_leo/share/my_leo/models
[2.199s] copying models/px150_9_gripper_finger.stl -> /home/group4/ros2_ws/install/my_leo/share/my_leo/models
[2.200s] copying models/WheelA.dae -> /home/group4/ros2_ws/install/my_leo/share/my_leo/models
[2.200s] copying models/px150_10_ar_tag.stl -> /home/group4/ros2_ws/install/my_leo/share/my_leo/models
[2.200s] creating /home/group4/ros2_ws/install/my_leo/share/my_leo/config
[2.200s] copying config/params.yaml -> /home/group4/ros2_ws/install/my_leo/share/my_leo/config
[2.200s] copying config/controller.yaml -> /home/group4/ros2_ws/install/my_leo/share/my_leo/config
[2.201s] copying config/bt_nav.yaml -> /home/group4/ros2_ws/install/my_leo/share/my_leo/config
[2.201s] copying config/simple_smoother.yaml -> /home/group4/ros2_ws/install/my_leo/share/my_leo/config
[2.201s] copying config/twist_mux.yaml -> /home/group4/ros2_ws/install/my_leo/share/my_leo/config
[2.201s] copying config/ekf.yaml -> /home/group4/ros2_ws/install/my_leo/share/my_leo/config
[2.201s] copying config/joy_config.yaml -> /home/group4/ros2_ws/install/my_leo/share/my_leo/config
[2.201s] copying config/planner.yaml -> /home/group4/ros2_ws/install/my_leo/share/my_leo/config
[2.201s] creating /home/group4/ros2_ws/install/my_leo/share/my_leo/maps
[2.201s] copying maps/sim_map.yaml -> /home/group4/ros2_ws/install/my_leo/share/my_leo/maps
[2.202s] copying maps/sim_map.pgm -> /home/group4/ros2_ws/install/my_leo/share/my_leo/maps
[2.202s] running install_egg_info
[2.205s] Copying ../../build/my_leo/my_leo.egg-info to /home/group4/ros2_ws/install/my_leo/lib/python3.10/site-packages/my_leo-0.0.0-py3.10.egg-info
[2.205s] running install_scripts
[2.250s] writing list of installed files to '/home/group4/ros2_ws/build/my_leo/install.log'
[2.334s] Invoked command in '/home/group4/ros2_ws/src/my_leo' returned '0': PYTHONPATH=/home/group4/ros2_ws/build/my_leo/prefix_override:/home/group4/ros2_ws/install/my_leo/lib/python3.10/site-packages:${PYTHONPATH} /usr/bin/python3 -W ignore:setup.py install is deprecated setup.py egg_info --egg-base ../../build/my_leo build --build-base /home/group4/ros2_ws/build/my_leo/build install --record /home/group4/ros2_ws/build/my_leo/install.log --single-version-externally-managed install_data
