[0.383s] Invoking command in '/home/mscrobotics2425laptop11/interbotix_ws/build/interbotix_xs_rviz': AMENT_PREFIX_PATH=/home/mscrobotics2425laptop11/interbotix_ws/install/interbotix_xs_sdk:/home/mscrobotics2425laptop11/interbotix_ws/install/interbotix_xs_driver:/home/mscrobotics2425laptop11/interbotix_ws/install/interbotix_xs_msgs:/home/mscrobotics2425laptop11/interbotix_ws/install/dynamixel_workbench_toolbox:${AMENT_PREFIX_PATH} CMAKE_PREFIX_PATH=/home/mscrobotics2425laptop11/interbotix_ws/install/interbotix_xs_sdk:/home/mscrobotics2425laptop11/interbotix_ws/install/interbotix_xs_driver:/home/mscrobotics2425laptop11/interbotix_ws/install/interbotix_xs_msgs:/home/mscrobotics2425laptop11/interbotix_ws/install/dynamixel_workbench_toolbox:/home/mscrobotics2425laptop11/apriltag_ws/install/apriltag_ros:/opt/ros/humble LD_LIBRARY_PATH=/home/mscrobotics2425laptop11/interbotix_ws/install/interbotix_xs_driver/lib:/home/mscrobotics2425laptop11/interbotix_ws/install/interbotix_xs_msgs/lib:/home/mscrobotics2425laptop11/interbotix_ws/install/dynamixel_workbench_toolbox/lib:${LD_LIBRARY_PATH} PYTHONPATH=/home/mscrobotics2425laptop11/interbotix_ws/install/interbotix_xs_msgs/local/lib/python3.10/dist-packages:${PYTHONPATH} /usr/bin/cmake /home/mscrobotics2425laptop11/interbotix_ws/src/interbotix_ros_toolboxes/interbotix_xs_toolbox/interbotix_xs_rviz -DCMAKE_INSTALL_PREFIX=/home/mscrobotics2425laptop11/interbotix_ws/install/interbotix_xs_rviz
[0.505s] -- The C compiler identification is GNU 11.4.0
[0.656s] -- The CXX compiler identification is GNU 11.4.0
[0.673s] -- Detecting C compiler ABI info
[0.825s] -- Detecting C compiler ABI info - done
[0.836s] -- Check for working C compiler: /usr/bin/cc - skipped
[0.836s] -- Detecting C compile features
[0.837s] -- Detecting C compile features - done
[0.841s] -- Detecting CXX compiler ABI info
[1.005s] -- Detecting CXX compiler ABI info - done
[1.021s] -- Check for working CXX compiler: /usr/bin/c++ - skipped
[1.022s] -- Detecting CXX compile features
[1.023s] -- Detecting CXX compile features - done
[1.028s] -- Found ament_cmake: 1.3.11 (/opt/ros/humble/share/ament_cmake/cmake)
[1.260s] -- Found Python3: /usr/bin/python3 (found version "3.10.12") found components: Interpreter 
[1.411s] -- Found pluginlib: 5.1.0 (/opt/ros/humble/share/pluginlib/cmake)
[1.560s] -- Found rclcpp: 16.0.11 (/opt/ros/humble/share/rclcpp/cmake)
[1.656s] -- Found rosidl_generator_c: 3.1.6 (/opt/ros/humble/share/rosidl_generator_c/cmake)
[1.673s] -- Found rosidl_adapter: 3.1.6 (/opt/ros/humble/share/rosidl_adapter/cmake)
[1.704s] -- Found rosidl_generator_cpp: 3.1.6 (/opt/ros/humble/share/rosidl_generator_cpp/cmake)
[1.740s] -- Using all available rosidl_typesupport_c: rosidl_typesupport_fastrtps_c;rosidl_typesupport_introspection_c
[1.779s] -- Using all available rosidl_typesupport_cpp: rosidl_typesupport_fastrtps_cpp;rosidl_typesupport_introspection_cpp
[1.895s] -- Found rmw_implementation_cmake: 6.1.2 (/opt/ros/humble/share/rmw_implementation_cmake/cmake)
[1.904s] -- Found rmw_fastrtps_cpp: 6.2.7 (/opt/ros/humble/share/rmw_fastrtps_cpp/cmake)
[1.970s] -- Found TinyXML2 via Config file: TinyXML2_DIR-NOTFOUND
[2.091s] -- Found OpenSSL: /usr/lib/x86_64-linux-gnu/libcrypto.so (found version "3.0.2")  
[2.096s] -- Found TinyXML2 via Config file: TinyXML2_DIR-NOTFOUND
[2.129s] -- Found FastRTPS: /opt/ros/humble/include  
[2.140s] -- Found TinyXML2 via Config file: TinyXML2_DIR-NOTFOUND
[2.157s] -- Found TinyXML2 via Config file: TinyXML2_DIR-NOTFOUND
[2.180s] -- Using RMW implementation 'rmw_fastrtps_cpp' as default
[2.202s] -- Looking for pthread.h
[2.345s] -- Looking for pthread.h - found
[2.346s] -- Performing Test CMAKE_HAVE_LIBC_PTHREAD
[2.505s] -- Performing Test CMAKE_HAVE_LIBC_PTHREAD - Success
[2.508s] -- Found Threads: TRUE  
[2.612s] -- Found rviz_common: 11.2.16 (/opt/ros/humble/share/rviz_common/cmake)
[2.621s] -- Setting assimp_DIR to: '/opt/ros/humble/share/rviz_assimp_vendor/cmake/../../../opt/rviz_assimp_vendor/lib/cmake/assimp-4.1'
[2.644s] -- Setting OGRE_DIR to: '/opt/ros/humble/share/rviz_ogre_vendor/cmake/../../../opt/rviz_ogre_vendor/lib/OGRE/cmake'
[2.648s] -- Found OGRE
[2.649s] --   static     : OFF
[2.649s] --   components : HLMS;MeshLodGenerator;Overlay;Paging;Property;RTShaderSystem;Terrain;Volume
[2.649s] --   plugins    : Plugin_BSPSceneManager;Plugin_OctreeSceneManager;Plugin_PCZSceneManager;Plugin_ParticleFX;RenderSystem_GL;RenderSystem_GL3Plus;Codec_STBI
[2.649s] --   media      : /opt/ros/humble/opt/rviz_ogre_vendor/share/OGRE/Media
[2.649s] -- OGRE_LIBRARIES: OgreHLMS;OgreMeshLodGenerator;OgreOverlay;OgrePaging;OgreProperty;OgreRTShaderSystem;OgreTerrain;OgreVolume;OgreMain
[2.649s] -- OGRE_LIBRARY_DIRS: /opt/ros/humble/opt/rviz_ogre_vendor/lib
[2.649s] -- OGRE_PLUGINS: Plugin_BSPSceneManager;Plugin_OctreeSceneManager;Plugin_PCZSceneManager;Plugin_ParticleFX;RenderSystem_GL;RenderSystem_GL3Plus;Codec_STBI
[2.649s] -- OGRE_PLUGIN_DIR: /opt/ros/humble/opt/rviz_ogre_vendor/lib/OGRE
[2.649s] -- rviz_ogre_vendor::OgreOverlay for IMPORTED_LOCATION_RELEASE: /opt/ros/humble/opt/rviz_ogre_vendor/lib/libOgreOverlay.so
[2.650s] -- rviz_ogre_vendor::OgreOverlay for IMPORTED_LOCATION_DEBUG: /opt/ros/humble/opt/rviz_ogre_vendor/lib/libOgreOverlay.so
[2.650s] -- rviz_ogre_vendor::OgreMain for IMPORTED_LOCATION_RELEASE: /opt/ros/humble/opt/rviz_ogre_vendor/lib/libOgreMain.so
[2.650s] -- rviz_ogre_vendor::OgreMain for IMPORTED_LOCATION_DEBUG: /opt/ros/humble/opt/rviz_ogre_vendor/lib/libOgreMain.so
[2.690s] -- Found ZLIB: /usr/lib/x86_64-linux-gnu/libz.so (found version "1.2.11") 
[2.699s] -- Found OpenGL: /usr/lib/x86_64-linux-gnu/libOpenGL.so   
[2.882s] -- Found X11: /usr/include   
[2.883s] -- Looking for XOpenDisplay in /usr/lib/x86_64-linux-gnu/libX11.so;/usr/lib/x86_64-linux-gnu/libXext.so
[3.020s] -- Looking for XOpenDisplay in /usr/lib/x86_64-linux-gnu/libX11.so;/usr/lib/x86_64-linux-gnu/libXext.so - found
[3.021s] -- Looking for gethostbyname
[3.150s] -- Looking for gethostbyname - found
[3.151s] -- Looking for connect
[3.265s] -- Looking for connect - found
[3.265s] -- Looking for remove
[3.394s] -- Looking for remove - found
[3.395s] -- Looking for shmat
[3.499s] -- Looking for shmat - found
[3.499s] -- Looking for IceConnectionNumber in ICE
[3.616s] -- Looking for IceConnectionNumber in ICE - found
[3.784s] -- library: /usr/lib/x86_64-linux-gnu/libcurl.so
[3.865s] -- Found Eigen3: TRUE (found version "3.4.0") 
[3.865s] -- Ensuring Eigen3 include directory is part of orocos-kdl CMake target
[4.035s] -- Found interbotix_xs_msgs: 0.0.0 (/home/mscrobotics2425laptop11/interbotix_ws/install/interbotix_xs_msgs/share/interbotix_xs_msgs/cmake)
[4.114s] -- Found ament_lint_auto: 0.12.11 (/opt/ros/humble/share/ament_lint_auto/cmake)
[4.272s] -- Added test 'copyright' to check source files copyright and LICENSE
[4.277s] -- Added test 'cppcheck' to perform static code analysis on C / C++ code
[4.278s] -- Configured cppcheck include dirs: /home/mscrobotics2425laptop11/interbotix_ws/src/interbotix_ros_toolboxes/interbotix_xs_toolbox/interbotix_xs_rviz/include
[4.278s] -- Configured cppcheck exclude dirs and/or files: 
[4.283s] -- Added test 'cpplint' to check C / C++ code against the Google style
[4.283s] -- Configured cpplint exclude dirs and/or files: 
[4.285s] -- Added test 'lint_cmake' to check CMake code style
[4.288s] -- Added test 'uncrustify' to check C / C++ code style
[4.288s] -- Configured uncrustify additional arguments: 
[4.289s] -- Added test 'xmllint' to check XML markup files
[4.295s] -- Configuring done
[4.375s] -- Generating done
[4.389s] -- Build files have been written to: /home/mscrobotics2425laptop11/interbotix_ws/build/interbotix_xs_rviz
[4.408s] Invoked command in '/home/mscrobotics2425laptop11/interbotix_ws/build/interbotix_xs_rviz' returned '0': AMENT_PREFIX_PATH=/home/mscrobotics2425laptop11/interbotix_ws/install/interbotix_xs_sdk:/home/mscrobotics2425laptop11/interbotix_ws/install/interbotix_xs_driver:/home/mscrobotics2425laptop11/interbotix_ws/install/interbotix_xs_msgs:/home/mscrobotics2425laptop11/interbotix_ws/install/dynamixel_workbench_toolbox:${AMENT_PREFIX_PATH} CMAKE_PREFIX_PATH=/home/mscrobotics2425laptop11/interbotix_ws/install/interbotix_xs_sdk:/home/mscrobotics2425laptop11/interbotix_ws/install/interbotix_xs_driver:/home/mscrobotics2425laptop11/interbotix_ws/install/interbotix_xs_msgs:/home/mscrobotics2425laptop11/interbotix_ws/install/dynamixel_workbench_toolbox:/home/mscrobotics2425laptop11/apriltag_ws/install/apriltag_ros:/opt/ros/humble LD_LIBRARY_PATH=/home/mscrobotics2425laptop11/interbotix_ws/install/interbotix_xs_driver/lib:/home/mscrobotics2425laptop11/interbotix_ws/install/interbotix_xs_msgs/lib:/home/mscrobotics2425laptop11/interbotix_ws/install/dynamixel_workbench_toolbox/lib:${LD_LIBRARY_PATH} PYTHONPATH=/home/mscrobotics2425laptop11/interbotix_ws/install/interbotix_xs_msgs/local/lib/python3.10/dist-packages:${PYTHONPATH} /usr/bin/cmake /home/mscrobotics2425laptop11/interbotix_ws/src/interbotix_ros_toolboxes/interbotix_xs_toolbox/interbotix_xs_rviz -DCMAKE_INSTALL_PREFIX=/home/mscrobotics2425laptop11/interbotix_ws/install/interbotix_xs_rviz
[4.411s] Invoking command in '/home/mscrobotics2425laptop11/interbotix_ws/build/interbotix_xs_rviz': AMENT_PREFIX_PATH=/home/mscrobotics2425laptop11/interbotix_ws/install/interbotix_xs_sdk:/home/mscrobotics2425laptop11/interbotix_ws/install/interbotix_xs_driver:/home/mscrobotics2425laptop11/interbotix_ws/install/interbotix_xs_msgs:/home/mscrobotics2425laptop11/interbotix_ws/install/dynamixel_workbench_toolbox:${AMENT_PREFIX_PATH} CMAKE_PREFIX_PATH=/home/mscrobotics2425laptop11/interbotix_ws/install/interbotix_xs_sdk:/home/mscrobotics2425laptop11/interbotix_ws/install/interbotix_xs_driver:/home/mscrobotics2425laptop11/interbotix_ws/install/interbotix_xs_msgs:/home/mscrobotics2425laptop11/interbotix_ws/install/dynamixel_workbench_toolbox:/home/mscrobotics2425laptop11/apriltag_ws/install/apriltag_ros:/opt/ros/humble LD_LIBRARY_PATH=/home/mscrobotics2425laptop11/interbotix_ws/install/interbotix_xs_driver/lib:/home/mscrobotics2425laptop11/interbotix_ws/install/interbotix_xs_msgs/lib:/home/mscrobotics2425laptop11/interbotix_ws/install/dynamixel_workbench_toolbox/lib:${LD_LIBRARY_PATH} PYTHONPATH=/home/mscrobotics2425laptop11/interbotix_ws/install/interbotix_xs_msgs/local/lib/python3.10/dist-packages:${PYTHONPATH} /usr/bin/cmake --build /home/mscrobotics2425laptop11/interbotix_ws/build/interbotix_xs_rviz -- -j12 -l12
[4.490s] [ 20%] [34m[1mAutomatic MOC for target interbotix_xs_rviz[0m
[5.192s] [ 20%] Built target interbotix_xs_rviz_autogen
[5.218s] [ 40%] [34m[1mGenerating ui_interbotix_control_panel.h[0m
[5.290s] [ 60%] [32mBuilding CXX object CMakeFiles/interbotix_xs_rviz.dir/src/interbotix_control_panel.cpp.o[0m
[5.300s] [ 80%] [32mBuilding CXX object CMakeFiles/interbotix_xs_rviz.dir/interbotix_xs_rviz_autogen/mocs_compilation.cpp.o[0m
[31.585s] [100%] [32m[1mLinking CXX shared library libinterbotix_xs_rviz.so[0m
[33.794s] [100%] Built target interbotix_xs_rviz
[33.815s] Invoked command in '/home/mscrobotics2425laptop11/interbotix_ws/build/interbotix_xs_rviz' returned '0': AMENT_PREFIX_PATH=/home/mscrobotics2425laptop11/interbotix_ws/install/interbotix_xs_sdk:/home/mscrobotics2425laptop11/interbotix_ws/install/interbotix_xs_driver:/home/mscrobotics2425laptop11/interbotix_ws/install/interbotix_xs_msgs:/home/mscrobotics2425laptop11/interbotix_ws/install/dynamixel_workbench_toolbox:${AMENT_PREFIX_PATH} CMAKE_PREFIX_PATH=/home/mscrobotics2425laptop11/interbotix_ws/install/interbotix_xs_sdk:/home/mscrobotics2425laptop11/interbotix_ws/install/interbotix_xs_driver:/home/mscrobotics2425laptop11/interbotix_ws/install/interbotix_xs_msgs:/home/mscrobotics2425laptop11/interbotix_ws/install/dynamixel_workbench_toolbox:/home/mscrobotics2425laptop11/apriltag_ws/install/apriltag_ros:/opt/ros/humble LD_LIBRARY_PATH=/home/mscrobotics2425laptop11/interbotix_ws/install/interbotix_xs_driver/lib:/home/mscrobotics2425laptop11/interbotix_ws/install/interbotix_xs_msgs/lib:/home/mscrobotics2425laptop11/interbotix_ws/install/dynamixel_workbench_toolbox/lib:${LD_LIBRARY_PATH} PYTHONPATH=/home/mscrobotics2425laptop11/interbotix_ws/install/interbotix_xs_msgs/local/lib/python3.10/dist-packages:${PYTHONPATH} /usr/bin/cmake --build /home/mscrobotics2425laptop11/interbotix_ws/build/interbotix_xs_rviz -- -j12 -l12
[33.819s] Invoking command in '/home/mscrobotics2425laptop11/interbotix_ws/build/interbotix_xs_rviz': AMENT_PREFIX_PATH=/home/mscrobotics2425laptop11/interbotix_ws/install/interbotix_xs_sdk:/home/mscrobotics2425laptop11/interbotix_ws/install/interbotix_xs_driver:/home/mscrobotics2425laptop11/interbotix_ws/install/interbotix_xs_msgs:/home/mscrobotics2425laptop11/interbotix_ws/install/dynamixel_workbench_toolbox:${AMENT_PREFIX_PATH} CMAKE_PREFIX_PATH=/home/mscrobotics2425laptop11/interbotix_ws/install/interbotix_xs_sdk:/home/mscrobotics2425laptop11/interbotix_ws/install/interbotix_xs_driver:/home/mscrobotics2425laptop11/interbotix_ws/install/interbotix_xs_msgs:/home/mscrobotics2425laptop11/interbotix_ws/install/dynamixel_workbench_toolbox:/home/mscrobotics2425laptop11/apriltag_ws/install/apriltag_ros:/opt/ros/humble LD_LIBRARY_PATH=/home/mscrobotics2425laptop11/interbotix_ws/install/interbotix_xs_driver/lib:/home/mscrobotics2425laptop11/interbotix_ws/install/interbotix_xs_msgs/lib:/home/mscrobotics2425laptop11/interbotix_ws/install/dynamixel_workbench_toolbox/lib:${LD_LIBRARY_PATH} PYTHONPATH=/home/mscrobotics2425laptop11/interbotix_ws/install/interbotix_xs_msgs/local/lib/python3.10/dist-packages:${PYTHONPATH} /usr/bin/cmake --install /home/mscrobotics2425laptop11/interbotix_ws/build/interbotix_xs_rviz
[33.831s] -- Install configuration: ""
[33.832s] -- Installing: /home/mscrobotics2425laptop11/interbotix_ws/install/interbotix_xs_rviz/share/interbotix_xs_rviz/plugin_description.xml
[33.832s] -- Installing: /home/mscrobotics2425laptop11/interbotix_ws/install/interbotix_xs_rviz/lib/libinterbotix_xs_rviz.so
[33.839s] -- Set runtime path of "/home/mscrobotics2425laptop11/interbotix_ws/install/interbotix_xs_rviz/lib/libinterbotix_xs_rviz.so" to ""
[33.839s] -- Installing: /home/mscrobotics2425laptop11/interbotix_ws/install/interbotix_xs_rviz/include/
[33.839s] -- Installing: /home/mscrobotics2425laptop11/interbotix_ws/install/interbotix_xs_rviz/include//interbotix_xs_rviz
[33.839s] -- Installing: /home/mscrobotics2425laptop11/interbotix_ws/install/interbotix_xs_rviz/include//interbotix_xs_rviz/xs_register_descriptions.hpp
[33.840s] -- Installing: /home/mscrobotics2425laptop11/interbotix_ws/install/interbotix_xs_rviz/include//interbotix_xs_rviz/interbotix_control_panel.hpp
[33.840s] -- Installing: /home/mscrobotics2425laptop11/interbotix_ws/install/interbotix_xs_rviz/share/interbotix_xs_rviz//icons
[33.841s] -- Installing: /home/mscrobotics2425laptop11/interbotix_ws/install/interbotix_xs_rviz/share/interbotix_xs_rviz//icons/classes
[33.841s] -- Installing: /home/mscrobotics2425laptop11/interbotix_ws/install/interbotix_xs_rviz/share/interbotix_xs_rviz//icons/classes/Interbotix Control Panel.png
[33.841s] -- Installing: /home/mscrobotics2425laptop11/interbotix_ws/install/interbotix_xs_rviz/share/interbotix_xs_rviz/environment/library_path.sh
[33.841s] -- Installing: /home/mscrobotics2425laptop11/interbotix_ws/install/interbotix_xs_rviz/share/interbotix_xs_rviz/environment/library_path.dsv
[33.842s] -- Installing: /home/mscrobotics2425laptop11/interbotix_ws/install/interbotix_xs_rviz/share/ament_index/resource_index/package_run_dependencies/interbotix_xs_rviz
[33.843s] -- Installing: /home/mscrobotics2425laptop11/interbotix_ws/install/interbotix_xs_rviz/share/ament_index/resource_index/parent_prefix_path/interbotix_xs_rviz
[33.843s] -- Installing: /home/mscrobotics2425laptop11/interbotix_ws/install/interbotix_xs_rviz/share/interbotix_xs_rviz/environment/ament_prefix_path.sh
[33.843s] -- Installing: /home/mscrobotics2425laptop11/interbotix_ws/install/interbotix_xs_rviz/share/interbotix_xs_rviz/environment/ament_prefix_path.dsv
[33.844s] -- Installing: /home/mscrobotics2425laptop11/interbotix_ws/install/interbotix_xs_rviz/share/interbotix_xs_rviz/environment/path.sh
[33.844s] -- Installing: /home/mscrobotics2425laptop11/interbotix_ws/install/interbotix_xs_rviz/share/interbotix_xs_rviz/environment/path.dsv
[33.844s] -- Installing: /home/mscrobotics2425laptop11/interbotix_ws/install/interbotix_xs_rviz/share/interbotix_xs_rviz/local_setup.bash
[33.844s] -- Installing: /home/mscrobotics2425laptop11/interbotix_ws/install/interbotix_xs_rviz/share/interbotix_xs_rviz/local_setup.sh
[33.844s] -- Installing: /home/mscrobotics2425laptop11/interbotix_ws/install/interbotix_xs_rviz/share/interbotix_xs_rviz/local_setup.zsh
[33.844s] -- Installing: /home/mscrobotics2425laptop11/interbotix_ws/install/interbotix_xs_rviz/share/interbotix_xs_rviz/local_setup.dsv
[33.845s] -- Installing: /home/mscrobotics2425laptop11/interbotix_ws/install/interbotix_xs_rviz/share/interbotix_xs_rviz/package.dsv
[33.845s] -- Installing: /home/mscrobotics2425laptop11/interbotix_ws/install/interbotix_xs_rviz/share/ament_index/resource_index/packages/interbotix_xs_rviz
[33.846s] -- Installing: /home/mscrobotics2425laptop11/interbotix_ws/install/interbotix_xs_rviz/share/ament_index/resource_index/rviz_common__pluginlib__plugin/interbotix_xs_rviz
[33.846s] -- Installing: /home/mscrobotics2425laptop11/interbotix_ws/install/interbotix_xs_rviz/share/interbotix_xs_rviz/cmake/interbotix_xs_rvizExport.cmake
[33.847s] -- Installing: /home/mscrobotics2425laptop11/interbotix_ws/install/interbotix_xs_rviz/share/interbotix_xs_rviz/cmake/interbotix_xs_rvizExport-noconfig.cmake
[33.847s] -- Installing: /home/mscrobotics2425laptop11/interbotix_ws/install/interbotix_xs_rviz/share/interbotix_xs_rviz/cmake/ament_cmake_export_targets-extras.cmake
[33.847s] -- Installing: /home/mscrobotics2425laptop11/interbotix_ws/install/interbotix_xs_rviz/share/interbotix_xs_rviz/cmake/ament_cmake_export_dependencies-extras.cmake
[33.847s] -- Installing: /home/mscrobotics2425laptop11/interbotix_ws/install/interbotix_xs_rviz/share/interbotix_xs_rviz/cmake/interbotix_xs_rvizConfig.cmake
[33.848s] -- Installing: /home/mscrobotics2425laptop11/interbotix_ws/install/interbotix_xs_rviz/share/interbotix_xs_rviz/cmake/interbotix_xs_rvizConfig-version.cmake
[33.848s] -- Installing: /home/mscrobotics2425laptop11/interbotix_ws/install/interbotix_xs_rviz/share/interbotix_xs_rviz/package.xml
[33.855s] Invoked command in '/home/mscrobotics2425laptop11/interbotix_ws/build/interbotix_xs_rviz' returned '0': AMENT_PREFIX_PATH=/home/mscrobotics2425laptop11/interbotix_ws/install/interbotix_xs_sdk:/home/mscrobotics2425laptop11/interbotix_ws/install/interbotix_xs_driver:/home/mscrobotics2425laptop11/interbotix_ws/install/interbotix_xs_msgs:/home/mscrobotics2425laptop11/interbotix_ws/install/dynamixel_workbench_toolbox:${AMENT_PREFIX_PATH} CMAKE_PREFIX_PATH=/home/mscrobotics2425laptop11/interbotix_ws/install/interbotix_xs_sdk:/home/mscrobotics2425laptop11/interbotix_ws/install/interbotix_xs_driver:/home/mscrobotics2425laptop11/interbotix_ws/install/interbotix_xs_msgs:/home/mscrobotics2425laptop11/interbotix_ws/install/dynamixel_workbench_toolbox:/home/mscrobotics2425laptop11/apriltag_ws/install/apriltag_ros:/opt/ros/humble LD_LIBRARY_PATH=/home/mscrobotics2425laptop11/interbotix_ws/install/interbotix_xs_driver/lib:/home/mscrobotics2425laptop11/interbotix_ws/install/interbotix_xs_msgs/lib:/home/mscrobotics2425laptop11/interbotix_ws/install/dynamixel_workbench_toolbox/lib:${LD_LIBRARY_PATH} PYTHONPATH=/home/mscrobotics2425laptop11/interbotix_ws/install/interbotix_xs_msgs/local/lib/python3.10/dist-packages:${PYTHONPATH} /usr/bin/cmake --install /home/mscrobotics2425laptop11/interbotix_ws/build/interbotix_xs_rviz
