[0.769s] Invoking command in '/home/mscrobotics2425laptop5/bin_detector': PYTHONPATH=/home/mscrobotics2425laptop5/bin_detector/build/bin_detector/prefix_override:/usr/lib/python3/dist-packages/colcon_core/task/python/colcon_distutils_commands:/home/mscrobotics2425laptop5/bin_detector/install/bin_detector/lib/python3.10/site-packages:${PYTHONPATH} /usr/bin/python3 -W ignore:setup.py install is deprecated setup.py egg_info --egg-base build/bin_detector build --build-base /home/mscrobotics2425laptop5/bin_detector/build/bin_detector/build install --record /home/mscrobotics2425laptop5/bin_detector/build/bin_detector/install.log --single-version-externally-managed install_data
[1.062s] running egg_info
[1.063s] writing build/bin_detector/bin_detector.egg-info/PKG-INFO
[1.063s] writing dependency_links to build/bin_detector/bin_detector.egg-info/dependency_links.txt
[1.063s] writing entry points to build/bin_detector/bin_detector.egg-info/entry_points.txt
[1.063s] writing requirements to build/bin_detector/bin_detector.egg-info/requires.txt
[1.064s] writing top-level names to build/bin_detector/bin_detector.egg-info/top_level.txt
[1.067s] reading manifest file 'build/bin_detector/bin_detector.egg-info/SOURCES.txt'
[1.070s] writing manifest file 'build/bin_detector/bin_detector.egg-info/SOURCES.txt'
[1.070s] running build
[1.070s] running build_py
[1.071s] running install
[1.072s] running install_lib
[1.076s] running install_data
[1.077s] running install_egg_info
[1.083s] removing '/home/mscrobotics2425laptop5/bin_detector/install/bin_detector/lib/python3.10/site-packages/bin_detector-0.0.0-py3.10.egg-info' (and everything under it)
[1.085s] Copying build/bin_detector/bin_detector.egg-info to /home/mscrobotics2425laptop5/bin_detector/install/bin_detector/lib/python3.10/site-packages/bin_detector-0.0.0-py3.10.egg-info
[1.088s] running install_scripts
[1.129s] Installing bin_dectection_node script to /home/mscrobotics2425laptop5/bin_detector/install/bin_detector/lib/bin_detector
[1.130s] writing list of installed files to '/home/mscrobotics2425laptop5/bin_detector/build/bin_detector/install.log'
[1.166s] Invoked command in '/home/mscrobotics2425laptop5/bin_detector' returned '0': PYTHONPATH=/home/mscrobotics2425laptop5/bin_detector/build/bin_detector/prefix_override:/usr/lib/python3/dist-packages/colcon_core/task/python/colcon_distutils_commands:/home/mscrobotics2425laptop5/bin_detector/install/bin_detector/lib/python3.10/site-packages:${PYTHONPATH} /usr/bin/python3 -W ignore:setup.py install is deprecated setup.py egg_info --egg-base build/bin_detector build --build-base /home/mscrobotics2425laptop5/bin_detector/build/bin_detector/build install --record /home/mscrobotics2425laptop5/bin_detector/build/bin_detector/install.log --single-version-externally-managed install_data
