running egg_info
creating build/bin_detector/bin_detector.egg-info
writing build/bin_detector/bin_detector.egg-info/PKG-INFO
writing dependency_links to build/bin_detector/bin_detector.egg-info/dependency_links.txt
writing entry points to build/bin_detector/bin_detector.egg-info/entry_points.txt
writing requirements to build/bin_detector/bin_detector.egg-info/requires.txt
writing top-level names to build/bin_detector/bin_detector.egg-info/top_level.txt
writing manifest file 'build/bin_detector/bin_detector.egg-info/SOURCES.txt'
reading manifest file 'build/bin_detector/bin_detector.egg-info/SOURCES.txt'
writing manifest file 'build/bin_detector/bin_detector.egg-info/SOURCES.txt'
running build
running build_py
creating /home/mscrobotics2425laptop5/bin_detector/build/bin_detector/build
creating /home/mscrobotics2425laptop5/bin_detector/build/bin_detector/build/lib
creating /home/mscrobotics2425laptop5/bin_detector/build/bin_detector/build/lib/bin_detector
copying bin_detector/__init__.py -> /home/mscrobotics2425laptop5/bin_detector/build/bin_detector/build/lib/bin_detector
copying bin_detector/bin_detect.py -> /home/mscrobotics2425laptop5/bin_detector/build/bin_detector/build/lib/bin_detector
running install
running install_lib
creating /home/mscrobotics2425laptop5/bin_detector/install/bin_detector/lib/python3.10/site-packages/bin_detector
copying /home/mscrobotics2425laptop5/bin_detector/build/bin_detector/build/lib/bin_detector/__init__.py -> /home/mscrobotics2425laptop5/bin_detector/install/bin_detector/lib/python3.10/site-packages/bin_detector
copying /home/mscrobotics2425laptop5/bin_detector/build/bin_detector/build/lib/bin_detector/bin_detect.py -> /home/mscrobotics2425laptop5/bin_detector/install/bin_detector/lib/python3.10/site-packages/bin_detector
byte-compiling /home/mscrobotics2425laptop5/bin_detector/install/bin_detector/lib/python3.10/site-packages/bin_detector/__init__.py to __init__.cpython-310.pyc
byte-compiling /home/mscrobotics2425laptop5/bin_detector/install/bin_detector/lib/python3.10/site-packages/bin_detector/bin_detect.py to bin_detect.cpython-310.pyc
running install_data
creating /home/mscrobotics2425laptop5/bin_detector/install/bin_detector/share/ament_index
creating /home/mscrobotics2425laptop5/bin_detector/install/bin_detector/share/ament_index/resource_index
creating /home/mscrobotics2425laptop5/bin_detector/install/bin_detector/share/ament_index/resource_index/packages
copying resource/bin_detector -> /home/mscrobotics2425laptop5/bin_detector/install/bin_detector/share/ament_index/resource_index/packages
copying package.xml -> /home/mscrobotics2425laptop5/bin_detector/install/bin_detector/share/bin_detector
running install_egg_info
Copying build/bin_detector/bin_detector.egg-info to /home/mscrobotics2425laptop5/bin_detector/install/bin_detector/lib/python3.10/site-packages/bin_detector-0.0.0-py3.10.egg-info
running install_scripts
Installing bin_dectection_node script to /home/mscrobotics2425laptop5/bin_detector/install/bin_detector/lib/bin_detector
writing list of installed files to '/home/mscrobotics2425laptop5/bin_detector/build/bin_detector/install.log'
