[1.028s] Invoking command in '/home/mscrobotics2425laptop5/bin_detector': PYTHONPATH=/home/mscrobotics2425laptop5/bin_detector/build/bin_detector/prefix_override:/usr/lib/python3/dist-packages/colcon_core/task/python/colcon_distutils_commands:/home/mscrobotics2425laptop5/bin_detector/install/bin_detector/lib/python3.10/site-packages:${PYTHONPATH} /usr/bin/python3 -W ignore:setup.py install is deprecated setup.py egg_info --egg-base build/bin_detector build --build-base /home/mscrobotics2425laptop5/bin_detector/build/bin_detector/build install --record /home/mscrobotics2425laptop5/bin_detector/build/bin_detector/install.log --single-version-externally-managed install_data
[1.372s] running egg_info
[1.373s] creating build/bin_detector/bin_detector.egg-info
[1.374s] writing build/bin_detector/bin_detector.egg-info/PKG-INFO
[1.375s] writing dependency_links to build/bin_detector/bin_detector.egg-info/dependency_links.txt
[1.375s] writing entry points to build/bin_detector/bin_detector.egg-info/entry_points.txt
[1.376s] writing requirements to build/bin_detector/bin_detector.egg-info/requires.txt
[1.376s] writing top-level names to build/bin_detector/bin_detector.egg-info/top_level.txt
[1.376s] writing manifest file 'build/bin_detector/bin_detector.egg-info/SOURCES.txt'
[1.382s] reading manifest file 'build/bin_detector/bin_detector.egg-info/SOURCES.txt'
[1.384s] writing manifest file 'build/bin_detector/bin_detector.egg-info/SOURCES.txt'
[1.386s] running build
[1.386s] running build_py
[1.387s] creating /home/mscrobotics2425laptop5/bin_detector/build/bin_detector/build
[1.387s] creating /home/mscrobotics2425laptop5/bin_detector/build/bin_detector/build/lib
[1.388s] creating /home/mscrobotics2425laptop5/bin_detector/build/bin_detector/build/lib/bin_detector
[1.388s] copying bin_detector/__init__.py -> /home/mscrobotics2425laptop5/bin_detector/build/bin_detector/build/lib/bin_detector
[1.388s] copying bin_detector/bin_detect.py -> /home/mscrobotics2425laptop5/bin_detector/build/bin_detector/build/lib/bin_detector
[1.388s] running install
[1.389s] running install_lib
[1.393s] creating /home/mscrobotics2425laptop5/bin_detector/install/bin_detector/lib/python3.10/site-packages/bin_detector
[1.393s] copying /home/mscrobotics2425laptop5/bin_detector/build/bin_detector/build/lib/bin_detector/__init__.py -> /home/mscrobotics2425laptop5/bin_detector/install/bin_detector/lib/python3.10/site-packages/bin_detector
[1.393s] copying /home/mscrobotics2425laptop5/bin_detector/build/bin_detector/build/lib/bin_detector/bin_detect.py -> /home/mscrobotics2425laptop5/bin_detector/install/bin_detector/lib/python3.10/site-packages/bin_detector
[1.396s] byte-compiling /home/mscrobotics2425laptop5/bin_detector/install/bin_detector/lib/python3.10/site-packages/bin_detector/__init__.py to __init__.cpython-310.pyc
[1.397s] byte-compiling /home/mscrobotics2425laptop5/bin_detector/install/bin_detector/lib/python3.10/site-packages/bin_detector/bin_detect.py to bin_detect.cpython-310.pyc
[1.402s] running install_data
[1.402s] creating /home/mscrobotics2425laptop5/bin_detector/install/bin_detector/share/ament_index
[1.403s] creating /home/mscrobotics2425laptop5/bin_detector/install/bin_detector/share/ament_index/resource_index
[1.403s] creating /home/mscrobotics2425laptop5/bin_detector/install/bin_detector/share/ament_index/resource_index/packages
[1.404s] copying resource/bin_detector -> /home/mscrobotics2425laptop5/bin_detector/install/bin_detector/share/ament_index/resource_index/packages
[1.404s] copying package.xml -> /home/mscrobotics2425laptop5/bin_detector/install/bin_detector/share/bin_detector
[1.404s] running install_egg_info
[1.409s] Copying build/bin_detector/bin_detector.egg-info to /home/mscrobotics2425laptop5/bin_detector/install/bin_detector/lib/python3.10/site-packages/bin_detector-0.0.0-py3.10.egg-info
[1.412s] running install_scripts
[1.455s] Installing bin_dectection_node script to /home/mscrobotics2425laptop5/bin_detector/install/bin_detector/lib/bin_detector
[1.457s] writing list of installed files to '/home/mscrobotics2425laptop5/bin_detector/build/bin_detector/install.log'
[1.505s] Invoked command in '/home/mscrobotics2425laptop5/bin_detector' returned '0': PYTHONPATH=/home/mscrobotics2425laptop5/bin_detector/build/bin_detector/prefix_override:/usr/lib/python3/dist-packages/colcon_core/task/python/colcon_distutils_commands:/home/mscrobotics2425laptop5/bin_detector/install/bin_detector/lib/python3.10/site-packages:${PYTHONPATH} /usr/bin/python3 -W ignore:setup.py install is deprecated setup.py egg_info --egg-base build/bin_detector build --build-base /home/mscrobotics2425laptop5/bin_detector/build/bin_detector/build install --record /home/mscrobotics2425laptop5/bin_detector/build/bin_detector/install.log --single-version-externally-managed install_data
