[0.401s] Invoking command in '/home/group4/ros2_ws/build/explore_lite': CMAKE_PREFIX_PATH=${CMAKE_PREFIX_PATH}:/home/group4/ros2_ws/install/teleop_leo:/home/group4/ros2_ws/install/real_leo:/home/group4/ros2_ws/install/my_leo:/home/group4/ros2_ws/install/gz_example_robot_description:/home/group4/ros2_ws/install/bt_demos:/home/group4/ros2_ws/install/autonomous_exploration:/home/group4/interbotix_ws/install/interbotix_xs_modules:/home/group4/interbotix_ws/install/interbotix_perception_modules:/home/group4/interbotix_ws/install/interbotix_common_modules:/opt/ros/humble /usr/bin/cmake /home/group4/ros2_ws/src/m-explore-ros2/explore -DCMAKE_INSTALL_PREFIX=/home/group4/ros2_ws/install/explore_lite
[1.267s] -- The C compiler identification is GNU 11.4.0
[1.267s] -- The CXX compiler identification is GNU 11.4.0
[1.268s] -- Detecting C compiler ABI info
[1.268s] -- Detecting C compiler ABI info - done
[1.268s] -- Check for working C compiler: /usr/bin/cc - skipped
[1.268s] -- Detecting C compile features
[1.268s] -- Detecting C compile features - done
[1.268s] -- Detecting CXX compiler ABI info
[1.268s] -- Detecting CXX compiler ABI info - done
[1.268s] -- Check for working CXX compiler: /usr/bin/c++ - skipped
[1.268s] -- Detecting CXX compile features
[1.268s] -- Detecting CXX compile features - done
[1.268s] -- BuilD for ROS2: humble
[1.268s] -- Found ament_cmake: 1.3.8 (/opt/ros/humble/share/ament_cmake/cmake)
[1.269s] -- Found Python3: /usr/bin/python3 (found version "3.10.12") found components: Interpreter 
[1.269s] -- Found rclcpp: 16.0.8 (/opt/ros/humble/share/rclcpp/cmake)
[1.269s] -- Found rosidl_generator_c: 3.1.5 (/opt/ros/humble/share/rosidl_generator_c/cmake)
[1.269s] -- Found rosidl_adapter: 3.1.5 (/opt/ros/humble/share/rosidl_adapter/cmake)
[1.269s] -- Found rosidl_generator_cpp: 3.1.5 (/opt/ros/humble/share/rosidl_generator_cpp/cmake)
[1.269s] -- Using all available rosidl_typesupport_c: rosidl_typesupport_fastrtps_c;rosidl_typesupport_introspection_c
[1.269s] -- Using all available rosidl_typesupport_cpp: rosidl_typesupport_fastrtps_cpp;rosidl_typesupport_introspection_cpp
[1.269s] -- Found rmw_implementation_cmake: 6.1.1 (/opt/ros/humble/share/rmw_implementation_cmake/cmake)
[1.269s] -- Found rmw_fastrtps_cpp: 6.2.6 (/opt/ros/humble/share/rmw_fastrtps_cpp/cmake)
[1.269s] -- Found OpenSSL: /usr/lib/x86_64-linux-gnu/libcrypto.so (found version "3.0.2")  
[1.269s] -- Found FastRTPS: /opt/ros/humble/include  
[1.269s] -- Using RMW implementation 'rmw_fastrtps_cpp' as default
[1.269s] -- Looking for pthread.h
[1.295s] -- Looking for pthread.h - found
[1.296s] -- Performing Test CMAKE_HAVE_LIBC_PTHREAD
[1.374s] -- Performing Test CMAKE_HAVE_LIBC_PTHREAD - Success
[1.374s] -- Found Threads: TRUE  
[1.667s] -- Found sensor_msgs: 4.2.3 (/opt/ros/humble/share/sensor_msgs/cmake)
[2.048s] -- Found tf2_ros: 0.25.6 (/opt/ros/humble/share/tf2_ros/cmake)
[3.359s] -- Found tf2_geometry_msgs: 0.25.6 (/opt/ros/humble/share/tf2_geometry_msgs/cmake)
[3.444s] -- Found eigen3_cmake_module: 0.1.1 (/opt/ros/humble/share/eigen3_cmake_module/cmake)
[3.447s] -- Found Eigen3: TRUE (found version "3.4.0") 
[3.447s] -- Ensuring Eigen3 include directory is part of orocos-kdl CMake target
[3.480s] -- Found nav2_msgs: 1.1.14 (/opt/ros/humble/share/nav2_msgs/cmake)
[4.593s] -- Found map_msgs: 2.1.0 (/opt/ros/humble/share/map_msgs/cmake)
[4.961s] -- Found visualization_msgs: 4.2.3 (/opt/ros/humble/share/visualization_msgs/cmake)
[5.267s] -- Found nav2_costmap_2d: 1.1.14 (/opt/ros/humble/share/nav2_costmap_2d/cmake)
[8.320s] -- Found ament_lint_auto: 0.12.10 (/opt/ros/humble/share/ament_lint_auto/cmake)
[8.467s] -- Found ament_cmake_gtest: 1.3.8 (/opt/ros/humble/share/ament_cmake_gtest/cmake)
[8.475s] -- Found gtest sources under '/opt/ros/humble/src/gtest_vendor': C++ tests using 'Google Test' will be built
[8.506s] -- Added test 'cppcheck' to perform static code analysis on C / C++ code
[8.507s] -- Configured cppcheck include dirs: /home/group4/ros2_ws/src/m-explore-ros2/explore/include;$<BUILD_INTERFACE:/home/group4/ros2_ws/src/m-explore-ros2/explore/include>
[8.507s] -- Configured cppcheck exclude dirs and/or files: 
[8.508s] -- Added test 'flake8' to check Python code syntax and style conventions
[8.509s] -- Added test 'lint_cmake' to check CMake code style
[8.510s] -- Added test 'pep257' to check Python code against some of the docstring style conventions in PEP 257
[8.512s] -- Added test 'uncrustify' to check C / C++ code style
[8.512s] -- Configured uncrustify additional arguments: 
[8.512s] -- Added test 'xmllint' to check XML markup files
[8.515s] -- Configuring done
[8.588s] -- Generating done
[8.590s] -- Build files have been written to: /home/group4/ros2_ws/build/explore_lite
[8.603s] Invoked command in '/home/group4/ros2_ws/build/explore_lite' returned '0': CMAKE_PREFIX_PATH=${CMAKE_PREFIX_PATH}:/home/group4/ros2_ws/install/teleop_leo:/home/group4/ros2_ws/install/real_leo:/home/group4/ros2_ws/install/my_leo:/home/group4/ros2_ws/install/gz_example_robot_description:/home/group4/ros2_ws/install/bt_demos:/home/group4/ros2_ws/install/autonomous_exploration:/home/group4/interbotix_ws/install/interbotix_xs_modules:/home/group4/interbotix_ws/install/interbotix_perception_modules:/home/group4/interbotix_ws/install/interbotix_common_modules:/opt/ros/humble /usr/bin/cmake /home/group4/ros2_ws/src/m-explore-ros2/explore -DCMAKE_INSTALL_PREFIX=/home/group4/ros2_ws/install/explore_lite
[8.605s] Invoking command in '/home/group4/ros2_ws/build/explore_lite': CMAKE_PREFIX_PATH=${CMAKE_PREFIX_PATH}:/home/group4/ros2_ws/install/teleop_leo:/home/group4/ros2_ws/install/real_leo:/home/group4/ros2_ws/install/my_leo:/home/group4/ros2_ws/install/gz_example_robot_description:/home/group4/ros2_ws/install/bt_demos:/home/group4/ros2_ws/install/autonomous_exploration:/home/group4/interbotix_ws/install/interbotix_xs_modules:/home/group4/interbotix_ws/install/interbotix_perception_modules:/home/group4/interbotix_ws/install/interbotix_common_modules:/opt/ros/humble /usr/bin/cmake --build /home/group4/ros2_ws/build/explore_lite -- -j16 -l16
[8.669s] [ 10%] [32mBuilding CXX object gtest/CMakeFiles/gtest_main.dir/src/gtest_main.cc.o[0m
[8.670s] [ 20%] [32mBuilding CXX object gtest/CMakeFiles/gtest.dir/src/gtest-all.cc.o[0m
[8.672s] [ 40%] [32mBuilding CXX object CMakeFiles/explore.dir/src/costmap_client.cpp.o[0m
[8.673s] [ 40%] [32mBuilding CXX object CMakeFiles/explore.dir/src/frontier_search.cpp.o[0m
[8.673s] [ 50%] [32mBuilding CXX object CMakeFiles/explore.dir/src/explore.cpp.o[0m
[9.538s] [ 60%] [32m[1mLinking CXX static library libgtest_main.a[0m
[9.577s] [ 60%] Built target gtest_main
[12.915s] [ 70%] [32m[1mLinking CXX static library libgtest.a[0m
[13.197s] [ 70%] Built target gtest
[13.230s] [ 80%] [32mBuilding CXX object CMakeFiles/test_explore.dir/test/test_explore.cpp.o[0m
[14.898s] [ 90%] [32m[1mLinking CXX executable test_explore[0m
[16.112s] [ 90%] Built target test_explore
[24.394s] [100%] [32m[1mLinking CXX executable explore[0m
[25.532s] [100%] Built target explore
[25.540s] Invoked command in '/home/group4/ros2_ws/build/explore_lite' returned '0': CMAKE_PREFIX_PATH=${CMAKE_PREFIX_PATH}:/home/group4/ros2_ws/install/teleop_leo:/home/group4/ros2_ws/install/real_leo:/home/group4/ros2_ws/install/my_leo:/home/group4/ros2_ws/install/gz_example_robot_description:/home/group4/ros2_ws/install/bt_demos:/home/group4/ros2_ws/install/autonomous_exploration:/home/group4/interbotix_ws/install/interbotix_xs_modules:/home/group4/interbotix_ws/install/interbotix_perception_modules:/home/group4/interbotix_ws/install/interbotix_common_modules:/opt/ros/humble /usr/bin/cmake --build /home/group4/ros2_ws/build/explore_lite -- -j16 -l16
[25.566s] Invoking command in '/home/group4/ros2_ws/build/explore_lite': CMAKE_PREFIX_PATH=${CMAKE_PREFIX_PATH}:/home/group4/ros2_ws/install/teleop_leo:/home/group4/ros2_ws/install/real_leo:/home/group4/ros2_ws/install/my_leo:/home/group4/ros2_ws/install/gz_example_robot_description:/home/group4/ros2_ws/install/bt_demos:/home/group4/ros2_ws/install/autonomous_exploration:/home/group4/interbotix_ws/install/interbotix_xs_modules:/home/group4/interbotix_ws/install/interbotix_perception_modules:/home/group4/interbotix_ws/install/interbotix_common_modules:/opt/ros/humble /usr/bin/cmake --install /home/group4/ros2_ws/build/explore_lite
[25.571s] -- Install configuration: ""
[25.571s] -- Installing: /home/group4/ros2_ws/install/explore_lite/include/explore/
[25.571s] -- Installing: /home/group4/ros2_ws/install/explore_lite/include/explore//costmap_tools.h
[25.571s] -- Installing: /home/group4/ros2_ws/install/explore_lite/include/explore//explore.h
[25.571s] -- Installing: /home/group4/ros2_ws/install/explore_lite/include/explore//frontier_search.h
[25.571s] -- Installing: /home/group4/ros2_ws/install/explore_lite/include/explore//costmap_client.h
[25.571s] -- Installing: /home/group4/ros2_ws/install/explore_lite/share/explore_lite/config
[25.571s] -- Installing: /home/group4/ros2_ws/install/explore_lite/share/explore_lite/config/params.yaml
[25.572s] -- Installing: /home/group4/ros2_ws/install/explore_lite/share/explore_lite/config/params_costmap.yaml
[25.572s] -- Installing: /home/group4/ros2_ws/install/explore_lite/share/explore_lite/launch
[25.572s] -- Installing: /home/group4/ros2_ws/install/explore_lite/share/explore_lite/launch/explore.launch.py
[25.572s] -- Installing: /home/group4/ros2_ws/install/explore_lite/lib/explore_lite/explore
[25.576s] -- Set runtime path of "/home/group4/ros2_ws/install/explore_lite/lib/explore_lite/explore" to ""
[25.576s] -- Installing: /home/group4/ros2_ws/install/explore_lite/share/ament_index/resource_index/package_run_dependencies/explore_lite
[25.576s] -- Installing: /home/group4/ros2_ws/install/explore_lite/share/ament_index/resource_index/parent_prefix_path/explore_lite
[25.576s] -- Installing: /home/group4/ros2_ws/install/explore_lite/share/explore_lite/environment/ament_prefix_path.sh
[25.576s] -- Installing: /home/group4/ros2_ws/install/explore_lite/share/explore_lite/environment/ament_prefix_path.dsv
[25.576s] -- Installing: /home/group4/ros2_ws/install/explore_lite/share/explore_lite/environment/path.sh
[25.576s] -- Installing: /home/group4/ros2_ws/install/explore_lite/share/explore_lite/environment/path.dsv
[25.576s] -- Installing: /home/group4/ros2_ws/install/explore_lite/share/explore_lite/local_setup.bash
[25.576s] -- Installing: /home/group4/ros2_ws/install/explore_lite/share/explore_lite/local_setup.sh
[25.576s] -- Installing: /home/group4/ros2_ws/install/explore_lite/share/explore_lite/local_setup.zsh
[25.577s] -- Installing: /home/group4/ros2_ws/install/explore_lite/share/explore_lite/local_setup.dsv
[25.577s] -- Installing: /home/group4/ros2_ws/install/explore_lite/share/explore_lite/package.dsv
[25.577s] -- Installing: /home/group4/ros2_ws/install/explore_lite/share/ament_index/resource_index/packages/explore_lite
[25.577s] -- Installing: /home/group4/ros2_ws/install/explore_lite/share/explore_lite/cmake/ament_cmake_export_include_directories-extras.cmake
[25.577s] -- Installing: /home/group4/ros2_ws/install/explore_lite/share/explore_lite/cmake/explore_liteConfig.cmake
[25.577s] -- Installing: /home/group4/ros2_ws/install/explore_lite/share/explore_lite/cmake/explore_liteConfig-version.cmake
[25.577s] -- Installing: /home/group4/ros2_ws/install/explore_lite/share/explore_lite/package.xml
[25.578s] Invoked command in '/home/group4/ros2_ws/build/explore_lite' returned '0': CMAKE_PREFIX_PATH=${CMAKE_PREFIX_PATH}:/home/group4/ros2_ws/install/teleop_leo:/home/group4/ros2_ws/install/real_leo:/home/group4/ros2_ws/install/my_leo:/home/group4/ros2_ws/install/gz_example_robot_description:/home/group4/ros2_ws/install/bt_demos:/home/group4/ros2_ws/install/autonomous_exploration:/home/group4/interbotix_ws/install/interbotix_xs_modules:/home/group4/interbotix_ws/install/interbotix_perception_modules:/home/group4/interbotix_ws/install/interbotix_common_modules:/opt/ros/humble /usr/bin/cmake --install /home/group4/ros2_ws/build/explore_lite
