[0.551s] Invoking command in '/home/mscrobotics2425laptop11/interbotix_ws/build/moveit_visual_tools': CMAKE_PREFIX_PATH=${CMAKE_PREFIX_PATH}:/home/mscrobotics2425laptop11/interbotix_ws/install/interbotix_xs_modules:/home/mscrobotics2425laptop11/interbotix_ws/install/interbotix_perception_modules:/home/mscrobotics2425laptop11/interbotix_ws/install/interbotix_common_modules:/opt/ros/humble /usr/bin/cmake --build /home/mscrobotics2425laptop11/interbotix_ws/build/moveit_visual_tools -- -j12 -l12
[0.816s] [ 66%] Built target moveit_visual_tools
[0.916s] [100%] Built target moveit_visual_tools_demo
[0.939s] Invoked command in '/home/mscrobotics2425laptop11/interbotix_ws/build/moveit_visual_tools' returned '0': CMAKE_PREFIX_PATH=${CMAKE_PREFIX_PATH}:/home/mscrobotics2425laptop11/interbotix_ws/install/interbotix_xs_modules:/home/mscrobotics2425laptop11/interbotix_ws/install/interbotix_perception_modules:/home/mscrobotics2425laptop11/interbotix_ws/install/interbotix_common_modules:/opt/ros/humble /usr/bin/cmake --build /home/mscrobotics2425laptop11/interbotix_ws/build/moveit_visual_tools -- -j12 -l12
[0.943s] Invoking command in '/home/mscrobotics2425laptop11/interbotix_ws/build/moveit_visual_tools': CMAKE_PREFIX_PATH=${CMAKE_PREFIX_PATH}:/home/mscrobotics2425laptop11/interbotix_ws/install/interbotix_xs_modules:/home/mscrobotics2425laptop11/interbotix_ws/install/interbotix_perception_modules:/home/mscrobotics2425laptop11/interbotix_ws/install/interbotix_common_modules:/opt/ros/humble /usr/bin/cmake --install /home/mscrobotics2425laptop11/interbotix_ws/build/moveit_visual_tools
[0.960s] -- Install configuration: "Release"
[0.960s] -- Up-to-date: /home/mscrobotics2425laptop11/interbotix_ws/install/moveit_visual_tools/share/moveit_visual_tools/environment/library_path.sh
[0.960s] -- Up-to-date: /home/mscrobotics2425laptop11/interbotix_ws/install/moveit_visual_tools/share/moveit_visual_tools/environment/library_path.dsv
[0.960s] -- Up-to-date: /home/mscrobotics2425laptop11/interbotix_ws/install/moveit_visual_tools/lib/libmoveit_visual_tools.so
[0.960s] -- Up-to-date: /home/mscrobotics2425laptop11/interbotix_ws/install/moveit_visual_tools/lib/moveit_visual_tools/moveit_visual_tools_demo
[0.961s] -- Up-to-date: /home/mscrobotics2425laptop11/interbotix_ws/install/moveit_visual_tools/include
[0.961s] -- Up-to-date: /home/mscrobotics2425laptop11/interbotix_ws/install/moveit_visual_tools/include/moveit_visual_tools
[0.961s] -- Up-to-date: /home/mscrobotics2425laptop11/interbotix_ws/install/moveit_visual_tools/include/moveit_visual_tools/moveit_visual_tools.h
[0.961s] -- Up-to-date: /home/mscrobotics2425laptop11/interbotix_ws/install/moveit_visual_tools/include/moveit_visual_tools/imarker_end_effector.h
[0.961s] -- Up-to-date: /home/mscrobotics2425laptop11/interbotix_ws/install/moveit_visual_tools/include/moveit_visual_tools/imarker_robot_state.h
[0.961s] -- Up-to-date: /home/mscrobotics2425laptop11/interbotix_ws/install/moveit_visual_tools/share/moveit_visual_tools/launch
[0.961s] -- Up-to-date: /home/mscrobotics2425laptop11/interbotix_ws/install/moveit_visual_tools/share/moveit_visual_tools/launch/demo_rviz.launch.py
[0.962s] -- Up-to-date: /home/mscrobotics2425laptop11/interbotix_ws/install/moveit_visual_tools/share/moveit_visual_tools/launch/demo.rviz
[0.962s] -- Up-to-date: /home/mscrobotics2425laptop11/interbotix_ws/install/moveit_visual_tools/share/moveit_visual_tools/resources
[0.962s] -- Up-to-date: /home/mscrobotics2425laptop11/interbotix_ws/install/moveit_visual_tools/share/moveit_visual_tools/resources/demo.png
[0.962s] -- Up-to-date: /home/mscrobotics2425laptop11/interbotix_ws/install/moveit_visual_tools/share/moveit_visual_tools/resources/rrbot.srdf
[0.962s] -- Up-to-date: /home/mscrobotics2425laptop11/interbotix_ws/install/moveit_visual_tools/share/moveit_visual_tools/resources/screenshot.png
[0.962s] -- Up-to-date: /home/mscrobotics2425laptop11/interbotix_ws/install/moveit_visual_tools/share/moveit_visual_tools/resources/demo_mesh.stl
[0.962s] -- Up-to-date: /home/mscrobotics2425laptop11/interbotix_ws/install/moveit_visual_tools/share/moveit_visual_tools/resources/rrbot.urdf
[0.963s] -- Up-to-date: /home/mscrobotics2425laptop11/interbotix_ws/install/moveit_visual_tools/share/ament_index/resource_index/package_run_dependencies/moveit_visual_tools
[0.967s] -- Up-to-date: /home/mscrobotics2425laptop11/interbotix_ws/install/moveit_visual_tools/share/ament_index/resource_index/parent_prefix_path/moveit_visual_tools
[0.967s] -- Up-to-date: /home/mscrobotics2425laptop11/interbotix_ws/install/moveit_visual_tools/share/moveit_visual_tools/environment/ament_prefix_path.sh
[0.967s] -- Up-to-date: /home/mscrobotics2425laptop11/interbotix_ws/install/moveit_visual_tools/share/moveit_visual_tools/environment/ament_prefix_path.dsv
[0.967s] -- Up-to-date: /home/mscrobotics2425laptop11/interbotix_ws/install/moveit_visual_tools/share/moveit_visual_tools/environment/path.sh
[0.970s] -- Up-to-date: /home/mscrobotics2425laptop11/interbotix_ws/install/moveit_visual_tools/share/moveit_visual_tools/environment/path.dsv
[0.971s] -- Up-to-date: /home/mscrobotics2425laptop11/interbotix_ws/install/moveit_visual_tools/share/moveit_visual_tools/local_setup.bash
[0.971s] -- Up-to-date: /home/mscrobotics2425laptop11/interbotix_ws/install/moveit_visual_tools/share/moveit_visual_tools/local_setup.sh
[0.971s] -- Up-to-date: /home/mscrobotics2425laptop11/interbotix_ws/install/moveit_visual_tools/share/moveit_visual_tools/local_setup.zsh
[0.971s] -- Up-to-date: /home/mscrobotics2425laptop11/interbotix_ws/install/moveit_visual_tools/share/moveit_visual_tools/local_setup.dsv
[0.972s] -- Installing: /home/mscrobotics2425laptop11/interbotix_ws/install/moveit_visual_tools/share/moveit_visual_tools/package.dsv
[0.980s] -- Up-to-date: /home/mscrobotics2425laptop11/interbotix_ws/install/moveit_visual_tools/share/ament_index/resource_index/packages/moveit_visual_tools
[0.981s] -- Up-to-date: /home/mscrobotics2425laptop11/interbotix_ws/install/moveit_visual_tools/share/moveit_visual_tools/cmake/export_moveit_visual_toolsExport.cmake
[0.981s] -- Up-to-date: /home/mscrobotics2425laptop11/interbotix_ws/install/moveit_visual_tools/share/moveit_visual_tools/cmake/export_moveit_visual_toolsExport-release.cmake
[0.981s] -- Up-to-date: /home/mscrobotics2425laptop11/interbotix_ws/install/moveit_visual_tools/share/moveit_visual_tools/cmake/ament_cmake_export_targets-extras.cmake
[0.985s] -- Up-to-date: /home/mscrobotics2425laptop11/interbotix_ws/install/moveit_visual_tools/share/moveit_visual_tools/cmake/ament_cmake_export_dependencies-extras.cmake
[0.988s] -- Up-to-date: /home/mscrobotics2425laptop11/interbotix_ws/install/moveit_visual_tools/share/moveit_visual_tools/cmake/moveit_visual_toolsConfig.cmake
[0.989s] -- Up-to-date: /home/mscrobotics2425laptop11/interbotix_ws/install/moveit_visual_tools/share/moveit_visual_tools/cmake/moveit_visual_toolsConfig-version.cmake
[0.989s] -- Up-to-date: /home/mscrobotics2425laptop11/interbotix_ws/install/moveit_visual_tools/share/moveit_visual_tools/package.xml
[0.993s] Invoked command in '/home/mscrobotics2425laptop11/interbotix_ws/build/moveit_visual_tools' returned '0': CMAKE_PREFIX_PATH=${CMAKE_PREFIX_PATH}:/home/mscrobotics2425laptop11/interbotix_ws/install/interbotix_xs_modules:/home/mscrobotics2425laptop11/interbotix_ws/install/interbotix_perception_modules:/home/mscrobotics2425laptop11/interbotix_ws/install/interbotix_common_modules:/opt/ros/humble /usr/bin/cmake --install /home/mscrobotics2425laptop11/interbotix_ws/build/moveit_visual_tools
