[0.051s] Invoking command in '/home/group4/ros2_ws/build/leo_msgs': CMAKE_PREFIX_PATH=${CMAKE_PREFIX_PATH}:/home/group4/ros2_ws/install/teleop_leo:/home/group4/ros2_ws/install/real_leo:/home/group4/ros2_ws/install/my_leo:/home/group4/ros2_ws/install/gz_example_robot_description:/home/group4/ros2_ws/install/bt_demos:/home/group4/ros2_ws/install/autonomous_exploration:/home/group4/interbotix_ws/install/interbotix_xs_modules:/home/group4/interbotix_ws/install/interbotix_perception_modules:/home/group4/interbotix_ws/install/interbotix_common_modules:/opt/ros/humble /usr/bin/cmake --build /home/group4/ros2_ws/build/leo_msgs -- -j16 -l16
[0.685s] [  1%] Built target leo_msgs__cpp
[0.685s] [ 12%] Built target leo_msgs__rosidl_generator_c
[0.685s] [ 12%] Built target ament_cmake_python_copy_leo_msgs
[0.685s] [ 23%] Built target leo_msgs__rosidl_typesupport_cpp
[0.686s] [ 34%] Built target leo_msgs__rosidl_typesupport_fastrtps_cpp
[0.686s] [ 46%] Built target leo_msgs__rosidl_typesupport_introspection_c
[0.686s] [ 57%] Built target leo_msgs__rosidl_typesupport_fastrtps_c
[0.686s] [ 68%] Built target leo_msgs__rosidl_typesupport_introspection_cpp
[0.686s] [ 79%] Built target leo_msgs__rosidl_typesupport_c
[0.687s] [ 79%] Built target leo_msgs
[0.687s] [ 80%] Built target leo_msgs__py
[0.687s] [ 90%] Built target leo_msgs__rosidl_generator_py
[0.687s] [ 96%] Built target leo_msgs__rosidl_typesupport_introspection_c__pyext
[0.687s] [ 96%] Built target leo_msgs__rosidl_typesupport_fastrtps_c__pyext
[0.687s] [100%] Built target leo_msgs__rosidl_typesupport_c__pyext
[0.687s] running egg_info
[0.687s] writing leo_msgs.egg-info/PKG-INFO
[0.687s] writing dependency_links to leo_msgs.egg-info/dependency_links.txt
[0.687s] writing top-level names to leo_msgs.egg-info/top_level.txt
[0.687s] reading manifest file 'leo_msgs.egg-info/SOURCES.txt'
[0.687s] writing manifest file 'leo_msgs.egg-info/SOURCES.txt'
[0.687s] [100%] Built target ament_cmake_python_build_leo_msgs_egg
[0.841s] Invoked command in '/home/group4/ros2_ws/build/leo_msgs' returned '0': CMAKE_PREFIX_PATH=${CMAKE_PREFIX_PATH}:/home/group4/ros2_ws/install/teleop_leo:/home/group4/ros2_ws/install/real_leo:/home/group4/ros2_ws/install/my_leo:/home/group4/ros2_ws/install/gz_example_robot_description:/home/group4/ros2_ws/install/bt_demos:/home/group4/ros2_ws/install/autonomous_exploration:/home/group4/interbotix_ws/install/interbotix_xs_modules:/home/group4/interbotix_ws/install/interbotix_perception_modules:/home/group4/interbotix_ws/install/interbotix_common_modules:/opt/ros/humble /usr/bin/cmake --build /home/group4/ros2_ws/build/leo_msgs -- -j16 -l16
[0.997s] Invoking command in '/home/group4/ros2_ws/build/leo_msgs': CMAKE_PREFIX_PATH=${CMAKE_PREFIX_PATH}:/home/group4/ros2_ws/install/teleop_leo:/home/group4/ros2_ws/install/real_leo:/home/group4/ros2_ws/install/my_leo:/home/group4/ros2_ws/install/gz_example_robot_description:/home/group4/ros2_ws/install/bt_demos:/home/group4/ros2_ws/install/autonomous_exploration:/home/group4/interbotix_ws/install/interbotix_xs_modules:/home/group4/interbotix_ws/install/interbotix_perception_modules:/home/group4/interbotix_ws/install/interbotix_common_modules:/opt/ros/humble /usr/bin/cmake --install /home/group4/ros2_ws/build/leo_msgs
[1.012s] -- Install configuration: ""
[1.012s] -- Up-to-date: /home/group4/ros2_ws/install/leo_msgs/share/ament_index/resource_index/rosidl_interfaces/leo_msgs
[1.013s] -- Up-to-date: /home/group4/ros2_ws/install/leo_msgs/include/leo_msgs/leo_msgs
[1.013s] -- Up-to-date: /home/group4/ros2_ws/install/leo_msgs/include/leo_msgs/leo_msgs/srv
[1.013s] -- Up-to-date: /home/group4/ros2_ws/install/leo_msgs/include/leo_msgs/leo_msgs/srv/set_imu_calibration.h
[1.013s] -- Up-to-date: /home/group4/ros2_ws/install/leo_msgs/include/leo_msgs/leo_msgs/srv/detail
[1.013s] -- Up-to-date: /home/group4/ros2_ws/install/leo_msgs/include/leo_msgs/leo_msgs/srv/detail/set_imu_calibration__type_support.h
[1.013s] -- Up-to-date: /home/group4/ros2_ws/install/leo_msgs/include/leo_msgs/leo_msgs/srv/detail/set_imu_calibration__functions.c
[1.013s] -- Up-to-date: /home/group4/ros2_ws/install/leo_msgs/include/leo_msgs/leo_msgs/srv/detail/set_imu_calibration__struct.h
[1.013s] -- Up-to-date: /home/group4/ros2_ws/install/leo_msgs/include/leo_msgs/leo_msgs/srv/detail/set_imu_calibration__functions.h
[1.013s] -- Up-to-date: /home/group4/ros2_ws/install/leo_msgs/include/leo_msgs/leo_msgs/msg
[1.013s] -- Up-to-date: /home/group4/ros2_ws/install/leo_msgs/include/leo_msgs/leo_msgs/msg/wheel_odom_mecanum.h
[1.013s] -- Up-to-date: /home/group4/ros2_ws/install/leo_msgs/include/leo_msgs/leo_msgs/msg/wheel_states.h
[1.013s] -- Up-to-date: /home/group4/ros2_ws/install/leo_msgs/include/leo_msgs/leo_msgs/msg/detail
[1.013s] -- Up-to-date: /home/group4/ros2_ws/install/leo_msgs/include/leo_msgs/leo_msgs/msg/detail/imu__struct.h
[1.014s] -- Up-to-date: /home/group4/ros2_ws/install/leo_msgs/include/leo_msgs/leo_msgs/msg/detail/wheel_states__functions.c
[1.014s] -- Up-to-date: /home/group4/ros2_ws/install/leo_msgs/include/leo_msgs/leo_msgs/msg/detail/wheel_odom__functions.c
[1.014s] -- Up-to-date: /home/group4/ros2_ws/install/leo_msgs/include/leo_msgs/leo_msgs/msg/detail/wheel_states__type_support.h
[1.014s] -- Up-to-date: /home/group4/ros2_ws/install/leo_msgs/include/leo_msgs/leo_msgs/msg/detail/wheel_odom_mecanum__struct.h
[1.014s] -- Up-to-date: /home/group4/ros2_ws/install/leo_msgs/include/leo_msgs/leo_msgs/msg/detail/imu__type_support.h
[1.014s] -- Up-to-date: /home/group4/ros2_ws/install/leo_msgs/include/leo_msgs/leo_msgs/msg/detail/wheel_odom__functions.h
[1.014s] -- Up-to-date: /home/group4/ros2_ws/install/leo_msgs/include/leo_msgs/leo_msgs/msg/detail/imu__functions.h
[1.014s] -- Up-to-date: /home/group4/ros2_ws/install/leo_msgs/include/leo_msgs/leo_msgs/msg/detail/imu__functions.c
[1.014s] -- Up-to-date: /home/group4/ros2_ws/install/leo_msgs/include/leo_msgs/leo_msgs/msg/detail/wheel_states__struct.h
[1.014s] -- Up-to-date: /home/group4/ros2_ws/install/leo_msgs/include/leo_msgs/leo_msgs/msg/detail/wheel_odom_mecanum__functions.h
[1.014s] -- Up-to-date: /home/group4/ros2_ws/install/leo_msgs/include/leo_msgs/leo_msgs/msg/detail/wheel_odom__type_support.h
[1.014s] -- Up-to-date: /home/group4/ros2_ws/install/leo_msgs/include/leo_msgs/leo_msgs/msg/detail/wheel_odom_mecanum__type_support.h
[1.015s] -- Up-to-date: /home/group4/ros2_ws/install/leo_msgs/include/leo_msgs/leo_msgs/msg/detail/wheel_states__functions.h
[1.015s] -- Up-to-date: /home/group4/ros2_ws/install/leo_msgs/include/leo_msgs/leo_msgs/msg/detail/wheel_odom_mecanum__functions.c
[1.015s] -- Up-to-date: /home/group4/ros2_ws/install/leo_msgs/include/leo_msgs/leo_msgs/msg/detail/wheel_odom__struct.h
[1.015s] -- Up-to-date: /home/group4/ros2_ws/install/leo_msgs/include/leo_msgs/leo_msgs/msg/imu.h
[1.015s] -- Up-to-date: /home/group4/ros2_ws/install/leo_msgs/include/leo_msgs/leo_msgs/msg/rosidl_generator_c__visibility_control.h
[1.015s] -- Up-to-date: /home/group4/ros2_ws/install/leo_msgs/include/leo_msgs/leo_msgs/msg/wheel_odom.h
[1.015s] -- Up-to-date: /home/group4/ros2_ws/install/leo_msgs/share/leo_msgs/environment/library_path.sh
[1.015s] -- Up-to-date: /home/group4/ros2_ws/install/leo_msgs/share/leo_msgs/environment/library_path.dsv
[1.016s] -- Up-to-date: /home/group4/ros2_ws/install/leo_msgs/lib/libleo_msgs__rosidl_generator_c.so
[1.016s] -- Up-to-date: /home/group4/ros2_ws/install/leo_msgs/include/leo_msgs/leo_msgs
[1.016s] -- Up-to-date: /home/group4/ros2_ws/install/leo_msgs/include/leo_msgs/leo_msgs/srv
[1.016s] -- Up-to-date: /home/group4/ros2_ws/install/leo_msgs/include/leo_msgs/leo_msgs/srv/detail
[1.016s] -- Up-to-date: /home/group4/ros2_ws/install/leo_msgs/include/leo_msgs/leo_msgs/srv/detail/set_imu_calibration__rosidl_typesupport_fastrtps_c.h
[1.016s] -- Up-to-date: /home/group4/ros2_ws/install/leo_msgs/include/leo_msgs/leo_msgs/msg
[1.016s] -- Up-to-date: /home/group4/ros2_ws/install/leo_msgs/include/leo_msgs/leo_msgs/msg/detail
[1.017s] -- Up-to-date: /home/group4/ros2_ws/install/leo_msgs/include/leo_msgs/leo_msgs/msg/detail/wheel_odom__rosidl_typesupport_fastrtps_c.h
[1.017s] -- Up-to-date: /home/group4/ros2_ws/install/leo_msgs/include/leo_msgs/leo_msgs/msg/detail/imu__rosidl_typesupport_fastrtps_c.h
[1.017s] -- Up-to-date: /home/group4/ros2_ws/install/leo_msgs/include/leo_msgs/leo_msgs/msg/detail/wheel_odom_mecanum__rosidl_typesupport_fastrtps_c.h
[1.017s] -- Up-to-date: /home/group4/ros2_ws/install/leo_msgs/include/leo_msgs/leo_msgs/msg/detail/wheel_states__rosidl_typesupport_fastrtps_c.h
[1.017s] -- Up-to-date: /home/group4/ros2_ws/install/leo_msgs/include/leo_msgs/leo_msgs/msg/rosidl_typesupport_fastrtps_c__visibility_control.h
[1.018s] -- Up-to-date: /home/group4/ros2_ws/install/leo_msgs/lib/libleo_msgs__rosidl_typesupport_fastrtps_c.so
[1.018s] -- Up-to-date: /home/group4/ros2_ws/install/leo_msgs/include/leo_msgs/leo_msgs
[1.018s] -- Up-to-date: /home/group4/ros2_ws/install/leo_msgs/include/leo_msgs/leo_msgs/srv
[1.018s] -- Up-to-date: /home/group4/ros2_ws/install/leo_msgs/include/leo_msgs/leo_msgs/srv/detail
[1.018s] -- Up-to-date: /home/group4/ros2_ws/install/leo_msgs/include/leo_msgs/leo_msgs/srv/detail/set_imu_calibration__type_support.c
[1.018s] -- Up-to-date: /home/group4/ros2_ws/install/leo_msgs/include/leo_msgs/leo_msgs/srv/detail/set_imu_calibration__rosidl_typesupport_introspection_c.h
[1.018s] -- Up-to-date: /home/group4/ros2_ws/install/leo_msgs/include/leo_msgs/leo_msgs/msg
[1.018s] -- Up-to-date: /home/group4/ros2_ws/install/leo_msgs/include/leo_msgs/leo_msgs/msg/rosidl_typesupport_introspection_c__visibility_control.h
[1.018s] -- Up-to-date: /home/group4/ros2_ws/install/leo_msgs/include/leo_msgs/leo_msgs/msg/detail
[1.018s] -- Up-to-date: /home/group4/ros2_ws/install/leo_msgs/include/leo_msgs/leo_msgs/msg/detail/wheel_odom_mecanum__rosidl_typesupport_introspection_c.h
[1.018s] -- Up-to-date: /home/group4/ros2_ws/install/leo_msgs/include/leo_msgs/leo_msgs/msg/detail/wheel_odom_mecanum__type_support.c
[1.018s] -- Up-to-date: /home/group4/ros2_ws/install/leo_msgs/include/leo_msgs/leo_msgs/msg/detail/wheel_odom__rosidl_typesupport_introspection_c.h
[1.019s] -- Up-to-date: /home/group4/ros2_ws/install/leo_msgs/include/leo_msgs/leo_msgs/msg/detail/imu__type_support.c
[1.019s] -- Up-to-date: /home/group4/ros2_ws/install/leo_msgs/include/leo_msgs/leo_msgs/msg/detail/wheel_odom__type_support.c
[1.019s] -- Up-to-date: /home/group4/ros2_ws/install/leo_msgs/include/leo_msgs/leo_msgs/msg/detail/wheel_states__type_support.c
[1.019s] -- Up-to-date: /home/group4/ros2_ws/install/leo_msgs/include/leo_msgs/leo_msgs/msg/detail/wheel_states__rosidl_typesupport_introspection_c.h
[1.019s] -- Up-to-date: /home/group4/ros2_ws/install/leo_msgs/include/leo_msgs/leo_msgs/msg/detail/imu__rosidl_typesupport_introspection_c.h
[1.019s] -- Up-to-date: /home/group4/ros2_ws/install/leo_msgs/lib/libleo_msgs__rosidl_typesupport_introspection_c.so
[1.019s] -- Up-to-date: /home/group4/ros2_ws/install/leo_msgs/lib/libleo_msgs__rosidl_typesupport_c.so
[1.019s] -- Up-to-date: /home/group4/ros2_ws/install/leo_msgs/include/leo_msgs/leo_msgs
[1.019s] -- Up-to-date: /home/group4/ros2_ws/install/leo_msgs/include/leo_msgs/leo_msgs/srv
[1.019s] -- Up-to-date: /home/group4/ros2_ws/install/leo_msgs/include/leo_msgs/leo_msgs/srv/detail
[1.020s] -- Up-to-date: /home/group4/ros2_ws/install/leo_msgs/include/leo_msgs/leo_msgs/srv/detail/set_imu_calibration__builder.hpp
[1.020s] -- Up-to-date: /home/group4/ros2_ws/install/leo_msgs/include/leo_msgs/leo_msgs/srv/detail/set_imu_calibration__traits.hpp
[1.020s] -- Up-to-date: /home/group4/ros2_ws/install/leo_msgs/include/leo_msgs/leo_msgs/srv/detail/set_imu_calibration__struct.hpp
[1.020s] -- Up-to-date: /home/group4/ros2_ws/install/leo_msgs/include/leo_msgs/leo_msgs/srv/set_imu_calibration.hpp
[1.020s] -- Up-to-date: /home/group4/ros2_ws/install/leo_msgs/include/leo_msgs/leo_msgs/msg
[1.020s] -- Up-to-date: /home/group4/ros2_ws/install/leo_msgs/include/leo_msgs/leo_msgs/msg/imu.hpp
[1.020s] -- Up-to-date: /home/group4/ros2_ws/install/leo_msgs/include/leo_msgs/leo_msgs/msg/wheel_odom_mecanum.hpp
[1.020s] -- Up-to-date: /home/group4/ros2_ws/install/leo_msgs/include/leo_msgs/leo_msgs/msg/wheel_odom.hpp
[1.020s] -- Up-to-date: /home/group4/ros2_ws/install/leo_msgs/include/leo_msgs/leo_msgs/msg/detail
[1.020s] -- Up-to-date: /home/group4/ros2_ws/install/leo_msgs/include/leo_msgs/leo_msgs/msg/detail/imu__builder.hpp
[1.020s] -- Up-to-date: /home/group4/ros2_ws/install/leo_msgs/include/leo_msgs/leo_msgs/msg/detail/wheel_odom__struct.hpp
[1.020s] -- Up-to-date: /home/group4/ros2_ws/install/leo_msgs/include/leo_msgs/leo_msgs/msg/detail/wheel_states__traits.hpp
[1.021s] -- Up-to-date: /home/group4/ros2_ws/install/leo_msgs/include/leo_msgs/leo_msgs/msg/detail/wheel_states__struct.hpp
[1.021s] -- Up-to-date: /home/group4/ros2_ws/install/leo_msgs/include/leo_msgs/leo_msgs/msg/detail/wheel_odom_mecanum__struct.hpp
[1.021s] -- Up-to-date: /home/group4/ros2_ws/install/leo_msgs/include/leo_msgs/leo_msgs/msg/detail/wheel_odom_mecanum__traits.hpp
[1.021s] -- Up-to-date: /home/group4/ros2_ws/install/leo_msgs/include/leo_msgs/leo_msgs/msg/detail/wheel_odom__builder.hpp
[1.021s] -- Up-to-date: /home/group4/ros2_ws/install/leo_msgs/include/leo_msgs/leo_msgs/msg/detail/wheel_states__builder.hpp
[1.021s] -- Up-to-date: /home/group4/ros2_ws/install/leo_msgs/include/leo_msgs/leo_msgs/msg/detail/wheel_odom__traits.hpp
[1.021s] -- Up-to-date: /home/group4/ros2_ws/install/leo_msgs/include/leo_msgs/leo_msgs/msg/detail/imu__traits.hpp
[1.021s] -- Up-to-date: /home/group4/ros2_ws/install/leo_msgs/include/leo_msgs/leo_msgs/msg/detail/imu__struct.hpp
[1.021s] -- Up-to-date: /home/group4/ros2_ws/install/leo_msgs/include/leo_msgs/leo_msgs/msg/detail/wheel_odom_mecanum__builder.hpp
[1.021s] -- Up-to-date: /home/group4/ros2_ws/install/leo_msgs/include/leo_msgs/leo_msgs/msg/wheel_states.hpp
[1.021s] -- Up-to-date: /home/group4/ros2_ws/install/leo_msgs/include/leo_msgs/leo_msgs
[1.022s] -- Up-to-date: /home/group4/ros2_ws/install/leo_msgs/include/leo_msgs/leo_msgs/srv
[1.022s] -- Up-to-date: /home/group4/ros2_ws/install/leo_msgs/include/leo_msgs/leo_msgs/srv/detail
[1.022s] -- Up-to-date: /home/group4/ros2_ws/install/leo_msgs/include/leo_msgs/leo_msgs/srv/detail/set_imu_calibration__rosidl_typesupport_fastrtps_cpp.hpp
[1.022s] -- Up-to-date: /home/group4/ros2_ws/install/leo_msgs/include/leo_msgs/leo_msgs/srv/detail/dds_fastrtps
[1.022s] -- Up-to-date: /home/group4/ros2_ws/install/leo_msgs/include/leo_msgs/leo_msgs/msg
[1.022s] -- Up-to-date: /home/group4/ros2_ws/install/leo_msgs/include/leo_msgs/leo_msgs/msg/rosidl_typesupport_fastrtps_cpp__visibility_control.h
[1.022s] -- Up-to-date: /home/group4/ros2_ws/install/leo_msgs/include/leo_msgs/leo_msgs/msg/detail
[1.022s] -- Up-to-date: /home/group4/ros2_ws/install/leo_msgs/include/leo_msgs/leo_msgs/msg/detail/wheel_odom__rosidl_typesupport_fastrtps_cpp.hpp
[1.022s] -- Up-to-date: /home/group4/ros2_ws/install/leo_msgs/include/leo_msgs/leo_msgs/msg/detail/imu__rosidl_typesupport_fastrtps_cpp.hpp
[1.022s] -- Up-to-date: /home/group4/ros2_ws/install/leo_msgs/include/leo_msgs/leo_msgs/msg/detail/wheel_states__rosidl_typesupport_fastrtps_cpp.hpp
[1.022s] -- Up-to-date: /home/group4/ros2_ws/install/leo_msgs/include/leo_msgs/leo_msgs/msg/detail/dds_fastrtps
[1.022s] -- Up-to-date: /home/group4/ros2_ws/install/leo_msgs/include/leo_msgs/leo_msgs/msg/detail/wheel_odom_mecanum__rosidl_typesupport_fastrtps_cpp.hpp
[1.023s] -- Up-to-date: /home/group4/ros2_ws/install/leo_msgs/lib/libleo_msgs__rosidl_typesupport_fastrtps_cpp.so
[1.023s] -- Up-to-date: /home/group4/ros2_ws/install/leo_msgs/include/leo_msgs/leo_msgs
[1.023s] -- Up-to-date: /home/group4/ros2_ws/install/leo_msgs/include/leo_msgs/leo_msgs/srv
[1.023s] -- Up-to-date: /home/group4/ros2_ws/install/leo_msgs/include/leo_msgs/leo_msgs/srv/detail
[1.023s] -- Up-to-date: /home/group4/ros2_ws/install/leo_msgs/include/leo_msgs/leo_msgs/srv/detail/set_imu_calibration__type_support.cpp
[1.023s] -- Up-to-date: /home/group4/ros2_ws/install/leo_msgs/include/leo_msgs/leo_msgs/srv/detail/set_imu_calibration__rosidl_typesupport_introspection_cpp.hpp
[1.023s] -- Up-to-date: /home/group4/ros2_ws/install/leo_msgs/include/leo_msgs/leo_msgs/msg
[1.023s] -- Up-to-date: /home/group4/ros2_ws/install/leo_msgs/include/leo_msgs/leo_msgs/msg/detail
[1.023s] -- Up-to-date: /home/group4/ros2_ws/install/leo_msgs/include/leo_msgs/leo_msgs/msg/detail/imu__type_support.cpp
[1.023s] -- Up-to-date: /home/group4/ros2_ws/install/leo_msgs/include/leo_msgs/leo_msgs/msg/detail/wheel_odom__type_support.cpp
[1.023s] -- Up-to-date: /home/group4/ros2_ws/install/leo_msgs/include/leo_msgs/leo_msgs/msg/detail/wheel_odom_mecanum__type_support.cpp
[1.023s] -- Up-to-date: /home/group4/ros2_ws/install/leo_msgs/include/leo_msgs/leo_msgs/msg/detail/wheel_odom__rosidl_typesupport_introspection_cpp.hpp
[1.024s] -- Up-to-date: /home/group4/ros2_ws/install/leo_msgs/include/leo_msgs/leo_msgs/msg/detail/imu__rosidl_typesupport_introspection_cpp.hpp
[1.024s] -- Up-to-date: /home/group4/ros2_ws/install/leo_msgs/include/leo_msgs/leo_msgs/msg/detail/wheel_odom_mecanum__rosidl_typesupport_introspection_cpp.hpp
[1.024s] -- Up-to-date: /home/group4/ros2_ws/install/leo_msgs/include/leo_msgs/leo_msgs/msg/detail/wheel_states__rosidl_typesupport_introspection_cpp.hpp
[1.024s] -- Up-to-date: /home/group4/ros2_ws/install/leo_msgs/include/leo_msgs/leo_msgs/msg/detail/wheel_states__type_support.cpp
[1.024s] -- Up-to-date: /home/group4/ros2_ws/install/leo_msgs/lib/libleo_msgs__rosidl_typesupport_introspection_cpp.so
[1.024s] -- Up-to-date: /home/group4/ros2_ws/install/leo_msgs/lib/libleo_msgs__rosidl_typesupport_cpp.so
[1.024s] -- Up-to-date: /home/group4/ros2_ws/install/leo_msgs/share/leo_msgs/environment/pythonpath.sh
[1.025s] -- Up-to-date: /home/group4/ros2_ws/install/leo_msgs/share/leo_msgs/environment/pythonpath.dsv
[1.025s] -- Up-to-date: /home/group4/ros2_ws/install/leo_msgs/local/lib/python3.10/dist-packages/leo_msgs-1.2.1-py3.10.egg-info
[1.025s] -- Installing: /home/group4/ros2_ws/install/leo_msgs/local/lib/python3.10/dist-packages/leo_msgs-1.2.1-py3.10.egg-info/dependency_links.txt
[1.025s] -- Installing: /home/group4/ros2_ws/install/leo_msgs/local/lib/python3.10/dist-packages/leo_msgs-1.2.1-py3.10.egg-info/SOURCES.txt
[1.025s] -- Installing: /home/group4/ros2_ws/install/leo_msgs/local/lib/python3.10/dist-packages/leo_msgs-1.2.1-py3.10.egg-info/PKG-INFO
[1.025s] -- Installing: /home/group4/ros2_ws/install/leo_msgs/local/lib/python3.10/dist-packages/leo_msgs-1.2.1-py3.10.egg-info/top_level.txt
[1.025s] -- Up-to-date: /home/group4/ros2_ws/install/leo_msgs/local/lib/python3.10/dist-packages/leo_msgs
[1.025s] -- Up-to-date: /home/group4/ros2_ws/install/leo_msgs/local/lib/python3.10/dist-packages/leo_msgs/_leo_msgs_s.ep.rosidl_typesupport_introspection_c.c
[1.025s] -- Up-to-date: /home/group4/ros2_ws/install/leo_msgs/local/lib/python3.10/dist-packages/leo_msgs/srv
[1.025s] -- Up-to-date: /home/group4/ros2_ws/install/leo_msgs/local/lib/python3.10/dist-packages/leo_msgs/srv/_set_imu_calibration_s.c
[1.025s] -- Up-to-date: /home/group4/ros2_ws/install/leo_msgs/local/lib/python3.10/dist-packages/leo_msgs/srv/__init__.py
[1.026s] -- Up-to-date: /home/group4/ros2_ws/install/leo_msgs/local/lib/python3.10/dist-packages/leo_msgs/srv/_set_imu_calibration.py
[1.026s] -- Up-to-date: /home/group4/ros2_ws/install/leo_msgs/local/lib/python3.10/dist-packages/leo_msgs/leo_msgs_s__rosidl_typesupport_fastrtps_c.cpython-310-x86_64-linux-gnu.so
[1.026s] -- Up-to-date: /home/group4/ros2_ws/install/leo_msgs/local/lib/python3.10/dist-packages/leo_msgs/libleo_msgs__rosidl_generator_py.so
[1.026s] -- Up-to-date: /home/group4/ros2_ws/install/leo_msgs/local/lib/python3.10/dist-packages/leo_msgs/_leo_msgs_s.ep.rosidl_typesupport_c.c
[1.027s] -- Up-to-date: /home/group4/ros2_ws/install/leo_msgs/local/lib/python3.10/dist-packages/leo_msgs/leo_msgs_s__rosidl_typesupport_introspection_c.cpython-310-x86_64-linux-gnu.so
[1.027s] -- Up-to-date: /home/group4/ros2_ws/install/leo_msgs/local/lib/python3.10/dist-packages/leo_msgs/__init__.py
[1.027s] -- Up-to-date: /home/group4/ros2_ws/install/leo_msgs/local/lib/python3.10/dist-packages/leo_msgs/msg
[1.027s] -- Up-to-date: /home/group4/ros2_ws/install/leo_msgs/local/lib/python3.10/dist-packages/leo_msgs/msg/_imu.py
[1.027s] -- Up-to-date: /home/group4/ros2_ws/install/leo_msgs/local/lib/python3.10/dist-packages/leo_msgs/msg/_wheel_states.py
[1.028s] -- Up-to-date: /home/group4/ros2_ws/install/leo_msgs/local/lib/python3.10/dist-packages/leo_msgs/msg/__init__.py
[1.028s] -- Up-to-date: /home/group4/ros2_ws/install/leo_msgs/local/lib/python3.10/dist-packages/leo_msgs/msg/_wheel_states_s.c
[1.028s] -- Up-to-date: /home/group4/ros2_ws/install/leo_msgs/local/lib/python3.10/dist-packages/leo_msgs/msg/_imu_s.c
[1.028s] -- Up-to-date: /home/group4/ros2_ws/install/leo_msgs/local/lib/python3.10/dist-packages/leo_msgs/msg/_wheel_odom_s.c
[1.028s] -- Up-to-date: /home/group4/ros2_ws/install/leo_msgs/local/lib/python3.10/dist-packages/leo_msgs/msg/_wheel_odom.py
[1.028s] -- Up-to-date: /home/group4/ros2_ws/install/leo_msgs/local/lib/python3.10/dist-packages/leo_msgs/msg/_wheel_odom_mecanum_s.c
[1.028s] -- Up-to-date: /home/group4/ros2_ws/install/leo_msgs/local/lib/python3.10/dist-packages/leo_msgs/msg/_wheel_odom_mecanum.py
[1.029s] -- Up-to-date: /home/group4/ros2_ws/install/leo_msgs/local/lib/python3.10/dist-packages/leo_msgs/leo_msgs_s__rosidl_typesupport_c.cpython-310-x86_64-linux-gnu.so
[1.029s] -- Up-to-date: /home/group4/ros2_ws/install/leo_msgs/local/lib/python3.10/dist-packages/leo_msgs/_leo_msgs_s.ep.rosidl_typesupport_fastrtps_c.c
[1.054s] Listing '/home/group4/ros2_ws/install/leo_msgs/local/lib/python3.10/dist-packages/leo_msgs'...
[1.054s] Listing '/home/group4/ros2_ws/install/leo_msgs/local/lib/python3.10/dist-packages/leo_msgs/msg'...
[1.054s] Listing '/home/group4/ros2_ws/install/leo_msgs/local/lib/python3.10/dist-packages/leo_msgs/srv'...
[1.059s] -- Up-to-date: /home/group4/ros2_ws/install/leo_msgs/local/lib/python3.10/dist-packages/leo_msgs/leo_msgs_s__rosidl_typesupport_fastrtps_c.cpython-310-x86_64-linux-gnu.so
[1.059s] -- Up-to-date: /home/group4/ros2_ws/install/leo_msgs/local/lib/python3.10/dist-packages/leo_msgs/leo_msgs_s__rosidl_typesupport_introspection_c.cpython-310-x86_64-linux-gnu.so
[1.059s] -- Up-to-date: /home/group4/ros2_ws/install/leo_msgs/local/lib/python3.10/dist-packages/leo_msgs/leo_msgs_s__rosidl_typesupport_c.cpython-310-x86_64-linux-gnu.so
[1.060s] -- Up-to-date: /home/group4/ros2_ws/install/leo_msgs/lib/libleo_msgs__rosidl_generator_py.so
[1.060s] -- Up-to-date: /home/group4/ros2_ws/install/leo_msgs/share/leo_msgs/msg/Imu.idl
[1.060s] -- Up-to-date: /home/group4/ros2_ws/install/leo_msgs/share/leo_msgs/msg/WheelOdom.idl
[1.060s] -- Up-to-date: /home/group4/ros2_ws/install/leo_msgs/share/leo_msgs/msg/WheelOdomMecanum.idl
[1.061s] -- Up-to-date: /home/group4/ros2_ws/install/leo_msgs/share/leo_msgs/msg/WheelStates.idl
[1.061s] -- Up-to-date: /home/group4/ros2_ws/install/leo_msgs/share/leo_msgs/srv/SetImuCalibration.idl
[1.061s] -- Up-to-date: /home/group4/ros2_ws/install/leo_msgs/share/leo_msgs/msg/Imu.msg
[1.061s] -- Up-to-date: /home/group4/ros2_ws/install/leo_msgs/share/leo_msgs/msg/WheelOdom.msg
[1.061s] -- Up-to-date: /home/group4/ros2_ws/install/leo_msgs/share/leo_msgs/msg/WheelOdomMecanum.msg
[1.061s] -- Up-to-date: /home/group4/ros2_ws/install/leo_msgs/share/leo_msgs/msg/WheelStates.msg
[1.061s] -- Up-to-date: /home/group4/ros2_ws/install/leo_msgs/share/leo_msgs/srv/SetImuCalibration.srv
[1.061s] -- Up-to-date: /home/group4/ros2_ws/install/leo_msgs/share/leo_msgs/srv/SetImuCalibration_Request.msg
[1.062s] -- Up-to-date: /home/group4/ros2_ws/install/leo_msgs/share/leo_msgs/srv/SetImuCalibration_Response.msg
[1.062s] -- Up-to-date: /home/group4/ros2_ws/install/leo_msgs/share/ament_index/resource_index/package_run_dependencies/leo_msgs
[1.062s] -- Up-to-date: /home/group4/ros2_ws/install/leo_msgs/share/ament_index/resource_index/parent_prefix_path/leo_msgs
[1.062s] -- Up-to-date: /home/group4/ros2_ws/install/leo_msgs/share/leo_msgs/environment/ament_prefix_path.sh
[1.062s] -- Up-to-date: /home/group4/ros2_ws/install/leo_msgs/share/leo_msgs/environment/ament_prefix_path.dsv
[1.062s] -- Up-to-date: /home/group4/ros2_ws/install/leo_msgs/share/leo_msgs/environment/path.sh
[1.062s] -- Up-to-date: /home/group4/ros2_ws/install/leo_msgs/share/leo_msgs/environment/path.dsv
[1.062s] -- Up-to-date: /home/group4/ros2_ws/install/leo_msgs/share/leo_msgs/local_setup.bash
[1.062s] -- Up-to-date: /home/group4/ros2_ws/install/leo_msgs/share/leo_msgs/local_setup.sh
[1.062s] -- Up-to-date: /home/group4/ros2_ws/install/leo_msgs/share/leo_msgs/local_setup.zsh
[1.062s] -- Up-to-date: /home/group4/ros2_ws/install/leo_msgs/share/leo_msgs/local_setup.dsv
[1.062s] -- Installing: /home/group4/ros2_ws/install/leo_msgs/share/leo_msgs/package.dsv
[1.063s] -- Up-to-date: /home/group4/ros2_ws/install/leo_msgs/share/ament_index/resource_index/packages/leo_msgs
[1.063s] -- Up-to-date: /home/group4/ros2_ws/install/leo_msgs/share/leo_msgs/cmake/export_leo_msgs__rosidl_generator_cExport.cmake
[1.063s] -- Up-to-date: /home/group4/ros2_ws/install/leo_msgs/share/leo_msgs/cmake/export_leo_msgs__rosidl_generator_cExport-noconfig.cmake
[1.064s] -- Up-to-date: /home/group4/ros2_ws/install/leo_msgs/share/leo_msgs/cmake/export_leo_msgs__rosidl_typesupport_fastrtps_cExport.cmake
[1.064s] -- Up-to-date: /home/group4/ros2_ws/install/leo_msgs/share/leo_msgs/cmake/export_leo_msgs__rosidl_typesupport_fastrtps_cExport-noconfig.cmake
[1.064s] -- Up-to-date: /home/group4/ros2_ws/install/leo_msgs/share/leo_msgs/cmake/leo_msgs__rosidl_typesupport_introspection_cExport.cmake
[1.064s] -- Up-to-date: /home/group4/ros2_ws/install/leo_msgs/share/leo_msgs/cmake/leo_msgs__rosidl_typesupport_introspection_cExport-noconfig.cmake
[1.064s] -- Up-to-date: /home/group4/ros2_ws/install/leo_msgs/share/leo_msgs/cmake/leo_msgs__rosidl_typesupport_cExport.cmake
[1.065s] -- Up-to-date: /home/group4/ros2_ws/install/leo_msgs/share/leo_msgs/cmake/leo_msgs__rosidl_typesupport_cExport-noconfig.cmake
[1.065s] -- Up-to-date: /home/group4/ros2_ws/install/leo_msgs/share/leo_msgs/cmake/export_leo_msgs__rosidl_generator_cppExport.cmake
[1.065s] -- Up-to-date: /home/group4/ros2_ws/install/leo_msgs/share/leo_msgs/cmake/export_leo_msgs__rosidl_typesupport_fastrtps_cppExport.cmake
[1.065s] -- Up-to-date: /home/group4/ros2_ws/install/leo_msgs/share/leo_msgs/cmake/export_leo_msgs__rosidl_typesupport_fastrtps_cppExport-noconfig.cmake
[1.065s] -- Up-to-date: /home/group4/ros2_ws/install/leo_msgs/share/leo_msgs/cmake/leo_msgs__rosidl_typesupport_introspection_cppExport.cmake
[1.066s] -- Up-to-date: /home/group4/ros2_ws/install/leo_msgs/share/leo_msgs/cmake/leo_msgs__rosidl_typesupport_introspection_cppExport-noconfig.cmake
[1.066s] -- Up-to-date: /home/group4/ros2_ws/install/leo_msgs/share/leo_msgs/cmake/leo_msgs__rosidl_typesupport_cppExport.cmake
[1.066s] -- Up-to-date: /home/group4/ros2_ws/install/leo_msgs/share/leo_msgs/cmake/leo_msgs__rosidl_typesupport_cppExport-noconfig.cmake
[1.066s] -- Up-to-date: /home/group4/ros2_ws/install/leo_msgs/share/leo_msgs/cmake/export_leo_msgs__rosidl_generator_pyExport.cmake
[1.066s] -- Up-to-date: /home/group4/ros2_ws/install/leo_msgs/share/leo_msgs/cmake/export_leo_msgs__rosidl_generator_pyExport-noconfig.cmake
[1.066s] -- Up-to-date: /home/group4/ros2_ws/install/leo_msgs/share/leo_msgs/cmake/rosidl_cmake-extras.cmake
[1.066s] -- Up-to-date: /home/group4/ros2_ws/install/leo_msgs/share/leo_msgs/cmake/ament_cmake_export_dependencies-extras.cmake
[1.066s] -- Up-to-date: /home/group4/ros2_ws/install/leo_msgs/share/leo_msgs/cmake/ament_cmake_export_include_directories-extras.cmake
[1.066s] -- Up-to-date: /home/group4/ros2_ws/install/leo_msgs/share/leo_msgs/cmake/ament_cmake_export_libraries-extras.cmake
[1.066s] -- Up-to-date: /home/group4/ros2_ws/install/leo_msgs/share/leo_msgs/cmake/ament_cmake_export_targets-extras.cmake
[1.066s] -- Up-to-date: /home/group4/ros2_ws/install/leo_msgs/share/leo_msgs/cmake/rosidl_cmake_export_typesupport_targets-extras.cmake
[1.066s] -- Up-to-date: /home/group4/ros2_ws/install/leo_msgs/share/leo_msgs/cmake/rosidl_cmake_export_typesupport_libraries-extras.cmake
[1.066s] -- Up-to-date: /home/group4/ros2_ws/install/leo_msgs/share/leo_msgs/cmake/leo_msgsConfig.cmake
[1.066s] -- Up-to-date: /home/group4/ros2_ws/install/leo_msgs/share/leo_msgs/cmake/leo_msgsConfig-version.cmake
[1.066s] -- Up-to-date: /home/group4/ros2_ws/install/leo_msgs/share/leo_msgs/package.xml
[1.071s] Invoked command in '/home/group4/ros2_ws/build/leo_msgs' returned '0': CMAKE_PREFIX_PATH=${CMAKE_PREFIX_PATH}:/home/group4/ros2_ws/install/teleop_leo:/home/group4/ros2_ws/install/real_leo:/home/group4/ros2_ws/install/my_leo:/home/group4/ros2_ws/install/gz_example_robot_description:/home/group4/ros2_ws/install/bt_demos:/home/group4/ros2_ws/install/autonomous_exploration:/home/group4/interbotix_ws/install/interbotix_xs_modules:/home/group4/interbotix_ws/install/interbotix_perception_modules:/home/group4/interbotix_ws/install/interbotix_common_modules:/opt/ros/humble /usr/bin/cmake --install /home/group4/ros2_ws/build/leo_msgs
