[1.124s] Invoking command in '/home/mscrobotics2425laptop5/bin_detector': PYTHONPATH=/home/mscrobotics2425laptop5/bin_detector/build/bin_detector/prefix_override:/usr/lib/python3/dist-packages/colcon_core/task/python/colcon_distutils_commands:/home/mscrobotics2425laptop5/bin_detector/install/bin_detector/lib/python3.10/site-packages:${PYTHONPATH} /usr/bin/python3 -W ignore:setup.py install is deprecated setup.py egg_info --egg-base build/bin_detector build --build-base /home/mscrobotics2425laptop5/bin_detector/build/bin_detector/build install --record /home/mscrobotics2425laptop5/bin_detector/build/bin_detector/install.log --single-version-externally-managed install_data
[1.540s] running egg_info
[1.541s] writing build/bin_detector/bin_detector.egg-info/PKG-INFO
[1.542s] writing dependency_links to build/bin_detector/bin_detector.egg-info/dependency_links.txt
[1.542s] writing entry points to build/bin_detector/bin_detector.egg-info/entry_points.txt
[1.543s] writing requirements to build/bin_detector/bin_detector.egg-info/requires.txt
[1.543s] writing top-level names to build/bin_detector/bin_detector.egg-info/top_level.txt
[1.548s] reading manifest file 'build/bin_detector/bin_detector.egg-info/SOURCES.txt'
[1.554s] writing manifest file 'build/bin_detector/bin_detector.egg-info/SOURCES.txt'
[1.555s] running build
[1.555s] running build_py
[1.557s] running install
[1.558s] running install_lib
[1.564s] running install_data
[1.565s] running install_egg_info
[1.572s] removing '/home/mscrobotics2425laptop5/bin_detector/install/bin_detector/lib/python3.10/site-packages/bin_detector-0.0.0-py3.10.egg-info' (and everything under it)
[1.573s] Copying build/bin_detector/bin_detector.egg-info to /home/mscrobotics2425laptop5/bin_detector/install/bin_detector/lib/python3.10/site-packages/bin_detector-0.0.0-py3.10.egg-info
[1.577s] running install_scripts
[1.643s] Installing bin_dectection_node script to /home/mscrobotics2425laptop5/bin_detector/install/bin_detector/lib/bin_detector
[1.644s] writing list of installed files to '/home/mscrobotics2425laptop5/bin_detector/build/bin_detector/install.log'
[1.712s] Invoked command in '/home/mscrobotics2425laptop5/bin_detector' returned '0': PYTHONPATH=/home/mscrobotics2425laptop5/bin_detector/build/bin_detector/prefix_override:/usr/lib/python3/dist-packages/colcon_core/task/python/colcon_distutils_commands:/home/mscrobotics2425laptop5/bin_detector/install/bin_detector/lib/python3.10/site-packages:${PYTHONPATH} /usr/bin/python3 -W ignore:setup.py install is deprecated setup.py egg_info --egg-base build/bin_detector build --build-base /home/mscrobotics2425laptop5/bin_detector/build/bin_detector/build install --record /home/mscrobotics2425laptop5/bin_detector/build/bin_detector/install.log --single-version-externally-managed install_data
