running egg_info
creating ../../build/real_leo/real_leo.egg-info
writing ../../build/real_leo/real_leo.egg-info/PKG-INFO
writing dependency_links to ../../build/real_leo/real_leo.egg-info/dependency_links.txt
writing entry points to ../../build/real_leo/real_leo.egg-info/entry_points.txt
writing requirements to ../../build/real_leo/real_leo.egg-info/requires.txt
writing top-level names to ../../build/real_leo/real_leo.egg-info/top_level.txt
writing manifest file '../../build/real_leo/real_leo.egg-info/SOURCES.txt'
reading manifest file '../../build/real_leo/real_leo.egg-info/SOURCES.txt'
writing manifest file '../../build/real_leo/real_leo.egg-info/SOURCES.txt'
running build
running build_py
creating /home/group4/ros2_ws/build/real_leo/build
creating /home/group4/ros2_ws/build/real_leo/build/lib
creating /home/group4/ros2_ws/build/real_leo/build/lib/real_leo
copying real_leo/__init__.py -> /home/group4/ros2_ws/build/real_leo/build/lib/real_leo
running install
running install_lib
creating /home/group4/ros2_ws/install/real_leo/lib/python3.10/site-packages/real_leo
copying /home/group4/ros2_ws/build/real_leo/build/lib/real_leo/__init__.py -> /home/group4/ros2_ws/install/real_leo/lib/python3.10/site-packages/real_leo
byte-compiling /home/group4/ros2_ws/install/real_leo/lib/python3.10/site-packages/real_leo/__init__.py to __init__.cpython-310.pyc
running install_data
creating /home/group4/ros2_ws/install/real_leo/share/ament_index
creating /home/group4/ros2_ws/install/real_leo/share/ament_index/resource_index
creating /home/group4/ros2_ws/install/real_leo/share/ament_index/resource_index/packages
copying resource/real_leo -> /home/group4/ros2_ws/install/real_leo/share/ament_index/resource_index/packages
copying package.xml -> /home/group4/ros2_ws/install/real_leo/share/real_leo
creating /home/group4/ros2_ws/install/real_leo/share/real_leo/launch
copying launch/real_leo.launch.py -> /home/group4/ros2_ws/install/real_leo/share/real_leo/launch
copying launch/navigation.launch.py -> /home/group4/ros2_ws/install/real_leo/share/real_leo/launch
copying launch/teleop_joy.launch.py -> /home/group4/ros2_ws/install/real_leo/share/real_leo/launch
copying launch/rviz_leo.launch.py -> /home/group4/ros2_ws/install/real_leo/share/real_leo/launch
creating /home/group4/ros2_ws/install/real_leo/share/real_leo/urdf
copying urdf/leo_sim.urdf.xacro -> /home/group4/ros2_ws/install/real_leo/share/real_leo/urdf
copying urdf/laser.urdf.xacro -> /home/group4/ros2_ws/install/real_leo/share/real_leo/urdf
copying urdf/macros.xacro -> /home/group4/ros2_ws/install/real_leo/share/real_leo/urdf
creating /home/group4/ros2_ws/install/real_leo/share/real_leo/behavior_tree_xml
copying behavior_tree_xml/bt_example_0.xml -> /home/group4/ros2_ws/install/real_leo/share/real_leo/behavior_tree_xml
creating /home/group4/ros2_ws/install/real_leo/share/real_leo/rviz
copying rviz/slam.rviz -> /home/group4/ros2_ws/install/real_leo/share/real_leo/rviz
copying rviz/robot.rviz -> /home/group4/ros2_ws/install/real_leo/share/real_leo/rviz
copying rviz/robot1.rviz -> /home/group4/ros2_ws/install/real_leo/share/real_leo/rviz
creating /home/group4/ros2_ws/install/real_leo/share/real_leo/worlds
creating /home/group4/ros2_ws/install/real_leo/share/real_leo/models
copying models/WheelMecanumA.dae -> /home/group4/ros2_ws/install/real_leo/share/real_leo/models
copying models/Rocker_outline.stl -> /home/group4/ros2_ws/install/real_leo/share/real_leo/models
copying models/Mecanum_wheel_outline.stl -> /home/group4/ros2_ws/install/real_leo/share/real_leo/models
copying models/Antenna.dae -> /home/group4/ros2_ws/install/real_leo/share/real_leo/models
copying models/WheelB.dae -> /home/group4/ros2_ws/install/real_leo/share/real_leo/models
copying models/Chassis.dae -> /home/group4/ros2_ws/install/real_leo/share/real_leo/models
copying models/WheelMecanumB.dae -> /home/group4/ros2_ws/install/real_leo/share/real_leo/models
copying models/Wheel_outline.stl -> /home/group4/ros2_ws/install/real_leo/share/real_leo/models
copying models/Rocker.dae -> /home/group4/ros2_ws/install/real_leo/share/real_leo/models
copying models/Chassis_outline.stl -> /home/group4/ros2_ws/install/real_leo/share/real_leo/models
copying models/WheelA.dae -> /home/group4/ros2_ws/install/real_leo/share/real_leo/models
creating /home/group4/ros2_ws/install/real_leo/share/real_leo/config
copying config/params.yaml -> /home/group4/ros2_ws/install/real_leo/share/real_leo/config
copying config/ekf_node.yaml -> /home/group4/ros2_ws/install/real_leo/share/real_leo/config
copying config/controller.yaml -> /home/group4/ros2_ws/install/real_leo/share/real_leo/config
copying config/bt_nav.yaml -> /home/group4/ros2_ws/install/real_leo/share/real_leo/config
copying config/simple_smoother.yaml -> /home/group4/ros2_ws/install/real_leo/share/real_leo/config
copying config/twist_mux.yaml -> /home/group4/ros2_ws/install/real_leo/share/real_leo/config
copying config/joy_config.yaml -> /home/group4/ros2_ws/install/real_leo/share/real_leo/config
copying config/planner.yaml -> /home/group4/ros2_ws/install/real_leo/share/real_leo/config
creating /home/group4/ros2_ws/install/real_leo/share/real_leo/maps
running install_egg_info
Copying ../../build/real_leo/real_leo.egg-info to /home/group4/ros2_ws/install/real_leo/lib/python3.10/site-packages/real_leo-0.0.0-py3.10.egg-info
running install_scripts
writing list of installed files to '/home/group4/ros2_ws/build/real_leo/install.log'
