[0.692s] Invoking command in '/home/mscrobotics2425laptop5/yolox_pose_estimator': PYTHONPATH=/home/mscrobotics2425laptop5/yolox_pose_estimator/build/yolox_pose_estimator/prefix_override:/usr/lib/python3/dist-packages/colcon_core/task/python/colcon_distutils_commands:/home/mscrobotics2425laptop5/yolox_pose_estimator/install/yolox_pose_estimator/lib/python3.10/site-packages:${PYTHONPATH} /usr/bin/python3 -W ignore:setup.py install is deprecated setup.py egg_info --egg-base build/yolox_pose_estimator build --build-base /home/mscrobotics2425laptop5/yolox_pose_estimator/build/yolox_pose_estimator/build install --record /home/mscrobotics2425laptop5/yolox_pose_estimator/build/yolox_pose_estimator/install.log --single-version-externally-managed install_data
[0.957s] running egg_info
[0.958s] writing build/yolox_pose_estimator/yolox_pose_estimator.egg-info/PKG-INFO
[0.958s] writing dependency_links to build/yolox_pose_estimator/yolox_pose_estimator.egg-info/dependency_links.txt
[0.959s] writing entry points to build/yolox_pose_estimator/yolox_pose_estimator.egg-info/entry_points.txt
[0.959s] writing requirements to build/yolox_pose_estimator/yolox_pose_estimator.egg-info/requires.txt
[0.959s] writing top-level names to build/yolox_pose_estimator/yolox_pose_estimator.egg-info/top_level.txt
[0.963s] reading manifest file 'build/yolox_pose_estimator/yolox_pose_estimator.egg-info/SOURCES.txt'
[0.965s] writing manifest file 'build/yolox_pose_estimator/yolox_pose_estimator.egg-info/SOURCES.txt'
[0.965s] running build
[0.965s] running build_py
[0.966s] running install
[0.967s] running install_lib
[0.970s] running install_data
[0.971s] running install_egg_info
[0.974s] removing '/home/mscrobotics2425laptop5/yolox_pose_estimator/install/yolox_pose_estimator/lib/python3.10/site-packages/yolox_pose_estimator-0.0.0-py3.10.egg-info' (and everything under it)
[0.974s] Copying build/yolox_pose_estimator/yolox_pose_estimator.egg-info to /home/mscrobotics2425laptop5/yolox_pose_estimator/install/yolox_pose_estimator/lib/python3.10/site-packages/yolox_pose_estimator-0.0.0-py3.10.egg-info
[0.977s] running install_scripts
[1.012s] Installing yolox_inference_node script to /home/mscrobotics2425laptop5/yolox_pose_estimator/install/yolox_pose_estimator/lib/yolox_pose_estimator
[1.012s] writing list of installed files to '/home/mscrobotics2425laptop5/yolox_pose_estimator/build/yolox_pose_estimator/install.log'
[1.039s] Invoked command in '/home/mscrobotics2425laptop5/yolox_pose_estimator' returned '0': PYTHONPATH=/home/mscrobotics2425laptop5/yolox_pose_estimator/build/yolox_pose_estimator/prefix_override:/usr/lib/python3/dist-packages/colcon_core/task/python/colcon_distutils_commands:/home/mscrobotics2425laptop5/yolox_pose_estimator/install/yolox_pose_estimator/lib/python3.10/site-packages:${PYTHONPATH} /usr/bin/python3 -W ignore:setup.py install is deprecated setup.py egg_info --egg-base build/yolox_pose_estimator build --build-base /home/mscrobotics2425laptop5/yolox_pose_estimator/build/yolox_pose_estimator/build install --record /home/mscrobotics2425laptop5/yolox_pose_estimator/build/yolox_pose_estimator/install.log --single-version-externally-managed install_data
