[0.873s] Invoking command in '/home/mscrobotics2425laptop11/interbotix_ws/src/interbotix_ros_toolboxes/interbotix_xs_toolbox/interbotix_xs_modules': AMENT_PREFIX_PATH=/home/mscrobotics2425laptop11/interbotix_ws/install/interbotix_xs_sdk:/home/mscrobotics2425laptop11/interbotix_ws/install/interbotix_xs_driver:/home/mscrobotics2425laptop11/interbotix_ws/install/interbotix_xs_msgs:/home/mscrobotics2425laptop11/interbotix_ws/install/interbotix_common_modules:/home/mscrobotics2425laptop11/interbotix_ws/install/dynamixel_workbench_toolbox:${AMENT_PREFIX_PATH} CMAKE_PREFIX_PATH=/home/mscrobotics2425laptop11/interbotix_ws/install/interbotix_xs_sdk:/home/mscrobotics2425laptop11/interbotix_ws/install/interbotix_xs_driver:/home/mscrobotics2425laptop11/interbotix_ws/install/interbotix_xs_msgs:/home/mscrobotics2425laptop11/interbotix_ws/install/dynamixel_workbench_toolbox LD_LIBRARY_PATH=/home/mscrobotics2425laptop11/interbotix_ws/install/interbotix_xs_driver/lib:/home/mscrobotics2425laptop11/interbotix_ws/install/interbotix_xs_msgs/lib:/home/mscrobotics2425laptop11/interbotix_ws/install/dynamixel_workbench_toolbox/lib:${LD_LIBRARY_PATH} PYTHONPATH=/home/mscrobotics2425laptop11/interbotix_ws/build/interbotix_xs_modules/prefix_override:/usr/lib/python3/dist-packages/colcon_core/task/python/colcon_distutils_commands:/home/mscrobotics2425laptop11/interbotix_ws/install/interbotix_xs_modules/lib/python3.10/site-packages:/home/mscrobotics2425laptop11/interbotix_ws/install/interbotix_xs_msgs/local/lib/python3.10/dist-packages:/home/mscrobotics2425laptop11/interbotix_ws/install/interbotix_common_modules/lib/python3.10/site-packages:${PYTHONPATH} /usr/bin/python3 -W ignore:setup.py install is deprecated -W ignore:easy_install command is deprecated setup.py egg_info --egg-base ../../../../build/interbotix_xs_modules build --build-base /home/mscrobotics2425laptop11/interbotix_ws/build/interbotix_xs_modules/build install --record /home/mscrobotics2425laptop11/interbotix_ws/build/interbotix_xs_modules/install.log --single-version-externally-managed install_data
[1.100s] running egg_info
[1.101s] writing ../../../../build/interbotix_xs_modules/interbotix_xs_modules.egg-info/PKG-INFO
[1.101s] writing dependency_links to ../../../../build/interbotix_xs_modules/interbotix_xs_modules.egg-info/dependency_links.txt
[1.102s] writing entry points to ../../../../build/interbotix_xs_modules/interbotix_xs_modules.egg-info/entry_points.txt
[1.103s] writing requirements to ../../../../build/interbotix_xs_modules/interbotix_xs_modules.egg-info/requires.txt
[1.103s] writing top-level names to ../../../../build/interbotix_xs_modules/interbotix_xs_modules.egg-info/top_level.txt
[1.105s] reading manifest file '../../../../build/interbotix_xs_modules/interbotix_xs_modules.egg-info/SOURCES.txt'
[1.106s] writing manifest file '../../../../build/interbotix_xs_modules/interbotix_xs_modules.egg-info/SOURCES.txt'
[1.107s] running build
[1.107s] running build_py
[1.108s] running install
[1.108s] running install_lib
[1.110s] running install_data
[1.110s] running install_egg_info
[1.113s] removing '/home/mscrobotics2425laptop11/interbotix_ws/install/interbotix_xs_modules/lib/python3.10/site-packages/interbotix_xs_modules-0.0.0-py3.10.egg-info' (and everything under it)
[1.115s] Copying ../../../../build/interbotix_xs_modules/interbotix_xs_modules.egg-info to /home/mscrobotics2425laptop11/interbotix_ws/install/interbotix_xs_modules/lib/python3.10/site-packages/interbotix_xs_modules-0.0.0-py3.10.egg-info
[1.117s] running install_scripts
[1.150s] writing list of installed files to '/home/mscrobotics2425laptop11/interbotix_ws/build/interbotix_xs_modules/install.log'
[1.171s] Invoked command in '/home/mscrobotics2425laptop11/interbotix_ws/src/interbotix_ros_toolboxes/interbotix_xs_toolbox/interbotix_xs_modules' returned '0': AMENT_PREFIX_PATH=/home/mscrobotics2425laptop11/interbotix_ws/install/interbotix_xs_sdk:/home/mscrobotics2425laptop11/interbotix_ws/install/interbotix_xs_driver:/home/mscrobotics2425laptop11/interbotix_ws/install/interbotix_xs_msgs:/home/mscrobotics2425laptop11/interbotix_ws/install/interbotix_common_modules:/home/mscrobotics2425laptop11/interbotix_ws/install/dynamixel_workbench_toolbox:${AMENT_PREFIX_PATH} CMAKE_PREFIX_PATH=/home/mscrobotics2425laptop11/interbotix_ws/install/interbotix_xs_sdk:/home/mscrobotics2425laptop11/interbotix_ws/install/interbotix_xs_driver:/home/mscrobotics2425laptop11/interbotix_ws/install/interbotix_xs_msgs:/home/mscrobotics2425laptop11/interbotix_ws/install/dynamixel_workbench_toolbox LD_LIBRARY_PATH=/home/mscrobotics2425laptop11/interbotix_ws/install/interbotix_xs_driver/lib:/home/mscrobotics2425laptop11/interbotix_ws/install/interbotix_xs_msgs/lib:/home/mscrobotics2425laptop11/interbotix_ws/install/dynamixel_workbench_toolbox/lib:${LD_LIBRARY_PATH} PYTHONPATH=/home/mscrobotics2425laptop11/interbotix_ws/build/interbotix_xs_modules/prefix_override:/usr/lib/python3/dist-packages/colcon_core/task/python/colcon_distutils_commands:/home/mscrobotics2425laptop11/interbotix_ws/install/interbotix_xs_modules/lib/python3.10/site-packages:/home/mscrobotics2425laptop11/interbotix_ws/install/interbotix_xs_msgs/local/lib/python3.10/dist-packages:/home/mscrobotics2425laptop11/interbotix_ws/install/interbotix_common_modules/lib/python3.10/site-packages:${PYTHONPATH} /usr/bin/python3 -W ignore:setup.py install is deprecated -W ignore:easy_install command is deprecated setup.py egg_info --egg-base ../../../../build/interbotix_xs_modules build --build-base /home/mscrobotics2425laptop11/interbotix_ws/build/interbotix_xs_modules/build install --record /home/mscrobotics2425laptop11/interbotix_ws/build/interbotix_xs_modules/install.log --single-version-externally-managed install_data
