[0.081s] Invoking command in '/home/mscrobotics2425laptop11/interbotix_ws/build/interbotix_xsarm_joy': AMENT_PREFIX_PATH=/home/mscrobotics2425laptop11/interbotix_ws/install/interbotix_xsarm_control:/home/mscrobotics2425laptop11/interbotix_ws/install/interbotix_xsarm_descriptions:/home/mscrobotics2425laptop11/interbotix_ws/install/interbotix_xs_modules:/home/mscrobotics2425laptop11/interbotix_ws/install/interbotix_xs_sdk:/home/mscrobotics2425laptop11/interbotix_ws/install/interbotix_xs_driver:/home/mscrobotics2425laptop11/interbotix_ws/install/interbotix_xs_msgs:/home/mscrobotics2425laptop11/interbotix_ws/install/interbotix_common_modules:/home/mscrobotics2425laptop11/interbotix_ws/install/dynamixel_workbench_toolbox:${AMENT_PREFIX_PATH} CMAKE_PREFIX_PATH=/home/mscrobotics2425laptop11/interbotix_ws/install/interbotix_xsarm_control:/home/mscrobotics2425laptop11/interbotix_ws/install/interbotix_xsarm_descriptions:/home/mscrobotics2425laptop11/interbotix_ws/install/interbotix_xs_sdk:/home/mscrobotics2425laptop11/interbotix_ws/install/interbotix_xs_driver:/home/mscrobotics2425laptop11/interbotix_ws/install/interbotix_xs_msgs:/home/mscrobotics2425laptop11/interbotix_ws/install/dynamixel_workbench_toolbox:/home/mscrobotics2425laptop11/apriltag_ws/install/apriltag_ros:/opt/ros/humble LD_LIBRARY_PATH=/home/mscrobotics2425laptop11/interbotix_ws/install/interbotix_xs_driver/lib:/home/mscrobotics2425laptop11/interbotix_ws/install/interbotix_xs_msgs/lib:/home/mscrobotics2425laptop11/interbotix_ws/install/dynamixel_workbench_toolbox/lib:${LD_LIBRARY_PATH} PYTHONPATH=/home/mscrobotics2425laptop11/interbotix_ws/install/interbotix_xs_modules/lib/python3.10/site-packages:/home/mscrobotics2425laptop11/interbotix_ws/install/interbotix_xs_msgs/local/lib/python3.10/dist-packages:/home/mscrobotics2425laptop11/interbotix_ws/install/interbotix_common_modules/lib/python3.10/site-packages:${PYTHONPATH} /usr/bin/cmake /home/mscrobotics2425laptop11/interbotix_ws/src/interbotix_ros_manipulators/interbotix_ros_xsarms/examples/interbotix_xsarm_joy -DCMAKE_INSTALL_PREFIX=/home/mscrobotics2425laptop11/interbotix_ws/install/interbotix_xsarm_joy
[0.258s] -- The C compiler identification is GNU 11.4.0
[0.413s] -- The CXX compiler identification is GNU 11.4.0
[0.442s] -- Detecting C compiler ABI info
[0.708s] -- Detecting C compiler ABI info - done
[0.739s] -- Check for working C compiler: /usr/bin/cc - skipped
[0.741s] -- Detecting C compile features
[0.743s] -- Detecting C compile features - done
[0.750s] -- Detecting CXX compiler ABI info
[0.985s] -- Detecting CXX compiler ABI info - done
[1.015s] -- Check for working CXX compiler: /usr/bin/c++ - skipped
[1.017s] -- Detecting CXX compile features
[1.018s] -- Detecting CXX compile features - done
[1.048s] -- Found ament_cmake: 1.3.11 (/opt/ros/humble/share/ament_cmake/cmake)
[1.527s] -- Found Python3: /usr/bin/python3 (found version "3.10.12") found components: Interpreter 
[1.835s] -- Found interbotix_xs_msgs: 0.0.0 (/home/mscrobotics2425laptop11/interbotix_ws/install/interbotix_xs_msgs/share/interbotix_xs_msgs/cmake)
[1.977s] -- Found rosidl_generator_c: 3.1.6 (/opt/ros/humble/share/rosidl_generator_c/cmake)
[2.000s] -- Found rosidl_adapter: 3.1.6 (/opt/ros/humble/share/rosidl_adapter/cmake)
[2.028s] -- Found rosidl_generator_cpp: 3.1.6 (/opt/ros/humble/share/rosidl_generator_cpp/cmake)
[2.054s] -- Using all available rosidl_typesupport_c: rosidl_typesupport_fastrtps_c;rosidl_typesupport_introspection_c
[2.131s] -- Using all available rosidl_typesupport_cpp: rosidl_typesupport_fastrtps_cpp;rosidl_typesupport_introspection_cpp
[2.420s] -- Found rclcpp: 16.0.11 (/opt/ros/humble/share/rclcpp/cmake)
[2.558s] -- Found rmw_implementation_cmake: 6.1.2 (/opt/ros/humble/share/rmw_implementation_cmake/cmake)
[2.568s] -- Found rmw_fastrtps_cpp: 6.2.7 (/opt/ros/humble/share/rmw_fastrtps_cpp/cmake)
[2.829s] -- Found OpenSSL: /usr/lib/x86_64-linux-gnu/libcrypto.so (found version "3.0.2")  
[2.884s] -- Found FastRTPS: /opt/ros/humble/include  
[2.993s] -- Using RMW implementation 'rmw_fastrtps_cpp' as default
[3.016s] -- Looking for pthread.h
[3.204s] -- Looking for pthread.h - found
[3.204s] -- Performing Test CMAKE_HAVE_LIBC_PTHREAD
[3.343s] -- Performing Test CMAKE_HAVE_LIBC_PTHREAD - Success
[3.347s] -- Found Threads: TRUE  
[3.469s] -- Found sensor_msgs: 4.2.4 (/opt/ros/humble/share/sensor_msgs/cmake)
[3.526s] -- Found ament_lint_auto: 0.12.11 (/opt/ros/humble/share/ament_lint_auto/cmake)
[3.751s] -- Added test 'copyright' to check source files copyright and LICENSE
[3.752s] -- Added test 'cppcheck' to perform static code analysis on C / C++ code
[3.753s] -- Configured cppcheck include dirs: 
[3.753s] -- Configured cppcheck exclude dirs and/or files: 
[3.757s] -- Added test 'cpplint' to check C / C++ code against the Google style
[3.757s] -- Configured cpplint exclude dirs and/or files: 
[3.758s] -- Added test 'flake8' to check Python code syntax and style conventions
[3.759s] -- Added test 'lint_cmake' to check CMake code style
[3.761s] -- Added test 'pep257' to check Python code against some of the docstring style conventions in PEP 257
[3.763s] -- Added test 'uncrustify' to check C / C++ code style
[3.763s] -- Configured uncrustify additional arguments: 
[3.764s] -- Added test 'xmllint' to check XML markup files
[3.767s] -- Configuring done
[3.788s] -- Generating done
[3.797s] -- Build files have been written to: /home/mscrobotics2425laptop11/interbotix_ws/build/interbotix_xsarm_joy
[3.813s] Invoked command in '/home/mscrobotics2425laptop11/interbotix_ws/build/interbotix_xsarm_joy' returned '0': AMENT_PREFIX_PATH=/home/mscrobotics2425laptop11/interbotix_ws/install/interbotix_xsarm_control:/home/mscrobotics2425laptop11/interbotix_ws/install/interbotix_xsarm_descriptions:/home/mscrobotics2425laptop11/interbotix_ws/install/interbotix_xs_modules:/home/mscrobotics2425laptop11/interbotix_ws/install/interbotix_xs_sdk:/home/mscrobotics2425laptop11/interbotix_ws/install/interbotix_xs_driver:/home/mscrobotics2425laptop11/interbotix_ws/install/interbotix_xs_msgs:/home/mscrobotics2425laptop11/interbotix_ws/install/interbotix_common_modules:/home/mscrobotics2425laptop11/interbotix_ws/install/dynamixel_workbench_toolbox:${AMENT_PREFIX_PATH} CMAKE_PREFIX_PATH=/home/mscrobotics2425laptop11/interbotix_ws/install/interbotix_xsarm_control:/home/mscrobotics2425laptop11/interbotix_ws/install/interbotix_xsarm_descriptions:/home/mscrobotics2425laptop11/interbotix_ws/install/interbotix_xs_sdk:/home/mscrobotics2425laptop11/interbotix_ws/install/interbotix_xs_driver:/home/mscrobotics2425laptop11/interbotix_ws/install/interbotix_xs_msgs:/home/mscrobotics2425laptop11/interbotix_ws/install/dynamixel_workbench_toolbox:/home/mscrobotics2425laptop11/apriltag_ws/install/apriltag_ros:/opt/ros/humble LD_LIBRARY_PATH=/home/mscrobotics2425laptop11/interbotix_ws/install/interbotix_xs_driver/lib:/home/mscrobotics2425laptop11/interbotix_ws/install/interbotix_xs_msgs/lib:/home/mscrobotics2425laptop11/interbotix_ws/install/dynamixel_workbench_toolbox/lib:${LD_LIBRARY_PATH} PYTHONPATH=/home/mscrobotics2425laptop11/interbotix_ws/install/interbotix_xs_modules/lib/python3.10/site-packages:/home/mscrobotics2425laptop11/interbotix_ws/install/interbotix_xs_msgs/local/lib/python3.10/dist-packages:/home/mscrobotics2425laptop11/interbotix_ws/install/interbotix_common_modules/lib/python3.10/site-packages:${PYTHONPATH} /usr/bin/cmake /home/mscrobotics2425laptop11/interbotix_ws/src/interbotix_ros_manipulators/interbotix_ros_xsarms/examples/interbotix_xsarm_joy -DCMAKE_INSTALL_PREFIX=/home/mscrobotics2425laptop11/interbotix_ws/install/interbotix_xsarm_joy
[3.818s] Invoking command in '/home/mscrobotics2425laptop11/interbotix_ws/build/interbotix_xsarm_joy': AMENT_PREFIX_PATH=/home/mscrobotics2425laptop11/interbotix_ws/install/interbotix_xsarm_control:/home/mscrobotics2425laptop11/interbotix_ws/install/interbotix_xsarm_descriptions:/home/mscrobotics2425laptop11/interbotix_ws/install/interbotix_xs_modules:/home/mscrobotics2425laptop11/interbotix_ws/install/interbotix_xs_sdk:/home/mscrobotics2425laptop11/interbotix_ws/install/interbotix_xs_driver:/home/mscrobotics2425laptop11/interbotix_ws/install/interbotix_xs_msgs:/home/mscrobotics2425laptop11/interbotix_ws/install/interbotix_common_modules:/home/mscrobotics2425laptop11/interbotix_ws/install/dynamixel_workbench_toolbox:${AMENT_PREFIX_PATH} CMAKE_PREFIX_PATH=/home/mscrobotics2425laptop11/interbotix_ws/install/interbotix_xsarm_control:/home/mscrobotics2425laptop11/interbotix_ws/install/interbotix_xsarm_descriptions:/home/mscrobotics2425laptop11/interbotix_ws/install/interbotix_xs_sdk:/home/mscrobotics2425laptop11/interbotix_ws/install/interbotix_xs_driver:/home/mscrobotics2425laptop11/interbotix_ws/install/interbotix_xs_msgs:/home/mscrobotics2425laptop11/interbotix_ws/install/dynamixel_workbench_toolbox:/home/mscrobotics2425laptop11/apriltag_ws/install/apriltag_ros:/opt/ros/humble LD_LIBRARY_PATH=/home/mscrobotics2425laptop11/interbotix_ws/install/interbotix_xs_driver/lib:/home/mscrobotics2425laptop11/interbotix_ws/install/interbotix_xs_msgs/lib:/home/mscrobotics2425laptop11/interbotix_ws/install/dynamixel_workbench_toolbox/lib:${LD_LIBRARY_PATH} PYTHONPATH=/home/mscrobotics2425laptop11/interbotix_ws/install/interbotix_xs_modules/lib/python3.10/site-packages:/home/mscrobotics2425laptop11/interbotix_ws/install/interbotix_xs_msgs/local/lib/python3.10/dist-packages:/home/mscrobotics2425laptop11/interbotix_ws/install/interbotix_common_modules/lib/python3.10/site-packages:${PYTHONPATH} /usr/bin/cmake --build /home/mscrobotics2425laptop11/interbotix_ws/build/interbotix_xsarm_joy -- -j12 -l12
[3.912s] [ 50%] [32mBuilding CXX object CMakeFiles/xsarm_joy.dir/src/xsarm_joy.cpp.o[0m
[23.960s] [100%] [32m[1mLinking CXX executable xsarm_joy[0m
[24.586s] [100%] Built target xsarm_joy
[24.602s] Invoked command in '/home/mscrobotics2425laptop11/interbotix_ws/build/interbotix_xsarm_joy' returned '0': AMENT_PREFIX_PATH=/home/mscrobotics2425laptop11/interbotix_ws/install/interbotix_xsarm_control:/home/mscrobotics2425laptop11/interbotix_ws/install/interbotix_xsarm_descriptions:/home/mscrobotics2425laptop11/interbotix_ws/install/interbotix_xs_modules:/home/mscrobotics2425laptop11/interbotix_ws/install/interbotix_xs_sdk:/home/mscrobotics2425laptop11/interbotix_ws/install/interbotix_xs_driver:/home/mscrobotics2425laptop11/interbotix_ws/install/interbotix_xs_msgs:/home/mscrobotics2425laptop11/interbotix_ws/install/interbotix_common_modules:/home/mscrobotics2425laptop11/interbotix_ws/install/dynamixel_workbench_toolbox:${AMENT_PREFIX_PATH} CMAKE_PREFIX_PATH=/home/mscrobotics2425laptop11/interbotix_ws/install/interbotix_xsarm_control:/home/mscrobotics2425laptop11/interbotix_ws/install/interbotix_xsarm_descriptions:/home/mscrobotics2425laptop11/interbotix_ws/install/interbotix_xs_sdk:/home/mscrobotics2425laptop11/interbotix_ws/install/interbotix_xs_driver:/home/mscrobotics2425laptop11/interbotix_ws/install/interbotix_xs_msgs:/home/mscrobotics2425laptop11/interbotix_ws/install/dynamixel_workbench_toolbox:/home/mscrobotics2425laptop11/apriltag_ws/install/apriltag_ros:/opt/ros/humble LD_LIBRARY_PATH=/home/mscrobotics2425laptop11/interbotix_ws/install/interbotix_xs_driver/lib:/home/mscrobotics2425laptop11/interbotix_ws/install/interbotix_xs_msgs/lib:/home/mscrobotics2425laptop11/interbotix_ws/install/dynamixel_workbench_toolbox/lib:${LD_LIBRARY_PATH} PYTHONPATH=/home/mscrobotics2425laptop11/interbotix_ws/install/interbotix_xs_modules/lib/python3.10/site-packages:/home/mscrobotics2425laptop11/interbotix_ws/install/interbotix_xs_msgs/local/lib/python3.10/dist-packages:/home/mscrobotics2425laptop11/interbotix_ws/install/interbotix_common_modules/lib/python3.10/site-packages:${PYTHONPATH} /usr/bin/cmake --build /home/mscrobotics2425laptop11/interbotix_ws/build/interbotix_xsarm_joy -- -j12 -l12
[24.604s] Invoking command in '/home/mscrobotics2425laptop11/interbotix_ws/build/interbotix_xsarm_joy': AMENT_PREFIX_PATH=/home/mscrobotics2425laptop11/interbotix_ws/install/interbotix_xsarm_control:/home/mscrobotics2425laptop11/interbotix_ws/install/interbotix_xsarm_descriptions:/home/mscrobotics2425laptop11/interbotix_ws/install/interbotix_xs_modules:/home/mscrobotics2425laptop11/interbotix_ws/install/interbotix_xs_sdk:/home/mscrobotics2425laptop11/interbotix_ws/install/interbotix_xs_driver:/home/mscrobotics2425laptop11/interbotix_ws/install/interbotix_xs_msgs:/home/mscrobotics2425laptop11/interbotix_ws/install/interbotix_common_modules:/home/mscrobotics2425laptop11/interbotix_ws/install/dynamixel_workbench_toolbox:${AMENT_PREFIX_PATH} CMAKE_PREFIX_PATH=/home/mscrobotics2425laptop11/interbotix_ws/install/interbotix_xsarm_control:/home/mscrobotics2425laptop11/interbotix_ws/install/interbotix_xsarm_descriptions:/home/mscrobotics2425laptop11/interbotix_ws/install/interbotix_xs_sdk:/home/mscrobotics2425laptop11/interbotix_ws/install/interbotix_xs_driver:/home/mscrobotics2425laptop11/interbotix_ws/install/interbotix_xs_msgs:/home/mscrobotics2425laptop11/interbotix_ws/install/dynamixel_workbench_toolbox:/home/mscrobotics2425laptop11/apriltag_ws/install/apriltag_ros:/opt/ros/humble LD_LIBRARY_PATH=/home/mscrobotics2425laptop11/interbotix_ws/install/interbotix_xs_driver/lib:/home/mscrobotics2425laptop11/interbotix_ws/install/interbotix_xs_msgs/lib:/home/mscrobotics2425laptop11/interbotix_ws/install/dynamixel_workbench_toolbox/lib:${LD_LIBRARY_PATH} PYTHONPATH=/home/mscrobotics2425laptop11/interbotix_ws/install/interbotix_xs_modules/lib/python3.10/site-packages:/home/mscrobotics2425laptop11/interbotix_ws/install/interbotix_xs_msgs/local/lib/python3.10/dist-packages:/home/mscrobotics2425laptop11/interbotix_ws/install/interbotix_common_modules/lib/python3.10/site-packages:${PYTHONPATH} /usr/bin/cmake --install /home/mscrobotics2425laptop11/interbotix_ws/build/interbotix_xsarm_joy
[24.618s] -- Install configuration: ""
[24.618s] -- Installing: /home/mscrobotics2425laptop11/interbotix_ws/install/interbotix_xsarm_joy/lib/interbotix_xsarm_joy/xsarm_joy
[24.625s] -- Set runtime path of "/home/mscrobotics2425laptop11/interbotix_ws/install/interbotix_xsarm_joy/lib/interbotix_xsarm_joy/xsarm_joy" to ""
[24.625s] -- Installing: /home/mscrobotics2425laptop11/interbotix_ws/install/interbotix_xsarm_joy/lib/interbotix_xsarm_joy/xsarm_robot.py
[24.625s] -- Installing: /home/mscrobotics2425laptop11/interbotix_ws/install/interbotix_xsarm_joy/share/interbotix_xsarm_joy//config
[24.625s] -- Installing: /home/mscrobotics2425laptop11/interbotix_ws/install/interbotix_xsarm_joy/share/interbotix_xsarm_joy//config/modes.yaml
[24.626s] -- Installing: /home/mscrobotics2425laptop11/interbotix_ws/install/interbotix_xsarm_joy/share/interbotix_xsarm_joy//launch
[24.626s] -- Installing: /home/mscrobotics2425laptop11/interbotix_ws/install/interbotix_xsarm_joy/share/interbotix_xsarm_joy//launch/xsarm_joy.launch.py
[24.626s] -- Installing: /home/mscrobotics2425laptop11/interbotix_ws/install/interbotix_xsarm_joy/share/ament_index/resource_index/package_run_dependencies/interbotix_xsarm_joy
[24.626s] -- Installing: /home/mscrobotics2425laptop11/interbotix_ws/install/interbotix_xsarm_joy/share/ament_index/resource_index/parent_prefix_path/interbotix_xsarm_joy
[24.627s] -- Installing: /home/mscrobotics2425laptop11/interbotix_ws/install/interbotix_xsarm_joy/share/interbotix_xsarm_joy/environment/ament_prefix_path.sh
[24.627s] -- Installing: /home/mscrobotics2425laptop11/interbotix_ws/install/interbotix_xsarm_joy/share/interbotix_xsarm_joy/environment/ament_prefix_path.dsv
[24.628s] -- Installing: /home/mscrobotics2425laptop11/interbotix_ws/install/interbotix_xsarm_joy/share/interbotix_xsarm_joy/environment/path.sh
[24.628s] -- Installing: /home/mscrobotics2425laptop11/interbotix_ws/install/interbotix_xsarm_joy/share/interbotix_xsarm_joy/environment/path.dsv
[24.629s] -- Installing: /home/mscrobotics2425laptop11/interbotix_ws/install/interbotix_xsarm_joy/share/interbotix_xsarm_joy/local_setup.bash
[24.630s] -- Installing: /home/mscrobotics2425laptop11/interbotix_ws/install/interbotix_xsarm_joy/share/interbotix_xsarm_joy/local_setup.sh
[24.630s] -- Installing: /home/mscrobotics2425laptop11/interbotix_ws/install/interbotix_xsarm_joy/share/interbotix_xsarm_joy/local_setup.zsh
[24.630s] -- Installing: /home/mscrobotics2425laptop11/interbotix_ws/install/interbotix_xsarm_joy/share/interbotix_xsarm_joy/local_setup.dsv
[24.631s] -- Installing: /home/mscrobotics2425laptop11/interbotix_ws/install/interbotix_xsarm_joy/share/interbotix_xsarm_joy/package.dsv
[24.631s] -- Installing: /home/mscrobotics2425laptop11/interbotix_ws/install/interbotix_xsarm_joy/share/ament_index/resource_index/packages/interbotix_xsarm_joy
[24.631s] -- Installing: /home/mscrobotics2425laptop11/interbotix_ws/install/interbotix_xsarm_joy/share/interbotix_xsarm_joy/cmake/interbotix_xsarm_joyConfig.cmake
[24.631s] -- Installing: /home/mscrobotics2425laptop11/interbotix_ws/install/interbotix_xsarm_joy/share/interbotix_xsarm_joy/cmake/interbotix_xsarm_joyConfig-version.cmake
[24.632s] -- Installing: /home/mscrobotics2425laptop11/interbotix_ws/install/interbotix_xsarm_joy/share/interbotix_xsarm_joy/package.xml
[24.638s] Invoked command in '/home/mscrobotics2425laptop11/interbotix_ws/build/interbotix_xsarm_joy' returned '0': AMENT_PREFIX_PATH=/home/mscrobotics2425laptop11/interbotix_ws/install/interbotix_xsarm_control:/home/mscrobotics2425laptop11/interbotix_ws/install/interbotix_xsarm_descriptions:/home/mscrobotics2425laptop11/interbotix_ws/install/interbotix_xs_modules:/home/mscrobotics2425laptop11/interbotix_ws/install/interbotix_xs_sdk:/home/mscrobotics2425laptop11/interbotix_ws/install/interbotix_xs_driver:/home/mscrobotics2425laptop11/interbotix_ws/install/interbotix_xs_msgs:/home/mscrobotics2425laptop11/interbotix_ws/install/interbotix_common_modules:/home/mscrobotics2425laptop11/interbotix_ws/install/dynamixel_workbench_toolbox:${AMENT_PREFIX_PATH} CMAKE_PREFIX_PATH=/home/mscrobotics2425laptop11/interbotix_ws/install/interbotix_xsarm_control:/home/mscrobotics2425laptop11/interbotix_ws/install/interbotix_xsarm_descriptions:/home/mscrobotics2425laptop11/interbotix_ws/install/interbotix_xs_sdk:/home/mscrobotics2425laptop11/interbotix_ws/install/interbotix_xs_driver:/home/mscrobotics2425laptop11/interbotix_ws/install/interbotix_xs_msgs:/home/mscrobotics2425laptop11/interbotix_ws/install/dynamixel_workbench_toolbox:/home/mscrobotics2425laptop11/apriltag_ws/install/apriltag_ros:/opt/ros/humble LD_LIBRARY_PATH=/home/mscrobotics2425laptop11/interbotix_ws/install/interbotix_xs_driver/lib:/home/mscrobotics2425laptop11/interbotix_ws/install/interbotix_xs_msgs/lib:/home/mscrobotics2425laptop11/interbotix_ws/install/dynamixel_workbench_toolbox/lib:${LD_LIBRARY_PATH} PYTHONPATH=/home/mscrobotics2425laptop11/interbotix_ws/install/interbotix_xs_modules/lib/python3.10/site-packages:/home/mscrobotics2425laptop11/interbotix_ws/install/interbotix_xs_msgs/local/lib/python3.10/dist-packages:/home/mscrobotics2425laptop11/interbotix_ws/install/interbotix_common_modules/lib/python3.10/site-packages:${PYTHONPATH} /usr/bin/cmake --install /home/mscrobotics2425laptop11/interbotix_ws/build/interbotix_xsarm_joy
