[0.058s] Invoking command in '/home/group4/ros2_ws/build/leo_gz_worlds': CMAKE_PREFIX_PATH=${CMAKE_PREFIX_PATH}:/home/group4/ros2_ws/install/teleop_leo:/home/group4/ros2_ws/install/real_leo:/home/group4/ros2_ws/install/my_leo:/home/group4/ros2_ws/install/gz_example_robot_description:/home/group4/ros2_ws/install/bt_demos:/home/group4/ros2_ws/install/autonomous_exploration:/home/group4/interbotix_ws/install/interbotix_xs_modules:/home/group4/interbotix_ws/install/interbotix_perception_modules:/home/group4/interbotix_ws/install/interbotix_common_modules:/opt/ros/humble /usr/bin/cmake --build /home/group4/ros2_ws/build/leo_gz_worlds -- -j16 -l16
[0.860s] Invoked command in '/home/group4/ros2_ws/build/leo_gz_worlds' returned '0': CMAKE_PREFIX_PATH=${CMAKE_PREFIX_PATH}:/home/group4/ros2_ws/install/teleop_leo:/home/group4/ros2_ws/install/real_leo:/home/group4/ros2_ws/install/my_leo:/home/group4/ros2_ws/install/gz_example_robot_description:/home/group4/ros2_ws/install/bt_demos:/home/group4/ros2_ws/install/autonomous_exploration:/home/group4/interbotix_ws/install/interbotix_xs_modules:/home/group4/interbotix_ws/install/interbotix_perception_modules:/home/group4/interbotix_ws/install/interbotix_common_modules:/opt/ros/humble /usr/bin/cmake --build /home/group4/ros2_ws/build/leo_gz_worlds -- -j16 -l16
[0.896s] Invoking command in '/home/group4/ros2_ws/build/leo_gz_worlds': CMAKE_PREFIX_PATH=${CMAKE_PREFIX_PATH}:/home/group4/ros2_ws/install/teleop_leo:/home/group4/ros2_ws/install/real_leo:/home/group4/ros2_ws/install/my_leo:/home/group4/ros2_ws/install/gz_example_robot_description:/home/group4/ros2_ws/install/bt_demos:/home/group4/ros2_ws/install/autonomous_exploration:/home/group4/interbotix_ws/install/interbotix_xs_modules:/home/group4/interbotix_ws/install/interbotix_perception_modules:/home/group4/interbotix_ws/install/interbotix_common_modules:/opt/ros/humble /usr/bin/cmake --install /home/group4/ros2_ws/build/leo_gz_worlds
[0.907s] -- Install configuration: ""
[0.907s] -- Up-to-date: /home/group4/ros2_ws/install/leo_gz_worlds/share/leo_gz_worlds/worlds
[0.907s] -- Up-to-date: /home/group4/ros2_ws/install/leo_gz_worlds/share/leo_gz_worlds/worlds/marsyard2022.sdf
[0.907s] -- Up-to-date: /home/group4/ros2_ws/install/leo_gz_worlds/share/leo_gz_worlds/worlds/marsyard2020.sdf
[0.907s] -- Up-to-date: /home/group4/ros2_ws/install/leo_gz_worlds/share/leo_gz_worlds/worlds/marsyard2021.sdf
[0.907s] -- Up-to-date: /home/group4/ros2_ws/install/leo_gz_worlds/share/leo_gz_worlds/worlds/leo_empty.sdf
[0.907s] -- Up-to-date: /home/group4/ros2_ws/install/leo_gz_worlds/share/leo_gz_worlds/models
[0.907s] -- Up-to-date: /home/group4/ros2_ws/install/leo_gz_worlds/share/leo_gz_worlds/models/marsyard2020_terrain
[0.907s] -- Up-to-date: /home/group4/ros2_ws/install/leo_gz_worlds/share/leo_gz_worlds/models/marsyard2020_terrain/meshes
[0.907s] -- Up-to-date: /home/group4/ros2_ws/install/leo_gz_worlds/share/leo_gz_worlds/models/marsyard2020_terrain/meshes/terrain_compressed.obj
[0.907s] -- Up-to-date: /home/group4/ros2_ws/install/leo_gz_worlds/share/leo_gz_worlds/models/marsyard2020_terrain/meshes/terrain_compressed.mtl
[0.907s] -- Up-to-date: /home/group4/ros2_ws/install/leo_gz_worlds/share/leo_gz_worlds/models/marsyard2020_terrain/meshes/textures
[0.907s] -- Up-to-date: /home/group4/ros2_ws/install/leo_gz_worlds/share/leo_gz_worlds/models/marsyard2020_terrain/meshes/textures/fp_rock_04_dif.jpg
[0.907s] -- Up-to-date: /home/group4/ros2_ws/install/leo_gz_worlds/share/leo_gz_worlds/models/marsyard2020_terrain/meshes/textures/diffuse.jpg
[0.907s] -- Up-to-date: /home/group4/ros2_ws/install/leo_gz_worlds/share/leo_gz_worlds/models/marsyard2020_terrain/meshes/textures/fp_rock_spec.jpg
[0.907s] -- Up-to-date: /home/group4/ros2_ws/install/leo_gz_worlds/share/leo_gz_worlds/models/marsyard2020_terrain/meshes/textures/fp_rock_03_dif.jpg
[0.907s] -- Up-to-date: /home/group4/ros2_ws/install/leo_gz_worlds/share/leo_gz_worlds/models/marsyard2020_terrain/model.config
[0.907s] -- Up-to-date: /home/group4/ros2_ws/install/leo_gz_worlds/share/leo_gz_worlds/models/marsyard2020_terrain/model.sdf
[0.908s] -- Up-to-date: /home/group4/ros2_ws/install/leo_gz_worlds/share/leo_gz_worlds/models/marsyard2022_terrain
[0.908s] -- Up-to-date: /home/group4/ros2_ws/install/leo_gz_worlds/share/leo_gz_worlds/models/marsyard2022_terrain/dem
[0.908s] -- Up-to-date: /home/group4/ros2_ws/install/leo_gz_worlds/share/leo_gz_worlds/models/marsyard2022_terrain/dem/marsyard2022_terrain_hm.png
[0.908s] -- Up-to-date: /home/group4/ros2_ws/install/leo_gz_worlds/share/leo_gz_worlds/models/marsyard2022_terrain/dem/marsyard2022_terrain_hm.tif
[0.908s] -- Up-to-date: /home/group4/ros2_ws/install/leo_gz_worlds/share/leo_gz_worlds/models/marsyard2022_terrain/dem/flat_normal.png
[0.908s] -- Up-to-date: /home/group4/ros2_ws/install/leo_gz_worlds/share/leo_gz_worlds/models/marsyard2022_terrain/dem/marsyard2022_terrain_texture.png
[0.908s] -- Up-to-date: /home/group4/ros2_ws/install/leo_gz_worlds/share/leo_gz_worlds/models/marsyard2022_terrain/model.config
[0.908s] -- Up-to-date: /home/group4/ros2_ws/install/leo_gz_worlds/share/leo_gz_worlds/models/marsyard2022_terrain/model.sdf
[0.908s] -- Up-to-date: /home/group4/ros2_ws/install/leo_gz_worlds/share/leo_gz_worlds/models/marsyard2021_terrain
[0.908s] -- Up-to-date: /home/group4/ros2_ws/install/leo_gz_worlds/share/leo_gz_worlds/models/marsyard2021_terrain/meshes
[0.908s] -- Up-to-date: /home/group4/ros2_ws/install/leo_gz_worlds/share/leo_gz_worlds/models/marsyard2021_terrain/meshes/rocks_big.obj
[0.908s] -- Up-to-date: /home/group4/ros2_ws/install/leo_gz_worlds/share/leo_gz_worlds/models/marsyard2021_terrain/meshes/rocks_medium.obj
[0.908s] -- Up-to-date: /home/group4/ros2_ws/install/leo_gz_worlds/share/leo_gz_worlds/models/marsyard2021_terrain/meshes/lava.obj
[0.909s] -- Up-to-date: /home/group4/ros2_ws/install/leo_gz_worlds/share/leo_gz_worlds/models/marsyard2021_terrain/meshes/rocks_big.mtl
[0.909s] -- Up-to-date: /home/group4/ros2_ws/install/leo_gz_worlds/share/leo_gz_worlds/models/marsyard2021_terrain/meshes/lava.mtl
[0.909s] -- Up-to-date: /home/group4/ros2_ws/install/leo_gz_worlds/share/leo_gz_worlds/models/marsyard2021_terrain/meshes/rocks_medium.mtl
[0.911s] -- Up-to-date: /home/group4/ros2_ws/install/leo_gz_worlds/share/leo_gz_worlds/models/marsyard2021_terrain/meshes/textures
[0.911s] -- Up-to-date: /home/group4/ros2_ws/install/leo_gz_worlds/share/leo_gz_worlds/models/marsyard2021_terrain/meshes/textures/fp_rock.jpg
[0.911s] -- Up-to-date: /home/group4/ros2_ws/install/leo_gz_worlds/share/leo_gz_worlds/models/marsyard2021_terrain/meshes/textures/fp_soil_02.jpg
[0.911s] -- Up-to-date: /home/group4/ros2_ws/install/leo_gz_worlds/share/leo_gz_worlds/models/marsyard2021_terrain/meshes/textures/fp_rock01bt.jpg
[0.911s] -- Up-to-date: /home/group4/ros2_ws/install/leo_gz_worlds/share/leo_gz_worlds/models/marsyard2021_terrain/meshes/textures/fp_rock_spec.jpg
[0.911s] -- Up-to-date: /home/group4/ros2_ws/install/leo_gz_worlds/share/leo_gz_worlds/models/marsyard2021_terrain/meshes/textures/fp_natur14l.jpg
[0.911s] -- Up-to-date: /home/group4/ros2_ws/install/leo_gz_worlds/share/leo_gz_worlds/models/marsyard2021_terrain/dem
[0.911s] -- Up-to-date: /home/group4/ros2_ws/install/leo_gz_worlds/share/leo_gz_worlds/models/marsyard2021_terrain/dem/marsyard_terrain_hm.tif
[0.911s] -- Up-to-date: /home/group4/ros2_ws/install/leo_gz_worlds/share/leo_gz_worlds/models/marsyard2021_terrain/dem/flat_normal.png
[0.911s] -- Up-to-date: /home/group4/ros2_ws/install/leo_gz_worlds/share/leo_gz_worlds/models/marsyard2021_terrain/dem/marsyard_terrain_hm.png
[0.911s] -- Up-to-date: /home/group4/ros2_ws/install/leo_gz_worlds/share/leo_gz_worlds/models/marsyard2021_terrain/dem/marsyard_terrain_texture.png
[0.912s] -- Up-to-date: /home/group4/ros2_ws/install/leo_gz_worlds/share/leo_gz_worlds/models/marsyard2021_terrain/model.config
[0.912s] -- Up-to-date: /home/group4/ros2_ws/install/leo_gz_worlds/share/leo_gz_worlds/models/marsyard2021_terrain/model.sdf
[0.912s] -- Up-to-date: /home/group4/ros2_ws/install/leo_gz_worlds/share/leo_gz_worlds/environment/gz_sim_resource_path.dsv
[0.912s] -- Up-to-date: /home/group4/ros2_ws/install/leo_gz_worlds/share/ament_index/resource_index/package_run_dependencies/leo_gz_worlds
[0.912s] -- Up-to-date: /home/group4/ros2_ws/install/leo_gz_worlds/share/ament_index/resource_index/parent_prefix_path/leo_gz_worlds
[0.912s] -- Up-to-date: /home/group4/ros2_ws/install/leo_gz_worlds/share/leo_gz_worlds/environment/ament_prefix_path.sh
[0.912s] -- Up-to-date: /home/group4/ros2_ws/install/leo_gz_worlds/share/leo_gz_worlds/environment/ament_prefix_path.dsv
[0.912s] -- Up-to-date: /home/group4/ros2_ws/install/leo_gz_worlds/share/leo_gz_worlds/environment/path.sh
[0.912s] -- Up-to-date: /home/group4/ros2_ws/install/leo_gz_worlds/share/leo_gz_worlds/environment/path.dsv
[0.912s] -- Up-to-date: /home/group4/ros2_ws/install/leo_gz_worlds/share/leo_gz_worlds/local_setup.bash
[0.912s] -- Up-to-date: /home/group4/ros2_ws/install/leo_gz_worlds/share/leo_gz_worlds/local_setup.sh
[0.912s] -- Up-to-date: /home/group4/ros2_ws/install/leo_gz_worlds/share/leo_gz_worlds/local_setup.zsh
[0.912s] -- Up-to-date: /home/group4/ros2_ws/install/leo_gz_worlds/share/leo_gz_worlds/local_setup.dsv
[0.912s] -- Installing: /home/group4/ros2_ws/install/leo_gz_worlds/share/leo_gz_worlds/package.dsv
[0.912s] -- Up-to-date: /home/group4/ros2_ws/install/leo_gz_worlds/share/ament_index/resource_index/packages/leo_gz_worlds
[0.912s] -- Up-to-date: /home/group4/ros2_ws/install/leo_gz_worlds/share/leo_gz_worlds/cmake/leo_gz_worldsConfig.cmake
[0.913s] -- Up-to-date: /home/group4/ros2_ws/install/leo_gz_worlds/share/leo_gz_worlds/cmake/leo_gz_worldsConfig-version.cmake
[0.913s] -- Up-to-date: /home/group4/ros2_ws/install/leo_gz_worlds/share/leo_gz_worlds/package.xml
[0.934s] Invoked command in '/home/group4/ros2_ws/build/leo_gz_worlds' returned '0': CMAKE_PREFIX_PATH=${CMAKE_PREFIX_PATH}:/home/group4/ros2_ws/install/teleop_leo:/home/group4/ros2_ws/install/real_leo:/home/group4/ros2_ws/install/my_leo:/home/group4/ros2_ws/install/gz_example_robot_description:/home/group4/ros2_ws/install/bt_demos:/home/group4/ros2_ws/install/autonomous_exploration:/home/group4/interbotix_ws/install/interbotix_xs_modules:/home/group4/interbotix_ws/install/interbotix_perception_modules:/home/group4/interbotix_ws/install/interbotix_common_modules:/opt/ros/humble /usr/bin/cmake --install /home/group4/ros2_ws/build/leo_gz_worlds
