[1.601s] Invoking command in '/home/group4/ros2_ws/src/my_leo': PYTHONPATH=/home/group4/ros2_ws/build/my_leo/prefix_override:/home/group4/ros2_ws/install/my_leo/lib/python3.10/site-packages:${PYTHONPATH} /usr/bin/python3 -W ignore:setup.py install is deprecated setup.py egg_info --egg-base ../../build/my_leo build --build-base /home/group4/ros2_ws/build/my_leo/build install --record /home/group4/ros2_ws/build/my_leo/install.log --single-version-externally-managed install_data
[1.851s] running egg_info
[1.851s] writing ../../build/my_leo/my_leo.egg-info/PKG-INFO
[1.851s] writing dependency_links to ../../build/my_leo/my_leo.egg-info/dependency_links.txt
[1.852s] writing entry points to ../../build/my_leo/my_leo.egg-info/entry_points.txt
[1.852s] writing requirements to ../../build/my_leo/my_leo.egg-info/requires.txt
[1.852s] writing top-level names to ../../build/my_leo/my_leo.egg-info/top_level.txt
[1.853s] reading manifest file '../../build/my_leo/my_leo.egg-info/SOURCES.txt'
[1.854s] writing manifest file '../../build/my_leo/my_leo.egg-info/SOURCES.txt'
[1.854s] running build
[1.854s] running build_py
[1.854s] running install
[1.854s] running install_lib
[1.855s] running install_data
[1.856s] running install_egg_info
[1.857s] removing '/home/group4/ros2_ws/install/my_leo/lib/python3.10/site-packages/my_leo-0.0.0-py3.10.egg-info' (and everything under it)
[1.858s] Copying ../../build/my_leo/my_leo.egg-info to /home/group4/ros2_ws/install/my_leo/lib/python3.10/site-packages/my_leo-0.0.0-py3.10.egg-info
[1.858s] running install_scripts
[1.882s] writing list of installed files to '/home/group4/ros2_ws/build/my_leo/install.log'
[1.904s] Invoked command in '/home/group4/ros2_ws/src/my_leo' returned '0': PYTHONPATH=/home/group4/ros2_ws/build/my_leo/prefix_override:/home/group4/ros2_ws/install/my_leo/lib/python3.10/site-packages:${PYTHONPATH} /usr/bin/python3 -W ignore:setup.py install is deprecated setup.py egg_info --egg-base ../../build/my_leo build --build-base /home/group4/ros2_ws/build/my_leo/build install --record /home/group4/ros2_ws/build/my_leo/install.log --single-version-externally-managed install_data
