[0.009s] Invoking command in '/home/group4/ros2_ws/build/rplidar_ros': CMAKE_PREFIX_PATH=${CMAKE_PREFIX_PATH}:/home/group4/ros2_ws/install/teleop_leo:/home/group4/ros2_ws/install/real_leo:/home/group4/ros2_ws/install/my_leo:/home/group4/ros2_ws/install/gz_example_robot_description:/home/group4/ros2_ws/install/bt_demos:/home/group4/ros2_ws/install/autonomous_exploration:/home/group4/interbotix_ws/install/interbotix_xs_modules:/home/group4/interbotix_ws/install/interbotix_perception_modules:/home/group4/interbotix_ws/install/interbotix_common_modules:/opt/ros/humble /usr/bin/cmake /home/group4/ros2_ws/src/rplidar_ros -DCMAKE_INSTALL_PREFIX=/home/group4/ros2_ws/install/rplidar_ros
[0.022s] -- Found ament_cmake: 1.3.8 (/opt/ros/humble/share/ament_cmake/cmake)
[0.112s] -- Override CMake install command with custom implementation using symlinks instead of copying resources
[0.121s] -- Found rclcpp: 16.0.8 (/opt/ros/humble/share/rclcpp/cmake)
[0.147s] -- Found rosidl_generator_c: 3.1.5 (/opt/ros/humble/share/rosidl_generator_c/cmake)
[0.149s] -- Found rosidl_adapter: 3.1.5 (/opt/ros/humble/share/rosidl_adapter/cmake)
[0.154s] -- Found rosidl_generator_cpp: 3.1.5 (/opt/ros/humble/share/rosidl_generator_cpp/cmake)
[0.163s] -- Using all available rosidl_typesupport_c: rosidl_typesupport_fastrtps_c;rosidl_typesupport_introspection_c
[0.174s] -- Using all available rosidl_typesupport_cpp: rosidl_typesupport_fastrtps_cpp;rosidl_typesupport_introspection_cpp
[0.213s] -- Found rmw_implementation_cmake: 6.1.1 (/opt/ros/humble/share/rmw_implementation_cmake/cmake)
[0.215s] -- Found rmw_fastrtps_cpp: 6.2.6 (/opt/ros/humble/share/rmw_fastrtps_cpp/cmake)
[0.308s] -- Using RMW implementation 'rmw_fastrtps_cpp' as default
[0.404s] -- Found sensor_msgs: 4.2.3 (/opt/ros/humble/share/sensor_msgs/cmake)
[0.477s] -- Found std_srvs: 4.2.3 (/opt/ros/humble/share/std_srvs/cmake)
[0.547s] -- Configuring done
[0.559s] -- Generating done
[0.559s] -- Build files have been written to: /home/group4/ros2_ws/build/rplidar_ros
[0.565s] Invoked command in '/home/group4/ros2_ws/build/rplidar_ros' returned '0': CMAKE_PREFIX_PATH=${CMAKE_PREFIX_PATH}:/home/group4/ros2_ws/install/teleop_leo:/home/group4/ros2_ws/install/real_leo:/home/group4/ros2_ws/install/my_leo:/home/group4/ros2_ws/install/gz_example_robot_description:/home/group4/ros2_ws/install/bt_demos:/home/group4/ros2_ws/install/autonomous_exploration:/home/group4/interbotix_ws/install/interbotix_xs_modules:/home/group4/interbotix_ws/install/interbotix_perception_modules:/home/group4/interbotix_ws/install/interbotix_common_modules:/opt/ros/humble /usr/bin/cmake /home/group4/ros2_ws/src/rplidar_ros -DCMAKE_INSTALL_PREFIX=/home/group4/ros2_ws/install/rplidar_ros
[0.566s] Invoking command in '/home/group4/ros2_ws/build/rplidar_ros': CMAKE_PREFIX_PATH=${CMAKE_PREFIX_PATH}:/home/group4/ros2_ws/install/teleop_leo:/home/group4/ros2_ws/install/real_leo:/home/group4/ros2_ws/install/my_leo:/home/group4/ros2_ws/install/gz_example_robot_description:/home/group4/ros2_ws/install/bt_demos:/home/group4/ros2_ws/install/autonomous_exploration:/home/group4/interbotix_ws/install/interbotix_xs_modules:/home/group4/interbotix_ws/install/interbotix_perception_modules:/home/group4/interbotix_ws/install/interbotix_common_modules:/opt/ros/humble /usr/bin/cmake --build /home/group4/ros2_ws/build/rplidar_ros -- -j16 -l16
[0.596s] [35m[1mConsolidate compiler generated dependencies of target rplidar_client[0m
[0.599s] [35m[1mConsolidate compiler generated dependencies of target rplidar_composition[0m
[0.599s] [35m[1mConsolidate compiler generated dependencies of target rplidar_node[0m
[0.608s] [  5%] Built target rplidar_client
[0.619s] [ 52%] Built target rplidar_node
[0.620s] [100%] Built target rplidar_composition
[0.629s] Invoked command in '/home/group4/ros2_ws/build/rplidar_ros' returned '0': CMAKE_PREFIX_PATH=${CMAKE_PREFIX_PATH}:/home/group4/ros2_ws/install/teleop_leo:/home/group4/ros2_ws/install/real_leo:/home/group4/ros2_ws/install/my_leo:/home/group4/ros2_ws/install/gz_example_robot_description:/home/group4/ros2_ws/install/bt_demos:/home/group4/ros2_ws/install/autonomous_exploration:/home/group4/interbotix_ws/install/interbotix_xs_modules:/home/group4/interbotix_ws/install/interbotix_perception_modules:/home/group4/interbotix_ws/install/interbotix_common_modules:/opt/ros/humble /usr/bin/cmake --build /home/group4/ros2_ws/build/rplidar_ros -- -j16 -l16
[0.701s] Invoking command in '/home/group4/ros2_ws/build/rplidar_ros': CMAKE_PREFIX_PATH=${CMAKE_PREFIX_PATH}:/home/group4/ros2_ws/install/teleop_leo:/home/group4/ros2_ws/install/real_leo:/home/group4/ros2_ws/install/my_leo:/home/group4/ros2_ws/install/gz_example_robot_description:/home/group4/ros2_ws/install/bt_demos:/home/group4/ros2_ws/install/autonomous_exploration:/home/group4/interbotix_ws/install/interbotix_xs_modules:/home/group4/interbotix_ws/install/interbotix_perception_modules:/home/group4/interbotix_ws/install/interbotix_common_modules:/opt/ros/humble /usr/bin/cmake --install /home/group4/ros2_ws/build/rplidar_ros
[0.707s] -- Install configuration: ""
[0.707s] -- Execute custom install script
[0.707s] -- Up-to-date symlink: /home/group4/ros2_ws/install/rplidar_ros/share/rplidar_ros/launch/rplidar_a2m12_launch.py
[0.708s] -- Up-to-date symlink: /home/group4/ros2_ws/install/rplidar_ros/share/rplidar_ros/launch/view_rplidar_a2m12_launch.py
[0.708s] -- Up-to-date symlink: /home/group4/ros2_ws/install/rplidar_ros/share/rplidar_ros/rviz/rplidar_ros.rviz
[0.708s] -- Up-to-date symlink: /home/group4/ros2_ws/install/rplidar_ros/lib/rplidar_ros/rplidar_node
[0.708s] -- Up-to-date symlink: /home/group4/ros2_ws/install/rplidar_ros/lib/rplidar_ros/rplidar_composition
[0.708s] -- Up-to-date symlink: /home/group4/ros2_ws/install/rplidar_ros/lib/rplidar_ros/rplidar_client
[0.708s] -- Up-to-date symlink: /home/group4/ros2_ws/install/rplidar_ros/share/ament_index/resource_index/package_run_dependencies/rplidar_ros
[0.708s] -- Up-to-date symlink: /home/group4/ros2_ws/install/rplidar_ros/share/ament_index/resource_index/parent_prefix_path/rplidar_ros
[0.708s] -- Up-to-date symlink: /home/group4/ros2_ws/install/rplidar_ros/share/rplidar_ros/environment/ament_prefix_path.sh
[0.708s] -- Up-to-date symlink: /home/group4/ros2_ws/install/rplidar_ros/share/rplidar_ros/environment/ament_prefix_path.dsv
[0.708s] -- Up-to-date symlink: /home/group4/ros2_ws/install/rplidar_ros/share/rplidar_ros/environment/path.sh
[0.708s] -- Up-to-date symlink: /home/group4/ros2_ws/install/rplidar_ros/share/rplidar_ros/environment/path.dsv
[0.708s] -- Up-to-date symlink: /home/group4/ros2_ws/install/rplidar_ros/share/rplidar_ros/local_setup.bash
[0.708s] -- Up-to-date symlink: /home/group4/ros2_ws/install/rplidar_ros/share/rplidar_ros/local_setup.sh
[0.708s] -- Up-to-date symlink: /home/group4/ros2_ws/install/rplidar_ros/share/rplidar_ros/local_setup.zsh
[0.708s] -- Up-to-date symlink: /home/group4/ros2_ws/install/rplidar_ros/share/rplidar_ros/local_setup.dsv
[0.708s] -- Up-to-date symlink: /home/group4/ros2_ws/install/rplidar_ros/share/rplidar_ros/package.dsv
[0.708s] -- Up-to-date symlink: /home/group4/ros2_ws/install/rplidar_ros/share/ament_index/resource_index/packages/rplidar_ros
[0.709s] -- Up-to-date symlink: /home/group4/ros2_ws/install/rplidar_ros/share/rplidar_ros/cmake/ament_cmake_export_dependencies-extras.cmake
[0.709s] -- Up-to-date symlink: /home/group4/ros2_ws/install/rplidar_ros/share/rplidar_ros/cmake/ament_cmake_export_include_directories-extras.cmake
[0.709s] -- Up-to-date symlink: /home/group4/ros2_ws/install/rplidar_ros/share/rplidar_ros/cmake/rplidar_rosConfig.cmake
[0.709s] -- Up-to-date symlink: /home/group4/ros2_ws/install/rplidar_ros/share/rplidar_ros/cmake/rplidar_rosConfig-version.cmake
[0.709s] -- Up-to-date symlink: /home/group4/ros2_ws/install/rplidar_ros/share/rplidar_ros/package.xml
[0.710s] Invoked command in '/home/group4/ros2_ws/build/rplidar_ros' returned '0': CMAKE_PREFIX_PATH=${CMAKE_PREFIX_PATH}:/home/group4/ros2_ws/install/teleop_leo:/home/group4/ros2_ws/install/real_leo:/home/group4/ros2_ws/install/my_leo:/home/group4/ros2_ws/install/gz_example_robot_description:/home/group4/ros2_ws/install/bt_demos:/home/group4/ros2_ws/install/autonomous_exploration:/home/group4/interbotix_ws/install/interbotix_xs_modules:/home/group4/interbotix_ws/install/interbotix_perception_modules:/home/group4/interbotix_ws/install/interbotix_common_modules:/opt/ros/humble /usr/bin/cmake --install /home/group4/ros2_ws/build/rplidar_ros
