[0.056s] Invoking command in '/home/group4/ros2_ws/build/leo_teleop': CMAKE_PREFIX_PATH=${CMAKE_PREFIX_PATH}:/home/group4/ros2_ws/install/teleop_leo:/home/group4/ros2_ws/install/real_leo:/home/group4/ros2_ws/install/my_leo:/home/group4/ros2_ws/install/leo_gz_worlds:/home/group4/ros2_ws/install/gz_example_robot_description:/home/group4/ros2_ws/install/bt_demos:/home/group4/ros2_ws/install/autonomous_exploration:/home/group4/interbotix_ws/install/interbotix_xs_modules:/home/group4/interbotix_ws/install/interbotix_perception_modules:/home/group4/interbotix_ws/install/interbotix_common_modules:/opt/ros/humble /usr/bin/cmake --build /home/group4/ros2_ws/build/leo_teleop -- -j16 -l16
[1.705s] Invoked command in '/home/group4/ros2_ws/build/leo_teleop' returned '0': CMAKE_PREFIX_PATH=${CMAKE_PREFIX_PATH}:/home/group4/ros2_ws/install/teleop_leo:/home/group4/ros2_ws/install/real_leo:/home/group4/ros2_ws/install/my_leo:/home/group4/ros2_ws/install/leo_gz_worlds:/home/group4/ros2_ws/install/gz_example_robot_description:/home/group4/ros2_ws/install/bt_demos:/home/group4/ros2_ws/install/autonomous_exploration:/home/group4/interbotix_ws/install/interbotix_xs_modules:/home/group4/interbotix_ws/install/interbotix_perception_modules:/home/group4/interbotix_ws/install/interbotix_common_modules:/opt/ros/humble /usr/bin/cmake --build /home/group4/ros2_ws/build/leo_teleop -- -j16 -l16
[1.875s] Invoking command in '/home/group4/ros2_ws/build/leo_teleop': CMAKE_PREFIX_PATH=${CMAKE_PREFIX_PATH}:/home/group4/ros2_ws/install/teleop_leo:/home/group4/ros2_ws/install/real_leo:/home/group4/ros2_ws/install/my_leo:/home/group4/ros2_ws/install/leo_gz_worlds:/home/group4/ros2_ws/install/gz_example_robot_description:/home/group4/ros2_ws/install/bt_demos:/home/group4/ros2_ws/install/autonomous_exploration:/home/group4/interbotix_ws/install/interbotix_xs_modules:/home/group4/interbotix_ws/install/interbotix_perception_modules:/home/group4/interbotix_ws/install/interbotix_common_modules:/opt/ros/humble /usr/bin/cmake --install /home/group4/ros2_ws/build/leo_teleop
[1.894s] -- Install configuration: ""
[1.895s] -- Execute custom install script
[1.908s] -- Up-to-date symlink: /home/group4/ros2_ws/install/leo_teleop/share/leo_teleop/config/joy_config.yaml
[1.910s] -- Up-to-date symlink: /home/group4/ros2_ws/install/leo_teleop/share/leo_teleop/launch/joy_teleop.launch.xml
[1.910s] -- Up-to-date symlink: /home/group4/ros2_ws/install/leo_teleop/share/leo_teleop/launch/key_teleop.launch.xml
[1.910s] -- Up-to-date symlink: /home/group4/ros2_ws/install/leo_teleop/share/ament_index/resource_index/package_run_dependencies/leo_teleop
[1.910s] -- Up-to-date symlink: /home/group4/ros2_ws/install/leo_teleop/share/ament_index/resource_index/parent_prefix_path/leo_teleop
[1.910s] -- Up-to-date symlink: /home/group4/ros2_ws/install/leo_teleop/share/leo_teleop/environment/ament_prefix_path.sh
[1.910s] -- Up-to-date symlink: /home/group4/ros2_ws/install/leo_teleop/share/leo_teleop/environment/ament_prefix_path.dsv
[1.910s] -- Up-to-date symlink: /home/group4/ros2_ws/install/leo_teleop/share/leo_teleop/environment/path.sh
[1.910s] -- Up-to-date symlink: /home/group4/ros2_ws/install/leo_teleop/share/leo_teleop/environment/path.dsv
[1.910s] -- Up-to-date symlink: /home/group4/ros2_ws/install/leo_teleop/share/leo_teleop/local_setup.bash
[1.910s] -- Up-to-date symlink: /home/group4/ros2_ws/install/leo_teleop/share/leo_teleop/local_setup.sh
[1.910s] -- Up-to-date symlink: /home/group4/ros2_ws/install/leo_teleop/share/leo_teleop/local_setup.zsh
[1.910s] -- Up-to-date symlink: /home/group4/ros2_ws/install/leo_teleop/share/leo_teleop/local_setup.dsv
[1.910s] -- Symlinking: /home/group4/ros2_ws/install/leo_teleop/share/leo_teleop/package.dsv
[1.929s] -- Up-to-date symlink: /home/group4/ros2_ws/install/leo_teleop/share/ament_index/resource_index/packages/leo_teleop
[1.929s] -- Up-to-date symlink: /home/group4/ros2_ws/install/leo_teleop/share/leo_teleop/cmake/leo_teleopConfig.cmake
[1.929s] -- Up-to-date symlink: /home/group4/ros2_ws/install/leo_teleop/share/leo_teleop/cmake/leo_teleopConfig-version.cmake
[1.929s] -- Up-to-date symlink: /home/group4/ros2_ws/install/leo_teleop/share/leo_teleop/package.xml
[1.937s] Invoked command in '/home/group4/ros2_ws/build/leo_teleop' returned '0': CMAKE_PREFIX_PATH=${CMAKE_PREFIX_PATH}:/home/group4/ros2_ws/install/teleop_leo:/home/group4/ros2_ws/install/real_leo:/home/group4/ros2_ws/install/my_leo:/home/group4/ros2_ws/install/leo_gz_worlds:/home/group4/ros2_ws/install/gz_example_robot_description:/home/group4/ros2_ws/install/bt_demos:/home/group4/ros2_ws/install/autonomous_exploration:/home/group4/interbotix_ws/install/interbotix_xs_modules:/home/group4/interbotix_ws/install/interbotix_perception_modules:/home/group4/interbotix_ws/install/interbotix_common_modules:/opt/ros/humble /usr/bin/cmake --install /home/group4/ros2_ws/build/leo_teleop
