-- Install configuration: ""
-- Up-to-date: /home/mscrobotics2425laptop11/interbotix_ws/install/interbotix_xsarm_dual/lib/interbotix_xsarm_dual/xsarm_dual.py
-- Up-to-date: /home/mscrobotics2425laptop11/interbotix_ws/install/interbotix_xsarm_dual/share/interbotix_xsarm_dual//config
-- Up-to-date: /home/mscrobotics2425laptop11/interbotix_ws/install/interbotix_xsarm_dual/share/interbotix_xsarm_dual//config/modes_1.yaml
-- Up-to-date: /home/mscrobotics2425laptop11/interbotix_ws/install/interbotix_xsarm_dual/share/interbotix_xsarm_dual//config/modes_2.yaml
-- Up-to-date: /home/mscrobotics2425laptop11/interbotix_ws/install/interbotix_xsarm_dual/share/interbotix_xsarm_dual//launch
-- Up-to-date: /home/mscrobotics2425laptop11/interbotix_ws/install/interbotix_xsarm_dual/share/interbotix_xsarm_dual//launch/xsarm_dual.launch.py
-- Up-to-date: /home/mscrobotics2425laptop11/interbotix_ws/install/interbotix_xsarm_dual/share/interbotix_xsarm_dual//rviz
-- Up-to-date: /home/mscrobotics2425laptop11/interbotix_ws/install/interbotix_xsarm_dual/share/interbotix_xsarm_dual//rviz/xsarm_dual.rviz
-- Up-to-date: /home/mscrobotics2425laptop11/interbotix_ws/install/interbotix_xsarm_dual/share/ament_index/resource_index/package_run_dependencies/interbotix_xsarm_dual
-- Up-to-date: /home/mscrobotics2425laptop11/interbotix_ws/install/interbotix_xsarm_dual/share/ament_index/resource_index/parent_prefix_path/interbotix_xsarm_dual
-- Up-to-date: /home/mscrobotics2425laptop11/interbotix_ws/install/interbotix_xsarm_dual/share/interbotix_xsarm_dual/environment/ament_prefix_path.sh
-- Up-to-date: /home/mscrobotics2425laptop11/interbotix_ws/install/interbotix_xsarm_dual/share/interbotix_xsarm_dual/environment/ament_prefix_path.dsv
-- Up-to-date: /home/mscrobotics2425laptop11/interbotix_ws/install/interbotix_xsarm_dual/share/interbotix_xsarm_dual/environment/path.sh
-- Up-to-date: /home/mscrobotics2425laptop11/interbotix_ws/install/interbotix_xsarm_dual/share/interbotix_xsarm_dual/environment/path.dsv
-- Up-to-date: /home/mscrobotics2425laptop11/interbotix_ws/install/interbotix_xsarm_dual/share/interbotix_xsarm_dual/local_setup.bash
-- Up-to-date: /home/mscrobotics2425laptop11/interbotix_ws/install/interbotix_xsarm_dual/share/interbotix_xsarm_dual/local_setup.sh
-- Up-to-date: /home/mscrobotics2425laptop11/interbotix_ws/install/interbotix_xsarm_dual/share/interbotix_xsarm_dual/local_setup.zsh
-- Up-to-date: /home/mscrobotics2425laptop11/interbotix_ws/install/interbotix_xsarm_dual/share/interbotix_xsarm_dual/local_setup.dsv
-- Installing: /home/mscrobotics2425laptop11/interbotix_ws/install/interbotix_xsarm_dual/share/interbotix_xsarm_dual/package.dsv
-- Up-to-date: /home/mscrobotics2425laptop11/interbotix_ws/install/interbotix_xsarm_dual/share/ament_index/resource_index/packages/interbotix_xsarm_dual
-- Up-to-date: /home/mscrobotics2425laptop11/interbotix_ws/install/interbotix_xsarm_dual/share/interbotix_xsarm_dual/cmake/interbotix_xsarm_dualConfig.cmake
-- Up-to-date: /home/mscrobotics2425laptop11/interbotix_ws/install/interbotix_xsarm_dual/share/interbotix_xsarm_dual/cmake/interbotix_xsarm_dualConfig-version.cmake
-- Up-to-date: /home/mscrobotics2425laptop11/interbotix_ws/install/interbotix_xsarm_dual/share/interbotix_xsarm_dual/package.xml
