[0.730s] Invoking command in '/home/mscrobotics2425laptop5/yolox_pose_estimator': PYTHONPATH=/home/mscrobotics2425laptop5/yolox_pose_estimator/build/yolox_pose_estimator/prefix_override:/usr/lib/python3/dist-packages/colcon_core/task/python/colcon_distutils_commands:/home/mscrobotics2425laptop5/yolox_pose_estimator/install/yolox_pose_estimator/lib/python3.10/site-packages:${PYTHONPATH} /usr/bin/python3 -W ignore:setup.py install is deprecated setup.py egg_info --egg-base build/yolox_pose_estimator build --build-base /home/mscrobotics2425laptop5/yolox_pose_estimator/build/yolox_pose_estimator/build install --record /home/mscrobotics2425laptop5/yolox_pose_estimator/build/yolox_pose_estimator/install.log --single-version-externally-managed install_data
[0.988s] running egg_info
[0.989s] writing build/yolox_pose_estimator/yolox_pose_estimator.egg-info/PKG-INFO
[0.989s] writing dependency_links to build/yolox_pose_estimator/yolox_pose_estimator.egg-info/dependency_links.txt
[0.990s] writing entry points to build/yolox_pose_estimator/yolox_pose_estimator.egg-info/entry_points.txt
[0.990s] writing requirements to build/yolox_pose_estimator/yolox_pose_estimator.egg-info/requires.txt
[0.991s] writing top-level names to build/yolox_pose_estimator/yolox_pose_estimator.egg-info/top_level.txt
[0.995s] reading manifest file 'build/yolox_pose_estimator/yolox_pose_estimator.egg-info/SOURCES.txt'
[0.997s] writing manifest file 'build/yolox_pose_estimator/yolox_pose_estimator.egg-info/SOURCES.txt'
[0.997s] running build
[0.997s] running build_py
[0.998s] copying yolox_pose_estimator/estimator_node.py -> /home/mscrobotics2425laptop5/yolox_pose_estimator/build/yolox_pose_estimator/build/lib/yolox_pose_estimator
[0.999s] running install
[1.000s] running install_lib
[1.002s] copying /home/mscrobotics2425laptop5/yolox_pose_estimator/build/yolox_pose_estimator/build/lib/yolox_pose_estimator/estimator_node.py -> /home/mscrobotics2425laptop5/yolox_pose_estimator/install/yolox_pose_estimator/lib/python3.10/site-packages/yolox_pose_estimator
[1.005s] byte-compiling /home/mscrobotics2425laptop5/yolox_pose_estimator/install/yolox_pose_estimator/lib/python3.10/site-packages/yolox_pose_estimator/estimator_node.py to estimator_node.cpython-310.pyc
[1.007s] running install_data
[1.007s] running install_egg_info
[1.010s] removing '/home/mscrobotics2425laptop5/yolox_pose_estimator/install/yolox_pose_estimator/lib/python3.10/site-packages/yolox_pose_estimator-0.0.0-py3.10.egg-info' (and everything under it)
[1.011s] Copying build/yolox_pose_estimator/yolox_pose_estimator.egg-info to /home/mscrobotics2425laptop5/yolox_pose_estimator/install/yolox_pose_estimator/lib/python3.10/site-packages/yolox_pose_estimator-0.0.0-py3.10.egg-info
[1.013s] running install_scripts
[1.057s] Installing yolox_inference_node script to /home/mscrobotics2425laptop5/yolox_pose_estimator/install/yolox_pose_estimator/lib/yolox_pose_estimator
[1.057s] writing list of installed files to '/home/mscrobotics2425laptop5/yolox_pose_estimator/build/yolox_pose_estimator/install.log'
[1.085s] Invoked command in '/home/mscrobotics2425laptop5/yolox_pose_estimator' returned '0': PYTHONPATH=/home/mscrobotics2425laptop5/yolox_pose_estimator/build/yolox_pose_estimator/prefix_override:/usr/lib/python3/dist-packages/colcon_core/task/python/colcon_distutils_commands:/home/mscrobotics2425laptop5/yolox_pose_estimator/install/yolox_pose_estimator/lib/python3.10/site-packages:${PYTHONPATH} /usr/bin/python3 -W ignore:setup.py install is deprecated setup.py egg_info --egg-base build/yolox_pose_estimator build --build-base /home/mscrobotics2425laptop5/yolox_pose_estimator/build/yolox_pose_estimator/build install --record /home/mscrobotics2425laptop5/yolox_pose_estimator/build/yolox_pose_estimator/install.log --single-version-externally-managed install_data
