[0.402s] DEBUG:colcon:Command line arguments: ['/usr/bin/colcon', 'build']
[0.403s] DEBUG:colcon:Parsed command line arguments: Namespace(log_base=None, log_level=None, verb_name='build', build_base='build', install_base='install', merge_install=False, symlink_install=False, test_result_base=None, continue_on_error=False, executor='parallel', parallel_workers=12, event_handlers=None, ignore_user_meta=False, metas=['./colcon.meta'], base_paths=['.'], packages_ignore=None, packages_ignore_regex=None, paths=None, packages_up_to=None, packages_up_to_regex=None, packages_above=None, packages_above_and_dependencies=None, packages_above_depth=None, packages_select_by_dep=None, packages_skip_by_dep=None, packages_skip_up_to=None, packages_select_build_failed=False, packages_skip_build_finished=False, packages_select_test_failures=False, packages_skip_test_passed=False, packages_select=None, packages_skip=None, packages_select_regex=None, packages_skip_regex=None, packages_start=None, packages_end=None, allow_overriding=[], cmake_args=None, cmake_target=None, cmake_target_skip_unavailable=False, cmake_clean_cache=False, cmake_clean_first=False, cmake_force_configure=False, ament_cmake_args=None, catkin_cmake_args=None, catkin_skip_building_tests=False, mixin_files=None, mixin=None, verb_parser=<colcon_mixin.mixin.mixin_argument.MixinArgumentDecorator object at 0x73142f035f30>, verb_extension=<colcon_core.verb.build.BuildVerb object at 0x73142f19a5c0>, main=<bound method BuildVerb.main of <colcon_core.verb.build.BuildVerb object at 0x73142f19a5c0>>, mixin_verb=('build',))
[0.919s] Level 1:colcon.colcon_core.package_discovery:discover_packages(colcon_meta) check parameters
[0.920s] Level 1:colcon.colcon_core.package_discovery:discover_packages(recursive) check parameters
[0.920s] Level 1:colcon.colcon_core.package_discovery:discover_packages(ignore) check parameters
[0.920s] Level 1:colcon.colcon_core.package_discovery:discover_packages(path) check parameters
[0.920s] Level 1:colcon.colcon_core.package_discovery:discover_packages(colcon_meta) discover
[0.920s] Level 1:colcon.colcon_core.package_discovery:discover_packages(recursive) discover
[0.920s] INFO:colcon.colcon_core.package_discovery:Crawling recursively for packages in '/home/mscrobotics2425laptop5/bin_detector'
[0.920s] Level 1:colcon.colcon_core.package_identification:_identify(.) by extensions ['ignore', 'ignore_ament_install']
[0.921s] Level 1:colcon.colcon_core.package_identification:_identify(.) by extension 'ignore'
[0.921s] Level 1:colcon.colcon_core.package_identification:_identify(.) by extension 'ignore_ament_install'
[0.921s] Level 1:colcon.colcon_core.package_identification:_identify(.) by extensions ['colcon_pkg']
[0.921s] Level 1:colcon.colcon_core.package_identification:_identify(.) by extension 'colcon_pkg'
[0.921s] Level 1:colcon.colcon_core.package_identification:_identify(.) by extensions ['colcon_meta']
[0.921s] Level 1:colcon.colcon_core.package_identification:_identify(.) by extension 'colcon_meta'
[0.922s] Level 1:colcon.colcon_core.package_identification:_identify(.) by extensions ['ros']
[0.922s] Level 1:colcon.colcon_core.package_identification:_identify(.) by extension 'ros'
[0.962s] DEBUG:colcon.colcon_core.package_identification:Package '.' with type 'ros.ament_python' and name 'bin_detector'
[0.962s] Level 1:colcon.colcon_core.package_discovery:discover_packages(recursive) using defaults
[0.962s] Level 1:colcon.colcon_core.package_discovery:discover_packages(ignore) discover
[0.962s] Level 1:colcon.colcon_core.package_discovery:discover_packages(ignore) using defaults
[0.962s] Level 1:colcon.colcon_core.package_discovery:discover_packages(path) discover
[0.963s] Level 1:colcon.colcon_core.package_discovery:discover_packages(path) using defaults
[1.048s] Level 1:colcon.colcon_core.package_discovery:discover_packages(prefix_path) check parameters
[1.048s] Level 1:colcon.colcon_core.package_discovery:discover_packages(prefix_path) discover
[1.051s] DEBUG:colcon.colcon_installed_package_information.package_discovery:Found 1 installed packages in /home/mscrobotics2425laptop5/bin_detector/install
[1.052s] DEBUG:colcon.colcon_installed_package_information.package_discovery:Found 1 installed packages in /home/mscrobotics2425laptop5/ros2_Leo/src/ros2_realsense/install
[1.052s] DEBUG:colcon.colcon_installed_package_information.package_discovery:Found 4 installed packages in /home/mscrobotics2425laptop5/ros2_Leo/install
[1.054s] DEBUG:colcon.colcon_installed_package_information.package_discovery:Found 21 installed packages in /home/mscrobotics2425laptop5/ros2_tutorial_workspace/install
[1.057s] DEBUG:colcon.colcon_installed_package_information.package_discovery:Found 345 installed packages in /opt/ros/humble
[1.060s] Level 1:colcon.colcon_core.package_discovery:discover_packages(prefix_path) using defaults
[1.143s] Level 5:colcon.colcon_core.verb:set package 'bin_detector' build argument 'cmake_args' from command line to 'None'
[1.143s] Level 5:colcon.colcon_core.verb:set package 'bin_detector' build argument 'cmake_target' from command line to 'None'
[1.143s] Level 5:colcon.colcon_core.verb:set package 'bin_detector' build argument 'cmake_target_skip_unavailable' from command line to 'False'
[1.143s] Level 5:colcon.colcon_core.verb:set package 'bin_detector' build argument 'cmake_clean_cache' from command line to 'False'
[1.143s] Level 5:colcon.colcon_core.verb:set package 'bin_detector' build argument 'cmake_clean_first' from command line to 'False'
[1.143s] Level 5:colcon.colcon_core.verb:set package 'bin_detector' build argument 'cmake_force_configure' from command line to 'False'
[1.143s] Level 5:colcon.colcon_core.verb:set package 'bin_detector' build argument 'ament_cmake_args' from command line to 'None'
[1.143s] Level 5:colcon.colcon_core.verb:set package 'bin_detector' build argument 'catkin_cmake_args' from command line to 'None'
[1.143s] Level 5:colcon.colcon_core.verb:set package 'bin_detector' build argument 'catkin_skip_building_tests' from command line to 'False'
[1.143s] DEBUG:colcon.colcon_core.verb:Building package 'bin_detector' with the following arguments: {'ament_cmake_args': None, 'build_base': '/home/mscrobotics2425laptop5/bin_detector/build/bin_detector', 'catkin_cmake_args': None, 'catkin_skip_building_tests': False, 'cmake_args': None, 'cmake_clean_cache': False, 'cmake_clean_first': False, 'cmake_force_configure': False, 'cmake_target': None, 'cmake_target_skip_unavailable': False, 'install_base': '/home/mscrobotics2425laptop5/bin_detector/install/bin_detector', 'merge_install': False, 'path': '/home/mscrobotics2425laptop5/bin_detector', 'symlink_install': False, 'test_result_base': None}
[1.143s] INFO:colcon.colcon_core.executor:Executing jobs using 'parallel' executor
[1.145s] DEBUG:colcon.colcon_parallel_executor.executor.parallel:run_until_complete
[1.145s] INFO:colcon.colcon_ros.task.ament_python.build:Building ROS package in '/home/mscrobotics2425laptop5/bin_detector' with build type 'ament_python'
[1.145s] Level 1:colcon.colcon_core.shell:create_environment_hook('bin_detector', 'ament_prefix_path')
[1.149s] INFO:colcon.colcon_core.plugin_system:Skipping extension 'colcon_core.shell.bat': Not used on non-Windows systems
[1.150s] INFO:colcon.colcon_core.shell:Creating environment hook '/home/mscrobotics2425laptop5/bin_detector/install/bin_detector/share/bin_detector/hook/ament_prefix_path.ps1'
[1.151s] INFO:colcon.colcon_core.shell:Creating environment descriptor '/home/mscrobotics2425laptop5/bin_detector/install/bin_detector/share/bin_detector/hook/ament_prefix_path.dsv'
[1.152s] INFO:colcon.colcon_core.shell:Creating environment hook '/home/mscrobotics2425laptop5/bin_detector/install/bin_detector/share/bin_detector/hook/ament_prefix_path.sh'
[1.154s] INFO:colcon.colcon_core.shell:Skip shell extension 'powershell' for command environment: Not usable outside of PowerShell
[1.154s] DEBUG:colcon.colcon_core.shell:Skip shell extension 'dsv' for command environment
[1.826s] INFO:colcon.colcon_core.task.python.build:Building Python package in '/home/mscrobotics2425laptop5/bin_detector'
[1.827s] INFO:colcon.colcon_core.shell:Skip shell extension 'powershell' for command environment: Not usable outside of PowerShell
[1.827s] DEBUG:colcon.colcon_core.shell:Skip shell extension 'dsv' for command environment
[2.838s] DEBUG:colcon.colcon_core.event_handler.log_command:Invoking command in '/home/mscrobotics2425laptop5/bin_detector': PYTHONPATH=/home/mscrobotics2425laptop5/bin_detector/build/bin_detector/prefix_override:/usr/lib/python3/dist-packages/colcon_core/task/python/colcon_distutils_commands:/home/mscrobotics2425laptop5/bin_detector/install/bin_detector/lib/python3.10/site-packages:${PYTHONPATH} /usr/bin/python3 -W ignore:setup.py install is deprecated setup.py egg_info --egg-base build/bin_detector build --build-base /home/mscrobotics2425laptop5/bin_detector/build/bin_detector/build install --record /home/mscrobotics2425laptop5/bin_detector/build/bin_detector/install.log --single-version-externally-managed install_data
[3.872s] DEBUG:colcon.colcon_core.event_handler.log_command:Invoked command in '/home/mscrobotics2425laptop5/bin_detector' returned '0': PYTHONPATH=/home/mscrobotics2425laptop5/bin_detector/build/bin_detector/prefix_override:/usr/lib/python3/dist-packages/colcon_core/task/python/colcon_distutils_commands:/home/mscrobotics2425laptop5/bin_detector/install/bin_detector/lib/python3.10/site-packages:${PYTHONPATH} /usr/bin/python3 -W ignore:setup.py install is deprecated setup.py egg_info --egg-base build/bin_detector build --build-base /home/mscrobotics2425laptop5/bin_detector/build/bin_detector/build install --record /home/mscrobotics2425laptop5/bin_detector/build/bin_detector/install.log --single-version-externally-managed install_data
[3.874s] Level 1:colcon.colcon_core.environment:checking '/home/mscrobotics2425laptop5/bin_detector/install/bin_detector' for CMake module files
[3.875s] Level 1:colcon.colcon_core.environment:checking '/home/mscrobotics2425laptop5/bin_detector/install/bin_detector' for CMake config files
[3.876s] Level 1:colcon.colcon_core.environment:checking '/home/mscrobotics2425laptop5/bin_detector/install/bin_detector/lib'
[3.877s] Level 1:colcon.colcon_core.environment:checking '/home/mscrobotics2425laptop5/bin_detector/install/bin_detector/bin'
[3.877s] Level 1:colcon.colcon_core.environment:checking '/home/mscrobotics2425laptop5/bin_detector/install/bin_detector/lib/pkgconfig/bin_detector.pc'
[3.878s] Level 1:colcon.colcon_core.environment:checking '/home/mscrobotics2425laptop5/bin_detector/install/bin_detector/lib/python3.10/site-packages'
[3.878s] Level 1:colcon.colcon_core.shell:create_environment_hook('bin_detector', 'pythonpath')
[3.878s] INFO:colcon.colcon_core.shell:Creating environment hook '/home/mscrobotics2425laptop5/bin_detector/install/bin_detector/share/bin_detector/hook/pythonpath.ps1'
[3.880s] INFO:colcon.colcon_core.shell:Creating environment descriptor '/home/mscrobotics2425laptop5/bin_detector/install/bin_detector/share/bin_detector/hook/pythonpath.dsv'
[3.881s] INFO:colcon.colcon_core.shell:Creating environment hook '/home/mscrobotics2425laptop5/bin_detector/install/bin_detector/share/bin_detector/hook/pythonpath.sh'
[3.883s] Level 1:colcon.colcon_core.environment:checking '/home/mscrobotics2425laptop5/bin_detector/install/bin_detector/bin'
[3.884s] Level 1:colcon.colcon_core.environment:create_environment_scripts_only(bin_detector)
[3.885s] INFO:colcon.colcon_core.shell:Creating package script '/home/mscrobotics2425laptop5/bin_detector/install/bin_detector/share/bin_detector/package.ps1'
[3.887s] INFO:colcon.colcon_core.shell:Creating package descriptor '/home/mscrobotics2425laptop5/bin_detector/install/bin_detector/share/bin_detector/package.dsv'
[3.889s] INFO:colcon.colcon_core.shell:Creating package script '/home/mscrobotics2425laptop5/bin_detector/install/bin_detector/share/bin_detector/package.sh'
[3.892s] INFO:colcon.colcon_core.shell:Creating package script '/home/mscrobotics2425laptop5/bin_detector/install/bin_detector/share/bin_detector/package.bash'
[3.895s] INFO:colcon.colcon_core.shell:Creating package script '/home/mscrobotics2425laptop5/bin_detector/install/bin_detector/share/bin_detector/package.zsh'
[3.897s] Level 1:colcon.colcon_core.environment:create_file_with_runtime_dependencies(/home/mscrobotics2425laptop5/bin_detector/install/bin_detector/share/colcon-core/packages/bin_detector)
[3.898s] DEBUG:colcon.colcon_parallel_executor.executor.parallel:closing loop
[3.899s] DEBUG:colcon.colcon_parallel_executor.executor.parallel:loop closed
[3.900s] DEBUG:colcon.colcon_parallel_executor.executor.parallel:run_until_complete finished with '0'
[3.900s] DEBUG:colcon.colcon_core.event_reactor:joining thread
[3.919s] INFO:colcon.colcon_core.plugin_system:Skipping extension 'colcon_notification.desktop_notification.terminal_notifier': Not used on non-Darwin systems
[3.919s] INFO:colcon.colcon_core.plugin_system:Skipping extension 'colcon_notification.desktop_notification.win32': Not used on non-Windows systems
[3.919s] INFO:colcon.colcon_notification.desktop_notification:Sending desktop notification using 'notify2'
[3.941s] DEBUG:colcon.colcon_core.event_reactor:joined thread
[3.941s] INFO:colcon.colcon_core.shell:Creating prefix script '/home/mscrobotics2425laptop5/bin_detector/install/local_setup.ps1'
[3.942s] INFO:colcon.colcon_core.shell:Creating prefix util module '/home/mscrobotics2425laptop5/bin_detector/install/_local_setup_util_ps1.py'
[3.945s] INFO:colcon.colcon_core.shell:Creating prefix chain script '/home/mscrobotics2425laptop5/bin_detector/install/setup.ps1'
[3.948s] INFO:colcon.colcon_core.shell:Creating prefix script '/home/mscrobotics2425laptop5/bin_detector/install/local_setup.sh'
[3.952s] INFO:colcon.colcon_core.shell:Creating prefix util module '/home/mscrobotics2425laptop5/bin_detector/install/_local_setup_util_sh.py'
[3.954s] INFO:colcon.colcon_core.shell:Creating prefix chain script '/home/mscrobotics2425laptop5/bin_detector/install/setup.sh'
[3.963s] INFO:colcon.colcon_core.shell:Creating prefix script '/home/mscrobotics2425laptop5/bin_detector/install/local_setup.bash'
[3.965s] INFO:colcon.colcon_core.shell:Creating prefix chain script '/home/mscrobotics2425laptop5/bin_detector/install/setup.bash'
[3.973s] INFO:colcon.colcon_core.shell:Creating prefix script '/home/mscrobotics2425laptop5/bin_detector/install/local_setup.zsh'
[3.975s] INFO:colcon.colcon_core.shell:Creating prefix chain script '/home/mscrobotics2425laptop5/bin_detector/install/setup.zsh'
