[0.020s] Invoking command in '/home/mscrobotics2425laptop11/interbotix_ws/build/interbotix_common_toolbox': AMENT_PREFIX_PATH=/home/mscrobotics2425laptop11/interbotix_ws/install/interbotix_gravity_compensation:/home/mscrobotics2425laptop11/interbotix_ws/install/interbotix_xs_msgs:/home/mscrobotics2425laptop11/interbotix_ws/install/interbotix_common_sim:/home/mscrobotics2425laptop11/interbotix_ws/install/interbotix_common_modules:${AMENT_PREFIX_PATH} CMAKE_PREFIX_PATH=/home/mscrobotics2425laptop11/interbotix_ws/install/interbotix_gravity_compensation:/home/mscrobotics2425laptop11/interbotix_ws/install/interbotix_xs_msgs:/home/mscrobotics2425laptop11/interbotix_ws/install/interbotix_common_sim:/home/mscrobotics2425laptop11/apriltag_ws/install/apriltag_ros:/opt/ros/humble LD_LIBRARY_PATH=/home/mscrobotics2425laptop11/interbotix_ws/install/interbotix_xs_msgs/lib:${LD_LIBRARY_PATH} PYTHONPATH=/home/mscrobotics2425laptop11/interbotix_ws/install/interbotix_xs_msgs/local/lib/python3.10/dist-packages:/home/mscrobotics2425laptop11/interbotix_ws/install/interbotix_common_modules/lib/python3.10/site-packages:${PYTHONPATH} /usr/bin/cmake /home/mscrobotics2425laptop11/interbotix_ws/src/interbotix_ros_toolboxes/interbotix_common_toolbox/interbotix_common_toolbox -DCMAKE_INSTALL_PREFIX=/home/mscrobotics2425laptop11/interbotix_ws/install/interbotix_common_toolbox
[0.149s] -- The C compiler identification is GNU 11.4.0
[0.246s] -- The CXX compiler identification is GNU 11.4.0
[0.259s] -- Detecting C compiler ABI info
[0.379s] -- Detecting C compiler ABI info - done
[0.396s] -- Check for working C compiler: /usr/bin/cc - skipped
[0.396s] -- Detecting C compile features
[0.397s] -- Detecting C compile features - done
[0.405s] -- Detecting CXX compiler ABI info
[0.537s] -- Detecting CXX compiler ABI info - done
[0.548s] -- Check for working CXX compiler: /usr/bin/c++ - skipped
[0.548s] -- Detecting CXX compile features
[0.549s] -- Detecting CXX compile features - done
[0.554s] -- Found ament_cmake: 1.3.11 (/opt/ros/humble/share/ament_cmake/cmake)
[0.768s] -- Found Python3: /usr/bin/python3 (found version "3.10.12") found components: Interpreter 
[0.900s] -- Found ament_lint_auto: 0.12.11 (/opt/ros/humble/share/ament_lint_auto/cmake)
[1.058s] -- Added test 'copyright' to check source files copyright and LICENSE
[1.060s] -- Added test 'lint_cmake' to check CMake code style
[1.062s] -- Added test 'xmllint' to check XML markup files
[1.066s] -- Configuring done
[1.076s] -- Generating done
[1.084s] -- Build files have been written to: /home/mscrobotics2425laptop11/interbotix_ws/build/interbotix_common_toolbox
[1.096s] Invoked command in '/home/mscrobotics2425laptop11/interbotix_ws/build/interbotix_common_toolbox' returned '0': AMENT_PREFIX_PATH=/home/mscrobotics2425laptop11/interbotix_ws/install/interbotix_gravity_compensation:/home/mscrobotics2425laptop11/interbotix_ws/install/interbotix_xs_msgs:/home/mscrobotics2425laptop11/interbotix_ws/install/interbotix_common_sim:/home/mscrobotics2425laptop11/interbotix_ws/install/interbotix_common_modules:${AMENT_PREFIX_PATH} CMAKE_PREFIX_PATH=/home/mscrobotics2425laptop11/interbotix_ws/install/interbotix_gravity_compensation:/home/mscrobotics2425laptop11/interbotix_ws/install/interbotix_xs_msgs:/home/mscrobotics2425laptop11/interbotix_ws/install/interbotix_common_sim:/home/mscrobotics2425laptop11/apriltag_ws/install/apriltag_ros:/opt/ros/humble LD_LIBRARY_PATH=/home/mscrobotics2425laptop11/interbotix_ws/install/interbotix_xs_msgs/lib:${LD_LIBRARY_PATH} PYTHONPATH=/home/mscrobotics2425laptop11/interbotix_ws/install/interbotix_xs_msgs/local/lib/python3.10/dist-packages:/home/mscrobotics2425laptop11/interbotix_ws/install/interbotix_common_modules/lib/python3.10/site-packages:${PYTHONPATH} /usr/bin/cmake /home/mscrobotics2425laptop11/interbotix_ws/src/interbotix_ros_toolboxes/interbotix_common_toolbox/interbotix_common_toolbox -DCMAKE_INSTALL_PREFIX=/home/mscrobotics2425laptop11/interbotix_ws/install/interbotix_common_toolbox
[1.098s] Invoking command in '/home/mscrobotics2425laptop11/interbotix_ws/build/interbotix_common_toolbox': AMENT_PREFIX_PATH=/home/mscrobotics2425laptop11/interbotix_ws/install/interbotix_gravity_compensation:/home/mscrobotics2425laptop11/interbotix_ws/install/interbotix_xs_msgs:/home/mscrobotics2425laptop11/interbotix_ws/install/interbotix_common_sim:/home/mscrobotics2425laptop11/interbotix_ws/install/interbotix_common_modules:${AMENT_PREFIX_PATH} CMAKE_PREFIX_PATH=/home/mscrobotics2425laptop11/interbotix_ws/install/interbotix_gravity_compensation:/home/mscrobotics2425laptop11/interbotix_ws/install/interbotix_xs_msgs:/home/mscrobotics2425laptop11/interbotix_ws/install/interbotix_common_sim:/home/mscrobotics2425laptop11/apriltag_ws/install/apriltag_ros:/opt/ros/humble LD_LIBRARY_PATH=/home/mscrobotics2425laptop11/interbotix_ws/install/interbotix_xs_msgs/lib:${LD_LIBRARY_PATH} PYTHONPATH=/home/mscrobotics2425laptop11/interbotix_ws/install/interbotix_xs_msgs/local/lib/python3.10/dist-packages:/home/mscrobotics2425laptop11/interbotix_ws/install/interbotix_common_modules/lib/python3.10/site-packages:${PYTHONPATH} /usr/bin/cmake --build /home/mscrobotics2425laptop11/interbotix_ws/build/interbotix_common_toolbox -- -j12 -l12
[1.157s] Invoked command in '/home/mscrobotics2425laptop11/interbotix_ws/build/interbotix_common_toolbox' returned '0': AMENT_PREFIX_PATH=/home/mscrobotics2425laptop11/interbotix_ws/install/interbotix_gravity_compensation:/home/mscrobotics2425laptop11/interbotix_ws/install/interbotix_xs_msgs:/home/mscrobotics2425laptop11/interbotix_ws/install/interbotix_common_sim:/home/mscrobotics2425laptop11/interbotix_ws/install/interbotix_common_modules:${AMENT_PREFIX_PATH} CMAKE_PREFIX_PATH=/home/mscrobotics2425laptop11/interbotix_ws/install/interbotix_gravity_compensation:/home/mscrobotics2425laptop11/interbotix_ws/install/interbotix_xs_msgs:/home/mscrobotics2425laptop11/interbotix_ws/install/interbotix_common_sim:/home/mscrobotics2425laptop11/apriltag_ws/install/apriltag_ros:/opt/ros/humble LD_LIBRARY_PATH=/home/mscrobotics2425laptop11/interbotix_ws/install/interbotix_xs_msgs/lib:${LD_LIBRARY_PATH} PYTHONPATH=/home/mscrobotics2425laptop11/interbotix_ws/install/interbotix_xs_msgs/local/lib/python3.10/dist-packages:/home/mscrobotics2425laptop11/interbotix_ws/install/interbotix_common_modules/lib/python3.10/site-packages:${PYTHONPATH} /usr/bin/cmake --build /home/mscrobotics2425laptop11/interbotix_ws/build/interbotix_common_toolbox -- -j12 -l12
[1.160s] Invoking command in '/home/mscrobotics2425laptop11/interbotix_ws/build/interbotix_common_toolbox': AMENT_PREFIX_PATH=/home/mscrobotics2425laptop11/interbotix_ws/install/interbotix_gravity_compensation:/home/mscrobotics2425laptop11/interbotix_ws/install/interbotix_xs_msgs:/home/mscrobotics2425laptop11/interbotix_ws/install/interbotix_common_sim:/home/mscrobotics2425laptop11/interbotix_ws/install/interbotix_common_modules:${AMENT_PREFIX_PATH} CMAKE_PREFIX_PATH=/home/mscrobotics2425laptop11/interbotix_ws/install/interbotix_gravity_compensation:/home/mscrobotics2425laptop11/interbotix_ws/install/interbotix_xs_msgs:/home/mscrobotics2425laptop11/interbotix_ws/install/interbotix_common_sim:/home/mscrobotics2425laptop11/apriltag_ws/install/apriltag_ros:/opt/ros/humble LD_LIBRARY_PATH=/home/mscrobotics2425laptop11/interbotix_ws/install/interbotix_xs_msgs/lib:${LD_LIBRARY_PATH} PYTHONPATH=/home/mscrobotics2425laptop11/interbotix_ws/install/interbotix_xs_msgs/local/lib/python3.10/dist-packages:/home/mscrobotics2425laptop11/interbotix_ws/install/interbotix_common_modules/lib/python3.10/site-packages:${PYTHONPATH} /usr/bin/cmake --install /home/mscrobotics2425laptop11/interbotix_ws/build/interbotix_common_toolbox
[1.169s] -- Install configuration: ""
[1.169s] -- Installing: /home/mscrobotics2425laptop11/interbotix_ws/install/interbotix_common_toolbox/share/ament_index/resource_index/package_run_dependencies/interbotix_common_toolbox
[1.170s] -- Installing: /home/mscrobotics2425laptop11/interbotix_ws/install/interbotix_common_toolbox/share/ament_index/resource_index/parent_prefix_path/interbotix_common_toolbox
[1.170s] -- Installing: /home/mscrobotics2425laptop11/interbotix_ws/install/interbotix_common_toolbox/share/interbotix_common_toolbox/environment/ament_prefix_path.sh
[1.171s] -- Installing: /home/mscrobotics2425laptop11/interbotix_ws/install/interbotix_common_toolbox/share/interbotix_common_toolbox/environment/ament_prefix_path.dsv
[1.171s] -- Installing: /home/mscrobotics2425laptop11/interbotix_ws/install/interbotix_common_toolbox/share/interbotix_common_toolbox/environment/path.sh
[1.171s] -- Installing: /home/mscrobotics2425laptop11/interbotix_ws/install/interbotix_common_toolbox/share/interbotix_common_toolbox/environment/path.dsv
[1.171s] -- Installing: /home/mscrobotics2425laptop11/interbotix_ws/install/interbotix_common_toolbox/share/interbotix_common_toolbox/local_setup.bash
[1.172s] -- Installing: /home/mscrobotics2425laptop11/interbotix_ws/install/interbotix_common_toolbox/share/interbotix_common_toolbox/local_setup.sh
[1.172s] -- Installing: /home/mscrobotics2425laptop11/interbotix_ws/install/interbotix_common_toolbox/share/interbotix_common_toolbox/local_setup.zsh
[1.173s] -- Installing: /home/mscrobotics2425laptop11/interbotix_ws/install/interbotix_common_toolbox/share/interbotix_common_toolbox/local_setup.dsv
[1.173s] -- Installing: /home/mscrobotics2425laptop11/interbotix_ws/install/interbotix_common_toolbox/share/interbotix_common_toolbox/package.dsv
[1.173s] -- Installing: /home/mscrobotics2425laptop11/interbotix_ws/install/interbotix_common_toolbox/share/ament_index/resource_index/packages/interbotix_common_toolbox
[1.173s] -- Installing: /home/mscrobotics2425laptop11/interbotix_ws/install/interbotix_common_toolbox/share/interbotix_common_toolbox/cmake/interbotix_common_toolboxConfig.cmake
[1.173s] -- Installing: /home/mscrobotics2425laptop11/interbotix_ws/install/interbotix_common_toolbox/share/interbotix_common_toolbox/cmake/interbotix_common_toolboxConfig-version.cmake
[1.173s] -- Installing: /home/mscrobotics2425laptop11/interbotix_ws/install/interbotix_common_toolbox/share/interbotix_common_toolbox/package.xml
[1.178s] Invoked command in '/home/mscrobotics2425laptop11/interbotix_ws/build/interbotix_common_toolbox' returned '0': AMENT_PREFIX_PATH=/home/mscrobotics2425laptop11/interbotix_ws/install/interbotix_gravity_compensation:/home/mscrobotics2425laptop11/interbotix_ws/install/interbotix_xs_msgs:/home/mscrobotics2425laptop11/interbotix_ws/install/interbotix_common_sim:/home/mscrobotics2425laptop11/interbotix_ws/install/interbotix_common_modules:${AMENT_PREFIX_PATH} CMAKE_PREFIX_PATH=/home/mscrobotics2425laptop11/interbotix_ws/install/interbotix_gravity_compensation:/home/mscrobotics2425laptop11/interbotix_ws/install/interbotix_xs_msgs:/home/mscrobotics2425laptop11/interbotix_ws/install/interbotix_common_sim:/home/mscrobotics2425laptop11/apriltag_ws/install/apriltag_ros:/opt/ros/humble LD_LIBRARY_PATH=/home/mscrobotics2425laptop11/interbotix_ws/install/interbotix_xs_msgs/lib:${LD_LIBRARY_PATH} PYTHONPATH=/home/mscrobotics2425laptop11/interbotix_ws/install/interbotix_xs_msgs/local/lib/python3.10/dist-packages:/home/mscrobotics2425laptop11/interbotix_ws/install/interbotix_common_modules/lib/python3.10/site-packages:${PYTHONPATH} /usr/bin/cmake --install /home/mscrobotics2425laptop11/interbotix_ws/build/interbotix_common_toolbox
